[2024-05-14T05:32:45.181+0000] {local_task_job_runner.py:120} INFO - ::group::Pre task execution logs
[2024-05-14T05:32:45.325+0000] {taskinstance.py:2076} INFO - Dependencies all met for dep_context=non-requeueable deps ti=<TaskInstance: tugas_workflow_v1.task_1 scheduled__2024-02-22T00:00:00+00:00 [queued]>
[2024-05-14T05:32:45.363+0000] {taskinstance.py:2076} INFO - Dependencies all met for dep_context=requeueable deps ti=<TaskInstance: tugas_workflow_v1.task_1 scheduled__2024-02-22T00:00:00+00:00 [queued]>
[2024-05-14T05:32:45.371+0000] {taskinstance.py:2306} INFO - Starting attempt 1 of 6
[2024-05-14T05:32:45.462+0000] {taskinstance.py:2330} INFO - Executing <Task(BashOperator): task_1> on 2024-02-22 00:00:00+00:00
[2024-05-14T05:32:45.490+0000] {warnings.py:110} WARNING - /home/***/.local/lib/python3.12/site-packages/***/task/task_runner/standard_task_runner.py:61: DeprecationWarning: This process (pid=5112) is multi-threaded, use of fork() may lead to deadlocks in the child.
  pid = os.fork()

[2024-05-14T05:32:45.501+0000] {standard_task_runner.py:63} INFO - Started process 5160 to run task
[2024-05-14T05:32:45.502+0000] {standard_task_runner.py:90} INFO - Running: ['***', 'tasks', 'run', 'tugas_workflow_v1', 'task_1', 'scheduled__2024-02-22T00:00:00+00:00', '--job-id', '1017', '--raw', '--subdir', 'DAGS_FOLDER/__pycache__/prioritas_1.py', '--cfg-path', '/tmp/tmps4elmauy']
[2024-05-14T05:32:45.522+0000] {standard_task_runner.py:91} INFO - Job 1017: Subtask task_1
[2024-05-14T05:32:45.792+0000] {task_command.py:426} INFO - Running <TaskInstance: tugas_workflow_v1.task_1 scheduled__2024-02-22T00:00:00+00:00 [running]> on host 0391a550332e
[2024-05-14T05:32:46.186+0000] {taskinstance.py:2648} INFO - Exporting env vars: AIRFLOW_CTX_DAG_OWNER='sinta' AIRFLOW_CTX_DAG_ID='tugas_workflow_v1' AIRFLOW_CTX_TASK_ID='task_1' AIRFLOW_CTX_EXECUTION_DATE='2024-02-22T00:00:00+00:00' AIRFLOW_CTX_TRY_NUMBER='1' AIRFLOW_CTX_DAG_RUN_ID='scheduled__2024-02-22T00:00:00+00:00'
[2024-05-14T05:32:46.189+0000] {taskinstance.py:430} INFO - ::endgroup::
[2024-05-14T05:32:46.191+0000] {subprocess.py:63} INFO - Tmp dir root location: /tmp
[2024-05-14T05:32:46.192+0000] {subprocess.py:75} INFO - Running command: ['/usr/bin/bash', '-c', 'echo hello ***']
[2024-05-14T05:32:46.269+0000] {subprocess.py:86} INFO - Output:
[2024-05-14T05:32:46.271+0000] {subprocess.py:93} INFO - hello ***
[2024-05-14T05:32:46.272+0000] {subprocess.py:97} INFO - Command exited with return code 0
[2024-05-14T05:32:46.273+0000] {taskinstance.py:441} INFO - ::group::Post task execution logs
[2024-05-14T05:32:46.346+0000] {taskinstance.py:1206} INFO - Marking task as SUCCESS. dag_id=tugas_workflow_v1, task_id=task_1, run_id=scheduled__2024-02-22T00:00:00+00:00, execution_date=20240222T000000, start_date=20240514T053245, end_date=20240514T053246
[2024-05-14T05:32:46.433+0000] {local_task_job_runner.py:240} INFO - Task exited with return code 0
[2024-05-14T05:32:46.489+0000] {local_task_job_runner.py:222} INFO - ::endgroup::
