[2024-05-14T05:31:04.591+0000] {local_task_job_runner.py:120} INFO - ::group::Pre task execution logs
[2024-05-14T05:31:04.751+0000] {taskinstance.py:2076} INFO - Dependencies all met for dep_context=non-requeueable deps ti=<TaskInstance: tugas_workflow_v1.task_5 scheduled__2024-01-13T00:00:00+00:00 [queued]>
[2024-05-14T05:31:04.836+0000] {taskinstance.py:2076} INFO - Dependencies all met for dep_context=requeueable deps ti=<TaskInstance: tugas_workflow_v1.task_5 scheduled__2024-01-13T00:00:00+00:00 [queued]>
[2024-05-14T05:31:04.908+0000] {taskinstance.py:2306} INFO - Starting attempt 1 of 6
[2024-05-14T05:31:05.030+0000] {taskinstance.py:2330} INFO - Executing <Task(BashOperator): task_5> on 2024-01-13 00:00:00+00:00
[2024-05-14T05:31:05.058+0000] {warnings.py:110} WARNING - /home/***/.local/lib/python3.12/site-packages/***/task/task_runner/standard_task_runner.py:61: DeprecationWarning: This process (pid=4427) is multi-threaded, use of fork() may lead to deadlocks in the child.
  pid = os.fork()

[2024-05-14T05:31:05.070+0000] {standard_task_runner.py:63} INFO - Started process 4507 to run task
[2024-05-14T05:31:05.068+0000] {standard_task_runner.py:90} INFO - Running: ['***', 'tasks', 'run', 'tugas_workflow_v1', 'task_5', 'scheduled__2024-01-13T00:00:00+00:00', '--job-id', '872', '--raw', '--subdir', 'DAGS_FOLDER/__pycache__/prioritas_1.py', '--cfg-path', '/tmp/tmp_mr2uyh1']
[2024-05-14T05:31:05.078+0000] {standard_task_runner.py:91} INFO - Job 872: Subtask task_5
[2024-05-14T05:31:05.280+0000] {task_command.py:426} INFO - Running <TaskInstance: tugas_workflow_v1.task_5 scheduled__2024-01-13T00:00:00+00:00 [running]> on host 0391a550332e
[2024-05-14T05:31:05.906+0000] {taskinstance.py:2648} INFO - Exporting env vars: AIRFLOW_CTX_DAG_OWNER='sinta' AIRFLOW_CTX_DAG_ID='tugas_workflow_v1' AIRFLOW_CTX_TASK_ID='task_5' AIRFLOW_CTX_EXECUTION_DATE='2024-01-13T00:00:00+00:00' AIRFLOW_CTX_TRY_NUMBER='1' AIRFLOW_CTX_DAG_RUN_ID='scheduled__2024-01-13T00:00:00+00:00'
[2024-05-14T05:31:05.922+0000] {taskinstance.py:430} INFO - ::endgroup::
[2024-05-14T05:31:05.930+0000] {subprocess.py:63} INFO - Tmp dir root location: /tmp
[2024-05-14T05:31:05.936+0000] {subprocess.py:75} INFO - Running command: ['/usr/bin/bash', '-c', 'mkdir -p our_works && touch our_works/works.txt']
[2024-05-14T05:31:05.991+0000] {subprocess.py:86} INFO - Output:
[2024-05-14T05:31:06.008+0000] {subprocess.py:97} INFO - Command exited with return code 0
[2024-05-14T05:31:06.010+0000] {taskinstance.py:441} INFO - ::group::Post task execution logs
[2024-05-14T05:31:06.095+0000] {taskinstance.py:1206} INFO - Marking task as SUCCESS. dag_id=tugas_workflow_v1, task_id=task_5, run_id=scheduled__2024-01-13T00:00:00+00:00, execution_date=20240113T000000, start_date=20240514T053104, end_date=20240514T053106
[2024-05-14T05:31:06.195+0000] {local_task_job_runner.py:240} INFO - Task exited with return code 0
[2024-05-14T05:31:06.233+0000] {local_task_job_runner.py:222} INFO - ::endgroup::
