[2024-05-14T05:33:41.520+0000] {local_task_job_runner.py:120} INFO - ::group::Pre task execution logs
[2024-05-14T05:33:41.564+0000] {taskinstance.py:2076} INFO - Dependencies all met for dep_context=non-requeueable deps ti=<TaskInstance: tugas_workflow_v1.task_1 scheduled__2024-03-09T00:00:00+00:00 [queued]>
[2024-05-14T05:33:41.606+0000] {taskinstance.py:2076} INFO - Dependencies all met for dep_context=requeueable deps ti=<TaskInstance: tugas_workflow_v1.task_1 scheduled__2024-03-09T00:00:00+00:00 [queued]>
[2024-05-14T05:33:41.607+0000] {taskinstance.py:2306} INFO - Starting attempt 1 of 6
[2024-05-14T05:33:41.647+0000] {taskinstance.py:2330} INFO - Executing <Task(BashOperator): task_1> on 2024-03-09 00:00:00+00:00
[2024-05-14T05:33:41.671+0000] {warnings.py:110} WARNING - /home/***/.local/lib/python3.12/site-packages/***/task/task_runner/standard_task_runner.py:61: DeprecationWarning: This process (pid=5527) is multi-threaded, use of fork() may lead to deadlocks in the child.
  pid = os.fork()

[2024-05-14T05:33:41.679+0000] {standard_task_runner.py:63} INFO - Started process 5573 to run task
[2024-05-14T05:33:41.674+0000] {standard_task_runner.py:90} INFO - Running: ['***', 'tasks', 'run', 'tugas_workflow_v1', 'task_1', 'scheduled__2024-03-09T00:00:00+00:00', '--job-id', '1114', '--raw', '--subdir', 'DAGS_FOLDER/__pycache__/prioritas_1.py', '--cfg-path', '/tmp/tmp8turmz3n']
[2024-05-14T05:33:41.683+0000] {standard_task_runner.py:91} INFO - Job 1114: Subtask task_1
[2024-05-14T05:33:41.881+0000] {task_command.py:426} INFO - Running <TaskInstance: tugas_workflow_v1.task_1 scheduled__2024-03-09T00:00:00+00:00 [running]> on host 0391a550332e
[2024-05-14T05:33:42.283+0000] {taskinstance.py:2648} INFO - Exporting env vars: AIRFLOW_CTX_DAG_OWNER='sinta' AIRFLOW_CTX_DAG_ID='tugas_workflow_v1' AIRFLOW_CTX_TASK_ID='task_1' AIRFLOW_CTX_EXECUTION_DATE='2024-03-09T00:00:00+00:00' AIRFLOW_CTX_TRY_NUMBER='1' AIRFLOW_CTX_DAG_RUN_ID='scheduled__2024-03-09T00:00:00+00:00'
[2024-05-14T05:33:42.291+0000] {taskinstance.py:430} INFO - ::endgroup::
[2024-05-14T05:33:42.293+0000] {subprocess.py:63} INFO - Tmp dir root location: /tmp
[2024-05-14T05:33:42.298+0000] {subprocess.py:75} INFO - Running command: ['/usr/bin/bash', '-c', 'echo hello ***']
[2024-05-14T05:33:42.354+0000] {subprocess.py:86} INFO - Output:
[2024-05-14T05:33:42.359+0000] {subprocess.py:93} INFO - hello ***
[2024-05-14T05:33:42.371+0000] {subprocess.py:97} INFO - Command exited with return code 0
[2024-05-14T05:33:42.372+0000] {taskinstance.py:441} INFO - ::group::Post task execution logs
[2024-05-14T05:33:42.549+0000] {taskinstance.py:1206} INFO - Marking task as SUCCESS. dag_id=tugas_workflow_v1, task_id=task_1, run_id=scheduled__2024-03-09T00:00:00+00:00, execution_date=20240309T000000, start_date=20240514T053341, end_date=20240514T053342
[2024-05-14T05:33:42.679+0000] {local_task_job_runner.py:240} INFO - Task exited with return code 0
[2024-05-14T05:33:42.750+0000] {taskinstance.py:3498} INFO - 2 downstream tasks scheduled from follow-on schedule check
[2024-05-14T05:33:42.759+0000] {local_task_job_runner.py:222} INFO - ::endgroup::
