[2024-05-14T06:11:55.416+0000] {local_task_job_runner.py:120} INFO - ::group::Pre task execution logs
[2024-05-14T06:11:55.773+0000] {taskinstance.py:2076} INFO - Dependencies all met for dep_context=non-requeueable deps ti=<TaskInstance: tugas_workflow_v1.task_4 scheduled__2024-04-01T00:00:00+00:00 [queued]>
[2024-05-14T06:11:55.839+0000] {taskinstance.py:2076} INFO - Dependencies all met for dep_context=requeueable deps ti=<TaskInstance: tugas_workflow_v1.task_4 scheduled__2024-04-01T00:00:00+00:00 [queued]>
[2024-05-14T06:11:55.862+0000] {taskinstance.py:2306} INFO - Starting attempt 1 of 6
[2024-05-14T06:11:56.073+0000] {taskinstance.py:2330} INFO - Executing <Task(BashOperator): task_4> on 2024-04-01 00:00:00+00:00
[2024-05-14T06:11:56.138+0000] {warnings.py:110} WARNING - /home/***/.local/lib/python3.12/site-packages/***/task/task_runner/standard_task_runner.py:61: DeprecationWarning: This process (pid=6554) is multi-threaded, use of fork() may lead to deadlocks in the child.
  pid = os.fork()

[2024-05-14T06:11:56.174+0000] {standard_task_runner.py:63} INFO - Started process 6605 to run task
[2024-05-14T06:11:56.160+0000] {standard_task_runner.py:90} INFO - Running: ['***', 'tasks', 'run', 'tugas_workflow_v1', 'task_4', 'scheduled__2024-04-01T00:00:00+00:00', '--job-id', '1339', '--raw', '--subdir', 'DAGS_FOLDER/__pycache__/prioritas_1.py', '--cfg-path', '/tmp/tmp38zp4ksk']
[2024-05-14T06:11:56.183+0000] {standard_task_runner.py:91} INFO - Job 1339: Subtask task_4
[2024-05-14T06:11:56.402+0000] {task_command.py:426} INFO - Running <TaskInstance: tugas_workflow_v1.task_4 scheduled__2024-04-01T00:00:00+00:00 [running]> on host 0391a550332e
[2024-05-14T06:11:58.217+0000] {taskinstance.py:2648} INFO - Exporting env vars: AIRFLOW_CTX_DAG_OWNER='sinta' AIRFLOW_CTX_DAG_ID='tugas_workflow_v1' AIRFLOW_CTX_TASK_ID='task_4' AIRFLOW_CTX_EXECUTION_DATE='2024-04-01T00:00:00+00:00' AIRFLOW_CTX_TRY_NUMBER='1' AIRFLOW_CTX_DAG_RUN_ID='scheduled__2024-04-01T00:00:00+00:00'
[2024-05-14T06:11:58.297+0000] {taskinstance.py:430} INFO - ::endgroup::
[2024-05-14T06:11:58.309+0000] {subprocess.py:63} INFO - Tmp dir root location: /tmp
[2024-05-14T06:11:58.330+0000] {subprocess.py:75} INFO - Running command: ['/usr/bin/bash', '-c', 'mkdir -p about_us && touch about_us/about.txt']
[2024-05-14T06:11:58.592+0000] {subprocess.py:86} INFO - Output:
[2024-05-14T06:11:58.844+0000] {subprocess.py:97} INFO - Command exited with return code 0
[2024-05-14T06:11:58.851+0000] {taskinstance.py:441} INFO - ::group::Post task execution logs
[2024-05-14T06:11:59.358+0000] {taskinstance.py:1206} INFO - Marking task as SUCCESS. dag_id=tugas_workflow_v1, task_id=task_4, run_id=scheduled__2024-04-01T00:00:00+00:00, execution_date=20240401T000000, start_date=20240514T061155, end_date=20240514T061159
[2024-05-14T06:12:00.218+0000] {local_task_job_runner.py:240} INFO - Task exited with return code 0
[2024-05-14T06:12:01.550+0000] {taskinstance.py:3498} INFO - 0 downstream tasks scheduled from follow-on schedule check
[2024-05-14T06:12:01.587+0000] {local_task_job_runner.py:222} INFO - ::endgroup::
