[2024-05-14T05:32:18.232+0000] {local_task_job_runner.py:120} INFO - ::group::Pre task execution logs
[2024-05-14T05:32:18.363+0000] {taskinstance.py:2076} INFO - Dependencies all met for dep_context=non-requeueable deps ti=<TaskInstance: tugas_workflow_v1.task_6 scheduled__2024-01-28T00:00:00+00:00 [queued]>
[2024-05-14T05:32:18.395+0000] {taskinstance.py:2076} INFO - Dependencies all met for dep_context=requeueable deps ti=<TaskInstance: tugas_workflow_v1.task_6 scheduled__2024-01-28T00:00:00+00:00 [queued]>
[2024-05-14T05:32:18.402+0000] {taskinstance.py:2306} INFO - Starting attempt 1 of 6
[2024-05-14T05:32:18.484+0000] {taskinstance.py:2330} INFO - Executing <Task(BashOperator): task_6> on 2024-01-28 00:00:00+00:00
[2024-05-14T05:32:18.549+0000] {warnings.py:110} WARNING - /home/***/.local/lib/python3.12/site-packages/***/task/task_runner/standard_task_runner.py:61: DeprecationWarning: This process (pid=4957) is multi-threaded, use of fork() may lead to deadlocks in the child.
  pid = os.fork()

[2024-05-14T05:32:18.565+0000] {standard_task_runner.py:63} INFO - Started process 4996 to run task
[2024-05-14T05:32:18.559+0000] {standard_task_runner.py:90} INFO - Running: ['***', 'tasks', 'run', 'tugas_workflow_v1', 'task_6', 'scheduled__2024-01-28T00:00:00+00:00', '--job-id', '981', '--raw', '--subdir', 'DAGS_FOLDER/__pycache__/prioritas_1.py', '--cfg-path', '/tmp/tmpfez9wkxs']
[2024-05-14T05:32:18.577+0000] {standard_task_runner.py:91} INFO - Job 981: Subtask task_6
[2024-05-14T05:32:18.947+0000] {task_command.py:426} INFO - Running <TaskInstance: tugas_workflow_v1.task_6 scheduled__2024-01-28T00:00:00+00:00 [running]> on host 0391a550332e
[2024-05-14T05:32:19.429+0000] {taskinstance.py:2648} INFO - Exporting env vars: AIRFLOW_CTX_DAG_OWNER='sinta' AIRFLOW_CTX_DAG_ID='tugas_workflow_v1' AIRFLOW_CTX_TASK_ID='task_6' AIRFLOW_CTX_EXECUTION_DATE='2024-01-28T00:00:00+00:00' AIRFLOW_CTX_TRY_NUMBER='1' AIRFLOW_CTX_DAG_RUN_ID='scheduled__2024-01-28T00:00:00+00:00'
[2024-05-14T05:32:19.432+0000] {taskinstance.py:430} INFO - ::endgroup::
[2024-05-14T05:32:19.438+0000] {subprocess.py:63} INFO - Tmp dir root location: /tmp
[2024-05-14T05:32:19.445+0000] {subprocess.py:75} INFO - Running command: ['/usr/bin/bash', '-c', 'echo "done!"']
[2024-05-14T05:32:19.513+0000] {subprocess.py:86} INFO - Output:
[2024-05-14T05:32:19.515+0000] {subprocess.py:93} INFO - done!
[2024-05-14T05:32:19.518+0000] {subprocess.py:97} INFO - Command exited with return code 0
[2024-05-14T05:32:19.521+0000] {taskinstance.py:441} INFO - ::group::Post task execution logs
[2024-05-14T05:32:19.607+0000] {taskinstance.py:1206} INFO - Marking task as SUCCESS. dag_id=tugas_workflow_v1, task_id=task_6, run_id=scheduled__2024-01-28T00:00:00+00:00, execution_date=20240128T000000, start_date=20240514T053218, end_date=20240514T053219
[2024-05-14T05:32:19.728+0000] {local_task_job_runner.py:240} INFO - Task exited with return code 0
[2024-05-14T05:32:19.770+0000] {taskinstance.py:3498} INFO - 0 downstream tasks scheduled from follow-on schedule check
[2024-05-14T05:32:19.808+0000] {local_task_job_runner.py:222} INFO - ::endgroup::
