[2024-05-14T04:55:31.071+0000] {local_task_job_runner.py:120} INFO - ::group::Pre task execution logs
[2024-05-14T04:55:31.091+0000] {taskinstance.py:2076} INFO - Dependencies all met for dep_context=non-requeueable deps ti=<TaskInstance: random_numbers_workflow.check_even_or_odd manual__2024-05-14T04:55:24.966135+00:00 [queued]>
[2024-05-14T04:55:31.099+0000] {taskinstance.py:2076} INFO - Dependencies all met for dep_context=requeueable deps ti=<TaskInstance: random_numbers_workflow.check_even_or_odd manual__2024-05-14T04:55:24.966135+00:00 [queued]>
[2024-05-14T04:55:31.100+0000] {taskinstance.py:2306} INFO - Starting attempt 1 of 6
[2024-05-14T04:55:31.115+0000] {taskinstance.py:2330} INFO - Executing <Task(PythonOperator): check_even_or_odd> on 2024-05-14 04:55:24.966135+00:00
[2024-05-14T04:55:31.123+0000] {warnings.py:110} WARNING - /home/***/.local/lib/python3.12/site-packages/***/task/task_runner/standard_task_runner.py:61: DeprecationWarning: This process (pid=475) is multi-threaded, use of fork() may lead to deadlocks in the child.
  pid = os.fork()

[2024-05-14T04:55:31.125+0000] {standard_task_runner.py:63} INFO - Started process 477 to run task
[2024-05-14T04:55:31.125+0000] {standard_task_runner.py:90} INFO - Running: ['***', 'tasks', 'run', 'random_numbers_workflow', 'check_even_or_odd', 'manual__2024-05-14T04:55:24.966135+00:00', '--job-id', '14', '--raw', '--subdir', 'DAGS_FOLDER/prioritas_2.py', '--cfg-path', '/tmp/tmpfye8usxf']
[2024-05-14T04:55:31.128+0000] {standard_task_runner.py:91} INFO - Job 14: Subtask check_even_or_odd
[2024-05-14T04:55:31.176+0000] {task_command.py:426} INFO - Running <TaskInstance: random_numbers_workflow.check_even_or_odd manual__2024-05-14T04:55:24.966135+00:00 [running]> on host 0391a550332e
[2024-05-14T04:55:31.264+0000] {taskinstance.py:2648} INFO - Exporting env vars: AIRFLOW_CTX_DAG_OWNER='sinta' AIRFLOW_CTX_DAG_ID='random_numbers_workflow' AIRFLOW_CTX_TASK_ID='check_even_or_odd' AIRFLOW_CTX_EXECUTION_DATE='2024-05-14T04:55:24.966135+00:00' AIRFLOW_CTX_TRY_NUMBER='1' AIRFLOW_CTX_DAG_RUN_ID='manual__2024-05-14T04:55:24.966135+00:00'
[2024-05-14T04:55:31.266+0000] {taskinstance.py:430} INFO - ::endgroup::
[2024-05-14T04:55:31.279+0000] {prioritas_2.py:33} INFO - Even Sum
[2024-05-14T04:55:31.279+0000] {python.py:237} INFO - Done. Returned value was: None
[2024-05-14T04:55:31.280+0000] {taskinstance.py:441} INFO - ::group::Post task execution logs
[2024-05-14T04:55:31.290+0000] {taskinstance.py:1206} INFO - Marking task as SUCCESS. dag_id=random_numbers_workflow, task_id=check_even_or_odd, run_id=manual__2024-05-14T04:55:24.966135+00:00, execution_date=20240514T045524, start_date=20240514T045531, end_date=20240514T045531
[2024-05-14T04:55:31.340+0000] {local_task_job_runner.py:240} INFO - Task exited with return code 0
[2024-05-14T04:55:31.358+0000] {taskinstance.py:3498} INFO - 0 downstream tasks scheduled from follow-on schedule check
[2024-05-14T04:55:31.363+0000] {local_task_job_runner.py:222} INFO - ::endgroup::
