[2024-05-14T06:12:38.900+0000] {local_task_job_runner.py:120} INFO - ::group::Pre task execution logs
[2024-05-14T06:12:39.152+0000] {taskinstance.py:2076} INFO - Dependencies all met for dep_context=non-requeueable deps ti=<TaskInstance: random_numbers_workflow.generate_random_numbers manual__2024-05-14T06:12:07.217076+00:00 [queued]>
[2024-05-14T06:12:39.212+0000] {taskinstance.py:2076} INFO - Dependencies all met for dep_context=requeueable deps ti=<TaskInstance: random_numbers_workflow.generate_random_numbers manual__2024-05-14T06:12:07.217076+00:00 [queued]>
[2024-05-14T06:12:39.271+0000] {taskinstance.py:2306} INFO - Starting attempt 1 of 6
[2024-05-14T06:12:39.432+0000] {taskinstance.py:2330} INFO - Executing <Task(PythonOperator): generate_random_numbers> on 2024-05-14 06:12:07.217076+00:00
[2024-05-14T06:12:39.545+0000] {warnings.py:110} WARNING - /home/***/.local/lib/python3.12/site-packages/***/task/task_runner/standard_task_runner.py:61: DeprecationWarning: This process (pid=6661) is multi-threaded, use of fork() may lead to deadlocks in the child.
  pid = os.fork()

[2024-05-14T06:12:39.552+0000] {standard_task_runner.py:63} INFO - Started process 6731 to run task
[2024-05-14T06:12:39.606+0000] {standard_task_runner.py:90} INFO - Running: ['***', 'tasks', 'run', 'random_numbers_workflow', 'generate_random_numbers', 'manual__2024-05-14T06:12:07.217076+00:00', '--job-id', '1363', '--raw', '--subdir', 'DAGS_FOLDER/prioritas_1(2).py', '--cfg-path', '/tmp/tmp4jywbypq']
[2024-05-14T06:12:39.663+0000] {standard_task_runner.py:91} INFO - Job 1363: Subtask generate_random_numbers
[2024-05-14T06:12:41.549+0000] {task_command.py:426} INFO - Running <TaskInstance: random_numbers_workflow.generate_random_numbers manual__2024-05-14T06:12:07.217076+00:00 [running]> on host 0391a550332e
[2024-05-14T06:12:45.156+0000] {taskinstance.py:2648} INFO - Exporting env vars: AIRFLOW_CTX_DAG_OWNER='sinta' AIRFLOW_CTX_DAG_ID='random_numbers_workflow' AIRFLOW_CTX_TASK_ID='generate_random_numbers' AIRFLOW_CTX_EXECUTION_DATE='2024-05-14T06:12:07.217076+00:00' AIRFLOW_CTX_TRY_NUMBER='1' AIRFLOW_CTX_DAG_RUN_ID='manual__2024-05-14T06:12:07.217076+00:00'
[2024-05-14T06:12:45.178+0000] {taskinstance.py:430} INFO - ::endgroup::
[2024-05-14T06:12:45.448+0000] {prioritas_1(2).py:17} INFO - Generated numbers: [12, 5, 22, 35, 9, 49, 33, 20, 2, 15, 1, 3, 25, 48, 28, 4, 38, 9, 37, 40, 43, 31, 42, 40, 42]
[2024-05-14T06:12:45.460+0000] {python.py:237} INFO - Done. Returned value was: None
[2024-05-14T06:12:45.467+0000] {taskinstance.py:441} INFO - ::group::Post task execution logs
[2024-05-14T06:12:45.539+0000] {taskinstance.py:1206} INFO - Marking task as SUCCESS. dag_id=random_numbers_workflow, task_id=generate_random_numbers, run_id=manual__2024-05-14T06:12:07.217076+00:00, execution_date=20240514T061207, start_date=20240514T061239, end_date=20240514T061245
[2024-05-14T06:12:45.751+0000] {local_task_job_runner.py:240} INFO - Task exited with return code 0
[2024-05-14T06:12:46.029+0000] {taskinstance.py:3498} INFO - 1 downstream tasks scheduled from follow-on schedule check
[2024-05-14T06:12:46.054+0000] {local_task_job_runner.py:222} INFO - ::endgroup::
