[2024-05-14T05:33:03.025+0000] {local_task_job_runner.py:120} INFO - ::group::Pre task execution logs
[2024-05-14T05:33:03.221+0000] {taskinstance.py:2076} INFO - Dependencies all met for dep_context=non-requeueable deps ti=<TaskInstance: tugas_workflow_v1.task_5 scheduled__2024-02-10T00:00:00+00:00 [queued]>
[2024-05-14T05:33:03.296+0000] {taskinstance.py:2076} INFO - Dependencies all met for dep_context=requeueable deps ti=<TaskInstance: tugas_workflow_v1.task_5 scheduled__2024-02-10T00:00:00+00:00 [queued]>
[2024-05-14T05:33:03.314+0000] {taskinstance.py:2306} INFO - Starting attempt 1 of 6
[2024-05-14T05:33:03.443+0000] {taskinstance.py:2330} INFO - Executing <Task(BashOperator): task_5> on 2024-02-10 00:00:00+00:00
[2024-05-14T05:33:03.490+0000] {warnings.py:110} WARNING - /home/***/.local/lib/python3.12/site-packages/***/task/task_runner/standard_task_runner.py:61: DeprecationWarning: This process (pid=5225) is multi-threaded, use of fork() may lead to deadlocks in the child.
  pid = os.fork()

[2024-05-14T05:33:03.494+0000] {standard_task_runner.py:63} INFO - Started process 5273 to run task
[2024-05-14T05:33:03.509+0000] {standard_task_runner.py:90} INFO - Running: ['***', 'tasks', 'run', 'tugas_workflow_v1', 'task_5', 'scheduled__2024-02-10T00:00:00+00:00', '--job-id', '1046', '--raw', '--subdir', 'DAGS_FOLDER/__pycache__/prioritas_1.py', '--cfg-path', '/tmp/tmppkxjw9cu']
[2024-05-14T05:33:03.633+0000] {standard_task_runner.py:91} INFO - Job 1046: Subtask task_5
[2024-05-14T05:33:03.941+0000] {task_command.py:426} INFO - Running <TaskInstance: tugas_workflow_v1.task_5 scheduled__2024-02-10T00:00:00+00:00 [running]> on host 0391a550332e
[2024-05-14T05:33:04.329+0000] {taskinstance.py:2648} INFO - Exporting env vars: AIRFLOW_CTX_DAG_OWNER='sinta' AIRFLOW_CTX_DAG_ID='tugas_workflow_v1' AIRFLOW_CTX_TASK_ID='task_5' AIRFLOW_CTX_EXECUTION_DATE='2024-02-10T00:00:00+00:00' AIRFLOW_CTX_TRY_NUMBER='1' AIRFLOW_CTX_DAG_RUN_ID='scheduled__2024-02-10T00:00:00+00:00'
[2024-05-14T05:33:04.340+0000] {taskinstance.py:430} INFO - ::endgroup::
[2024-05-14T05:33:04.344+0000] {subprocess.py:63} INFO - Tmp dir root location: /tmp
[2024-05-14T05:33:04.348+0000] {subprocess.py:75} INFO - Running command: ['/usr/bin/bash', '-c', 'mkdir -p our_works && touch our_works/works.txt']
[2024-05-14T05:33:04.394+0000] {subprocess.py:86} INFO - Output:
[2024-05-14T05:33:04.436+0000] {subprocess.py:97} INFO - Command exited with return code 0
[2024-05-14T05:33:04.452+0000] {taskinstance.py:441} INFO - ::group::Post task execution logs
[2024-05-14T05:33:04.625+0000] {taskinstance.py:1206} INFO - Marking task as SUCCESS. dag_id=tugas_workflow_v1, task_id=task_5, run_id=scheduled__2024-02-10T00:00:00+00:00, execution_date=20240210T000000, start_date=20240514T053303, end_date=20240514T053304
[2024-05-14T05:33:04.821+0000] {local_task_job_runner.py:240} INFO - Task exited with return code 0
[2024-05-14T05:33:04.919+0000] {taskinstance.py:3498} INFO - 0 downstream tasks scheduled from follow-on schedule check
[2024-05-14T05:33:04.938+0000] {local_task_job_runner.py:222} INFO - ::endgroup::
