[2024-05-14T05:05:18.805+0000] {local_task_job_runner.py:120} INFO - ::group::Pre task execution logs
[2024-05-14T05:05:19.291+0000] {taskinstance.py:2076} INFO - Dependencies all met for dep_context=non-requeueable deps ti=<TaskInstance: tugas_workflow_v1.task_1 scheduled__2023-11-03T00:00:00+00:00 [queued]>
[2024-05-14T05:05:19.450+0000] {taskinstance.py:2076} INFO - Dependencies all met for dep_context=requeueable deps ti=<TaskInstance: tugas_workflow_v1.task_1 scheduled__2023-11-03T00:00:00+00:00 [queued]>
[2024-05-14T05:05:19.454+0000] {taskinstance.py:2306} INFO - Starting attempt 1 of 6
[2024-05-14T05:05:19.543+0000] {taskinstance.py:2330} INFO - Executing <Task(BashOperator): task_1> on 2023-11-03 00:00:00+00:00
[2024-05-14T05:05:19.740+0000] {warnings.py:110} WARNING - /home/***/.local/lib/python3.12/site-packages/***/task/task_runner/standard_task_runner.py:61: DeprecationWarning: This process (pid=623) is multi-threaded, use of fork() may lead to deadlocks in the child.
  pid = os.fork()

[2024-05-14T05:05:19.796+0000] {standard_task_runner.py:63} INFO - Started process 653 to run task
[2024-05-14T05:05:19.818+0000] {standard_task_runner.py:90} INFO - Running: ['***', 'tasks', 'run', 'tugas_workflow_v1', 'task_1', 'scheduled__2023-11-03T00:00:00+00:00', '--job-id', '22', '--raw', '--subdir', 'DAGS_FOLDER/__pycache__/prioritas_1.py', '--cfg-path', '/tmp/tmpqv9bhpw3']
[2024-05-14T05:05:19.829+0000] {standard_task_runner.py:91} INFO - Job 22: Subtask task_1
[2024-05-14T05:05:20.615+0000] {task_command.py:426} INFO - Running <TaskInstance: tugas_workflow_v1.task_1 scheduled__2023-11-03T00:00:00+00:00 [running]> on host 0391a550332e
[2024-05-14T05:05:21.893+0000] {taskinstance.py:2648} INFO - Exporting env vars: AIRFLOW_CTX_DAG_OWNER='sinta' AIRFLOW_CTX_DAG_ID='tugas_workflow_v1' AIRFLOW_CTX_TASK_ID='task_1' AIRFLOW_CTX_EXECUTION_DATE='2023-11-03T00:00:00+00:00' AIRFLOW_CTX_TRY_NUMBER='1' AIRFLOW_CTX_DAG_RUN_ID='scheduled__2023-11-03T00:00:00+00:00'
[2024-05-14T05:05:21.900+0000] {taskinstance.py:430} INFO - ::endgroup::
[2024-05-14T05:05:21.902+0000] {subprocess.py:63} INFO - Tmp dir root location: /tmp
[2024-05-14T05:05:21.904+0000] {subprocess.py:75} INFO - Running command: ['/usr/bin/bash', '-c', 'echo hello ***']
[2024-05-14T05:05:22.044+0000] {subprocess.py:86} INFO - Output:
[2024-05-14T05:05:22.092+0000] {subprocess.py:93} INFO - hello ***
[2024-05-14T05:05:22.126+0000] {subprocess.py:97} INFO - Command exited with return code 0
[2024-05-14T05:05:22.128+0000] {taskinstance.py:441} INFO - ::group::Post task execution logs
[2024-05-14T05:05:22.336+0000] {taskinstance.py:1206} INFO - Marking task as SUCCESS. dag_id=tugas_workflow_v1, task_id=task_1, run_id=scheduled__2023-11-03T00:00:00+00:00, execution_date=20231103T000000, start_date=20240514T050519, end_date=20240514T050522
[2024-05-14T05:05:22.782+0000] {local_task_job_runner.py:240} INFO - Task exited with return code 0
[2024-05-14T05:05:22.891+0000] {taskinstance.py:3498} INFO - 2 downstream tasks scheduled from follow-on schedule check
[2024-05-14T05:05:22.949+0000] {local_task_job_runner.py:222} INFO - ::endgroup::
