[2024-05-14T05:28:16.104+0000] {local_task_job_runner.py:120} INFO - ::group::Pre task execution logs
[2024-05-14T05:28:16.169+0000] {taskinstance.py:2076} INFO - Dependencies all met for dep_context=non-requeueable deps ti=<TaskInstance: tugas_workflow_v1.task_6 scheduled__2023-12-05T00:00:00+00:00 [queued]>
[2024-05-14T05:28:16.211+0000] {taskinstance.py:2076} INFO - Dependencies all met for dep_context=requeueable deps ti=<TaskInstance: tugas_workflow_v1.task_6 scheduled__2023-12-05T00:00:00+00:00 [queued]>
[2024-05-14T05:28:16.221+0000] {taskinstance.py:2306} INFO - Starting attempt 1 of 6
[2024-05-14T05:28:16.618+0000] {taskinstance.py:2330} INFO - Executing <Task(BashOperator): task_6> on 2023-12-05 00:00:00+00:00
[2024-05-14T05:28:16.641+0000] {warnings.py:110} WARNING - /home/***/.local/lib/python3.12/site-packages/***/task/task_runner/standard_task_runner.py:61: DeprecationWarning: This process (pid=3363) is multi-threaded, use of fork() may lead to deadlocks in the child.
  pid = os.fork()

[2024-05-14T05:28:16.649+0000] {standard_task_runner.py:63} INFO - Started process 3416 to run task
[2024-05-14T05:28:16.670+0000] {standard_task_runner.py:90} INFO - Running: ['***', 'tasks', 'run', 'tugas_workflow_v1', 'task_6', 'scheduled__2023-12-05T00:00:00+00:00', '--job-id', '626', '--raw', '--subdir', 'DAGS_FOLDER/__pycache__/prioritas_1.py', '--cfg-path', '/tmp/tmpth6mluqm']
[2024-05-14T05:28:16.677+0000] {standard_task_runner.py:91} INFO - Job 626: Subtask task_6
[2024-05-14T05:28:16.900+0000] {task_command.py:426} INFO - Running <TaskInstance: tugas_workflow_v1.task_6 scheduled__2023-12-05T00:00:00+00:00 [running]> on host 0391a550332e
[2024-05-14T05:28:17.283+0000] {taskinstance.py:2648} INFO - Exporting env vars: AIRFLOW_CTX_DAG_OWNER='sinta' AIRFLOW_CTX_DAG_ID='tugas_workflow_v1' AIRFLOW_CTX_TASK_ID='task_6' AIRFLOW_CTX_EXECUTION_DATE='2023-12-05T00:00:00+00:00' AIRFLOW_CTX_TRY_NUMBER='1' AIRFLOW_CTX_DAG_RUN_ID='scheduled__2023-12-05T00:00:00+00:00'
[2024-05-14T05:28:17.289+0000] {taskinstance.py:430} INFO - ::endgroup::
[2024-05-14T05:28:17.291+0000] {subprocess.py:63} INFO - Tmp dir root location: /tmp
[2024-05-14T05:28:17.298+0000] {subprocess.py:75} INFO - Running command: ['/usr/bin/bash', '-c', 'echo "done!"']
[2024-05-14T05:28:17.350+0000] {subprocess.py:86} INFO - Output:
[2024-05-14T05:28:17.353+0000] {subprocess.py:93} INFO - done!
[2024-05-14T05:28:17.354+0000] {subprocess.py:97} INFO - Command exited with return code 0
[2024-05-14T05:28:17.355+0000] {taskinstance.py:441} INFO - ::group::Post task execution logs
[2024-05-14T05:28:17.431+0000] {taskinstance.py:1206} INFO - Marking task as SUCCESS. dag_id=tugas_workflow_v1, task_id=task_6, run_id=scheduled__2023-12-05T00:00:00+00:00, execution_date=20231205T000000, start_date=20240514T052816, end_date=20240514T052817
[2024-05-14T05:28:17.525+0000] {local_task_job_runner.py:240} INFO - Task exited with return code 0
[2024-05-14T05:28:17.623+0000] {taskinstance.py:3498} INFO - 0 downstream tasks scheduled from follow-on schedule check
[2024-05-14T05:28:17.673+0000] {local_task_job_runner.py:222} INFO - ::endgroup::
