[2024-05-20T08:31:51.338+0000] {local_task_job_runner.py:120} INFO - ::group::Pre task execution logs
[2024-05-20T08:31:51.494+0000] {taskinstance.py:2076} INFO - Dependencies all met for dep_context=non-requeueable deps ti=<TaskInstance: random_numbers_workflow.check_even_or_odd scheduled__2024-05-14T00:00:00+00:00 [queued]>
[2024-05-20T08:31:51.559+0000] {taskinstance.py:2076} INFO - Dependencies all met for dep_context=requeueable deps ti=<TaskInstance: random_numbers_workflow.check_even_or_odd scheduled__2024-05-14T00:00:00+00:00 [queued]>
[2024-05-20T08:31:51.588+0000] {taskinstance.py:2306} INFO - Starting attempt 1 of 6
[2024-05-20T08:31:51.679+0000] {taskinstance.py:2330} INFO - Executing <Task(PythonOperator): check_even_or_odd> on 2024-05-14 00:00:00+00:00
[2024-05-20T08:31:51.784+0000] {warnings.py:110} WARNING - /home/***/.local/lib/python3.12/site-packages/***/task/task_runner/standard_task_runner.py:61: DeprecationWarning: This process (pid=150) is multi-threaded, use of fork() may lead to deadlocks in the child.
  pid = os.fork()

[2024-05-20T08:31:51.794+0000] {standard_task_runner.py:90} INFO - Running: ['***', 'tasks', 'run', 'random_numbers_workflow', 'check_even_or_odd', 'scheduled__2024-05-14T00:00:00+00:00', '--job-id', '1604', '--raw', '--subdir', 'DAGS_FOLDER/prioritas_1(2).py', '--cfg-path', '/tmp/tmpp2fu5f85']
[2024-05-20T08:31:51.800+0000] {standard_task_runner.py:63} INFO - Started process 172 to run task
[2024-05-20T08:31:51.815+0000] {standard_task_runner.py:91} INFO - Job 1604: Subtask check_even_or_odd
[2024-05-20T08:31:52.158+0000] {task_command.py:426} INFO - Running <TaskInstance: random_numbers_workflow.check_even_or_odd scheduled__2024-05-14T00:00:00+00:00 [running]> on host 0391a550332e
[2024-05-20T08:31:52.775+0000] {taskinstance.py:2648} INFO - Exporting env vars: AIRFLOW_CTX_DAG_OWNER='sinta' AIRFLOW_CTX_DAG_ID='random_numbers_workflow' AIRFLOW_CTX_TASK_ID='check_even_or_odd' AIRFLOW_CTX_EXECUTION_DATE='2024-05-14T00:00:00+00:00' AIRFLOW_CTX_TRY_NUMBER='1' AIRFLOW_CTX_DAG_RUN_ID='scheduled__2024-05-14T00:00:00+00:00'
[2024-05-20T08:31:52.793+0000] {taskinstance.py:430} INFO - ::endgroup::
[2024-05-20T08:31:52.839+0000] {prioritas_1(2).py:28} INFO - Even Sum
[2024-05-20T08:31:52.843+0000] {python.py:237} INFO - Done. Returned value was: None
[2024-05-20T08:31:52.845+0000] {taskinstance.py:441} INFO - ::group::Post task execution logs
[2024-05-20T08:31:52.866+0000] {taskinstance.py:1206} INFO - Marking task as SUCCESS. dag_id=random_numbers_workflow, task_id=check_even_or_odd, run_id=scheduled__2024-05-14T00:00:00+00:00, execution_date=20240514T000000, start_date=20240520T083151, end_date=20240520T083152
[2024-05-20T08:31:53.015+0000] {local_task_job_runner.py:240} INFO - Task exited with return code 0
[2024-05-20T08:31:53.086+0000] {taskinstance.py:3498} INFO - 0 downstream tasks scheduled from follow-on schedule check
[2024-05-20T08:31:53.104+0000] {local_task_job_runner.py:222} INFO - ::endgroup::
