[2024-05-14T05:30:02.536+0000] {local_task_job_runner.py:120} INFO - ::group::Pre task execution logs
[2024-05-14T05:30:02.823+0000] {taskinstance.py:2076} INFO - Dependencies all met for dep_context=non-requeueable deps ti=<TaskInstance: tugas_workflow_v1.task_4 scheduled__2024-01-05T00:00:00+00:00 [queued]>
[2024-05-14T05:30:03.021+0000] {taskinstance.py:2076} INFO - Dependencies all met for dep_context=requeueable deps ti=<TaskInstance: tugas_workflow_v1.task_4 scheduled__2024-01-05T00:00:00+00:00 [queued]>
[2024-05-14T05:30:03.037+0000] {taskinstance.py:2306} INFO - Starting attempt 1 of 6
[2024-05-14T05:30:03.130+0000] {taskinstance.py:2330} INFO - Executing <Task(BashOperator): task_4> on 2024-01-05 00:00:00+00:00
[2024-05-14T05:30:03.180+0000] {warnings.py:110} WARNING - /home/***/.local/lib/python3.12/site-packages/***/task/task_runner/standard_task_runner.py:61: DeprecationWarning: This process (pid=4069) is multi-threaded, use of fork() may lead to deadlocks in the child.
  pid = os.fork()

[2024-05-14T05:30:03.187+0000] {standard_task_runner.py:63} INFO - Started process 4124 to run task
[2024-05-14T05:30:03.206+0000] {standard_task_runner.py:90} INFO - Running: ['***', 'tasks', 'run', 'tugas_workflow_v1', 'task_4', 'scheduled__2024-01-05T00:00:00+00:00', '--job-id', '782', '--raw', '--subdir', 'DAGS_FOLDER/__pycache__/prioritas_1.py', '--cfg-path', '/tmp/tmpkev46t23']
[2024-05-14T05:30:03.262+0000] {standard_task_runner.py:91} INFO - Job 782: Subtask task_4
[2024-05-14T05:30:03.849+0000] {task_command.py:426} INFO - Running <TaskInstance: tugas_workflow_v1.task_4 scheduled__2024-01-05T00:00:00+00:00 [running]> on host 0391a550332e
[2024-05-14T05:30:04.922+0000] {taskinstance.py:2648} INFO - Exporting env vars: AIRFLOW_CTX_DAG_OWNER='sinta' AIRFLOW_CTX_DAG_ID='tugas_workflow_v1' AIRFLOW_CTX_TASK_ID='task_4' AIRFLOW_CTX_EXECUTION_DATE='2024-01-05T00:00:00+00:00' AIRFLOW_CTX_TRY_NUMBER='1' AIRFLOW_CTX_DAG_RUN_ID='scheduled__2024-01-05T00:00:00+00:00'
[2024-05-14T05:30:04.928+0000] {taskinstance.py:430} INFO - ::endgroup::
[2024-05-14T05:30:04.950+0000] {subprocess.py:63} INFO - Tmp dir root location: /tmp
[2024-05-14T05:30:04.957+0000] {subprocess.py:75} INFO - Running command: ['/usr/bin/bash', '-c', 'mkdir -p about_us && touch about_us/about.txt']
[2024-05-14T05:30:05.113+0000] {subprocess.py:86} INFO - Output:
[2024-05-14T05:30:05.217+0000] {subprocess.py:97} INFO - Command exited with return code 0
[2024-05-14T05:30:05.219+0000] {taskinstance.py:441} INFO - ::group::Post task execution logs
[2024-05-14T05:30:05.299+0000] {taskinstance.py:1206} INFO - Marking task as SUCCESS. dag_id=tugas_workflow_v1, task_id=task_4, run_id=scheduled__2024-01-05T00:00:00+00:00, execution_date=20240105T000000, start_date=20240514T053002, end_date=20240514T053005
[2024-05-14T05:30:05.424+0000] {local_task_job_runner.py:240} INFO - Task exited with return code 0
[2024-05-14T05:30:05.510+0000] {taskinstance.py:3498} INFO - 1 downstream tasks scheduled from follow-on schedule check
[2024-05-14T05:30:05.524+0000] {local_task_job_runner.py:222} INFO - ::endgroup::
