[2024-05-20T08:30:17.428+0000] {processor.py:161} INFO - Started process (PID=52) to work on /home/airflow/.local/lib/python3.12/site-packages/airflow/example_dags/example_short_circuit_operator.py
[2024-05-20T08:30:17.433+0000] {processor.py:830} INFO - Processing file /home/airflow/.local/lib/python3.12/site-packages/airflow/example_dags/example_short_circuit_operator.py for tasks to queue
[2024-05-20T08:30:17.439+0000] {logging_mixin.py:188} INFO - [2024-05-20T08:30:17.438+0000] {dagbag.py:545} INFO - Filling up the DagBag from /home/airflow/.local/lib/python3.12/site-packages/airflow/example_dags/example_short_circuit_operator.py
[2024-05-20T08:30:17.485+0000] {processor.py:840} INFO - DAG(s) 'example_short_circuit_operator' retrieved from /home/airflow/.local/lib/python3.12/site-packages/airflow/example_dags/example_short_circuit_operator.py
[2024-05-20T08:30:17.669+0000] {logging_mixin.py:188} INFO - [2024-05-20T08:30:17.669+0000] {dag.py:3096} INFO - Sync 1 DAGs
[2024-05-20T08:30:17.858+0000] {logging_mixin.py:188} INFO - [2024-05-20T08:30:17.857+0000] {dag.py:3954} INFO - Setting next_dagrun for example_short_circuit_operator to 2024-05-19 00:00:00+00:00, run_after=2024-05-20 00:00:00+00:00
[2024-05-20T08:30:18.126+0000] {processor.py:183} INFO - Processing /home/airflow/.local/lib/python3.12/site-packages/airflow/example_dags/example_short_circuit_operator.py took 0.805 seconds
[2024-05-20T08:31:05.257+0000] {processor.py:161} INFO - Started process (PID=127) to work on /home/airflow/.local/lib/python3.12/site-packages/airflow/example_dags/example_short_circuit_operator.py
[2024-05-20T08:31:05.279+0000] {processor.py:830} INFO - Processing file /home/airflow/.local/lib/python3.12/site-packages/airflow/example_dags/example_short_circuit_operator.py for tasks to queue
[2024-05-20T08:31:05.285+0000] {logging_mixin.py:188} INFO - [2024-05-20T08:31:05.284+0000] {dagbag.py:545} INFO - Filling up the DagBag from /home/airflow/.local/lib/python3.12/site-packages/airflow/example_dags/example_short_circuit_operator.py
[2024-05-20T08:31:05.309+0000] {processor.py:840} INFO - DAG(s) 'example_short_circuit_operator' retrieved from /home/airflow/.local/lib/python3.12/site-packages/airflow/example_dags/example_short_circuit_operator.py
[2024-05-20T08:31:05.390+0000] {logging_mixin.py:188} INFO - [2024-05-20T08:31:05.389+0000] {dag.py:3096} INFO - Sync 1 DAGs
[2024-05-20T08:31:05.480+0000] {logging_mixin.py:188} INFO - [2024-05-20T08:31:05.480+0000] {dag.py:3954} INFO - Setting next_dagrun for example_short_circuit_operator to 2024-05-19 00:00:00+00:00, run_after=2024-05-20 00:00:00+00:00
[2024-05-20T08:31:05.536+0000] {processor.py:183} INFO - Processing /home/airflow/.local/lib/python3.12/site-packages/airflow/example_dags/example_short_circuit_operator.py took 0.296 seconds
[2024-05-20T08:31:54.134+0000] {processor.py:161} INFO - Started process (PID=194) to work on /home/airflow/.local/lib/python3.12/site-packages/airflow/example_dags/example_short_circuit_operator.py
[2024-05-20T08:31:54.136+0000] {processor.py:830} INFO - Processing file /home/airflow/.local/lib/python3.12/site-packages/airflow/example_dags/example_short_circuit_operator.py for tasks to queue
[2024-05-20T08:31:54.140+0000] {logging_mixin.py:188} INFO - [2024-05-20T08:31:54.139+0000] {dagbag.py:545} INFO - Filling up the DagBag from /home/airflow/.local/lib/python3.12/site-packages/airflow/example_dags/example_short_circuit_operator.py
[2024-05-20T08:31:54.155+0000] {processor.py:840} INFO - DAG(s) 'example_short_circuit_operator' retrieved from /home/airflow/.local/lib/python3.12/site-packages/airflow/example_dags/example_short_circuit_operator.py
[2024-05-20T08:31:54.203+0000] {logging_mixin.py:188} INFO - [2024-05-20T08:31:54.203+0000] {dag.py:3096} INFO - Sync 1 DAGs
[2024-05-20T08:31:54.256+0000] {logging_mixin.py:188} INFO - [2024-05-20T08:31:54.255+0000] {dag.py:3954} INFO - Setting next_dagrun for example_short_circuit_operator to 2024-05-19 00:00:00+00:00, run_after=2024-05-20 00:00:00+00:00
[2024-05-20T08:31:54.298+0000] {processor.py:183} INFO - Processing /home/airflow/.local/lib/python3.12/site-packages/airflow/example_dags/example_short_circuit_operator.py took 0.171 seconds
[2024-05-20T08:32:24.411+0000] {processor.py:161} INFO - Started process (PID=261) to work on /home/airflow/.local/lib/python3.12/site-packages/airflow/example_dags/example_short_circuit_operator.py
[2024-05-20T08:32:24.412+0000] {processor.py:830} INFO - Processing file /home/airflow/.local/lib/python3.12/site-packages/airflow/example_dags/example_short_circuit_operator.py for tasks to queue
[2024-05-20T08:32:24.414+0000] {logging_mixin.py:188} INFO - [2024-05-20T08:32:24.414+0000] {dagbag.py:545} INFO - Filling up the DagBag from /home/airflow/.local/lib/python3.12/site-packages/airflow/example_dags/example_short_circuit_operator.py
[2024-05-20T08:32:24.422+0000] {processor.py:840} INFO - DAG(s) 'example_short_circuit_operator' retrieved from /home/airflow/.local/lib/python3.12/site-packages/airflow/example_dags/example_short_circuit_operator.py
[2024-05-20T08:32:24.447+0000] {logging_mixin.py:188} INFO - [2024-05-20T08:32:24.447+0000] {dag.py:3096} INFO - Sync 1 DAGs
[2024-05-20T08:32:24.469+0000] {logging_mixin.py:188} INFO - [2024-05-20T08:32:24.469+0000] {dag.py:3954} INFO - Setting next_dagrun for example_short_circuit_operator to 2024-05-19 00:00:00+00:00, run_after=2024-05-20 00:00:00+00:00
[2024-05-20T08:32:24.558+0000] {processor.py:183} INFO - Processing /home/airflow/.local/lib/python3.12/site-packages/airflow/example_dags/example_short_circuit_operator.py took 0.153 seconds
[2024-05-20T08:32:56.176+0000] {processor.py:161} INFO - Started process (PID=323) to work on /home/airflow/.local/lib/python3.12/site-packages/airflow/example_dags/example_short_circuit_operator.py
[2024-05-20T08:32:56.203+0000] {processor.py:830} INFO - Processing file /home/airflow/.local/lib/python3.12/site-packages/airflow/example_dags/example_short_circuit_operator.py for tasks to queue
[2024-05-20T08:32:56.207+0000] {logging_mixin.py:188} INFO - [2024-05-20T08:32:56.206+0000] {dagbag.py:545} INFO - Filling up the DagBag from /home/airflow/.local/lib/python3.12/site-packages/airflow/example_dags/example_short_circuit_operator.py
[2024-05-20T08:32:56.225+0000] {processor.py:840} INFO - DAG(s) 'example_short_circuit_operator' retrieved from /home/airflow/.local/lib/python3.12/site-packages/airflow/example_dags/example_short_circuit_operator.py
[2024-05-20T08:32:56.263+0000] {logging_mixin.py:188} INFO - [2024-05-20T08:32:56.262+0000] {dag.py:3096} INFO - Sync 1 DAGs
[2024-05-20T08:32:56.298+0000] {logging_mixin.py:188} INFO - [2024-05-20T08:32:56.298+0000] {dag.py:3954} INFO - Setting next_dagrun for example_short_circuit_operator to 2024-05-19 00:00:00+00:00, run_after=2024-05-20 00:00:00+00:00
[2024-05-20T08:32:56.326+0000] {processor.py:183} INFO - Processing /home/airflow/.local/lib/python3.12/site-packages/airflow/example_dags/example_short_circuit_operator.py took 0.172 seconds
[2024-05-20T08:33:28.088+0000] {processor.py:161} INFO - Started process (PID=382) to work on /home/airflow/.local/lib/python3.12/site-packages/airflow/example_dags/example_short_circuit_operator.py
[2024-05-20T08:33:28.090+0000] {processor.py:830} INFO - Processing file /home/airflow/.local/lib/python3.12/site-packages/airflow/example_dags/example_short_circuit_operator.py for tasks to queue
[2024-05-20T08:33:28.094+0000] {logging_mixin.py:188} INFO - [2024-05-20T08:33:28.093+0000] {dagbag.py:545} INFO - Filling up the DagBag from /home/airflow/.local/lib/python3.12/site-packages/airflow/example_dags/example_short_circuit_operator.py
[2024-05-20T08:33:28.109+0000] {processor.py:840} INFO - DAG(s) 'example_short_circuit_operator' retrieved from /home/airflow/.local/lib/python3.12/site-packages/airflow/example_dags/example_short_circuit_operator.py
[2024-05-20T08:33:28.179+0000] {logging_mixin.py:188} INFO - [2024-05-20T08:33:28.178+0000] {dag.py:3096} INFO - Sync 1 DAGs
[2024-05-20T08:33:28.238+0000] {logging_mixin.py:188} INFO - [2024-05-20T08:33:28.238+0000] {dag.py:3954} INFO - Setting next_dagrun for example_short_circuit_operator to 2024-05-19 00:00:00+00:00, run_after=2024-05-20 00:00:00+00:00
[2024-05-20T08:33:28.308+0000] {processor.py:183} INFO - Processing /home/airflow/.local/lib/python3.12/site-packages/airflow/example_dags/example_short_circuit_operator.py took 0.233 seconds
[2024-05-20T08:33:58.878+0000] {processor.py:161} INFO - Started process (PID=442) to work on /home/airflow/.local/lib/python3.12/site-packages/airflow/example_dags/example_short_circuit_operator.py
[2024-05-20T08:33:58.880+0000] {processor.py:830} INFO - Processing file /home/airflow/.local/lib/python3.12/site-packages/airflow/example_dags/example_short_circuit_operator.py for tasks to queue
[2024-05-20T08:33:58.883+0000] {logging_mixin.py:188} INFO - [2024-05-20T08:33:58.883+0000] {dagbag.py:545} INFO - Filling up the DagBag from /home/airflow/.local/lib/python3.12/site-packages/airflow/example_dags/example_short_circuit_operator.py
[2024-05-20T08:33:58.902+0000] {processor.py:840} INFO - DAG(s) 'example_short_circuit_operator' retrieved from /home/airflow/.local/lib/python3.12/site-packages/airflow/example_dags/example_short_circuit_operator.py
[2024-05-20T08:33:58.959+0000] {logging_mixin.py:188} INFO - [2024-05-20T08:33:58.958+0000] {dag.py:3096} INFO - Sync 1 DAGs
[2024-05-20T08:33:59.013+0000] {logging_mixin.py:188} INFO - [2024-05-20T08:33:59.013+0000] {dag.py:3954} INFO - Setting next_dagrun for example_short_circuit_operator to 2024-05-19 00:00:00+00:00, run_after=2024-05-20 00:00:00+00:00
[2024-05-20T08:33:59.055+0000] {processor.py:183} INFO - Processing /home/airflow/.local/lib/python3.12/site-packages/airflow/example_dags/example_short_circuit_operator.py took 0.192 seconds
[2024-05-20T08:34:29.466+0000] {processor.py:161} INFO - Started process (PID=503) to work on /home/airflow/.local/lib/python3.12/site-packages/airflow/example_dags/example_short_circuit_operator.py
[2024-05-20T08:34:29.469+0000] {processor.py:830} INFO - Processing file /home/airflow/.local/lib/python3.12/site-packages/airflow/example_dags/example_short_circuit_operator.py for tasks to queue
[2024-05-20T08:34:29.472+0000] {logging_mixin.py:188} INFO - [2024-05-20T08:34:29.472+0000] {dagbag.py:545} INFO - Filling up the DagBag from /home/airflow/.local/lib/python3.12/site-packages/airflow/example_dags/example_short_circuit_operator.py
[2024-05-20T08:34:29.482+0000] {processor.py:840} INFO - DAG(s) 'example_short_circuit_operator' retrieved from /home/airflow/.local/lib/python3.12/site-packages/airflow/example_dags/example_short_circuit_operator.py
[2024-05-20T08:34:29.511+0000] {logging_mixin.py:188} INFO - [2024-05-20T08:34:29.511+0000] {dag.py:3096} INFO - Sync 1 DAGs
[2024-05-20T08:34:29.540+0000] {logging_mixin.py:188} INFO - [2024-05-20T08:34:29.540+0000] {dag.py:3954} INFO - Setting next_dagrun for example_short_circuit_operator to 2024-05-19 00:00:00+00:00, run_after=2024-05-20 00:00:00+00:00
[2024-05-20T08:34:29.571+0000] {processor.py:183} INFO - Processing /home/airflow/.local/lib/python3.12/site-packages/airflow/example_dags/example_short_circuit_operator.py took 0.113 seconds
[2024-05-20T08:34:59.978+0000] {processor.py:161} INFO - Started process (PID=563) to work on /home/airflow/.local/lib/python3.12/site-packages/airflow/example_dags/example_short_circuit_operator.py
[2024-05-20T08:34:59.980+0000] {processor.py:830} INFO - Processing file /home/airflow/.local/lib/python3.12/site-packages/airflow/example_dags/example_short_circuit_operator.py for tasks to queue
[2024-05-20T08:34:59.983+0000] {logging_mixin.py:188} INFO - [2024-05-20T08:34:59.983+0000] {dagbag.py:545} INFO - Filling up the DagBag from /home/airflow/.local/lib/python3.12/site-packages/airflow/example_dags/example_short_circuit_operator.py
[2024-05-20T08:34:59.996+0000] {processor.py:840} INFO - DAG(s) 'example_short_circuit_operator' retrieved from /home/airflow/.local/lib/python3.12/site-packages/airflow/example_dags/example_short_circuit_operator.py
[2024-05-20T08:35:00.043+0000] {logging_mixin.py:188} INFO - [2024-05-20T08:35:00.042+0000] {dag.py:3096} INFO - Sync 1 DAGs
[2024-05-20T08:35:00.089+0000] {logging_mixin.py:188} INFO - [2024-05-20T08:35:00.088+0000] {dag.py:3954} INFO - Setting next_dagrun for example_short_circuit_operator to 2024-05-19 00:00:00+00:00, run_after=2024-05-20 00:00:00+00:00
[2024-05-20T08:35:00.118+0000] {processor.py:183} INFO - Processing /home/airflow/.local/lib/python3.12/site-packages/airflow/example_dags/example_short_circuit_operator.py took 0.148 seconds
[2024-05-20T08:35:30.491+0000] {processor.py:161} INFO - Started process (PID=625) to work on /home/airflow/.local/lib/python3.12/site-packages/airflow/example_dags/example_short_circuit_operator.py
[2024-05-20T08:35:30.494+0000] {processor.py:830} INFO - Processing file /home/airflow/.local/lib/python3.12/site-packages/airflow/example_dags/example_short_circuit_operator.py for tasks to queue
[2024-05-20T08:35:30.498+0000] {logging_mixin.py:188} INFO - [2024-05-20T08:35:30.498+0000] {dagbag.py:545} INFO - Filling up the DagBag from /home/airflow/.local/lib/python3.12/site-packages/airflow/example_dags/example_short_circuit_operator.py
[2024-05-20T08:35:30.510+0000] {processor.py:840} INFO - DAG(s) 'example_short_circuit_operator' retrieved from /home/airflow/.local/lib/python3.12/site-packages/airflow/example_dags/example_short_circuit_operator.py
[2024-05-20T08:35:30.552+0000] {logging_mixin.py:188} INFO - [2024-05-20T08:35:30.552+0000] {dag.py:3096} INFO - Sync 1 DAGs
[2024-05-20T08:35:30.588+0000] {logging_mixin.py:188} INFO - [2024-05-20T08:35:30.586+0000] {dag.py:3954} INFO - Setting next_dagrun for example_short_circuit_operator to 2024-05-19 00:00:00+00:00, run_after=2024-05-20 00:00:00+00:00
[2024-05-20T08:35:30.629+0000] {processor.py:183} INFO - Processing /home/airflow/.local/lib/python3.12/site-packages/airflow/example_dags/example_short_circuit_operator.py took 0.146 seconds
[2024-05-20T08:36:00.992+0000] {processor.py:161} INFO - Started process (PID=686) to work on /home/airflow/.local/lib/python3.12/site-packages/airflow/example_dags/example_short_circuit_operator.py
[2024-05-20T08:36:00.994+0000] {processor.py:830} INFO - Processing file /home/airflow/.local/lib/python3.12/site-packages/airflow/example_dags/example_short_circuit_operator.py for tasks to queue
[2024-05-20T08:36:00.999+0000] {logging_mixin.py:188} INFO - [2024-05-20T08:36:00.999+0000] {dagbag.py:545} INFO - Filling up the DagBag from /home/airflow/.local/lib/python3.12/site-packages/airflow/example_dags/example_short_circuit_operator.py
[2024-05-20T08:36:01.013+0000] {processor.py:840} INFO - DAG(s) 'example_short_circuit_operator' retrieved from /home/airflow/.local/lib/python3.12/site-packages/airflow/example_dags/example_short_circuit_operator.py
[2024-05-20T08:36:01.073+0000] {logging_mixin.py:188} INFO - [2024-05-20T08:36:01.072+0000] {dag.py:3096} INFO - Sync 1 DAGs
[2024-05-20T08:36:01.115+0000] {logging_mixin.py:188} INFO - [2024-05-20T08:36:01.114+0000] {dag.py:3954} INFO - Setting next_dagrun for example_short_circuit_operator to 2024-05-19 00:00:00+00:00, run_after=2024-05-20 00:00:00+00:00
[2024-05-20T08:36:01.153+0000] {processor.py:183} INFO - Processing /home/airflow/.local/lib/python3.12/site-packages/airflow/example_dags/example_short_circuit_operator.py took 0.173 seconds
[2024-05-20T08:36:31.990+0000] {processor.py:161} INFO - Started process (PID=747) to work on /home/airflow/.local/lib/python3.12/site-packages/airflow/example_dags/example_short_circuit_operator.py
[2024-05-20T08:36:31.992+0000] {processor.py:830} INFO - Processing file /home/airflow/.local/lib/python3.12/site-packages/airflow/example_dags/example_short_circuit_operator.py for tasks to queue
[2024-05-20T08:36:31.995+0000] {logging_mixin.py:188} INFO - [2024-05-20T08:36:31.994+0000] {dagbag.py:545} INFO - Filling up the DagBag from /home/airflow/.local/lib/python3.12/site-packages/airflow/example_dags/example_short_circuit_operator.py
[2024-05-20T08:36:32.006+0000] {processor.py:840} INFO - DAG(s) 'example_short_circuit_operator' retrieved from /home/airflow/.local/lib/python3.12/site-packages/airflow/example_dags/example_short_circuit_operator.py
[2024-05-20T08:36:32.038+0000] {logging_mixin.py:188} INFO - [2024-05-20T08:36:32.038+0000] {dag.py:3096} INFO - Sync 1 DAGs
[2024-05-20T08:36:32.068+0000] {logging_mixin.py:188} INFO - [2024-05-20T08:36:32.067+0000] {dag.py:3954} INFO - Setting next_dagrun for example_short_circuit_operator to 2024-05-19 00:00:00+00:00, run_after=2024-05-20 00:00:00+00:00
[2024-05-20T08:36:32.097+0000] {processor.py:183} INFO - Processing /home/airflow/.local/lib/python3.12/site-packages/airflow/example_dags/example_short_circuit_operator.py took 0.115 seconds
[2024-05-20T08:37:02.491+0000] {processor.py:161} INFO - Started process (PID=808) to work on /home/airflow/.local/lib/python3.12/site-packages/airflow/example_dags/example_short_circuit_operator.py
[2024-05-20T08:37:02.493+0000] {processor.py:830} INFO - Processing file /home/airflow/.local/lib/python3.12/site-packages/airflow/example_dags/example_short_circuit_operator.py for tasks to queue
[2024-05-20T08:37:02.497+0000] {logging_mixin.py:188} INFO - [2024-05-20T08:37:02.496+0000] {dagbag.py:545} INFO - Filling up the DagBag from /home/airflow/.local/lib/python3.12/site-packages/airflow/example_dags/example_short_circuit_operator.py
[2024-05-20T08:37:02.508+0000] {processor.py:840} INFO - DAG(s) 'example_short_circuit_operator' retrieved from /home/airflow/.local/lib/python3.12/site-packages/airflow/example_dags/example_short_circuit_operator.py
[2024-05-20T08:37:02.547+0000] {logging_mixin.py:188} INFO - [2024-05-20T08:37:02.546+0000] {dag.py:3096} INFO - Sync 1 DAGs
[2024-05-20T08:37:02.582+0000] {logging_mixin.py:188} INFO - [2024-05-20T08:37:02.582+0000] {dag.py:3954} INFO - Setting next_dagrun for example_short_circuit_operator to 2024-05-19 00:00:00+00:00, run_after=2024-05-20 00:00:00+00:00
[2024-05-20T08:37:02.611+0000] {processor.py:183} INFO - Processing /home/airflow/.local/lib/python3.12/site-packages/airflow/example_dags/example_short_circuit_operator.py took 0.130 seconds
[2024-05-20T08:37:32.704+0000] {processor.py:161} INFO - Started process (PID=869) to work on /home/airflow/.local/lib/python3.12/site-packages/airflow/example_dags/example_short_circuit_operator.py
[2024-05-20T08:37:32.705+0000] {processor.py:830} INFO - Processing file /home/airflow/.local/lib/python3.12/site-packages/airflow/example_dags/example_short_circuit_operator.py for tasks to queue
[2024-05-20T08:37:32.707+0000] {logging_mixin.py:188} INFO - [2024-05-20T08:37:32.707+0000] {dagbag.py:545} INFO - Filling up the DagBag from /home/airflow/.local/lib/python3.12/site-packages/airflow/example_dags/example_short_circuit_operator.py
[2024-05-20T08:37:32.715+0000] {processor.py:840} INFO - DAG(s) 'example_short_circuit_operator' retrieved from /home/airflow/.local/lib/python3.12/site-packages/airflow/example_dags/example_short_circuit_operator.py
[2024-05-20T08:37:32.742+0000] {logging_mixin.py:188} INFO - [2024-05-20T08:37:32.742+0000] {dag.py:3096} INFO - Sync 1 DAGs
[2024-05-20T08:37:32.768+0000] {logging_mixin.py:188} INFO - [2024-05-20T08:37:32.768+0000] {dag.py:3954} INFO - Setting next_dagrun for example_short_circuit_operator to 2024-05-19 00:00:00+00:00, run_after=2024-05-20 00:00:00+00:00
[2024-05-20T08:37:32.796+0000] {processor.py:183} INFO - Processing /home/airflow/.local/lib/python3.12/site-packages/airflow/example_dags/example_short_circuit_operator.py took 0.098 seconds
[2024-05-20T08:38:03.752+0000] {processor.py:161} INFO - Started process (PID=930) to work on /home/airflow/.local/lib/python3.12/site-packages/airflow/example_dags/example_short_circuit_operator.py
[2024-05-20T08:38:03.753+0000] {processor.py:830} INFO - Processing file /home/airflow/.local/lib/python3.12/site-packages/airflow/example_dags/example_short_circuit_operator.py for tasks to queue
[2024-05-20T08:38:03.755+0000] {logging_mixin.py:188} INFO - [2024-05-20T08:38:03.755+0000] {dagbag.py:545} INFO - Filling up the DagBag from /home/airflow/.local/lib/python3.12/site-packages/airflow/example_dags/example_short_circuit_operator.py
[2024-05-20T08:38:03.763+0000] {processor.py:840} INFO - DAG(s) 'example_short_circuit_operator' retrieved from /home/airflow/.local/lib/python3.12/site-packages/airflow/example_dags/example_short_circuit_operator.py
[2024-05-20T08:38:03.785+0000] {logging_mixin.py:188} INFO - [2024-05-20T08:38:03.785+0000] {dag.py:3096} INFO - Sync 1 DAGs
[2024-05-20T08:38:03.808+0000] {logging_mixin.py:188} INFO - [2024-05-20T08:38:03.807+0000] {dag.py:3954} INFO - Setting next_dagrun for example_short_circuit_operator to 2024-05-19 00:00:00+00:00, run_after=2024-05-20 00:00:00+00:00
[2024-05-20T08:38:03.831+0000] {processor.py:183} INFO - Processing /home/airflow/.local/lib/python3.12/site-packages/airflow/example_dags/example_short_circuit_operator.py took 0.084 seconds
[2024-05-20T08:38:34.167+0000] {processor.py:161} INFO - Started process (PID=991) to work on /home/airflow/.local/lib/python3.12/site-packages/airflow/example_dags/example_short_circuit_operator.py
[2024-05-20T08:38:34.169+0000] {processor.py:830} INFO - Processing file /home/airflow/.local/lib/python3.12/site-packages/airflow/example_dags/example_short_circuit_operator.py for tasks to queue
[2024-05-20T08:38:34.173+0000] {logging_mixin.py:188} INFO - [2024-05-20T08:38:34.172+0000] {dagbag.py:545} INFO - Filling up the DagBag from /home/airflow/.local/lib/python3.12/site-packages/airflow/example_dags/example_short_circuit_operator.py
[2024-05-20T08:38:34.182+0000] {processor.py:840} INFO - DAG(s) 'example_short_circuit_operator' retrieved from /home/airflow/.local/lib/python3.12/site-packages/airflow/example_dags/example_short_circuit_operator.py
[2024-05-20T08:38:34.226+0000] {logging_mixin.py:188} INFO - [2024-05-20T08:38:34.226+0000] {dag.py:3096} INFO - Sync 1 DAGs
[2024-05-20T08:38:34.266+0000] {logging_mixin.py:188} INFO - [2024-05-20T08:38:34.265+0000] {dag.py:3954} INFO - Setting next_dagrun for example_short_circuit_operator to 2024-05-19 00:00:00+00:00, run_after=2024-05-20 00:00:00+00:00
[2024-05-20T08:38:34.298+0000] {processor.py:183} INFO - Processing /home/airflow/.local/lib/python3.12/site-packages/airflow/example_dags/example_short_circuit_operator.py took 0.138 seconds
[2024-05-20T08:39:04.590+0000] {processor.py:161} INFO - Started process (PID=1052) to work on /home/airflow/.local/lib/python3.12/site-packages/airflow/example_dags/example_short_circuit_operator.py
[2024-05-20T08:39:04.590+0000] {processor.py:830} INFO - Processing file /home/airflow/.local/lib/python3.12/site-packages/airflow/example_dags/example_short_circuit_operator.py for tasks to queue
[2024-05-20T08:39:04.592+0000] {logging_mixin.py:188} INFO - [2024-05-20T08:39:04.592+0000] {dagbag.py:545} INFO - Filling up the DagBag from /home/airflow/.local/lib/python3.12/site-packages/airflow/example_dags/example_short_circuit_operator.py
[2024-05-20T08:39:04.600+0000] {processor.py:840} INFO - DAG(s) 'example_short_circuit_operator' retrieved from /home/airflow/.local/lib/python3.12/site-packages/airflow/example_dags/example_short_circuit_operator.py
[2024-05-20T08:39:04.625+0000] {logging_mixin.py:188} INFO - [2024-05-20T08:39:04.625+0000] {dag.py:3096} INFO - Sync 1 DAGs
[2024-05-20T08:39:04.648+0000] {logging_mixin.py:188} INFO - [2024-05-20T08:39:04.647+0000] {dag.py:3954} INFO - Setting next_dagrun for example_short_circuit_operator to 2024-05-19 00:00:00+00:00, run_after=2024-05-20 00:00:00+00:00
[2024-05-20T08:39:04.669+0000] {processor.py:183} INFO - Processing /home/airflow/.local/lib/python3.12/site-packages/airflow/example_dags/example_short_circuit_operator.py took 0.087 seconds
[2024-05-20T08:39:34.948+0000] {processor.py:161} INFO - Started process (PID=1113) to work on /home/airflow/.local/lib/python3.12/site-packages/airflow/example_dags/example_short_circuit_operator.py
[2024-05-20T08:39:34.949+0000] {processor.py:830} INFO - Processing file /home/airflow/.local/lib/python3.12/site-packages/airflow/example_dags/example_short_circuit_operator.py for tasks to queue
[2024-05-20T08:39:34.951+0000] {logging_mixin.py:188} INFO - [2024-05-20T08:39:34.951+0000] {dagbag.py:545} INFO - Filling up the DagBag from /home/airflow/.local/lib/python3.12/site-packages/airflow/example_dags/example_short_circuit_operator.py
[2024-05-20T08:39:34.958+0000] {processor.py:840} INFO - DAG(s) 'example_short_circuit_operator' retrieved from /home/airflow/.local/lib/python3.12/site-packages/airflow/example_dags/example_short_circuit_operator.py
[2024-05-20T08:39:34.983+0000] {logging_mixin.py:188} INFO - [2024-05-20T08:39:34.983+0000] {dag.py:3096} INFO - Sync 1 DAGs
[2024-05-20T08:39:35.009+0000] {logging_mixin.py:188} INFO - [2024-05-20T08:39:35.009+0000] {dag.py:3954} INFO - Setting next_dagrun for example_short_circuit_operator to 2024-05-19 00:00:00+00:00, run_after=2024-05-20 00:00:00+00:00
[2024-05-20T08:39:35.032+0000] {processor.py:183} INFO - Processing /home/airflow/.local/lib/python3.12/site-packages/airflow/example_dags/example_short_circuit_operator.py took 0.090 seconds
[2024-05-20T08:40:05.180+0000] {processor.py:161} INFO - Started process (PID=1174) to work on /home/airflow/.local/lib/python3.12/site-packages/airflow/example_dags/example_short_circuit_operator.py
[2024-05-20T08:40:05.181+0000] {processor.py:830} INFO - Processing file /home/airflow/.local/lib/python3.12/site-packages/airflow/example_dags/example_short_circuit_operator.py for tasks to queue
[2024-05-20T08:40:05.185+0000] {logging_mixin.py:188} INFO - [2024-05-20T08:40:05.184+0000] {dagbag.py:545} INFO - Filling up the DagBag from /home/airflow/.local/lib/python3.12/site-packages/airflow/example_dags/example_short_circuit_operator.py
[2024-05-20T08:40:05.196+0000] {processor.py:840} INFO - DAG(s) 'example_short_circuit_operator' retrieved from /home/airflow/.local/lib/python3.12/site-packages/airflow/example_dags/example_short_circuit_operator.py
[2024-05-20T08:40:05.224+0000] {logging_mixin.py:188} INFO - [2024-05-20T08:40:05.224+0000] {dag.py:3096} INFO - Sync 1 DAGs
[2024-05-20T08:40:05.256+0000] {logging_mixin.py:188} INFO - [2024-05-20T08:40:05.255+0000] {dag.py:3954} INFO - Setting next_dagrun for example_short_circuit_operator to 2024-05-19 00:00:00+00:00, run_after=2024-05-20 00:00:00+00:00
[2024-05-20T08:40:05.283+0000] {processor.py:183} INFO - Processing /home/airflow/.local/lib/python3.12/site-packages/airflow/example_dags/example_short_circuit_operator.py took 0.112 seconds
[2024-05-20T08:40:35.442+0000] {processor.py:161} INFO - Started process (PID=1240) to work on /home/airflow/.local/lib/python3.12/site-packages/airflow/example_dags/example_short_circuit_operator.py
[2024-05-20T08:40:35.444+0000] {processor.py:830} INFO - Processing file /home/airflow/.local/lib/python3.12/site-packages/airflow/example_dags/example_short_circuit_operator.py for tasks to queue
[2024-05-20T08:40:35.446+0000] {logging_mixin.py:188} INFO - [2024-05-20T08:40:35.445+0000] {dagbag.py:545} INFO - Filling up the DagBag from /home/airflow/.local/lib/python3.12/site-packages/airflow/example_dags/example_short_circuit_operator.py
[2024-05-20T08:40:35.454+0000] {processor.py:840} INFO - DAG(s) 'example_short_circuit_operator' retrieved from /home/airflow/.local/lib/python3.12/site-packages/airflow/example_dags/example_short_circuit_operator.py
[2024-05-20T08:40:35.480+0000] {logging_mixin.py:188} INFO - [2024-05-20T08:40:35.480+0000] {dag.py:3096} INFO - Sync 1 DAGs
[2024-05-20T08:40:35.507+0000] {logging_mixin.py:188} INFO - [2024-05-20T08:40:35.507+0000] {dag.py:3954} INFO - Setting next_dagrun for example_short_circuit_operator to 2024-05-19 00:00:00+00:00, run_after=2024-05-20 00:00:00+00:00
[2024-05-20T08:40:35.536+0000] {processor.py:183} INFO - Processing /home/airflow/.local/lib/python3.12/site-packages/airflow/example_dags/example_short_circuit_operator.py took 0.100 seconds
[2024-05-20T08:41:05.832+0000] {processor.py:161} INFO - Started process (PID=1303) to work on /home/airflow/.local/lib/python3.12/site-packages/airflow/example_dags/example_short_circuit_operator.py
[2024-05-20T08:41:05.833+0000] {processor.py:830} INFO - Processing file /home/airflow/.local/lib/python3.12/site-packages/airflow/example_dags/example_short_circuit_operator.py for tasks to queue
[2024-05-20T08:41:05.835+0000] {logging_mixin.py:188} INFO - [2024-05-20T08:41:05.835+0000] {dagbag.py:545} INFO - Filling up the DagBag from /home/airflow/.local/lib/python3.12/site-packages/airflow/example_dags/example_short_circuit_operator.py
[2024-05-20T08:41:05.842+0000] {processor.py:840} INFO - DAG(s) 'example_short_circuit_operator' retrieved from /home/airflow/.local/lib/python3.12/site-packages/airflow/example_dags/example_short_circuit_operator.py
[2024-05-20T08:41:05.870+0000] {logging_mixin.py:188} INFO - [2024-05-20T08:41:05.870+0000] {dag.py:3096} INFO - Sync 1 DAGs
[2024-05-20T08:41:05.893+0000] {logging_mixin.py:188} INFO - [2024-05-20T08:41:05.892+0000] {dag.py:3954} INFO - Setting next_dagrun for example_short_circuit_operator to 2024-05-19 00:00:00+00:00, run_after=2024-05-20 00:00:00+00:00
[2024-05-20T08:41:05.917+0000] {processor.py:183} INFO - Processing /home/airflow/.local/lib/python3.12/site-packages/airflow/example_dags/example_short_circuit_operator.py took 0.092 seconds
[2024-05-20T08:41:36.316+0000] {processor.py:161} INFO - Started process (PID=1366) to work on /home/airflow/.local/lib/python3.12/site-packages/airflow/example_dags/example_short_circuit_operator.py
[2024-05-20T08:41:36.317+0000] {processor.py:830} INFO - Processing file /home/airflow/.local/lib/python3.12/site-packages/airflow/example_dags/example_short_circuit_operator.py for tasks to queue
[2024-05-20T08:41:36.318+0000] {logging_mixin.py:188} INFO - [2024-05-20T08:41:36.318+0000] {dagbag.py:545} INFO - Filling up the DagBag from /home/airflow/.local/lib/python3.12/site-packages/airflow/example_dags/example_short_circuit_operator.py
[2024-05-20T08:41:36.329+0000] {processor.py:840} INFO - DAG(s) 'example_short_circuit_operator' retrieved from /home/airflow/.local/lib/python3.12/site-packages/airflow/example_dags/example_short_circuit_operator.py
[2024-05-20T08:41:36.355+0000] {logging_mixin.py:188} INFO - [2024-05-20T08:41:36.355+0000] {dag.py:3096} INFO - Sync 1 DAGs
[2024-05-20T08:41:36.379+0000] {logging_mixin.py:188} INFO - [2024-05-20T08:41:36.379+0000] {dag.py:3954} INFO - Setting next_dagrun for example_short_circuit_operator to 2024-05-19 00:00:00+00:00, run_after=2024-05-20 00:00:00+00:00
[2024-05-20T08:41:36.403+0000] {processor.py:183} INFO - Processing /home/airflow/.local/lib/python3.12/site-packages/airflow/example_dags/example_short_circuit_operator.py took 0.092 seconds
[2024-05-20T08:42:06.637+0000] {processor.py:161} INFO - Started process (PID=1425) to work on /home/airflow/.local/lib/python3.12/site-packages/airflow/example_dags/example_short_circuit_operator.py
[2024-05-20T08:42:06.639+0000] {processor.py:830} INFO - Processing file /home/airflow/.local/lib/python3.12/site-packages/airflow/example_dags/example_short_circuit_operator.py for tasks to queue
[2024-05-20T08:42:06.640+0000] {logging_mixin.py:188} INFO - [2024-05-20T08:42:06.639+0000] {dagbag.py:545} INFO - Filling up the DagBag from /home/airflow/.local/lib/python3.12/site-packages/airflow/example_dags/example_short_circuit_operator.py
[2024-05-20T08:42:06.647+0000] {processor.py:840} INFO - DAG(s) 'example_short_circuit_operator' retrieved from /home/airflow/.local/lib/python3.12/site-packages/airflow/example_dags/example_short_circuit_operator.py
[2024-05-20T08:42:06.670+0000] {logging_mixin.py:188} INFO - [2024-05-20T08:42:06.670+0000] {dag.py:3096} INFO - Sync 1 DAGs
[2024-05-20T08:42:06.692+0000] {logging_mixin.py:188} INFO - [2024-05-20T08:42:06.692+0000] {dag.py:3954} INFO - Setting next_dagrun for example_short_circuit_operator to 2024-05-19 00:00:00+00:00, run_after=2024-05-20 00:00:00+00:00
[2024-05-20T08:42:06.726+0000] {processor.py:183} INFO - Processing /home/airflow/.local/lib/python3.12/site-packages/airflow/example_dags/example_short_circuit_operator.py took 0.094 seconds
[2024-05-20T08:42:36.842+0000] {processor.py:161} INFO - Started process (PID=1486) to work on /home/airflow/.local/lib/python3.12/site-packages/airflow/example_dags/example_short_circuit_operator.py
[2024-05-20T08:42:36.843+0000] {processor.py:830} INFO - Processing file /home/airflow/.local/lib/python3.12/site-packages/airflow/example_dags/example_short_circuit_operator.py for tasks to queue
[2024-05-20T08:42:36.844+0000] {logging_mixin.py:188} INFO - [2024-05-20T08:42:36.844+0000] {dagbag.py:545} INFO - Filling up the DagBag from /home/airflow/.local/lib/python3.12/site-packages/airflow/example_dags/example_short_circuit_operator.py
[2024-05-20T08:42:36.851+0000] {processor.py:840} INFO - DAG(s) 'example_short_circuit_operator' retrieved from /home/airflow/.local/lib/python3.12/site-packages/airflow/example_dags/example_short_circuit_operator.py
[2024-05-20T08:42:36.873+0000] {logging_mixin.py:188} INFO - [2024-05-20T08:42:36.872+0000] {dag.py:3096} INFO - Sync 1 DAGs
[2024-05-20T08:42:36.894+0000] {logging_mixin.py:188} INFO - [2024-05-20T08:42:36.894+0000] {dag.py:3954} INFO - Setting next_dagrun for example_short_circuit_operator to 2024-05-19 00:00:00+00:00, run_after=2024-05-20 00:00:00+00:00
[2024-05-20T08:42:36.916+0000] {processor.py:183} INFO - Processing /home/airflow/.local/lib/python3.12/site-packages/airflow/example_dags/example_short_circuit_operator.py took 0.080 seconds
[2024-05-20T08:43:07.377+0000] {processor.py:161} INFO - Started process (PID=1547) to work on /home/airflow/.local/lib/python3.12/site-packages/airflow/example_dags/example_short_circuit_operator.py
[2024-05-20T08:43:07.379+0000] {processor.py:830} INFO - Processing file /home/airflow/.local/lib/python3.12/site-packages/airflow/example_dags/example_short_circuit_operator.py for tasks to queue
[2024-05-20T08:43:07.380+0000] {logging_mixin.py:188} INFO - [2024-05-20T08:43:07.379+0000] {dagbag.py:545} INFO - Filling up the DagBag from /home/airflow/.local/lib/python3.12/site-packages/airflow/example_dags/example_short_circuit_operator.py
[2024-05-20T08:43:07.389+0000] {processor.py:840} INFO - DAG(s) 'example_short_circuit_operator' retrieved from /home/airflow/.local/lib/python3.12/site-packages/airflow/example_dags/example_short_circuit_operator.py
[2024-05-20T08:43:07.423+0000] {logging_mixin.py:188} INFO - [2024-05-20T08:43:07.422+0000] {dag.py:3096} INFO - Sync 1 DAGs
[2024-05-20T08:43:07.601+0000] {logging_mixin.py:188} INFO - [2024-05-20T08:43:07.601+0000] {dag.py:3954} INFO - Setting next_dagrun for example_short_circuit_operator to 2024-05-19 00:00:00+00:00, run_after=2024-05-20 00:00:00+00:00
[2024-05-20T08:43:07.626+0000] {processor.py:183} INFO - Processing /home/airflow/.local/lib/python3.12/site-packages/airflow/example_dags/example_short_circuit_operator.py took 0.255 seconds
[2024-05-20T08:43:37.708+0000] {processor.py:161} INFO - Started process (PID=1608) to work on /home/airflow/.local/lib/python3.12/site-packages/airflow/example_dags/example_short_circuit_operator.py
[2024-05-20T08:43:37.709+0000] {processor.py:830} INFO - Processing file /home/airflow/.local/lib/python3.12/site-packages/airflow/example_dags/example_short_circuit_operator.py for tasks to queue
[2024-05-20T08:43:37.710+0000] {logging_mixin.py:188} INFO - [2024-05-20T08:43:37.710+0000] {dagbag.py:545} INFO - Filling up the DagBag from /home/airflow/.local/lib/python3.12/site-packages/airflow/example_dags/example_short_circuit_operator.py
[2024-05-20T08:43:37.718+0000] {processor.py:840} INFO - DAG(s) 'example_short_circuit_operator' retrieved from /home/airflow/.local/lib/python3.12/site-packages/airflow/example_dags/example_short_circuit_operator.py
[2024-05-20T08:43:37.744+0000] {logging_mixin.py:188} INFO - [2024-05-20T08:43:37.744+0000] {dag.py:3096} INFO - Sync 1 DAGs
[2024-05-20T08:43:37.767+0000] {logging_mixin.py:188} INFO - [2024-05-20T08:43:37.767+0000] {dag.py:3954} INFO - Setting next_dagrun for example_short_circuit_operator to 2024-05-19 00:00:00+00:00, run_after=2024-05-20 00:00:00+00:00
[2024-05-20T08:43:37.918+0000] {processor.py:183} INFO - Processing /home/airflow/.local/lib/python3.12/site-packages/airflow/example_dags/example_short_circuit_operator.py took 0.215 seconds
[2024-05-20T08:44:08.188+0000] {processor.py:161} INFO - Started process (PID=1669) to work on /home/airflow/.local/lib/python3.12/site-packages/airflow/example_dags/example_short_circuit_operator.py
[2024-05-20T08:44:08.190+0000] {processor.py:830} INFO - Processing file /home/airflow/.local/lib/python3.12/site-packages/airflow/example_dags/example_short_circuit_operator.py for tasks to queue
[2024-05-20T08:44:08.192+0000] {logging_mixin.py:188} INFO - [2024-05-20T08:44:08.191+0000] {dagbag.py:545} INFO - Filling up the DagBag from /home/airflow/.local/lib/python3.12/site-packages/airflow/example_dags/example_short_circuit_operator.py
[2024-05-20T08:44:08.200+0000] {processor.py:840} INFO - DAG(s) 'example_short_circuit_operator' retrieved from /home/airflow/.local/lib/python3.12/site-packages/airflow/example_dags/example_short_circuit_operator.py
[2024-05-20T08:44:08.228+0000] {logging_mixin.py:188} INFO - [2024-05-20T08:44:08.227+0000] {dag.py:3096} INFO - Sync 1 DAGs
[2024-05-20T08:44:08.253+0000] {logging_mixin.py:188} INFO - [2024-05-20T08:44:08.252+0000] {dag.py:3954} INFO - Setting next_dagrun for example_short_circuit_operator to 2024-05-19 00:00:00+00:00, run_after=2024-05-20 00:00:00+00:00
[2024-05-20T08:44:08.279+0000] {processor.py:183} INFO - Processing /home/airflow/.local/lib/python3.12/site-packages/airflow/example_dags/example_short_circuit_operator.py took 0.098 seconds
[2024-05-20T08:44:38.794+0000] {processor.py:161} INFO - Started process (PID=1730) to work on /home/airflow/.local/lib/python3.12/site-packages/airflow/example_dags/example_short_circuit_operator.py
[2024-05-20T08:44:38.795+0000] {processor.py:830} INFO - Processing file /home/airflow/.local/lib/python3.12/site-packages/airflow/example_dags/example_short_circuit_operator.py for tasks to queue
[2024-05-20T08:44:38.796+0000] {logging_mixin.py:188} INFO - [2024-05-20T08:44:38.796+0000] {dagbag.py:545} INFO - Filling up the DagBag from /home/airflow/.local/lib/python3.12/site-packages/airflow/example_dags/example_short_circuit_operator.py
[2024-05-20T08:44:38.805+0000] {processor.py:840} INFO - DAG(s) 'example_short_circuit_operator' retrieved from /home/airflow/.local/lib/python3.12/site-packages/airflow/example_dags/example_short_circuit_operator.py
[2024-05-20T08:44:38.837+0000] {logging_mixin.py:188} INFO - [2024-05-20T08:44:38.836+0000] {dag.py:3096} INFO - Sync 1 DAGs
[2024-05-20T08:44:38.866+0000] {logging_mixin.py:188} INFO - [2024-05-20T08:44:38.866+0000] {dag.py:3954} INFO - Setting next_dagrun for example_short_circuit_operator to 2024-05-19 00:00:00+00:00, run_after=2024-05-20 00:00:00+00:00
[2024-05-20T08:44:38.894+0000] {processor.py:183} INFO - Processing /home/airflow/.local/lib/python3.12/site-packages/airflow/example_dags/example_short_circuit_operator.py took 0.105 seconds
[2024-05-20T08:45:09.030+0000] {processor.py:161} INFO - Started process (PID=1791) to work on /home/airflow/.local/lib/python3.12/site-packages/airflow/example_dags/example_short_circuit_operator.py
[2024-05-20T08:45:09.032+0000] {processor.py:830} INFO - Processing file /home/airflow/.local/lib/python3.12/site-packages/airflow/example_dags/example_short_circuit_operator.py for tasks to queue
[2024-05-20T08:45:09.034+0000] {logging_mixin.py:188} INFO - [2024-05-20T08:45:09.033+0000] {dagbag.py:545} INFO - Filling up the DagBag from /home/airflow/.local/lib/python3.12/site-packages/airflow/example_dags/example_short_circuit_operator.py
[2024-05-20T08:45:09.044+0000] {processor.py:840} INFO - DAG(s) 'example_short_circuit_operator' retrieved from /home/airflow/.local/lib/python3.12/site-packages/airflow/example_dags/example_short_circuit_operator.py
[2024-05-20T08:45:09.074+0000] {logging_mixin.py:188} INFO - [2024-05-20T08:45:09.074+0000] {dag.py:3096} INFO - Sync 1 DAGs
[2024-05-20T08:45:09.101+0000] {logging_mixin.py:188} INFO - [2024-05-20T08:45:09.100+0000] {dag.py:3954} INFO - Setting next_dagrun for example_short_circuit_operator to 2024-05-19 00:00:00+00:00, run_after=2024-05-20 00:00:00+00:00
[2024-05-20T08:45:09.132+0000] {processor.py:183} INFO - Processing /home/airflow/.local/lib/python3.12/site-packages/airflow/example_dags/example_short_circuit_operator.py took 0.111 seconds
[2024-05-20T08:45:39.509+0000] {processor.py:161} INFO - Started process (PID=1854) to work on /home/airflow/.local/lib/python3.12/site-packages/airflow/example_dags/example_short_circuit_operator.py
[2024-05-20T08:45:39.510+0000] {processor.py:830} INFO - Processing file /home/airflow/.local/lib/python3.12/site-packages/airflow/example_dags/example_short_circuit_operator.py for tasks to queue
[2024-05-20T08:45:39.512+0000] {logging_mixin.py:188} INFO - [2024-05-20T08:45:39.511+0000] {dagbag.py:545} INFO - Filling up the DagBag from /home/airflow/.local/lib/python3.12/site-packages/airflow/example_dags/example_short_circuit_operator.py
[2024-05-20T08:45:39.523+0000] {processor.py:840} INFO - DAG(s) 'example_short_circuit_operator' retrieved from /home/airflow/.local/lib/python3.12/site-packages/airflow/example_dags/example_short_circuit_operator.py
[2024-05-20T08:45:39.547+0000] {logging_mixin.py:188} INFO - [2024-05-20T08:45:39.547+0000] {dag.py:3096} INFO - Sync 1 DAGs
[2024-05-20T08:45:39.571+0000] {logging_mixin.py:188} INFO - [2024-05-20T08:45:39.571+0000] {dag.py:3954} INFO - Setting next_dagrun for example_short_circuit_operator to 2024-05-19 00:00:00+00:00, run_after=2024-05-20 00:00:00+00:00
[2024-05-20T08:45:39.594+0000] {processor.py:183} INFO - Processing /home/airflow/.local/lib/python3.12/site-packages/airflow/example_dags/example_short_circuit_operator.py took 0.092 seconds
[2024-05-20T08:46:10.471+0000] {processor.py:161} INFO - Started process (PID=1921) to work on /home/airflow/.local/lib/python3.12/site-packages/airflow/example_dags/example_short_circuit_operator.py
[2024-05-20T08:46:10.472+0000] {processor.py:830} INFO - Processing file /home/airflow/.local/lib/python3.12/site-packages/airflow/example_dags/example_short_circuit_operator.py for tasks to queue
[2024-05-20T08:46:10.473+0000] {logging_mixin.py:188} INFO - [2024-05-20T08:46:10.473+0000] {dagbag.py:545} INFO - Filling up the DagBag from /home/airflow/.local/lib/python3.12/site-packages/airflow/example_dags/example_short_circuit_operator.py
[2024-05-20T08:46:10.483+0000] {processor.py:840} INFO - DAG(s) 'example_short_circuit_operator' retrieved from /home/airflow/.local/lib/python3.12/site-packages/airflow/example_dags/example_short_circuit_operator.py
[2024-05-20T08:46:10.512+0000] {logging_mixin.py:188} INFO - [2024-05-20T08:46:10.511+0000] {dag.py:3096} INFO - Sync 1 DAGs
[2024-05-20T08:46:10.542+0000] {logging_mixin.py:188} INFO - [2024-05-20T08:46:10.542+0000] {dag.py:3954} INFO - Setting next_dagrun for example_short_circuit_operator to 2024-05-19 00:00:00+00:00, run_after=2024-05-20 00:00:00+00:00
[2024-05-20T08:46:10.572+0000] {processor.py:183} INFO - Processing /home/airflow/.local/lib/python3.12/site-packages/airflow/example_dags/example_short_circuit_operator.py took 0.107 seconds
[2024-05-20T08:46:40.841+0000] {processor.py:161} INFO - Started process (PID=1983) to work on /home/airflow/.local/lib/python3.12/site-packages/airflow/example_dags/example_short_circuit_operator.py
[2024-05-20T08:46:40.843+0000] {processor.py:830} INFO - Processing file /home/airflow/.local/lib/python3.12/site-packages/airflow/example_dags/example_short_circuit_operator.py for tasks to queue
[2024-05-20T08:46:40.844+0000] {logging_mixin.py:188} INFO - [2024-05-20T08:46:40.844+0000] {dagbag.py:545} INFO - Filling up the DagBag from /home/airflow/.local/lib/python3.12/site-packages/airflow/example_dags/example_short_circuit_operator.py
[2024-05-20T08:46:40.865+0000] {processor.py:840} INFO - DAG(s) 'example_short_circuit_operator' retrieved from /home/airflow/.local/lib/python3.12/site-packages/airflow/example_dags/example_short_circuit_operator.py
[2024-05-20T08:46:40.956+0000] {logging_mixin.py:188} INFO - [2024-05-20T08:46:40.955+0000] {dag.py:3096} INFO - Sync 1 DAGs
[2024-05-20T08:46:41.031+0000] {logging_mixin.py:188} INFO - [2024-05-20T08:46:41.031+0000] {dag.py:3954} INFO - Setting next_dagrun for example_short_circuit_operator to 2024-05-19 00:00:00+00:00, run_after=2024-05-20 00:00:00+00:00
[2024-05-20T08:46:41.066+0000] {processor.py:183} INFO - Processing /home/airflow/.local/lib/python3.12/site-packages/airflow/example_dags/example_short_circuit_operator.py took 0.231 seconds
[2024-05-20T08:47:11.599+0000] {processor.py:161} INFO - Started process (PID=2044) to work on /home/airflow/.local/lib/python3.12/site-packages/airflow/example_dags/example_short_circuit_operator.py
[2024-05-20T08:47:11.601+0000] {processor.py:830} INFO - Processing file /home/airflow/.local/lib/python3.12/site-packages/airflow/example_dags/example_short_circuit_operator.py for tasks to queue
[2024-05-20T08:47:11.602+0000] {logging_mixin.py:188} INFO - [2024-05-20T08:47:11.602+0000] {dagbag.py:545} INFO - Filling up the DagBag from /home/airflow/.local/lib/python3.12/site-packages/airflow/example_dags/example_short_circuit_operator.py
[2024-05-20T08:47:11.620+0000] {processor.py:840} INFO - DAG(s) 'example_short_circuit_operator' retrieved from /home/airflow/.local/lib/python3.12/site-packages/airflow/example_dags/example_short_circuit_operator.py
[2024-05-20T08:47:11.675+0000] {logging_mixin.py:188} INFO - [2024-05-20T08:47:11.673+0000] {dag.py:3096} INFO - Sync 1 DAGs
[2024-05-20T08:47:11.755+0000] {logging_mixin.py:188} INFO - [2024-05-20T08:47:11.754+0000] {dag.py:3954} INFO - Setting next_dagrun for example_short_circuit_operator to 2024-05-19 00:00:00+00:00, run_after=2024-05-20 00:00:00+00:00
[2024-05-20T08:47:11.868+0000] {processor.py:183} INFO - Processing /home/airflow/.local/lib/python3.12/site-packages/airflow/example_dags/example_short_circuit_operator.py took 0.281 seconds
[2024-05-20T08:47:42.627+0000] {processor.py:161} INFO - Started process (PID=2105) to work on /home/airflow/.local/lib/python3.12/site-packages/airflow/example_dags/example_short_circuit_operator.py
[2024-05-20T08:47:42.629+0000] {processor.py:830} INFO - Processing file /home/airflow/.local/lib/python3.12/site-packages/airflow/example_dags/example_short_circuit_operator.py for tasks to queue
[2024-05-20T08:47:42.630+0000] {logging_mixin.py:188} INFO - [2024-05-20T08:47:42.629+0000] {dagbag.py:545} INFO - Filling up the DagBag from /home/airflow/.local/lib/python3.12/site-packages/airflow/example_dags/example_short_circuit_operator.py
[2024-05-20T08:47:42.637+0000] {processor.py:840} INFO - DAG(s) 'example_short_circuit_operator' retrieved from /home/airflow/.local/lib/python3.12/site-packages/airflow/example_dags/example_short_circuit_operator.py
[2024-05-20T08:47:42.666+0000] {logging_mixin.py:188} INFO - [2024-05-20T08:47:42.665+0000] {dag.py:3096} INFO - Sync 1 DAGs
[2024-05-20T08:47:42.690+0000] {logging_mixin.py:188} INFO - [2024-05-20T08:47:42.689+0000] {dag.py:3954} INFO - Setting next_dagrun for example_short_circuit_operator to 2024-05-19 00:00:00+00:00, run_after=2024-05-20 00:00:00+00:00
[2024-05-20T08:47:42.714+0000] {processor.py:183} INFO - Processing /home/airflow/.local/lib/python3.12/site-packages/airflow/example_dags/example_short_circuit_operator.py took 0.093 seconds
[2024-05-20T08:48:13.160+0000] {processor.py:161} INFO - Started process (PID=2166) to work on /home/airflow/.local/lib/python3.12/site-packages/airflow/example_dags/example_short_circuit_operator.py
[2024-05-20T08:48:13.162+0000] {processor.py:830} INFO - Processing file /home/airflow/.local/lib/python3.12/site-packages/airflow/example_dags/example_short_circuit_operator.py for tasks to queue
[2024-05-20T08:48:13.164+0000] {logging_mixin.py:188} INFO - [2024-05-20T08:48:13.163+0000] {dagbag.py:545} INFO - Filling up the DagBag from /home/airflow/.local/lib/python3.12/site-packages/airflow/example_dags/example_short_circuit_operator.py
[2024-05-20T08:48:13.181+0000] {processor.py:840} INFO - DAG(s) 'example_short_circuit_operator' retrieved from /home/airflow/.local/lib/python3.12/site-packages/airflow/example_dags/example_short_circuit_operator.py
[2024-05-20T08:48:13.228+0000] {logging_mixin.py:188} INFO - [2024-05-20T08:48:13.227+0000] {dag.py:3096} INFO - Sync 1 DAGs
[2024-05-20T08:48:13.277+0000] {logging_mixin.py:188} INFO - [2024-05-20T08:48:13.277+0000] {dag.py:3954} INFO - Setting next_dagrun for example_short_circuit_operator to 2024-05-19 00:00:00+00:00, run_after=2024-05-20 00:00:00+00:00
[2024-05-20T08:48:13.336+0000] {processor.py:183} INFO - Processing /home/airflow/.local/lib/python3.12/site-packages/airflow/example_dags/example_short_circuit_operator.py took 0.188 seconds
[2024-05-20T08:48:43.876+0000] {processor.py:161} INFO - Started process (PID=2227) to work on /home/airflow/.local/lib/python3.12/site-packages/airflow/example_dags/example_short_circuit_operator.py
[2024-05-20T08:48:43.878+0000] {processor.py:830} INFO - Processing file /home/airflow/.local/lib/python3.12/site-packages/airflow/example_dags/example_short_circuit_operator.py for tasks to queue
[2024-05-20T08:48:43.879+0000] {logging_mixin.py:188} INFO - [2024-05-20T08:48:43.878+0000] {dagbag.py:545} INFO - Filling up the DagBag from /home/airflow/.local/lib/python3.12/site-packages/airflow/example_dags/example_short_circuit_operator.py
[2024-05-20T08:48:43.892+0000] {processor.py:840} INFO - DAG(s) 'example_short_circuit_operator' retrieved from /home/airflow/.local/lib/python3.12/site-packages/airflow/example_dags/example_short_circuit_operator.py
[2024-05-20T08:48:43.929+0000] {logging_mixin.py:188} INFO - [2024-05-20T08:48:43.929+0000] {dag.py:3096} INFO - Sync 1 DAGs
[2024-05-20T08:48:43.962+0000] {logging_mixin.py:188} INFO - [2024-05-20T08:48:43.962+0000] {dag.py:3954} INFO - Setting next_dagrun for example_short_circuit_operator to 2024-05-19 00:00:00+00:00, run_after=2024-05-20 00:00:00+00:00
[2024-05-20T08:48:43.998+0000] {processor.py:183} INFO - Processing /home/airflow/.local/lib/python3.12/site-packages/airflow/example_dags/example_short_circuit_operator.py took 0.131 seconds
[2024-05-20T08:49:14.306+0000] {processor.py:161} INFO - Started process (PID=2286) to work on /home/airflow/.local/lib/python3.12/site-packages/airflow/example_dags/example_short_circuit_operator.py
[2024-05-20T08:49:14.307+0000] {processor.py:830} INFO - Processing file /home/airflow/.local/lib/python3.12/site-packages/airflow/example_dags/example_short_circuit_operator.py for tasks to queue
[2024-05-20T08:49:14.308+0000] {logging_mixin.py:188} INFO - [2024-05-20T08:49:14.308+0000] {dagbag.py:545} INFO - Filling up the DagBag from /home/airflow/.local/lib/python3.12/site-packages/airflow/example_dags/example_short_circuit_operator.py
[2024-05-20T08:49:14.317+0000] {processor.py:840} INFO - DAG(s) 'example_short_circuit_operator' retrieved from /home/airflow/.local/lib/python3.12/site-packages/airflow/example_dags/example_short_circuit_operator.py
[2024-05-20T08:49:14.340+0000] {logging_mixin.py:188} INFO - [2024-05-20T08:49:14.340+0000] {dag.py:3096} INFO - Sync 1 DAGs
[2024-05-20T08:49:14.360+0000] {logging_mixin.py:188} INFO - [2024-05-20T08:49:14.360+0000] {dag.py:3954} INFO - Setting next_dagrun for example_short_circuit_operator to 2024-05-19 00:00:00+00:00, run_after=2024-05-20 00:00:00+00:00
[2024-05-20T08:49:14.380+0000] {processor.py:183} INFO - Processing /home/airflow/.local/lib/python3.12/site-packages/airflow/example_dags/example_short_circuit_operator.py took 0.081 seconds
[2024-05-20T08:49:44.934+0000] {processor.py:161} INFO - Started process (PID=2347) to work on /home/airflow/.local/lib/python3.12/site-packages/airflow/example_dags/example_short_circuit_operator.py
[2024-05-20T08:49:44.935+0000] {processor.py:830} INFO - Processing file /home/airflow/.local/lib/python3.12/site-packages/airflow/example_dags/example_short_circuit_operator.py for tasks to queue
[2024-05-20T08:49:44.937+0000] {logging_mixin.py:188} INFO - [2024-05-20T08:49:44.936+0000] {dagbag.py:545} INFO - Filling up the DagBag from /home/airflow/.local/lib/python3.12/site-packages/airflow/example_dags/example_short_circuit_operator.py
[2024-05-20T08:49:44.944+0000] {processor.py:840} INFO - DAG(s) 'example_short_circuit_operator' retrieved from /home/airflow/.local/lib/python3.12/site-packages/airflow/example_dags/example_short_circuit_operator.py
[2024-05-20T08:49:44.971+0000] {logging_mixin.py:188} INFO - [2024-05-20T08:49:44.970+0000] {dag.py:3096} INFO - Sync 1 DAGs
[2024-05-20T08:49:44.991+0000] {logging_mixin.py:188} INFO - [2024-05-20T08:49:44.991+0000] {dag.py:3954} INFO - Setting next_dagrun for example_short_circuit_operator to 2024-05-19 00:00:00+00:00, run_after=2024-05-20 00:00:00+00:00
[2024-05-20T08:49:45.010+0000] {processor.py:183} INFO - Processing /home/airflow/.local/lib/python3.12/site-packages/airflow/example_dags/example_short_circuit_operator.py took 0.082 seconds
[2024-05-20T08:50:15.194+0000] {processor.py:161} INFO - Started process (PID=2409) to work on /home/airflow/.local/lib/python3.12/site-packages/airflow/example_dags/example_short_circuit_operator.py
[2024-05-20T08:50:15.195+0000] {processor.py:830} INFO - Processing file /home/airflow/.local/lib/python3.12/site-packages/airflow/example_dags/example_short_circuit_operator.py for tasks to queue
[2024-05-20T08:50:15.196+0000] {logging_mixin.py:188} INFO - [2024-05-20T08:50:15.196+0000] {dagbag.py:545} INFO - Filling up the DagBag from /home/airflow/.local/lib/python3.12/site-packages/airflow/example_dags/example_short_circuit_operator.py
[2024-05-20T08:50:15.204+0000] {processor.py:840} INFO - DAG(s) 'example_short_circuit_operator' retrieved from /home/airflow/.local/lib/python3.12/site-packages/airflow/example_dags/example_short_circuit_operator.py
[2024-05-20T08:50:15.227+0000] {logging_mixin.py:188} INFO - [2024-05-20T08:50:15.227+0000] {dag.py:3096} INFO - Sync 1 DAGs
[2024-05-20T08:50:15.250+0000] {logging_mixin.py:188} INFO - [2024-05-20T08:50:15.250+0000] {dag.py:3954} INFO - Setting next_dagrun for example_short_circuit_operator to 2024-05-19 00:00:00+00:00, run_after=2024-05-20 00:00:00+00:00
[2024-05-20T08:50:15.272+0000] {processor.py:183} INFO - Processing /home/airflow/.local/lib/python3.12/site-packages/airflow/example_dags/example_short_circuit_operator.py took 0.083 seconds
[2024-05-20T08:50:45.617+0000] {processor.py:161} INFO - Started process (PID=2471) to work on /home/airflow/.local/lib/python3.12/site-packages/airflow/example_dags/example_short_circuit_operator.py
[2024-05-20T08:50:45.618+0000] {processor.py:830} INFO - Processing file /home/airflow/.local/lib/python3.12/site-packages/airflow/example_dags/example_short_circuit_operator.py for tasks to queue
[2024-05-20T08:50:45.619+0000] {logging_mixin.py:188} INFO - [2024-05-20T08:50:45.619+0000] {dagbag.py:545} INFO - Filling up the DagBag from /home/airflow/.local/lib/python3.12/site-packages/airflow/example_dags/example_short_circuit_operator.py
[2024-05-20T08:50:45.629+0000] {processor.py:840} INFO - DAG(s) 'example_short_circuit_operator' retrieved from /home/airflow/.local/lib/python3.12/site-packages/airflow/example_dags/example_short_circuit_operator.py
[2024-05-20T08:50:45.664+0000] {logging_mixin.py:188} INFO - [2024-05-20T08:50:45.663+0000] {dag.py:3096} INFO - Sync 1 DAGs
[2024-05-20T08:50:45.696+0000] {logging_mixin.py:188} INFO - [2024-05-20T08:50:45.695+0000] {dag.py:3954} INFO - Setting next_dagrun for example_short_circuit_operator to 2024-05-19 00:00:00+00:00, run_after=2024-05-20 00:00:00+00:00
[2024-05-20T08:50:45.725+0000] {processor.py:183} INFO - Processing /home/airflow/.local/lib/python3.12/site-packages/airflow/example_dags/example_short_circuit_operator.py took 0.115 seconds
[2024-05-20T08:51:16.006+0000] {processor.py:161} INFO - Started process (PID=2533) to work on /home/airflow/.local/lib/python3.12/site-packages/airflow/example_dags/example_short_circuit_operator.py
[2024-05-20T08:51:16.007+0000] {processor.py:830} INFO - Processing file /home/airflow/.local/lib/python3.12/site-packages/airflow/example_dags/example_short_circuit_operator.py for tasks to queue
[2024-05-20T08:51:16.008+0000] {logging_mixin.py:188} INFO - [2024-05-20T08:51:16.008+0000] {dagbag.py:545} INFO - Filling up the DagBag from /home/airflow/.local/lib/python3.12/site-packages/airflow/example_dags/example_short_circuit_operator.py
[2024-05-20T08:51:16.016+0000] {processor.py:840} INFO - DAG(s) 'example_short_circuit_operator' retrieved from /home/airflow/.local/lib/python3.12/site-packages/airflow/example_dags/example_short_circuit_operator.py
[2024-05-20T08:51:16.040+0000] {logging_mixin.py:188} INFO - [2024-05-20T08:51:16.040+0000] {dag.py:3096} INFO - Sync 1 DAGs
[2024-05-20T08:51:16.061+0000] {logging_mixin.py:188} INFO - [2024-05-20T08:51:16.061+0000] {dag.py:3954} INFO - Setting next_dagrun for example_short_circuit_operator to 2024-05-19 00:00:00+00:00, run_after=2024-05-20 00:00:00+00:00
[2024-05-20T08:51:16.083+0000] {processor.py:183} INFO - Processing /home/airflow/.local/lib/python3.12/site-packages/airflow/example_dags/example_short_circuit_operator.py took 0.082 seconds
[2024-05-20T08:51:46.875+0000] {processor.py:161} INFO - Started process (PID=2595) to work on /home/airflow/.local/lib/python3.12/site-packages/airflow/example_dags/example_short_circuit_operator.py
[2024-05-20T08:51:46.877+0000] {processor.py:830} INFO - Processing file /home/airflow/.local/lib/python3.12/site-packages/airflow/example_dags/example_short_circuit_operator.py for tasks to queue
[2024-05-20T08:51:46.879+0000] {logging_mixin.py:188} INFO - [2024-05-20T08:51:46.878+0000] {dagbag.py:545} INFO - Filling up the DagBag from /home/airflow/.local/lib/python3.12/site-packages/airflow/example_dags/example_short_circuit_operator.py
[2024-05-20T08:51:46.890+0000] {processor.py:840} INFO - DAG(s) 'example_short_circuit_operator' retrieved from /home/airflow/.local/lib/python3.12/site-packages/airflow/example_dags/example_short_circuit_operator.py
[2024-05-20T08:51:46.922+0000] {logging_mixin.py:188} INFO - [2024-05-20T08:51:46.922+0000] {dag.py:3096} INFO - Sync 1 DAGs
[2024-05-20T08:51:46.953+0000] {logging_mixin.py:188} INFO - [2024-05-20T08:51:46.953+0000] {dag.py:3954} INFO - Setting next_dagrun for example_short_circuit_operator to 2024-05-19 00:00:00+00:00, run_after=2024-05-20 00:00:00+00:00
[2024-05-20T08:51:46.979+0000] {processor.py:183} INFO - Processing /home/airflow/.local/lib/python3.12/site-packages/airflow/example_dags/example_short_circuit_operator.py took 0.111 seconds
[2024-05-20T08:52:17.150+0000] {processor.py:161} INFO - Started process (PID=2657) to work on /home/airflow/.local/lib/python3.12/site-packages/airflow/example_dags/example_short_circuit_operator.py
[2024-05-20T08:52:17.151+0000] {processor.py:830} INFO - Processing file /home/airflow/.local/lib/python3.12/site-packages/airflow/example_dags/example_short_circuit_operator.py for tasks to queue
[2024-05-20T08:52:17.152+0000] {logging_mixin.py:188} INFO - [2024-05-20T08:52:17.152+0000] {dagbag.py:545} INFO - Filling up the DagBag from /home/airflow/.local/lib/python3.12/site-packages/airflow/example_dags/example_short_circuit_operator.py
[2024-05-20T08:52:17.160+0000] {processor.py:840} INFO - DAG(s) 'example_short_circuit_operator' retrieved from /home/airflow/.local/lib/python3.12/site-packages/airflow/example_dags/example_short_circuit_operator.py
[2024-05-20T08:52:17.183+0000] {logging_mixin.py:188} INFO - [2024-05-20T08:52:17.183+0000] {dag.py:3096} INFO - Sync 1 DAGs
[2024-05-20T08:52:17.205+0000] {logging_mixin.py:188} INFO - [2024-05-20T08:52:17.205+0000] {dag.py:3954} INFO - Setting next_dagrun for example_short_circuit_operator to 2024-05-19 00:00:00+00:00, run_after=2024-05-20 00:00:00+00:00
[2024-05-20T08:52:17.229+0000] {processor.py:183} INFO - Processing /home/airflow/.local/lib/python3.12/site-packages/airflow/example_dags/example_short_circuit_operator.py took 0.085 seconds
[2024-05-20T08:52:47.477+0000] {processor.py:161} INFO - Started process (PID=2720) to work on /home/airflow/.local/lib/python3.12/site-packages/airflow/example_dags/example_short_circuit_operator.py
[2024-05-20T08:52:47.478+0000] {processor.py:830} INFO - Processing file /home/airflow/.local/lib/python3.12/site-packages/airflow/example_dags/example_short_circuit_operator.py for tasks to queue
[2024-05-20T08:52:47.480+0000] {logging_mixin.py:188} INFO - [2024-05-20T08:52:47.479+0000] {dagbag.py:545} INFO - Filling up the DagBag from /home/airflow/.local/lib/python3.12/site-packages/airflow/example_dags/example_short_circuit_operator.py
[2024-05-20T08:52:47.487+0000] {processor.py:840} INFO - DAG(s) 'example_short_circuit_operator' retrieved from /home/airflow/.local/lib/python3.12/site-packages/airflow/example_dags/example_short_circuit_operator.py
[2024-05-20T08:52:47.512+0000] {logging_mixin.py:188} INFO - [2024-05-20T08:52:47.512+0000] {dag.py:3096} INFO - Sync 1 DAGs
[2024-05-20T08:52:47.535+0000] {logging_mixin.py:188} INFO - [2024-05-20T08:52:47.535+0000] {dag.py:3954} INFO - Setting next_dagrun for example_short_circuit_operator to 2024-05-19 00:00:00+00:00, run_after=2024-05-20 00:00:00+00:00
[2024-05-20T08:52:47.557+0000] {processor.py:183} INFO - Processing /home/airflow/.local/lib/python3.12/site-packages/airflow/example_dags/example_short_circuit_operator.py took 0.087 seconds
[2024-05-20T08:53:17.736+0000] {processor.py:161} INFO - Started process (PID=2783) to work on /home/airflow/.local/lib/python3.12/site-packages/airflow/example_dags/example_short_circuit_operator.py
[2024-05-20T08:53:17.737+0000] {processor.py:830} INFO - Processing file /home/airflow/.local/lib/python3.12/site-packages/airflow/example_dags/example_short_circuit_operator.py for tasks to queue
[2024-05-20T08:53:17.739+0000] {logging_mixin.py:188} INFO - [2024-05-20T08:53:17.738+0000] {dagbag.py:545} INFO - Filling up the DagBag from /home/airflow/.local/lib/python3.12/site-packages/airflow/example_dags/example_short_circuit_operator.py
[2024-05-20T08:53:17.746+0000] {processor.py:840} INFO - DAG(s) 'example_short_circuit_operator' retrieved from /home/airflow/.local/lib/python3.12/site-packages/airflow/example_dags/example_short_circuit_operator.py
[2024-05-20T08:53:17.767+0000] {logging_mixin.py:188} INFO - [2024-05-20T08:53:17.767+0000] {dag.py:3096} INFO - Sync 1 DAGs
[2024-05-20T08:53:17.790+0000] {logging_mixin.py:188} INFO - [2024-05-20T08:53:17.790+0000] {dag.py:3954} INFO - Setting next_dagrun for example_short_circuit_operator to 2024-05-19 00:00:00+00:00, run_after=2024-05-20 00:00:00+00:00
[2024-05-20T08:53:17.812+0000] {processor.py:183} INFO - Processing /home/airflow/.local/lib/python3.12/site-packages/airflow/example_dags/example_short_circuit_operator.py took 0.082 seconds
[2024-05-20T08:53:48.107+0000] {processor.py:161} INFO - Started process (PID=2847) to work on /home/airflow/.local/lib/python3.12/site-packages/airflow/example_dags/example_short_circuit_operator.py
[2024-05-20T08:53:48.108+0000] {processor.py:830} INFO - Processing file /home/airflow/.local/lib/python3.12/site-packages/airflow/example_dags/example_short_circuit_operator.py for tasks to queue
[2024-05-20T08:53:48.109+0000] {logging_mixin.py:188} INFO - [2024-05-20T08:53:48.108+0000] {dagbag.py:545} INFO - Filling up the DagBag from /home/airflow/.local/lib/python3.12/site-packages/airflow/example_dags/example_short_circuit_operator.py
[2024-05-20T08:53:48.116+0000] {processor.py:840} INFO - DAG(s) 'example_short_circuit_operator' retrieved from /home/airflow/.local/lib/python3.12/site-packages/airflow/example_dags/example_short_circuit_operator.py
[2024-05-20T08:53:48.142+0000] {logging_mixin.py:188} INFO - [2024-05-20T08:53:48.141+0000] {dag.py:3096} INFO - Sync 1 DAGs
[2024-05-20T08:53:48.162+0000] {logging_mixin.py:188} INFO - [2024-05-20T08:53:48.162+0000] {dag.py:3954} INFO - Setting next_dagrun for example_short_circuit_operator to 2024-05-19 00:00:00+00:00, run_after=2024-05-20 00:00:00+00:00
[2024-05-20T08:53:48.183+0000] {processor.py:183} INFO - Processing /home/airflow/.local/lib/python3.12/site-packages/airflow/example_dags/example_short_circuit_operator.py took 0.082 seconds
[2024-05-20T08:54:18.793+0000] {processor.py:161} INFO - Started process (PID=2909) to work on /home/airflow/.local/lib/python3.12/site-packages/airflow/example_dags/example_short_circuit_operator.py
[2024-05-20T08:54:18.795+0000] {processor.py:830} INFO - Processing file /home/airflow/.local/lib/python3.12/site-packages/airflow/example_dags/example_short_circuit_operator.py for tasks to queue
[2024-05-20T08:54:18.796+0000] {logging_mixin.py:188} INFO - [2024-05-20T08:54:18.795+0000] {dagbag.py:545} INFO - Filling up the DagBag from /home/airflow/.local/lib/python3.12/site-packages/airflow/example_dags/example_short_circuit_operator.py
[2024-05-20T08:54:18.807+0000] {processor.py:840} INFO - DAG(s) 'example_short_circuit_operator' retrieved from /home/airflow/.local/lib/python3.12/site-packages/airflow/example_dags/example_short_circuit_operator.py
[2024-05-20T08:54:18.832+0000] {logging_mixin.py:188} INFO - [2024-05-20T08:54:18.832+0000] {dag.py:3096} INFO - Sync 1 DAGs
[2024-05-20T08:54:18.856+0000] {logging_mixin.py:188} INFO - [2024-05-20T08:54:18.856+0000] {dag.py:3954} INFO - Setting next_dagrun for example_short_circuit_operator to 2024-05-19 00:00:00+00:00, run_after=2024-05-20 00:00:00+00:00
[2024-05-20T08:54:18.877+0000] {processor.py:183} INFO - Processing /home/airflow/.local/lib/python3.12/site-packages/airflow/example_dags/example_short_circuit_operator.py took 0.089 seconds
[2024-05-20T08:54:49.666+0000] {processor.py:161} INFO - Started process (PID=2975) to work on /home/airflow/.local/lib/python3.12/site-packages/airflow/example_dags/example_short_circuit_operator.py
[2024-05-20T08:54:49.667+0000] {processor.py:830} INFO - Processing file /home/airflow/.local/lib/python3.12/site-packages/airflow/example_dags/example_short_circuit_operator.py for tasks to queue
[2024-05-20T08:54:49.668+0000] {logging_mixin.py:188} INFO - [2024-05-20T08:54:49.668+0000] {dagbag.py:545} INFO - Filling up the DagBag from /home/airflow/.local/lib/python3.12/site-packages/airflow/example_dags/example_short_circuit_operator.py
[2024-05-20T08:54:49.677+0000] {processor.py:840} INFO - DAG(s) 'example_short_circuit_operator' retrieved from /home/airflow/.local/lib/python3.12/site-packages/airflow/example_dags/example_short_circuit_operator.py
[2024-05-20T08:54:49.704+0000] {logging_mixin.py:188} INFO - [2024-05-20T08:54:49.703+0000] {dag.py:3096} INFO - Sync 1 DAGs
[2024-05-20T08:54:49.729+0000] {logging_mixin.py:188} INFO - [2024-05-20T08:54:49.729+0000] {dag.py:3954} INFO - Setting next_dagrun for example_short_circuit_operator to 2024-05-19 00:00:00+00:00, run_after=2024-05-20 00:00:00+00:00
[2024-05-20T08:54:49.758+0000] {processor.py:183} INFO - Processing /home/airflow/.local/lib/python3.12/site-packages/airflow/example_dags/example_short_circuit_operator.py took 0.101 seconds
[2024-05-20T08:55:19.807+0000] {processor.py:161} INFO - Started process (PID=3037) to work on /home/airflow/.local/lib/python3.12/site-packages/airflow/example_dags/example_short_circuit_operator.py
[2024-05-20T08:55:19.808+0000] {processor.py:830} INFO - Processing file /home/airflow/.local/lib/python3.12/site-packages/airflow/example_dags/example_short_circuit_operator.py for tasks to queue
[2024-05-20T08:55:19.809+0000] {logging_mixin.py:188} INFO - [2024-05-20T08:55:19.809+0000] {dagbag.py:545} INFO - Filling up the DagBag from /home/airflow/.local/lib/python3.12/site-packages/airflow/example_dags/example_short_circuit_operator.py
[2024-05-20T08:55:19.817+0000] {processor.py:840} INFO - DAG(s) 'example_short_circuit_operator' retrieved from /home/airflow/.local/lib/python3.12/site-packages/airflow/example_dags/example_short_circuit_operator.py
[2024-05-20T08:55:19.840+0000] {logging_mixin.py:188} INFO - [2024-05-20T08:55:19.840+0000] {dag.py:3096} INFO - Sync 1 DAGs
[2024-05-20T08:55:19.861+0000] {logging_mixin.py:188} INFO - [2024-05-20T08:55:19.861+0000] {dag.py:3954} INFO - Setting next_dagrun for example_short_circuit_operator to 2024-05-19 00:00:00+00:00, run_after=2024-05-20 00:00:00+00:00
[2024-05-20T08:55:19.883+0000] {processor.py:183} INFO - Processing /home/airflow/.local/lib/python3.12/site-packages/airflow/example_dags/example_short_circuit_operator.py took 0.082 seconds
[2024-05-20T08:55:50.725+0000] {processor.py:161} INFO - Started process (PID=3099) to work on /home/airflow/.local/lib/python3.12/site-packages/airflow/example_dags/example_short_circuit_operator.py
[2024-05-20T08:55:50.727+0000] {processor.py:830} INFO - Processing file /home/airflow/.local/lib/python3.12/site-packages/airflow/example_dags/example_short_circuit_operator.py for tasks to queue
[2024-05-20T08:55:50.728+0000] {logging_mixin.py:188} INFO - [2024-05-20T08:55:50.728+0000] {dagbag.py:545} INFO - Filling up the DagBag from /home/airflow/.local/lib/python3.12/site-packages/airflow/example_dags/example_short_circuit_operator.py
[2024-05-20T08:55:50.740+0000] {processor.py:840} INFO - DAG(s) 'example_short_circuit_operator' retrieved from /home/airflow/.local/lib/python3.12/site-packages/airflow/example_dags/example_short_circuit_operator.py
[2024-05-20T08:55:50.771+0000] {logging_mixin.py:188} INFO - [2024-05-20T08:55:50.771+0000] {dag.py:3096} INFO - Sync 1 DAGs
[2024-05-20T08:55:50.796+0000] {logging_mixin.py:188} INFO - [2024-05-20T08:55:50.796+0000] {dag.py:3954} INFO - Setting next_dagrun for example_short_circuit_operator to 2024-05-19 00:00:00+00:00, run_after=2024-05-20 00:00:00+00:00
[2024-05-20T08:55:50.820+0000] {processor.py:183} INFO - Processing /home/airflow/.local/lib/python3.12/site-packages/airflow/example_dags/example_short_circuit_operator.py took 0.103 seconds
[2024-05-20T08:56:21.523+0000] {processor.py:161} INFO - Started process (PID=3167) to work on /home/airflow/.local/lib/python3.12/site-packages/airflow/example_dags/example_short_circuit_operator.py
[2024-05-20T08:56:21.524+0000] {processor.py:830} INFO - Processing file /home/airflow/.local/lib/python3.12/site-packages/airflow/example_dags/example_short_circuit_operator.py for tasks to queue
[2024-05-20T08:56:21.526+0000] {logging_mixin.py:188} INFO - [2024-05-20T08:56:21.525+0000] {dagbag.py:545} INFO - Filling up the DagBag from /home/airflow/.local/lib/python3.12/site-packages/airflow/example_dags/example_short_circuit_operator.py
[2024-05-20T08:56:21.535+0000] {processor.py:840} INFO - DAG(s) 'example_short_circuit_operator' retrieved from /home/airflow/.local/lib/python3.12/site-packages/airflow/example_dags/example_short_circuit_operator.py
[2024-05-20T08:56:21.562+0000] {logging_mixin.py:188} INFO - [2024-05-20T08:56:21.562+0000] {dag.py:3096} INFO - Sync 1 DAGs
[2024-05-20T08:56:21.591+0000] {logging_mixin.py:188} INFO - [2024-05-20T08:56:21.591+0000] {dag.py:3954} INFO - Setting next_dagrun for example_short_circuit_operator to 2024-05-19 00:00:00+00:00, run_after=2024-05-20 00:00:00+00:00
[2024-05-20T08:56:21.629+0000] {processor.py:183} INFO - Processing /home/airflow/.local/lib/python3.12/site-packages/airflow/example_dags/example_short_circuit_operator.py took 0.112 seconds
[2024-05-20T08:56:52.253+0000] {processor.py:161} INFO - Started process (PID=3229) to work on /home/airflow/.local/lib/python3.12/site-packages/airflow/example_dags/example_short_circuit_operator.py
[2024-05-20T08:56:52.254+0000] {processor.py:830} INFO - Processing file /home/airflow/.local/lib/python3.12/site-packages/airflow/example_dags/example_short_circuit_operator.py for tasks to queue
[2024-05-20T08:56:52.255+0000] {logging_mixin.py:188} INFO - [2024-05-20T08:56:52.255+0000] {dagbag.py:545} INFO - Filling up the DagBag from /home/airflow/.local/lib/python3.12/site-packages/airflow/example_dags/example_short_circuit_operator.py
[2024-05-20T08:56:52.263+0000] {processor.py:840} INFO - DAG(s) 'example_short_circuit_operator' retrieved from /home/airflow/.local/lib/python3.12/site-packages/airflow/example_dags/example_short_circuit_operator.py
[2024-05-20T08:56:52.286+0000] {logging_mixin.py:188} INFO - [2024-05-20T08:56:52.286+0000] {dag.py:3096} INFO - Sync 1 DAGs
[2024-05-20T08:56:52.310+0000] {logging_mixin.py:188} INFO - [2024-05-20T08:56:52.310+0000] {dag.py:3954} INFO - Setting next_dagrun for example_short_circuit_operator to 2024-05-19 00:00:00+00:00, run_after=2024-05-20 00:00:00+00:00
[2024-05-20T08:56:52.337+0000] {processor.py:183} INFO - Processing /home/airflow/.local/lib/python3.12/site-packages/airflow/example_dags/example_short_circuit_operator.py took 0.089 seconds
[2024-05-20T08:57:22.951+0000] {processor.py:161} INFO - Started process (PID=3291) to work on /home/airflow/.local/lib/python3.12/site-packages/airflow/example_dags/example_short_circuit_operator.py
[2024-05-20T08:57:22.952+0000] {processor.py:830} INFO - Processing file /home/airflow/.local/lib/python3.12/site-packages/airflow/example_dags/example_short_circuit_operator.py for tasks to queue
[2024-05-20T08:57:22.953+0000] {logging_mixin.py:188} INFO - [2024-05-20T08:57:22.952+0000] {dagbag.py:545} INFO - Filling up the DagBag from /home/airflow/.local/lib/python3.12/site-packages/airflow/example_dags/example_short_circuit_operator.py
[2024-05-20T08:57:22.963+0000] {processor.py:840} INFO - DAG(s) 'example_short_circuit_operator' retrieved from /home/airflow/.local/lib/python3.12/site-packages/airflow/example_dags/example_short_circuit_operator.py
[2024-05-20T08:57:22.990+0000] {logging_mixin.py:188} INFO - [2024-05-20T08:57:22.990+0000] {dag.py:3096} INFO - Sync 1 DAGs
[2024-05-20T08:57:23.016+0000] {logging_mixin.py:188} INFO - [2024-05-20T08:57:23.015+0000] {dag.py:3954} INFO - Setting next_dagrun for example_short_circuit_operator to 2024-05-19 00:00:00+00:00, run_after=2024-05-20 00:00:00+00:00
[2024-05-20T08:57:23.039+0000] {processor.py:183} INFO - Processing /home/airflow/.local/lib/python3.12/site-packages/airflow/example_dags/example_short_circuit_operator.py took 0.095 seconds
[2024-05-20T08:57:53.859+0000] {processor.py:161} INFO - Started process (PID=3353) to work on /home/airflow/.local/lib/python3.12/site-packages/airflow/example_dags/example_short_circuit_operator.py
[2024-05-20T08:57:53.860+0000] {processor.py:830} INFO - Processing file /home/airflow/.local/lib/python3.12/site-packages/airflow/example_dags/example_short_circuit_operator.py for tasks to queue
[2024-05-20T08:57:53.861+0000] {logging_mixin.py:188} INFO - [2024-05-20T08:57:53.861+0000] {dagbag.py:545} INFO - Filling up the DagBag from /home/airflow/.local/lib/python3.12/site-packages/airflow/example_dags/example_short_circuit_operator.py
[2024-05-20T08:57:53.869+0000] {processor.py:840} INFO - DAG(s) 'example_short_circuit_operator' retrieved from /home/airflow/.local/lib/python3.12/site-packages/airflow/example_dags/example_short_circuit_operator.py
[2024-05-20T08:57:53.896+0000] {logging_mixin.py:188} INFO - [2024-05-20T08:57:53.896+0000] {dag.py:3096} INFO - Sync 1 DAGs
[2024-05-20T08:57:53.920+0000] {logging_mixin.py:188} INFO - [2024-05-20T08:57:53.920+0000] {dag.py:3954} INFO - Setting next_dagrun for example_short_circuit_operator to 2024-05-19 00:00:00+00:00, run_after=2024-05-20 00:00:00+00:00
[2024-05-20T08:57:53.946+0000] {processor.py:183} INFO - Processing /home/airflow/.local/lib/python3.12/site-packages/airflow/example_dags/example_short_circuit_operator.py took 0.095 seconds
[2024-05-20T08:58:24.833+0000] {processor.py:161} INFO - Started process (PID=3414) to work on /home/airflow/.local/lib/python3.12/site-packages/airflow/example_dags/example_short_circuit_operator.py
[2024-05-20T08:58:24.834+0000] {processor.py:830} INFO - Processing file /home/airflow/.local/lib/python3.12/site-packages/airflow/example_dags/example_short_circuit_operator.py for tasks to queue
[2024-05-20T08:58:24.835+0000] {logging_mixin.py:188} INFO - [2024-05-20T08:58:24.835+0000] {dagbag.py:545} INFO - Filling up the DagBag from /home/airflow/.local/lib/python3.12/site-packages/airflow/example_dags/example_short_circuit_operator.py
[2024-05-20T08:58:24.842+0000] {processor.py:840} INFO - DAG(s) 'example_short_circuit_operator' retrieved from /home/airflow/.local/lib/python3.12/site-packages/airflow/example_dags/example_short_circuit_operator.py
[2024-05-20T08:58:24.865+0000] {logging_mixin.py:188} INFO - [2024-05-20T08:58:24.865+0000] {dag.py:3096} INFO - Sync 1 DAGs
[2024-05-20T08:58:24.885+0000] {logging_mixin.py:188} INFO - [2024-05-20T08:58:24.885+0000] {dag.py:3954} INFO - Setting next_dagrun for example_short_circuit_operator to 2024-05-19 00:00:00+00:00, run_after=2024-05-20 00:00:00+00:00
[2024-05-20T08:58:24.905+0000] {processor.py:183} INFO - Processing /home/airflow/.local/lib/python3.12/site-packages/airflow/example_dags/example_short_circuit_operator.py took 0.078 seconds
[2024-05-20T08:58:55.254+0000] {processor.py:161} INFO - Started process (PID=3475) to work on /home/airflow/.local/lib/python3.12/site-packages/airflow/example_dags/example_short_circuit_operator.py
[2024-05-20T08:58:55.256+0000] {processor.py:830} INFO - Processing file /home/airflow/.local/lib/python3.12/site-packages/airflow/example_dags/example_short_circuit_operator.py for tasks to queue
[2024-05-20T08:58:55.259+0000] {logging_mixin.py:188} INFO - [2024-05-20T08:58:55.258+0000] {dagbag.py:545} INFO - Filling up the DagBag from /home/airflow/.local/lib/python3.12/site-packages/airflow/example_dags/example_short_circuit_operator.py
[2024-05-20T08:58:55.277+0000] {processor.py:840} INFO - DAG(s) 'example_short_circuit_operator' retrieved from /home/airflow/.local/lib/python3.12/site-packages/airflow/example_dags/example_short_circuit_operator.py
[2024-05-20T08:58:55.326+0000] {logging_mixin.py:188} INFO - [2024-05-20T08:58:55.326+0000] {dag.py:3096} INFO - Sync 1 DAGs
[2024-05-20T08:58:55.372+0000] {logging_mixin.py:188} INFO - [2024-05-20T08:58:55.372+0000] {dag.py:3954} INFO - Setting next_dagrun for example_short_circuit_operator to 2024-05-19 00:00:00+00:00, run_after=2024-05-20 00:00:00+00:00
[2024-05-20T08:58:55.414+0000] {processor.py:183} INFO - Processing /home/airflow/.local/lib/python3.12/site-packages/airflow/example_dags/example_short_circuit_operator.py took 0.172 seconds
[2024-05-20T08:59:26.408+0000] {processor.py:161} INFO - Started process (PID=3536) to work on /home/airflow/.local/lib/python3.12/site-packages/airflow/example_dags/example_short_circuit_operator.py
[2024-05-20T08:59:26.409+0000] {processor.py:830} INFO - Processing file /home/airflow/.local/lib/python3.12/site-packages/airflow/example_dags/example_short_circuit_operator.py for tasks to queue
[2024-05-20T08:59:26.410+0000] {logging_mixin.py:188} INFO - [2024-05-20T08:59:26.410+0000] {dagbag.py:545} INFO - Filling up the DagBag from /home/airflow/.local/lib/python3.12/site-packages/airflow/example_dags/example_short_circuit_operator.py
[2024-05-20T08:59:26.425+0000] {processor.py:840} INFO - DAG(s) 'example_short_circuit_operator' retrieved from /home/airflow/.local/lib/python3.12/site-packages/airflow/example_dags/example_short_circuit_operator.py
[2024-05-20T08:59:26.464+0000] {logging_mixin.py:188} INFO - [2024-05-20T08:59:26.464+0000] {dag.py:3096} INFO - Sync 1 DAGs
[2024-05-20T08:59:26.489+0000] {logging_mixin.py:188} INFO - [2024-05-20T08:59:26.489+0000] {dag.py:3954} INFO - Setting next_dagrun for example_short_circuit_operator to 2024-05-19 00:00:00+00:00, run_after=2024-05-20 00:00:00+00:00
[2024-05-20T08:59:26.518+0000] {processor.py:183} INFO - Processing /home/airflow/.local/lib/python3.12/site-packages/airflow/example_dags/example_short_circuit_operator.py took 0.116 seconds
[2024-05-20T08:59:57.291+0000] {processor.py:161} INFO - Started process (PID=3597) to work on /home/airflow/.local/lib/python3.12/site-packages/airflow/example_dags/example_short_circuit_operator.py
[2024-05-20T08:59:57.294+0000] {processor.py:830} INFO - Processing file /home/airflow/.local/lib/python3.12/site-packages/airflow/example_dags/example_short_circuit_operator.py for tasks to queue
[2024-05-20T08:59:57.296+0000] {logging_mixin.py:188} INFO - [2024-05-20T08:59:57.295+0000] {dagbag.py:545} INFO - Filling up the DagBag from /home/airflow/.local/lib/python3.12/site-packages/airflow/example_dags/example_short_circuit_operator.py
[2024-05-20T08:59:57.309+0000] {processor.py:840} INFO - DAG(s) 'example_short_circuit_operator' retrieved from /home/airflow/.local/lib/python3.12/site-packages/airflow/example_dags/example_short_circuit_operator.py
[2024-05-20T08:59:57.352+0000] {logging_mixin.py:188} INFO - [2024-05-20T08:59:57.352+0000] {dag.py:3096} INFO - Sync 1 DAGs
[2024-05-20T08:59:57.397+0000] {logging_mixin.py:188} INFO - [2024-05-20T08:59:57.396+0000] {dag.py:3954} INFO - Setting next_dagrun for example_short_circuit_operator to 2024-05-19 00:00:00+00:00, run_after=2024-05-20 00:00:00+00:00
[2024-05-20T08:59:57.442+0000] {processor.py:183} INFO - Processing /home/airflow/.local/lib/python3.12/site-packages/airflow/example_dags/example_short_circuit_operator.py took 0.162 seconds
[2024-05-20T09:00:28.089+0000] {processor.py:161} INFO - Started process (PID=3659) to work on /home/airflow/.local/lib/python3.12/site-packages/airflow/example_dags/example_short_circuit_operator.py
[2024-05-20T09:00:28.091+0000] {processor.py:830} INFO - Processing file /home/airflow/.local/lib/python3.12/site-packages/airflow/example_dags/example_short_circuit_operator.py for tasks to queue
[2024-05-20T09:00:28.092+0000] {logging_mixin.py:188} INFO - [2024-05-20T09:00:28.091+0000] {dagbag.py:545} INFO - Filling up the DagBag from /home/airflow/.local/lib/python3.12/site-packages/airflow/example_dags/example_short_circuit_operator.py
[2024-05-20T09:00:28.101+0000] {processor.py:840} INFO - DAG(s) 'example_short_circuit_operator' retrieved from /home/airflow/.local/lib/python3.12/site-packages/airflow/example_dags/example_short_circuit_operator.py
[2024-05-20T09:00:28.127+0000] {logging_mixin.py:188} INFO - [2024-05-20T09:00:28.127+0000] {dag.py:3096} INFO - Sync 1 DAGs
[2024-05-20T09:00:28.148+0000] {logging_mixin.py:188} INFO - [2024-05-20T09:00:28.148+0000] {dag.py:3954} INFO - Setting next_dagrun for example_short_circuit_operator to 2024-05-19 00:00:00+00:00, run_after=2024-05-20 00:00:00+00:00
[2024-05-20T09:00:28.171+0000] {processor.py:183} INFO - Processing /home/airflow/.local/lib/python3.12/site-packages/airflow/example_dags/example_short_circuit_operator.py took 0.087 seconds
[2024-05-20T09:00:58.921+0000] {processor.py:161} INFO - Started process (PID=3721) to work on /home/airflow/.local/lib/python3.12/site-packages/airflow/example_dags/example_short_circuit_operator.py
[2024-05-20T09:00:58.922+0000] {processor.py:830} INFO - Processing file /home/airflow/.local/lib/python3.12/site-packages/airflow/example_dags/example_short_circuit_operator.py for tasks to queue
[2024-05-20T09:00:58.923+0000] {logging_mixin.py:188} INFO - [2024-05-20T09:00:58.923+0000] {dagbag.py:545} INFO - Filling up the DagBag from /home/airflow/.local/lib/python3.12/site-packages/airflow/example_dags/example_short_circuit_operator.py
[2024-05-20T09:00:58.931+0000] {processor.py:840} INFO - DAG(s) 'example_short_circuit_operator' retrieved from /home/airflow/.local/lib/python3.12/site-packages/airflow/example_dags/example_short_circuit_operator.py
[2024-05-20T09:00:58.957+0000] {logging_mixin.py:188} INFO - [2024-05-20T09:00:58.956+0000] {dag.py:3096} INFO - Sync 1 DAGs
[2024-05-20T09:00:58.980+0000] {logging_mixin.py:188} INFO - [2024-05-20T09:00:58.980+0000] {dag.py:3954} INFO - Setting next_dagrun for example_short_circuit_operator to 2024-05-19 00:00:00+00:00, run_after=2024-05-20 00:00:00+00:00
[2024-05-20T09:00:59.001+0000] {processor.py:183} INFO - Processing /home/airflow/.local/lib/python3.12/site-packages/airflow/example_dags/example_short_circuit_operator.py took 0.086 seconds
[2024-05-20T09:01:29.131+0000] {processor.py:161} INFO - Started process (PID=3783) to work on /home/airflow/.local/lib/python3.12/site-packages/airflow/example_dags/example_short_circuit_operator.py
[2024-05-20T09:01:29.132+0000] {processor.py:830} INFO - Processing file /home/airflow/.local/lib/python3.12/site-packages/airflow/example_dags/example_short_circuit_operator.py for tasks to queue
[2024-05-20T09:01:29.133+0000] {logging_mixin.py:188} INFO - [2024-05-20T09:01:29.133+0000] {dagbag.py:545} INFO - Filling up the DagBag from /home/airflow/.local/lib/python3.12/site-packages/airflow/example_dags/example_short_circuit_operator.py
[2024-05-20T09:01:29.140+0000] {processor.py:840} INFO - DAG(s) 'example_short_circuit_operator' retrieved from /home/airflow/.local/lib/python3.12/site-packages/airflow/example_dags/example_short_circuit_operator.py
[2024-05-20T09:01:29.163+0000] {logging_mixin.py:188} INFO - [2024-05-20T09:01:29.162+0000] {dag.py:3096} INFO - Sync 1 DAGs
[2024-05-20T09:01:29.184+0000] {logging_mixin.py:188} INFO - [2024-05-20T09:01:29.184+0000] {dag.py:3954} INFO - Setting next_dagrun for example_short_circuit_operator to 2024-05-19 00:00:00+00:00, run_after=2024-05-20 00:00:00+00:00
[2024-05-20T09:01:29.206+0000] {processor.py:183} INFO - Processing /home/airflow/.local/lib/python3.12/site-packages/airflow/example_dags/example_short_circuit_operator.py took 0.080 seconds
[2024-05-20T09:02:00.473+0000] {processor.py:161} INFO - Started process (PID=3845) to work on /home/airflow/.local/lib/python3.12/site-packages/airflow/example_dags/example_short_circuit_operator.py
[2024-05-20T09:02:00.475+0000] {processor.py:830} INFO - Processing file /home/airflow/.local/lib/python3.12/site-packages/airflow/example_dags/example_short_circuit_operator.py for tasks to queue
[2024-05-20T09:02:00.477+0000] {logging_mixin.py:188} INFO - [2024-05-20T09:02:00.477+0000] {dagbag.py:545} INFO - Filling up the DagBag from /home/airflow/.local/lib/python3.12/site-packages/airflow/example_dags/example_short_circuit_operator.py
[2024-05-20T09:02:00.490+0000] {processor.py:840} INFO - DAG(s) 'example_short_circuit_operator' retrieved from /home/airflow/.local/lib/python3.12/site-packages/airflow/example_dags/example_short_circuit_operator.py
[2024-05-20T09:02:00.527+0000] {logging_mixin.py:188} INFO - [2024-05-20T09:02:00.527+0000] {dag.py:3096} INFO - Sync 1 DAGs
[2024-05-20T09:02:00.564+0000] {logging_mixin.py:188} INFO - [2024-05-20T09:02:00.564+0000] {dag.py:3954} INFO - Setting next_dagrun for example_short_circuit_operator to 2024-05-19 00:00:00+00:00, run_after=2024-05-20 00:00:00+00:00
[2024-05-20T09:02:00.592+0000] {processor.py:183} INFO - Processing /home/airflow/.local/lib/python3.12/site-packages/airflow/example_dags/example_short_circuit_operator.py took 0.129 seconds
[2024-05-20T09:02:30.680+0000] {processor.py:161} INFO - Started process (PID=3906) to work on /home/airflow/.local/lib/python3.12/site-packages/airflow/example_dags/example_short_circuit_operator.py
[2024-05-20T09:02:30.681+0000] {processor.py:830} INFO - Processing file /home/airflow/.local/lib/python3.12/site-packages/airflow/example_dags/example_short_circuit_operator.py for tasks to queue
[2024-05-20T09:02:30.682+0000] {logging_mixin.py:188} INFO - [2024-05-20T09:02:30.682+0000] {dagbag.py:545} INFO - Filling up the DagBag from /home/airflow/.local/lib/python3.12/site-packages/airflow/example_dags/example_short_circuit_operator.py
[2024-05-20T09:02:30.695+0000] {processor.py:840} INFO - DAG(s) 'example_short_circuit_operator' retrieved from /home/airflow/.local/lib/python3.12/site-packages/airflow/example_dags/example_short_circuit_operator.py
[2024-05-20T09:02:30.722+0000] {logging_mixin.py:188} INFO - [2024-05-20T09:02:30.722+0000] {dag.py:3096} INFO - Sync 1 DAGs
[2024-05-20T09:02:30.751+0000] {logging_mixin.py:188} INFO - [2024-05-20T09:02:30.751+0000] {dag.py:3954} INFO - Setting next_dagrun for example_short_circuit_operator to 2024-05-19 00:00:00+00:00, run_after=2024-05-20 00:00:00+00:00
[2024-05-20T09:02:30.774+0000] {processor.py:183} INFO - Processing /home/airflow/.local/lib/python3.12/site-packages/airflow/example_dags/example_short_circuit_operator.py took 0.105 seconds
[2024-05-20T09:03:00.859+0000] {processor.py:161} INFO - Started process (PID=3968) to work on /home/airflow/.local/lib/python3.12/site-packages/airflow/example_dags/example_short_circuit_operator.py
[2024-05-20T09:03:00.861+0000] {processor.py:830} INFO - Processing file /home/airflow/.local/lib/python3.12/site-packages/airflow/example_dags/example_short_circuit_operator.py for tasks to queue
[2024-05-20T09:03:00.863+0000] {logging_mixin.py:188} INFO - [2024-05-20T09:03:00.862+0000] {dagbag.py:545} INFO - Filling up the DagBag from /home/airflow/.local/lib/python3.12/site-packages/airflow/example_dags/example_short_circuit_operator.py
[2024-05-20T09:03:00.874+0000] {processor.py:840} INFO - DAG(s) 'example_short_circuit_operator' retrieved from /home/airflow/.local/lib/python3.12/site-packages/airflow/example_dags/example_short_circuit_operator.py
[2024-05-20T09:03:00.916+0000] {logging_mixin.py:188} INFO - [2024-05-20T09:03:00.915+0000] {dag.py:3096} INFO - Sync 1 DAGs
[2024-05-20T09:03:00.951+0000] {logging_mixin.py:188} INFO - [2024-05-20T09:03:00.950+0000] {dag.py:3954} INFO - Setting next_dagrun for example_short_circuit_operator to 2024-05-19 00:00:00+00:00, run_after=2024-05-20 00:00:00+00:00
[2024-05-20T09:03:00.980+0000] {processor.py:183} INFO - Processing /home/airflow/.local/lib/python3.12/site-packages/airflow/example_dags/example_short_circuit_operator.py took 0.130 seconds
[2024-05-20T09:03:31.183+0000] {processor.py:161} INFO - Started process (PID=4027) to work on /home/airflow/.local/lib/python3.12/site-packages/airflow/example_dags/example_short_circuit_operator.py
[2024-05-20T09:03:31.184+0000] {processor.py:830} INFO - Processing file /home/airflow/.local/lib/python3.12/site-packages/airflow/example_dags/example_short_circuit_operator.py for tasks to queue
[2024-05-20T09:03:31.186+0000] {logging_mixin.py:188} INFO - [2024-05-20T09:03:31.185+0000] {dagbag.py:545} INFO - Filling up the DagBag from /home/airflow/.local/lib/python3.12/site-packages/airflow/example_dags/example_short_circuit_operator.py
[2024-05-20T09:03:31.196+0000] {processor.py:840} INFO - DAG(s) 'example_short_circuit_operator' retrieved from /home/airflow/.local/lib/python3.12/site-packages/airflow/example_dags/example_short_circuit_operator.py
[2024-05-20T09:03:31.228+0000] {logging_mixin.py:188} INFO - [2024-05-20T09:03:31.227+0000] {dag.py:3096} INFO - Sync 1 DAGs
[2024-05-20T09:03:31.252+0000] {logging_mixin.py:188} INFO - [2024-05-20T09:03:31.252+0000] {dag.py:3954} INFO - Setting next_dagrun for example_short_circuit_operator to 2024-05-19 00:00:00+00:00, run_after=2024-05-20 00:00:00+00:00
[2024-05-20T09:03:31.277+0000] {processor.py:183} INFO - Processing /home/airflow/.local/lib/python3.12/site-packages/airflow/example_dags/example_short_circuit_operator.py took 0.101 seconds
[2024-05-20T09:04:01.352+0000] {processor.py:161} INFO - Started process (PID=4089) to work on /home/airflow/.local/lib/python3.12/site-packages/airflow/example_dags/example_short_circuit_operator.py
[2024-05-20T09:04:01.354+0000] {processor.py:830} INFO - Processing file /home/airflow/.local/lib/python3.12/site-packages/airflow/example_dags/example_short_circuit_operator.py for tasks to queue
[2024-05-20T09:04:01.355+0000] {logging_mixin.py:188} INFO - [2024-05-20T09:04:01.355+0000] {dagbag.py:545} INFO - Filling up the DagBag from /home/airflow/.local/lib/python3.12/site-packages/airflow/example_dags/example_short_circuit_operator.py
[2024-05-20T09:04:01.365+0000] {processor.py:840} INFO - DAG(s) 'example_short_circuit_operator' retrieved from /home/airflow/.local/lib/python3.12/site-packages/airflow/example_dags/example_short_circuit_operator.py
[2024-05-20T09:04:01.394+0000] {logging_mixin.py:188} INFO - [2024-05-20T09:04:01.393+0000] {dag.py:3096} INFO - Sync 1 DAGs
[2024-05-20T09:04:01.425+0000] {logging_mixin.py:188} INFO - [2024-05-20T09:04:01.425+0000] {dag.py:3954} INFO - Setting next_dagrun for example_short_circuit_operator to 2024-05-19 00:00:00+00:00, run_after=2024-05-20 00:00:00+00:00
[2024-05-20T09:04:01.449+0000] {processor.py:183} INFO - Processing /home/airflow/.local/lib/python3.12/site-packages/airflow/example_dags/example_short_circuit_operator.py took 0.104 seconds
[2024-05-20T09:04:31.554+0000] {processor.py:161} INFO - Started process (PID=4151) to work on /home/airflow/.local/lib/python3.12/site-packages/airflow/example_dags/example_short_circuit_operator.py
[2024-05-20T09:04:31.555+0000] {processor.py:830} INFO - Processing file /home/airflow/.local/lib/python3.12/site-packages/airflow/example_dags/example_short_circuit_operator.py for tasks to queue
[2024-05-20T09:04:31.557+0000] {logging_mixin.py:188} INFO - [2024-05-20T09:04:31.556+0000] {dagbag.py:545} INFO - Filling up the DagBag from /home/airflow/.local/lib/python3.12/site-packages/airflow/example_dags/example_short_circuit_operator.py
[2024-05-20T09:04:31.568+0000] {processor.py:840} INFO - DAG(s) 'example_short_circuit_operator' retrieved from /home/airflow/.local/lib/python3.12/site-packages/airflow/example_dags/example_short_circuit_operator.py
[2024-05-20T09:04:31.601+0000] {logging_mixin.py:188} INFO - [2024-05-20T09:04:31.601+0000] {dag.py:3096} INFO - Sync 1 DAGs
[2024-05-20T09:04:31.628+0000] {logging_mixin.py:188} INFO - [2024-05-20T09:04:31.628+0000] {dag.py:3954} INFO - Setting next_dagrun for example_short_circuit_operator to 2024-05-19 00:00:00+00:00, run_after=2024-05-20 00:00:00+00:00
[2024-05-20T09:04:31.653+0000] {processor.py:183} INFO - Processing /home/airflow/.local/lib/python3.12/site-packages/airflow/example_dags/example_short_circuit_operator.py took 0.108 seconds
[2024-05-20T09:05:01.885+0000] {processor.py:161} INFO - Started process (PID=4212) to work on /home/airflow/.local/lib/python3.12/site-packages/airflow/example_dags/example_short_circuit_operator.py
[2024-05-20T09:05:01.887+0000] {processor.py:830} INFO - Processing file /home/airflow/.local/lib/python3.12/site-packages/airflow/example_dags/example_short_circuit_operator.py for tasks to queue
[2024-05-20T09:05:01.888+0000] {logging_mixin.py:188} INFO - [2024-05-20T09:05:01.888+0000] {dagbag.py:545} INFO - Filling up the DagBag from /home/airflow/.local/lib/python3.12/site-packages/airflow/example_dags/example_short_circuit_operator.py
[2024-05-20T09:05:01.898+0000] {processor.py:840} INFO - DAG(s) 'example_short_circuit_operator' retrieved from /home/airflow/.local/lib/python3.12/site-packages/airflow/example_dags/example_short_circuit_operator.py
[2024-05-20T09:05:01.925+0000] {logging_mixin.py:188} INFO - [2024-05-20T09:05:01.925+0000] {dag.py:3096} INFO - Sync 1 DAGs
[2024-05-20T09:05:01.958+0000] {logging_mixin.py:188} INFO - [2024-05-20T09:05:01.957+0000] {dag.py:3954} INFO - Setting next_dagrun for example_short_circuit_operator to 2024-05-19 00:00:00+00:00, run_after=2024-05-20 00:00:00+00:00
[2024-05-20T09:05:01.999+0000] {processor.py:183} INFO - Processing /home/airflow/.local/lib/python3.12/site-packages/airflow/example_dags/example_short_circuit_operator.py took 0.121 seconds
[2024-05-20T09:05:32.148+0000] {processor.py:161} INFO - Started process (PID=4274) to work on /home/airflow/.local/lib/python3.12/site-packages/airflow/example_dags/example_short_circuit_operator.py
[2024-05-20T09:05:32.149+0000] {processor.py:830} INFO - Processing file /home/airflow/.local/lib/python3.12/site-packages/airflow/example_dags/example_short_circuit_operator.py for tasks to queue
[2024-05-20T09:05:32.151+0000] {logging_mixin.py:188} INFO - [2024-05-20T09:05:32.151+0000] {dagbag.py:545} INFO - Filling up the DagBag from /home/airflow/.local/lib/python3.12/site-packages/airflow/example_dags/example_short_circuit_operator.py
[2024-05-20T09:05:32.161+0000] {processor.py:840} INFO - DAG(s) 'example_short_circuit_operator' retrieved from /home/airflow/.local/lib/python3.12/site-packages/airflow/example_dags/example_short_circuit_operator.py
[2024-05-20T09:05:32.192+0000] {logging_mixin.py:188} INFO - [2024-05-20T09:05:32.192+0000] {dag.py:3096} INFO - Sync 1 DAGs
[2024-05-20T09:05:32.222+0000] {logging_mixin.py:188} INFO - [2024-05-20T09:05:32.222+0000] {dag.py:3954} INFO - Setting next_dagrun for example_short_circuit_operator to 2024-05-19 00:00:00+00:00, run_after=2024-05-20 00:00:00+00:00
[2024-05-20T09:05:32.252+0000] {processor.py:183} INFO - Processing /home/airflow/.local/lib/python3.12/site-packages/airflow/example_dags/example_short_circuit_operator.py took 0.111 seconds
[2024-05-20T09:11:53.041+0000] {processor.py:161} INFO - Started process (PID=4304) to work on /home/airflow/.local/lib/python3.12/site-packages/airflow/example_dags/example_short_circuit_operator.py
[2024-05-20T09:11:53.043+0000] {processor.py:830} INFO - Processing file /home/airflow/.local/lib/python3.12/site-packages/airflow/example_dags/example_short_circuit_operator.py for tasks to queue
[2024-05-20T09:11:53.045+0000] {logging_mixin.py:188} INFO - [2024-05-20T09:11:53.044+0000] {dagbag.py:545} INFO - Filling up the DagBag from /home/airflow/.local/lib/python3.12/site-packages/airflow/example_dags/example_short_circuit_operator.py
[2024-05-20T09:11:53.063+0000] {processor.py:840} INFO - DAG(s) 'example_short_circuit_operator' retrieved from /home/airflow/.local/lib/python3.12/site-packages/airflow/example_dags/example_short_circuit_operator.py
[2024-05-20T09:11:53.121+0000] {logging_mixin.py:188} INFO - [2024-05-20T09:11:53.121+0000] {dag.py:3096} INFO - Sync 1 DAGs
[2024-05-20T09:11:53.170+0000] {logging_mixin.py:188} INFO - [2024-05-20T09:11:53.170+0000] {dag.py:3954} INFO - Setting next_dagrun for example_short_circuit_operator to 2024-05-19 00:00:00+00:00, run_after=2024-05-20 00:00:00+00:00
[2024-05-20T09:11:53.234+0000] {processor.py:183} INFO - Processing /home/airflow/.local/lib/python3.12/site-packages/airflow/example_dags/example_short_circuit_operator.py took 0.211 seconds
