[2024-05-20T08:30:24.432+0000] {processor.py:161} INFO - Started process (PID=62) to work on /home/airflow/.local/lib/python3.12/site-packages/airflow/example_dags/example_branch_labels.py
[2024-05-20T08:30:24.440+0000] {processor.py:830} INFO - Processing file /home/airflow/.local/lib/python3.12/site-packages/airflow/example_dags/example_branch_labels.py for tasks to queue
[2024-05-20T08:30:24.448+0000] {logging_mixin.py:188} INFO - [2024-05-20T08:30:24.445+0000] {dagbag.py:545} INFO - Filling up the DagBag from /home/airflow/.local/lib/python3.12/site-packages/airflow/example_dags/example_branch_labels.py
[2024-05-20T08:30:24.498+0000] {processor.py:840} INFO - DAG(s) 'example_branch_labels' retrieved from /home/airflow/.local/lib/python3.12/site-packages/airflow/example_dags/example_branch_labels.py
[2024-05-20T08:30:24.777+0000] {logging_mixin.py:188} INFO - [2024-05-20T08:30:24.776+0000] {dag.py:3096} INFO - Sync 1 DAGs
[2024-05-20T08:30:24.853+0000] {logging_mixin.py:188} INFO - [2024-05-20T08:30:24.853+0000] {dag.py:3954} INFO - Setting next_dagrun for example_branch_labels to 2024-05-19 00:00:00+00:00, run_after=2024-05-20 00:00:00+00:00
[2024-05-20T08:30:24.933+0000] {processor.py:183} INFO - Processing /home/airflow/.local/lib/python3.12/site-packages/airflow/example_dags/example_branch_labels.py took 0.516 seconds
[2024-05-20T08:31:45.078+0000] {processor.py:161} INFO - Started process (PID=156) to work on /home/airflow/.local/lib/python3.12/site-packages/airflow/example_dags/example_branch_labels.py
[2024-05-20T08:31:45.087+0000] {processor.py:830} INFO - Processing file /home/airflow/.local/lib/python3.12/site-packages/airflow/example_dags/example_branch_labels.py for tasks to queue
[2024-05-20T08:31:45.091+0000] {logging_mixin.py:188} INFO - [2024-05-20T08:31:45.091+0000] {dagbag.py:545} INFO - Filling up the DagBag from /home/airflow/.local/lib/python3.12/site-packages/airflow/example_dags/example_branch_labels.py
[2024-05-20T08:31:45.176+0000] {processor.py:840} INFO - DAG(s) 'example_branch_labels' retrieved from /home/airflow/.local/lib/python3.12/site-packages/airflow/example_dags/example_branch_labels.py
[2024-05-20T08:31:45.230+0000] {logging_mixin.py:188} INFO - [2024-05-20T08:31:45.229+0000] {dag.py:3096} INFO - Sync 1 DAGs
[2024-05-20T08:31:45.469+0000] {logging_mixin.py:188} INFO - [2024-05-20T08:31:45.453+0000] {dag.py:3954} INFO - Setting next_dagrun for example_branch_labels to 2024-05-19 00:00:00+00:00, run_after=2024-05-20 00:00:00+00:00
[2024-05-20T08:31:45.542+0000] {processor.py:183} INFO - Processing /home/airflow/.local/lib/python3.12/site-packages/airflow/example_dags/example_branch_labels.py took 0.477 seconds
[2024-05-20T08:32:15.802+0000] {processor.py:161} INFO - Started process (PID=223) to work on /home/airflow/.local/lib/python3.12/site-packages/airflow/example_dags/example_branch_labels.py
[2024-05-20T08:32:15.804+0000] {processor.py:830} INFO - Processing file /home/airflow/.local/lib/python3.12/site-packages/airflow/example_dags/example_branch_labels.py for tasks to queue
[2024-05-20T08:32:15.808+0000] {logging_mixin.py:188} INFO - [2024-05-20T08:32:15.807+0000] {dagbag.py:545} INFO - Filling up the DagBag from /home/airflow/.local/lib/python3.12/site-packages/airflow/example_dags/example_branch_labels.py
[2024-05-20T08:32:15.824+0000] {processor.py:840} INFO - DAG(s) 'example_branch_labels' retrieved from /home/airflow/.local/lib/python3.12/site-packages/airflow/example_dags/example_branch_labels.py
[2024-05-20T08:32:15.863+0000] {logging_mixin.py:188} INFO - [2024-05-20T08:32:15.862+0000] {dag.py:3096} INFO - Sync 1 DAGs
[2024-05-20T08:32:15.930+0000] {logging_mixin.py:188} INFO - [2024-05-20T08:32:15.929+0000] {dag.py:3954} INFO - Setting next_dagrun for example_branch_labels to 2024-05-19 00:00:00+00:00, run_after=2024-05-20 00:00:00+00:00
[2024-05-20T08:32:16.043+0000] {processor.py:183} INFO - Processing /home/airflow/.local/lib/python3.12/site-packages/airflow/example_dags/example_branch_labels.py took 0.260 seconds
[2024-05-20T08:32:46.932+0000] {processor.py:161} INFO - Started process (PID=285) to work on /home/airflow/.local/lib/python3.12/site-packages/airflow/example_dags/example_branch_labels.py
[2024-05-20T08:32:46.934+0000] {processor.py:830} INFO - Processing file /home/airflow/.local/lib/python3.12/site-packages/airflow/example_dags/example_branch_labels.py for tasks to queue
[2024-05-20T08:32:46.936+0000] {logging_mixin.py:188} INFO - [2024-05-20T08:32:46.936+0000] {dagbag.py:545} INFO - Filling up the DagBag from /home/airflow/.local/lib/python3.12/site-packages/airflow/example_dags/example_branch_labels.py
[2024-05-20T08:32:46.947+0000] {processor.py:840} INFO - DAG(s) 'example_branch_labels' retrieved from /home/airflow/.local/lib/python3.12/site-packages/airflow/example_dags/example_branch_labels.py
[2024-05-20T08:32:46.981+0000] {logging_mixin.py:188} INFO - [2024-05-20T08:32:46.980+0000] {dag.py:3096} INFO - Sync 1 DAGs
[2024-05-20T08:32:47.017+0000] {logging_mixin.py:188} INFO - [2024-05-20T08:32:47.017+0000] {dag.py:3954} INFO - Setting next_dagrun for example_branch_labels to 2024-05-19 00:00:00+00:00, run_after=2024-05-20 00:00:00+00:00
[2024-05-20T08:32:47.048+0000] {processor.py:183} INFO - Processing /home/airflow/.local/lib/python3.12/site-packages/airflow/example_dags/example_branch_labels.py took 0.124 seconds
[2024-05-20T08:33:17.306+0000] {processor.py:161} INFO - Started process (PID=346) to work on /home/airflow/.local/lib/python3.12/site-packages/airflow/example_dags/example_branch_labels.py
[2024-05-20T08:33:17.307+0000] {processor.py:830} INFO - Processing file /home/airflow/.local/lib/python3.12/site-packages/airflow/example_dags/example_branch_labels.py for tasks to queue
[2024-05-20T08:33:17.310+0000] {logging_mixin.py:188} INFO - [2024-05-20T08:33:17.309+0000] {dagbag.py:545} INFO - Filling up the DagBag from /home/airflow/.local/lib/python3.12/site-packages/airflow/example_dags/example_branch_labels.py
[2024-05-20T08:33:17.319+0000] {processor.py:840} INFO - DAG(s) 'example_branch_labels' retrieved from /home/airflow/.local/lib/python3.12/site-packages/airflow/example_dags/example_branch_labels.py
[2024-05-20T08:33:17.351+0000] {logging_mixin.py:188} INFO - [2024-05-20T08:33:17.351+0000] {dag.py:3096} INFO - Sync 1 DAGs
[2024-05-20T08:33:17.383+0000] {logging_mixin.py:188} INFO - [2024-05-20T08:33:17.382+0000] {dag.py:3954} INFO - Setting next_dagrun for example_branch_labels to 2024-05-19 00:00:00+00:00, run_after=2024-05-20 00:00:00+00:00
[2024-05-20T08:33:17.416+0000] {processor.py:183} INFO - Processing /home/airflow/.local/lib/python3.12/site-packages/airflow/example_dags/example_branch_labels.py took 0.119 seconds
[2024-05-20T08:33:47.544+0000] {processor.py:161} INFO - Started process (PID=407) to work on /home/airflow/.local/lib/python3.12/site-packages/airflow/example_dags/example_branch_labels.py
[2024-05-20T08:33:47.546+0000] {processor.py:830} INFO - Processing file /home/airflow/.local/lib/python3.12/site-packages/airflow/example_dags/example_branch_labels.py for tasks to queue
[2024-05-20T08:33:47.548+0000] {logging_mixin.py:188} INFO - [2024-05-20T08:33:47.548+0000] {dagbag.py:545} INFO - Filling up the DagBag from /home/airflow/.local/lib/python3.12/site-packages/airflow/example_dags/example_branch_labels.py
[2024-05-20T08:33:47.562+0000] {processor.py:840} INFO - DAG(s) 'example_branch_labels' retrieved from /home/airflow/.local/lib/python3.12/site-packages/airflow/example_dags/example_branch_labels.py
[2024-05-20T08:33:47.596+0000] {logging_mixin.py:188} INFO - [2024-05-20T08:33:47.595+0000] {dag.py:3096} INFO - Sync 1 DAGs
[2024-05-20T08:33:47.635+0000] {logging_mixin.py:188} INFO - [2024-05-20T08:33:47.634+0000] {dag.py:3954} INFO - Setting next_dagrun for example_branch_labels to 2024-05-19 00:00:00+00:00, run_after=2024-05-20 00:00:00+00:00
[2024-05-20T08:33:47.665+0000] {processor.py:183} INFO - Processing /home/airflow/.local/lib/python3.12/site-packages/airflow/example_dags/example_branch_labels.py took 0.130 seconds
[2024-05-20T08:34:17.772+0000] {processor.py:161} INFO - Started process (PID=466) to work on /home/airflow/.local/lib/python3.12/site-packages/airflow/example_dags/example_branch_labels.py
[2024-05-20T08:34:17.776+0000] {processor.py:830} INFO - Processing file /home/airflow/.local/lib/python3.12/site-packages/airflow/example_dags/example_branch_labels.py for tasks to queue
[2024-05-20T08:34:17.778+0000] {logging_mixin.py:188} INFO - [2024-05-20T08:34:17.777+0000] {dagbag.py:545} INFO - Filling up the DagBag from /home/airflow/.local/lib/python3.12/site-packages/airflow/example_dags/example_branch_labels.py
[2024-05-20T08:34:17.786+0000] {processor.py:840} INFO - DAG(s) 'example_branch_labels' retrieved from /home/airflow/.local/lib/python3.12/site-packages/airflow/example_dags/example_branch_labels.py
[2024-05-20T08:34:17.808+0000] {logging_mixin.py:188} INFO - [2024-05-20T08:34:17.808+0000] {dag.py:3096} INFO - Sync 1 DAGs
[2024-05-20T08:34:17.837+0000] {logging_mixin.py:188} INFO - [2024-05-20T08:34:17.836+0000] {dag.py:3954} INFO - Setting next_dagrun for example_branch_labels to 2024-05-19 00:00:00+00:00, run_after=2024-05-20 00:00:00+00:00
[2024-05-20T08:34:17.860+0000] {processor.py:183} INFO - Processing /home/airflow/.local/lib/python3.12/site-packages/airflow/example_dags/example_branch_labels.py took 0.093 seconds
[2024-05-20T08:34:48.641+0000] {processor.py:161} INFO - Started process (PID=527) to work on /home/airflow/.local/lib/python3.12/site-packages/airflow/example_dags/example_branch_labels.py
[2024-05-20T08:34:48.643+0000] {processor.py:830} INFO - Processing file /home/airflow/.local/lib/python3.12/site-packages/airflow/example_dags/example_branch_labels.py for tasks to queue
[2024-05-20T08:34:48.647+0000] {logging_mixin.py:188} INFO - [2024-05-20T08:34:48.647+0000] {dagbag.py:545} INFO - Filling up the DagBag from /home/airflow/.local/lib/python3.12/site-packages/airflow/example_dags/example_branch_labels.py
[2024-05-20T08:34:48.673+0000] {processor.py:840} INFO - DAG(s) 'example_branch_labels' retrieved from /home/airflow/.local/lib/python3.12/site-packages/airflow/example_dags/example_branch_labels.py
[2024-05-20T08:34:48.736+0000] {logging_mixin.py:188} INFO - [2024-05-20T08:34:48.736+0000] {dag.py:3096} INFO - Sync 1 DAGs
[2024-05-20T08:34:48.822+0000] {logging_mixin.py:188} INFO - [2024-05-20T08:34:48.820+0000] {dag.py:3954} INFO - Setting next_dagrun for example_branch_labels to 2024-05-19 00:00:00+00:00, run_after=2024-05-20 00:00:00+00:00
[2024-05-20T08:34:48.892+0000] {processor.py:183} INFO - Processing /home/airflow/.local/lib/python3.12/site-packages/airflow/example_dags/example_branch_labels.py took 0.273 seconds
[2024-05-20T08:35:19.132+0000] {processor.py:161} INFO - Started process (PID=587) to work on /home/airflow/.local/lib/python3.12/site-packages/airflow/example_dags/example_branch_labels.py
[2024-05-20T08:35:19.139+0000] {processor.py:830} INFO - Processing file /home/airflow/.local/lib/python3.12/site-packages/airflow/example_dags/example_branch_labels.py for tasks to queue
[2024-05-20T08:35:19.144+0000] {logging_mixin.py:188} INFO - [2024-05-20T08:35:19.143+0000] {dagbag.py:545} INFO - Filling up the DagBag from /home/airflow/.local/lib/python3.12/site-packages/airflow/example_dags/example_branch_labels.py
[2024-05-20T08:35:19.172+0000] {processor.py:840} INFO - DAG(s) 'example_branch_labels' retrieved from /home/airflow/.local/lib/python3.12/site-packages/airflow/example_dags/example_branch_labels.py
[2024-05-20T08:35:19.285+0000] {logging_mixin.py:188} INFO - [2024-05-20T08:35:19.284+0000] {dag.py:3096} INFO - Sync 1 DAGs
[2024-05-20T08:35:19.404+0000] {logging_mixin.py:188} INFO - [2024-05-20T08:35:19.404+0000] {dag.py:3954} INFO - Setting next_dagrun for example_branch_labels to 2024-05-19 00:00:00+00:00, run_after=2024-05-20 00:00:00+00:00
[2024-05-20T08:35:19.547+0000] {processor.py:183} INFO - Processing /home/airflow/.local/lib/python3.12/site-packages/airflow/example_dags/example_branch_labels.py took 0.436 seconds
[2024-05-20T08:35:49.711+0000] {processor.py:161} INFO - Started process (PID=649) to work on /home/airflow/.local/lib/python3.12/site-packages/airflow/example_dags/example_branch_labels.py
[2024-05-20T08:35:49.715+0000] {processor.py:830} INFO - Processing file /home/airflow/.local/lib/python3.12/site-packages/airflow/example_dags/example_branch_labels.py for tasks to queue
[2024-05-20T08:35:49.718+0000] {logging_mixin.py:188} INFO - [2024-05-20T08:35:49.718+0000] {dagbag.py:545} INFO - Filling up the DagBag from /home/airflow/.local/lib/python3.12/site-packages/airflow/example_dags/example_branch_labels.py
[2024-05-20T08:35:49.737+0000] {processor.py:840} INFO - DAG(s) 'example_branch_labels' retrieved from /home/airflow/.local/lib/python3.12/site-packages/airflow/example_dags/example_branch_labels.py
[2024-05-20T08:35:49.772+0000] {logging_mixin.py:188} INFO - [2024-05-20T08:35:49.772+0000] {dag.py:3096} INFO - Sync 1 DAGs
[2024-05-20T08:35:49.809+0000] {logging_mixin.py:188} INFO - [2024-05-20T08:35:49.808+0000] {dag.py:3954} INFO - Setting next_dagrun for example_branch_labels to 2024-05-19 00:00:00+00:00, run_after=2024-05-20 00:00:00+00:00
[2024-05-20T08:35:49.844+0000] {processor.py:183} INFO - Processing /home/airflow/.local/lib/python3.12/site-packages/airflow/example_dags/example_branch_labels.py took 0.142 seconds
[2024-05-20T08:36:20.405+0000] {processor.py:161} INFO - Started process (PID=715) to work on /home/airflow/.local/lib/python3.12/site-packages/airflow/example_dags/example_branch_labels.py
[2024-05-20T08:36:20.406+0000] {processor.py:830} INFO - Processing file /home/airflow/.local/lib/python3.12/site-packages/airflow/example_dags/example_branch_labels.py for tasks to queue
[2024-05-20T08:36:20.408+0000] {logging_mixin.py:188} INFO - [2024-05-20T08:36:20.408+0000] {dagbag.py:545} INFO - Filling up the DagBag from /home/airflow/.local/lib/python3.12/site-packages/airflow/example_dags/example_branch_labels.py
[2024-05-20T08:36:20.417+0000] {processor.py:840} INFO - DAG(s) 'example_branch_labels' retrieved from /home/airflow/.local/lib/python3.12/site-packages/airflow/example_dags/example_branch_labels.py
[2024-05-20T08:36:20.439+0000] {logging_mixin.py:188} INFO - [2024-05-20T08:36:20.439+0000] {dag.py:3096} INFO - Sync 1 DAGs
[2024-05-20T08:36:20.467+0000] {logging_mixin.py:188} INFO - [2024-05-20T08:36:20.467+0000] {dag.py:3954} INFO - Setting next_dagrun for example_branch_labels to 2024-05-19 00:00:00+00:00, run_after=2024-05-20 00:00:00+00:00
[2024-05-20T08:36:20.491+0000] {processor.py:183} INFO - Processing /home/airflow/.local/lib/python3.12/site-packages/airflow/example_dags/example_branch_labels.py took 0.092 seconds
[2024-05-20T08:36:50.761+0000] {processor.py:161} INFO - Started process (PID=776) to work on /home/airflow/.local/lib/python3.12/site-packages/airflow/example_dags/example_branch_labels.py
[2024-05-20T08:36:50.763+0000] {processor.py:830} INFO - Processing file /home/airflow/.local/lib/python3.12/site-packages/airflow/example_dags/example_branch_labels.py for tasks to queue
[2024-05-20T08:36:50.768+0000] {logging_mixin.py:188} INFO - [2024-05-20T08:36:50.767+0000] {dagbag.py:545} INFO - Filling up the DagBag from /home/airflow/.local/lib/python3.12/site-packages/airflow/example_dags/example_branch_labels.py
[2024-05-20T08:36:50.787+0000] {processor.py:840} INFO - DAG(s) 'example_branch_labels' retrieved from /home/airflow/.local/lib/python3.12/site-packages/airflow/example_dags/example_branch_labels.py
[2024-05-20T08:36:50.830+0000] {logging_mixin.py:188} INFO - [2024-05-20T08:36:50.829+0000] {dag.py:3096} INFO - Sync 1 DAGs
[2024-05-20T08:36:50.908+0000] {logging_mixin.py:188} INFO - [2024-05-20T08:36:50.908+0000] {dag.py:3954} INFO - Setting next_dagrun for example_branch_labels to 2024-05-19 00:00:00+00:00, run_after=2024-05-20 00:00:00+00:00
[2024-05-20T08:36:51.000+0000] {processor.py:183} INFO - Processing /home/airflow/.local/lib/python3.12/site-packages/airflow/example_dags/example_branch_labels.py took 0.252 seconds
[2024-05-20T08:37:21.595+0000] {processor.py:161} INFO - Started process (PID=837) to work on /home/airflow/.local/lib/python3.12/site-packages/airflow/example_dags/example_branch_labels.py
[2024-05-20T08:37:21.597+0000] {processor.py:830} INFO - Processing file /home/airflow/.local/lib/python3.12/site-packages/airflow/example_dags/example_branch_labels.py for tasks to queue
[2024-05-20T08:37:21.599+0000] {logging_mixin.py:188} INFO - [2024-05-20T08:37:21.599+0000] {dagbag.py:545} INFO - Filling up the DagBag from /home/airflow/.local/lib/python3.12/site-packages/airflow/example_dags/example_branch_labels.py
[2024-05-20T08:37:21.609+0000] {processor.py:840} INFO - DAG(s) 'example_branch_labels' retrieved from /home/airflow/.local/lib/python3.12/site-packages/airflow/example_dags/example_branch_labels.py
[2024-05-20T08:37:21.634+0000] {logging_mixin.py:188} INFO - [2024-05-20T08:37:21.634+0000] {dag.py:3096} INFO - Sync 1 DAGs
[2024-05-20T08:37:21.662+0000] {logging_mixin.py:188} INFO - [2024-05-20T08:37:21.661+0000] {dag.py:3954} INFO - Setting next_dagrun for example_branch_labels to 2024-05-19 00:00:00+00:00, run_after=2024-05-20 00:00:00+00:00
[2024-05-20T08:37:21.686+0000] {processor.py:183} INFO - Processing /home/airflow/.local/lib/python3.12/site-packages/airflow/example_dags/example_branch_labels.py took 0.099 seconds
[2024-05-20T08:37:52.293+0000] {processor.py:161} INFO - Started process (PID=898) to work on /home/airflow/.local/lib/python3.12/site-packages/airflow/example_dags/example_branch_labels.py
[2024-05-20T08:37:52.295+0000] {processor.py:830} INFO - Processing file /home/airflow/.local/lib/python3.12/site-packages/airflow/example_dags/example_branch_labels.py for tasks to queue
[2024-05-20T08:37:52.297+0000] {logging_mixin.py:188} INFO - [2024-05-20T08:37:52.297+0000] {dagbag.py:545} INFO - Filling up the DagBag from /home/airflow/.local/lib/python3.12/site-packages/airflow/example_dags/example_branch_labels.py
[2024-05-20T08:37:52.306+0000] {processor.py:840} INFO - DAG(s) 'example_branch_labels' retrieved from /home/airflow/.local/lib/python3.12/site-packages/airflow/example_dags/example_branch_labels.py
[2024-05-20T08:37:52.330+0000] {logging_mixin.py:188} INFO - [2024-05-20T08:37:52.330+0000] {dag.py:3096} INFO - Sync 1 DAGs
[2024-05-20T08:37:52.359+0000] {logging_mixin.py:188} INFO - [2024-05-20T08:37:52.359+0000] {dag.py:3954} INFO - Setting next_dagrun for example_branch_labels to 2024-05-19 00:00:00+00:00, run_after=2024-05-20 00:00:00+00:00
[2024-05-20T08:37:52.381+0000] {processor.py:183} INFO - Processing /home/airflow/.local/lib/python3.12/site-packages/airflow/example_dags/example_branch_labels.py took 0.095 seconds
[2024-05-20T08:38:23.407+0000] {processor.py:161} INFO - Started process (PID=959) to work on /home/airflow/.local/lib/python3.12/site-packages/airflow/example_dags/example_branch_labels.py
[2024-05-20T08:38:23.409+0000] {processor.py:830} INFO - Processing file /home/airflow/.local/lib/python3.12/site-packages/airflow/example_dags/example_branch_labels.py for tasks to queue
[2024-05-20T08:38:23.412+0000] {logging_mixin.py:188} INFO - [2024-05-20T08:38:23.411+0000] {dagbag.py:545} INFO - Filling up the DagBag from /home/airflow/.local/lib/python3.12/site-packages/airflow/example_dags/example_branch_labels.py
[2024-05-20T08:38:23.423+0000] {processor.py:840} INFO - DAG(s) 'example_branch_labels' retrieved from /home/airflow/.local/lib/python3.12/site-packages/airflow/example_dags/example_branch_labels.py
[2024-05-20T08:38:23.457+0000] {logging_mixin.py:188} INFO - [2024-05-20T08:38:23.456+0000] {dag.py:3096} INFO - Sync 1 DAGs
[2024-05-20T08:38:23.492+0000] {logging_mixin.py:188} INFO - [2024-05-20T08:38:23.491+0000] {dag.py:3954} INFO - Setting next_dagrun for example_branch_labels to 2024-05-19 00:00:00+00:00, run_after=2024-05-20 00:00:00+00:00
[2024-05-20T08:38:23.523+0000] {processor.py:183} INFO - Processing /home/airflow/.local/lib/python3.12/site-packages/airflow/example_dags/example_branch_labels.py took 0.124 seconds
[2024-05-20T08:38:54.166+0000] {processor.py:161} INFO - Started process (PID=1020) to work on /home/airflow/.local/lib/python3.12/site-packages/airflow/example_dags/example_branch_labels.py
[2024-05-20T08:38:54.167+0000] {processor.py:830} INFO - Processing file /home/airflow/.local/lib/python3.12/site-packages/airflow/example_dags/example_branch_labels.py for tasks to queue
[2024-05-20T08:38:54.170+0000] {logging_mixin.py:188} INFO - [2024-05-20T08:38:54.169+0000] {dagbag.py:545} INFO - Filling up the DagBag from /home/airflow/.local/lib/python3.12/site-packages/airflow/example_dags/example_branch_labels.py
[2024-05-20T08:38:54.181+0000] {processor.py:840} INFO - DAG(s) 'example_branch_labels' retrieved from /home/airflow/.local/lib/python3.12/site-packages/airflow/example_dags/example_branch_labels.py
[2024-05-20T08:38:54.210+0000] {logging_mixin.py:188} INFO - [2024-05-20T08:38:54.210+0000] {dag.py:3096} INFO - Sync 1 DAGs
[2024-05-20T08:38:54.241+0000] {logging_mixin.py:188} INFO - [2024-05-20T08:38:54.240+0000] {dag.py:3954} INFO - Setting next_dagrun for example_branch_labels to 2024-05-19 00:00:00+00:00, run_after=2024-05-20 00:00:00+00:00
[2024-05-20T08:38:54.267+0000] {processor.py:183} INFO - Processing /home/airflow/.local/lib/python3.12/site-packages/airflow/example_dags/example_branch_labels.py took 0.110 seconds
[2024-05-20T08:39:24.701+0000] {processor.py:161} INFO - Started process (PID=1081) to work on /home/airflow/.local/lib/python3.12/site-packages/airflow/example_dags/example_branch_labels.py
[2024-05-20T08:39:24.702+0000] {processor.py:830} INFO - Processing file /home/airflow/.local/lib/python3.12/site-packages/airflow/example_dags/example_branch_labels.py for tasks to queue
[2024-05-20T08:39:24.704+0000] {logging_mixin.py:188} INFO - [2024-05-20T08:39:24.704+0000] {dagbag.py:545} INFO - Filling up the DagBag from /home/airflow/.local/lib/python3.12/site-packages/airflow/example_dags/example_branch_labels.py
[2024-05-20T08:39:24.713+0000] {processor.py:840} INFO - DAG(s) 'example_branch_labels' retrieved from /home/airflow/.local/lib/python3.12/site-packages/airflow/example_dags/example_branch_labels.py
[2024-05-20T08:39:24.735+0000] {logging_mixin.py:188} INFO - [2024-05-20T08:39:24.735+0000] {dag.py:3096} INFO - Sync 1 DAGs
[2024-05-20T08:39:24.760+0000] {logging_mixin.py:188} INFO - [2024-05-20T08:39:24.760+0000] {dag.py:3954} INFO - Setting next_dagrun for example_branch_labels to 2024-05-19 00:00:00+00:00, run_after=2024-05-20 00:00:00+00:00
[2024-05-20T08:39:24.782+0000] {processor.py:183} INFO - Processing /home/airflow/.local/lib/python3.12/site-packages/airflow/example_dags/example_branch_labels.py took 0.087 seconds
[2024-05-20T08:39:54.893+0000] {processor.py:161} INFO - Started process (PID=1142) to work on /home/airflow/.local/lib/python3.12/site-packages/airflow/example_dags/example_branch_labels.py
[2024-05-20T08:39:54.894+0000] {processor.py:830} INFO - Processing file /home/airflow/.local/lib/python3.12/site-packages/airflow/example_dags/example_branch_labels.py for tasks to queue
[2024-05-20T08:39:54.897+0000] {logging_mixin.py:188} INFO - [2024-05-20T08:39:54.896+0000] {dagbag.py:545} INFO - Filling up the DagBag from /home/airflow/.local/lib/python3.12/site-packages/airflow/example_dags/example_branch_labels.py
[2024-05-20T08:39:54.904+0000] {processor.py:840} INFO - DAG(s) 'example_branch_labels' retrieved from /home/airflow/.local/lib/python3.12/site-packages/airflow/example_dags/example_branch_labels.py
[2024-05-20T08:39:54.925+0000] {logging_mixin.py:188} INFO - [2024-05-20T08:39:54.924+0000] {dag.py:3096} INFO - Sync 1 DAGs
[2024-05-20T08:39:54.947+0000] {logging_mixin.py:188} INFO - [2024-05-20T08:39:54.947+0000] {dag.py:3954} INFO - Setting next_dagrun for example_branch_labels to 2024-05-19 00:00:00+00:00, run_after=2024-05-20 00:00:00+00:00
[2024-05-20T08:39:54.970+0000] {processor.py:183} INFO - Processing /home/airflow/.local/lib/python3.12/site-packages/airflow/example_dags/example_branch_labels.py took 0.083 seconds
[2024-05-20T08:40:25.157+0000] {processor.py:161} INFO - Started process (PID=1208) to work on /home/airflow/.local/lib/python3.12/site-packages/airflow/example_dags/example_branch_labels.py
[2024-05-20T08:40:25.158+0000] {processor.py:830} INFO - Processing file /home/airflow/.local/lib/python3.12/site-packages/airflow/example_dags/example_branch_labels.py for tasks to queue
[2024-05-20T08:40:25.160+0000] {logging_mixin.py:188} INFO - [2024-05-20T08:40:25.160+0000] {dagbag.py:545} INFO - Filling up the DagBag from /home/airflow/.local/lib/python3.12/site-packages/airflow/example_dags/example_branch_labels.py
[2024-05-20T08:40:25.168+0000] {processor.py:840} INFO - DAG(s) 'example_branch_labels' retrieved from /home/airflow/.local/lib/python3.12/site-packages/airflow/example_dags/example_branch_labels.py
[2024-05-20T08:40:25.188+0000] {logging_mixin.py:188} INFO - [2024-05-20T08:40:25.188+0000] {dag.py:3096} INFO - Sync 1 DAGs
[2024-05-20T08:40:25.214+0000] {logging_mixin.py:188} INFO - [2024-05-20T08:40:25.213+0000] {dag.py:3954} INFO - Setting next_dagrun for example_branch_labels to 2024-05-19 00:00:00+00:00, run_after=2024-05-20 00:00:00+00:00
[2024-05-20T08:40:25.238+0000] {processor.py:183} INFO - Processing /home/airflow/.local/lib/python3.12/site-packages/airflow/example_dags/example_branch_labels.py took 0.087 seconds
[2024-05-20T08:40:55.738+0000] {processor.py:161} INFO - Started process (PID=1271) to work on /home/airflow/.local/lib/python3.12/site-packages/airflow/example_dags/example_branch_labels.py
[2024-05-20T08:40:55.739+0000] {processor.py:830} INFO - Processing file /home/airflow/.local/lib/python3.12/site-packages/airflow/example_dags/example_branch_labels.py for tasks to queue
[2024-05-20T08:40:55.741+0000] {logging_mixin.py:188} INFO - [2024-05-20T08:40:55.741+0000] {dagbag.py:545} INFO - Filling up the DagBag from /home/airflow/.local/lib/python3.12/site-packages/airflow/example_dags/example_branch_labels.py
[2024-05-20T08:40:55.753+0000] {processor.py:840} INFO - DAG(s) 'example_branch_labels' retrieved from /home/airflow/.local/lib/python3.12/site-packages/airflow/example_dags/example_branch_labels.py
[2024-05-20T08:40:55.780+0000] {logging_mixin.py:188} INFO - [2024-05-20T08:40:55.780+0000] {dag.py:3096} INFO - Sync 1 DAGs
[2024-05-20T08:40:55.810+0000] {logging_mixin.py:188} INFO - [2024-05-20T08:40:55.810+0000] {dag.py:3954} INFO - Setting next_dagrun for example_branch_labels to 2024-05-19 00:00:00+00:00, run_after=2024-05-20 00:00:00+00:00
[2024-05-20T08:40:55.839+0000] {processor.py:183} INFO - Processing /home/airflow/.local/lib/python3.12/site-packages/airflow/example_dags/example_branch_labels.py took 0.109 seconds
[2024-05-20T08:41:26.180+0000] {processor.py:161} INFO - Started process (PID=1334) to work on /home/airflow/.local/lib/python3.12/site-packages/airflow/example_dags/example_branch_labels.py
[2024-05-20T08:41:26.182+0000] {processor.py:830} INFO - Processing file /home/airflow/.local/lib/python3.12/site-packages/airflow/example_dags/example_branch_labels.py for tasks to queue
[2024-05-20T08:41:26.183+0000] {logging_mixin.py:188} INFO - [2024-05-20T08:41:26.183+0000] {dagbag.py:545} INFO - Filling up the DagBag from /home/airflow/.local/lib/python3.12/site-packages/airflow/example_dags/example_branch_labels.py
[2024-05-20T08:41:26.194+0000] {processor.py:840} INFO - DAG(s) 'example_branch_labels' retrieved from /home/airflow/.local/lib/python3.12/site-packages/airflow/example_dags/example_branch_labels.py
[2024-05-20T08:41:26.217+0000] {logging_mixin.py:188} INFO - [2024-05-20T08:41:26.217+0000] {dag.py:3096} INFO - Sync 1 DAGs
[2024-05-20T08:41:26.242+0000] {logging_mixin.py:188} INFO - [2024-05-20T08:41:26.242+0000] {dag.py:3954} INFO - Setting next_dagrun for example_branch_labels to 2024-05-19 00:00:00+00:00, run_after=2024-05-20 00:00:00+00:00
[2024-05-20T08:41:26.262+0000] {processor.py:183} INFO - Processing /home/airflow/.local/lib/python3.12/site-packages/airflow/example_dags/example_branch_labels.py took 0.088 seconds
[2024-05-20T08:41:56.892+0000] {processor.py:161} INFO - Started process (PID=1396) to work on /home/airflow/.local/lib/python3.12/site-packages/airflow/example_dags/example_branch_labels.py
[2024-05-20T08:41:56.894+0000] {processor.py:830} INFO - Processing file /home/airflow/.local/lib/python3.12/site-packages/airflow/example_dags/example_branch_labels.py for tasks to queue
[2024-05-20T08:41:56.895+0000] {logging_mixin.py:188} INFO - [2024-05-20T08:41:56.895+0000] {dagbag.py:545} INFO - Filling up the DagBag from /home/airflow/.local/lib/python3.12/site-packages/airflow/example_dags/example_branch_labels.py
[2024-05-20T08:41:56.906+0000] {processor.py:840} INFO - DAG(s) 'example_branch_labels' retrieved from /home/airflow/.local/lib/python3.12/site-packages/airflow/example_dags/example_branch_labels.py
[2024-05-20T08:41:56.936+0000] {logging_mixin.py:188} INFO - [2024-05-20T08:41:56.936+0000] {dag.py:3096} INFO - Sync 1 DAGs
[2024-05-20T08:41:56.968+0000] {logging_mixin.py:188} INFO - [2024-05-20T08:41:56.968+0000] {dag.py:3954} INFO - Setting next_dagrun for example_branch_labels to 2024-05-19 00:00:00+00:00, run_after=2024-05-20 00:00:00+00:00
[2024-05-20T08:41:57.141+0000] {processor.py:183} INFO - Processing /home/airflow/.local/lib/python3.12/site-packages/airflow/example_dags/example_branch_labels.py took 0.255 seconds
[2024-05-20T08:42:27.320+0000] {processor.py:161} INFO - Started process (PID=1457) to work on /home/airflow/.local/lib/python3.12/site-packages/airflow/example_dags/example_branch_labels.py
[2024-05-20T08:42:27.321+0000] {processor.py:830} INFO - Processing file /home/airflow/.local/lib/python3.12/site-packages/airflow/example_dags/example_branch_labels.py for tasks to queue
[2024-05-20T08:42:27.323+0000] {logging_mixin.py:188} INFO - [2024-05-20T08:42:27.322+0000] {dagbag.py:545} INFO - Filling up the DagBag from /home/airflow/.local/lib/python3.12/site-packages/airflow/example_dags/example_branch_labels.py
[2024-05-20T08:42:27.332+0000] {processor.py:840} INFO - DAG(s) 'example_branch_labels' retrieved from /home/airflow/.local/lib/python3.12/site-packages/airflow/example_dags/example_branch_labels.py
[2024-05-20T08:42:27.360+0000] {logging_mixin.py:188} INFO - [2024-05-20T08:42:27.359+0000] {dag.py:3096} INFO - Sync 1 DAGs
[2024-05-20T08:42:27.394+0000] {logging_mixin.py:188} INFO - [2024-05-20T08:42:27.393+0000] {dag.py:3954} INFO - Setting next_dagrun for example_branch_labels to 2024-05-19 00:00:00+00:00, run_after=2024-05-20 00:00:00+00:00
[2024-05-20T08:42:27.422+0000] {processor.py:183} INFO - Processing /home/airflow/.local/lib/python3.12/site-packages/airflow/example_dags/example_branch_labels.py took 0.109 seconds
[2024-05-20T08:42:57.519+0000] {processor.py:161} INFO - Started process (PID=1517) to work on /home/airflow/.local/lib/python3.12/site-packages/airflow/example_dags/example_branch_labels.py
[2024-05-20T08:42:57.520+0000] {processor.py:830} INFO - Processing file /home/airflow/.local/lib/python3.12/site-packages/airflow/example_dags/example_branch_labels.py for tasks to queue
[2024-05-20T08:42:57.521+0000] {logging_mixin.py:188} INFO - [2024-05-20T08:42:57.521+0000] {dagbag.py:545} INFO - Filling up the DagBag from /home/airflow/.local/lib/python3.12/site-packages/airflow/example_dags/example_branch_labels.py
[2024-05-20T08:42:57.529+0000] {processor.py:840} INFO - DAG(s) 'example_branch_labels' retrieved from /home/airflow/.local/lib/python3.12/site-packages/airflow/example_dags/example_branch_labels.py
[2024-05-20T08:42:57.554+0000] {logging_mixin.py:188} INFO - [2024-05-20T08:42:57.554+0000] {dag.py:3096} INFO - Sync 1 DAGs
[2024-05-20T08:42:57.583+0000] {logging_mixin.py:188} INFO - [2024-05-20T08:42:57.583+0000] {dag.py:3954} INFO - Setting next_dagrun for example_branch_labels to 2024-05-19 00:00:00+00:00, run_after=2024-05-20 00:00:00+00:00
[2024-05-20T08:42:57.606+0000] {processor.py:183} INFO - Processing /home/airflow/.local/lib/python3.12/site-packages/airflow/example_dags/example_branch_labels.py took 0.093 seconds
[2024-05-20T08:43:27.671+0000] {processor.py:161} INFO - Started process (PID=1578) to work on /home/airflow/.local/lib/python3.12/site-packages/airflow/example_dags/example_branch_labels.py
[2024-05-20T08:43:27.672+0000] {processor.py:830} INFO - Processing file /home/airflow/.local/lib/python3.12/site-packages/airflow/example_dags/example_branch_labels.py for tasks to queue
[2024-05-20T08:43:27.673+0000] {logging_mixin.py:188} INFO - [2024-05-20T08:43:27.673+0000] {dagbag.py:545} INFO - Filling up the DagBag from /home/airflow/.local/lib/python3.12/site-packages/airflow/example_dags/example_branch_labels.py
[2024-05-20T08:43:27.681+0000] {processor.py:840} INFO - DAG(s) 'example_branch_labels' retrieved from /home/airflow/.local/lib/python3.12/site-packages/airflow/example_dags/example_branch_labels.py
[2024-05-20T08:43:27.706+0000] {logging_mixin.py:188} INFO - [2024-05-20T08:43:27.706+0000] {dag.py:3096} INFO - Sync 1 DAGs
[2024-05-20T08:43:27.729+0000] {logging_mixin.py:188} INFO - [2024-05-20T08:43:27.728+0000] {dag.py:3954} INFO - Setting next_dagrun for example_branch_labels to 2024-05-19 00:00:00+00:00, run_after=2024-05-20 00:00:00+00:00
[2024-05-20T08:43:27.751+0000] {processor.py:183} INFO - Processing /home/airflow/.local/lib/python3.12/site-packages/airflow/example_dags/example_branch_labels.py took 0.086 seconds
[2024-05-20T08:43:58.464+0000] {processor.py:161} INFO - Started process (PID=1640) to work on /home/airflow/.local/lib/python3.12/site-packages/airflow/example_dags/example_branch_labels.py
[2024-05-20T08:43:58.465+0000] {processor.py:830} INFO - Processing file /home/airflow/.local/lib/python3.12/site-packages/airflow/example_dags/example_branch_labels.py for tasks to queue
[2024-05-20T08:43:58.467+0000] {logging_mixin.py:188} INFO - [2024-05-20T08:43:58.466+0000] {dagbag.py:545} INFO - Filling up the DagBag from /home/airflow/.local/lib/python3.12/site-packages/airflow/example_dags/example_branch_labels.py
[2024-05-20T08:43:58.473+0000] {processor.py:840} INFO - DAG(s) 'example_branch_labels' retrieved from /home/airflow/.local/lib/python3.12/site-packages/airflow/example_dags/example_branch_labels.py
[2024-05-20T08:43:58.497+0000] {logging_mixin.py:188} INFO - [2024-05-20T08:43:58.497+0000] {dag.py:3096} INFO - Sync 1 DAGs
[2024-05-20T08:43:58.519+0000] {logging_mixin.py:188} INFO - [2024-05-20T08:43:58.519+0000] {dag.py:3954} INFO - Setting next_dagrun for example_branch_labels to 2024-05-19 00:00:00+00:00, run_after=2024-05-20 00:00:00+00:00
[2024-05-20T08:43:58.541+0000] {processor.py:183} INFO - Processing /home/airflow/.local/lib/python3.12/site-packages/airflow/example_dags/example_branch_labels.py took 0.083 seconds
[2024-05-20T08:44:28.856+0000] {processor.py:161} INFO - Started process (PID=1701) to work on /home/airflow/.local/lib/python3.12/site-packages/airflow/example_dags/example_branch_labels.py
[2024-05-20T08:44:28.857+0000] {processor.py:830} INFO - Processing file /home/airflow/.local/lib/python3.12/site-packages/airflow/example_dags/example_branch_labels.py for tasks to queue
[2024-05-20T08:44:28.858+0000] {logging_mixin.py:188} INFO - [2024-05-20T08:44:28.858+0000] {dagbag.py:545} INFO - Filling up the DagBag from /home/airflow/.local/lib/python3.12/site-packages/airflow/example_dags/example_branch_labels.py
[2024-05-20T08:44:28.868+0000] {processor.py:840} INFO - DAG(s) 'example_branch_labels' retrieved from /home/airflow/.local/lib/python3.12/site-packages/airflow/example_dags/example_branch_labels.py
[2024-05-20T08:44:28.893+0000] {logging_mixin.py:188} INFO - [2024-05-20T08:44:28.892+0000] {dag.py:3096} INFO - Sync 1 DAGs
[2024-05-20T08:44:28.919+0000] {logging_mixin.py:188} INFO - [2024-05-20T08:44:28.919+0000] {dag.py:3954} INFO - Setting next_dagrun for example_branch_labels to 2024-05-19 00:00:00+00:00, run_after=2024-05-20 00:00:00+00:00
[2024-05-20T08:44:28.949+0000] {processor.py:183} INFO - Processing /home/airflow/.local/lib/python3.12/site-packages/airflow/example_dags/example_branch_labels.py took 0.101 seconds
[2024-05-20T08:44:59.399+0000] {processor.py:161} INFO - Started process (PID=1762) to work on /home/airflow/.local/lib/python3.12/site-packages/airflow/example_dags/example_branch_labels.py
[2024-05-20T08:44:59.401+0000] {processor.py:830} INFO - Processing file /home/airflow/.local/lib/python3.12/site-packages/airflow/example_dags/example_branch_labels.py for tasks to queue
[2024-05-20T08:44:59.403+0000] {logging_mixin.py:188} INFO - [2024-05-20T08:44:59.402+0000] {dagbag.py:545} INFO - Filling up the DagBag from /home/airflow/.local/lib/python3.12/site-packages/airflow/example_dags/example_branch_labels.py
[2024-05-20T08:44:59.410+0000] {processor.py:840} INFO - DAG(s) 'example_branch_labels' retrieved from /home/airflow/.local/lib/python3.12/site-packages/airflow/example_dags/example_branch_labels.py
[2024-05-20T08:44:59.436+0000] {logging_mixin.py:188} INFO - [2024-05-20T08:44:59.436+0000] {dag.py:3096} INFO - Sync 1 DAGs
[2024-05-20T08:44:59.460+0000] {logging_mixin.py:188} INFO - [2024-05-20T08:44:59.460+0000] {dag.py:3954} INFO - Setting next_dagrun for example_branch_labels to 2024-05-19 00:00:00+00:00, run_after=2024-05-20 00:00:00+00:00
[2024-05-20T08:44:59.486+0000] {processor.py:183} INFO - Processing /home/airflow/.local/lib/python3.12/site-packages/airflow/example_dags/example_branch_labels.py took 0.093 seconds
[2024-05-20T08:45:29.756+0000] {processor.py:161} INFO - Started process (PID=1825) to work on /home/airflow/.local/lib/python3.12/site-packages/airflow/example_dags/example_branch_labels.py
[2024-05-20T08:45:29.758+0000] {processor.py:830} INFO - Processing file /home/airflow/.local/lib/python3.12/site-packages/airflow/example_dags/example_branch_labels.py for tasks to queue
[2024-05-20T08:45:29.759+0000] {logging_mixin.py:188} INFO - [2024-05-20T08:45:29.759+0000] {dagbag.py:545} INFO - Filling up the DagBag from /home/airflow/.local/lib/python3.12/site-packages/airflow/example_dags/example_branch_labels.py
[2024-05-20T08:45:29.776+0000] {processor.py:840} INFO - DAG(s) 'example_branch_labels' retrieved from /home/airflow/.local/lib/python3.12/site-packages/airflow/example_dags/example_branch_labels.py
[2024-05-20T08:45:29.814+0000] {logging_mixin.py:188} INFO - [2024-05-20T08:45:29.813+0000] {dag.py:3096} INFO - Sync 1 DAGs
[2024-05-20T08:45:29.852+0000] {logging_mixin.py:188} INFO - [2024-05-20T08:45:29.852+0000] {dag.py:3954} INFO - Setting next_dagrun for example_branch_labels to 2024-05-19 00:00:00+00:00, run_after=2024-05-20 00:00:00+00:00
[2024-05-20T08:45:29.878+0000] {processor.py:183} INFO - Processing /home/airflow/.local/lib/python3.12/site-packages/airflow/example_dags/example_branch_labels.py took 0.132 seconds
[2024-05-20T08:46:00.340+0000] {processor.py:161} INFO - Started process (PID=1889) to work on /home/airflow/.local/lib/python3.12/site-packages/airflow/example_dags/example_branch_labels.py
[2024-05-20T08:46:00.342+0000] {processor.py:830} INFO - Processing file /home/airflow/.local/lib/python3.12/site-packages/airflow/example_dags/example_branch_labels.py for tasks to queue
[2024-05-20T08:46:00.344+0000] {logging_mixin.py:188} INFO - [2024-05-20T08:46:00.343+0000] {dagbag.py:545} INFO - Filling up the DagBag from /home/airflow/.local/lib/python3.12/site-packages/airflow/example_dags/example_branch_labels.py
[2024-05-20T08:46:00.355+0000] {processor.py:840} INFO - DAG(s) 'example_branch_labels' retrieved from /home/airflow/.local/lib/python3.12/site-packages/airflow/example_dags/example_branch_labels.py
[2024-05-20T08:46:00.387+0000] {logging_mixin.py:188} INFO - [2024-05-20T08:46:00.387+0000] {dag.py:3096} INFO - Sync 1 DAGs
[2024-05-20T08:46:00.417+0000] {logging_mixin.py:188} INFO - [2024-05-20T08:46:00.416+0000] {dag.py:3954} INFO - Setting next_dagrun for example_branch_labels to 2024-05-19 00:00:00+00:00, run_after=2024-05-20 00:00:00+00:00
[2024-05-20T08:46:00.446+0000] {processor.py:183} INFO - Processing /home/airflow/.local/lib/python3.12/site-packages/airflow/example_dags/example_branch_labels.py took 0.118 seconds
[2024-05-20T08:46:31.023+0000] {processor.py:161} INFO - Started process (PID=1953) to work on /home/airflow/.local/lib/python3.12/site-packages/airflow/example_dags/example_branch_labels.py
[2024-05-20T08:46:31.025+0000] {processor.py:830} INFO - Processing file /home/airflow/.local/lib/python3.12/site-packages/airflow/example_dags/example_branch_labels.py for tasks to queue
[2024-05-20T08:46:31.026+0000] {logging_mixin.py:188} INFO - [2024-05-20T08:46:31.026+0000] {dagbag.py:545} INFO - Filling up the DagBag from /home/airflow/.local/lib/python3.12/site-packages/airflow/example_dags/example_branch_labels.py
[2024-05-20T08:46:31.036+0000] {processor.py:840} INFO - DAG(s) 'example_branch_labels' retrieved from /home/airflow/.local/lib/python3.12/site-packages/airflow/example_dags/example_branch_labels.py
[2024-05-20T08:46:31.063+0000] {logging_mixin.py:188} INFO - [2024-05-20T08:46:31.063+0000] {dag.py:3096} INFO - Sync 1 DAGs
[2024-05-20T08:46:31.089+0000] {logging_mixin.py:188} INFO - [2024-05-20T08:46:31.089+0000] {dag.py:3954} INFO - Setting next_dagrun for example_branch_labels to 2024-05-19 00:00:00+00:00, run_after=2024-05-20 00:00:00+00:00
[2024-05-20T08:46:31.118+0000] {processor.py:183} INFO - Processing /home/airflow/.local/lib/python3.12/site-packages/airflow/example_dags/example_branch_labels.py took 0.101 seconds
[2024-05-20T08:47:01.953+0000] {processor.py:161} INFO - Started process (PID=2015) to work on /home/airflow/.local/lib/python3.12/site-packages/airflow/example_dags/example_branch_labels.py
[2024-05-20T08:47:01.955+0000] {processor.py:830} INFO - Processing file /home/airflow/.local/lib/python3.12/site-packages/airflow/example_dags/example_branch_labels.py for tasks to queue
[2024-05-20T08:47:01.956+0000] {logging_mixin.py:188} INFO - [2024-05-20T08:47:01.956+0000] {dagbag.py:545} INFO - Filling up the DagBag from /home/airflow/.local/lib/python3.12/site-packages/airflow/example_dags/example_branch_labels.py
[2024-05-20T08:47:01.969+0000] {processor.py:840} INFO - DAG(s) 'example_branch_labels' retrieved from /home/airflow/.local/lib/python3.12/site-packages/airflow/example_dags/example_branch_labels.py
[2024-05-20T08:47:01.999+0000] {logging_mixin.py:188} INFO - [2024-05-20T08:47:01.999+0000] {dag.py:3096} INFO - Sync 1 DAGs
[2024-05-20T08:47:02.026+0000] {logging_mixin.py:188} INFO - [2024-05-20T08:47:02.026+0000] {dag.py:3954} INFO - Setting next_dagrun for example_branch_labels to 2024-05-19 00:00:00+00:00, run_after=2024-05-20 00:00:00+00:00
[2024-05-20T08:47:02.045+0000] {processor.py:183} INFO - Processing /home/airflow/.local/lib/python3.12/site-packages/airflow/example_dags/example_branch_labels.py took 0.107 seconds
[2024-05-20T08:47:32.432+0000] {processor.py:161} INFO - Started process (PID=2076) to work on /home/airflow/.local/lib/python3.12/site-packages/airflow/example_dags/example_branch_labels.py
[2024-05-20T08:47:32.433+0000] {processor.py:830} INFO - Processing file /home/airflow/.local/lib/python3.12/site-packages/airflow/example_dags/example_branch_labels.py for tasks to queue
[2024-05-20T08:47:32.435+0000] {logging_mixin.py:188} INFO - [2024-05-20T08:47:32.434+0000] {dagbag.py:545} INFO - Filling up the DagBag from /home/airflow/.local/lib/python3.12/site-packages/airflow/example_dags/example_branch_labels.py
[2024-05-20T08:47:32.442+0000] {processor.py:840} INFO - DAG(s) 'example_branch_labels' retrieved from /home/airflow/.local/lib/python3.12/site-packages/airflow/example_dags/example_branch_labels.py
[2024-05-20T08:47:32.468+0000] {logging_mixin.py:188} INFO - [2024-05-20T08:47:32.468+0000] {dag.py:3096} INFO - Sync 1 DAGs
[2024-05-20T08:47:32.493+0000] {logging_mixin.py:188} INFO - [2024-05-20T08:47:32.492+0000] {dag.py:3954} INFO - Setting next_dagrun for example_branch_labels to 2024-05-19 00:00:00+00:00, run_after=2024-05-20 00:00:00+00:00
[2024-05-20T08:47:32.518+0000] {processor.py:183} INFO - Processing /home/airflow/.local/lib/python3.12/site-packages/airflow/example_dags/example_branch_labels.py took 0.093 seconds
[2024-05-20T08:48:03.102+0000] {processor.py:161} INFO - Started process (PID=2137) to work on /home/airflow/.local/lib/python3.12/site-packages/airflow/example_dags/example_branch_labels.py
[2024-05-20T08:48:03.104+0000] {processor.py:830} INFO - Processing file /home/airflow/.local/lib/python3.12/site-packages/airflow/example_dags/example_branch_labels.py for tasks to queue
[2024-05-20T08:48:03.106+0000] {logging_mixin.py:188} INFO - [2024-05-20T08:48:03.105+0000] {dagbag.py:545} INFO - Filling up the DagBag from /home/airflow/.local/lib/python3.12/site-packages/airflow/example_dags/example_branch_labels.py
[2024-05-20T08:48:03.115+0000] {processor.py:840} INFO - DAG(s) 'example_branch_labels' retrieved from /home/airflow/.local/lib/python3.12/site-packages/airflow/example_dags/example_branch_labels.py
[2024-05-20T08:48:03.150+0000] {logging_mixin.py:188} INFO - [2024-05-20T08:48:03.149+0000] {dag.py:3096} INFO - Sync 1 DAGs
[2024-05-20T08:48:03.190+0000] {logging_mixin.py:188} INFO - [2024-05-20T08:48:03.190+0000] {dag.py:3954} INFO - Setting next_dagrun for example_branch_labels to 2024-05-19 00:00:00+00:00, run_after=2024-05-20 00:00:00+00:00
[2024-05-20T08:48:03.219+0000] {processor.py:183} INFO - Processing /home/airflow/.local/lib/python3.12/site-packages/airflow/example_dags/example_branch_labels.py took 0.126 seconds
[2024-05-20T08:48:33.299+0000] {processor.py:161} INFO - Started process (PID=2198) to work on /home/airflow/.local/lib/python3.12/site-packages/airflow/example_dags/example_branch_labels.py
[2024-05-20T08:48:33.300+0000] {processor.py:830} INFO - Processing file /home/airflow/.local/lib/python3.12/site-packages/airflow/example_dags/example_branch_labels.py for tasks to queue
[2024-05-20T08:48:33.301+0000] {logging_mixin.py:188} INFO - [2024-05-20T08:48:33.300+0000] {dagbag.py:545} INFO - Filling up the DagBag from /home/airflow/.local/lib/python3.12/site-packages/airflow/example_dags/example_branch_labels.py
[2024-05-20T08:48:33.307+0000] {processor.py:840} INFO - DAG(s) 'example_branch_labels' retrieved from /home/airflow/.local/lib/python3.12/site-packages/airflow/example_dags/example_branch_labels.py
[2024-05-20T08:48:33.329+0000] {logging_mixin.py:188} INFO - [2024-05-20T08:48:33.328+0000] {dag.py:3096} INFO - Sync 1 DAGs
[2024-05-20T08:48:33.349+0000] {logging_mixin.py:188} INFO - [2024-05-20T08:48:33.348+0000] {dag.py:3954} INFO - Setting next_dagrun for example_branch_labels to 2024-05-19 00:00:00+00:00, run_after=2024-05-20 00:00:00+00:00
[2024-05-20T08:48:33.370+0000] {processor.py:183} INFO - Processing /home/airflow/.local/lib/python3.12/site-packages/airflow/example_dags/example_branch_labels.py took 0.077 seconds
[2024-05-20T08:49:03.722+0000] {processor.py:161} INFO - Started process (PID=2259) to work on /home/airflow/.local/lib/python3.12/site-packages/airflow/example_dags/example_branch_labels.py
[2024-05-20T08:49:03.723+0000] {processor.py:830} INFO - Processing file /home/airflow/.local/lib/python3.12/site-packages/airflow/example_dags/example_branch_labels.py for tasks to queue
[2024-05-20T08:49:03.725+0000] {logging_mixin.py:188} INFO - [2024-05-20T08:49:03.724+0000] {dagbag.py:545} INFO - Filling up the DagBag from /home/airflow/.local/lib/python3.12/site-packages/airflow/example_dags/example_branch_labels.py
[2024-05-20T08:49:03.732+0000] {processor.py:840} INFO - DAG(s) 'example_branch_labels' retrieved from /home/airflow/.local/lib/python3.12/site-packages/airflow/example_dags/example_branch_labels.py
[2024-05-20T08:49:03.755+0000] {logging_mixin.py:188} INFO - [2024-05-20T08:49:03.755+0000] {dag.py:3096} INFO - Sync 1 DAGs
[2024-05-20T08:49:03.780+0000] {logging_mixin.py:188} INFO - [2024-05-20T08:49:03.780+0000] {dag.py:3954} INFO - Setting next_dagrun for example_branch_labels to 2024-05-19 00:00:00+00:00, run_after=2024-05-20 00:00:00+00:00
[2024-05-20T08:49:03.801+0000] {processor.py:183} INFO - Processing /home/airflow/.local/lib/python3.12/site-packages/airflow/example_dags/example_branch_labels.py took 0.085 seconds
[2024-05-20T08:49:34.059+0000] {processor.py:161} INFO - Started process (PID=2320) to work on /home/airflow/.local/lib/python3.12/site-packages/airflow/example_dags/example_branch_labels.py
[2024-05-20T08:49:34.060+0000] {processor.py:830} INFO - Processing file /home/airflow/.local/lib/python3.12/site-packages/airflow/example_dags/example_branch_labels.py for tasks to queue
[2024-05-20T08:49:34.062+0000] {logging_mixin.py:188} INFO - [2024-05-20T08:49:34.062+0000] {dagbag.py:545} INFO - Filling up the DagBag from /home/airflow/.local/lib/python3.12/site-packages/airflow/example_dags/example_branch_labels.py
[2024-05-20T08:49:34.071+0000] {processor.py:840} INFO - DAG(s) 'example_branch_labels' retrieved from /home/airflow/.local/lib/python3.12/site-packages/airflow/example_dags/example_branch_labels.py
[2024-05-20T08:49:34.094+0000] {logging_mixin.py:188} INFO - [2024-05-20T08:49:34.093+0000] {dag.py:3096} INFO - Sync 1 DAGs
[2024-05-20T08:49:34.116+0000] {logging_mixin.py:188} INFO - [2024-05-20T08:49:34.116+0000] {dag.py:3954} INFO - Setting next_dagrun for example_branch_labels to 2024-05-19 00:00:00+00:00, run_after=2024-05-20 00:00:00+00:00
[2024-05-20T08:49:34.139+0000] {processor.py:183} INFO - Processing /home/airflow/.local/lib/python3.12/site-packages/airflow/example_dags/example_branch_labels.py took 0.087 seconds
[2024-05-20T08:50:04.477+0000] {processor.py:161} INFO - Started process (PID=2381) to work on /home/airflow/.local/lib/python3.12/site-packages/airflow/example_dags/example_branch_labels.py
[2024-05-20T08:50:04.479+0000] {processor.py:830} INFO - Processing file /home/airflow/.local/lib/python3.12/site-packages/airflow/example_dags/example_branch_labels.py for tasks to queue
[2024-05-20T08:50:04.481+0000] {logging_mixin.py:188} INFO - [2024-05-20T08:50:04.481+0000] {dagbag.py:545} INFO - Filling up the DagBag from /home/airflow/.local/lib/python3.12/site-packages/airflow/example_dags/example_branch_labels.py
[2024-05-20T08:50:04.493+0000] {processor.py:840} INFO - DAG(s) 'example_branch_labels' retrieved from /home/airflow/.local/lib/python3.12/site-packages/airflow/example_dags/example_branch_labels.py
[2024-05-20T08:50:04.532+0000] {logging_mixin.py:188} INFO - [2024-05-20T08:50:04.531+0000] {dag.py:3096} INFO - Sync 1 DAGs
[2024-05-20T08:50:04.578+0000] {logging_mixin.py:188} INFO - [2024-05-20T08:50:04.578+0000] {dag.py:3954} INFO - Setting next_dagrun for example_branch_labels to 2024-05-19 00:00:00+00:00, run_after=2024-05-20 00:00:00+00:00
[2024-05-20T08:50:04.612+0000] {processor.py:183} INFO - Processing /home/airflow/.local/lib/python3.12/site-packages/airflow/example_dags/example_branch_labels.py took 0.146 seconds
[2024-05-20T08:50:34.685+0000] {processor.py:161} INFO - Started process (PID=2443) to work on /home/airflow/.local/lib/python3.12/site-packages/airflow/example_dags/example_branch_labels.py
[2024-05-20T08:50:34.687+0000] {processor.py:830} INFO - Processing file /home/airflow/.local/lib/python3.12/site-packages/airflow/example_dags/example_branch_labels.py for tasks to queue
[2024-05-20T08:50:34.689+0000] {logging_mixin.py:188} INFO - [2024-05-20T08:50:34.688+0000] {dagbag.py:545} INFO - Filling up the DagBag from /home/airflow/.local/lib/python3.12/site-packages/airflow/example_dags/example_branch_labels.py
[2024-05-20T08:50:34.701+0000] {processor.py:840} INFO - DAG(s) 'example_branch_labels' retrieved from /home/airflow/.local/lib/python3.12/site-packages/airflow/example_dags/example_branch_labels.py
[2024-05-20T08:50:34.750+0000] {logging_mixin.py:188} INFO - [2024-05-20T08:50:34.750+0000] {dag.py:3096} INFO - Sync 1 DAGs
[2024-05-20T08:50:34.787+0000] {logging_mixin.py:188} INFO - [2024-05-20T08:50:34.787+0000] {dag.py:3954} INFO - Setting next_dagrun for example_branch_labels to 2024-05-19 00:00:00+00:00, run_after=2024-05-20 00:00:00+00:00
[2024-05-20T08:50:34.818+0000] {processor.py:183} INFO - Processing /home/airflow/.local/lib/python3.12/site-packages/airflow/example_dags/example_branch_labels.py took 0.142 seconds
[2024-05-20T08:51:05.012+0000] {processor.py:161} INFO - Started process (PID=2505) to work on /home/airflow/.local/lib/python3.12/site-packages/airflow/example_dags/example_branch_labels.py
[2024-05-20T08:51:05.013+0000] {processor.py:830} INFO - Processing file /home/airflow/.local/lib/python3.12/site-packages/airflow/example_dags/example_branch_labels.py for tasks to queue
[2024-05-20T08:51:05.014+0000] {logging_mixin.py:188} INFO - [2024-05-20T08:51:05.014+0000] {dagbag.py:545} INFO - Filling up the DagBag from /home/airflow/.local/lib/python3.12/site-packages/airflow/example_dags/example_branch_labels.py
[2024-05-20T08:51:05.022+0000] {processor.py:840} INFO - DAG(s) 'example_branch_labels' retrieved from /home/airflow/.local/lib/python3.12/site-packages/airflow/example_dags/example_branch_labels.py
[2024-05-20T08:51:05.047+0000] {logging_mixin.py:188} INFO - [2024-05-20T08:51:05.047+0000] {dag.py:3096} INFO - Sync 1 DAGs
[2024-05-20T08:51:05.071+0000] {logging_mixin.py:188} INFO - [2024-05-20T08:51:05.071+0000] {dag.py:3954} INFO - Setting next_dagrun for example_branch_labels to 2024-05-19 00:00:00+00:00, run_after=2024-05-20 00:00:00+00:00
[2024-05-20T08:51:05.096+0000] {processor.py:183} INFO - Processing /home/airflow/.local/lib/python3.12/site-packages/airflow/example_dags/example_branch_labels.py took 0.092 seconds
[2024-05-20T08:51:35.861+0000] {processor.py:161} INFO - Started process (PID=2567) to work on /home/airflow/.local/lib/python3.12/site-packages/airflow/example_dags/example_branch_labels.py
[2024-05-20T08:51:35.863+0000] {processor.py:830} INFO - Processing file /home/airflow/.local/lib/python3.12/site-packages/airflow/example_dags/example_branch_labels.py for tasks to queue
[2024-05-20T08:51:35.864+0000] {logging_mixin.py:188} INFO - [2024-05-20T08:51:35.864+0000] {dagbag.py:545} INFO - Filling up the DagBag from /home/airflow/.local/lib/python3.12/site-packages/airflow/example_dags/example_branch_labels.py
[2024-05-20T08:51:35.873+0000] {processor.py:840} INFO - DAG(s) 'example_branch_labels' retrieved from /home/airflow/.local/lib/python3.12/site-packages/airflow/example_dags/example_branch_labels.py
[2024-05-20T08:51:35.900+0000] {logging_mixin.py:188} INFO - [2024-05-20T08:51:35.899+0000] {dag.py:3096} INFO - Sync 1 DAGs
[2024-05-20T08:51:35.930+0000] {logging_mixin.py:188} INFO - [2024-05-20T08:51:35.930+0000] {dag.py:3954} INFO - Setting next_dagrun for example_branch_labels to 2024-05-19 00:00:00+00:00, run_after=2024-05-20 00:00:00+00:00
[2024-05-20T08:51:35.957+0000] {processor.py:183} INFO - Processing /home/airflow/.local/lib/python3.12/site-packages/airflow/example_dags/example_branch_labels.py took 0.103 seconds
[2024-05-20T08:52:06.159+0000] {processor.py:161} INFO - Started process (PID=2630) to work on /home/airflow/.local/lib/python3.12/site-packages/airflow/example_dags/example_branch_labels.py
[2024-05-20T08:52:06.160+0000] {processor.py:830} INFO - Processing file /home/airflow/.local/lib/python3.12/site-packages/airflow/example_dags/example_branch_labels.py for tasks to queue
[2024-05-20T08:52:06.161+0000] {logging_mixin.py:188} INFO - [2024-05-20T08:52:06.160+0000] {dagbag.py:545} INFO - Filling up the DagBag from /home/airflow/.local/lib/python3.12/site-packages/airflow/example_dags/example_branch_labels.py
[2024-05-20T08:52:06.167+0000] {processor.py:840} INFO - DAG(s) 'example_branch_labels' retrieved from /home/airflow/.local/lib/python3.12/site-packages/airflow/example_dags/example_branch_labels.py
[2024-05-20T08:52:06.189+0000] {logging_mixin.py:188} INFO - [2024-05-20T08:52:06.189+0000] {dag.py:3096} INFO - Sync 1 DAGs
[2024-05-20T08:52:06.211+0000] {logging_mixin.py:188} INFO - [2024-05-20T08:52:06.210+0000] {dag.py:3954} INFO - Setting next_dagrun for example_branch_labels to 2024-05-19 00:00:00+00:00, run_after=2024-05-20 00:00:00+00:00
[2024-05-20T08:52:06.236+0000] {processor.py:183} INFO - Processing /home/airflow/.local/lib/python3.12/site-packages/airflow/example_dags/example_branch_labels.py took 0.083 seconds
[2024-05-20T08:52:36.500+0000] {processor.py:161} INFO - Started process (PID=2692) to work on /home/airflow/.local/lib/python3.12/site-packages/airflow/example_dags/example_branch_labels.py
[2024-05-20T08:52:36.501+0000] {processor.py:830} INFO - Processing file /home/airflow/.local/lib/python3.12/site-packages/airflow/example_dags/example_branch_labels.py for tasks to queue
[2024-05-20T08:52:36.502+0000] {logging_mixin.py:188} INFO - [2024-05-20T08:52:36.502+0000] {dagbag.py:545} INFO - Filling up the DagBag from /home/airflow/.local/lib/python3.12/site-packages/airflow/example_dags/example_branch_labels.py
[2024-05-20T08:52:36.509+0000] {processor.py:840} INFO - DAG(s) 'example_branch_labels' retrieved from /home/airflow/.local/lib/python3.12/site-packages/airflow/example_dags/example_branch_labels.py
[2024-05-20T08:52:36.533+0000] {logging_mixin.py:188} INFO - [2024-05-20T08:52:36.532+0000] {dag.py:3096} INFO - Sync 1 DAGs
[2024-05-20T08:52:36.556+0000] {logging_mixin.py:188} INFO - [2024-05-20T08:52:36.556+0000] {dag.py:3954} INFO - Setting next_dagrun for example_branch_labels to 2024-05-19 00:00:00+00:00, run_after=2024-05-20 00:00:00+00:00
[2024-05-20T08:52:36.590+0000] {processor.py:183} INFO - Processing /home/airflow/.local/lib/python3.12/site-packages/airflow/example_dags/example_branch_labels.py took 0.096 seconds
[2024-05-20T08:53:06.739+0000] {processor.py:161} INFO - Started process (PID=2754) to work on /home/airflow/.local/lib/python3.12/site-packages/airflow/example_dags/example_branch_labels.py
[2024-05-20T08:53:06.740+0000] {processor.py:830} INFO - Processing file /home/airflow/.local/lib/python3.12/site-packages/airflow/example_dags/example_branch_labels.py for tasks to queue
[2024-05-20T08:53:06.741+0000] {logging_mixin.py:188} INFO - [2024-05-20T08:53:06.741+0000] {dagbag.py:545} INFO - Filling up the DagBag from /home/airflow/.local/lib/python3.12/site-packages/airflow/example_dags/example_branch_labels.py
[2024-05-20T08:53:06.748+0000] {processor.py:840} INFO - DAG(s) 'example_branch_labels' retrieved from /home/airflow/.local/lib/python3.12/site-packages/airflow/example_dags/example_branch_labels.py
[2024-05-20T08:53:06.776+0000] {logging_mixin.py:188} INFO - [2024-05-20T08:53:06.776+0000] {dag.py:3096} INFO - Sync 1 DAGs
[2024-05-20T08:53:06.798+0000] {logging_mixin.py:188} INFO - [2024-05-20T08:53:06.798+0000] {dag.py:3954} INFO - Setting next_dagrun for example_branch_labels to 2024-05-19 00:00:00+00:00, run_after=2024-05-20 00:00:00+00:00
[2024-05-20T08:53:06.826+0000] {processor.py:183} INFO - Processing /home/airflow/.local/lib/python3.12/site-packages/airflow/example_dags/example_branch_labels.py took 0.093 seconds
[2024-05-20T08:53:36.989+0000] {processor.py:161} INFO - Started process (PID=2820) to work on /home/airflow/.local/lib/python3.12/site-packages/airflow/example_dags/example_branch_labels.py
[2024-05-20T08:53:36.990+0000] {processor.py:830} INFO - Processing file /home/airflow/.local/lib/python3.12/site-packages/airflow/example_dags/example_branch_labels.py for tasks to queue
[2024-05-20T08:53:36.991+0000] {logging_mixin.py:188} INFO - [2024-05-20T08:53:36.991+0000] {dagbag.py:545} INFO - Filling up the DagBag from /home/airflow/.local/lib/python3.12/site-packages/airflow/example_dags/example_branch_labels.py
[2024-05-20T08:53:36.997+0000] {processor.py:840} INFO - DAG(s) 'example_branch_labels' retrieved from /home/airflow/.local/lib/python3.12/site-packages/airflow/example_dags/example_branch_labels.py
[2024-05-20T08:53:37.021+0000] {logging_mixin.py:188} INFO - [2024-05-20T08:53:37.020+0000] {dag.py:3096} INFO - Sync 1 DAGs
[2024-05-20T08:53:37.044+0000] {logging_mixin.py:188} INFO - [2024-05-20T08:53:37.043+0000] {dag.py:3954} INFO - Setting next_dagrun for example_branch_labels to 2024-05-19 00:00:00+00:00, run_after=2024-05-20 00:00:00+00:00
[2024-05-20T08:53:37.063+0000] {processor.py:183} INFO - Processing /home/airflow/.local/lib/python3.12/site-packages/airflow/example_dags/example_branch_labels.py took 0.080 seconds
[2024-05-20T08:54:07.141+0000] {processor.py:161} INFO - Started process (PID=2882) to work on /home/airflow/.local/lib/python3.12/site-packages/airflow/example_dags/example_branch_labels.py
[2024-05-20T08:54:07.142+0000] {processor.py:830} INFO - Processing file /home/airflow/.local/lib/python3.12/site-packages/airflow/example_dags/example_branch_labels.py for tasks to queue
[2024-05-20T08:54:07.143+0000] {logging_mixin.py:188} INFO - [2024-05-20T08:54:07.143+0000] {dagbag.py:545} INFO - Filling up the DagBag from /home/airflow/.local/lib/python3.12/site-packages/airflow/example_dags/example_branch_labels.py
[2024-05-20T08:54:07.150+0000] {processor.py:840} INFO - DAG(s) 'example_branch_labels' retrieved from /home/airflow/.local/lib/python3.12/site-packages/airflow/example_dags/example_branch_labels.py
[2024-05-20T08:54:07.173+0000] {logging_mixin.py:188} INFO - [2024-05-20T08:54:07.173+0000] {dag.py:3096} INFO - Sync 1 DAGs
[2024-05-20T08:54:07.193+0000] {logging_mixin.py:188} INFO - [2024-05-20T08:54:07.192+0000] {dag.py:3954} INFO - Setting next_dagrun for example_branch_labels to 2024-05-19 00:00:00+00:00, run_after=2024-05-20 00:00:00+00:00
[2024-05-20T08:54:07.215+0000] {processor.py:183} INFO - Processing /home/airflow/.local/lib/python3.12/site-packages/airflow/example_dags/example_branch_labels.py took 0.079 seconds
[2024-05-20T08:54:37.769+0000] {processor.py:161} INFO - Started process (PID=2944) to work on /home/airflow/.local/lib/python3.12/site-packages/airflow/example_dags/example_branch_labels.py
[2024-05-20T08:54:37.770+0000] {processor.py:830} INFO - Processing file /home/airflow/.local/lib/python3.12/site-packages/airflow/example_dags/example_branch_labels.py for tasks to queue
[2024-05-20T08:54:37.771+0000] {logging_mixin.py:188} INFO - [2024-05-20T08:54:37.771+0000] {dagbag.py:545} INFO - Filling up the DagBag from /home/airflow/.local/lib/python3.12/site-packages/airflow/example_dags/example_branch_labels.py
[2024-05-20T08:54:37.781+0000] {processor.py:840} INFO - DAG(s) 'example_branch_labels' retrieved from /home/airflow/.local/lib/python3.12/site-packages/airflow/example_dags/example_branch_labels.py
[2024-05-20T08:54:37.805+0000] {logging_mixin.py:188} INFO - [2024-05-20T08:54:37.804+0000] {dag.py:3096} INFO - Sync 1 DAGs
[2024-05-20T08:54:37.830+0000] {logging_mixin.py:188} INFO - [2024-05-20T08:54:37.830+0000] {dag.py:3954} INFO - Setting next_dagrun for example_branch_labels to 2024-05-19 00:00:00+00:00, run_after=2024-05-20 00:00:00+00:00
[2024-05-20T08:54:37.858+0000] {processor.py:183} INFO - Processing /home/airflow/.local/lib/python3.12/site-packages/airflow/example_dags/example_branch_labels.py took 0.095 seconds
[2024-05-20T08:55:08.001+0000] {processor.py:161} INFO - Started process (PID=3010) to work on /home/airflow/.local/lib/python3.12/site-packages/airflow/example_dags/example_branch_labels.py
[2024-05-20T08:55:08.003+0000] {processor.py:830} INFO - Processing file /home/airflow/.local/lib/python3.12/site-packages/airflow/example_dags/example_branch_labels.py for tasks to queue
[2024-05-20T08:55:08.004+0000] {logging_mixin.py:188} INFO - [2024-05-20T08:55:08.004+0000] {dagbag.py:545} INFO - Filling up the DagBag from /home/airflow/.local/lib/python3.12/site-packages/airflow/example_dags/example_branch_labels.py
[2024-05-20T08:55:08.012+0000] {processor.py:840} INFO - DAG(s) 'example_branch_labels' retrieved from /home/airflow/.local/lib/python3.12/site-packages/airflow/example_dags/example_branch_labels.py
[2024-05-20T08:55:08.040+0000] {logging_mixin.py:188} INFO - [2024-05-20T08:55:08.039+0000] {dag.py:3096} INFO - Sync 1 DAGs
[2024-05-20T08:55:08.062+0000] {logging_mixin.py:188} INFO - [2024-05-20T08:55:08.062+0000] {dag.py:3954} INFO - Setting next_dagrun for example_branch_labels to 2024-05-19 00:00:00+00:00, run_after=2024-05-20 00:00:00+00:00
[2024-05-20T08:55:08.089+0000] {processor.py:183} INFO - Processing /home/airflow/.local/lib/python3.12/site-packages/airflow/example_dags/example_branch_labels.py took 0.095 seconds
[2024-05-20T08:55:38.818+0000] {processor.py:161} INFO - Started process (PID=3072) to work on /home/airflow/.local/lib/python3.12/site-packages/airflow/example_dags/example_branch_labels.py
[2024-05-20T08:55:38.820+0000] {processor.py:830} INFO - Processing file /home/airflow/.local/lib/python3.12/site-packages/airflow/example_dags/example_branch_labels.py for tasks to queue
[2024-05-20T08:55:38.821+0000] {logging_mixin.py:188} INFO - [2024-05-20T08:55:38.821+0000] {dagbag.py:545} INFO - Filling up the DagBag from /home/airflow/.local/lib/python3.12/site-packages/airflow/example_dags/example_branch_labels.py
[2024-05-20T08:55:38.829+0000] {processor.py:840} INFO - DAG(s) 'example_branch_labels' retrieved from /home/airflow/.local/lib/python3.12/site-packages/airflow/example_dags/example_branch_labels.py
[2024-05-20T08:55:38.857+0000] {logging_mixin.py:188} INFO - [2024-05-20T08:55:38.856+0000] {dag.py:3096} INFO - Sync 1 DAGs
[2024-05-20T08:55:38.883+0000] {logging_mixin.py:188} INFO - [2024-05-20T08:55:38.883+0000] {dag.py:3954} INFO - Setting next_dagrun for example_branch_labels to 2024-05-19 00:00:00+00:00, run_after=2024-05-20 00:00:00+00:00
[2024-05-20T08:55:38.908+0000] {processor.py:183} INFO - Processing /home/airflow/.local/lib/python3.12/site-packages/airflow/example_dags/example_branch_labels.py took 0.096 seconds
[2024-05-20T08:56:09.703+0000] {processor.py:161} INFO - Started process (PID=3134) to work on /home/airflow/.local/lib/python3.12/site-packages/airflow/example_dags/example_branch_labels.py
[2024-05-20T08:56:09.705+0000] {processor.py:830} INFO - Processing file /home/airflow/.local/lib/python3.12/site-packages/airflow/example_dags/example_branch_labels.py for tasks to queue
[2024-05-20T08:56:09.706+0000] {logging_mixin.py:188} INFO - [2024-05-20T08:56:09.705+0000] {dagbag.py:545} INFO - Filling up the DagBag from /home/airflow/.local/lib/python3.12/site-packages/airflow/example_dags/example_branch_labels.py
[2024-05-20T08:56:09.720+0000] {processor.py:840} INFO - DAG(s) 'example_branch_labels' retrieved from /home/airflow/.local/lib/python3.12/site-packages/airflow/example_dags/example_branch_labels.py
[2024-05-20T08:56:09.749+0000] {logging_mixin.py:188} INFO - [2024-05-20T08:56:09.748+0000] {dag.py:3096} INFO - Sync 1 DAGs
[2024-05-20T08:56:09.782+0000] {logging_mixin.py:188} INFO - [2024-05-20T08:56:09.781+0000] {dag.py:3954} INFO - Setting next_dagrun for example_branch_labels to 2024-05-19 00:00:00+00:00, run_after=2024-05-20 00:00:00+00:00
[2024-05-20T08:56:09.810+0000] {processor.py:183} INFO - Processing /home/airflow/.local/lib/python3.12/site-packages/airflow/example_dags/example_branch_labels.py took 0.117 seconds
[2024-05-20T08:56:40.559+0000] {processor.py:161} INFO - Started process (PID=3196) to work on /home/airflow/.local/lib/python3.12/site-packages/airflow/example_dags/example_branch_labels.py
[2024-05-20T08:56:40.560+0000] {processor.py:830} INFO - Processing file /home/airflow/.local/lib/python3.12/site-packages/airflow/example_dags/example_branch_labels.py for tasks to queue
[2024-05-20T08:56:40.562+0000] {logging_mixin.py:188} INFO - [2024-05-20T08:56:40.560+0000] {dagbag.py:545} INFO - Filling up the DagBag from /home/airflow/.local/lib/python3.12/site-packages/airflow/example_dags/example_branch_labels.py
[2024-05-20T08:56:40.571+0000] {processor.py:840} INFO - DAG(s) 'example_branch_labels' retrieved from /home/airflow/.local/lib/python3.12/site-packages/airflow/example_dags/example_branch_labels.py
[2024-05-20T08:56:40.595+0000] {logging_mixin.py:188} INFO - [2024-05-20T08:56:40.594+0000] {dag.py:3096} INFO - Sync 1 DAGs
[2024-05-20T08:56:40.626+0000] {logging_mixin.py:188} INFO - [2024-05-20T08:56:40.625+0000] {dag.py:3954} INFO - Setting next_dagrun for example_branch_labels to 2024-05-19 00:00:00+00:00, run_after=2024-05-20 00:00:00+00:00
[2024-05-20T08:56:40.654+0000] {processor.py:183} INFO - Processing /home/airflow/.local/lib/python3.12/site-packages/airflow/example_dags/example_branch_labels.py took 0.103 seconds
[2024-05-20T08:57:11.107+0000] {processor.py:161} INFO - Started process (PID=3258) to work on /home/airflow/.local/lib/python3.12/site-packages/airflow/example_dags/example_branch_labels.py
[2024-05-20T08:57:11.109+0000] {processor.py:830} INFO - Processing file /home/airflow/.local/lib/python3.12/site-packages/airflow/example_dags/example_branch_labels.py for tasks to queue
[2024-05-20T08:57:11.110+0000] {logging_mixin.py:188} INFO - [2024-05-20T08:57:11.110+0000] {dagbag.py:545} INFO - Filling up the DagBag from /home/airflow/.local/lib/python3.12/site-packages/airflow/example_dags/example_branch_labels.py
[2024-05-20T08:57:11.118+0000] {processor.py:840} INFO - DAG(s) 'example_branch_labels' retrieved from /home/airflow/.local/lib/python3.12/site-packages/airflow/example_dags/example_branch_labels.py
[2024-05-20T08:57:11.146+0000] {logging_mixin.py:188} INFO - [2024-05-20T08:57:11.146+0000] {dag.py:3096} INFO - Sync 1 DAGs
[2024-05-20T08:57:11.177+0000] {logging_mixin.py:188} INFO - [2024-05-20T08:57:11.177+0000] {dag.py:3954} INFO - Setting next_dagrun for example_branch_labels to 2024-05-19 00:00:00+00:00, run_after=2024-05-20 00:00:00+00:00
[2024-05-20T08:57:11.206+0000] {processor.py:183} INFO - Processing /home/airflow/.local/lib/python3.12/site-packages/airflow/example_dags/example_branch_labels.py took 0.107 seconds
[2024-05-20T08:57:41.923+0000] {processor.py:161} INFO - Started process (PID=3320) to work on /home/airflow/.local/lib/python3.12/site-packages/airflow/example_dags/example_branch_labels.py
[2024-05-20T08:57:41.926+0000] {processor.py:830} INFO - Processing file /home/airflow/.local/lib/python3.12/site-packages/airflow/example_dags/example_branch_labels.py for tasks to queue
[2024-05-20T08:57:41.927+0000] {logging_mixin.py:188} INFO - [2024-05-20T08:57:41.927+0000] {dagbag.py:545} INFO - Filling up the DagBag from /home/airflow/.local/lib/python3.12/site-packages/airflow/example_dags/example_branch_labels.py
[2024-05-20T08:57:41.939+0000] {processor.py:840} INFO - DAG(s) 'example_branch_labels' retrieved from /home/airflow/.local/lib/python3.12/site-packages/airflow/example_dags/example_branch_labels.py
[2024-05-20T08:57:41.970+0000] {logging_mixin.py:188} INFO - [2024-05-20T08:57:41.970+0000] {dag.py:3096} INFO - Sync 1 DAGs
[2024-05-20T08:57:42.005+0000] {logging_mixin.py:188} INFO - [2024-05-20T08:57:42.004+0000] {dag.py:3954} INFO - Setting next_dagrun for example_branch_labels to 2024-05-19 00:00:00+00:00, run_after=2024-05-20 00:00:00+00:00
[2024-05-20T08:57:42.039+0000] {processor.py:183} INFO - Processing /home/airflow/.local/lib/python3.12/site-packages/airflow/example_dags/example_branch_labels.py took 0.123 seconds
[2024-05-20T08:58:12.832+0000] {processor.py:161} INFO - Started process (PID=3381) to work on /home/airflow/.local/lib/python3.12/site-packages/airflow/example_dags/example_branch_labels.py
[2024-05-20T08:58:12.835+0000] {processor.py:830} INFO - Processing file /home/airflow/.local/lib/python3.12/site-packages/airflow/example_dags/example_branch_labels.py for tasks to queue
[2024-05-20T08:58:12.844+0000] {logging_mixin.py:188} INFO - [2024-05-20T08:58:12.843+0000] {dagbag.py:545} INFO - Filling up the DagBag from /home/airflow/.local/lib/python3.12/site-packages/airflow/example_dags/example_branch_labels.py
[2024-05-20T08:58:12.862+0000] {processor.py:840} INFO - DAG(s) 'example_branch_labels' retrieved from /home/airflow/.local/lib/python3.12/site-packages/airflow/example_dags/example_branch_labels.py
[2024-05-20T08:58:12.914+0000] {logging_mixin.py:188} INFO - [2024-05-20T08:58:12.913+0000] {dag.py:3096} INFO - Sync 1 DAGs
[2024-05-20T08:58:12.958+0000] {logging_mixin.py:188} INFO - [2024-05-20T08:58:12.957+0000] {dag.py:3954} INFO - Setting next_dagrun for example_branch_labels to 2024-05-19 00:00:00+00:00, run_after=2024-05-20 00:00:00+00:00
[2024-05-20T08:58:13.010+0000] {processor.py:183} INFO - Processing /home/airflow/.local/lib/python3.12/site-packages/airflow/example_dags/example_branch_labels.py took 0.186 seconds
[2024-05-20T08:58:43.952+0000] {processor.py:161} INFO - Started process (PID=3442) to work on /home/airflow/.local/lib/python3.12/site-packages/airflow/example_dags/example_branch_labels.py
[2024-05-20T08:58:43.953+0000] {processor.py:830} INFO - Processing file /home/airflow/.local/lib/python3.12/site-packages/airflow/example_dags/example_branch_labels.py for tasks to queue
[2024-05-20T08:58:43.954+0000] {logging_mixin.py:188} INFO - [2024-05-20T08:58:43.954+0000] {dagbag.py:545} INFO - Filling up the DagBag from /home/airflow/.local/lib/python3.12/site-packages/airflow/example_dags/example_branch_labels.py
[2024-05-20T08:58:43.961+0000] {processor.py:840} INFO - DAG(s) 'example_branch_labels' retrieved from /home/airflow/.local/lib/python3.12/site-packages/airflow/example_dags/example_branch_labels.py
[2024-05-20T08:58:43.989+0000] {logging_mixin.py:188} INFO - [2024-05-20T08:58:43.989+0000] {dag.py:3096} INFO - Sync 1 DAGs
[2024-05-20T08:58:44.015+0000] {logging_mixin.py:188} INFO - [2024-05-20T08:58:44.014+0000] {dag.py:3954} INFO - Setting next_dagrun for example_branch_labels to 2024-05-19 00:00:00+00:00, run_after=2024-05-20 00:00:00+00:00
[2024-05-20T08:58:44.046+0000] {processor.py:183} INFO - Processing /home/airflow/.local/lib/python3.12/site-packages/airflow/example_dags/example_branch_labels.py took 0.100 seconds
[2024-05-20T08:59:14.563+0000] {processor.py:161} INFO - Started process (PID=3503) to work on /home/airflow/.local/lib/python3.12/site-packages/airflow/example_dags/example_branch_labels.py
[2024-05-20T08:59:14.564+0000] {processor.py:830} INFO - Processing file /home/airflow/.local/lib/python3.12/site-packages/airflow/example_dags/example_branch_labels.py for tasks to queue
[2024-05-20T08:59:14.566+0000] {logging_mixin.py:188} INFO - [2024-05-20T08:59:14.565+0000] {dagbag.py:545} INFO - Filling up the DagBag from /home/airflow/.local/lib/python3.12/site-packages/airflow/example_dags/example_branch_labels.py
[2024-05-20T08:59:14.575+0000] {processor.py:840} INFO - DAG(s) 'example_branch_labels' retrieved from /home/airflow/.local/lib/python3.12/site-packages/airflow/example_dags/example_branch_labels.py
[2024-05-20T08:59:14.598+0000] {logging_mixin.py:188} INFO - [2024-05-20T08:59:14.598+0000] {dag.py:3096} INFO - Sync 1 DAGs
[2024-05-20T08:59:14.620+0000] {logging_mixin.py:188} INFO - [2024-05-20T08:59:14.620+0000] {dag.py:3954} INFO - Setting next_dagrun for example_branch_labels to 2024-05-19 00:00:00+00:00, run_after=2024-05-20 00:00:00+00:00
[2024-05-20T08:59:14.648+0000] {processor.py:183} INFO - Processing /home/airflow/.local/lib/python3.12/site-packages/airflow/example_dags/example_branch_labels.py took 0.094 seconds
[2024-05-20T08:59:45.073+0000] {processor.py:161} INFO - Started process (PID=3564) to work on /home/airflow/.local/lib/python3.12/site-packages/airflow/example_dags/example_branch_labels.py
[2024-05-20T08:59:45.074+0000] {processor.py:830} INFO - Processing file /home/airflow/.local/lib/python3.12/site-packages/airflow/example_dags/example_branch_labels.py for tasks to queue
[2024-05-20T08:59:45.075+0000] {logging_mixin.py:188} INFO - [2024-05-20T08:59:45.075+0000] {dagbag.py:545} INFO - Filling up the DagBag from /home/airflow/.local/lib/python3.12/site-packages/airflow/example_dags/example_branch_labels.py
[2024-05-20T08:59:45.082+0000] {processor.py:840} INFO - DAG(s) 'example_branch_labels' retrieved from /home/airflow/.local/lib/python3.12/site-packages/airflow/example_dags/example_branch_labels.py
[2024-05-20T08:59:45.107+0000] {logging_mixin.py:188} INFO - [2024-05-20T08:59:45.106+0000] {dag.py:3096} INFO - Sync 1 DAGs
[2024-05-20T08:59:45.130+0000] {logging_mixin.py:188} INFO - [2024-05-20T08:59:45.129+0000] {dag.py:3954} INFO - Setting next_dagrun for example_branch_labels to 2024-05-19 00:00:00+00:00, run_after=2024-05-20 00:00:00+00:00
[2024-05-20T08:59:45.159+0000] {processor.py:183} INFO - Processing /home/airflow/.local/lib/python3.12/site-packages/airflow/example_dags/example_branch_labels.py took 0.093 seconds
[2024-05-20T09:00:15.449+0000] {processor.py:161} INFO - Started process (PID=3626) to work on /home/airflow/.local/lib/python3.12/site-packages/airflow/example_dags/example_branch_labels.py
[2024-05-20T09:00:15.450+0000] {processor.py:830} INFO - Processing file /home/airflow/.local/lib/python3.12/site-packages/airflow/example_dags/example_branch_labels.py for tasks to queue
[2024-05-20T09:00:15.451+0000] {logging_mixin.py:188} INFO - [2024-05-20T09:00:15.451+0000] {dagbag.py:545} INFO - Filling up the DagBag from /home/airflow/.local/lib/python3.12/site-packages/airflow/example_dags/example_branch_labels.py
[2024-05-20T09:00:15.462+0000] {processor.py:840} INFO - DAG(s) 'example_branch_labels' retrieved from /home/airflow/.local/lib/python3.12/site-packages/airflow/example_dags/example_branch_labels.py
[2024-05-20T09:00:15.491+0000] {logging_mixin.py:188} INFO - [2024-05-20T09:00:15.491+0000] {dag.py:3096} INFO - Sync 1 DAGs
[2024-05-20T09:00:15.521+0000] {logging_mixin.py:188} INFO - [2024-05-20T09:00:15.521+0000] {dag.py:3954} INFO - Setting next_dagrun for example_branch_labels to 2024-05-19 00:00:00+00:00, run_after=2024-05-20 00:00:00+00:00
[2024-05-20T09:00:15.551+0000] {processor.py:183} INFO - Processing /home/airflow/.local/lib/python3.12/site-packages/airflow/example_dags/example_branch_labels.py took 0.110 seconds
[2024-05-20T09:00:45.794+0000] {processor.py:161} INFO - Started process (PID=3688) to work on /home/airflow/.local/lib/python3.12/site-packages/airflow/example_dags/example_branch_labels.py
[2024-05-20T09:00:45.795+0000] {processor.py:830} INFO - Processing file /home/airflow/.local/lib/python3.12/site-packages/airflow/example_dags/example_branch_labels.py for tasks to queue
[2024-05-20T09:00:45.796+0000] {logging_mixin.py:188} INFO - [2024-05-20T09:00:45.796+0000] {dagbag.py:545} INFO - Filling up the DagBag from /home/airflow/.local/lib/python3.12/site-packages/airflow/example_dags/example_branch_labels.py
[2024-05-20T09:00:45.803+0000] {processor.py:840} INFO - DAG(s) 'example_branch_labels' retrieved from /home/airflow/.local/lib/python3.12/site-packages/airflow/example_dags/example_branch_labels.py
[2024-05-20T09:00:45.827+0000] {logging_mixin.py:188} INFO - [2024-05-20T09:00:45.827+0000] {dag.py:3096} INFO - Sync 1 DAGs
[2024-05-20T09:00:45.849+0000] {logging_mixin.py:188} INFO - [2024-05-20T09:00:45.849+0000] {dag.py:3954} INFO - Setting next_dagrun for example_branch_labels to 2024-05-19 00:00:00+00:00, run_after=2024-05-20 00:00:00+00:00
[2024-05-20T09:00:45.870+0000] {processor.py:183} INFO - Processing /home/airflow/.local/lib/python3.12/site-packages/airflow/example_dags/example_branch_labels.py took 0.081 seconds
[2024-05-20T09:01:15.979+0000] {processor.py:161} INFO - Started process (PID=3750) to work on /home/airflow/.local/lib/python3.12/site-packages/airflow/example_dags/example_branch_labels.py
[2024-05-20T09:01:15.980+0000] {processor.py:830} INFO - Processing file /home/airflow/.local/lib/python3.12/site-packages/airflow/example_dags/example_branch_labels.py for tasks to queue
[2024-05-20T09:01:15.981+0000] {logging_mixin.py:188} INFO - [2024-05-20T09:01:15.980+0000] {dagbag.py:545} INFO - Filling up the DagBag from /home/airflow/.local/lib/python3.12/site-packages/airflow/example_dags/example_branch_labels.py
[2024-05-20T09:01:15.988+0000] {processor.py:840} INFO - DAG(s) 'example_branch_labels' retrieved from /home/airflow/.local/lib/python3.12/site-packages/airflow/example_dags/example_branch_labels.py
[2024-05-20T09:01:16.011+0000] {logging_mixin.py:188} INFO - [2024-05-20T09:01:16.011+0000] {dag.py:3096} INFO - Sync 1 DAGs
[2024-05-20T09:01:16.035+0000] {logging_mixin.py:188} INFO - [2024-05-20T09:01:16.034+0000] {dag.py:3954} INFO - Setting next_dagrun for example_branch_labels to 2024-05-19 00:00:00+00:00, run_after=2024-05-20 00:00:00+00:00
[2024-05-20T09:01:16.061+0000] {processor.py:183} INFO - Processing /home/airflow/.local/lib/python3.12/site-packages/airflow/example_dags/example_branch_labels.py took 0.088 seconds
[2024-05-20T09:01:50.626+0000] {processor.py:161} INFO - Started process (PID=3810) to work on /home/airflow/.local/lib/python3.12/site-packages/airflow/example_dags/example_branch_labels.py
[2024-05-20T09:01:50.636+0000] {processor.py:830} INFO - Processing file /home/airflow/.local/lib/python3.12/site-packages/airflow/example_dags/example_branch_labels.py for tasks to queue
[2024-05-20T09:01:50.639+0000] {logging_mixin.py:188} INFO - [2024-05-20T09:01:50.638+0000] {dagbag.py:545} INFO - Filling up the DagBag from /home/airflow/.local/lib/python3.12/site-packages/airflow/example_dags/example_branch_labels.py
[2024-05-20T09:01:50.662+0000] {processor.py:840} INFO - DAG(s) 'example_branch_labels' retrieved from /home/airflow/.local/lib/python3.12/site-packages/airflow/example_dags/example_branch_labels.py
[2024-05-20T09:01:50.737+0000] {logging_mixin.py:188} INFO - [2024-05-20T09:01:50.736+0000] {dag.py:3096} INFO - Sync 1 DAGs
[2024-05-20T09:01:50.828+0000] {logging_mixin.py:188} INFO - [2024-05-20T09:01:50.827+0000] {dag.py:3954} INFO - Setting next_dagrun for example_branch_labels to 2024-05-19 00:00:00+00:00, run_after=2024-05-20 00:00:00+00:00
[2024-05-20T09:01:50.926+0000] {processor.py:183} INFO - Processing /home/airflow/.local/lib/python3.12/site-packages/airflow/example_dags/example_branch_labels.py took 0.324 seconds
[2024-05-20T09:02:21.024+0000] {processor.py:161} INFO - Started process (PID=3872) to work on /home/airflow/.local/lib/python3.12/site-packages/airflow/example_dags/example_branch_labels.py
[2024-05-20T09:02:21.026+0000] {processor.py:830} INFO - Processing file /home/airflow/.local/lib/python3.12/site-packages/airflow/example_dags/example_branch_labels.py for tasks to queue
[2024-05-20T09:02:21.028+0000] {logging_mixin.py:188} INFO - [2024-05-20T09:02:21.027+0000] {dagbag.py:545} INFO - Filling up the DagBag from /home/airflow/.local/lib/python3.12/site-packages/airflow/example_dags/example_branch_labels.py
[2024-05-20T09:02:21.041+0000] {processor.py:840} INFO - DAG(s) 'example_branch_labels' retrieved from /home/airflow/.local/lib/python3.12/site-packages/airflow/example_dags/example_branch_labels.py
[2024-05-20T09:02:21.072+0000] {logging_mixin.py:188} INFO - [2024-05-20T09:02:21.072+0000] {dag.py:3096} INFO - Sync 1 DAGs
[2024-05-20T09:02:21.101+0000] {logging_mixin.py:188} INFO - [2024-05-20T09:02:21.100+0000] {dag.py:3954} INFO - Setting next_dagrun for example_branch_labels to 2024-05-19 00:00:00+00:00, run_after=2024-05-20 00:00:00+00:00
[2024-05-20T09:02:21.127+0000] {processor.py:183} INFO - Processing /home/airflow/.local/lib/python3.12/site-packages/airflow/example_dags/example_branch_labels.py took 0.112 seconds
[2024-05-20T09:02:51.248+0000] {processor.py:161} INFO - Started process (PID=3934) to work on /home/airflow/.local/lib/python3.12/site-packages/airflow/example_dags/example_branch_labels.py
[2024-05-20T09:02:51.250+0000] {processor.py:830} INFO - Processing file /home/airflow/.local/lib/python3.12/site-packages/airflow/example_dags/example_branch_labels.py for tasks to queue
[2024-05-20T09:02:51.251+0000] {logging_mixin.py:188} INFO - [2024-05-20T09:02:51.251+0000] {dagbag.py:545} INFO - Filling up the DagBag from /home/airflow/.local/lib/python3.12/site-packages/airflow/example_dags/example_branch_labels.py
[2024-05-20T09:02:51.260+0000] {processor.py:840} INFO - DAG(s) 'example_branch_labels' retrieved from /home/airflow/.local/lib/python3.12/site-packages/airflow/example_dags/example_branch_labels.py
[2024-05-20T09:02:51.289+0000] {logging_mixin.py:188} INFO - [2024-05-20T09:02:51.289+0000] {dag.py:3096} INFO - Sync 1 DAGs
[2024-05-20T09:02:51.321+0000] {logging_mixin.py:188} INFO - [2024-05-20T09:02:51.321+0000] {dag.py:3954} INFO - Setting next_dagrun for example_branch_labels to 2024-05-19 00:00:00+00:00, run_after=2024-05-20 00:00:00+00:00
[2024-05-20T09:02:51.345+0000] {processor.py:183} INFO - Processing /home/airflow/.local/lib/python3.12/site-packages/airflow/example_dags/example_branch_labels.py took 0.104 seconds
[2024-05-20T09:03:21.470+0000] {processor.py:161} INFO - Started process (PID=3995) to work on /home/airflow/.local/lib/python3.12/site-packages/airflow/example_dags/example_branch_labels.py
[2024-05-20T09:03:21.471+0000] {processor.py:830} INFO - Processing file /home/airflow/.local/lib/python3.12/site-packages/airflow/example_dags/example_branch_labels.py for tasks to queue
[2024-05-20T09:03:21.473+0000] {logging_mixin.py:188} INFO - [2024-05-20T09:03:21.472+0000] {dagbag.py:545} INFO - Filling up the DagBag from /home/airflow/.local/lib/python3.12/site-packages/airflow/example_dags/example_branch_labels.py
[2024-05-20T09:03:21.482+0000] {processor.py:840} INFO - DAG(s) 'example_branch_labels' retrieved from /home/airflow/.local/lib/python3.12/site-packages/airflow/example_dags/example_branch_labels.py
[2024-05-20T09:03:21.506+0000] {logging_mixin.py:188} INFO - [2024-05-20T09:03:21.505+0000] {dag.py:3096} INFO - Sync 1 DAGs
[2024-05-20T09:03:21.533+0000] {logging_mixin.py:188} INFO - [2024-05-20T09:03:21.533+0000] {dag.py:3954} INFO - Setting next_dagrun for example_branch_labels to 2024-05-19 00:00:00+00:00, run_after=2024-05-20 00:00:00+00:00
[2024-05-20T09:03:21.554+0000] {processor.py:183} INFO - Processing /home/airflow/.local/lib/python3.12/site-packages/airflow/example_dags/example_branch_labels.py took 0.092 seconds
[2024-05-20T09:03:51.847+0000] {processor.py:161} INFO - Started process (PID=4057) to work on /home/airflow/.local/lib/python3.12/site-packages/airflow/example_dags/example_branch_labels.py
[2024-05-20T09:03:51.849+0000] {processor.py:830} INFO - Processing file /home/airflow/.local/lib/python3.12/site-packages/airflow/example_dags/example_branch_labels.py for tasks to queue
[2024-05-20T09:03:51.850+0000] {logging_mixin.py:188} INFO - [2024-05-20T09:03:51.850+0000] {dagbag.py:545} INFO - Filling up the DagBag from /home/airflow/.local/lib/python3.12/site-packages/airflow/example_dags/example_branch_labels.py
[2024-05-20T09:03:51.862+0000] {processor.py:840} INFO - DAG(s) 'example_branch_labels' retrieved from /home/airflow/.local/lib/python3.12/site-packages/airflow/example_dags/example_branch_labels.py
[2024-05-20T09:03:51.890+0000] {logging_mixin.py:188} INFO - [2024-05-20T09:03:51.890+0000] {dag.py:3096} INFO - Sync 1 DAGs
[2024-05-20T09:03:51.917+0000] {logging_mixin.py:188} INFO - [2024-05-20T09:03:51.916+0000] {dag.py:3954} INFO - Setting next_dagrun for example_branch_labels to 2024-05-19 00:00:00+00:00, run_after=2024-05-20 00:00:00+00:00
[2024-05-20T09:03:51.958+0000] {processor.py:183} INFO - Processing /home/airflow/.local/lib/python3.12/site-packages/airflow/example_dags/example_branch_labels.py took 0.120 seconds
[2024-05-20T09:04:22.184+0000] {processor.py:161} INFO - Started process (PID=4125) to work on /home/airflow/.local/lib/python3.12/site-packages/airflow/example_dags/example_branch_labels.py
[2024-05-20T09:04:22.185+0000] {processor.py:830} INFO - Processing file /home/airflow/.local/lib/python3.12/site-packages/airflow/example_dags/example_branch_labels.py for tasks to queue
[2024-05-20T09:04:22.188+0000] {logging_mixin.py:188} INFO - [2024-05-20T09:04:22.187+0000] {dagbag.py:545} INFO - Filling up the DagBag from /home/airflow/.local/lib/python3.12/site-packages/airflow/example_dags/example_branch_labels.py
[2024-05-20T09:04:22.202+0000] {processor.py:840} INFO - DAG(s) 'example_branch_labels' retrieved from /home/airflow/.local/lib/python3.12/site-packages/airflow/example_dags/example_branch_labels.py
[2024-05-20T09:04:22.238+0000] {logging_mixin.py:188} INFO - [2024-05-20T09:04:22.237+0000] {dag.py:3096} INFO - Sync 1 DAGs
[2024-05-20T09:04:22.271+0000] {logging_mixin.py:188} INFO - [2024-05-20T09:04:22.271+0000] {dag.py:3954} INFO - Setting next_dagrun for example_branch_labels to 2024-05-19 00:00:00+00:00, run_after=2024-05-20 00:00:00+00:00
[2024-05-20T09:04:22.295+0000] {processor.py:183} INFO - Processing /home/airflow/.local/lib/python3.12/site-packages/airflow/example_dags/example_branch_labels.py took 0.121 seconds
[2024-05-20T09:04:52.479+0000] {processor.py:161} INFO - Started process (PID=4187) to work on /home/airflow/.local/lib/python3.12/site-packages/airflow/example_dags/example_branch_labels.py
[2024-05-20T09:04:52.481+0000] {processor.py:830} INFO - Processing file /home/airflow/.local/lib/python3.12/site-packages/airflow/example_dags/example_branch_labels.py for tasks to queue
[2024-05-20T09:04:52.483+0000] {logging_mixin.py:188} INFO - [2024-05-20T09:04:52.482+0000] {dagbag.py:545} INFO - Filling up the DagBag from /home/airflow/.local/lib/python3.12/site-packages/airflow/example_dags/example_branch_labels.py
[2024-05-20T09:04:52.496+0000] {processor.py:840} INFO - DAG(s) 'example_branch_labels' retrieved from /home/airflow/.local/lib/python3.12/site-packages/airflow/example_dags/example_branch_labels.py
[2024-05-20T09:04:52.530+0000] {logging_mixin.py:188} INFO - [2024-05-20T09:04:52.529+0000] {dag.py:3096} INFO - Sync 1 DAGs
[2024-05-20T09:04:52.561+0000] {logging_mixin.py:188} INFO - [2024-05-20T09:04:52.561+0000] {dag.py:3954} INFO - Setting next_dagrun for example_branch_labels to 2024-05-19 00:00:00+00:00, run_after=2024-05-20 00:00:00+00:00
[2024-05-20T09:04:52.584+0000] {processor.py:183} INFO - Processing /home/airflow/.local/lib/python3.12/site-packages/airflow/example_dags/example_branch_labels.py took 0.116 seconds
[2024-05-20T09:05:22.846+0000] {processor.py:161} INFO - Started process (PID=4249) to work on /home/airflow/.local/lib/python3.12/site-packages/airflow/example_dags/example_branch_labels.py
[2024-05-20T09:05:22.848+0000] {processor.py:830} INFO - Processing file /home/airflow/.local/lib/python3.12/site-packages/airflow/example_dags/example_branch_labels.py for tasks to queue
[2024-05-20T09:05:22.850+0000] {logging_mixin.py:188} INFO - [2024-05-20T09:05:22.849+0000] {dagbag.py:545} INFO - Filling up the DagBag from /home/airflow/.local/lib/python3.12/site-packages/airflow/example_dags/example_branch_labels.py
[2024-05-20T09:05:22.859+0000] {processor.py:840} INFO - DAG(s) 'example_branch_labels' retrieved from /home/airflow/.local/lib/python3.12/site-packages/airflow/example_dags/example_branch_labels.py
[2024-05-20T09:05:22.884+0000] {logging_mixin.py:188} INFO - [2024-05-20T09:05:22.884+0000] {dag.py:3096} INFO - Sync 1 DAGs
[2024-05-20T09:05:22.908+0000] {logging_mixin.py:188} INFO - [2024-05-20T09:05:22.908+0000] {dag.py:3954} INFO - Setting next_dagrun for example_branch_labels to 2024-05-19 00:00:00+00:00, run_after=2024-05-20 00:00:00+00:00
[2024-05-20T09:05:22.928+0000] {processor.py:183} INFO - Processing /home/airflow/.local/lib/python3.12/site-packages/airflow/example_dags/example_branch_labels.py took 0.091 seconds
[2024-05-20T09:11:54.400+0000] {processor.py:161} INFO - Started process (PID=4314) to work on /home/airflow/.local/lib/python3.12/site-packages/airflow/example_dags/example_branch_labels.py
[2024-05-20T09:11:54.402+0000] {processor.py:830} INFO - Processing file /home/airflow/.local/lib/python3.12/site-packages/airflow/example_dags/example_branch_labels.py for tasks to queue
[2024-05-20T09:11:54.404+0000] {logging_mixin.py:188} INFO - [2024-05-20T09:11:54.404+0000] {dagbag.py:545} INFO - Filling up the DagBag from /home/airflow/.local/lib/python3.12/site-packages/airflow/example_dags/example_branch_labels.py
[2024-05-20T09:11:54.420+0000] {processor.py:840} INFO - DAG(s) 'example_branch_labels' retrieved from /home/airflow/.local/lib/python3.12/site-packages/airflow/example_dags/example_branch_labels.py
[2024-05-20T09:11:54.464+0000] {logging_mixin.py:188} INFO - [2024-05-20T09:11:54.464+0000] {dag.py:3096} INFO - Sync 1 DAGs
[2024-05-20T09:11:54.507+0000] {logging_mixin.py:188} INFO - [2024-05-20T09:11:54.506+0000] {dag.py:3954} INFO - Setting next_dagrun for example_branch_labels to 2024-05-19 00:00:00+00:00, run_after=2024-05-20 00:00:00+00:00
[2024-05-20T09:11:54.545+0000] {processor.py:183} INFO - Processing /home/airflow/.local/lib/python3.12/site-packages/airflow/example_dags/example_branch_labels.py took 0.156 seconds
