[2024-05-20T08:30:31.155+0000] {processor.py:161} INFO - Started process (PID=84) to work on /home/airflow/.local/lib/python3.12/site-packages/airflow/example_dags/example_branch_operator.py
[2024-05-20T08:30:31.163+0000] {processor.py:830} INFO - Processing file /home/airflow/.local/lib/python3.12/site-packages/airflow/example_dags/example_branch_operator.py for tasks to queue
[2024-05-20T08:30:31.167+0000] {logging_mixin.py:188} INFO - [2024-05-20T08:30:31.167+0000] {dagbag.py:545} INFO - Filling up the DagBag from /home/airflow/.local/lib/python3.12/site-packages/airflow/example_dags/example_branch_operator.py
[2024-05-20T08:30:31.271+0000] {processor.py:840} INFO - DAG(s) 'example_branch_operator' retrieved from /home/airflow/.local/lib/python3.12/site-packages/airflow/example_dags/example_branch_operator.py
[2024-05-20T08:30:32.757+0000] {logging_mixin.py:188} INFO - [2024-05-20T08:30:32.756+0000] {dag.py:3096} INFO - Sync 1 DAGs
[2024-05-20T08:30:33.029+0000] {logging_mixin.py:188} INFO - [2024-05-20T08:30:33.028+0000] {dag.py:3954} INFO - Setting next_dagrun for example_branch_operator to 2024-05-19 00:00:00+00:00, run_after=2024-05-20 00:00:00+00:00
[2024-05-20T08:30:33.212+0000] {processor.py:183} INFO - Processing /home/airflow/.local/lib/python3.12/site-packages/airflow/example_dags/example_branch_operator.py took 2.080 seconds
[2024-05-20T08:31:51.512+0000] {processor.py:161} INFO - Started process (PID=183) to work on /home/airflow/.local/lib/python3.12/site-packages/airflow/example_dags/example_branch_operator.py
[2024-05-20T08:31:51.516+0000] {processor.py:830} INFO - Processing file /home/airflow/.local/lib/python3.12/site-packages/airflow/example_dags/example_branch_operator.py for tasks to queue
[2024-05-20T08:31:51.521+0000] {logging_mixin.py:188} INFO - [2024-05-20T08:31:51.521+0000] {dagbag.py:545} INFO - Filling up the DagBag from /home/airflow/.local/lib/python3.12/site-packages/airflow/example_dags/example_branch_operator.py
[2024-05-20T08:31:51.565+0000] {processor.py:840} INFO - DAG(s) 'example_branch_operator' retrieved from /home/airflow/.local/lib/python3.12/site-packages/airflow/example_dags/example_branch_operator.py
[2024-05-20T08:31:51.698+0000] {logging_mixin.py:188} INFO - [2024-05-20T08:31:51.697+0000] {dag.py:3096} INFO - Sync 1 DAGs
[2024-05-20T08:31:51.853+0000] {logging_mixin.py:188} INFO - [2024-05-20T08:31:51.852+0000] {dag.py:3954} INFO - Setting next_dagrun for example_branch_operator to 2024-05-19 00:00:00+00:00, run_after=2024-05-20 00:00:00+00:00
[2024-05-20T08:31:52.046+0000] {processor.py:183} INFO - Processing /home/airflow/.local/lib/python3.12/site-packages/airflow/example_dags/example_branch_operator.py took 0.545 seconds
[2024-05-20T08:32:22.459+0000] {processor.py:161} INFO - Started process (PID=251) to work on /home/airflow/.local/lib/python3.12/site-packages/airflow/example_dags/example_branch_operator.py
[2024-05-20T08:32:22.461+0000] {processor.py:830} INFO - Processing file /home/airflow/.local/lib/python3.12/site-packages/airflow/example_dags/example_branch_operator.py for tasks to queue
[2024-05-20T08:32:22.462+0000] {logging_mixin.py:188} INFO - [2024-05-20T08:32:22.462+0000] {dagbag.py:545} INFO - Filling up the DagBag from /home/airflow/.local/lib/python3.12/site-packages/airflow/example_dags/example_branch_operator.py
[2024-05-20T08:32:22.483+0000] {processor.py:840} INFO - DAG(s) 'example_branch_operator' retrieved from /home/airflow/.local/lib/python3.12/site-packages/airflow/example_dags/example_branch_operator.py
[2024-05-20T08:32:22.520+0000] {logging_mixin.py:188} INFO - [2024-05-20T08:32:22.519+0000] {dag.py:3096} INFO - Sync 1 DAGs
[2024-05-20T08:32:22.545+0000] {logging_mixin.py:188} INFO - [2024-05-20T08:32:22.545+0000] {dag.py:3954} INFO - Setting next_dagrun for example_branch_operator to 2024-05-19 00:00:00+00:00, run_after=2024-05-20 00:00:00+00:00
[2024-05-20T08:32:23.351+0000] {processor.py:183} INFO - Processing /home/airflow/.local/lib/python3.12/site-packages/airflow/example_dags/example_branch_operator.py took 0.898 seconds
[2024-05-20T08:32:55.090+0000] {processor.py:161} INFO - Started process (PID=316) to work on /home/airflow/.local/lib/python3.12/site-packages/airflow/example_dags/example_branch_operator.py
[2024-05-20T08:32:55.093+0000] {processor.py:830} INFO - Processing file /home/airflow/.local/lib/python3.12/site-packages/airflow/example_dags/example_branch_operator.py for tasks to queue
[2024-05-20T08:32:55.103+0000] {logging_mixin.py:188} INFO - [2024-05-20T08:32:55.102+0000] {dagbag.py:545} INFO - Filling up the DagBag from /home/airflow/.local/lib/python3.12/site-packages/airflow/example_dags/example_branch_operator.py
[2024-05-20T08:32:55.154+0000] {processor.py:840} INFO - DAG(s) 'example_branch_operator' retrieved from /home/airflow/.local/lib/python3.12/site-packages/airflow/example_dags/example_branch_operator.py
[2024-05-20T08:32:55.242+0000] {logging_mixin.py:188} INFO - [2024-05-20T08:32:55.241+0000] {dag.py:3096} INFO - Sync 1 DAGs
[2024-05-20T08:32:55.303+0000] {logging_mixin.py:188} INFO - [2024-05-20T08:32:55.302+0000] {dag.py:3954} INFO - Setting next_dagrun for example_branch_operator to 2024-05-19 00:00:00+00:00, run_after=2024-05-20 00:00:00+00:00
[2024-05-20T08:32:55.357+0000] {processor.py:183} INFO - Processing /home/airflow/.local/lib/python3.12/site-packages/airflow/example_dags/example_branch_operator.py took 0.279 seconds
[2024-05-20T08:33:26.676+0000] {processor.py:161} INFO - Started process (PID=377) to work on /home/airflow/.local/lib/python3.12/site-packages/airflow/example_dags/example_branch_operator.py
[2024-05-20T08:33:26.681+0000] {processor.py:830} INFO - Processing file /home/airflow/.local/lib/python3.12/site-packages/airflow/example_dags/example_branch_operator.py for tasks to queue
[2024-05-20T08:33:26.697+0000] {logging_mixin.py:188} INFO - [2024-05-20T08:33:26.695+0000] {dagbag.py:545} INFO - Filling up the DagBag from /home/airflow/.local/lib/python3.12/site-packages/airflow/example_dags/example_branch_operator.py
[2024-05-20T08:33:27.279+0000] {processor.py:840} INFO - DAG(s) 'example_branch_operator' retrieved from /home/airflow/.local/lib/python3.12/site-packages/airflow/example_dags/example_branch_operator.py
[2024-05-20T08:33:27.377+0000] {logging_mixin.py:188} INFO - [2024-05-20T08:33:27.375+0000] {dag.py:3096} INFO - Sync 1 DAGs
[2024-05-20T08:33:27.446+0000] {logging_mixin.py:188} INFO - [2024-05-20T08:33:27.446+0000] {dag.py:3954} INFO - Setting next_dagrun for example_branch_operator to 2024-05-19 00:00:00+00:00, run_after=2024-05-20 00:00:00+00:00
[2024-05-20T08:33:27.523+0000] {processor.py:183} INFO - Processing /home/airflow/.local/lib/python3.12/site-packages/airflow/example_dags/example_branch_operator.py took 0.889 seconds
[2024-05-20T08:33:57.623+0000] {processor.py:161} INFO - Started process (PID=438) to work on /home/airflow/.local/lib/python3.12/site-packages/airflow/example_dags/example_branch_operator.py
[2024-05-20T08:33:57.625+0000] {processor.py:830} INFO - Processing file /home/airflow/.local/lib/python3.12/site-packages/airflow/example_dags/example_branch_operator.py for tasks to queue
[2024-05-20T08:33:57.627+0000] {logging_mixin.py:188} INFO - [2024-05-20T08:33:57.627+0000] {dagbag.py:545} INFO - Filling up the DagBag from /home/airflow/.local/lib/python3.12/site-packages/airflow/example_dags/example_branch_operator.py
[2024-05-20T08:33:57.646+0000] {processor.py:840} INFO - DAG(s) 'example_branch_operator' retrieved from /home/airflow/.local/lib/python3.12/site-packages/airflow/example_dags/example_branch_operator.py
[2024-05-20T08:33:57.675+0000] {logging_mixin.py:188} INFO - [2024-05-20T08:33:57.674+0000] {dag.py:3096} INFO - Sync 1 DAGs
[2024-05-20T08:33:57.700+0000] {logging_mixin.py:188} INFO - [2024-05-20T08:33:57.700+0000] {dag.py:3954} INFO - Setting next_dagrun for example_branch_operator to 2024-05-19 00:00:00+00:00, run_after=2024-05-20 00:00:00+00:00
[2024-05-20T08:33:57.724+0000] {processor.py:183} INFO - Processing /home/airflow/.local/lib/python3.12/site-packages/airflow/example_dags/example_branch_operator.py took 0.107 seconds
[2024-05-20T08:34:28.322+0000] {processor.py:161} INFO - Started process (PID=500) to work on /home/airflow/.local/lib/python3.12/site-packages/airflow/example_dags/example_branch_operator.py
[2024-05-20T08:34:28.323+0000] {processor.py:830} INFO - Processing file /home/airflow/.local/lib/python3.12/site-packages/airflow/example_dags/example_branch_operator.py for tasks to queue
[2024-05-20T08:34:28.325+0000] {logging_mixin.py:188} INFO - [2024-05-20T08:34:28.325+0000] {dagbag.py:545} INFO - Filling up the DagBag from /home/airflow/.local/lib/python3.12/site-packages/airflow/example_dags/example_branch_operator.py
[2024-05-20T08:34:28.342+0000] {processor.py:840} INFO - DAG(s) 'example_branch_operator' retrieved from /home/airflow/.local/lib/python3.12/site-packages/airflow/example_dags/example_branch_operator.py
[2024-05-20T08:34:28.372+0000] {logging_mixin.py:188} INFO - [2024-05-20T08:34:28.371+0000] {dag.py:3096} INFO - Sync 1 DAGs
[2024-05-20T08:34:28.413+0000] {logging_mixin.py:188} INFO - [2024-05-20T08:34:28.413+0000] {dag.py:3954} INFO - Setting next_dagrun for example_branch_operator to 2024-05-19 00:00:00+00:00, run_after=2024-05-20 00:00:00+00:00
[2024-05-20T08:34:28.449+0000] {processor.py:183} INFO - Processing /home/airflow/.local/lib/python3.12/site-packages/airflow/example_dags/example_branch_operator.py took 0.133 seconds
[2024-05-20T08:34:58.725+0000] {processor.py:161} INFO - Started process (PID=560) to work on /home/airflow/.local/lib/python3.12/site-packages/airflow/example_dags/example_branch_operator.py
[2024-05-20T08:34:58.727+0000] {processor.py:830} INFO - Processing file /home/airflow/.local/lib/python3.12/site-packages/airflow/example_dags/example_branch_operator.py for tasks to queue
[2024-05-20T08:34:58.729+0000] {logging_mixin.py:188} INFO - [2024-05-20T08:34:58.729+0000] {dagbag.py:545} INFO - Filling up the DagBag from /home/airflow/.local/lib/python3.12/site-packages/airflow/example_dags/example_branch_operator.py
[2024-05-20T08:34:58.757+0000] {processor.py:840} INFO - DAG(s) 'example_branch_operator' retrieved from /home/airflow/.local/lib/python3.12/site-packages/airflow/example_dags/example_branch_operator.py
[2024-05-20T08:34:58.803+0000] {logging_mixin.py:188} INFO - [2024-05-20T08:34:58.802+0000] {dag.py:3096} INFO - Sync 1 DAGs
[2024-05-20T08:34:58.834+0000] {logging_mixin.py:188} INFO - [2024-05-20T08:34:58.834+0000] {dag.py:3954} INFO - Setting next_dagrun for example_branch_operator to 2024-05-19 00:00:00+00:00, run_after=2024-05-20 00:00:00+00:00
[2024-05-20T08:34:58.896+0000] {processor.py:183} INFO - Processing /home/airflow/.local/lib/python3.12/site-packages/airflow/example_dags/example_branch_operator.py took 0.181 seconds
[2024-05-20T08:35:29.320+0000] {processor.py:161} INFO - Started process (PID=622) to work on /home/airflow/.local/lib/python3.12/site-packages/airflow/example_dags/example_branch_operator.py
[2024-05-20T08:35:29.322+0000] {processor.py:830} INFO - Processing file /home/airflow/.local/lib/python3.12/site-packages/airflow/example_dags/example_branch_operator.py for tasks to queue
[2024-05-20T08:35:29.324+0000] {logging_mixin.py:188} INFO - [2024-05-20T08:35:29.324+0000] {dagbag.py:545} INFO - Filling up the DagBag from /home/airflow/.local/lib/python3.12/site-packages/airflow/example_dags/example_branch_operator.py
[2024-05-20T08:35:29.342+0000] {processor.py:840} INFO - DAG(s) 'example_branch_operator' retrieved from /home/airflow/.local/lib/python3.12/site-packages/airflow/example_dags/example_branch_operator.py
[2024-05-20T08:35:29.374+0000] {logging_mixin.py:188} INFO - [2024-05-20T08:35:29.373+0000] {dag.py:3096} INFO - Sync 1 DAGs
[2024-05-20T08:35:29.403+0000] {logging_mixin.py:188} INFO - [2024-05-20T08:35:29.402+0000] {dag.py:3954} INFO - Setting next_dagrun for example_branch_operator to 2024-05-19 00:00:00+00:00, run_after=2024-05-20 00:00:00+00:00
[2024-05-20T08:35:29.429+0000] {processor.py:183} INFO - Processing /home/airflow/.local/lib/python3.12/site-packages/airflow/example_dags/example_branch_operator.py took 0.116 seconds
[2024-05-20T08:35:59.706+0000] {processor.py:161} INFO - Started process (PID=683) to work on /home/airflow/.local/lib/python3.12/site-packages/airflow/example_dags/example_branch_operator.py
[2024-05-20T08:35:59.707+0000] {processor.py:830} INFO - Processing file /home/airflow/.local/lib/python3.12/site-packages/airflow/example_dags/example_branch_operator.py for tasks to queue
[2024-05-20T08:35:59.711+0000] {logging_mixin.py:188} INFO - [2024-05-20T08:35:59.710+0000] {dagbag.py:545} INFO - Filling up the DagBag from /home/airflow/.local/lib/python3.12/site-packages/airflow/example_dags/example_branch_operator.py
[2024-05-20T08:35:59.743+0000] {processor.py:840} INFO - DAG(s) 'example_branch_operator' retrieved from /home/airflow/.local/lib/python3.12/site-packages/airflow/example_dags/example_branch_operator.py
[2024-05-20T08:35:59.806+0000] {logging_mixin.py:188} INFO - [2024-05-20T08:35:59.806+0000] {dag.py:3096} INFO - Sync 1 DAGs
[2024-05-20T08:35:59.865+0000] {logging_mixin.py:188} INFO - [2024-05-20T08:35:59.865+0000] {dag.py:3954} INFO - Setting next_dagrun for example_branch_operator to 2024-05-19 00:00:00+00:00, run_after=2024-05-20 00:00:00+00:00
[2024-05-20T08:35:59.909+0000] {processor.py:183} INFO - Processing /home/airflow/.local/lib/python3.12/site-packages/airflow/example_dags/example_branch_operator.py took 0.215 seconds
[2024-05-20T08:36:29.956+0000] {processor.py:161} INFO - Started process (PID=744) to work on /home/airflow/.local/lib/python3.12/site-packages/airflow/example_dags/example_branch_operator.py
[2024-05-20T08:36:29.958+0000] {processor.py:830} INFO - Processing file /home/airflow/.local/lib/python3.12/site-packages/airflow/example_dags/example_branch_operator.py for tasks to queue
[2024-05-20T08:36:29.960+0000] {logging_mixin.py:188} INFO - [2024-05-20T08:36:29.960+0000] {dagbag.py:545} INFO - Filling up the DagBag from /home/airflow/.local/lib/python3.12/site-packages/airflow/example_dags/example_branch_operator.py
[2024-05-20T08:36:29.980+0000] {processor.py:840} INFO - DAG(s) 'example_branch_operator' retrieved from /home/airflow/.local/lib/python3.12/site-packages/airflow/example_dags/example_branch_operator.py
[2024-05-20T08:36:30.010+0000] {logging_mixin.py:188} INFO - [2024-05-20T08:36:30.010+0000] {dag.py:3096} INFO - Sync 1 DAGs
[2024-05-20T08:36:30.035+0000] {logging_mixin.py:188} INFO - [2024-05-20T08:36:30.034+0000] {dag.py:3954} INFO - Setting next_dagrun for example_branch_operator to 2024-05-19 00:00:00+00:00, run_after=2024-05-20 00:00:00+00:00
[2024-05-20T08:36:30.061+0000] {processor.py:183} INFO - Processing /home/airflow/.local/lib/python3.12/site-packages/airflow/example_dags/example_branch_operator.py took 0.110 seconds
[2024-05-20T08:37:00.222+0000] {processor.py:161} INFO - Started process (PID=805) to work on /home/airflow/.local/lib/python3.12/site-packages/airflow/example_dags/example_branch_operator.py
[2024-05-20T08:37:00.223+0000] {processor.py:830} INFO - Processing file /home/airflow/.local/lib/python3.12/site-packages/airflow/example_dags/example_branch_operator.py for tasks to queue
[2024-05-20T08:37:00.227+0000] {logging_mixin.py:188} INFO - [2024-05-20T08:37:00.226+0000] {dagbag.py:545} INFO - Filling up the DagBag from /home/airflow/.local/lib/python3.12/site-packages/airflow/example_dags/example_branch_operator.py
[2024-05-20T08:37:00.260+0000] {processor.py:840} INFO - DAG(s) 'example_branch_operator' retrieved from /home/airflow/.local/lib/python3.12/site-packages/airflow/example_dags/example_branch_operator.py
[2024-05-20T08:37:00.329+0000] {logging_mixin.py:188} INFO - [2024-05-20T08:37:00.329+0000] {dag.py:3096} INFO - Sync 1 DAGs
[2024-05-20T08:37:00.376+0000] {logging_mixin.py:188} INFO - [2024-05-20T08:37:00.375+0000] {dag.py:3954} INFO - Setting next_dagrun for example_branch_operator to 2024-05-19 00:00:00+00:00, run_after=2024-05-20 00:00:00+00:00
[2024-05-20T08:37:00.419+0000] {processor.py:183} INFO - Processing /home/airflow/.local/lib/python3.12/site-packages/airflow/example_dags/example_branch_operator.py took 0.207 seconds
[2024-05-20T08:37:30.547+0000] {processor.py:161} INFO - Started process (PID=866) to work on /home/airflow/.local/lib/python3.12/site-packages/airflow/example_dags/example_branch_operator.py
[2024-05-20T08:37:30.548+0000] {processor.py:830} INFO - Processing file /home/airflow/.local/lib/python3.12/site-packages/airflow/example_dags/example_branch_operator.py for tasks to queue
[2024-05-20T08:37:30.550+0000] {logging_mixin.py:188} INFO - [2024-05-20T08:37:30.549+0000] {dagbag.py:545} INFO - Filling up the DagBag from /home/airflow/.local/lib/python3.12/site-packages/airflow/example_dags/example_branch_operator.py
[2024-05-20T08:37:30.566+0000] {processor.py:840} INFO - DAG(s) 'example_branch_operator' retrieved from /home/airflow/.local/lib/python3.12/site-packages/airflow/example_dags/example_branch_operator.py
[2024-05-20T08:37:30.596+0000] {logging_mixin.py:188} INFO - [2024-05-20T08:37:30.596+0000] {dag.py:3096} INFO - Sync 1 DAGs
[2024-05-20T08:37:30.618+0000] {logging_mixin.py:188} INFO - [2024-05-20T08:37:30.618+0000] {dag.py:3954} INFO - Setting next_dagrun for example_branch_operator to 2024-05-19 00:00:00+00:00, run_after=2024-05-20 00:00:00+00:00
[2024-05-20T08:37:30.643+0000] {processor.py:183} INFO - Processing /home/airflow/.local/lib/python3.12/site-packages/airflow/example_dags/example_branch_operator.py took 0.103 seconds
[2024-05-20T08:38:01.594+0000] {processor.py:161} INFO - Started process (PID=927) to work on /home/airflow/.local/lib/python3.12/site-packages/airflow/example_dags/example_branch_operator.py
[2024-05-20T08:38:01.596+0000] {processor.py:830} INFO - Processing file /home/airflow/.local/lib/python3.12/site-packages/airflow/example_dags/example_branch_operator.py for tasks to queue
[2024-05-20T08:38:01.598+0000] {logging_mixin.py:188} INFO - [2024-05-20T08:38:01.598+0000] {dagbag.py:545} INFO - Filling up the DagBag from /home/airflow/.local/lib/python3.12/site-packages/airflow/example_dags/example_branch_operator.py
[2024-05-20T08:38:01.613+0000] {processor.py:840} INFO - DAG(s) 'example_branch_operator' retrieved from /home/airflow/.local/lib/python3.12/site-packages/airflow/example_dags/example_branch_operator.py
[2024-05-20T08:38:01.641+0000] {logging_mixin.py:188} INFO - [2024-05-20T08:38:01.641+0000] {dag.py:3096} INFO - Sync 1 DAGs
[2024-05-20T08:38:01.664+0000] {logging_mixin.py:188} INFO - [2024-05-20T08:38:01.664+0000] {dag.py:3954} INFO - Setting next_dagrun for example_branch_operator to 2024-05-19 00:00:00+00:00, run_after=2024-05-20 00:00:00+00:00
[2024-05-20T08:38:01.694+0000] {processor.py:183} INFO - Processing /home/airflow/.local/lib/python3.12/site-packages/airflow/example_dags/example_branch_operator.py took 0.106 seconds
[2024-05-20T08:38:31.934+0000] {processor.py:161} INFO - Started process (PID=988) to work on /home/airflow/.local/lib/python3.12/site-packages/airflow/example_dags/example_branch_operator.py
[2024-05-20T08:38:31.936+0000] {processor.py:830} INFO - Processing file /home/airflow/.local/lib/python3.12/site-packages/airflow/example_dags/example_branch_operator.py for tasks to queue
[2024-05-20T08:38:31.939+0000] {logging_mixin.py:188} INFO - [2024-05-20T08:38:31.939+0000] {dagbag.py:545} INFO - Filling up the DagBag from /home/airflow/.local/lib/python3.12/site-packages/airflow/example_dags/example_branch_operator.py
[2024-05-20T08:38:31.975+0000] {processor.py:840} INFO - DAG(s) 'example_branch_operator' retrieved from /home/airflow/.local/lib/python3.12/site-packages/airflow/example_dags/example_branch_operator.py
[2024-05-20T08:38:32.020+0000] {logging_mixin.py:188} INFO - [2024-05-20T08:38:32.019+0000] {dag.py:3096} INFO - Sync 1 DAGs
[2024-05-20T08:38:32.059+0000] {logging_mixin.py:188} INFO - [2024-05-20T08:38:32.059+0000] {dag.py:3954} INFO - Setting next_dagrun for example_branch_operator to 2024-05-19 00:00:00+00:00, run_after=2024-05-20 00:00:00+00:00
[2024-05-20T08:38:32.097+0000] {processor.py:183} INFO - Processing /home/airflow/.local/lib/python3.12/site-packages/airflow/example_dags/example_branch_operator.py took 0.172 seconds
[2024-05-20T08:39:02.442+0000] {processor.py:161} INFO - Started process (PID=1049) to work on /home/airflow/.local/lib/python3.12/site-packages/airflow/example_dags/example_branch_operator.py
[2024-05-20T08:39:02.444+0000] {processor.py:830} INFO - Processing file /home/airflow/.local/lib/python3.12/site-packages/airflow/example_dags/example_branch_operator.py for tasks to queue
[2024-05-20T08:39:02.445+0000] {logging_mixin.py:188} INFO - [2024-05-20T08:39:02.445+0000] {dagbag.py:545} INFO - Filling up the DagBag from /home/airflow/.local/lib/python3.12/site-packages/airflow/example_dags/example_branch_operator.py
[2024-05-20T08:39:02.462+0000] {processor.py:840} INFO - DAG(s) 'example_branch_operator' retrieved from /home/airflow/.local/lib/python3.12/site-packages/airflow/example_dags/example_branch_operator.py
[2024-05-20T08:39:02.495+0000] {logging_mixin.py:188} INFO - [2024-05-20T08:39:02.495+0000] {dag.py:3096} INFO - Sync 1 DAGs
[2024-05-20T08:39:02.516+0000] {logging_mixin.py:188} INFO - [2024-05-20T08:39:02.516+0000] {dag.py:3954} INFO - Setting next_dagrun for example_branch_operator to 2024-05-19 00:00:00+00:00, run_after=2024-05-20 00:00:00+00:00
[2024-05-20T08:39:02.539+0000] {processor.py:183} INFO - Processing /home/airflow/.local/lib/python3.12/site-packages/airflow/example_dags/example_branch_operator.py took 0.101 seconds
[2024-05-20T08:39:32.921+0000] {processor.py:161} INFO - Started process (PID=1110) to work on /home/airflow/.local/lib/python3.12/site-packages/airflow/example_dags/example_branch_operator.py
[2024-05-20T08:39:32.922+0000] {processor.py:830} INFO - Processing file /home/airflow/.local/lib/python3.12/site-packages/airflow/example_dags/example_branch_operator.py for tasks to queue
[2024-05-20T08:39:32.924+0000] {logging_mixin.py:188} INFO - [2024-05-20T08:39:32.924+0000] {dagbag.py:545} INFO - Filling up the DagBag from /home/airflow/.local/lib/python3.12/site-packages/airflow/example_dags/example_branch_operator.py
[2024-05-20T08:39:32.943+0000] {processor.py:840} INFO - DAG(s) 'example_branch_operator' retrieved from /home/airflow/.local/lib/python3.12/site-packages/airflow/example_dags/example_branch_operator.py
[2024-05-20T08:39:32.977+0000] {logging_mixin.py:188} INFO - [2024-05-20T08:39:32.976+0000] {dag.py:3096} INFO - Sync 1 DAGs
[2024-05-20T08:39:33.007+0000] {logging_mixin.py:188} INFO - [2024-05-20T08:39:33.006+0000] {dag.py:3954} INFO - Setting next_dagrun for example_branch_operator to 2024-05-19 00:00:00+00:00, run_after=2024-05-20 00:00:00+00:00
[2024-05-20T08:39:33.031+0000] {processor.py:183} INFO - Processing /home/airflow/.local/lib/python3.12/site-packages/airflow/example_dags/example_branch_operator.py took 0.117 seconds
[2024-05-20T08:40:03.147+0000] {processor.py:161} INFO - Started process (PID=1171) to work on /home/airflow/.local/lib/python3.12/site-packages/airflow/example_dags/example_branch_operator.py
[2024-05-20T08:40:03.148+0000] {processor.py:830} INFO - Processing file /home/airflow/.local/lib/python3.12/site-packages/airflow/example_dags/example_branch_operator.py for tasks to queue
[2024-05-20T08:40:03.151+0000] {logging_mixin.py:188} INFO - [2024-05-20T08:40:03.150+0000] {dagbag.py:545} INFO - Filling up the DagBag from /home/airflow/.local/lib/python3.12/site-packages/airflow/example_dags/example_branch_operator.py
[2024-05-20T08:40:03.167+0000] {processor.py:840} INFO - DAG(s) 'example_branch_operator' retrieved from /home/airflow/.local/lib/python3.12/site-packages/airflow/example_dags/example_branch_operator.py
[2024-05-20T08:40:03.197+0000] {logging_mixin.py:188} INFO - [2024-05-20T08:40:03.197+0000] {dag.py:3096} INFO - Sync 1 DAGs
[2024-05-20T08:40:03.221+0000] {logging_mixin.py:188} INFO - [2024-05-20T08:40:03.221+0000] {dag.py:3954} INFO - Setting next_dagrun for example_branch_operator to 2024-05-19 00:00:00+00:00, run_after=2024-05-20 00:00:00+00:00
[2024-05-20T08:40:03.250+0000] {processor.py:183} INFO - Processing /home/airflow/.local/lib/python3.12/site-packages/airflow/example_dags/example_branch_operator.py took 0.108 seconds
[2024-05-20T08:40:33.843+0000] {processor.py:161} INFO - Started process (PID=1235) to work on /home/airflow/.local/lib/python3.12/site-packages/airflow/example_dags/example_branch_operator.py
[2024-05-20T08:40:33.844+0000] {processor.py:830} INFO - Processing file /home/airflow/.local/lib/python3.12/site-packages/airflow/example_dags/example_branch_operator.py for tasks to queue
[2024-05-20T08:40:33.846+0000] {logging_mixin.py:188} INFO - [2024-05-20T08:40:33.845+0000] {dagbag.py:545} INFO - Filling up the DagBag from /home/airflow/.local/lib/python3.12/site-packages/airflow/example_dags/example_branch_operator.py
[2024-05-20T08:40:33.868+0000] {processor.py:840} INFO - DAG(s) 'example_branch_operator' retrieved from /home/airflow/.local/lib/python3.12/site-packages/airflow/example_dags/example_branch_operator.py
[2024-05-20T08:40:33.901+0000] {logging_mixin.py:188} INFO - [2024-05-20T08:40:33.901+0000] {dag.py:3096} INFO - Sync 1 DAGs
[2024-05-20T08:40:33.926+0000] {logging_mixin.py:188} INFO - [2024-05-20T08:40:33.926+0000] {dag.py:3954} INFO - Setting next_dagrun for example_branch_operator to 2024-05-19 00:00:00+00:00, run_after=2024-05-20 00:00:00+00:00
[2024-05-20T08:40:33.977+0000] {processor.py:183} INFO - Processing /home/airflow/.local/lib/python3.12/site-packages/airflow/example_dags/example_branch_operator.py took 0.140 seconds
[2024-05-20T08:41:04.266+0000] {processor.py:161} INFO - Started process (PID=1298) to work on /home/airflow/.local/lib/python3.12/site-packages/airflow/example_dags/example_branch_operator.py
[2024-05-20T08:41:04.268+0000] {processor.py:830} INFO - Processing file /home/airflow/.local/lib/python3.12/site-packages/airflow/example_dags/example_branch_operator.py for tasks to queue
[2024-05-20T08:41:04.270+0000] {logging_mixin.py:188} INFO - [2024-05-20T08:41:04.269+0000] {dagbag.py:545} INFO - Filling up the DagBag from /home/airflow/.local/lib/python3.12/site-packages/airflow/example_dags/example_branch_operator.py
[2024-05-20T08:41:04.286+0000] {processor.py:840} INFO - DAG(s) 'example_branch_operator' retrieved from /home/airflow/.local/lib/python3.12/site-packages/airflow/example_dags/example_branch_operator.py
[2024-05-20T08:41:04.315+0000] {logging_mixin.py:188} INFO - [2024-05-20T08:41:04.315+0000] {dag.py:3096} INFO - Sync 1 DAGs
[2024-05-20T08:41:04.338+0000] {logging_mixin.py:188} INFO - [2024-05-20T08:41:04.338+0000] {dag.py:3954} INFO - Setting next_dagrun for example_branch_operator to 2024-05-19 00:00:00+00:00, run_after=2024-05-20 00:00:00+00:00
[2024-05-20T08:41:04.367+0000] {processor.py:183} INFO - Processing /home/airflow/.local/lib/python3.12/site-packages/airflow/example_dags/example_branch_operator.py took 0.106 seconds
[2024-05-20T08:41:34.623+0000] {processor.py:161} INFO - Started process (PID=1361) to work on /home/airflow/.local/lib/python3.12/site-packages/airflow/example_dags/example_branch_operator.py
[2024-05-20T08:41:34.625+0000] {processor.py:830} INFO - Processing file /home/airflow/.local/lib/python3.12/site-packages/airflow/example_dags/example_branch_operator.py for tasks to queue
[2024-05-20T08:41:34.626+0000] {logging_mixin.py:188} INFO - [2024-05-20T08:41:34.625+0000] {dagbag.py:545} INFO - Filling up the DagBag from /home/airflow/.local/lib/python3.12/site-packages/airflow/example_dags/example_branch_operator.py
[2024-05-20T08:41:34.643+0000] {processor.py:840} INFO - DAG(s) 'example_branch_operator' retrieved from /home/airflow/.local/lib/python3.12/site-packages/airflow/example_dags/example_branch_operator.py
[2024-05-20T08:41:34.674+0000] {logging_mixin.py:188} INFO - [2024-05-20T08:41:34.673+0000] {dag.py:3096} INFO - Sync 1 DAGs
[2024-05-20T08:41:34.703+0000] {logging_mixin.py:188} INFO - [2024-05-20T08:41:34.703+0000] {dag.py:3954} INFO - Setting next_dagrun for example_branch_operator to 2024-05-19 00:00:00+00:00, run_after=2024-05-20 00:00:00+00:00
[2024-05-20T08:41:34.732+0000] {processor.py:183} INFO - Processing /home/airflow/.local/lib/python3.12/site-packages/airflow/example_dags/example_branch_operator.py took 0.114 seconds
[2024-05-20T08:42:05.551+0000] {processor.py:161} INFO - Started process (PID=1423) to work on /home/airflow/.local/lib/python3.12/site-packages/airflow/example_dags/example_branch_operator.py
[2024-05-20T08:42:05.552+0000] {processor.py:830} INFO - Processing file /home/airflow/.local/lib/python3.12/site-packages/airflow/example_dags/example_branch_operator.py for tasks to queue
[2024-05-20T08:42:05.553+0000] {logging_mixin.py:188} INFO - [2024-05-20T08:42:05.552+0000] {dagbag.py:545} INFO - Filling up the DagBag from /home/airflow/.local/lib/python3.12/site-packages/airflow/example_dags/example_branch_operator.py
[2024-05-20T08:42:05.567+0000] {processor.py:840} INFO - DAG(s) 'example_branch_operator' retrieved from /home/airflow/.local/lib/python3.12/site-packages/airflow/example_dags/example_branch_operator.py
[2024-05-20T08:42:05.596+0000] {logging_mixin.py:188} INFO - [2024-05-20T08:42:05.596+0000] {dag.py:3096} INFO - Sync 1 DAGs
[2024-05-20T08:42:05.617+0000] {logging_mixin.py:188} INFO - [2024-05-20T08:42:05.617+0000] {dag.py:3954} INFO - Setting next_dagrun for example_branch_operator to 2024-05-19 00:00:00+00:00, run_after=2024-05-20 00:00:00+00:00
[2024-05-20T08:42:05.639+0000] {processor.py:183} INFO - Processing /home/airflow/.local/lib/python3.12/site-packages/airflow/example_dags/example_branch_operator.py took 0.094 seconds
[2024-05-20T08:42:35.716+0000] {processor.py:161} INFO - Started process (PID=1484) to work on /home/airflow/.local/lib/python3.12/site-packages/airflow/example_dags/example_branch_operator.py
[2024-05-20T08:42:35.717+0000] {processor.py:830} INFO - Processing file /home/airflow/.local/lib/python3.12/site-packages/airflow/example_dags/example_branch_operator.py for tasks to queue
[2024-05-20T08:42:35.718+0000] {logging_mixin.py:188} INFO - [2024-05-20T08:42:35.718+0000] {dagbag.py:545} INFO - Filling up the DagBag from /home/airflow/.local/lib/python3.12/site-packages/airflow/example_dags/example_branch_operator.py
[2024-05-20T08:42:35.733+0000] {processor.py:840} INFO - DAG(s) 'example_branch_operator' retrieved from /home/airflow/.local/lib/python3.12/site-packages/airflow/example_dags/example_branch_operator.py
[2024-05-20T08:42:35.763+0000] {logging_mixin.py:188} INFO - [2024-05-20T08:42:35.763+0000] {dag.py:3096} INFO - Sync 1 DAGs
[2024-05-20T08:42:35.785+0000] {logging_mixin.py:188} INFO - [2024-05-20T08:42:35.785+0000] {dag.py:3954} INFO - Setting next_dagrun for example_branch_operator to 2024-05-19 00:00:00+00:00, run_after=2024-05-20 00:00:00+00:00
[2024-05-20T08:42:35.811+0000] {processor.py:183} INFO - Processing /home/airflow/.local/lib/python3.12/site-packages/airflow/example_dags/example_branch_operator.py took 0.101 seconds
[2024-05-20T08:43:06.231+0000] {processor.py:161} INFO - Started process (PID=1545) to work on /home/airflow/.local/lib/python3.12/site-packages/airflow/example_dags/example_branch_operator.py
[2024-05-20T08:43:06.232+0000] {processor.py:830} INFO - Processing file /home/airflow/.local/lib/python3.12/site-packages/airflow/example_dags/example_branch_operator.py for tasks to queue
[2024-05-20T08:43:06.233+0000] {logging_mixin.py:188} INFO - [2024-05-20T08:43:06.233+0000] {dagbag.py:545} INFO - Filling up the DagBag from /home/airflow/.local/lib/python3.12/site-packages/airflow/example_dags/example_branch_operator.py
[2024-05-20T08:43:06.248+0000] {processor.py:840} INFO - DAG(s) 'example_branch_operator' retrieved from /home/airflow/.local/lib/python3.12/site-packages/airflow/example_dags/example_branch_operator.py
[2024-05-20T08:43:06.276+0000] {logging_mixin.py:188} INFO - [2024-05-20T08:43:06.276+0000] {dag.py:3096} INFO - Sync 1 DAGs
[2024-05-20T08:43:06.427+0000] {logging_mixin.py:188} INFO - [2024-05-20T08:43:06.427+0000] {dag.py:3954} INFO - Setting next_dagrun for example_branch_operator to 2024-05-19 00:00:00+00:00, run_after=2024-05-20 00:00:00+00:00
[2024-05-20T08:43:06.446+0000] {processor.py:183} INFO - Processing /home/airflow/.local/lib/python3.12/site-packages/airflow/example_dags/example_branch_operator.py took 0.221 seconds
[2024-05-20T08:43:36.596+0000] {processor.py:161} INFO - Started process (PID=1606) to work on /home/airflow/.local/lib/python3.12/site-packages/airflow/example_dags/example_branch_operator.py
[2024-05-20T08:43:36.597+0000] {processor.py:830} INFO - Processing file /home/airflow/.local/lib/python3.12/site-packages/airflow/example_dags/example_branch_operator.py for tasks to queue
[2024-05-20T08:43:36.598+0000] {logging_mixin.py:188} INFO - [2024-05-20T08:43:36.597+0000] {dagbag.py:545} INFO - Filling up the DagBag from /home/airflow/.local/lib/python3.12/site-packages/airflow/example_dags/example_branch_operator.py
[2024-05-20T08:43:36.614+0000] {processor.py:840} INFO - DAG(s) 'example_branch_operator' retrieved from /home/airflow/.local/lib/python3.12/site-packages/airflow/example_dags/example_branch_operator.py
[2024-05-20T08:43:36.644+0000] {logging_mixin.py:188} INFO - [2024-05-20T08:43:36.644+0000] {dag.py:3096} INFO - Sync 1 DAGs
[2024-05-20T08:43:36.815+0000] {logging_mixin.py:188} INFO - [2024-05-20T08:43:36.815+0000] {dag.py:3954} INFO - Setting next_dagrun for example_branch_operator to 2024-05-19 00:00:00+00:00, run_after=2024-05-20 00:00:00+00:00
[2024-05-20T08:43:36.836+0000] {processor.py:183} INFO - Processing /home/airflow/.local/lib/python3.12/site-packages/airflow/example_dags/example_branch_operator.py took 0.246 seconds
[2024-05-20T08:44:07.083+0000] {processor.py:161} INFO - Started process (PID=1667) to work on /home/airflow/.local/lib/python3.12/site-packages/airflow/example_dags/example_branch_operator.py
[2024-05-20T08:44:07.084+0000] {processor.py:830} INFO - Processing file /home/airflow/.local/lib/python3.12/site-packages/airflow/example_dags/example_branch_operator.py for tasks to queue
[2024-05-20T08:44:07.086+0000] {logging_mixin.py:188} INFO - [2024-05-20T08:44:07.086+0000] {dagbag.py:545} INFO - Filling up the DagBag from /home/airflow/.local/lib/python3.12/site-packages/airflow/example_dags/example_branch_operator.py
[2024-05-20T08:44:07.104+0000] {processor.py:840} INFO - DAG(s) 'example_branch_operator' retrieved from /home/airflow/.local/lib/python3.12/site-packages/airflow/example_dags/example_branch_operator.py
[2024-05-20T08:44:07.141+0000] {logging_mixin.py:188} INFO - [2024-05-20T08:44:07.140+0000] {dag.py:3096} INFO - Sync 1 DAGs
[2024-05-20T08:44:07.167+0000] {logging_mixin.py:188} INFO - [2024-05-20T08:44:07.167+0000] {dag.py:3954} INFO - Setting next_dagrun for example_branch_operator to 2024-05-19 00:00:00+00:00, run_after=2024-05-20 00:00:00+00:00
[2024-05-20T08:44:07.198+0000] {processor.py:183} INFO - Processing /home/airflow/.local/lib/python3.12/site-packages/airflow/example_dags/example_branch_operator.py took 0.120 seconds
[2024-05-20T08:44:37.675+0000] {processor.py:161} INFO - Started process (PID=1728) to work on /home/airflow/.local/lib/python3.12/site-packages/airflow/example_dags/example_branch_operator.py
[2024-05-20T08:44:37.676+0000] {processor.py:830} INFO - Processing file /home/airflow/.local/lib/python3.12/site-packages/airflow/example_dags/example_branch_operator.py for tasks to queue
[2024-05-20T08:44:37.677+0000] {logging_mixin.py:188} INFO - [2024-05-20T08:44:37.677+0000] {dagbag.py:545} INFO - Filling up the DagBag from /home/airflow/.local/lib/python3.12/site-packages/airflow/example_dags/example_branch_operator.py
[2024-05-20T08:44:37.696+0000] {processor.py:840} INFO - DAG(s) 'example_branch_operator' retrieved from /home/airflow/.local/lib/python3.12/site-packages/airflow/example_dags/example_branch_operator.py
[2024-05-20T08:44:37.726+0000] {logging_mixin.py:188} INFO - [2024-05-20T08:44:37.726+0000] {dag.py:3096} INFO - Sync 1 DAGs
[2024-05-20T08:44:37.750+0000] {logging_mixin.py:188} INFO - [2024-05-20T08:44:37.750+0000] {dag.py:3954} INFO - Setting next_dagrun for example_branch_operator to 2024-05-19 00:00:00+00:00, run_after=2024-05-20 00:00:00+00:00
[2024-05-20T08:44:37.777+0000] {processor.py:183} INFO - Processing /home/airflow/.local/lib/python3.12/site-packages/airflow/example_dags/example_branch_operator.py took 0.108 seconds
[2024-05-20T08:45:07.895+0000] {processor.py:161} INFO - Started process (PID=1789) to work on /home/airflow/.local/lib/python3.12/site-packages/airflow/example_dags/example_branch_operator.py
[2024-05-20T08:45:07.896+0000] {processor.py:830} INFO - Processing file /home/airflow/.local/lib/python3.12/site-packages/airflow/example_dags/example_branch_operator.py for tasks to queue
[2024-05-20T08:45:07.897+0000] {logging_mixin.py:188} INFO - [2024-05-20T08:45:07.896+0000] {dagbag.py:545} INFO - Filling up the DagBag from /home/airflow/.local/lib/python3.12/site-packages/airflow/example_dags/example_branch_operator.py
[2024-05-20T08:45:07.913+0000] {processor.py:840} INFO - DAG(s) 'example_branch_operator' retrieved from /home/airflow/.local/lib/python3.12/site-packages/airflow/example_dags/example_branch_operator.py
[2024-05-20T08:45:07.944+0000] {logging_mixin.py:188} INFO - [2024-05-20T08:45:07.943+0000] {dag.py:3096} INFO - Sync 1 DAGs
[2024-05-20T08:45:07.968+0000] {logging_mixin.py:188} INFO - [2024-05-20T08:45:07.968+0000] {dag.py:3954} INFO - Setting next_dagrun for example_branch_operator to 2024-05-19 00:00:00+00:00, run_after=2024-05-20 00:00:00+00:00
[2024-05-20T08:45:07.991+0000] {processor.py:183} INFO - Processing /home/airflow/.local/lib/python3.12/site-packages/airflow/example_dags/example_branch_operator.py took 0.105 seconds
[2024-05-20T08:45:38.389+0000] {processor.py:161} INFO - Started process (PID=1852) to work on /home/airflow/.local/lib/python3.12/site-packages/airflow/example_dags/example_branch_operator.py
[2024-05-20T08:45:38.390+0000] {processor.py:830} INFO - Processing file /home/airflow/.local/lib/python3.12/site-packages/airflow/example_dags/example_branch_operator.py for tasks to queue
[2024-05-20T08:45:38.391+0000] {logging_mixin.py:188} INFO - [2024-05-20T08:45:38.390+0000] {dagbag.py:545} INFO - Filling up the DagBag from /home/airflow/.local/lib/python3.12/site-packages/airflow/example_dags/example_branch_operator.py
[2024-05-20T08:45:38.405+0000] {processor.py:840} INFO - DAG(s) 'example_branch_operator' retrieved from /home/airflow/.local/lib/python3.12/site-packages/airflow/example_dags/example_branch_operator.py
[2024-05-20T08:45:38.436+0000] {logging_mixin.py:188} INFO - [2024-05-20T08:45:38.436+0000] {dag.py:3096} INFO - Sync 1 DAGs
[2024-05-20T08:45:38.457+0000] {logging_mixin.py:188} INFO - [2024-05-20T08:45:38.457+0000] {dag.py:3954} INFO - Setting next_dagrun for example_branch_operator to 2024-05-19 00:00:00+00:00, run_after=2024-05-20 00:00:00+00:00
[2024-05-20T08:45:38.480+0000] {processor.py:183} INFO - Processing /home/airflow/.local/lib/python3.12/site-packages/airflow/example_dags/example_branch_operator.py took 0.097 seconds
[2024-05-20T08:46:09.317+0000] {processor.py:161} INFO - Started process (PID=1919) to work on /home/airflow/.local/lib/python3.12/site-packages/airflow/example_dags/example_branch_operator.py
[2024-05-20T08:46:09.318+0000] {processor.py:830} INFO - Processing file /home/airflow/.local/lib/python3.12/site-packages/airflow/example_dags/example_branch_operator.py for tasks to queue
[2024-05-20T08:46:09.319+0000] {logging_mixin.py:188} INFO - [2024-05-20T08:46:09.319+0000] {dagbag.py:545} INFO - Filling up the DagBag from /home/airflow/.local/lib/python3.12/site-packages/airflow/example_dags/example_branch_operator.py
[2024-05-20T08:46:09.343+0000] {processor.py:840} INFO - DAG(s) 'example_branch_operator' retrieved from /home/airflow/.local/lib/python3.12/site-packages/airflow/example_dags/example_branch_operator.py
[2024-05-20T08:46:09.388+0000] {logging_mixin.py:188} INFO - [2024-05-20T08:46:09.387+0000] {dag.py:3096} INFO - Sync 1 DAGs
[2024-05-20T08:46:09.422+0000] {logging_mixin.py:188} INFO - [2024-05-20T08:46:09.422+0000] {dag.py:3954} INFO - Setting next_dagrun for example_branch_operator to 2024-05-19 00:00:00+00:00, run_after=2024-05-20 00:00:00+00:00
[2024-05-20T08:46:09.454+0000] {processor.py:183} INFO - Processing /home/airflow/.local/lib/python3.12/site-packages/airflow/example_dags/example_branch_operator.py took 0.145 seconds
[2024-05-20T08:46:39.719+0000] {processor.py:161} INFO - Started process (PID=1981) to work on /home/airflow/.local/lib/python3.12/site-packages/airflow/example_dags/example_branch_operator.py
[2024-05-20T08:46:39.721+0000] {processor.py:830} INFO - Processing file /home/airflow/.local/lib/python3.12/site-packages/airflow/example_dags/example_branch_operator.py for tasks to queue
[2024-05-20T08:46:39.721+0000] {logging_mixin.py:188} INFO - [2024-05-20T08:46:39.721+0000] {dagbag.py:545} INFO - Filling up the DagBag from /home/airflow/.local/lib/python3.12/site-packages/airflow/example_dags/example_branch_operator.py
[2024-05-20T08:46:39.737+0000] {processor.py:840} INFO - DAG(s) 'example_branch_operator' retrieved from /home/airflow/.local/lib/python3.12/site-packages/airflow/example_dags/example_branch_operator.py
[2024-05-20T08:46:39.769+0000] {logging_mixin.py:188} INFO - [2024-05-20T08:46:39.768+0000] {dag.py:3096} INFO - Sync 1 DAGs
[2024-05-20T08:46:39.793+0000] {logging_mixin.py:188} INFO - [2024-05-20T08:46:39.793+0000] {dag.py:3954} INFO - Setting next_dagrun for example_branch_operator to 2024-05-19 00:00:00+00:00, run_after=2024-05-20 00:00:00+00:00
[2024-05-20T08:46:39.823+0000] {processor.py:183} INFO - Processing /home/airflow/.local/lib/python3.12/site-packages/airflow/example_dags/example_branch_operator.py took 0.109 seconds
[2024-05-20T08:47:10.278+0000] {processor.py:161} INFO - Started process (PID=2042) to work on /home/airflow/.local/lib/python3.12/site-packages/airflow/example_dags/example_branch_operator.py
[2024-05-20T08:47:10.281+0000] {processor.py:830} INFO - Processing file /home/airflow/.local/lib/python3.12/site-packages/airflow/example_dags/example_branch_operator.py for tasks to queue
[2024-05-20T08:47:10.291+0000] {logging_mixin.py:188} INFO - [2024-05-20T08:47:10.291+0000] {dagbag.py:545} INFO - Filling up the DagBag from /home/airflow/.local/lib/python3.12/site-packages/airflow/example_dags/example_branch_operator.py
[2024-05-20T08:47:10.329+0000] {processor.py:840} INFO - DAG(s) 'example_branch_operator' retrieved from /home/airflow/.local/lib/python3.12/site-packages/airflow/example_dags/example_branch_operator.py
[2024-05-20T08:47:10.436+0000] {logging_mixin.py:188} INFO - [2024-05-20T08:47:10.435+0000] {dag.py:3096} INFO - Sync 1 DAGs
[2024-05-20T08:47:10.525+0000] {logging_mixin.py:188} INFO - [2024-05-20T08:47:10.522+0000] {dag.py:3954} INFO - Setting next_dagrun for example_branch_operator to 2024-05-19 00:00:00+00:00, run_after=2024-05-20 00:00:00+00:00
[2024-05-20T08:47:10.584+0000] {processor.py:183} INFO - Processing /home/airflow/.local/lib/python3.12/site-packages/airflow/example_dags/example_branch_operator.py took 0.323 seconds
[2024-05-20T08:47:41.610+0000] {processor.py:161} INFO - Started process (PID=2103) to work on /home/airflow/.local/lib/python3.12/site-packages/airflow/example_dags/example_branch_operator.py
[2024-05-20T08:47:41.611+0000] {processor.py:830} INFO - Processing file /home/airflow/.local/lib/python3.12/site-packages/airflow/example_dags/example_branch_operator.py for tasks to queue
[2024-05-20T08:47:41.612+0000] {logging_mixin.py:188} INFO - [2024-05-20T08:47:41.612+0000] {dagbag.py:545} INFO - Filling up the DagBag from /home/airflow/.local/lib/python3.12/site-packages/airflow/example_dags/example_branch_operator.py
[2024-05-20T08:47:41.629+0000] {processor.py:840} INFO - DAG(s) 'example_branch_operator' retrieved from /home/airflow/.local/lib/python3.12/site-packages/airflow/example_dags/example_branch_operator.py
[2024-05-20T08:47:41.660+0000] {logging_mixin.py:188} INFO - [2024-05-20T08:47:41.660+0000] {dag.py:3096} INFO - Sync 1 DAGs
[2024-05-20T08:47:41.682+0000] {logging_mixin.py:188} INFO - [2024-05-20T08:47:41.681+0000] {dag.py:3954} INFO - Setting next_dagrun for example_branch_operator to 2024-05-19 00:00:00+00:00, run_after=2024-05-20 00:00:00+00:00
[2024-05-20T08:47:41.717+0000] {processor.py:183} INFO - Processing /home/airflow/.local/lib/python3.12/site-packages/airflow/example_dags/example_branch_operator.py took 0.112 seconds
[2024-05-20T08:48:12.134+0000] {processor.py:161} INFO - Started process (PID=2164) to work on /home/airflow/.local/lib/python3.12/site-packages/airflow/example_dags/example_branch_operator.py
[2024-05-20T08:48:12.135+0000] {processor.py:830} INFO - Processing file /home/airflow/.local/lib/python3.12/site-packages/airflow/example_dags/example_branch_operator.py for tasks to queue
[2024-05-20T08:48:12.137+0000] {logging_mixin.py:188} INFO - [2024-05-20T08:48:12.136+0000] {dagbag.py:545} INFO - Filling up the DagBag from /home/airflow/.local/lib/python3.12/site-packages/airflow/example_dags/example_branch_operator.py
[2024-05-20T08:48:12.162+0000] {processor.py:840} INFO - DAG(s) 'example_branch_operator' retrieved from /home/airflow/.local/lib/python3.12/site-packages/airflow/example_dags/example_branch_operator.py
[2024-05-20T08:48:12.213+0000] {logging_mixin.py:188} INFO - [2024-05-20T08:48:12.213+0000] {dag.py:3096} INFO - Sync 1 DAGs
[2024-05-20T08:48:12.245+0000] {logging_mixin.py:188} INFO - [2024-05-20T08:48:12.244+0000] {dag.py:3954} INFO - Setting next_dagrun for example_branch_operator to 2024-05-19 00:00:00+00:00, run_after=2024-05-20 00:00:00+00:00
[2024-05-20T08:48:12.280+0000] {processor.py:183} INFO - Processing /home/airflow/.local/lib/python3.12/site-packages/airflow/example_dags/example_branch_operator.py took 0.154 seconds
[2024-05-20T08:48:43.723+0000] {processor.py:161} INFO - Started process (PID=2225) to work on /home/airflow/.local/lib/python3.12/site-packages/airflow/example_dags/example_branch_operator.py
[2024-05-20T08:48:43.724+0000] {processor.py:830} INFO - Processing file /home/airflow/.local/lib/python3.12/site-packages/airflow/example_dags/example_branch_operator.py for tasks to queue
[2024-05-20T08:48:43.725+0000] {logging_mixin.py:188} INFO - [2024-05-20T08:48:43.725+0000] {dagbag.py:545} INFO - Filling up the DagBag from /home/airflow/.local/lib/python3.12/site-packages/airflow/example_dags/example_branch_operator.py
[2024-05-20T08:48:43.744+0000] {processor.py:840} INFO - DAG(s) 'example_branch_operator' retrieved from /home/airflow/.local/lib/python3.12/site-packages/airflow/example_dags/example_branch_operator.py
[2024-05-20T08:48:43.778+0000] {logging_mixin.py:188} INFO - [2024-05-20T08:48:43.778+0000] {dag.py:3096} INFO - Sync 1 DAGs
[2024-05-20T08:48:43.805+0000] {logging_mixin.py:188} INFO - [2024-05-20T08:48:43.805+0000] {dag.py:3954} INFO - Setting next_dagrun for example_branch_operator to 2024-05-19 00:00:00+00:00, run_after=2024-05-20 00:00:00+00:00
[2024-05-20T08:48:43.873+0000] {processor.py:183} INFO - Processing /home/airflow/.local/lib/python3.12/site-packages/airflow/example_dags/example_branch_operator.py took 0.157 seconds
[2024-05-20T08:49:14.522+0000] {processor.py:161} INFO - Started process (PID=2289) to work on /home/airflow/.local/lib/python3.12/site-packages/airflow/example_dags/example_branch_operator.py
[2024-05-20T08:49:14.523+0000] {processor.py:830} INFO - Processing file /home/airflow/.local/lib/python3.12/site-packages/airflow/example_dags/example_branch_operator.py for tasks to queue
[2024-05-20T08:49:14.524+0000] {logging_mixin.py:188} INFO - [2024-05-20T08:49:14.524+0000] {dagbag.py:545} INFO - Filling up the DagBag from /home/airflow/.local/lib/python3.12/site-packages/airflow/example_dags/example_branch_operator.py
[2024-05-20T08:49:14.538+0000] {processor.py:840} INFO - DAG(s) 'example_branch_operator' retrieved from /home/airflow/.local/lib/python3.12/site-packages/airflow/example_dags/example_branch_operator.py
[2024-05-20T08:49:14.565+0000] {logging_mixin.py:188} INFO - [2024-05-20T08:49:14.565+0000] {dag.py:3096} INFO - Sync 1 DAGs
[2024-05-20T08:49:14.585+0000] {logging_mixin.py:188} INFO - [2024-05-20T08:49:14.584+0000] {dag.py:3954} INFO - Setting next_dagrun for example_branch_operator to 2024-05-19 00:00:00+00:00, run_after=2024-05-20 00:00:00+00:00
[2024-05-20T08:49:14.606+0000] {processor.py:183} INFO - Processing /home/airflow/.local/lib/python3.12/site-packages/airflow/example_dags/example_branch_operator.py took 0.090 seconds
[2024-05-20T08:49:45.153+0000] {processor.py:161} INFO - Started process (PID=2350) to work on /home/airflow/.local/lib/python3.12/site-packages/airflow/example_dags/example_branch_operator.py
[2024-05-20T08:49:45.154+0000] {processor.py:830} INFO - Processing file /home/airflow/.local/lib/python3.12/site-packages/airflow/example_dags/example_branch_operator.py for tasks to queue
[2024-05-20T08:49:45.156+0000] {logging_mixin.py:188} INFO - [2024-05-20T08:49:45.155+0000] {dagbag.py:545} INFO - Filling up the DagBag from /home/airflow/.local/lib/python3.12/site-packages/airflow/example_dags/example_branch_operator.py
[2024-05-20T08:49:45.173+0000] {processor.py:840} INFO - DAG(s) 'example_branch_operator' retrieved from /home/airflow/.local/lib/python3.12/site-packages/airflow/example_dags/example_branch_operator.py
[2024-05-20T08:49:45.202+0000] {logging_mixin.py:188} INFO - [2024-05-20T08:49:45.201+0000] {dag.py:3096} INFO - Sync 1 DAGs
[2024-05-20T08:49:45.222+0000] {logging_mixin.py:188} INFO - [2024-05-20T08:49:45.221+0000] {dag.py:3954} INFO - Setting next_dagrun for example_branch_operator to 2024-05-19 00:00:00+00:00, run_after=2024-05-20 00:00:00+00:00
[2024-05-20T08:49:45.243+0000] {processor.py:183} INFO - Processing /home/airflow/.local/lib/python3.12/site-packages/airflow/example_dags/example_branch_operator.py took 0.100 seconds
[2024-05-20T08:50:15.436+0000] {processor.py:161} INFO - Started process (PID=2413) to work on /home/airflow/.local/lib/python3.12/site-packages/airflow/example_dags/example_branch_operator.py
[2024-05-20T08:50:15.437+0000] {processor.py:830} INFO - Processing file /home/airflow/.local/lib/python3.12/site-packages/airflow/example_dags/example_branch_operator.py for tasks to queue
[2024-05-20T08:50:15.438+0000] {logging_mixin.py:188} INFO - [2024-05-20T08:50:15.438+0000] {dagbag.py:545} INFO - Filling up the DagBag from /home/airflow/.local/lib/python3.12/site-packages/airflow/example_dags/example_branch_operator.py
[2024-05-20T08:50:15.457+0000] {processor.py:840} INFO - DAG(s) 'example_branch_operator' retrieved from /home/airflow/.local/lib/python3.12/site-packages/airflow/example_dags/example_branch_operator.py
[2024-05-20T08:50:15.490+0000] {logging_mixin.py:188} INFO - [2024-05-20T08:50:15.490+0000] {dag.py:3096} INFO - Sync 1 DAGs
[2024-05-20T08:50:15.517+0000] {logging_mixin.py:188} INFO - [2024-05-20T08:50:15.516+0000] {dag.py:3954} INFO - Setting next_dagrun for example_branch_operator to 2024-05-19 00:00:00+00:00, run_after=2024-05-20 00:00:00+00:00
[2024-05-20T08:50:15.539+0000] {processor.py:183} INFO - Processing /home/airflow/.local/lib/python3.12/site-packages/airflow/example_dags/example_branch_operator.py took 0.109 seconds
[2024-05-20T08:50:45.924+0000] {processor.py:161} INFO - Started process (PID=2475) to work on /home/airflow/.local/lib/python3.12/site-packages/airflow/example_dags/example_branch_operator.py
[2024-05-20T08:50:45.926+0000] {processor.py:830} INFO - Processing file /home/airflow/.local/lib/python3.12/site-packages/airflow/example_dags/example_branch_operator.py for tasks to queue
[2024-05-20T08:50:45.927+0000] {logging_mixin.py:188} INFO - [2024-05-20T08:50:45.926+0000] {dagbag.py:545} INFO - Filling up the DagBag from /home/airflow/.local/lib/python3.12/site-packages/airflow/example_dags/example_branch_operator.py
[2024-05-20T08:50:45.948+0000] {processor.py:840} INFO - DAG(s) 'example_branch_operator' retrieved from /home/airflow/.local/lib/python3.12/site-packages/airflow/example_dags/example_branch_operator.py
[2024-05-20T08:50:45.990+0000] {logging_mixin.py:188} INFO - [2024-05-20T08:50:45.989+0000] {dag.py:3096} INFO - Sync 1 DAGs
[2024-05-20T08:50:46.021+0000] {logging_mixin.py:188} INFO - [2024-05-20T08:50:46.021+0000] {dag.py:3954} INFO - Setting next_dagrun for example_branch_operator to 2024-05-19 00:00:00+00:00, run_after=2024-05-20 00:00:00+00:00
[2024-05-20T08:50:46.051+0000] {processor.py:183} INFO - Processing /home/airflow/.local/lib/python3.12/site-packages/airflow/example_dags/example_branch_operator.py took 0.137 seconds
[2024-05-20T08:51:16.240+0000] {processor.py:161} INFO - Started process (PID=2537) to work on /home/airflow/.local/lib/python3.12/site-packages/airflow/example_dags/example_branch_operator.py
[2024-05-20T08:51:16.241+0000] {processor.py:830} INFO - Processing file /home/airflow/.local/lib/python3.12/site-packages/airflow/example_dags/example_branch_operator.py for tasks to queue
[2024-05-20T08:51:16.242+0000] {logging_mixin.py:188} INFO - [2024-05-20T08:51:16.241+0000] {dagbag.py:545} INFO - Filling up the DagBag from /home/airflow/.local/lib/python3.12/site-packages/airflow/example_dags/example_branch_operator.py
[2024-05-20T08:51:16.257+0000] {processor.py:840} INFO - DAG(s) 'example_branch_operator' retrieved from /home/airflow/.local/lib/python3.12/site-packages/airflow/example_dags/example_branch_operator.py
[2024-05-20T08:51:16.286+0000] {logging_mixin.py:188} INFO - [2024-05-20T08:51:16.286+0000] {dag.py:3096} INFO - Sync 1 DAGs
[2024-05-20T08:51:16.308+0000] {logging_mixin.py:188} INFO - [2024-05-20T08:51:16.307+0000] {dag.py:3954} INFO - Setting next_dagrun for example_branch_operator to 2024-05-19 00:00:00+00:00, run_after=2024-05-20 00:00:00+00:00
[2024-05-20T08:51:16.332+0000] {processor.py:183} INFO - Processing /home/airflow/.local/lib/python3.12/site-packages/airflow/example_dags/example_branch_operator.py took 0.098 seconds
[2024-05-20T08:51:47.194+0000] {processor.py:161} INFO - Started process (PID=2599) to work on /home/airflow/.local/lib/python3.12/site-packages/airflow/example_dags/example_branch_operator.py
[2024-05-20T08:51:47.196+0000] {processor.py:830} INFO - Processing file /home/airflow/.local/lib/python3.12/site-packages/airflow/example_dags/example_branch_operator.py for tasks to queue
[2024-05-20T08:51:47.198+0000] {logging_mixin.py:188} INFO - [2024-05-20T08:51:47.197+0000] {dagbag.py:545} INFO - Filling up the DagBag from /home/airflow/.local/lib/python3.12/site-packages/airflow/example_dags/example_branch_operator.py
[2024-05-20T08:51:47.227+0000] {processor.py:840} INFO - DAG(s) 'example_branch_operator' retrieved from /home/airflow/.local/lib/python3.12/site-packages/airflow/example_dags/example_branch_operator.py
[2024-05-20T08:51:47.281+0000] {logging_mixin.py:188} INFO - [2024-05-20T08:51:47.281+0000] {dag.py:3096} INFO - Sync 1 DAGs
[2024-05-20T08:51:47.323+0000] {logging_mixin.py:188} INFO - [2024-05-20T08:51:47.323+0000] {dag.py:3954} INFO - Setting next_dagrun for example_branch_operator to 2024-05-19 00:00:00+00:00, run_after=2024-05-20 00:00:00+00:00
[2024-05-20T08:51:47.357+0000] {processor.py:183} INFO - Processing /home/airflow/.local/lib/python3.12/site-packages/airflow/example_dags/example_branch_operator.py took 0.173 seconds
[2024-05-20T08:52:17.516+0000] {processor.py:161} INFO - Started process (PID=2661) to work on /home/airflow/.local/lib/python3.12/site-packages/airflow/example_dags/example_branch_operator.py
[2024-05-20T08:52:17.517+0000] {processor.py:830} INFO - Processing file /home/airflow/.local/lib/python3.12/site-packages/airflow/example_dags/example_branch_operator.py for tasks to queue
[2024-05-20T08:52:17.518+0000] {logging_mixin.py:188} INFO - [2024-05-20T08:52:17.518+0000] {dagbag.py:545} INFO - Filling up the DagBag from /home/airflow/.local/lib/python3.12/site-packages/airflow/example_dags/example_branch_operator.py
[2024-05-20T08:52:17.534+0000] {processor.py:840} INFO - DAG(s) 'example_branch_operator' retrieved from /home/airflow/.local/lib/python3.12/site-packages/airflow/example_dags/example_branch_operator.py
[2024-05-20T08:52:17.565+0000] {logging_mixin.py:188} INFO - [2024-05-20T08:52:17.564+0000] {dag.py:3096} INFO - Sync 1 DAGs
[2024-05-20T08:52:17.586+0000] {logging_mixin.py:188} INFO - [2024-05-20T08:52:17.586+0000] {dag.py:3954} INFO - Setting next_dagrun for example_branch_operator to 2024-05-19 00:00:00+00:00, run_after=2024-05-20 00:00:00+00:00
[2024-05-20T08:52:17.608+0000] {processor.py:183} INFO - Processing /home/airflow/.local/lib/python3.12/site-packages/airflow/example_dags/example_branch_operator.py took 0.098 seconds
[2024-05-20T08:52:47.831+0000] {processor.py:161} INFO - Started process (PID=2724) to work on /home/airflow/.local/lib/python3.12/site-packages/airflow/example_dags/example_branch_operator.py
[2024-05-20T08:52:47.832+0000] {processor.py:830} INFO - Processing file /home/airflow/.local/lib/python3.12/site-packages/airflow/example_dags/example_branch_operator.py for tasks to queue
[2024-05-20T08:52:47.833+0000] {logging_mixin.py:188} INFO - [2024-05-20T08:52:47.833+0000] {dagbag.py:545} INFO - Filling up the DagBag from /home/airflow/.local/lib/python3.12/site-packages/airflow/example_dags/example_branch_operator.py
[2024-05-20T08:52:47.848+0000] {processor.py:840} INFO - DAG(s) 'example_branch_operator' retrieved from /home/airflow/.local/lib/python3.12/site-packages/airflow/example_dags/example_branch_operator.py
[2024-05-20T08:52:47.878+0000] {logging_mixin.py:188} INFO - [2024-05-20T08:52:47.878+0000] {dag.py:3096} INFO - Sync 1 DAGs
[2024-05-20T08:52:47.902+0000] {logging_mixin.py:188} INFO - [2024-05-20T08:52:47.902+0000] {dag.py:3954} INFO - Setting next_dagrun for example_branch_operator to 2024-05-19 00:00:00+00:00, run_after=2024-05-20 00:00:00+00:00
[2024-05-20T08:52:47.923+0000] {processor.py:183} INFO - Processing /home/airflow/.local/lib/python3.12/site-packages/airflow/example_dags/example_branch_operator.py took 0.099 seconds
[2024-05-20T08:53:17.971+0000] {processor.py:161} INFO - Started process (PID=2787) to work on /home/airflow/.local/lib/python3.12/site-packages/airflow/example_dags/example_branch_operator.py
[2024-05-20T08:53:17.972+0000] {processor.py:830} INFO - Processing file /home/airflow/.local/lib/python3.12/site-packages/airflow/example_dags/example_branch_operator.py for tasks to queue
[2024-05-20T08:53:17.973+0000] {logging_mixin.py:188} INFO - [2024-05-20T08:53:17.973+0000] {dagbag.py:545} INFO - Filling up the DagBag from /home/airflow/.local/lib/python3.12/site-packages/airflow/example_dags/example_branch_operator.py
[2024-05-20T08:53:17.989+0000] {processor.py:840} INFO - DAG(s) 'example_branch_operator' retrieved from /home/airflow/.local/lib/python3.12/site-packages/airflow/example_dags/example_branch_operator.py
[2024-05-20T08:53:18.016+0000] {logging_mixin.py:188} INFO - [2024-05-20T08:53:18.016+0000] {dag.py:3096} INFO - Sync 1 DAGs
[2024-05-20T08:53:18.037+0000] {logging_mixin.py:188} INFO - [2024-05-20T08:53:18.037+0000] {dag.py:3954} INFO - Setting next_dagrun for example_branch_operator to 2024-05-19 00:00:00+00:00, run_after=2024-05-20 00:00:00+00:00
[2024-05-20T08:53:18.059+0000] {processor.py:183} INFO - Processing /home/airflow/.local/lib/python3.12/site-packages/airflow/example_dags/example_branch_operator.py took 0.094 seconds
[2024-05-20T08:53:48.332+0000] {processor.py:161} INFO - Started process (PID=2851) to work on /home/airflow/.local/lib/python3.12/site-packages/airflow/example_dags/example_branch_operator.py
[2024-05-20T08:53:48.333+0000] {processor.py:830} INFO - Processing file /home/airflow/.local/lib/python3.12/site-packages/airflow/example_dags/example_branch_operator.py for tasks to queue
[2024-05-20T08:53:48.334+0000] {logging_mixin.py:188} INFO - [2024-05-20T08:53:48.334+0000] {dagbag.py:545} INFO - Filling up the DagBag from /home/airflow/.local/lib/python3.12/site-packages/airflow/example_dags/example_branch_operator.py
[2024-05-20T08:53:48.349+0000] {processor.py:840} INFO - DAG(s) 'example_branch_operator' retrieved from /home/airflow/.local/lib/python3.12/site-packages/airflow/example_dags/example_branch_operator.py
[2024-05-20T08:53:48.387+0000] {logging_mixin.py:188} INFO - [2024-05-20T08:53:48.387+0000] {dag.py:3096} INFO - Sync 1 DAGs
[2024-05-20T08:53:48.409+0000] {logging_mixin.py:188} INFO - [2024-05-20T08:53:48.409+0000] {dag.py:3954} INFO - Setting next_dagrun for example_branch_operator to 2024-05-19 00:00:00+00:00, run_after=2024-05-20 00:00:00+00:00
[2024-05-20T08:53:48.432+0000] {processor.py:183} INFO - Processing /home/airflow/.local/lib/python3.12/site-packages/airflow/example_dags/example_branch_operator.py took 0.105 seconds
[2024-05-20T08:54:19.165+0000] {processor.py:161} INFO - Started process (PID=2913) to work on /home/airflow/.local/lib/python3.12/site-packages/airflow/example_dags/example_branch_operator.py
[2024-05-20T08:54:19.166+0000] {processor.py:830} INFO - Processing file /home/airflow/.local/lib/python3.12/site-packages/airflow/example_dags/example_branch_operator.py for tasks to queue
[2024-05-20T08:54:19.167+0000] {logging_mixin.py:188} INFO - [2024-05-20T08:54:19.167+0000] {dagbag.py:545} INFO - Filling up the DagBag from /home/airflow/.local/lib/python3.12/site-packages/airflow/example_dags/example_branch_operator.py
[2024-05-20T08:54:19.185+0000] {processor.py:840} INFO - DAG(s) 'example_branch_operator' retrieved from /home/airflow/.local/lib/python3.12/site-packages/airflow/example_dags/example_branch_operator.py
[2024-05-20T08:54:19.218+0000] {logging_mixin.py:188} INFO - [2024-05-20T08:54:19.218+0000] {dag.py:3096} INFO - Sync 1 DAGs
[2024-05-20T08:54:19.247+0000] {logging_mixin.py:188} INFO - [2024-05-20T08:54:19.247+0000] {dag.py:3954} INFO - Setting next_dagrun for example_branch_operator to 2024-05-19 00:00:00+00:00, run_after=2024-05-20 00:00:00+00:00
[2024-05-20T08:54:19.274+0000] {processor.py:183} INFO - Processing /home/airflow/.local/lib/python3.12/site-packages/airflow/example_dags/example_branch_operator.py took 0.115 seconds
[2024-05-20T08:54:49.931+0000] {processor.py:161} INFO - Started process (PID=2979) to work on /home/airflow/.local/lib/python3.12/site-packages/airflow/example_dags/example_branch_operator.py
[2024-05-20T08:54:49.933+0000] {processor.py:830} INFO - Processing file /home/airflow/.local/lib/python3.12/site-packages/airflow/example_dags/example_branch_operator.py for tasks to queue
[2024-05-20T08:54:49.935+0000] {logging_mixin.py:188} INFO - [2024-05-20T08:54:49.934+0000] {dagbag.py:545} INFO - Filling up the DagBag from /home/airflow/.local/lib/python3.12/site-packages/airflow/example_dags/example_branch_operator.py
[2024-05-20T08:54:49.956+0000] {processor.py:840} INFO - DAG(s) 'example_branch_operator' retrieved from /home/airflow/.local/lib/python3.12/site-packages/airflow/example_dags/example_branch_operator.py
[2024-05-20T08:54:49.995+0000] {logging_mixin.py:188} INFO - [2024-05-20T08:54:49.994+0000] {dag.py:3096} INFO - Sync 1 DAGs
[2024-05-20T08:54:50.029+0000] {logging_mixin.py:188} INFO - [2024-05-20T08:54:50.029+0000] {dag.py:3954} INFO - Setting next_dagrun for example_branch_operator to 2024-05-19 00:00:00+00:00, run_after=2024-05-20 00:00:00+00:00
[2024-05-20T08:54:50.063+0000] {processor.py:183} INFO - Processing /home/airflow/.local/lib/python3.12/site-packages/airflow/example_dags/example_branch_operator.py took 0.138 seconds
[2024-05-20T08:55:20.139+0000] {processor.py:161} INFO - Started process (PID=3041) to work on /home/airflow/.local/lib/python3.12/site-packages/airflow/example_dags/example_branch_operator.py
[2024-05-20T08:55:20.140+0000] {processor.py:830} INFO - Processing file /home/airflow/.local/lib/python3.12/site-packages/airflow/example_dags/example_branch_operator.py for tasks to queue
[2024-05-20T08:55:20.140+0000] {logging_mixin.py:188} INFO - [2024-05-20T08:55:20.140+0000] {dagbag.py:545} INFO - Filling up the DagBag from /home/airflow/.local/lib/python3.12/site-packages/airflow/example_dags/example_branch_operator.py
[2024-05-20T08:55:20.157+0000] {processor.py:840} INFO - DAG(s) 'example_branch_operator' retrieved from /home/airflow/.local/lib/python3.12/site-packages/airflow/example_dags/example_branch_operator.py
[2024-05-20T08:55:20.188+0000] {logging_mixin.py:188} INFO - [2024-05-20T08:55:20.188+0000] {dag.py:3096} INFO - Sync 1 DAGs
[2024-05-20T08:55:20.221+0000] {logging_mixin.py:188} INFO - [2024-05-20T08:55:20.221+0000] {dag.py:3954} INFO - Setting next_dagrun for example_branch_operator to 2024-05-19 00:00:00+00:00, run_after=2024-05-20 00:00:00+00:00
[2024-05-20T08:55:20.253+0000] {processor.py:183} INFO - Processing /home/airflow/.local/lib/python3.12/site-packages/airflow/example_dags/example_branch_operator.py took 0.119 seconds
[2024-05-20T08:55:50.987+0000] {processor.py:161} INFO - Started process (PID=3103) to work on /home/airflow/.local/lib/python3.12/site-packages/airflow/example_dags/example_branch_operator.py
[2024-05-20T08:55:50.988+0000] {processor.py:830} INFO - Processing file /home/airflow/.local/lib/python3.12/site-packages/airflow/example_dags/example_branch_operator.py for tasks to queue
[2024-05-20T08:55:50.989+0000] {logging_mixin.py:188} INFO - [2024-05-20T08:55:50.989+0000] {dagbag.py:545} INFO - Filling up the DagBag from /home/airflow/.local/lib/python3.12/site-packages/airflow/example_dags/example_branch_operator.py
[2024-05-20T08:55:51.011+0000] {processor.py:840} INFO - DAG(s) 'example_branch_operator' retrieved from /home/airflow/.local/lib/python3.12/site-packages/airflow/example_dags/example_branch_operator.py
[2024-05-20T08:55:51.054+0000] {logging_mixin.py:188} INFO - [2024-05-20T08:55:51.053+0000] {dag.py:3096} INFO - Sync 1 DAGs
[2024-05-20T08:55:51.084+0000] {logging_mixin.py:188} INFO - [2024-05-20T08:55:51.083+0000] {dag.py:3954} INFO - Setting next_dagrun for example_branch_operator to 2024-05-19 00:00:00+00:00, run_after=2024-05-20 00:00:00+00:00
[2024-05-20T08:55:51.108+0000] {processor.py:183} INFO - Processing /home/airflow/.local/lib/python3.12/site-packages/airflow/example_dags/example_branch_operator.py took 0.130 seconds
[2024-05-20T08:56:21.786+0000] {processor.py:161} INFO - Started process (PID=3171) to work on /home/airflow/.local/lib/python3.12/site-packages/airflow/example_dags/example_branch_operator.py
[2024-05-20T08:56:21.788+0000] {processor.py:830} INFO - Processing file /home/airflow/.local/lib/python3.12/site-packages/airflow/example_dags/example_branch_operator.py for tasks to queue
[2024-05-20T08:56:21.789+0000] {logging_mixin.py:188} INFO - [2024-05-20T08:56:21.788+0000] {dagbag.py:545} INFO - Filling up the DagBag from /home/airflow/.local/lib/python3.12/site-packages/airflow/example_dags/example_branch_operator.py
[2024-05-20T08:56:21.806+0000] {processor.py:840} INFO - DAG(s) 'example_branch_operator' retrieved from /home/airflow/.local/lib/python3.12/site-packages/airflow/example_dags/example_branch_operator.py
[2024-05-20T08:56:21.836+0000] {logging_mixin.py:188} INFO - [2024-05-20T08:56:21.836+0000] {dag.py:3096} INFO - Sync 1 DAGs
[2024-05-20T08:56:21.863+0000] {logging_mixin.py:188} INFO - [2024-05-20T08:56:21.863+0000] {dag.py:3954} INFO - Setting next_dagrun for example_branch_operator to 2024-05-19 00:00:00+00:00, run_after=2024-05-20 00:00:00+00:00
[2024-05-20T08:56:21.885+0000] {processor.py:183} INFO - Processing /home/airflow/.local/lib/python3.12/site-packages/airflow/example_dags/example_branch_operator.py took 0.107 seconds
[2024-05-20T08:56:52.617+0000] {processor.py:161} INFO - Started process (PID=3233) to work on /home/airflow/.local/lib/python3.12/site-packages/airflow/example_dags/example_branch_operator.py
[2024-05-20T08:56:52.618+0000] {processor.py:830} INFO - Processing file /home/airflow/.local/lib/python3.12/site-packages/airflow/example_dags/example_branch_operator.py for tasks to queue
[2024-05-20T08:56:52.619+0000] {logging_mixin.py:188} INFO - [2024-05-20T08:56:52.619+0000] {dagbag.py:545} INFO - Filling up the DagBag from /home/airflow/.local/lib/python3.12/site-packages/airflow/example_dags/example_branch_operator.py
[2024-05-20T08:56:52.636+0000] {processor.py:840} INFO - DAG(s) 'example_branch_operator' retrieved from /home/airflow/.local/lib/python3.12/site-packages/airflow/example_dags/example_branch_operator.py
[2024-05-20T08:56:52.665+0000] {logging_mixin.py:188} INFO - [2024-05-20T08:56:52.665+0000] {dag.py:3096} INFO - Sync 1 DAGs
[2024-05-20T08:56:52.688+0000] {logging_mixin.py:188} INFO - [2024-05-20T08:56:52.688+0000] {dag.py:3954} INFO - Setting next_dagrun for example_branch_operator to 2024-05-19 00:00:00+00:00, run_after=2024-05-20 00:00:00+00:00
[2024-05-20T08:56:52.713+0000] {processor.py:183} INFO - Processing /home/airflow/.local/lib/python3.12/site-packages/airflow/example_dags/example_branch_operator.py took 0.101 seconds
[2024-05-20T08:57:23.206+0000] {processor.py:161} INFO - Started process (PID=3295) to work on /home/airflow/.local/lib/python3.12/site-packages/airflow/example_dags/example_branch_operator.py
[2024-05-20T08:57:23.207+0000] {processor.py:830} INFO - Processing file /home/airflow/.local/lib/python3.12/site-packages/airflow/example_dags/example_branch_operator.py for tasks to queue
[2024-05-20T08:57:23.209+0000] {logging_mixin.py:188} INFO - [2024-05-20T08:57:23.208+0000] {dagbag.py:545} INFO - Filling up the DagBag from /home/airflow/.local/lib/python3.12/site-packages/airflow/example_dags/example_branch_operator.py
[2024-05-20T08:57:23.225+0000] {processor.py:840} INFO - DAG(s) 'example_branch_operator' retrieved from /home/airflow/.local/lib/python3.12/site-packages/airflow/example_dags/example_branch_operator.py
[2024-05-20T08:57:23.271+0000] {logging_mixin.py:188} INFO - [2024-05-20T08:57:23.271+0000] {dag.py:3096} INFO - Sync 1 DAGs
[2024-05-20T08:57:23.299+0000] {logging_mixin.py:188} INFO - [2024-05-20T08:57:23.299+0000] {dag.py:3954} INFO - Setting next_dagrun for example_branch_operator to 2024-05-19 00:00:00+00:00, run_after=2024-05-20 00:00:00+00:00
[2024-05-20T08:57:23.320+0000] {processor.py:183} INFO - Processing /home/airflow/.local/lib/python3.12/site-packages/airflow/example_dags/example_branch_operator.py took 0.119 seconds
[2024-05-20T08:57:54.119+0000] {processor.py:161} INFO - Started process (PID=3357) to work on /home/airflow/.local/lib/python3.12/site-packages/airflow/example_dags/example_branch_operator.py
[2024-05-20T08:57:54.120+0000] {processor.py:830} INFO - Processing file /home/airflow/.local/lib/python3.12/site-packages/airflow/example_dags/example_branch_operator.py for tasks to queue
[2024-05-20T08:57:54.122+0000] {logging_mixin.py:188} INFO - [2024-05-20T08:57:54.121+0000] {dagbag.py:545} INFO - Filling up the DagBag from /home/airflow/.local/lib/python3.12/site-packages/airflow/example_dags/example_branch_operator.py
[2024-05-20T08:57:54.141+0000] {processor.py:840} INFO - DAG(s) 'example_branch_operator' retrieved from /home/airflow/.local/lib/python3.12/site-packages/airflow/example_dags/example_branch_operator.py
[2024-05-20T08:57:54.172+0000] {logging_mixin.py:188} INFO - [2024-05-20T08:57:54.172+0000] {dag.py:3096} INFO - Sync 1 DAGs
[2024-05-20T08:57:54.209+0000] {logging_mixin.py:188} INFO - [2024-05-20T08:57:54.208+0000] {dag.py:3954} INFO - Setting next_dagrun for example_branch_operator to 2024-05-19 00:00:00+00:00, run_after=2024-05-20 00:00:00+00:00
[2024-05-20T08:57:54.236+0000] {processor.py:183} INFO - Processing /home/airflow/.local/lib/python3.12/site-packages/airflow/example_dags/example_branch_operator.py took 0.123 seconds
[2024-05-20T08:58:25.059+0000] {processor.py:161} INFO - Started process (PID=3418) to work on /home/airflow/.local/lib/python3.12/site-packages/airflow/example_dags/example_branch_operator.py
[2024-05-20T08:58:25.060+0000] {processor.py:830} INFO - Processing file /home/airflow/.local/lib/python3.12/site-packages/airflow/example_dags/example_branch_operator.py for tasks to queue
[2024-05-20T08:58:25.061+0000] {logging_mixin.py:188} INFO - [2024-05-20T08:58:25.061+0000] {dagbag.py:545} INFO - Filling up the DagBag from /home/airflow/.local/lib/python3.12/site-packages/airflow/example_dags/example_branch_operator.py
[2024-05-20T08:58:25.076+0000] {processor.py:840} INFO - DAG(s) 'example_branch_operator' retrieved from /home/airflow/.local/lib/python3.12/site-packages/airflow/example_dags/example_branch_operator.py
[2024-05-20T08:58:25.105+0000] {logging_mixin.py:188} INFO - [2024-05-20T08:58:25.105+0000] {dag.py:3096} INFO - Sync 1 DAGs
[2024-05-20T08:58:25.127+0000] {logging_mixin.py:188} INFO - [2024-05-20T08:58:25.127+0000] {dag.py:3954} INFO - Setting next_dagrun for example_branch_operator to 2024-05-19 00:00:00+00:00, run_after=2024-05-20 00:00:00+00:00
[2024-05-20T08:58:25.148+0000] {processor.py:183} INFO - Processing /home/airflow/.local/lib/python3.12/site-packages/airflow/example_dags/example_branch_operator.py took 0.095 seconds
[2024-05-20T08:58:55.649+0000] {processor.py:161} INFO - Started process (PID=3479) to work on /home/airflow/.local/lib/python3.12/site-packages/airflow/example_dags/example_branch_operator.py
[2024-05-20T08:58:55.651+0000] {processor.py:830} INFO - Processing file /home/airflow/.local/lib/python3.12/site-packages/airflow/example_dags/example_branch_operator.py for tasks to queue
[2024-05-20T08:58:55.652+0000] {logging_mixin.py:188} INFO - [2024-05-20T08:58:55.652+0000] {dagbag.py:545} INFO - Filling up the DagBag from /home/airflow/.local/lib/python3.12/site-packages/airflow/example_dags/example_branch_operator.py
[2024-05-20T08:58:55.696+0000] {processor.py:840} INFO - DAG(s) 'example_branch_operator' retrieved from /home/airflow/.local/lib/python3.12/site-packages/airflow/example_dags/example_branch_operator.py
[2024-05-20T08:58:55.757+0000] {logging_mixin.py:188} INFO - [2024-05-20T08:58:55.757+0000] {dag.py:3096} INFO - Sync 1 DAGs
[2024-05-20T08:58:55.797+0000] {logging_mixin.py:188} INFO - [2024-05-20T08:58:55.797+0000] {dag.py:3954} INFO - Setting next_dagrun for example_branch_operator to 2024-05-19 00:00:00+00:00, run_after=2024-05-20 00:00:00+00:00
[2024-05-20T08:58:55.836+0000] {processor.py:183} INFO - Processing /home/airflow/.local/lib/python3.12/site-packages/airflow/example_dags/example_branch_operator.py took 0.195 seconds
[2024-05-20T08:59:26.679+0000] {processor.py:161} INFO - Started process (PID=3540) to work on /home/airflow/.local/lib/python3.12/site-packages/airflow/example_dags/example_branch_operator.py
[2024-05-20T08:59:26.680+0000] {processor.py:830} INFO - Processing file /home/airflow/.local/lib/python3.12/site-packages/airflow/example_dags/example_branch_operator.py for tasks to queue
[2024-05-20T08:59:26.681+0000] {logging_mixin.py:188} INFO - [2024-05-20T08:59:26.681+0000] {dagbag.py:545} INFO - Filling up the DagBag from /home/airflow/.local/lib/python3.12/site-packages/airflow/example_dags/example_branch_operator.py
[2024-05-20T08:59:26.697+0000] {processor.py:840} INFO - DAG(s) 'example_branch_operator' retrieved from /home/airflow/.local/lib/python3.12/site-packages/airflow/example_dags/example_branch_operator.py
[2024-05-20T08:59:26.730+0000] {logging_mixin.py:188} INFO - [2024-05-20T08:59:26.729+0000] {dag.py:3096} INFO - Sync 1 DAGs
[2024-05-20T08:59:26.757+0000] {logging_mixin.py:188} INFO - [2024-05-20T08:59:26.756+0000] {dag.py:3954} INFO - Setting next_dagrun for example_branch_operator to 2024-05-19 00:00:00+00:00, run_after=2024-05-20 00:00:00+00:00
[2024-05-20T08:59:26.780+0000] {processor.py:183} INFO - Processing /home/airflow/.local/lib/python3.12/site-packages/airflow/example_dags/example_branch_operator.py took 0.106 seconds
[2024-05-20T08:59:57.667+0000] {processor.py:161} INFO - Started process (PID=3601) to work on /home/airflow/.local/lib/python3.12/site-packages/airflow/example_dags/example_branch_operator.py
[2024-05-20T08:59:57.669+0000] {processor.py:830} INFO - Processing file /home/airflow/.local/lib/python3.12/site-packages/airflow/example_dags/example_branch_operator.py for tasks to queue
[2024-05-20T08:59:57.670+0000] {logging_mixin.py:188} INFO - [2024-05-20T08:59:57.670+0000] {dagbag.py:545} INFO - Filling up the DagBag from /home/airflow/.local/lib/python3.12/site-packages/airflow/example_dags/example_branch_operator.py
[2024-05-20T08:59:57.693+0000] {processor.py:840} INFO - DAG(s) 'example_branch_operator' retrieved from /home/airflow/.local/lib/python3.12/site-packages/airflow/example_dags/example_branch_operator.py
[2024-05-20T08:59:57.741+0000] {logging_mixin.py:188} INFO - [2024-05-20T08:59:57.741+0000] {dag.py:3096} INFO - Sync 1 DAGs
[2024-05-20T08:59:57.773+0000] {logging_mixin.py:188} INFO - [2024-05-20T08:59:57.773+0000] {dag.py:3954} INFO - Setting next_dagrun for example_branch_operator to 2024-05-19 00:00:00+00:00, run_after=2024-05-20 00:00:00+00:00
[2024-05-20T08:59:57.800+0000] {processor.py:183} INFO - Processing /home/airflow/.local/lib/python3.12/site-packages/airflow/example_dags/example_branch_operator.py took 0.141 seconds
[2024-05-20T09:00:28.310+0000] {processor.py:161} INFO - Started process (PID=3663) to work on /home/airflow/.local/lib/python3.12/site-packages/airflow/example_dags/example_branch_operator.py
[2024-05-20T09:00:28.311+0000] {processor.py:830} INFO - Processing file /home/airflow/.local/lib/python3.12/site-packages/airflow/example_dags/example_branch_operator.py for tasks to queue
[2024-05-20T09:00:28.312+0000] {logging_mixin.py:188} INFO - [2024-05-20T09:00:28.311+0000] {dagbag.py:545} INFO - Filling up the DagBag from /home/airflow/.local/lib/python3.12/site-packages/airflow/example_dags/example_branch_operator.py
[2024-05-20T09:00:28.327+0000] {processor.py:840} INFO - DAG(s) 'example_branch_operator' retrieved from /home/airflow/.local/lib/python3.12/site-packages/airflow/example_dags/example_branch_operator.py
[2024-05-20T09:00:28.357+0000] {logging_mixin.py:188} INFO - [2024-05-20T09:00:28.356+0000] {dag.py:3096} INFO - Sync 1 DAGs
[2024-05-20T09:00:28.380+0000] {logging_mixin.py:188} INFO - [2024-05-20T09:00:28.380+0000] {dag.py:3954} INFO - Setting next_dagrun for example_branch_operator to 2024-05-19 00:00:00+00:00, run_after=2024-05-20 00:00:00+00:00
[2024-05-20T09:00:28.401+0000] {processor.py:183} INFO - Processing /home/airflow/.local/lib/python3.12/site-packages/airflow/example_dags/example_branch_operator.py took 0.096 seconds
[2024-05-20T09:00:59.147+0000] {processor.py:161} INFO - Started process (PID=3725) to work on /home/airflow/.local/lib/python3.12/site-packages/airflow/example_dags/example_branch_operator.py
[2024-05-20T09:00:59.148+0000] {processor.py:830} INFO - Processing file /home/airflow/.local/lib/python3.12/site-packages/airflow/example_dags/example_branch_operator.py for tasks to queue
[2024-05-20T09:00:59.149+0000] {logging_mixin.py:188} INFO - [2024-05-20T09:00:59.149+0000] {dagbag.py:545} INFO - Filling up the DagBag from /home/airflow/.local/lib/python3.12/site-packages/airflow/example_dags/example_branch_operator.py
[2024-05-20T09:00:59.162+0000] {processor.py:840} INFO - DAG(s) 'example_branch_operator' retrieved from /home/airflow/.local/lib/python3.12/site-packages/airflow/example_dags/example_branch_operator.py
[2024-05-20T09:00:59.194+0000] {logging_mixin.py:188} INFO - [2024-05-20T09:00:59.193+0000] {dag.py:3096} INFO - Sync 1 DAGs
[2024-05-20T09:00:59.222+0000] {logging_mixin.py:188} INFO - [2024-05-20T09:00:59.222+0000] {dag.py:3954} INFO - Setting next_dagrun for example_branch_operator to 2024-05-19 00:00:00+00:00, run_after=2024-05-20 00:00:00+00:00
[2024-05-20T09:00:59.254+0000] {processor.py:183} INFO - Processing /home/airflow/.local/lib/python3.12/site-packages/airflow/example_dags/example_branch_operator.py took 0.112 seconds
[2024-05-20T09:01:29.495+0000] {processor.py:161} INFO - Started process (PID=3787) to work on /home/airflow/.local/lib/python3.12/site-packages/airflow/example_dags/example_branch_operator.py
[2024-05-20T09:01:29.496+0000] {processor.py:830} INFO - Processing file /home/airflow/.local/lib/python3.12/site-packages/airflow/example_dags/example_branch_operator.py for tasks to queue
[2024-05-20T09:01:29.497+0000] {logging_mixin.py:188} INFO - [2024-05-20T09:01:29.497+0000] {dagbag.py:545} INFO - Filling up the DagBag from /home/airflow/.local/lib/python3.12/site-packages/airflow/example_dags/example_branch_operator.py
[2024-05-20T09:01:29.514+0000] {processor.py:840} INFO - DAG(s) 'example_branch_operator' retrieved from /home/airflow/.local/lib/python3.12/site-packages/airflow/example_dags/example_branch_operator.py
[2024-05-20T09:01:29.546+0000] {logging_mixin.py:188} INFO - [2024-05-20T09:01:29.546+0000] {dag.py:3096} INFO - Sync 1 DAGs
[2024-05-20T09:01:29.569+0000] {logging_mixin.py:188} INFO - [2024-05-20T09:01:29.569+0000] {dag.py:3954} INFO - Setting next_dagrun for example_branch_operator to 2024-05-19 00:00:00+00:00, run_after=2024-05-20 00:00:00+00:00
[2024-05-20T09:01:29.592+0000] {processor.py:183} INFO - Processing /home/airflow/.local/lib/python3.12/site-packages/airflow/example_dags/example_branch_operator.py took 0.102 seconds
[2024-05-20T09:02:00.806+0000] {processor.py:161} INFO - Started process (PID=3849) to work on /home/airflow/.local/lib/python3.12/site-packages/airflow/example_dags/example_branch_operator.py
[2024-05-20T09:02:00.808+0000] {processor.py:830} INFO - Processing file /home/airflow/.local/lib/python3.12/site-packages/airflow/example_dags/example_branch_operator.py for tasks to queue
[2024-05-20T09:02:00.809+0000] {logging_mixin.py:188} INFO - [2024-05-20T09:02:00.809+0000] {dagbag.py:545} INFO - Filling up the DagBag from /home/airflow/.local/lib/python3.12/site-packages/airflow/example_dags/example_branch_operator.py
[2024-05-20T09:02:00.835+0000] {processor.py:840} INFO - DAG(s) 'example_branch_operator' retrieved from /home/airflow/.local/lib/python3.12/site-packages/airflow/example_dags/example_branch_operator.py
[2024-05-20T09:02:00.911+0000] {logging_mixin.py:188} INFO - [2024-05-20T09:02:00.911+0000] {dag.py:3096} INFO - Sync 1 DAGs
[2024-05-20T09:02:00.979+0000] {logging_mixin.py:188} INFO - [2024-05-20T09:02:00.979+0000] {dag.py:3954} INFO - Setting next_dagrun for example_branch_operator to 2024-05-19 00:00:00+00:00, run_after=2024-05-20 00:00:00+00:00
[2024-05-20T09:02:01.017+0000] {processor.py:183} INFO - Processing /home/airflow/.local/lib/python3.12/site-packages/airflow/example_dags/example_branch_operator.py took 0.220 seconds
[2024-05-20T09:02:31.121+0000] {processor.py:161} INFO - Started process (PID=3911) to work on /home/airflow/.local/lib/python3.12/site-packages/airflow/example_dags/example_branch_operator.py
[2024-05-20T09:02:31.122+0000] {processor.py:830} INFO - Processing file /home/airflow/.local/lib/python3.12/site-packages/airflow/example_dags/example_branch_operator.py for tasks to queue
[2024-05-20T09:02:31.123+0000] {logging_mixin.py:188} INFO - [2024-05-20T09:02:31.123+0000] {dagbag.py:545} INFO - Filling up the DagBag from /home/airflow/.local/lib/python3.12/site-packages/airflow/example_dags/example_branch_operator.py
[2024-05-20T09:02:31.150+0000] {processor.py:840} INFO - DAG(s) 'example_branch_operator' retrieved from /home/airflow/.local/lib/python3.12/site-packages/airflow/example_dags/example_branch_operator.py
[2024-05-20T09:02:31.186+0000] {logging_mixin.py:188} INFO - [2024-05-20T09:02:31.185+0000] {dag.py:3096} INFO - Sync 1 DAGs
[2024-05-20T09:02:31.212+0000] {logging_mixin.py:188} INFO - [2024-05-20T09:02:31.212+0000] {dag.py:3954} INFO - Setting next_dagrun for example_branch_operator to 2024-05-19 00:00:00+00:00, run_after=2024-05-20 00:00:00+00:00
[2024-05-20T09:02:31.240+0000] {processor.py:183} INFO - Processing /home/airflow/.local/lib/python3.12/site-packages/airflow/example_dags/example_branch_operator.py took 0.126 seconds
[2024-05-20T09:03:01.349+0000] {processor.py:161} INFO - Started process (PID=3973) to work on /home/airflow/.local/lib/python3.12/site-packages/airflow/example_dags/example_branch_operator.py
[2024-05-20T09:03:01.351+0000] {processor.py:830} INFO - Processing file /home/airflow/.local/lib/python3.12/site-packages/airflow/example_dags/example_branch_operator.py for tasks to queue
[2024-05-20T09:03:01.352+0000] {logging_mixin.py:188} INFO - [2024-05-20T09:03:01.352+0000] {dagbag.py:545} INFO - Filling up the DagBag from /home/airflow/.local/lib/python3.12/site-packages/airflow/example_dags/example_branch_operator.py
[2024-05-20T09:03:01.374+0000] {processor.py:840} INFO - DAG(s) 'example_branch_operator' retrieved from /home/airflow/.local/lib/python3.12/site-packages/airflow/example_dags/example_branch_operator.py
[2024-05-20T09:03:01.411+0000] {logging_mixin.py:188} INFO - [2024-05-20T09:03:01.411+0000] {dag.py:3096} INFO - Sync 1 DAGs
[2024-05-20T09:03:01.442+0000] {logging_mixin.py:188} INFO - [2024-05-20T09:03:01.442+0000] {dag.py:3954} INFO - Setting next_dagrun for example_branch_operator to 2024-05-19 00:00:00+00:00, run_after=2024-05-20 00:00:00+00:00
[2024-05-20T09:03:01.466+0000] {processor.py:183} INFO - Processing /home/airflow/.local/lib/python3.12/site-packages/airflow/example_dags/example_branch_operator.py took 0.126 seconds
[2024-05-20T09:03:31.932+0000] {processor.py:161} INFO - Started process (PID=4035) to work on /home/airflow/.local/lib/python3.12/site-packages/airflow/example_dags/example_branch_operator.py
[2024-05-20T09:03:31.934+0000] {processor.py:830} INFO - Processing file /home/airflow/.local/lib/python3.12/site-packages/airflow/example_dags/example_branch_operator.py for tasks to queue
[2024-05-20T09:03:31.936+0000] {logging_mixin.py:188} INFO - [2024-05-20T09:03:31.935+0000] {dagbag.py:545} INFO - Filling up the DagBag from /home/airflow/.local/lib/python3.12/site-packages/airflow/example_dags/example_branch_operator.py
[2024-05-20T09:03:31.960+0000] {processor.py:840} INFO - DAG(s) 'example_branch_operator' retrieved from /home/airflow/.local/lib/python3.12/site-packages/airflow/example_dags/example_branch_operator.py
[2024-05-20T09:03:32.022+0000] {logging_mixin.py:188} INFO - [2024-05-20T09:03:32.021+0000] {dag.py:3096} INFO - Sync 1 DAGs
[2024-05-20T09:03:32.052+0000] {logging_mixin.py:188} INFO - [2024-05-20T09:03:32.052+0000] {dag.py:3954} INFO - Setting next_dagrun for example_branch_operator to 2024-05-19 00:00:00+00:00, run_after=2024-05-20 00:00:00+00:00
[2024-05-20T09:03:32.076+0000] {processor.py:183} INFO - Processing /home/airflow/.local/lib/python3.12/site-packages/airflow/example_dags/example_branch_operator.py took 0.153 seconds
[2024-05-20T09:04:02.214+0000] {processor.py:161} INFO - Started process (PID=4097) to work on /home/airflow/.local/lib/python3.12/site-packages/airflow/example_dags/example_branch_operator.py
[2024-05-20T09:04:02.216+0000] {processor.py:830} INFO - Processing file /home/airflow/.local/lib/python3.12/site-packages/airflow/example_dags/example_branch_operator.py for tasks to queue
[2024-05-20T09:04:02.217+0000] {logging_mixin.py:188} INFO - [2024-05-20T09:04:02.217+0000] {dagbag.py:545} INFO - Filling up the DagBag from /home/airflow/.local/lib/python3.12/site-packages/airflow/example_dags/example_branch_operator.py
[2024-05-20T09:04:02.242+0000] {processor.py:840} INFO - DAG(s) 'example_branch_operator' retrieved from /home/airflow/.local/lib/python3.12/site-packages/airflow/example_dags/example_branch_operator.py
[2024-05-20T09:04:02.279+0000] {logging_mixin.py:188} INFO - [2024-05-20T09:04:02.278+0000] {dag.py:3096} INFO - Sync 1 DAGs
[2024-05-20T09:04:02.309+0000] {logging_mixin.py:188} INFO - [2024-05-20T09:04:02.308+0000] {dag.py:3954} INFO - Setting next_dagrun for example_branch_operator to 2024-05-19 00:00:00+00:00, run_after=2024-05-20 00:00:00+00:00
[2024-05-20T09:04:02.336+0000] {processor.py:183} INFO - Processing /home/airflow/.local/lib/python3.12/site-packages/airflow/example_dags/example_branch_operator.py took 0.128 seconds
[2024-05-20T09:04:32.440+0000] {processor.py:161} INFO - Started process (PID=4159) to work on /home/airflow/.local/lib/python3.12/site-packages/airflow/example_dags/example_branch_operator.py
[2024-05-20T09:04:32.442+0000] {processor.py:830} INFO - Processing file /home/airflow/.local/lib/python3.12/site-packages/airflow/example_dags/example_branch_operator.py for tasks to queue
[2024-05-20T09:04:32.444+0000] {logging_mixin.py:188} INFO - [2024-05-20T09:04:32.443+0000] {dagbag.py:545} INFO - Filling up the DagBag from /home/airflow/.local/lib/python3.12/site-packages/airflow/example_dags/example_branch_operator.py
[2024-05-20T09:04:32.463+0000] {processor.py:840} INFO - DAG(s) 'example_branch_operator' retrieved from /home/airflow/.local/lib/python3.12/site-packages/airflow/example_dags/example_branch_operator.py
[2024-05-20T09:04:32.504+0000] {logging_mixin.py:188} INFO - [2024-05-20T09:04:32.504+0000] {dag.py:3096} INFO - Sync 1 DAGs
[2024-05-20T09:04:32.541+0000] {logging_mixin.py:188} INFO - [2024-05-20T09:04:32.541+0000] {dag.py:3954} INFO - Setting next_dagrun for example_branch_operator to 2024-05-19 00:00:00+00:00, run_after=2024-05-20 00:00:00+00:00
[2024-05-20T09:04:32.567+0000] {processor.py:183} INFO - Processing /home/airflow/.local/lib/python3.12/site-packages/airflow/example_dags/example_branch_operator.py took 0.133 seconds
[2024-05-20T09:05:02.652+0000] {processor.py:161} INFO - Started process (PID=4222) to work on /home/airflow/.local/lib/python3.12/site-packages/airflow/example_dags/example_branch_operator.py
[2024-05-20T09:05:02.653+0000] {processor.py:830} INFO - Processing file /home/airflow/.local/lib/python3.12/site-packages/airflow/example_dags/example_branch_operator.py for tasks to queue
[2024-05-20T09:05:02.654+0000] {logging_mixin.py:188} INFO - [2024-05-20T09:05:02.654+0000] {dagbag.py:545} INFO - Filling up the DagBag from /home/airflow/.local/lib/python3.12/site-packages/airflow/example_dags/example_branch_operator.py
[2024-05-20T09:05:02.677+0000] {processor.py:840} INFO - DAG(s) 'example_branch_operator' retrieved from /home/airflow/.local/lib/python3.12/site-packages/airflow/example_dags/example_branch_operator.py
[2024-05-20T09:05:02.714+0000] {logging_mixin.py:188} INFO - [2024-05-20T09:05:02.714+0000] {dag.py:3096} INFO - Sync 1 DAGs
[2024-05-20T09:05:02.745+0000] {logging_mixin.py:188} INFO - [2024-05-20T09:05:02.745+0000] {dag.py:3954} INFO - Setting next_dagrun for example_branch_operator to 2024-05-19 00:00:00+00:00, run_after=2024-05-20 00:00:00+00:00
[2024-05-20T09:05:02.770+0000] {processor.py:183} INFO - Processing /home/airflow/.local/lib/python3.12/site-packages/airflow/example_dags/example_branch_operator.py took 0.128 seconds
[2024-05-20T09:05:33.396+0000] {processor.py:161} INFO - Started process (PID=4285) to work on /home/airflow/.local/lib/python3.12/site-packages/airflow/example_dags/example_branch_operator.py
[2024-05-20T09:05:33.398+0000] {processor.py:830} INFO - Processing file /home/airflow/.local/lib/python3.12/site-packages/airflow/example_dags/example_branch_operator.py for tasks to queue
[2024-05-20T09:05:33.399+0000] {logging_mixin.py:188} INFO - [2024-05-20T09:05:33.399+0000] {dagbag.py:545} INFO - Filling up the DagBag from /home/airflow/.local/lib/python3.12/site-packages/airflow/example_dags/example_branch_operator.py
[2024-05-20T09:05:33.423+0000] {processor.py:840} INFO - DAG(s) 'example_branch_operator' retrieved from /home/airflow/.local/lib/python3.12/site-packages/airflow/example_dags/example_branch_operator.py
[2024-05-20T09:05:33.459+0000] {logging_mixin.py:188} INFO - [2024-05-20T09:05:33.459+0000] {dag.py:3096} INFO - Sync 1 DAGs
[2024-05-20T09:05:33.490+0000] {logging_mixin.py:188} INFO - [2024-05-20T09:05:33.490+0000] {dag.py:3954} INFO - Setting next_dagrun for example_branch_operator to 2024-05-19 00:00:00+00:00, run_after=2024-05-20 00:00:00+00:00
[2024-05-20T09:05:33.518+0000] {processor.py:183} INFO - Processing /home/airflow/.local/lib/python3.12/site-packages/airflow/example_dags/example_branch_operator.py took 0.129 seconds
[2024-05-20T09:12:01.928+0000] {processor.py:161} INFO - Started process (PID=4336) to work on /home/airflow/.local/lib/python3.12/site-packages/airflow/example_dags/example_branch_operator.py
[2024-05-20T09:12:01.930+0000] {processor.py:830} INFO - Processing file /home/airflow/.local/lib/python3.12/site-packages/airflow/example_dags/example_branch_operator.py for tasks to queue
[2024-05-20T09:12:01.932+0000] {logging_mixin.py:188} INFO - [2024-05-20T09:12:01.931+0000] {dagbag.py:545} INFO - Filling up the DagBag from /home/airflow/.local/lib/python3.12/site-packages/airflow/example_dags/example_branch_operator.py
[2024-05-20T09:12:01.968+0000] {processor.py:840} INFO - DAG(s) 'example_branch_operator' retrieved from /home/airflow/.local/lib/python3.12/site-packages/airflow/example_dags/example_branch_operator.py
[2024-05-20T09:12:02.031+0000] {logging_mixin.py:188} INFO - [2024-05-20T09:12:02.031+0000] {dag.py:3096} INFO - Sync 1 DAGs
[2024-05-20T09:12:02.080+0000] {logging_mixin.py:188} INFO - [2024-05-20T09:12:02.079+0000] {dag.py:3954} INFO - Setting next_dagrun for example_branch_operator to 2024-05-19 00:00:00+00:00, run_after=2024-05-20 00:00:00+00:00
[2024-05-20T09:12:02.122+0000] {processor.py:183} INFO - Processing /home/airflow/.local/lib/python3.12/site-packages/airflow/example_dags/example_branch_operator.py took 0.205 seconds
