[2024-05-20T08:30:20.635+0000] {processor.py:161} INFO - Started process (PID=57) to work on /home/airflow/.local/lib/python3.12/site-packages/airflow/example_dags/example_skip_dag.py
[2024-05-20T08:30:20.647+0000] {processor.py:830} INFO - Processing file /home/airflow/.local/lib/python3.12/site-packages/airflow/example_dags/example_skip_dag.py for tasks to queue
[2024-05-20T08:30:20.664+0000] {logging_mixin.py:188} INFO - [2024-05-20T08:30:20.663+0000] {dagbag.py:545} INFO - Filling up the DagBag from /home/airflow/.local/lib/python3.12/site-packages/airflow/example_dags/example_skip_dag.py
[2024-05-20T08:30:20.790+0000] {processor.py:840} INFO - DAG(s) 'example_skip_dag' retrieved from /home/airflow/.local/lib/python3.12/site-packages/airflow/example_dags/example_skip_dag.py
[2024-05-20T08:30:21.036+0000] {logging_mixin.py:188} INFO - [2024-05-20T08:30:21.036+0000] {dag.py:3096} INFO - Sync 1 DAGs
[2024-05-20T08:30:21.192+0000] {logging_mixin.py:188} INFO - [2024-05-20T08:30:21.192+0000] {dag.py:3954} INFO - Setting next_dagrun for example_skip_dag to 2024-05-19 00:00:00+00:00, run_after=2024-05-20 00:00:00+00:00
[2024-05-20T08:30:21.797+0000] {processor.py:183} INFO - Processing /home/airflow/.local/lib/python3.12/site-packages/airflow/example_dags/example_skip_dag.py took 1.188 seconds
[2024-05-20T08:31:07.875+0000] {processor.py:161} INFO - Started process (PID=132) to work on /home/airflow/.local/lib/python3.12/site-packages/airflow/example_dags/example_skip_dag.py
[2024-05-20T08:31:07.882+0000] {processor.py:830} INFO - Processing file /home/airflow/.local/lib/python3.12/site-packages/airflow/example_dags/example_skip_dag.py for tasks to queue
[2024-05-20T08:31:07.886+0000] {logging_mixin.py:188} INFO - [2024-05-20T08:31:07.885+0000] {dagbag.py:545} INFO - Filling up the DagBag from /home/airflow/.local/lib/python3.12/site-packages/airflow/example_dags/example_skip_dag.py
[2024-05-20T08:31:07.917+0000] {processor.py:840} INFO - DAG(s) 'example_skip_dag' retrieved from /home/airflow/.local/lib/python3.12/site-packages/airflow/example_dags/example_skip_dag.py
[2024-05-20T08:31:08.044+0000] {logging_mixin.py:188} INFO - [2024-05-20T08:31:08.044+0000] {dag.py:3096} INFO - Sync 1 DAGs
[2024-05-20T08:31:08.124+0000] {logging_mixin.py:188} INFO - [2024-05-20T08:31:08.123+0000] {dag.py:3954} INFO - Setting next_dagrun for example_skip_dag to 2024-05-19 00:00:00+00:00, run_after=2024-05-20 00:00:00+00:00
[2024-05-20T08:31:08.335+0000] {processor.py:183} INFO - Processing /home/airflow/.local/lib/python3.12/site-packages/airflow/example_dags/example_skip_dag.py took 0.473 seconds
[2024-05-20T08:31:55.104+0000] {processor.py:161} INFO - Started process (PID=205) to work on /home/airflow/.local/lib/python3.12/site-packages/airflow/example_dags/example_skip_dag.py
[2024-05-20T08:31:55.106+0000] {processor.py:830} INFO - Processing file /home/airflow/.local/lib/python3.12/site-packages/airflow/example_dags/example_skip_dag.py for tasks to queue
[2024-05-20T08:31:55.110+0000] {logging_mixin.py:188} INFO - [2024-05-20T08:31:55.109+0000] {dagbag.py:545} INFO - Filling up the DagBag from /home/airflow/.local/lib/python3.12/site-packages/airflow/example_dags/example_skip_dag.py
[2024-05-20T08:31:55.125+0000] {processor.py:840} INFO - DAG(s) 'example_skip_dag' retrieved from /home/airflow/.local/lib/python3.12/site-packages/airflow/example_dags/example_skip_dag.py
[2024-05-20T08:31:55.175+0000] {logging_mixin.py:188} INFO - [2024-05-20T08:31:55.175+0000] {dag.py:3096} INFO - Sync 1 DAGs
[2024-05-20T08:31:55.232+0000] {logging_mixin.py:188} INFO - [2024-05-20T08:31:55.231+0000] {dag.py:3954} INFO - Setting next_dagrun for example_skip_dag to 2024-05-19 00:00:00+00:00, run_after=2024-05-20 00:00:00+00:00
[2024-05-20T08:31:55.340+0000] {processor.py:183} INFO - Processing /home/airflow/.local/lib/python3.12/site-packages/airflow/example_dags/example_skip_dag.py took 0.249 seconds
[2024-05-20T08:32:26.358+0000] {processor.py:161} INFO - Started process (PID=267) to work on /home/airflow/.local/lib/python3.12/site-packages/airflow/example_dags/example_skip_dag.py
[2024-05-20T08:32:26.359+0000] {processor.py:830} INFO - Processing file /home/airflow/.local/lib/python3.12/site-packages/airflow/example_dags/example_skip_dag.py for tasks to queue
[2024-05-20T08:32:26.360+0000] {logging_mixin.py:188} INFO - [2024-05-20T08:32:26.360+0000] {dagbag.py:545} INFO - Filling up the DagBag from /home/airflow/.local/lib/python3.12/site-packages/airflow/example_dags/example_skip_dag.py
[2024-05-20T08:32:26.366+0000] {processor.py:840} INFO - DAG(s) 'example_skip_dag' retrieved from /home/airflow/.local/lib/python3.12/site-packages/airflow/example_dags/example_skip_dag.py
[2024-05-20T08:32:26.386+0000] {logging_mixin.py:188} INFO - [2024-05-20T08:32:26.386+0000] {dag.py:3096} INFO - Sync 1 DAGs
[2024-05-20T08:32:26.409+0000] {logging_mixin.py:188} INFO - [2024-05-20T08:32:26.409+0000] {dag.py:3954} INFO - Setting next_dagrun for example_skip_dag to 2024-05-19 00:00:00+00:00, run_after=2024-05-20 00:00:00+00:00
[2024-05-20T08:32:26.434+0000] {processor.py:183} INFO - Processing /home/airflow/.local/lib/python3.12/site-packages/airflow/example_dags/example_skip_dag.py took 0.082 seconds
[2024-05-20T08:32:56.652+0000] {processor.py:161} INFO - Started process (PID=328) to work on /home/airflow/.local/lib/python3.12/site-packages/airflow/example_dags/example_skip_dag.py
[2024-05-20T08:32:56.654+0000] {processor.py:830} INFO - Processing file /home/airflow/.local/lib/python3.12/site-packages/airflow/example_dags/example_skip_dag.py for tasks to queue
[2024-05-20T08:32:56.658+0000] {logging_mixin.py:188} INFO - [2024-05-20T08:32:56.657+0000] {dagbag.py:545} INFO - Filling up the DagBag from /home/airflow/.local/lib/python3.12/site-packages/airflow/example_dags/example_skip_dag.py
[2024-05-20T08:32:56.668+0000] {processor.py:840} INFO - DAG(s) 'example_skip_dag' retrieved from /home/airflow/.local/lib/python3.12/site-packages/airflow/example_dags/example_skip_dag.py
[2024-05-20T08:32:56.702+0000] {logging_mixin.py:188} INFO - [2024-05-20T08:32:56.701+0000] {dag.py:3096} INFO - Sync 1 DAGs
[2024-05-20T08:32:56.740+0000] {logging_mixin.py:188} INFO - [2024-05-20T08:32:56.740+0000] {dag.py:3954} INFO - Setting next_dagrun for example_skip_dag to 2024-05-19 00:00:00+00:00, run_after=2024-05-20 00:00:00+00:00
[2024-05-20T08:32:56.769+0000] {processor.py:183} INFO - Processing /home/airflow/.local/lib/python3.12/site-packages/airflow/example_dags/example_skip_dag.py took 0.127 seconds
[2024-05-20T08:33:29.395+0000] {processor.py:161} INFO - Started process (PID=387) to work on /home/airflow/.local/lib/python3.12/site-packages/airflow/example_dags/example_skip_dag.py
[2024-05-20T08:33:29.397+0000] {processor.py:830} INFO - Processing file /home/airflow/.local/lib/python3.12/site-packages/airflow/example_dags/example_skip_dag.py for tasks to queue
[2024-05-20T08:33:29.400+0000] {logging_mixin.py:188} INFO - [2024-05-20T08:33:29.400+0000] {dagbag.py:545} INFO - Filling up the DagBag from /home/airflow/.local/lib/python3.12/site-packages/airflow/example_dags/example_skip_dag.py
[2024-05-20T08:33:29.419+0000] {processor.py:840} INFO - DAG(s) 'example_skip_dag' retrieved from /home/airflow/.local/lib/python3.12/site-packages/airflow/example_dags/example_skip_dag.py
[2024-05-20T08:33:29.491+0000] {logging_mixin.py:188} INFO - [2024-05-20T08:33:29.490+0000] {dag.py:3096} INFO - Sync 1 DAGs
[2024-05-20T08:33:29.551+0000] {logging_mixin.py:188} INFO - [2024-05-20T08:33:29.551+0000] {dag.py:3954} INFO - Setting next_dagrun for example_skip_dag to 2024-05-19 00:00:00+00:00, run_after=2024-05-20 00:00:00+00:00
[2024-05-20T08:33:29.606+0000] {processor.py:183} INFO - Processing /home/airflow/.local/lib/python3.12/site-packages/airflow/example_dags/example_skip_dag.py took 0.225 seconds
[2024-05-20T08:34:00.658+0000] {processor.py:161} INFO - Started process (PID=448) to work on /home/airflow/.local/lib/python3.12/site-packages/airflow/example_dags/example_skip_dag.py
[2024-05-20T08:34:00.660+0000] {processor.py:830} INFO - Processing file /home/airflow/.local/lib/python3.12/site-packages/airflow/example_dags/example_skip_dag.py for tasks to queue
[2024-05-20T08:34:00.662+0000] {logging_mixin.py:188} INFO - [2024-05-20T08:34:00.662+0000] {dagbag.py:545} INFO - Filling up the DagBag from /home/airflow/.local/lib/python3.12/site-packages/airflow/example_dags/example_skip_dag.py
[2024-05-20T08:34:00.672+0000] {processor.py:840} INFO - DAG(s) 'example_skip_dag' retrieved from /home/airflow/.local/lib/python3.12/site-packages/airflow/example_dags/example_skip_dag.py
[2024-05-20T08:34:00.721+0000] {logging_mixin.py:188} INFO - [2024-05-20T08:34:00.720+0000] {dag.py:3096} INFO - Sync 1 DAGs
[2024-05-20T08:34:00.764+0000] {logging_mixin.py:188} INFO - [2024-05-20T08:34:00.763+0000] {dag.py:3954} INFO - Setting next_dagrun for example_skip_dag to 2024-05-19 00:00:00+00:00, run_after=2024-05-20 00:00:00+00:00
[2024-05-20T08:34:00.794+0000] {processor.py:183} INFO - Processing /home/airflow/.local/lib/python3.12/site-packages/airflow/example_dags/example_skip_dag.py took 0.146 seconds
[2024-05-20T08:34:31.033+0000] {processor.py:161} INFO - Started process (PID=509) to work on /home/airflow/.local/lib/python3.12/site-packages/airflow/example_dags/example_skip_dag.py
[2024-05-20T08:34:31.035+0000] {processor.py:830} INFO - Processing file /home/airflow/.local/lib/python3.12/site-packages/airflow/example_dags/example_skip_dag.py for tasks to queue
[2024-05-20T08:34:31.037+0000] {logging_mixin.py:188} INFO - [2024-05-20T08:34:31.037+0000] {dagbag.py:545} INFO - Filling up the DagBag from /home/airflow/.local/lib/python3.12/site-packages/airflow/example_dags/example_skip_dag.py
[2024-05-20T08:34:31.045+0000] {processor.py:840} INFO - DAG(s) 'example_skip_dag' retrieved from /home/airflow/.local/lib/python3.12/site-packages/airflow/example_dags/example_skip_dag.py
[2024-05-20T08:34:31.070+0000] {logging_mixin.py:188} INFO - [2024-05-20T08:34:31.070+0000] {dag.py:3096} INFO - Sync 1 DAGs
[2024-05-20T08:34:31.099+0000] {logging_mixin.py:188} INFO - [2024-05-20T08:34:31.099+0000] {dag.py:3954} INFO - Setting next_dagrun for example_skip_dag to 2024-05-19 00:00:00+00:00, run_after=2024-05-20 00:00:00+00:00
[2024-05-20T08:34:31.124+0000] {processor.py:183} INFO - Processing /home/airflow/.local/lib/python3.12/site-packages/airflow/example_dags/example_skip_dag.py took 0.098 seconds
[2024-05-20T08:35:01.763+0000] {processor.py:161} INFO - Started process (PID=569) to work on /home/airflow/.local/lib/python3.12/site-packages/airflow/example_dags/example_skip_dag.py
[2024-05-20T08:35:01.765+0000] {processor.py:830} INFO - Processing file /home/airflow/.local/lib/python3.12/site-packages/airflow/example_dags/example_skip_dag.py for tasks to queue
[2024-05-20T08:35:01.768+0000] {logging_mixin.py:188} INFO - [2024-05-20T08:35:01.767+0000] {dagbag.py:545} INFO - Filling up the DagBag from /home/airflow/.local/lib/python3.12/site-packages/airflow/example_dags/example_skip_dag.py
[2024-05-20T08:35:01.778+0000] {processor.py:840} INFO - DAG(s) 'example_skip_dag' retrieved from /home/airflow/.local/lib/python3.12/site-packages/airflow/example_dags/example_skip_dag.py
[2024-05-20T08:35:01.807+0000] {logging_mixin.py:188} INFO - [2024-05-20T08:35:01.807+0000] {dag.py:3096} INFO - Sync 1 DAGs
[2024-05-20T08:35:01.859+0000] {logging_mixin.py:188} INFO - [2024-05-20T08:35:01.859+0000] {dag.py:3954} INFO - Setting next_dagrun for example_skip_dag to 2024-05-19 00:00:00+00:00, run_after=2024-05-20 00:00:00+00:00
[2024-05-20T08:35:01.895+0000] {processor.py:183} INFO - Processing /home/airflow/.local/lib/python3.12/site-packages/airflow/example_dags/example_skip_dag.py took 0.139 seconds
[2024-05-20T08:35:32.259+0000] {processor.py:161} INFO - Started process (PID=631) to work on /home/airflow/.local/lib/python3.12/site-packages/airflow/example_dags/example_skip_dag.py
[2024-05-20T08:35:32.262+0000] {processor.py:830} INFO - Processing file /home/airflow/.local/lib/python3.12/site-packages/airflow/example_dags/example_skip_dag.py for tasks to queue
[2024-05-20T08:35:32.265+0000] {logging_mixin.py:188} INFO - [2024-05-20T08:35:32.265+0000] {dagbag.py:545} INFO - Filling up the DagBag from /home/airflow/.local/lib/python3.12/site-packages/airflow/example_dags/example_skip_dag.py
[2024-05-20T08:35:32.274+0000] {processor.py:840} INFO - DAG(s) 'example_skip_dag' retrieved from /home/airflow/.local/lib/python3.12/site-packages/airflow/example_dags/example_skip_dag.py
[2024-05-20T08:35:32.303+0000] {logging_mixin.py:188} INFO - [2024-05-20T08:35:32.303+0000] {dag.py:3096} INFO - Sync 1 DAGs
[2024-05-20T08:35:32.334+0000] {logging_mixin.py:188} INFO - [2024-05-20T08:35:32.334+0000] {dag.py:3954} INFO - Setting next_dagrun for example_skip_dag to 2024-05-19 00:00:00+00:00, run_after=2024-05-20 00:00:00+00:00
[2024-05-20T08:35:32.360+0000] {processor.py:183} INFO - Processing /home/airflow/.local/lib/python3.12/site-packages/airflow/example_dags/example_skip_dag.py took 0.110 seconds
[2024-05-20T08:36:02.563+0000] {processor.py:161} INFO - Started process (PID=691) to work on /home/airflow/.local/lib/python3.12/site-packages/airflow/example_dags/example_skip_dag.py
[2024-05-20T08:36:02.565+0000] {processor.py:830} INFO - Processing file /home/airflow/.local/lib/python3.12/site-packages/airflow/example_dags/example_skip_dag.py for tasks to queue
[2024-05-20T08:36:02.568+0000] {logging_mixin.py:188} INFO - [2024-05-20T08:36:02.568+0000] {dagbag.py:545} INFO - Filling up the DagBag from /home/airflow/.local/lib/python3.12/site-packages/airflow/example_dags/example_skip_dag.py
[2024-05-20T08:36:02.579+0000] {processor.py:840} INFO - DAG(s) 'example_skip_dag' retrieved from /home/airflow/.local/lib/python3.12/site-packages/airflow/example_dags/example_skip_dag.py
[2024-05-20T08:36:02.615+0000] {logging_mixin.py:188} INFO - [2024-05-20T08:36:02.614+0000] {dag.py:3096} INFO - Sync 1 DAGs
[2024-05-20T08:36:02.655+0000] {logging_mixin.py:188} INFO - [2024-05-20T08:36:02.655+0000] {dag.py:3954} INFO - Setting next_dagrun for example_skip_dag to 2024-05-19 00:00:00+00:00, run_after=2024-05-20 00:00:00+00:00
[2024-05-20T08:36:02.690+0000] {processor.py:183} INFO - Processing /home/airflow/.local/lib/python3.12/site-packages/airflow/example_dags/example_skip_dag.py took 0.137 seconds
[2024-05-20T08:36:33.528+0000] {processor.py:161} INFO - Started process (PID=752) to work on /home/airflow/.local/lib/python3.12/site-packages/airflow/example_dags/example_skip_dag.py
[2024-05-20T08:36:33.530+0000] {processor.py:830} INFO - Processing file /home/airflow/.local/lib/python3.12/site-packages/airflow/example_dags/example_skip_dag.py for tasks to queue
[2024-05-20T08:36:33.534+0000] {logging_mixin.py:188} INFO - [2024-05-20T08:36:33.533+0000] {dagbag.py:545} INFO - Filling up the DagBag from /home/airflow/.local/lib/python3.12/site-packages/airflow/example_dags/example_skip_dag.py
[2024-05-20T08:36:33.547+0000] {processor.py:840} INFO - DAG(s) 'example_skip_dag' retrieved from /home/airflow/.local/lib/python3.12/site-packages/airflow/example_dags/example_skip_dag.py
[2024-05-20T08:36:33.586+0000] {logging_mixin.py:188} INFO - [2024-05-20T08:36:33.586+0000] {dag.py:3096} INFO - Sync 1 DAGs
[2024-05-20T08:36:33.627+0000] {logging_mixin.py:188} INFO - [2024-05-20T08:36:33.627+0000] {dag.py:3954} INFO - Setting next_dagrun for example_skip_dag to 2024-05-19 00:00:00+00:00, run_after=2024-05-20 00:00:00+00:00
[2024-05-20T08:36:33.668+0000] {processor.py:183} INFO - Processing /home/airflow/.local/lib/python3.12/site-packages/airflow/example_dags/example_skip_dag.py took 0.151 seconds
[2024-05-20T08:37:03.946+0000] {processor.py:161} INFO - Started process (PID=813) to work on /home/airflow/.local/lib/python3.12/site-packages/airflow/example_dags/example_skip_dag.py
[2024-05-20T08:37:03.948+0000] {processor.py:830} INFO - Processing file /home/airflow/.local/lib/python3.12/site-packages/airflow/example_dags/example_skip_dag.py for tasks to queue
[2024-05-20T08:37:03.950+0000] {logging_mixin.py:188} INFO - [2024-05-20T08:37:03.950+0000] {dagbag.py:545} INFO - Filling up the DagBag from /home/airflow/.local/lib/python3.12/site-packages/airflow/example_dags/example_skip_dag.py
[2024-05-20T08:37:03.961+0000] {processor.py:840} INFO - DAG(s) 'example_skip_dag' retrieved from /home/airflow/.local/lib/python3.12/site-packages/airflow/example_dags/example_skip_dag.py
[2024-05-20T08:37:03.991+0000] {logging_mixin.py:188} INFO - [2024-05-20T08:37:03.990+0000] {dag.py:3096} INFO - Sync 1 DAGs
[2024-05-20T08:37:04.021+0000] {logging_mixin.py:188} INFO - [2024-05-20T08:37:04.021+0000] {dag.py:3954} INFO - Setting next_dagrun for example_skip_dag to 2024-05-19 00:00:00+00:00, run_after=2024-05-20 00:00:00+00:00
[2024-05-20T08:37:04.050+0000] {processor.py:183} INFO - Processing /home/airflow/.local/lib/python3.12/site-packages/airflow/example_dags/example_skip_dag.py took 0.112 seconds
[2024-05-20T08:37:34.147+0000] {processor.py:161} INFO - Started process (PID=874) to work on /home/airflow/.local/lib/python3.12/site-packages/airflow/example_dags/example_skip_dag.py
[2024-05-20T08:37:34.149+0000] {processor.py:830} INFO - Processing file /home/airflow/.local/lib/python3.12/site-packages/airflow/example_dags/example_skip_dag.py for tasks to queue
[2024-05-20T08:37:34.153+0000] {logging_mixin.py:188} INFO - [2024-05-20T08:37:34.152+0000] {dagbag.py:545} INFO - Filling up the DagBag from /home/airflow/.local/lib/python3.12/site-packages/airflow/example_dags/example_skip_dag.py
[2024-05-20T08:37:34.164+0000] {processor.py:840} INFO - DAG(s) 'example_skip_dag' retrieved from /home/airflow/.local/lib/python3.12/site-packages/airflow/example_dags/example_skip_dag.py
[2024-05-20T08:37:34.203+0000] {logging_mixin.py:188} INFO - [2024-05-20T08:37:34.203+0000] {dag.py:3096} INFO - Sync 1 DAGs
[2024-05-20T08:37:34.250+0000] {logging_mixin.py:188} INFO - [2024-05-20T08:37:34.250+0000] {dag.py:3954} INFO - Setting next_dagrun for example_skip_dag to 2024-05-19 00:00:00+00:00, run_after=2024-05-20 00:00:00+00:00
[2024-05-20T08:37:34.288+0000] {processor.py:183} INFO - Processing /home/airflow/.local/lib/python3.12/site-packages/airflow/example_dags/example_skip_dag.py took 0.153 seconds
[2024-05-20T08:38:05.066+0000] {processor.py:161} INFO - Started process (PID=935) to work on /home/airflow/.local/lib/python3.12/site-packages/airflow/example_dags/example_skip_dag.py
[2024-05-20T08:38:05.068+0000] {processor.py:830} INFO - Processing file /home/airflow/.local/lib/python3.12/site-packages/airflow/example_dags/example_skip_dag.py for tasks to queue
[2024-05-20T08:38:05.070+0000] {logging_mixin.py:188} INFO - [2024-05-20T08:38:05.069+0000] {dagbag.py:545} INFO - Filling up the DagBag from /home/airflow/.local/lib/python3.12/site-packages/airflow/example_dags/example_skip_dag.py
[2024-05-20T08:38:05.078+0000] {processor.py:840} INFO - DAG(s) 'example_skip_dag' retrieved from /home/airflow/.local/lib/python3.12/site-packages/airflow/example_dags/example_skip_dag.py
[2024-05-20T08:38:05.098+0000] {logging_mixin.py:188} INFO - [2024-05-20T08:38:05.098+0000] {dag.py:3096} INFO - Sync 1 DAGs
[2024-05-20T08:38:05.120+0000] {logging_mixin.py:188} INFO - [2024-05-20T08:38:05.120+0000] {dag.py:3954} INFO - Setting next_dagrun for example_skip_dag to 2024-05-19 00:00:00+00:00, run_after=2024-05-20 00:00:00+00:00
[2024-05-20T08:38:05.143+0000] {processor.py:183} INFO - Processing /home/airflow/.local/lib/python3.12/site-packages/airflow/example_dags/example_skip_dag.py took 0.082 seconds
[2024-05-20T08:38:35.645+0000] {processor.py:161} INFO - Started process (PID=996) to work on /home/airflow/.local/lib/python3.12/site-packages/airflow/example_dags/example_skip_dag.py
[2024-05-20T08:38:35.646+0000] {processor.py:830} INFO - Processing file /home/airflow/.local/lib/python3.12/site-packages/airflow/example_dags/example_skip_dag.py for tasks to queue
[2024-05-20T08:38:35.649+0000] {logging_mixin.py:188} INFO - [2024-05-20T08:38:35.649+0000] {dagbag.py:545} INFO - Filling up the DagBag from /home/airflow/.local/lib/python3.12/site-packages/airflow/example_dags/example_skip_dag.py
[2024-05-20T08:38:35.662+0000] {processor.py:840} INFO - DAG(s) 'example_skip_dag' retrieved from /home/airflow/.local/lib/python3.12/site-packages/airflow/example_dags/example_skip_dag.py
[2024-05-20T08:38:35.694+0000] {logging_mixin.py:188} INFO - [2024-05-20T08:38:35.694+0000] {dag.py:3096} INFO - Sync 1 DAGs
[2024-05-20T08:38:35.729+0000] {logging_mixin.py:188} INFO - [2024-05-20T08:38:35.729+0000] {dag.py:3954} INFO - Setting next_dagrun for example_skip_dag to 2024-05-19 00:00:00+00:00, run_after=2024-05-20 00:00:00+00:00
[2024-05-20T08:38:35.762+0000] {processor.py:183} INFO - Processing /home/airflow/.local/lib/python3.12/site-packages/airflow/example_dags/example_skip_dag.py took 0.128 seconds
[2024-05-20T08:39:05.929+0000] {processor.py:161} INFO - Started process (PID=1057) to work on /home/airflow/.local/lib/python3.12/site-packages/airflow/example_dags/example_skip_dag.py
[2024-05-20T08:39:05.931+0000] {processor.py:830} INFO - Processing file /home/airflow/.local/lib/python3.12/site-packages/airflow/example_dags/example_skip_dag.py for tasks to queue
[2024-05-20T08:39:05.933+0000] {logging_mixin.py:188} INFO - [2024-05-20T08:39:05.932+0000] {dagbag.py:545} INFO - Filling up the DagBag from /home/airflow/.local/lib/python3.12/site-packages/airflow/example_dags/example_skip_dag.py
[2024-05-20T08:39:05.939+0000] {processor.py:840} INFO - DAG(s) 'example_skip_dag' retrieved from /home/airflow/.local/lib/python3.12/site-packages/airflow/example_dags/example_skip_dag.py
[2024-05-20T08:39:05.959+0000] {logging_mixin.py:188} INFO - [2024-05-20T08:39:05.958+0000] {dag.py:3096} INFO - Sync 1 DAGs
[2024-05-20T08:39:05.980+0000] {logging_mixin.py:188} INFO - [2024-05-20T08:39:05.980+0000] {dag.py:3954} INFO - Setting next_dagrun for example_skip_dag to 2024-05-19 00:00:00+00:00, run_after=2024-05-20 00:00:00+00:00
[2024-05-20T08:39:06.002+0000] {processor.py:183} INFO - Processing /home/airflow/.local/lib/python3.12/site-packages/airflow/example_dags/example_skip_dag.py took 0.079 seconds
[2024-05-20T08:39:36.334+0000] {processor.py:161} INFO - Started process (PID=1118) to work on /home/airflow/.local/lib/python3.12/site-packages/airflow/example_dags/example_skip_dag.py
[2024-05-20T08:39:36.335+0000] {processor.py:830} INFO - Processing file /home/airflow/.local/lib/python3.12/site-packages/airflow/example_dags/example_skip_dag.py for tasks to queue
[2024-05-20T08:39:36.337+0000] {logging_mixin.py:188} INFO - [2024-05-20T08:39:36.337+0000] {dagbag.py:545} INFO - Filling up the DagBag from /home/airflow/.local/lib/python3.12/site-packages/airflow/example_dags/example_skip_dag.py
[2024-05-20T08:39:36.345+0000] {processor.py:840} INFO - DAG(s) 'example_skip_dag' retrieved from /home/airflow/.local/lib/python3.12/site-packages/airflow/example_dags/example_skip_dag.py
[2024-05-20T08:39:36.367+0000] {logging_mixin.py:188} INFO - [2024-05-20T08:39:36.366+0000] {dag.py:3096} INFO - Sync 1 DAGs
[2024-05-20T08:39:36.394+0000] {logging_mixin.py:188} INFO - [2024-05-20T08:39:36.394+0000] {dag.py:3954} INFO - Setting next_dagrun for example_skip_dag to 2024-05-19 00:00:00+00:00, run_after=2024-05-20 00:00:00+00:00
[2024-05-20T08:39:36.417+0000] {processor.py:183} INFO - Processing /home/airflow/.local/lib/python3.12/site-packages/airflow/example_dags/example_skip_dag.py took 0.089 seconds
[2024-05-20T08:40:06.554+0000] {processor.py:161} INFO - Started process (PID=1179) to work on /home/airflow/.local/lib/python3.12/site-packages/airflow/example_dags/example_skip_dag.py
[2024-05-20T08:40:06.555+0000] {processor.py:830} INFO - Processing file /home/airflow/.local/lib/python3.12/site-packages/airflow/example_dags/example_skip_dag.py for tasks to queue
[2024-05-20T08:40:06.557+0000] {logging_mixin.py:188} INFO - [2024-05-20T08:40:06.557+0000] {dagbag.py:545} INFO - Filling up the DagBag from /home/airflow/.local/lib/python3.12/site-packages/airflow/example_dags/example_skip_dag.py
[2024-05-20T08:40:06.564+0000] {processor.py:840} INFO - DAG(s) 'example_skip_dag' retrieved from /home/airflow/.local/lib/python3.12/site-packages/airflow/example_dags/example_skip_dag.py
[2024-05-20T08:40:06.585+0000] {logging_mixin.py:188} INFO - [2024-05-20T08:40:06.585+0000] {dag.py:3096} INFO - Sync 1 DAGs
[2024-05-20T08:40:06.607+0000] {logging_mixin.py:188} INFO - [2024-05-20T08:40:06.606+0000] {dag.py:3954} INFO - Setting next_dagrun for example_skip_dag to 2024-05-19 00:00:00+00:00, run_after=2024-05-20 00:00:00+00:00
[2024-05-20T08:40:06.629+0000] {processor.py:183} INFO - Processing /home/airflow/.local/lib/python3.12/site-packages/airflow/example_dags/example_skip_dag.py took 0.081 seconds
[2024-05-20T08:40:36.839+0000] {processor.py:161} INFO - Started process (PID=1245) to work on /home/airflow/.local/lib/python3.12/site-packages/airflow/example_dags/example_skip_dag.py
[2024-05-20T08:40:36.840+0000] {processor.py:830} INFO - Processing file /home/airflow/.local/lib/python3.12/site-packages/airflow/example_dags/example_skip_dag.py for tasks to queue
[2024-05-20T08:40:36.843+0000] {logging_mixin.py:188} INFO - [2024-05-20T08:40:36.842+0000] {dagbag.py:545} INFO - Filling up the DagBag from /home/airflow/.local/lib/python3.12/site-packages/airflow/example_dags/example_skip_dag.py
[2024-05-20T08:40:36.854+0000] {processor.py:840} INFO - DAG(s) 'example_skip_dag' retrieved from /home/airflow/.local/lib/python3.12/site-packages/airflow/example_dags/example_skip_dag.py
[2024-05-20T08:40:36.886+0000] {logging_mixin.py:188} INFO - [2024-05-20T08:40:36.886+0000] {dag.py:3096} INFO - Sync 1 DAGs
[2024-05-20T08:40:36.920+0000] {logging_mixin.py:188} INFO - [2024-05-20T08:40:36.920+0000] {dag.py:3954} INFO - Setting next_dagrun for example_skip_dag to 2024-05-19 00:00:00+00:00, run_after=2024-05-20 00:00:00+00:00
[2024-05-20T08:40:36.949+0000] {processor.py:183} INFO - Processing /home/airflow/.local/lib/python3.12/site-packages/airflow/example_dags/example_skip_dag.py took 0.121 seconds
[2024-05-20T08:41:07.186+0000] {processor.py:161} INFO - Started process (PID=1308) to work on /home/airflow/.local/lib/python3.12/site-packages/airflow/example_dags/example_skip_dag.py
[2024-05-20T08:41:07.188+0000] {processor.py:830} INFO - Processing file /home/airflow/.local/lib/python3.12/site-packages/airflow/example_dags/example_skip_dag.py for tasks to queue
[2024-05-20T08:41:07.190+0000] {logging_mixin.py:188} INFO - [2024-05-20T08:41:07.190+0000] {dagbag.py:545} INFO - Filling up the DagBag from /home/airflow/.local/lib/python3.12/site-packages/airflow/example_dags/example_skip_dag.py
[2024-05-20T08:41:07.199+0000] {processor.py:840} INFO - DAG(s) 'example_skip_dag' retrieved from /home/airflow/.local/lib/python3.12/site-packages/airflow/example_dags/example_skip_dag.py
[2024-05-20T08:41:07.222+0000] {logging_mixin.py:188} INFO - [2024-05-20T08:41:07.222+0000] {dag.py:3096} INFO - Sync 1 DAGs
[2024-05-20T08:41:07.248+0000] {logging_mixin.py:188} INFO - [2024-05-20T08:41:07.248+0000] {dag.py:3954} INFO - Setting next_dagrun for example_skip_dag to 2024-05-19 00:00:00+00:00, run_after=2024-05-20 00:00:00+00:00
[2024-05-20T08:41:07.274+0000] {processor.py:183} INFO - Processing /home/airflow/.local/lib/python3.12/site-packages/airflow/example_dags/example_skip_dag.py took 0.096 seconds
[2024-05-20T08:41:37.656+0000] {processor.py:161} INFO - Started process (PID=1371) to work on /home/airflow/.local/lib/python3.12/site-packages/airflow/example_dags/example_skip_dag.py
[2024-05-20T08:41:37.657+0000] {processor.py:830} INFO - Processing file /home/airflow/.local/lib/python3.12/site-packages/airflow/example_dags/example_skip_dag.py for tasks to queue
[2024-05-20T08:41:37.658+0000] {logging_mixin.py:188} INFO - [2024-05-20T08:41:37.658+0000] {dagbag.py:545} INFO - Filling up the DagBag from /home/airflow/.local/lib/python3.12/site-packages/airflow/example_dags/example_skip_dag.py
[2024-05-20T08:41:37.665+0000] {processor.py:840} INFO - DAG(s) 'example_skip_dag' retrieved from /home/airflow/.local/lib/python3.12/site-packages/airflow/example_dags/example_skip_dag.py
[2024-05-20T08:41:37.686+0000] {logging_mixin.py:188} INFO - [2024-05-20T08:41:37.686+0000] {dag.py:3096} INFO - Sync 1 DAGs
[2024-05-20T08:41:37.708+0000] {logging_mixin.py:188} INFO - [2024-05-20T08:41:37.708+0000] {dag.py:3954} INFO - Setting next_dagrun for example_skip_dag to 2024-05-19 00:00:00+00:00, run_after=2024-05-20 00:00:00+00:00
[2024-05-20T08:41:37.729+0000] {processor.py:183} INFO - Processing /home/airflow/.local/lib/python3.12/site-packages/airflow/example_dags/example_skip_dag.py took 0.080 seconds
[2024-05-20T08:42:08.139+0000] {processor.py:161} INFO - Started process (PID=1433) to work on /home/airflow/.local/lib/python3.12/site-packages/airflow/example_dags/example_skip_dag.py
[2024-05-20T08:42:08.141+0000] {processor.py:830} INFO - Processing file /home/airflow/.local/lib/python3.12/site-packages/airflow/example_dags/example_skip_dag.py for tasks to queue
[2024-05-20T08:42:08.142+0000] {logging_mixin.py:188} INFO - [2024-05-20T08:42:08.141+0000] {dagbag.py:545} INFO - Filling up the DagBag from /home/airflow/.local/lib/python3.12/site-packages/airflow/example_dags/example_skip_dag.py
[2024-05-20T08:42:08.148+0000] {processor.py:840} INFO - DAG(s) 'example_skip_dag' retrieved from /home/airflow/.local/lib/python3.12/site-packages/airflow/example_dags/example_skip_dag.py
[2024-05-20T08:42:08.171+0000] {logging_mixin.py:188} INFO - [2024-05-20T08:42:08.171+0000] {dag.py:3096} INFO - Sync 1 DAGs
[2024-05-20T08:42:08.197+0000] {logging_mixin.py:188} INFO - [2024-05-20T08:42:08.197+0000] {dag.py:3954} INFO - Setting next_dagrun for example_skip_dag to 2024-05-19 00:00:00+00:00, run_after=2024-05-20 00:00:00+00:00
[2024-05-20T08:42:08.222+0000] {processor.py:183} INFO - Processing /home/airflow/.local/lib/python3.12/site-packages/airflow/example_dags/example_skip_dag.py took 0.088 seconds
[2024-05-20T08:42:38.451+0000] {processor.py:161} INFO - Started process (PID=1494) to work on /home/airflow/.local/lib/python3.12/site-packages/airflow/example_dags/example_skip_dag.py
[2024-05-20T08:42:38.452+0000] {processor.py:830} INFO - Processing file /home/airflow/.local/lib/python3.12/site-packages/airflow/example_dags/example_skip_dag.py for tasks to queue
[2024-05-20T08:42:38.453+0000] {logging_mixin.py:188} INFO - [2024-05-20T08:42:38.453+0000] {dagbag.py:545} INFO - Filling up the DagBag from /home/airflow/.local/lib/python3.12/site-packages/airflow/example_dags/example_skip_dag.py
[2024-05-20T08:42:38.460+0000] {processor.py:840} INFO - DAG(s) 'example_skip_dag' retrieved from /home/airflow/.local/lib/python3.12/site-packages/airflow/example_dags/example_skip_dag.py
[2024-05-20T08:42:38.484+0000] {logging_mixin.py:188} INFO - [2024-05-20T08:42:38.484+0000] {dag.py:3096} INFO - Sync 1 DAGs
[2024-05-20T08:42:38.511+0000] {logging_mixin.py:188} INFO - [2024-05-20T08:42:38.511+0000] {dag.py:3954} INFO - Setting next_dagrun for example_skip_dag to 2024-05-19 00:00:00+00:00, run_after=2024-05-20 00:00:00+00:00
[2024-05-20T08:42:38.533+0000] {processor.py:183} INFO - Processing /home/airflow/.local/lib/python3.12/site-packages/airflow/example_dags/example_skip_dag.py took 0.087 seconds
[2024-05-20T08:43:09.260+0000] {processor.py:161} INFO - Started process (PID=1553) to work on /home/airflow/.local/lib/python3.12/site-packages/airflow/example_dags/example_skip_dag.py
[2024-05-20T08:43:09.261+0000] {processor.py:830} INFO - Processing file /home/airflow/.local/lib/python3.12/site-packages/airflow/example_dags/example_skip_dag.py for tasks to queue
[2024-05-20T08:43:09.263+0000] {logging_mixin.py:188} INFO - [2024-05-20T08:43:09.263+0000] {dagbag.py:545} INFO - Filling up the DagBag from /home/airflow/.local/lib/python3.12/site-packages/airflow/example_dags/example_skip_dag.py
[2024-05-20T08:43:09.275+0000] {processor.py:840} INFO - DAG(s) 'example_skip_dag' retrieved from /home/airflow/.local/lib/python3.12/site-packages/airflow/example_dags/example_skip_dag.py
[2024-05-20T08:43:09.310+0000] {logging_mixin.py:188} INFO - [2024-05-20T08:43:09.310+0000] {dag.py:3096} INFO - Sync 1 DAGs
[2024-05-20T08:43:09.350+0000] {logging_mixin.py:188} INFO - [2024-05-20T08:43:09.350+0000] {dag.py:3954} INFO - Setting next_dagrun for example_skip_dag to 2024-05-19 00:00:00+00:00, run_after=2024-05-20 00:00:00+00:00
[2024-05-20T08:43:09.383+0000] {processor.py:183} INFO - Processing /home/airflow/.local/lib/python3.12/site-packages/airflow/example_dags/example_skip_dag.py took 0.134 seconds
[2024-05-20T08:43:39.725+0000] {processor.py:161} INFO - Started process (PID=1614) to work on /home/airflow/.local/lib/python3.12/site-packages/airflow/example_dags/example_skip_dag.py
[2024-05-20T08:43:39.726+0000] {processor.py:830} INFO - Processing file /home/airflow/.local/lib/python3.12/site-packages/airflow/example_dags/example_skip_dag.py for tasks to queue
[2024-05-20T08:43:39.727+0000] {logging_mixin.py:188} INFO - [2024-05-20T08:43:39.727+0000] {dagbag.py:545} INFO - Filling up the DagBag from /home/airflow/.local/lib/python3.12/site-packages/airflow/example_dags/example_skip_dag.py
[2024-05-20T08:43:39.734+0000] {processor.py:840} INFO - DAG(s) 'example_skip_dag' retrieved from /home/airflow/.local/lib/python3.12/site-packages/airflow/example_dags/example_skip_dag.py
[2024-05-20T08:43:39.755+0000] {logging_mixin.py:188} INFO - [2024-05-20T08:43:39.755+0000] {dag.py:3096} INFO - Sync 1 DAGs
[2024-05-20T08:43:39.894+0000] {logging_mixin.py:188} INFO - [2024-05-20T08:43:39.894+0000] {dag.py:3954} INFO - Setting next_dagrun for example_skip_dag to 2024-05-19 00:00:00+00:00, run_after=2024-05-20 00:00:00+00:00
[2024-05-20T08:43:39.918+0000] {processor.py:183} INFO - Processing /home/airflow/.local/lib/python3.12/site-packages/airflow/example_dags/example_skip_dag.py took 0.199 seconds
[2024-05-20T08:44:10.606+0000] {processor.py:161} INFO - Started process (PID=1675) to work on /home/airflow/.local/lib/python3.12/site-packages/airflow/example_dags/example_skip_dag.py
[2024-05-20T08:44:10.609+0000] {processor.py:830} INFO - Processing file /home/airflow/.local/lib/python3.12/site-packages/airflow/example_dags/example_skip_dag.py for tasks to queue
[2024-05-20T08:44:10.610+0000] {logging_mixin.py:188} INFO - [2024-05-20T08:44:10.609+0000] {dagbag.py:545} INFO - Filling up the DagBag from /home/airflow/.local/lib/python3.12/site-packages/airflow/example_dags/example_skip_dag.py
[2024-05-20T08:44:10.617+0000] {processor.py:840} INFO - DAG(s) 'example_skip_dag' retrieved from /home/airflow/.local/lib/python3.12/site-packages/airflow/example_dags/example_skip_dag.py
[2024-05-20T08:44:10.643+0000] {logging_mixin.py:188} INFO - [2024-05-20T08:44:10.642+0000] {dag.py:3096} INFO - Sync 1 DAGs
[2024-05-20T08:44:10.668+0000] {logging_mixin.py:188} INFO - [2024-05-20T08:44:10.667+0000] {dag.py:3954} INFO - Setting next_dagrun for example_skip_dag to 2024-05-19 00:00:00+00:00, run_after=2024-05-20 00:00:00+00:00
[2024-05-20T08:44:10.694+0000] {processor.py:183} INFO - Processing /home/airflow/.local/lib/python3.12/site-packages/airflow/example_dags/example_skip_dag.py took 0.095 seconds
[2024-05-20T08:44:41.244+0000] {processor.py:161} INFO - Started process (PID=1736) to work on /home/airflow/.local/lib/python3.12/site-packages/airflow/example_dags/example_skip_dag.py
[2024-05-20T08:44:41.245+0000] {processor.py:830} INFO - Processing file /home/airflow/.local/lib/python3.12/site-packages/airflow/example_dags/example_skip_dag.py for tasks to queue
[2024-05-20T08:44:41.246+0000] {logging_mixin.py:188} INFO - [2024-05-20T08:44:41.246+0000] {dagbag.py:545} INFO - Filling up the DagBag from /home/airflow/.local/lib/python3.12/site-packages/airflow/example_dags/example_skip_dag.py
[2024-05-20T08:44:41.255+0000] {processor.py:840} INFO - DAG(s) 'example_skip_dag' retrieved from /home/airflow/.local/lib/python3.12/site-packages/airflow/example_dags/example_skip_dag.py
[2024-05-20T08:44:41.282+0000] {logging_mixin.py:188} INFO - [2024-05-20T08:44:41.281+0000] {dag.py:3096} INFO - Sync 1 DAGs
[2024-05-20T08:44:41.309+0000] {logging_mixin.py:188} INFO - [2024-05-20T08:44:41.309+0000] {dag.py:3954} INFO - Setting next_dagrun for example_skip_dag to 2024-05-19 00:00:00+00:00, run_after=2024-05-20 00:00:00+00:00
[2024-05-20T08:44:41.332+0000] {processor.py:183} INFO - Processing /home/airflow/.local/lib/python3.12/site-packages/airflow/example_dags/example_skip_dag.py took 0.095 seconds
[2024-05-20T08:45:11.768+0000] {processor.py:161} INFO - Started process (PID=1798) to work on /home/airflow/.local/lib/python3.12/site-packages/airflow/example_dags/example_skip_dag.py
[2024-05-20T08:45:11.769+0000] {processor.py:830} INFO - Processing file /home/airflow/.local/lib/python3.12/site-packages/airflow/example_dags/example_skip_dag.py for tasks to queue
[2024-05-20T08:45:11.771+0000] {logging_mixin.py:188} INFO - [2024-05-20T08:45:11.770+0000] {dagbag.py:545} INFO - Filling up the DagBag from /home/airflow/.local/lib/python3.12/site-packages/airflow/example_dags/example_skip_dag.py
[2024-05-20T08:45:11.780+0000] {processor.py:840} INFO - DAG(s) 'example_skip_dag' retrieved from /home/airflow/.local/lib/python3.12/site-packages/airflow/example_dags/example_skip_dag.py
[2024-05-20T08:45:11.815+0000] {logging_mixin.py:188} INFO - [2024-05-20T08:45:11.814+0000] {dag.py:3096} INFO - Sync 1 DAGs
[2024-05-20T08:45:11.856+0000] {logging_mixin.py:188} INFO - [2024-05-20T08:45:11.855+0000] {dag.py:3954} INFO - Setting next_dagrun for example_skip_dag to 2024-05-19 00:00:00+00:00, run_after=2024-05-20 00:00:00+00:00
[2024-05-20T08:45:11.916+0000] {processor.py:183} INFO - Processing /home/airflow/.local/lib/python3.12/site-packages/airflow/example_dags/example_skip_dag.py took 0.157 seconds
[2024-05-20T08:45:42.082+0000] {processor.py:161} INFO - Started process (PID=1860) to work on /home/airflow/.local/lib/python3.12/site-packages/airflow/example_dags/example_skip_dag.py
[2024-05-20T08:45:42.083+0000] {processor.py:830} INFO - Processing file /home/airflow/.local/lib/python3.12/site-packages/airflow/example_dags/example_skip_dag.py for tasks to queue
[2024-05-20T08:45:42.084+0000] {logging_mixin.py:188} INFO - [2024-05-20T08:45:42.084+0000] {dagbag.py:545} INFO - Filling up the DagBag from /home/airflow/.local/lib/python3.12/site-packages/airflow/example_dags/example_skip_dag.py
[2024-05-20T08:45:42.091+0000] {processor.py:840} INFO - DAG(s) 'example_skip_dag' retrieved from /home/airflow/.local/lib/python3.12/site-packages/airflow/example_dags/example_skip_dag.py
[2024-05-20T08:45:42.113+0000] {logging_mixin.py:188} INFO - [2024-05-20T08:45:42.113+0000] {dag.py:3096} INFO - Sync 1 DAGs
[2024-05-20T08:45:42.135+0000] {logging_mixin.py:188} INFO - [2024-05-20T08:45:42.134+0000] {dag.py:3954} INFO - Setting next_dagrun for example_skip_dag to 2024-05-19 00:00:00+00:00, run_after=2024-05-20 00:00:00+00:00
[2024-05-20T08:45:42.158+0000] {processor.py:183} INFO - Processing /home/airflow/.local/lib/python3.12/site-packages/airflow/example_dags/example_skip_dag.py took 0.081 seconds
[2024-05-20T08:46:12.941+0000] {processor.py:161} INFO - Started process (PID=1927) to work on /home/airflow/.local/lib/python3.12/site-packages/airflow/example_dags/example_skip_dag.py
[2024-05-20T08:46:12.942+0000] {processor.py:830} INFO - Processing file /home/airflow/.local/lib/python3.12/site-packages/airflow/example_dags/example_skip_dag.py for tasks to queue
[2024-05-20T08:46:12.943+0000] {logging_mixin.py:188} INFO - [2024-05-20T08:46:12.943+0000] {dagbag.py:545} INFO - Filling up the DagBag from /home/airflow/.local/lib/python3.12/site-packages/airflow/example_dags/example_skip_dag.py
[2024-05-20T08:46:12.954+0000] {processor.py:840} INFO - DAG(s) 'example_skip_dag' retrieved from /home/airflow/.local/lib/python3.12/site-packages/airflow/example_dags/example_skip_dag.py
[2024-05-20T08:46:12.980+0000] {logging_mixin.py:188} INFO - [2024-05-20T08:46:12.980+0000] {dag.py:3096} INFO - Sync 1 DAGs
[2024-05-20T08:46:13.006+0000] {logging_mixin.py:188} INFO - [2024-05-20T08:46:13.006+0000] {dag.py:3954} INFO - Setting next_dagrun for example_skip_dag to 2024-05-19 00:00:00+00:00, run_after=2024-05-20 00:00:00+00:00
[2024-05-20T08:46:13.034+0000] {processor.py:183} INFO - Processing /home/airflow/.local/lib/python3.12/site-packages/airflow/example_dags/example_skip_dag.py took 0.101 seconds
[2024-05-20T08:46:43.443+0000] {processor.py:161} INFO - Started process (PID=1989) to work on /home/airflow/.local/lib/python3.12/site-packages/airflow/example_dags/example_skip_dag.py
[2024-05-20T08:46:43.444+0000] {processor.py:830} INFO - Processing file /home/airflow/.local/lib/python3.12/site-packages/airflow/example_dags/example_skip_dag.py for tasks to queue
[2024-05-20T08:46:43.445+0000] {logging_mixin.py:188} INFO - [2024-05-20T08:46:43.445+0000] {dagbag.py:545} INFO - Filling up the DagBag from /home/airflow/.local/lib/python3.12/site-packages/airflow/example_dags/example_skip_dag.py
[2024-05-20T08:46:43.453+0000] {processor.py:840} INFO - DAG(s) 'example_skip_dag' retrieved from /home/airflow/.local/lib/python3.12/site-packages/airflow/example_dags/example_skip_dag.py
[2024-05-20T08:46:43.475+0000] {logging_mixin.py:188} INFO - [2024-05-20T08:46:43.475+0000] {dag.py:3096} INFO - Sync 1 DAGs
[2024-05-20T08:46:43.497+0000] {logging_mixin.py:188} INFO - [2024-05-20T08:46:43.497+0000] {dag.py:3954} INFO - Setting next_dagrun for example_skip_dag to 2024-05-19 00:00:00+00:00, run_after=2024-05-20 00:00:00+00:00
[2024-05-20T08:46:43.522+0000] {processor.py:183} INFO - Processing /home/airflow/.local/lib/python3.12/site-packages/airflow/example_dags/example_skip_dag.py took 0.086 seconds
[2024-05-20T08:47:14.486+0000] {processor.py:161} INFO - Started process (PID=2050) to work on /home/airflow/.local/lib/python3.12/site-packages/airflow/example_dags/example_skip_dag.py
[2024-05-20T08:47:14.488+0000] {processor.py:830} INFO - Processing file /home/airflow/.local/lib/python3.12/site-packages/airflow/example_dags/example_skip_dag.py for tasks to queue
[2024-05-20T08:47:14.490+0000] {logging_mixin.py:188} INFO - [2024-05-20T08:47:14.489+0000] {dagbag.py:545} INFO - Filling up the DagBag from /home/airflow/.local/lib/python3.12/site-packages/airflow/example_dags/example_skip_dag.py
[2024-05-20T08:47:14.503+0000] {processor.py:840} INFO - DAG(s) 'example_skip_dag' retrieved from /home/airflow/.local/lib/python3.12/site-packages/airflow/example_dags/example_skip_dag.py
[2024-05-20T08:47:14.538+0000] {logging_mixin.py:188} INFO - [2024-05-20T08:47:14.538+0000] {dag.py:3096} INFO - Sync 1 DAGs
[2024-05-20T08:47:14.579+0000] {logging_mixin.py:188} INFO - [2024-05-20T08:47:14.579+0000] {dag.py:3954} INFO - Setting next_dagrun for example_skip_dag to 2024-05-19 00:00:00+00:00, run_after=2024-05-20 00:00:00+00:00
[2024-05-20T08:47:14.628+0000] {processor.py:183} INFO - Processing /home/airflow/.local/lib/python3.12/site-packages/airflow/example_dags/example_skip_dag.py took 0.151 seconds
[2024-05-20T08:47:45.010+0000] {processor.py:161} INFO - Started process (PID=2111) to work on /home/airflow/.local/lib/python3.12/site-packages/airflow/example_dags/example_skip_dag.py
[2024-05-20T08:47:45.011+0000] {processor.py:830} INFO - Processing file /home/airflow/.local/lib/python3.12/site-packages/airflow/example_dags/example_skip_dag.py for tasks to queue
[2024-05-20T08:47:45.012+0000] {logging_mixin.py:188} INFO - [2024-05-20T08:47:45.011+0000] {dagbag.py:545} INFO - Filling up the DagBag from /home/airflow/.local/lib/python3.12/site-packages/airflow/example_dags/example_skip_dag.py
[2024-05-20T08:47:45.018+0000] {processor.py:840} INFO - DAG(s) 'example_skip_dag' retrieved from /home/airflow/.local/lib/python3.12/site-packages/airflow/example_dags/example_skip_dag.py
[2024-05-20T08:47:45.040+0000] {logging_mixin.py:188} INFO - [2024-05-20T08:47:45.040+0000] {dag.py:3096} INFO - Sync 1 DAGs
[2024-05-20T08:47:45.060+0000] {logging_mixin.py:188} INFO - [2024-05-20T08:47:45.060+0000] {dag.py:3954} INFO - Setting next_dagrun for example_skip_dag to 2024-05-19 00:00:00+00:00, run_after=2024-05-20 00:00:00+00:00
[2024-05-20T08:47:45.081+0000] {processor.py:183} INFO - Processing /home/airflow/.local/lib/python3.12/site-packages/airflow/example_dags/example_skip_dag.py took 0.076 seconds
[2024-05-20T08:48:15.949+0000] {processor.py:161} INFO - Started process (PID=2172) to work on /home/airflow/.local/lib/python3.12/site-packages/airflow/example_dags/example_skip_dag.py
[2024-05-20T08:48:15.950+0000] {processor.py:830} INFO - Processing file /home/airflow/.local/lib/python3.12/site-packages/airflow/example_dags/example_skip_dag.py for tasks to queue
[2024-05-20T08:48:15.952+0000] {logging_mixin.py:188} INFO - [2024-05-20T08:48:15.951+0000] {dagbag.py:545} INFO - Filling up the DagBag from /home/airflow/.local/lib/python3.12/site-packages/airflow/example_dags/example_skip_dag.py
[2024-05-20T08:48:15.960+0000] {processor.py:840} INFO - DAG(s) 'example_skip_dag' retrieved from /home/airflow/.local/lib/python3.12/site-packages/airflow/example_dags/example_skip_dag.py
[2024-05-20T08:48:15.990+0000] {logging_mixin.py:188} INFO - [2024-05-20T08:48:15.990+0000] {dag.py:3096} INFO - Sync 1 DAGs
[2024-05-20T08:48:16.025+0000] {logging_mixin.py:188} INFO - [2024-05-20T08:48:16.024+0000] {dag.py:3954} INFO - Setting next_dagrun for example_skip_dag to 2024-05-19 00:00:00+00:00, run_after=2024-05-20 00:00:00+00:00
[2024-05-20T08:48:16.075+0000] {processor.py:183} INFO - Processing /home/airflow/.local/lib/python3.12/site-packages/airflow/example_dags/example_skip_dag.py took 0.134 seconds
[2024-05-20T08:48:46.341+0000] {processor.py:161} INFO - Started process (PID=2233) to work on /home/airflow/.local/lib/python3.12/site-packages/airflow/example_dags/example_skip_dag.py
[2024-05-20T08:48:46.342+0000] {processor.py:830} INFO - Processing file /home/airflow/.local/lib/python3.12/site-packages/airflow/example_dags/example_skip_dag.py for tasks to queue
[2024-05-20T08:48:46.343+0000] {logging_mixin.py:188} INFO - [2024-05-20T08:48:46.343+0000] {dagbag.py:545} INFO - Filling up the DagBag from /home/airflow/.local/lib/python3.12/site-packages/airflow/example_dags/example_skip_dag.py
[2024-05-20T08:48:46.349+0000] {processor.py:840} INFO - DAG(s) 'example_skip_dag' retrieved from /home/airflow/.local/lib/python3.12/site-packages/airflow/example_dags/example_skip_dag.py
[2024-05-20T08:48:46.372+0000] {logging_mixin.py:188} INFO - [2024-05-20T08:48:46.371+0000] {dag.py:3096} INFO - Sync 1 DAGs
[2024-05-20T08:48:46.392+0000] {logging_mixin.py:188} INFO - [2024-05-20T08:48:46.391+0000] {dag.py:3954} INFO - Setting next_dagrun for example_skip_dag to 2024-05-19 00:00:00+00:00, run_after=2024-05-20 00:00:00+00:00
[2024-05-20T08:48:46.429+0000] {processor.py:183} INFO - Processing /home/airflow/.local/lib/python3.12/site-packages/airflow/example_dags/example_skip_dag.py took 0.094 seconds
[2024-05-20T08:49:16.906+0000] {processor.py:161} INFO - Started process (PID=2294) to work on /home/airflow/.local/lib/python3.12/site-packages/airflow/example_dags/example_skip_dag.py
[2024-05-20T08:49:16.907+0000] {processor.py:830} INFO - Processing file /home/airflow/.local/lib/python3.12/site-packages/airflow/example_dags/example_skip_dag.py for tasks to queue
[2024-05-20T08:49:16.909+0000] {logging_mixin.py:188} INFO - [2024-05-20T08:49:16.908+0000] {dagbag.py:545} INFO - Filling up the DagBag from /home/airflow/.local/lib/python3.12/site-packages/airflow/example_dags/example_skip_dag.py
[2024-05-20T08:49:16.917+0000] {processor.py:840} INFO - DAG(s) 'example_skip_dag' retrieved from /home/airflow/.local/lib/python3.12/site-packages/airflow/example_dags/example_skip_dag.py
[2024-05-20T08:49:16.943+0000] {logging_mixin.py:188} INFO - [2024-05-20T08:49:16.943+0000] {dag.py:3096} INFO - Sync 1 DAGs
[2024-05-20T08:49:16.972+0000] {logging_mixin.py:188} INFO - [2024-05-20T08:49:16.972+0000] {dag.py:3954} INFO - Setting next_dagrun for example_skip_dag to 2024-05-19 00:00:00+00:00, run_after=2024-05-20 00:00:00+00:00
[2024-05-20T08:49:16.997+0000] {processor.py:183} INFO - Processing /home/airflow/.local/lib/python3.12/site-packages/airflow/example_dags/example_skip_dag.py took 0.098 seconds
[2024-05-20T08:49:47.550+0000] {processor.py:161} INFO - Started process (PID=2355) to work on /home/airflow/.local/lib/python3.12/site-packages/airflow/example_dags/example_skip_dag.py
[2024-05-20T08:49:47.552+0000] {processor.py:830} INFO - Processing file /home/airflow/.local/lib/python3.12/site-packages/airflow/example_dags/example_skip_dag.py for tasks to queue
[2024-05-20T08:49:47.553+0000] {logging_mixin.py:188} INFO - [2024-05-20T08:49:47.553+0000] {dagbag.py:545} INFO - Filling up the DagBag from /home/airflow/.local/lib/python3.12/site-packages/airflow/example_dags/example_skip_dag.py
[2024-05-20T08:49:47.562+0000] {processor.py:840} INFO - DAG(s) 'example_skip_dag' retrieved from /home/airflow/.local/lib/python3.12/site-packages/airflow/example_dags/example_skip_dag.py
[2024-05-20T08:49:47.585+0000] {logging_mixin.py:188} INFO - [2024-05-20T08:49:47.585+0000] {dag.py:3096} INFO - Sync 1 DAGs
[2024-05-20T08:49:47.606+0000] {logging_mixin.py:188} INFO - [2024-05-20T08:49:47.606+0000] {dag.py:3954} INFO - Setting next_dagrun for example_skip_dag to 2024-05-19 00:00:00+00:00, run_after=2024-05-20 00:00:00+00:00
[2024-05-20T08:49:47.626+0000] {processor.py:183} INFO - Processing /home/airflow/.local/lib/python3.12/site-packages/airflow/example_dags/example_skip_dag.py took 0.084 seconds
[2024-05-20T08:50:17.711+0000] {processor.py:161} INFO - Started process (PID=2417) to work on /home/airflow/.local/lib/python3.12/site-packages/airflow/example_dags/example_skip_dag.py
[2024-05-20T08:50:17.712+0000] {processor.py:830} INFO - Processing file /home/airflow/.local/lib/python3.12/site-packages/airflow/example_dags/example_skip_dag.py for tasks to queue
[2024-05-20T08:50:17.713+0000] {logging_mixin.py:188} INFO - [2024-05-20T08:50:17.712+0000] {dagbag.py:545} INFO - Filling up the DagBag from /home/airflow/.local/lib/python3.12/site-packages/airflow/example_dags/example_skip_dag.py
[2024-05-20T08:50:17.721+0000] {processor.py:840} INFO - DAG(s) 'example_skip_dag' retrieved from /home/airflow/.local/lib/python3.12/site-packages/airflow/example_dags/example_skip_dag.py
[2024-05-20T08:50:17.750+0000] {logging_mixin.py:188} INFO - [2024-05-20T08:50:17.749+0000] {dag.py:3096} INFO - Sync 1 DAGs
[2024-05-20T08:50:17.780+0000] {logging_mixin.py:188} INFO - [2024-05-20T08:50:17.780+0000] {dag.py:3954} INFO - Setting next_dagrun for example_skip_dag to 2024-05-19 00:00:00+00:00, run_after=2024-05-20 00:00:00+00:00
[2024-05-20T08:50:17.807+0000] {processor.py:183} INFO - Processing /home/airflow/.local/lib/python3.12/site-packages/airflow/example_dags/example_skip_dag.py took 0.102 seconds
[2024-05-20T08:50:48.260+0000] {processor.py:161} INFO - Started process (PID=2479) to work on /home/airflow/.local/lib/python3.12/site-packages/airflow/example_dags/example_skip_dag.py
[2024-05-20T08:50:48.261+0000] {processor.py:830} INFO - Processing file /home/airflow/.local/lib/python3.12/site-packages/airflow/example_dags/example_skip_dag.py for tasks to queue
[2024-05-20T08:50:48.263+0000] {logging_mixin.py:188} INFO - [2024-05-20T08:50:48.262+0000] {dagbag.py:545} INFO - Filling up the DagBag from /home/airflow/.local/lib/python3.12/site-packages/airflow/example_dags/example_skip_dag.py
[2024-05-20T08:50:48.270+0000] {processor.py:840} INFO - DAG(s) 'example_skip_dag' retrieved from /home/airflow/.local/lib/python3.12/site-packages/airflow/example_dags/example_skip_dag.py
[2024-05-20T08:50:48.297+0000] {logging_mixin.py:188} INFO - [2024-05-20T08:50:48.297+0000] {dag.py:3096} INFO - Sync 1 DAGs
[2024-05-20T08:50:48.324+0000] {logging_mixin.py:188} INFO - [2024-05-20T08:50:48.323+0000] {dag.py:3954} INFO - Setting next_dagrun for example_skip_dag to 2024-05-19 00:00:00+00:00, run_after=2024-05-20 00:00:00+00:00
[2024-05-20T08:50:48.348+0000] {processor.py:183} INFO - Processing /home/airflow/.local/lib/python3.12/site-packages/airflow/example_dags/example_skip_dag.py took 0.097 seconds
[2024-05-20T08:51:18.521+0000] {processor.py:161} INFO - Started process (PID=2541) to work on /home/airflow/.local/lib/python3.12/site-packages/airflow/example_dags/example_skip_dag.py
[2024-05-20T08:51:18.522+0000] {processor.py:830} INFO - Processing file /home/airflow/.local/lib/python3.12/site-packages/airflow/example_dags/example_skip_dag.py for tasks to queue
[2024-05-20T08:51:18.523+0000] {logging_mixin.py:188} INFO - [2024-05-20T08:51:18.523+0000] {dagbag.py:545} INFO - Filling up the DagBag from /home/airflow/.local/lib/python3.12/site-packages/airflow/example_dags/example_skip_dag.py
[2024-05-20T08:51:18.531+0000] {processor.py:840} INFO - DAG(s) 'example_skip_dag' retrieved from /home/airflow/.local/lib/python3.12/site-packages/airflow/example_dags/example_skip_dag.py
[2024-05-20T08:51:18.553+0000] {logging_mixin.py:188} INFO - [2024-05-20T08:51:18.553+0000] {dag.py:3096} INFO - Sync 1 DAGs
[2024-05-20T08:51:18.577+0000] {logging_mixin.py:188} INFO - [2024-05-20T08:51:18.576+0000] {dag.py:3954} INFO - Setting next_dagrun for example_skip_dag to 2024-05-19 00:00:00+00:00, run_after=2024-05-20 00:00:00+00:00
[2024-05-20T08:51:18.610+0000] {processor.py:183} INFO - Processing /home/airflow/.local/lib/python3.12/site-packages/airflow/example_dags/example_skip_dag.py took 0.095 seconds
[2024-05-20T08:51:48.668+0000] {processor.py:161} INFO - Started process (PID=2604) to work on /home/airflow/.local/lib/python3.12/site-packages/airflow/example_dags/example_skip_dag.py
[2024-05-20T08:51:48.669+0000] {processor.py:830} INFO - Processing file /home/airflow/.local/lib/python3.12/site-packages/airflow/example_dags/example_skip_dag.py for tasks to queue
[2024-05-20T08:51:48.670+0000] {logging_mixin.py:188} INFO - [2024-05-20T08:51:48.670+0000] {dagbag.py:545} INFO - Filling up the DagBag from /home/airflow/.local/lib/python3.12/site-packages/airflow/example_dags/example_skip_dag.py
[2024-05-20T08:51:48.678+0000] {processor.py:840} INFO - DAG(s) 'example_skip_dag' retrieved from /home/airflow/.local/lib/python3.12/site-packages/airflow/example_dags/example_skip_dag.py
[2024-05-20T08:51:48.702+0000] {logging_mixin.py:188} INFO - [2024-05-20T08:51:48.702+0000] {dag.py:3096} INFO - Sync 1 DAGs
[2024-05-20T08:51:48.726+0000] {logging_mixin.py:188} INFO - [2024-05-20T08:51:48.725+0000] {dag.py:3954} INFO - Setting next_dagrun for example_skip_dag to 2024-05-19 00:00:00+00:00, run_after=2024-05-20 00:00:00+00:00
[2024-05-20T08:51:48.751+0000] {processor.py:183} INFO - Processing /home/airflow/.local/lib/python3.12/site-packages/airflow/example_dags/example_skip_dag.py took 0.089 seconds
[2024-05-20T08:52:18.806+0000] {processor.py:161} INFO - Started process (PID=2665) to work on /home/airflow/.local/lib/python3.12/site-packages/airflow/example_dags/example_skip_dag.py
[2024-05-20T08:52:18.807+0000] {processor.py:830} INFO - Processing file /home/airflow/.local/lib/python3.12/site-packages/airflow/example_dags/example_skip_dag.py for tasks to queue
[2024-05-20T08:52:18.808+0000] {logging_mixin.py:188} INFO - [2024-05-20T08:52:18.808+0000] {dagbag.py:545} INFO - Filling up the DagBag from /home/airflow/.local/lib/python3.12/site-packages/airflow/example_dags/example_skip_dag.py
[2024-05-20T08:52:18.817+0000] {processor.py:840} INFO - DAG(s) 'example_skip_dag' retrieved from /home/airflow/.local/lib/python3.12/site-packages/airflow/example_dags/example_skip_dag.py
[2024-05-20T08:52:18.839+0000] {logging_mixin.py:188} INFO - [2024-05-20T08:52:18.839+0000] {dag.py:3096} INFO - Sync 1 DAGs
[2024-05-20T08:52:18.868+0000] {logging_mixin.py:188} INFO - [2024-05-20T08:52:18.867+0000] {dag.py:3954} INFO - Setting next_dagrun for example_skip_dag to 2024-05-19 00:00:00+00:00, run_after=2024-05-20 00:00:00+00:00
[2024-05-20T08:52:18.890+0000] {processor.py:183} INFO - Processing /home/airflow/.local/lib/python3.12/site-packages/airflow/example_dags/example_skip_dag.py took 0.090 seconds
[2024-05-20T08:52:48.966+0000] {processor.py:161} INFO - Started process (PID=2727) to work on /home/airflow/.local/lib/python3.12/site-packages/airflow/example_dags/example_skip_dag.py
[2024-05-20T08:52:48.967+0000] {processor.py:830} INFO - Processing file /home/airflow/.local/lib/python3.12/site-packages/airflow/example_dags/example_skip_dag.py for tasks to queue
[2024-05-20T08:52:48.968+0000] {logging_mixin.py:188} INFO - [2024-05-20T08:52:48.968+0000] {dagbag.py:545} INFO - Filling up the DagBag from /home/airflow/.local/lib/python3.12/site-packages/airflow/example_dags/example_skip_dag.py
[2024-05-20T08:52:48.974+0000] {processor.py:840} INFO - DAG(s) 'example_skip_dag' retrieved from /home/airflow/.local/lib/python3.12/site-packages/airflow/example_dags/example_skip_dag.py
[2024-05-20T08:52:48.996+0000] {logging_mixin.py:188} INFO - [2024-05-20T08:52:48.995+0000] {dag.py:3096} INFO - Sync 1 DAGs
[2024-05-20T08:52:49.018+0000] {logging_mixin.py:188} INFO - [2024-05-20T08:52:49.017+0000] {dag.py:3954} INFO - Setting next_dagrun for example_skip_dag to 2024-05-19 00:00:00+00:00, run_after=2024-05-20 00:00:00+00:00
[2024-05-20T08:52:49.045+0000] {processor.py:183} INFO - Processing /home/airflow/.local/lib/python3.12/site-packages/airflow/example_dags/example_skip_dag.py took 0.085 seconds
[2024-05-20T08:53:19.210+0000] {processor.py:161} INFO - Started process (PID=2791) to work on /home/airflow/.local/lib/python3.12/site-packages/airflow/example_dags/example_skip_dag.py
[2024-05-20T08:53:19.212+0000] {processor.py:830} INFO - Processing file /home/airflow/.local/lib/python3.12/site-packages/airflow/example_dags/example_skip_dag.py for tasks to queue
[2024-05-20T08:53:19.212+0000] {logging_mixin.py:188} INFO - [2024-05-20T08:53:19.212+0000] {dagbag.py:545} INFO - Filling up the DagBag from /home/airflow/.local/lib/python3.12/site-packages/airflow/example_dags/example_skip_dag.py
[2024-05-20T08:53:19.223+0000] {processor.py:840} INFO - DAG(s) 'example_skip_dag' retrieved from /home/airflow/.local/lib/python3.12/site-packages/airflow/example_dags/example_skip_dag.py
[2024-05-20T08:53:19.252+0000] {logging_mixin.py:188} INFO - [2024-05-20T08:53:19.251+0000] {dag.py:3096} INFO - Sync 1 DAGs
[2024-05-20T08:53:19.284+0000] {logging_mixin.py:188} INFO - [2024-05-20T08:53:19.283+0000] {dag.py:3954} INFO - Setting next_dagrun for example_skip_dag to 2024-05-19 00:00:00+00:00, run_after=2024-05-20 00:00:00+00:00
[2024-05-20T08:53:19.311+0000] {processor.py:183} INFO - Processing /home/airflow/.local/lib/python3.12/site-packages/airflow/example_dags/example_skip_dag.py took 0.108 seconds
[2024-05-20T08:53:49.481+0000] {processor.py:161} INFO - Started process (PID=2854) to work on /home/airflow/.local/lib/python3.12/site-packages/airflow/example_dags/example_skip_dag.py
[2024-05-20T08:53:49.482+0000] {processor.py:830} INFO - Processing file /home/airflow/.local/lib/python3.12/site-packages/airflow/example_dags/example_skip_dag.py for tasks to queue
[2024-05-20T08:53:49.484+0000] {logging_mixin.py:188} INFO - [2024-05-20T08:53:49.483+0000] {dagbag.py:545} INFO - Filling up the DagBag from /home/airflow/.local/lib/python3.12/site-packages/airflow/example_dags/example_skip_dag.py
[2024-05-20T08:53:49.497+0000] {processor.py:840} INFO - DAG(s) 'example_skip_dag' retrieved from /home/airflow/.local/lib/python3.12/site-packages/airflow/example_dags/example_skip_dag.py
[2024-05-20T08:53:49.521+0000] {logging_mixin.py:188} INFO - [2024-05-20T08:53:49.520+0000] {dag.py:3096} INFO - Sync 1 DAGs
[2024-05-20T08:53:49.547+0000] {logging_mixin.py:188} INFO - [2024-05-20T08:53:49.547+0000] {dag.py:3954} INFO - Setting next_dagrun for example_skip_dag to 2024-05-19 00:00:00+00:00, run_after=2024-05-20 00:00:00+00:00
[2024-05-20T08:53:49.586+0000] {processor.py:183} INFO - Processing /home/airflow/.local/lib/python3.12/site-packages/airflow/example_dags/example_skip_dag.py took 0.111 seconds
[2024-05-20T08:54:20.312+0000] {processor.py:161} INFO - Started process (PID=2916) to work on /home/airflow/.local/lib/python3.12/site-packages/airflow/example_dags/example_skip_dag.py
[2024-05-20T08:54:20.313+0000] {processor.py:830} INFO - Processing file /home/airflow/.local/lib/python3.12/site-packages/airflow/example_dags/example_skip_dag.py for tasks to queue
[2024-05-20T08:54:20.314+0000] {logging_mixin.py:188} INFO - [2024-05-20T08:54:20.313+0000] {dagbag.py:545} INFO - Filling up the DagBag from /home/airflow/.local/lib/python3.12/site-packages/airflow/example_dags/example_skip_dag.py
[2024-05-20T08:54:20.320+0000] {processor.py:840} INFO - DAG(s) 'example_skip_dag' retrieved from /home/airflow/.local/lib/python3.12/site-packages/airflow/example_dags/example_skip_dag.py
[2024-05-20T08:54:20.342+0000] {logging_mixin.py:188} INFO - [2024-05-20T08:54:20.342+0000] {dag.py:3096} INFO - Sync 1 DAGs
[2024-05-20T08:54:20.364+0000] {logging_mixin.py:188} INFO - [2024-05-20T08:54:20.364+0000] {dag.py:3954} INFO - Setting next_dagrun for example_skip_dag to 2024-05-19 00:00:00+00:00, run_after=2024-05-20 00:00:00+00:00
[2024-05-20T08:54:20.410+0000] {processor.py:183} INFO - Processing /home/airflow/.local/lib/python3.12/site-packages/airflow/example_dags/example_skip_dag.py took 0.104 seconds
[2024-05-20T08:54:51.131+0000] {processor.py:161} INFO - Started process (PID=2982) to work on /home/airflow/.local/lib/python3.12/site-packages/airflow/example_dags/example_skip_dag.py
[2024-05-20T08:54:51.134+0000] {processor.py:830} INFO - Processing file /home/airflow/.local/lib/python3.12/site-packages/airflow/example_dags/example_skip_dag.py for tasks to queue
[2024-05-20T08:54:51.136+0000] {logging_mixin.py:188} INFO - [2024-05-20T08:54:51.135+0000] {dagbag.py:545} INFO - Filling up the DagBag from /home/airflow/.local/lib/python3.12/site-packages/airflow/example_dags/example_skip_dag.py
[2024-05-20T08:54:51.146+0000] {processor.py:840} INFO - DAG(s) 'example_skip_dag' retrieved from /home/airflow/.local/lib/python3.12/site-packages/airflow/example_dags/example_skip_dag.py
[2024-05-20T08:54:51.189+0000] {logging_mixin.py:188} INFO - [2024-05-20T08:54:51.188+0000] {dag.py:3096} INFO - Sync 1 DAGs
[2024-05-20T08:54:51.224+0000] {logging_mixin.py:188} INFO - [2024-05-20T08:54:51.224+0000] {dag.py:3954} INFO - Setting next_dagrun for example_skip_dag to 2024-05-19 00:00:00+00:00, run_after=2024-05-20 00:00:00+00:00
[2024-05-20T08:54:51.282+0000] {processor.py:183} INFO - Processing /home/airflow/.local/lib/python3.12/site-packages/airflow/example_dags/example_skip_dag.py took 0.159 seconds
[2024-05-20T08:55:21.410+0000] {processor.py:161} INFO - Started process (PID=3050) to work on /home/airflow/.local/lib/python3.12/site-packages/airflow/example_dags/example_skip_dag.py
[2024-05-20T08:55:21.411+0000] {processor.py:830} INFO - Processing file /home/airflow/.local/lib/python3.12/site-packages/airflow/example_dags/example_skip_dag.py for tasks to queue
[2024-05-20T08:55:21.412+0000] {logging_mixin.py:188} INFO - [2024-05-20T08:55:21.412+0000] {dagbag.py:545} INFO - Filling up the DagBag from /home/airflow/.local/lib/python3.12/site-packages/airflow/example_dags/example_skip_dag.py
[2024-05-20T08:55:21.419+0000] {processor.py:840} INFO - DAG(s) 'example_skip_dag' retrieved from /home/airflow/.local/lib/python3.12/site-packages/airflow/example_dags/example_skip_dag.py
[2024-05-20T08:55:21.441+0000] {logging_mixin.py:188} INFO - [2024-05-20T08:55:21.441+0000] {dag.py:3096} INFO - Sync 1 DAGs
[2024-05-20T08:55:21.462+0000] {logging_mixin.py:188} INFO - [2024-05-20T08:55:21.462+0000] {dag.py:3954} INFO - Setting next_dagrun for example_skip_dag to 2024-05-19 00:00:00+00:00, run_after=2024-05-20 00:00:00+00:00
[2024-05-20T08:55:21.490+0000] {processor.py:183} INFO - Processing /home/airflow/.local/lib/python3.12/site-packages/airflow/example_dags/example_skip_dag.py took 0.085 seconds
[2024-05-20T08:55:52.171+0000] {processor.py:161} INFO - Started process (PID=3112) to work on /home/airflow/.local/lib/python3.12/site-packages/airflow/example_dags/example_skip_dag.py
[2024-05-20T08:55:52.172+0000] {processor.py:830} INFO - Processing file /home/airflow/.local/lib/python3.12/site-packages/airflow/example_dags/example_skip_dag.py for tasks to queue
[2024-05-20T08:55:52.173+0000] {logging_mixin.py:188} INFO - [2024-05-20T08:55:52.173+0000] {dagbag.py:545} INFO - Filling up the DagBag from /home/airflow/.local/lib/python3.12/site-packages/airflow/example_dags/example_skip_dag.py
[2024-05-20T08:55:52.192+0000] {processor.py:840} INFO - DAG(s) 'example_skip_dag' retrieved from /home/airflow/.local/lib/python3.12/site-packages/airflow/example_dags/example_skip_dag.py
[2024-05-20T08:55:52.228+0000] {logging_mixin.py:188} INFO - [2024-05-20T08:55:52.228+0000] {dag.py:3096} INFO - Sync 1 DAGs
[2024-05-20T08:55:52.274+0000] {logging_mixin.py:188} INFO - [2024-05-20T08:55:52.274+0000] {dag.py:3954} INFO - Setting next_dagrun for example_skip_dag to 2024-05-19 00:00:00+00:00, run_after=2024-05-20 00:00:00+00:00
[2024-05-20T08:55:52.304+0000] {processor.py:183} INFO - Processing /home/airflow/.local/lib/python3.12/site-packages/airflow/example_dags/example_skip_dag.py took 0.143 seconds
[2024-05-20T08:56:22.943+0000] {processor.py:161} INFO - Started process (PID=3174) to work on /home/airflow/.local/lib/python3.12/site-packages/airflow/example_dags/example_skip_dag.py
[2024-05-20T08:56:22.945+0000] {processor.py:830} INFO - Processing file /home/airflow/.local/lib/python3.12/site-packages/airflow/example_dags/example_skip_dag.py for tasks to queue
[2024-05-20T08:56:22.947+0000] {logging_mixin.py:188} INFO - [2024-05-20T08:56:22.946+0000] {dagbag.py:545} INFO - Filling up the DagBag from /home/airflow/.local/lib/python3.12/site-packages/airflow/example_dags/example_skip_dag.py
[2024-05-20T08:56:22.957+0000] {processor.py:840} INFO - DAG(s) 'example_skip_dag' retrieved from /home/airflow/.local/lib/python3.12/site-packages/airflow/example_dags/example_skip_dag.py
[2024-05-20T08:56:22.985+0000] {logging_mixin.py:188} INFO - [2024-05-20T08:56:22.985+0000] {dag.py:3096} INFO - Sync 1 DAGs
[2024-05-20T08:56:23.008+0000] {logging_mixin.py:188} INFO - [2024-05-20T08:56:23.008+0000] {dag.py:3954} INFO - Setting next_dagrun for example_skip_dag to 2024-05-19 00:00:00+00:00, run_after=2024-05-20 00:00:00+00:00
[2024-05-20T08:56:23.033+0000] {processor.py:183} INFO - Processing /home/airflow/.local/lib/python3.12/site-packages/airflow/example_dags/example_skip_dag.py took 0.096 seconds
[2024-05-20T08:56:53.751+0000] {processor.py:161} INFO - Started process (PID=3236) to work on /home/airflow/.local/lib/python3.12/site-packages/airflow/example_dags/example_skip_dag.py
[2024-05-20T08:56:53.752+0000] {processor.py:830} INFO - Processing file /home/airflow/.local/lib/python3.12/site-packages/airflow/example_dags/example_skip_dag.py for tasks to queue
[2024-05-20T08:56:53.753+0000] {logging_mixin.py:188} INFO - [2024-05-20T08:56:53.753+0000] {dagbag.py:545} INFO - Filling up the DagBag from /home/airflow/.local/lib/python3.12/site-packages/airflow/example_dags/example_skip_dag.py
[2024-05-20T08:56:53.759+0000] {processor.py:840} INFO - DAG(s) 'example_skip_dag' retrieved from /home/airflow/.local/lib/python3.12/site-packages/airflow/example_dags/example_skip_dag.py
[2024-05-20T08:56:53.783+0000] {logging_mixin.py:188} INFO - [2024-05-20T08:56:53.783+0000] {dag.py:3096} INFO - Sync 1 DAGs
[2024-05-20T08:56:53.810+0000] {logging_mixin.py:188} INFO - [2024-05-20T08:56:53.809+0000] {dag.py:3954} INFO - Setting next_dagrun for example_skip_dag to 2024-05-19 00:00:00+00:00, run_after=2024-05-20 00:00:00+00:00
[2024-05-20T08:56:53.838+0000] {processor.py:183} INFO - Processing /home/airflow/.local/lib/python3.12/site-packages/airflow/example_dags/example_skip_dag.py took 0.092 seconds
[2024-05-20T08:57:24.375+0000] {processor.py:161} INFO - Started process (PID=3298) to work on /home/airflow/.local/lib/python3.12/site-packages/airflow/example_dags/example_skip_dag.py
[2024-05-20T08:57:24.376+0000] {processor.py:830} INFO - Processing file /home/airflow/.local/lib/python3.12/site-packages/airflow/example_dags/example_skip_dag.py for tasks to queue
[2024-05-20T08:57:24.377+0000] {logging_mixin.py:188} INFO - [2024-05-20T08:57:24.376+0000] {dagbag.py:545} INFO - Filling up the DagBag from /home/airflow/.local/lib/python3.12/site-packages/airflow/example_dags/example_skip_dag.py
[2024-05-20T08:57:24.384+0000] {processor.py:840} INFO - DAG(s) 'example_skip_dag' retrieved from /home/airflow/.local/lib/python3.12/site-packages/airflow/example_dags/example_skip_dag.py
[2024-05-20T08:57:24.406+0000] {logging_mixin.py:188} INFO - [2024-05-20T08:57:24.406+0000] {dag.py:3096} INFO - Sync 1 DAGs
[2024-05-20T08:57:24.432+0000] {logging_mixin.py:188} INFO - [2024-05-20T08:57:24.432+0000] {dag.py:3954} INFO - Setting next_dagrun for example_skip_dag to 2024-05-19 00:00:00+00:00, run_after=2024-05-20 00:00:00+00:00
[2024-05-20T08:57:24.454+0000] {processor.py:183} INFO - Processing /home/airflow/.local/lib/python3.12/site-packages/airflow/example_dags/example_skip_dag.py took 0.085 seconds
[2024-05-20T08:57:55.294+0000] {processor.py:161} INFO - Started process (PID=3360) to work on /home/airflow/.local/lib/python3.12/site-packages/airflow/example_dags/example_skip_dag.py
[2024-05-20T08:57:55.296+0000] {processor.py:830} INFO - Processing file /home/airflow/.local/lib/python3.12/site-packages/airflow/example_dags/example_skip_dag.py for tasks to queue
[2024-05-20T08:57:55.297+0000] {logging_mixin.py:188} INFO - [2024-05-20T08:57:55.297+0000] {dagbag.py:545} INFO - Filling up the DagBag from /home/airflow/.local/lib/python3.12/site-packages/airflow/example_dags/example_skip_dag.py
[2024-05-20T08:57:55.306+0000] {processor.py:840} INFO - DAG(s) 'example_skip_dag' retrieved from /home/airflow/.local/lib/python3.12/site-packages/airflow/example_dags/example_skip_dag.py
[2024-05-20T08:57:55.335+0000] {logging_mixin.py:188} INFO - [2024-05-20T08:57:55.335+0000] {dag.py:3096} INFO - Sync 1 DAGs
[2024-05-20T08:57:55.363+0000] {logging_mixin.py:188} INFO - [2024-05-20T08:57:55.362+0000] {dag.py:3954} INFO - Setting next_dagrun for example_skip_dag to 2024-05-19 00:00:00+00:00, run_after=2024-05-20 00:00:00+00:00
[2024-05-20T08:57:55.395+0000] {processor.py:183} INFO - Processing /home/airflow/.local/lib/python3.12/site-packages/airflow/example_dags/example_skip_dag.py took 0.108 seconds
[2024-05-20T08:58:26.216+0000] {processor.py:161} INFO - Started process (PID=3421) to work on /home/airflow/.local/lib/python3.12/site-packages/airflow/example_dags/example_skip_dag.py
[2024-05-20T08:58:26.217+0000] {processor.py:830} INFO - Processing file /home/airflow/.local/lib/python3.12/site-packages/airflow/example_dags/example_skip_dag.py for tasks to queue
[2024-05-20T08:58:26.218+0000] {logging_mixin.py:188} INFO - [2024-05-20T08:58:26.218+0000] {dagbag.py:545} INFO - Filling up the DagBag from /home/airflow/.local/lib/python3.12/site-packages/airflow/example_dags/example_skip_dag.py
[2024-05-20T08:58:26.226+0000] {processor.py:840} INFO - DAG(s) 'example_skip_dag' retrieved from /home/airflow/.local/lib/python3.12/site-packages/airflow/example_dags/example_skip_dag.py
[2024-05-20T08:58:26.252+0000] {logging_mixin.py:188} INFO - [2024-05-20T08:58:26.251+0000] {dag.py:3096} INFO - Sync 1 DAGs
[2024-05-20T08:58:26.277+0000] {logging_mixin.py:188} INFO - [2024-05-20T08:58:26.277+0000] {dag.py:3954} INFO - Setting next_dagrun for example_skip_dag to 2024-05-19 00:00:00+00:00, run_after=2024-05-20 00:00:00+00:00
[2024-05-20T08:58:26.305+0000] {processor.py:183} INFO - Processing /home/airflow/.local/lib/python3.12/site-packages/airflow/example_dags/example_skip_dag.py took 0.096 seconds
[2024-05-20T08:58:56.900+0000] {processor.py:161} INFO - Started process (PID=3482) to work on /home/airflow/.local/lib/python3.12/site-packages/airflow/example_dags/example_skip_dag.py
[2024-05-20T08:58:56.902+0000] {processor.py:830} INFO - Processing file /home/airflow/.local/lib/python3.12/site-packages/airflow/example_dags/example_skip_dag.py for tasks to queue
[2024-05-20T08:58:56.903+0000] {logging_mixin.py:188} INFO - [2024-05-20T08:58:56.903+0000] {dagbag.py:545} INFO - Filling up the DagBag from /home/airflow/.local/lib/python3.12/site-packages/airflow/example_dags/example_skip_dag.py
[2024-05-20T08:58:56.912+0000] {processor.py:840} INFO - DAG(s) 'example_skip_dag' retrieved from /home/airflow/.local/lib/python3.12/site-packages/airflow/example_dags/example_skip_dag.py
[2024-05-20T08:58:56.938+0000] {logging_mixin.py:188} INFO - [2024-05-20T08:58:56.938+0000] {dag.py:3096} INFO - Sync 1 DAGs
[2024-05-20T08:58:56.970+0000] {logging_mixin.py:188} INFO - [2024-05-20T08:58:56.970+0000] {dag.py:3954} INFO - Setting next_dagrun for example_skip_dag to 2024-05-19 00:00:00+00:00, run_after=2024-05-20 00:00:00+00:00
[2024-05-20T08:58:57.016+0000] {processor.py:183} INFO - Processing /home/airflow/.local/lib/python3.12/site-packages/airflow/example_dags/example_skip_dag.py took 0.123 seconds
[2024-05-20T08:59:27.829+0000] {processor.py:161} INFO - Started process (PID=3543) to work on /home/airflow/.local/lib/python3.12/site-packages/airflow/example_dags/example_skip_dag.py
[2024-05-20T08:59:27.830+0000] {processor.py:830} INFO - Processing file /home/airflow/.local/lib/python3.12/site-packages/airflow/example_dags/example_skip_dag.py for tasks to queue
[2024-05-20T08:59:27.831+0000] {logging_mixin.py:188} INFO - [2024-05-20T08:59:27.831+0000] {dagbag.py:545} INFO - Filling up the DagBag from /home/airflow/.local/lib/python3.12/site-packages/airflow/example_dags/example_skip_dag.py
[2024-05-20T08:59:27.839+0000] {processor.py:840} INFO - DAG(s) 'example_skip_dag' retrieved from /home/airflow/.local/lib/python3.12/site-packages/airflow/example_dags/example_skip_dag.py
[2024-05-20T08:59:27.866+0000] {logging_mixin.py:188} INFO - [2024-05-20T08:59:27.865+0000] {dag.py:3096} INFO - Sync 1 DAGs
[2024-05-20T08:59:27.896+0000] {logging_mixin.py:188} INFO - [2024-05-20T08:59:27.896+0000] {dag.py:3954} INFO - Setting next_dagrun for example_skip_dag to 2024-05-19 00:00:00+00:00, run_after=2024-05-20 00:00:00+00:00
[2024-05-20T08:59:27.933+0000] {processor.py:183} INFO - Processing /home/airflow/.local/lib/python3.12/site-packages/airflow/example_dags/example_skip_dag.py took 0.110 seconds
[2024-05-20T08:59:58.854+0000] {processor.py:161} INFO - Started process (PID=3604) to work on /home/airflow/.local/lib/python3.12/site-packages/airflow/example_dags/example_skip_dag.py
[2024-05-20T08:59:58.855+0000] {processor.py:830} INFO - Processing file /home/airflow/.local/lib/python3.12/site-packages/airflow/example_dags/example_skip_dag.py for tasks to queue
[2024-05-20T08:59:58.856+0000] {logging_mixin.py:188} INFO - [2024-05-20T08:59:58.856+0000] {dagbag.py:545} INFO - Filling up the DagBag from /home/airflow/.local/lib/python3.12/site-packages/airflow/example_dags/example_skip_dag.py
[2024-05-20T08:59:58.864+0000] {processor.py:840} INFO - DAG(s) 'example_skip_dag' retrieved from /home/airflow/.local/lib/python3.12/site-packages/airflow/example_dags/example_skip_dag.py
[2024-05-20T08:59:58.889+0000] {logging_mixin.py:188} INFO - [2024-05-20T08:59:58.889+0000] {dag.py:3096} INFO - Sync 1 DAGs
[2024-05-20T08:59:58.923+0000] {logging_mixin.py:188} INFO - [2024-05-20T08:59:58.923+0000] {dag.py:3954} INFO - Setting next_dagrun for example_skip_dag to 2024-05-19 00:00:00+00:00, run_after=2024-05-20 00:00:00+00:00
[2024-05-20T08:59:58.949+0000] {processor.py:183} INFO - Processing /home/airflow/.local/lib/python3.12/site-packages/airflow/example_dags/example_skip_dag.py took 0.103 seconds
[2024-05-20T09:00:29.453+0000] {processor.py:161} INFO - Started process (PID=3666) to work on /home/airflow/.local/lib/python3.12/site-packages/airflow/example_dags/example_skip_dag.py
[2024-05-20T09:00:29.454+0000] {processor.py:830} INFO - Processing file /home/airflow/.local/lib/python3.12/site-packages/airflow/example_dags/example_skip_dag.py for tasks to queue
[2024-05-20T09:00:29.455+0000] {logging_mixin.py:188} INFO - [2024-05-20T09:00:29.455+0000] {dagbag.py:545} INFO - Filling up the DagBag from /home/airflow/.local/lib/python3.12/site-packages/airflow/example_dags/example_skip_dag.py
[2024-05-20T09:00:29.463+0000] {processor.py:840} INFO - DAG(s) 'example_skip_dag' retrieved from /home/airflow/.local/lib/python3.12/site-packages/airflow/example_dags/example_skip_dag.py
[2024-05-20T09:00:29.487+0000] {logging_mixin.py:188} INFO - [2024-05-20T09:00:29.487+0000] {dag.py:3096} INFO - Sync 1 DAGs
[2024-05-20T09:00:29.512+0000] {logging_mixin.py:188} INFO - [2024-05-20T09:00:29.511+0000] {dag.py:3954} INFO - Setting next_dagrun for example_skip_dag to 2024-05-19 00:00:00+00:00, run_after=2024-05-20 00:00:00+00:00
[2024-05-20T09:00:29.535+0000] {processor.py:183} INFO - Processing /home/airflow/.local/lib/python3.12/site-packages/airflow/example_dags/example_skip_dag.py took 0.088 seconds
[2024-05-20T09:01:00.315+0000] {processor.py:161} INFO - Started process (PID=3728) to work on /home/airflow/.local/lib/python3.12/site-packages/airflow/example_dags/example_skip_dag.py
[2024-05-20T09:01:00.316+0000] {processor.py:830} INFO - Processing file /home/airflow/.local/lib/python3.12/site-packages/airflow/example_dags/example_skip_dag.py for tasks to queue
[2024-05-20T09:01:00.317+0000] {logging_mixin.py:188} INFO - [2024-05-20T09:01:00.317+0000] {dagbag.py:545} INFO - Filling up the DagBag from /home/airflow/.local/lib/python3.12/site-packages/airflow/example_dags/example_skip_dag.py
[2024-05-20T09:01:00.323+0000] {processor.py:840} INFO - DAG(s) 'example_skip_dag' retrieved from /home/airflow/.local/lib/python3.12/site-packages/airflow/example_dags/example_skip_dag.py
[2024-05-20T09:01:00.346+0000] {logging_mixin.py:188} INFO - [2024-05-20T09:01:00.346+0000] {dag.py:3096} INFO - Sync 1 DAGs
[2024-05-20T09:01:00.368+0000] {logging_mixin.py:188} INFO - [2024-05-20T09:01:00.368+0000] {dag.py:3954} INFO - Setting next_dagrun for example_skip_dag to 2024-05-19 00:00:00+00:00, run_after=2024-05-20 00:00:00+00:00
[2024-05-20T09:01:00.394+0000] {processor.py:183} INFO - Processing /home/airflow/.local/lib/python3.12/site-packages/airflow/example_dags/example_skip_dag.py took 0.086 seconds
[2024-05-20T09:01:30.623+0000] {processor.py:161} INFO - Started process (PID=3790) to work on /home/airflow/.local/lib/python3.12/site-packages/airflow/example_dags/example_skip_dag.py
[2024-05-20T09:01:30.624+0000] {processor.py:830} INFO - Processing file /home/airflow/.local/lib/python3.12/site-packages/airflow/example_dags/example_skip_dag.py for tasks to queue
[2024-05-20T09:01:30.625+0000] {logging_mixin.py:188} INFO - [2024-05-20T09:01:30.625+0000] {dagbag.py:545} INFO - Filling up the DagBag from /home/airflow/.local/lib/python3.12/site-packages/airflow/example_dags/example_skip_dag.py
[2024-05-20T09:01:30.631+0000] {processor.py:840} INFO - DAG(s) 'example_skip_dag' retrieved from /home/airflow/.local/lib/python3.12/site-packages/airflow/example_dags/example_skip_dag.py
[2024-05-20T09:01:30.654+0000] {logging_mixin.py:188} INFO - [2024-05-20T09:01:30.653+0000] {dag.py:3096} INFO - Sync 1 DAGs
[2024-05-20T09:01:30.675+0000] {logging_mixin.py:188} INFO - [2024-05-20T09:01:30.675+0000] {dag.py:3954} INFO - Setting next_dagrun for example_skip_dag to 2024-05-19 00:00:00+00:00, run_after=2024-05-20 00:00:00+00:00
[2024-05-20T09:01:30.703+0000] {processor.py:183} INFO - Processing /home/airflow/.local/lib/python3.12/site-packages/airflow/example_dags/example_skip_dag.py took 0.085 seconds
[2024-05-20T09:02:01.205+0000] {processor.py:161} INFO - Started process (PID=3852) to work on /home/airflow/.local/lib/python3.12/site-packages/airflow/example_dags/example_skip_dag.py
[2024-05-20T09:02:01.207+0000] {processor.py:830} INFO - Processing file /home/airflow/.local/lib/python3.12/site-packages/airflow/example_dags/example_skip_dag.py for tasks to queue
[2024-05-20T09:02:01.209+0000] {logging_mixin.py:188} INFO - [2024-05-20T09:02:01.208+0000] {dagbag.py:545} INFO - Filling up the DagBag from /home/airflow/.local/lib/python3.12/site-packages/airflow/example_dags/example_skip_dag.py
[2024-05-20T09:02:01.221+0000] {processor.py:840} INFO - DAG(s) 'example_skip_dag' retrieved from /home/airflow/.local/lib/python3.12/site-packages/airflow/example_dags/example_skip_dag.py
[2024-05-20T09:02:01.267+0000] {logging_mixin.py:188} INFO - [2024-05-20T09:02:01.266+0000] {dag.py:3096} INFO - Sync 1 DAGs
[2024-05-20T09:02:01.301+0000] {logging_mixin.py:188} INFO - [2024-05-20T09:02:01.300+0000] {dag.py:3954} INFO - Setting next_dagrun for example_skip_dag to 2024-05-19 00:00:00+00:00, run_after=2024-05-20 00:00:00+00:00
[2024-05-20T09:02:01.340+0000] {processor.py:183} INFO - Processing /home/airflow/.local/lib/python3.12/site-packages/airflow/example_dags/example_skip_dag.py took 0.146 seconds
[2024-05-20T09:02:31.402+0000] {processor.py:161} INFO - Started process (PID=3914) to work on /home/airflow/.local/lib/python3.12/site-packages/airflow/example_dags/example_skip_dag.py
[2024-05-20T09:02:31.403+0000] {processor.py:830} INFO - Processing file /home/airflow/.local/lib/python3.12/site-packages/airflow/example_dags/example_skip_dag.py for tasks to queue
[2024-05-20T09:02:31.405+0000] {logging_mixin.py:188} INFO - [2024-05-20T09:02:31.405+0000] {dagbag.py:545} INFO - Filling up the DagBag from /home/airflow/.local/lib/python3.12/site-packages/airflow/example_dags/example_skip_dag.py
[2024-05-20T09:02:31.418+0000] {processor.py:840} INFO - DAG(s) 'example_skip_dag' retrieved from /home/airflow/.local/lib/python3.12/site-packages/airflow/example_dags/example_skip_dag.py
[2024-05-20T09:02:31.452+0000] {logging_mixin.py:188} INFO - [2024-05-20T09:02:31.451+0000] {dag.py:3096} INFO - Sync 1 DAGs
[2024-05-20T09:02:31.481+0000] {logging_mixin.py:188} INFO - [2024-05-20T09:02:31.481+0000] {dag.py:3954} INFO - Setting next_dagrun for example_skip_dag to 2024-05-19 00:00:00+00:00, run_after=2024-05-20 00:00:00+00:00
[2024-05-20T09:02:31.506+0000] {processor.py:183} INFO - Processing /home/airflow/.local/lib/python3.12/site-packages/airflow/example_dags/example_skip_dag.py took 0.116 seconds
[2024-05-20T09:03:01.612+0000] {processor.py:161} INFO - Started process (PID=3976) to work on /home/airflow/.local/lib/python3.12/site-packages/airflow/example_dags/example_skip_dag.py
[2024-05-20T09:03:01.613+0000] {processor.py:830} INFO - Processing file /home/airflow/.local/lib/python3.12/site-packages/airflow/example_dags/example_skip_dag.py for tasks to queue
[2024-05-20T09:03:01.614+0000] {logging_mixin.py:188} INFO - [2024-05-20T09:03:01.614+0000] {dagbag.py:545} INFO - Filling up the DagBag from /home/airflow/.local/lib/python3.12/site-packages/airflow/example_dags/example_skip_dag.py
[2024-05-20T09:03:01.624+0000] {processor.py:840} INFO - DAG(s) 'example_skip_dag' retrieved from /home/airflow/.local/lib/python3.12/site-packages/airflow/example_dags/example_skip_dag.py
[2024-05-20T09:03:01.652+0000] {logging_mixin.py:188} INFO - [2024-05-20T09:03:01.652+0000] {dag.py:3096} INFO - Sync 1 DAGs
[2024-05-20T09:03:01.680+0000] {logging_mixin.py:188} INFO - [2024-05-20T09:03:01.680+0000] {dag.py:3954} INFO - Setting next_dagrun for example_skip_dag to 2024-05-19 00:00:00+00:00, run_after=2024-05-20 00:00:00+00:00
[2024-05-20T09:03:01.704+0000] {processor.py:183} INFO - Processing /home/airflow/.local/lib/python3.12/site-packages/airflow/example_dags/example_skip_dag.py took 0.100 seconds
[2024-05-20T09:03:32.254+0000] {processor.py:161} INFO - Started process (PID=4038) to work on /home/airflow/.local/lib/python3.12/site-packages/airflow/example_dags/example_skip_dag.py
[2024-05-20T09:03:32.255+0000] {processor.py:830} INFO - Processing file /home/airflow/.local/lib/python3.12/site-packages/airflow/example_dags/example_skip_dag.py for tasks to queue
[2024-05-20T09:03:32.257+0000] {logging_mixin.py:188} INFO - [2024-05-20T09:03:32.257+0000] {dagbag.py:545} INFO - Filling up the DagBag from /home/airflow/.local/lib/python3.12/site-packages/airflow/example_dags/example_skip_dag.py
[2024-05-20T09:03:32.267+0000] {processor.py:840} INFO - DAG(s) 'example_skip_dag' retrieved from /home/airflow/.local/lib/python3.12/site-packages/airflow/example_dags/example_skip_dag.py
[2024-05-20T09:03:32.298+0000] {logging_mixin.py:188} INFO - [2024-05-20T09:03:32.298+0000] {dag.py:3096} INFO - Sync 1 DAGs
[2024-05-20T09:03:32.335+0000] {logging_mixin.py:188} INFO - [2024-05-20T09:03:32.334+0000] {dag.py:3954} INFO - Setting next_dagrun for example_skip_dag to 2024-05-19 00:00:00+00:00, run_after=2024-05-20 00:00:00+00:00
[2024-05-20T09:03:32.364+0000] {processor.py:183} INFO - Processing /home/airflow/.local/lib/python3.12/site-packages/airflow/example_dags/example_skip_dag.py took 0.117 seconds
[2024-05-20T09:04:02.547+0000] {processor.py:161} INFO - Started process (PID=4100) to work on /home/airflow/.local/lib/python3.12/site-packages/airflow/example_dags/example_skip_dag.py
[2024-05-20T09:04:02.549+0000] {processor.py:830} INFO - Processing file /home/airflow/.local/lib/python3.12/site-packages/airflow/example_dags/example_skip_dag.py for tasks to queue
[2024-05-20T09:04:02.551+0000] {logging_mixin.py:188} INFO - [2024-05-20T09:04:02.550+0000] {dagbag.py:545} INFO - Filling up the DagBag from /home/airflow/.local/lib/python3.12/site-packages/airflow/example_dags/example_skip_dag.py
[2024-05-20T09:04:02.559+0000] {processor.py:840} INFO - DAG(s) 'example_skip_dag' retrieved from /home/airflow/.local/lib/python3.12/site-packages/airflow/example_dags/example_skip_dag.py
[2024-05-20T09:04:02.587+0000] {logging_mixin.py:188} INFO - [2024-05-20T09:04:02.586+0000] {dag.py:3096} INFO - Sync 1 DAGs
[2024-05-20T09:04:02.615+0000] {logging_mixin.py:188} INFO - [2024-05-20T09:04:02.615+0000] {dag.py:3954} INFO - Setting next_dagrun for example_skip_dag to 2024-05-19 00:00:00+00:00, run_after=2024-05-20 00:00:00+00:00
[2024-05-20T09:04:02.643+0000] {processor.py:183} INFO - Processing /home/airflow/.local/lib/python3.12/site-packages/airflow/example_dags/example_skip_dag.py took 0.104 seconds
[2024-05-20T09:04:32.741+0000] {processor.py:161} INFO - Started process (PID=4162) to work on /home/airflow/.local/lib/python3.12/site-packages/airflow/example_dags/example_skip_dag.py
[2024-05-20T09:04:32.743+0000] {processor.py:830} INFO - Processing file /home/airflow/.local/lib/python3.12/site-packages/airflow/example_dags/example_skip_dag.py for tasks to queue
[2024-05-20T09:04:32.746+0000] {logging_mixin.py:188} INFO - [2024-05-20T09:04:32.745+0000] {dagbag.py:545} INFO - Filling up the DagBag from /home/airflow/.local/lib/python3.12/site-packages/airflow/example_dags/example_skip_dag.py
[2024-05-20T09:04:32.760+0000] {processor.py:840} INFO - DAG(s) 'example_skip_dag' retrieved from /home/airflow/.local/lib/python3.12/site-packages/airflow/example_dags/example_skip_dag.py
[2024-05-20T09:04:32.785+0000] {logging_mixin.py:188} INFO - [2024-05-20T09:04:32.785+0000] {dag.py:3096} INFO - Sync 1 DAGs
[2024-05-20T09:04:32.809+0000] {logging_mixin.py:188} INFO - [2024-05-20T09:04:32.808+0000] {dag.py:3954} INFO - Setting next_dagrun for example_skip_dag to 2024-05-19 00:00:00+00:00, run_after=2024-05-20 00:00:00+00:00
[2024-05-20T09:04:32.838+0000] {processor.py:183} INFO - Processing /home/airflow/.local/lib/python3.12/site-packages/airflow/example_dags/example_skip_dag.py took 0.105 seconds
[2024-05-20T09:05:02.879+0000] {processor.py:161} INFO - Started process (PID=4224) to work on /home/airflow/.local/lib/python3.12/site-packages/airflow/example_dags/example_skip_dag.py
[2024-05-20T09:05:02.880+0000] {processor.py:830} INFO - Processing file /home/airflow/.local/lib/python3.12/site-packages/airflow/example_dags/example_skip_dag.py for tasks to queue
[2024-05-20T09:05:02.881+0000] {logging_mixin.py:188} INFO - [2024-05-20T09:05:02.881+0000] {dagbag.py:545} INFO - Filling up the DagBag from /home/airflow/.local/lib/python3.12/site-packages/airflow/example_dags/example_skip_dag.py
[2024-05-20T09:05:02.888+0000] {processor.py:840} INFO - DAG(s) 'example_skip_dag' retrieved from /home/airflow/.local/lib/python3.12/site-packages/airflow/example_dags/example_skip_dag.py
[2024-05-20T09:05:02.913+0000] {logging_mixin.py:188} INFO - [2024-05-20T09:05:02.912+0000] {dag.py:3096} INFO - Sync 1 DAGs
[2024-05-20T09:05:02.937+0000] {logging_mixin.py:188} INFO - [2024-05-20T09:05:02.937+0000] {dag.py:3954} INFO - Setting next_dagrun for example_skip_dag to 2024-05-19 00:00:00+00:00, run_after=2024-05-20 00:00:00+00:00
[2024-05-20T09:05:02.961+0000] {processor.py:183} INFO - Processing /home/airflow/.local/lib/python3.12/site-packages/airflow/example_dags/example_skip_dag.py took 0.089 seconds
[2024-05-20T09:05:33.224+0000] {processor.py:161} INFO - Started process (PID=4283) to work on /home/airflow/.local/lib/python3.12/site-packages/airflow/example_dags/example_skip_dag.py
[2024-05-20T09:05:33.226+0000] {processor.py:830} INFO - Processing file /home/airflow/.local/lib/python3.12/site-packages/airflow/example_dags/example_skip_dag.py for tasks to queue
[2024-05-20T09:05:33.227+0000] {logging_mixin.py:188} INFO - [2024-05-20T09:05:33.227+0000] {dagbag.py:545} INFO - Filling up the DagBag from /home/airflow/.local/lib/python3.12/site-packages/airflow/example_dags/example_skip_dag.py
[2024-05-20T09:05:33.238+0000] {processor.py:840} INFO - DAG(s) 'example_skip_dag' retrieved from /home/airflow/.local/lib/python3.12/site-packages/airflow/example_dags/example_skip_dag.py
[2024-05-20T09:05:33.266+0000] {logging_mixin.py:188} INFO - [2024-05-20T09:05:33.266+0000] {dag.py:3096} INFO - Sync 1 DAGs
[2024-05-20T09:05:33.304+0000] {logging_mixin.py:188} INFO - [2024-05-20T09:05:33.304+0000] {dag.py:3954} INFO - Setting next_dagrun for example_skip_dag to 2024-05-19 00:00:00+00:00, run_after=2024-05-20 00:00:00+00:00
[2024-05-20T09:05:33.344+0000] {processor.py:183} INFO - Processing /home/airflow/.local/lib/python3.12/site-packages/airflow/example_dags/example_skip_dag.py took 0.126 seconds
[2024-05-20T09:11:53.728+0000] {processor.py:161} INFO - Started process (PID=4309) to work on /home/airflow/.local/lib/python3.12/site-packages/airflow/example_dags/example_skip_dag.py
[2024-05-20T09:11:53.730+0000] {processor.py:830} INFO - Processing file /home/airflow/.local/lib/python3.12/site-packages/airflow/example_dags/example_skip_dag.py for tasks to queue
[2024-05-20T09:11:53.732+0000] {logging_mixin.py:188} INFO - [2024-05-20T09:11:53.731+0000] {dagbag.py:545} INFO - Filling up the DagBag from /home/airflow/.local/lib/python3.12/site-packages/airflow/example_dags/example_skip_dag.py
[2024-05-20T09:11:53.746+0000] {processor.py:840} INFO - DAG(s) 'example_skip_dag' retrieved from /home/airflow/.local/lib/python3.12/site-packages/airflow/example_dags/example_skip_dag.py
[2024-05-20T09:11:53.794+0000] {logging_mixin.py:188} INFO - [2024-05-20T09:11:53.794+0000] {dag.py:3096} INFO - Sync 1 DAGs
[2024-05-20T09:11:53.844+0000] {logging_mixin.py:188} INFO - [2024-05-20T09:11:53.842+0000] {dag.py:3954} INFO - Setting next_dagrun for example_skip_dag to 2024-05-19 00:00:00+00:00, run_after=2024-05-20 00:00:00+00:00
[2024-05-20T09:11:53.886+0000] {processor.py:183} INFO - Processing /home/airflow/.local/lib/python3.12/site-packages/airflow/example_dags/example_skip_dag.py took 0.167 seconds
