[2024-05-20T08:30:26.150+0000] {processor.py:161} INFO - Started process (PID=68) to work on /home/airflow/.local/lib/python3.12/site-packages/airflow/example_dags/example_sla_dag.py
[2024-05-20T08:30:26.155+0000] {processor.py:830} INFO - Processing file /home/airflow/.local/lib/python3.12/site-packages/airflow/example_dags/example_sla_dag.py for tasks to queue
[2024-05-20T08:30:26.166+0000] {logging_mixin.py:188} INFO - [2024-05-20T08:30:26.166+0000] {dagbag.py:545} INFO - Filling up the DagBag from /home/airflow/.local/lib/python3.12/site-packages/airflow/example_dags/example_sla_dag.py
[2024-05-20T08:30:26.207+0000] {processor.py:840} INFO - DAG(s) 'example_sla_dag' retrieved from /home/airflow/.local/lib/python3.12/site-packages/airflow/example_dags/example_sla_dag.py
[2024-05-20T08:30:26.330+0000] {logging_mixin.py:188} INFO - [2024-05-20T08:30:26.330+0000] {dag.py:3096} INFO - Sync 1 DAGs
[2024-05-20T08:30:26.392+0000] {logging_mixin.py:188} INFO - [2024-05-20T08:30:26.391+0000] {dag.py:3954} INFO - Setting next_dagrun for example_sla_dag to 2024-05-20 08:28:00+00:00, run_after=2024-05-20 08:30:00+00:00
[2024-05-20T08:30:26.493+0000] {processor.py:183} INFO - Processing /home/airflow/.local/lib/python3.12/site-packages/airflow/example_dags/example_sla_dag.py took 0.357 seconds
[2024-05-20T08:31:46.406+0000] {processor.py:161} INFO - Started process (PID=162) to work on /home/airflow/.local/lib/python3.12/site-packages/airflow/example_dags/example_sla_dag.py
[2024-05-20T08:31:46.412+0000] {processor.py:830} INFO - Processing file /home/airflow/.local/lib/python3.12/site-packages/airflow/example_dags/example_sla_dag.py for tasks to queue
[2024-05-20T08:31:46.419+0000] {logging_mixin.py:188} INFO - [2024-05-20T08:31:46.418+0000] {dagbag.py:545} INFO - Filling up the DagBag from /home/airflow/.local/lib/python3.12/site-packages/airflow/example_dags/example_sla_dag.py
[2024-05-20T08:31:46.442+0000] {processor.py:840} INFO - DAG(s) 'example_sla_dag' retrieved from /home/airflow/.local/lib/python3.12/site-packages/airflow/example_dags/example_sla_dag.py
[2024-05-20T08:31:46.502+0000] {logging_mixin.py:188} INFO - [2024-05-20T08:31:46.502+0000] {dag.py:3096} INFO - Sync 1 DAGs
[2024-05-20T08:31:46.649+0000] {logging_mixin.py:188} INFO - [2024-05-20T08:31:46.648+0000] {dag.py:3954} INFO - Setting next_dagrun for example_sla_dag to 2024-05-20 08:28:00+00:00, run_after=2024-05-20 08:30:00+00:00
[2024-05-20T08:31:46.704+0000] {processor.py:183} INFO - Processing /home/airflow/.local/lib/python3.12/site-packages/airflow/example_dags/example_sla_dag.py took 0.309 seconds
[2024-05-20T08:32:16.879+0000] {processor.py:161} INFO - Started process (PID=228) to work on /home/airflow/.local/lib/python3.12/site-packages/airflow/example_dags/example_sla_dag.py
[2024-05-20T08:32:16.881+0000] {processor.py:830} INFO - Processing file /home/airflow/.local/lib/python3.12/site-packages/airflow/example_dags/example_sla_dag.py for tasks to queue
[2024-05-20T08:32:16.885+0000] {logging_mixin.py:188} INFO - [2024-05-20T08:32:16.884+0000] {dagbag.py:545} INFO - Filling up the DagBag from /home/airflow/.local/lib/python3.12/site-packages/airflow/example_dags/example_sla_dag.py
[2024-05-20T08:32:16.904+0000] {processor.py:840} INFO - DAG(s) 'example_sla_dag' retrieved from /home/airflow/.local/lib/python3.12/site-packages/airflow/example_dags/example_sla_dag.py
[2024-05-20T08:32:16.946+0000] {logging_mixin.py:188} INFO - [2024-05-20T08:32:16.945+0000] {dag.py:3096} INFO - Sync 1 DAGs
[2024-05-20T08:32:16.985+0000] {logging_mixin.py:188} INFO - [2024-05-20T08:32:16.985+0000] {dag.py:3954} INFO - Setting next_dagrun for example_sla_dag to 2024-05-20 08:30:00+00:00, run_after=2024-05-20 08:32:00+00:00
[2024-05-20T08:32:17.048+0000] {processor.py:183} INFO - Processing /home/airflow/.local/lib/python3.12/site-packages/airflow/example_dags/example_sla_dag.py took 0.183 seconds
[2024-05-20T08:32:47.416+0000] {processor.py:161} INFO - Started process (PID=290) to work on /home/airflow/.local/lib/python3.12/site-packages/airflow/example_dags/example_sla_dag.py
[2024-05-20T08:32:47.418+0000] {processor.py:830} INFO - Processing file /home/airflow/.local/lib/python3.12/site-packages/airflow/example_dags/example_sla_dag.py for tasks to queue
[2024-05-20T08:32:47.421+0000] {logging_mixin.py:188} INFO - [2024-05-20T08:32:47.420+0000] {dagbag.py:545} INFO - Filling up the DagBag from /home/airflow/.local/lib/python3.12/site-packages/airflow/example_dags/example_sla_dag.py
[2024-05-20T08:32:47.432+0000] {processor.py:840} INFO - DAG(s) 'example_sla_dag' retrieved from /home/airflow/.local/lib/python3.12/site-packages/airflow/example_dags/example_sla_dag.py
[2024-05-20T08:32:47.451+0000] {logging_mixin.py:188} INFO - [2024-05-20T08:32:47.451+0000] {dag.py:3096} INFO - Sync 1 DAGs
[2024-05-20T08:32:47.474+0000] {logging_mixin.py:188} INFO - [2024-05-20T08:32:47.474+0000] {dag.py:3954} INFO - Setting next_dagrun for example_sla_dag to 2024-05-20 08:30:00+00:00, run_after=2024-05-20 08:32:00+00:00
[2024-05-20T08:32:47.496+0000] {processor.py:183} INFO - Processing /home/airflow/.local/lib/python3.12/site-packages/airflow/example_dags/example_sla_dag.py took 0.087 seconds
[2024-05-20T08:33:17.742+0000] {processor.py:161} INFO - Started process (PID=351) to work on /home/airflow/.local/lib/python3.12/site-packages/airflow/example_dags/example_sla_dag.py
[2024-05-20T08:33:17.743+0000] {processor.py:830} INFO - Processing file /home/airflow/.local/lib/python3.12/site-packages/airflow/example_dags/example_sla_dag.py for tasks to queue
[2024-05-20T08:33:17.746+0000] {logging_mixin.py:188} INFO - [2024-05-20T08:33:17.745+0000] {dagbag.py:545} INFO - Filling up the DagBag from /home/airflow/.local/lib/python3.12/site-packages/airflow/example_dags/example_sla_dag.py
[2024-05-20T08:33:17.756+0000] {processor.py:840} INFO - DAG(s) 'example_sla_dag' retrieved from /home/airflow/.local/lib/python3.12/site-packages/airflow/example_dags/example_sla_dag.py
[2024-05-20T08:33:17.781+0000] {logging_mixin.py:188} INFO - [2024-05-20T08:33:17.781+0000] {dag.py:3096} INFO - Sync 1 DAGs
[2024-05-20T08:33:17.820+0000] {logging_mixin.py:188} INFO - [2024-05-20T08:33:17.820+0000] {dag.py:3954} INFO - Setting next_dagrun for example_sla_dag to 2024-05-20 08:30:00+00:00, run_after=2024-05-20 08:32:00+00:00
[2024-05-20T08:33:17.856+0000] {processor.py:183} INFO - Processing /home/airflow/.local/lib/python3.12/site-packages/airflow/example_dags/example_sla_dag.py took 0.120 seconds
[2024-05-20T08:33:48.274+0000] {processor.py:161} INFO - Started process (PID=412) to work on /home/airflow/.local/lib/python3.12/site-packages/airflow/example_dags/example_sla_dag.py
[2024-05-20T08:33:48.276+0000] {processor.py:830} INFO - Processing file /home/airflow/.local/lib/python3.12/site-packages/airflow/example_dags/example_sla_dag.py for tasks to queue
[2024-05-20T08:33:48.278+0000] {logging_mixin.py:188} INFO - [2024-05-20T08:33:48.278+0000] {dagbag.py:545} INFO - Filling up the DagBag from /home/airflow/.local/lib/python3.12/site-packages/airflow/example_dags/example_sla_dag.py
[2024-05-20T08:33:48.289+0000] {processor.py:840} INFO - DAG(s) 'example_sla_dag' retrieved from /home/airflow/.local/lib/python3.12/site-packages/airflow/example_dags/example_sla_dag.py
[2024-05-20T08:33:48.313+0000] {logging_mixin.py:188} INFO - [2024-05-20T08:33:48.312+0000] {dag.py:3096} INFO - Sync 1 DAGs
[2024-05-20T08:33:48.340+0000] {logging_mixin.py:188} INFO - [2024-05-20T08:33:48.339+0000] {dag.py:3954} INFO - Setting next_dagrun for example_sla_dag to 2024-05-20 08:30:00+00:00, run_after=2024-05-20 08:32:00+00:00
[2024-05-20T08:33:48.364+0000] {processor.py:183} INFO - Processing /home/airflow/.local/lib/python3.12/site-packages/airflow/example_dags/example_sla_dag.py took 0.097 seconds
[2024-05-20T08:34:18.811+0000] {processor.py:161} INFO - Started process (PID=473) to work on /home/airflow/.local/lib/python3.12/site-packages/airflow/example_dags/example_sla_dag.py
[2024-05-20T08:34:18.813+0000] {processor.py:830} INFO - Processing file /home/airflow/.local/lib/python3.12/site-packages/airflow/example_dags/example_sla_dag.py for tasks to queue
[2024-05-20T08:34:18.815+0000] {logging_mixin.py:188} INFO - [2024-05-20T08:34:18.815+0000] {dagbag.py:545} INFO - Filling up the DagBag from /home/airflow/.local/lib/python3.12/site-packages/airflow/example_dags/example_sla_dag.py
[2024-05-20T08:34:18.824+0000] {processor.py:840} INFO - DAG(s) 'example_sla_dag' retrieved from /home/airflow/.local/lib/python3.12/site-packages/airflow/example_dags/example_sla_dag.py
[2024-05-20T08:34:18.847+0000] {logging_mixin.py:188} INFO - [2024-05-20T08:34:18.847+0000] {dag.py:3096} INFO - Sync 1 DAGs
[2024-05-20T08:34:18.872+0000] {logging_mixin.py:188} INFO - [2024-05-20T08:34:18.871+0000] {dag.py:3954} INFO - Setting next_dagrun for example_sla_dag to 2024-05-20 08:32:00+00:00, run_after=2024-05-20 08:34:00+00:00
[2024-05-20T08:34:18.897+0000] {processor.py:183} INFO - Processing /home/airflow/.local/lib/python3.12/site-packages/airflow/example_dags/example_sla_dag.py took 0.094 seconds
[2024-05-20T08:34:49.278+0000] {processor.py:161} INFO - Started process (PID=532) to work on /home/airflow/.local/lib/python3.12/site-packages/airflow/example_dags/example_sla_dag.py
[2024-05-20T08:34:49.281+0000] {processor.py:830} INFO - Processing file /home/airflow/.local/lib/python3.12/site-packages/airflow/example_dags/example_sla_dag.py for tasks to queue
[2024-05-20T08:34:49.286+0000] {logging_mixin.py:188} INFO - [2024-05-20T08:34:49.285+0000] {dagbag.py:545} INFO - Filling up the DagBag from /home/airflow/.local/lib/python3.12/site-packages/airflow/example_dags/example_sla_dag.py
[2024-05-20T08:34:49.303+0000] {processor.py:840} INFO - DAG(s) 'example_sla_dag' retrieved from /home/airflow/.local/lib/python3.12/site-packages/airflow/example_dags/example_sla_dag.py
[2024-05-20T08:34:49.344+0000] {logging_mixin.py:188} INFO - [2024-05-20T08:34:49.344+0000] {dag.py:3096} INFO - Sync 1 DAGs
[2024-05-20T08:34:49.410+0000] {logging_mixin.py:188} INFO - [2024-05-20T08:34:49.410+0000] {dag.py:3954} INFO - Setting next_dagrun for example_sla_dag to 2024-05-20 08:32:00+00:00, run_after=2024-05-20 08:34:00+00:00
[2024-05-20T08:34:49.497+0000] {processor.py:183} INFO - Processing /home/airflow/.local/lib/python3.12/site-packages/airflow/example_dags/example_sla_dag.py took 0.232 seconds
[2024-05-20T08:35:20.139+0000] {processor.py:161} INFO - Started process (PID=599) to work on /home/airflow/.local/lib/python3.12/site-packages/airflow/example_dags/example_sla_dag.py
[2024-05-20T08:35:20.142+0000] {processor.py:830} INFO - Processing file /home/airflow/.local/lib/python3.12/site-packages/airflow/example_dags/example_sla_dag.py for tasks to queue
[2024-05-20T08:35:20.146+0000] {logging_mixin.py:188} INFO - [2024-05-20T08:35:20.146+0000] {dagbag.py:545} INFO - Filling up the DagBag from /home/airflow/.local/lib/python3.12/site-packages/airflow/example_dags/example_sla_dag.py
[2024-05-20T08:35:20.185+0000] {processor.py:840} INFO - DAG(s) 'example_sla_dag' retrieved from /home/airflow/.local/lib/python3.12/site-packages/airflow/example_dags/example_sla_dag.py
[2024-05-20T08:35:20.262+0000] {logging_mixin.py:188} INFO - [2024-05-20T08:35:20.262+0000] {dag.py:3096} INFO - Sync 1 DAGs
[2024-05-20T08:35:20.343+0000] {logging_mixin.py:188} INFO - [2024-05-20T08:35:20.342+0000] {dag.py:3954} INFO - Setting next_dagrun for example_sla_dag to 2024-05-20 08:32:00+00:00, run_after=2024-05-20 08:34:00+00:00
[2024-05-20T08:35:20.424+0000] {processor.py:183} INFO - Processing /home/airflow/.local/lib/python3.12/site-packages/airflow/example_dags/example_sla_dag.py took 0.313 seconds
[2024-05-20T08:35:51.147+0000] {processor.py:161} INFO - Started process (PID=660) to work on /home/airflow/.local/lib/python3.12/site-packages/airflow/example_dags/example_sla_dag.py
[2024-05-20T08:35:51.151+0000] {processor.py:830} INFO - Processing file /home/airflow/.local/lib/python3.12/site-packages/airflow/example_dags/example_sla_dag.py for tasks to queue
[2024-05-20T08:35:51.154+0000] {logging_mixin.py:188} INFO - [2024-05-20T08:35:51.154+0000] {dagbag.py:545} INFO - Filling up the DagBag from /home/airflow/.local/lib/python3.12/site-packages/airflow/example_dags/example_sla_dag.py
[2024-05-20T08:35:51.170+0000] {processor.py:840} INFO - DAG(s) 'example_sla_dag' retrieved from /home/airflow/.local/lib/python3.12/site-packages/airflow/example_dags/example_sla_dag.py
[2024-05-20T08:35:51.211+0000] {logging_mixin.py:188} INFO - [2024-05-20T08:35:51.211+0000] {dag.py:3096} INFO - Sync 1 DAGs
[2024-05-20T08:35:51.277+0000] {logging_mixin.py:188} INFO - [2024-05-20T08:35:51.277+0000] {dag.py:3954} INFO - Setting next_dagrun for example_sla_dag to 2024-05-20 08:32:00+00:00, run_after=2024-05-20 08:34:00+00:00
[2024-05-20T08:35:51.335+0000] {processor.py:183} INFO - Processing /home/airflow/.local/lib/python3.12/site-packages/airflow/example_dags/example_sla_dag.py took 0.196 seconds
[2024-05-20T08:36:21.789+0000] {processor.py:161} INFO - Started process (PID=721) to work on /home/airflow/.local/lib/python3.12/site-packages/airflow/example_dags/example_sla_dag.py
[2024-05-20T08:36:21.790+0000] {processor.py:830} INFO - Processing file /home/airflow/.local/lib/python3.12/site-packages/airflow/example_dags/example_sla_dag.py for tasks to queue
[2024-05-20T08:36:21.792+0000] {logging_mixin.py:188} INFO - [2024-05-20T08:36:21.792+0000] {dagbag.py:545} INFO - Filling up the DagBag from /home/airflow/.local/lib/python3.12/site-packages/airflow/example_dags/example_sla_dag.py
[2024-05-20T08:36:21.801+0000] {processor.py:840} INFO - DAG(s) 'example_sla_dag' retrieved from /home/airflow/.local/lib/python3.12/site-packages/airflow/example_dags/example_sla_dag.py
[2024-05-20T08:36:21.828+0000] {logging_mixin.py:188} INFO - [2024-05-20T08:36:21.828+0000] {dag.py:3096} INFO - Sync 1 DAGs
[2024-05-20T08:36:21.854+0000] {logging_mixin.py:188} INFO - [2024-05-20T08:36:21.854+0000] {dag.py:3954} INFO - Setting next_dagrun for example_sla_dag to 2024-05-20 08:34:00+00:00, run_after=2024-05-20 08:36:00+00:00
[2024-05-20T08:36:21.882+0000] {processor.py:183} INFO - Processing /home/airflow/.local/lib/python3.12/site-packages/airflow/example_dags/example_sla_dag.py took 0.098 seconds
[2024-05-20T08:36:52.363+0000] {processor.py:161} INFO - Started process (PID=782) to work on /home/airflow/.local/lib/python3.12/site-packages/airflow/example_dags/example_sla_dag.py
[2024-05-20T08:36:52.364+0000] {processor.py:830} INFO - Processing file /home/airflow/.local/lib/python3.12/site-packages/airflow/example_dags/example_sla_dag.py for tasks to queue
[2024-05-20T08:36:52.367+0000] {logging_mixin.py:188} INFO - [2024-05-20T08:36:52.367+0000] {dagbag.py:545} INFO - Filling up the DagBag from /home/airflow/.local/lib/python3.12/site-packages/airflow/example_dags/example_sla_dag.py
[2024-05-20T08:36:52.382+0000] {processor.py:840} INFO - DAG(s) 'example_sla_dag' retrieved from /home/airflow/.local/lib/python3.12/site-packages/airflow/example_dags/example_sla_dag.py
[2024-05-20T08:36:52.418+0000] {logging_mixin.py:188} INFO - [2024-05-20T08:36:52.418+0000] {dag.py:3096} INFO - Sync 1 DAGs
[2024-05-20T08:36:52.458+0000] {logging_mixin.py:188} INFO - [2024-05-20T08:36:52.457+0000] {dag.py:3954} INFO - Setting next_dagrun for example_sla_dag to 2024-05-20 08:34:00+00:00, run_after=2024-05-20 08:36:00+00:00
[2024-05-20T08:36:52.486+0000] {processor.py:183} INFO - Processing /home/airflow/.local/lib/python3.12/site-packages/airflow/example_dags/example_sla_dag.py took 0.133 seconds
[2024-05-20T08:37:22.982+0000] {processor.py:161} INFO - Started process (PID=843) to work on /home/airflow/.local/lib/python3.12/site-packages/airflow/example_dags/example_sla_dag.py
[2024-05-20T08:37:22.984+0000] {processor.py:830} INFO - Processing file /home/airflow/.local/lib/python3.12/site-packages/airflow/example_dags/example_sla_dag.py for tasks to queue
[2024-05-20T08:37:22.985+0000] {logging_mixin.py:188} INFO - [2024-05-20T08:37:22.985+0000] {dagbag.py:545} INFO - Filling up the DagBag from /home/airflow/.local/lib/python3.12/site-packages/airflow/example_dags/example_sla_dag.py
[2024-05-20T08:37:22.995+0000] {processor.py:840} INFO - DAG(s) 'example_sla_dag' retrieved from /home/airflow/.local/lib/python3.12/site-packages/airflow/example_dags/example_sla_dag.py
[2024-05-20T08:37:23.016+0000] {logging_mixin.py:188} INFO - [2024-05-20T08:37:23.015+0000] {dag.py:3096} INFO - Sync 1 DAGs
[2024-05-20T08:37:23.037+0000] {logging_mixin.py:188} INFO - [2024-05-20T08:37:23.037+0000] {dag.py:3954} INFO - Setting next_dagrun for example_sla_dag to 2024-05-20 08:34:00+00:00, run_after=2024-05-20 08:36:00+00:00
[2024-05-20T08:37:23.061+0000] {processor.py:183} INFO - Processing /home/airflow/.local/lib/python3.12/site-packages/airflow/example_dags/example_sla_dag.py took 0.084 seconds
[2024-05-20T08:37:53.684+0000] {processor.py:161} INFO - Started process (PID=904) to work on /home/airflow/.local/lib/python3.12/site-packages/airflow/example_dags/example_sla_dag.py
[2024-05-20T08:37:53.685+0000] {processor.py:830} INFO - Processing file /home/airflow/.local/lib/python3.12/site-packages/airflow/example_dags/example_sla_dag.py for tasks to queue
[2024-05-20T08:37:53.687+0000] {logging_mixin.py:188} INFO - [2024-05-20T08:37:53.687+0000] {dagbag.py:545} INFO - Filling up the DagBag from /home/airflow/.local/lib/python3.12/site-packages/airflow/example_dags/example_sla_dag.py
[2024-05-20T08:37:53.696+0000] {processor.py:840} INFO - DAG(s) 'example_sla_dag' retrieved from /home/airflow/.local/lib/python3.12/site-packages/airflow/example_dags/example_sla_dag.py
[2024-05-20T08:37:53.716+0000] {logging_mixin.py:188} INFO - [2024-05-20T08:37:53.716+0000] {dag.py:3096} INFO - Sync 1 DAGs
[2024-05-20T08:37:53.745+0000] {logging_mixin.py:188} INFO - [2024-05-20T08:37:53.745+0000] {dag.py:3954} INFO - Setting next_dagrun for example_sla_dag to 2024-05-20 08:34:00+00:00, run_after=2024-05-20 08:36:00+00:00
[2024-05-20T08:37:53.772+0000] {processor.py:183} INFO - Processing /home/airflow/.local/lib/python3.12/site-packages/airflow/example_dags/example_sla_dag.py took 0.093 seconds
[2024-05-20T08:38:23.901+0000] {processor.py:161} INFO - Started process (PID=965) to work on /home/airflow/.local/lib/python3.12/site-packages/airflow/example_dags/example_sla_dag.py
[2024-05-20T08:38:23.902+0000] {processor.py:830} INFO - Processing file /home/airflow/.local/lib/python3.12/site-packages/airflow/example_dags/example_sla_dag.py for tasks to queue
[2024-05-20T08:38:23.906+0000] {logging_mixin.py:188} INFO - [2024-05-20T08:38:23.905+0000] {dagbag.py:545} INFO - Filling up the DagBag from /home/airflow/.local/lib/python3.12/site-packages/airflow/example_dags/example_sla_dag.py
[2024-05-20T08:38:23.920+0000] {processor.py:840} INFO - DAG(s) 'example_sla_dag' retrieved from /home/airflow/.local/lib/python3.12/site-packages/airflow/example_dags/example_sla_dag.py
[2024-05-20T08:38:23.948+0000] {logging_mixin.py:188} INFO - [2024-05-20T08:38:23.948+0000] {dag.py:3096} INFO - Sync 1 DAGs
[2024-05-20T08:38:23.979+0000] {logging_mixin.py:188} INFO - [2024-05-20T08:38:23.978+0000] {dag.py:3954} INFO - Setting next_dagrun for example_sla_dag to 2024-05-20 08:36:00+00:00, run_after=2024-05-20 08:38:00+00:00
[2024-05-20T08:38:24.003+0000] {processor.py:183} INFO - Processing /home/airflow/.local/lib/python3.12/site-packages/airflow/example_dags/example_sla_dag.py took 0.110 seconds
[2024-05-20T08:38:54.562+0000] {processor.py:161} INFO - Started process (PID=1026) to work on /home/airflow/.local/lib/python3.12/site-packages/airflow/example_dags/example_sla_dag.py
[2024-05-20T08:38:54.564+0000] {processor.py:830} INFO - Processing file /home/airflow/.local/lib/python3.12/site-packages/airflow/example_dags/example_sla_dag.py for tasks to queue
[2024-05-20T08:38:54.567+0000] {logging_mixin.py:188} INFO - [2024-05-20T08:38:54.566+0000] {dagbag.py:545} INFO - Filling up the DagBag from /home/airflow/.local/lib/python3.12/site-packages/airflow/example_dags/example_sla_dag.py
[2024-05-20T08:38:54.575+0000] {processor.py:840} INFO - DAG(s) 'example_sla_dag' retrieved from /home/airflow/.local/lib/python3.12/site-packages/airflow/example_dags/example_sla_dag.py
[2024-05-20T08:38:54.599+0000] {logging_mixin.py:188} INFO - [2024-05-20T08:38:54.599+0000] {dag.py:3096} INFO - Sync 1 DAGs
[2024-05-20T08:38:54.631+0000] {logging_mixin.py:188} INFO - [2024-05-20T08:38:54.631+0000] {dag.py:3954} INFO - Setting next_dagrun for example_sla_dag to 2024-05-20 08:36:00+00:00, run_after=2024-05-20 08:38:00+00:00
[2024-05-20T08:38:54.656+0000] {processor.py:183} INFO - Processing /home/airflow/.local/lib/python3.12/site-packages/airflow/example_dags/example_sla_dag.py took 0.101 seconds
[2024-05-20T08:39:25.031+0000] {processor.py:161} INFO - Started process (PID=1087) to work on /home/airflow/.local/lib/python3.12/site-packages/airflow/example_dags/example_sla_dag.py
[2024-05-20T08:39:25.032+0000] {processor.py:830} INFO - Processing file /home/airflow/.local/lib/python3.12/site-packages/airflow/example_dags/example_sla_dag.py for tasks to queue
[2024-05-20T08:39:25.034+0000] {logging_mixin.py:188} INFO - [2024-05-20T08:39:25.034+0000] {dagbag.py:545} INFO - Filling up the DagBag from /home/airflow/.local/lib/python3.12/site-packages/airflow/example_dags/example_sla_dag.py
[2024-05-20T08:39:25.043+0000] {processor.py:840} INFO - DAG(s) 'example_sla_dag' retrieved from /home/airflow/.local/lib/python3.12/site-packages/airflow/example_dags/example_sla_dag.py
[2024-05-20T08:39:25.065+0000] {logging_mixin.py:188} INFO - [2024-05-20T08:39:25.064+0000] {dag.py:3096} INFO - Sync 1 DAGs
[2024-05-20T08:39:25.090+0000] {logging_mixin.py:188} INFO - [2024-05-20T08:39:25.090+0000] {dag.py:3954} INFO - Setting next_dagrun for example_sla_dag to 2024-05-20 08:36:00+00:00, run_after=2024-05-20 08:38:00+00:00
[2024-05-20T08:39:25.113+0000] {processor.py:183} INFO - Processing /home/airflow/.local/lib/python3.12/site-packages/airflow/example_dags/example_sla_dag.py took 0.087 seconds
[2024-05-20T08:39:55.341+0000] {processor.py:161} INFO - Started process (PID=1148) to work on /home/airflow/.local/lib/python3.12/site-packages/airflow/example_dags/example_sla_dag.py
[2024-05-20T08:39:55.342+0000] {processor.py:830} INFO - Processing file /home/airflow/.local/lib/python3.12/site-packages/airflow/example_dags/example_sla_dag.py for tasks to queue
[2024-05-20T08:39:55.344+0000] {logging_mixin.py:188} INFO - [2024-05-20T08:39:55.343+0000] {dagbag.py:545} INFO - Filling up the DagBag from /home/airflow/.local/lib/python3.12/site-packages/airflow/example_dags/example_sla_dag.py
[2024-05-20T08:39:55.351+0000] {processor.py:840} INFO - DAG(s) 'example_sla_dag' retrieved from /home/airflow/.local/lib/python3.12/site-packages/airflow/example_dags/example_sla_dag.py
[2024-05-20T08:39:55.371+0000] {logging_mixin.py:188} INFO - [2024-05-20T08:39:55.370+0000] {dag.py:3096} INFO - Sync 1 DAGs
[2024-05-20T08:39:55.392+0000] {logging_mixin.py:188} INFO - [2024-05-20T08:39:55.391+0000] {dag.py:3954} INFO - Setting next_dagrun for example_sla_dag to 2024-05-20 08:36:00+00:00, run_after=2024-05-20 08:38:00+00:00
[2024-05-20T08:39:55.412+0000] {processor.py:183} INFO - Processing /home/airflow/.local/lib/python3.12/site-packages/airflow/example_dags/example_sla_dag.py took 0.076 seconds
[2024-05-20T08:40:25.504+0000] {processor.py:161} INFO - Started process (PID=1214) to work on /home/airflow/.local/lib/python3.12/site-packages/airflow/example_dags/example_sla_dag.py
[2024-05-20T08:40:25.505+0000] {processor.py:830} INFO - Processing file /home/airflow/.local/lib/python3.12/site-packages/airflow/example_dags/example_sla_dag.py for tasks to queue
[2024-05-20T08:40:25.507+0000] {logging_mixin.py:188} INFO - [2024-05-20T08:40:25.507+0000] {dagbag.py:545} INFO - Filling up the DagBag from /home/airflow/.local/lib/python3.12/site-packages/airflow/example_dags/example_sla_dag.py
[2024-05-20T08:40:25.516+0000] {processor.py:840} INFO - DAG(s) 'example_sla_dag' retrieved from /home/airflow/.local/lib/python3.12/site-packages/airflow/example_dags/example_sla_dag.py
[2024-05-20T08:40:25.534+0000] {logging_mixin.py:188} INFO - [2024-05-20T08:40:25.534+0000] {dag.py:3096} INFO - Sync 1 DAGs
[2024-05-20T08:40:25.560+0000] {logging_mixin.py:188} INFO - [2024-05-20T08:40:25.559+0000] {dag.py:3954} INFO - Setting next_dagrun for example_sla_dag to 2024-05-20 08:38:00+00:00, run_after=2024-05-20 08:40:00+00:00
[2024-05-20T08:40:25.580+0000] {processor.py:183} INFO - Processing /home/airflow/.local/lib/python3.12/site-packages/airflow/example_dags/example_sla_dag.py took 0.083 seconds
[2024-05-20T08:40:56.142+0000] {processor.py:161} INFO - Started process (PID=1277) to work on /home/airflow/.local/lib/python3.12/site-packages/airflow/example_dags/example_sla_dag.py
[2024-05-20T08:40:56.144+0000] {processor.py:830} INFO - Processing file /home/airflow/.local/lib/python3.12/site-packages/airflow/example_dags/example_sla_dag.py for tasks to queue
[2024-05-20T08:40:56.146+0000] {logging_mixin.py:188} INFO - [2024-05-20T08:40:56.146+0000] {dagbag.py:545} INFO - Filling up the DagBag from /home/airflow/.local/lib/python3.12/site-packages/airflow/example_dags/example_sla_dag.py
[2024-05-20T08:40:56.156+0000] {processor.py:840} INFO - DAG(s) 'example_sla_dag' retrieved from /home/airflow/.local/lib/python3.12/site-packages/airflow/example_dags/example_sla_dag.py
[2024-05-20T08:40:56.180+0000] {logging_mixin.py:188} INFO - [2024-05-20T08:40:56.179+0000] {dag.py:3096} INFO - Sync 1 DAGs
[2024-05-20T08:40:56.208+0000] {logging_mixin.py:188} INFO - [2024-05-20T08:40:56.208+0000] {dag.py:3954} INFO - Setting next_dagrun for example_sla_dag to 2024-05-20 08:38:00+00:00, run_after=2024-05-20 08:40:00+00:00
[2024-05-20T08:40:56.234+0000] {processor.py:183} INFO - Processing /home/airflow/.local/lib/python3.12/site-packages/airflow/example_dags/example_sla_dag.py took 0.099 seconds
[2024-05-20T08:41:26.503+0000] {processor.py:161} INFO - Started process (PID=1340) to work on /home/airflow/.local/lib/python3.12/site-packages/airflow/example_dags/example_sla_dag.py
[2024-05-20T08:41:26.504+0000] {processor.py:830} INFO - Processing file /home/airflow/.local/lib/python3.12/site-packages/airflow/example_dags/example_sla_dag.py for tasks to queue
[2024-05-20T08:41:26.505+0000] {logging_mixin.py:188} INFO - [2024-05-20T08:41:26.504+0000] {dagbag.py:545} INFO - Filling up the DagBag from /home/airflow/.local/lib/python3.12/site-packages/airflow/example_dags/example_sla_dag.py
[2024-05-20T08:41:26.513+0000] {processor.py:840} INFO - DAG(s) 'example_sla_dag' retrieved from /home/airflow/.local/lib/python3.12/site-packages/airflow/example_dags/example_sla_dag.py
[2024-05-20T08:41:26.531+0000] {logging_mixin.py:188} INFO - [2024-05-20T08:41:26.531+0000] {dag.py:3096} INFO - Sync 1 DAGs
[2024-05-20T08:41:26.560+0000] {logging_mixin.py:188} INFO - [2024-05-20T08:41:26.560+0000] {dag.py:3954} INFO - Setting next_dagrun for example_sla_dag to 2024-05-20 08:38:00+00:00, run_after=2024-05-20 08:40:00+00:00
[2024-05-20T08:41:26.583+0000] {processor.py:183} INFO - Processing /home/airflow/.local/lib/python3.12/site-packages/airflow/example_dags/example_sla_dag.py took 0.086 seconds
[2024-05-20T08:41:57.302+0000] {processor.py:161} INFO - Started process (PID=1402) to work on /home/airflow/.local/lib/python3.12/site-packages/airflow/example_dags/example_sla_dag.py
[2024-05-20T08:41:57.303+0000] {processor.py:830} INFO - Processing file /home/airflow/.local/lib/python3.12/site-packages/airflow/example_dags/example_sla_dag.py for tasks to queue
[2024-05-20T08:41:57.304+0000] {logging_mixin.py:188} INFO - [2024-05-20T08:41:57.304+0000] {dagbag.py:545} INFO - Filling up the DagBag from /home/airflow/.local/lib/python3.12/site-packages/airflow/example_dags/example_sla_dag.py
[2024-05-20T08:41:57.315+0000] {processor.py:840} INFO - DAG(s) 'example_sla_dag' retrieved from /home/airflow/.local/lib/python3.12/site-packages/airflow/example_dags/example_sla_dag.py
[2024-05-20T08:41:57.339+0000] {logging_mixin.py:188} INFO - [2024-05-20T08:41:57.339+0000] {dag.py:3096} INFO - Sync 1 DAGs
[2024-05-20T08:41:57.368+0000] {logging_mixin.py:188} INFO - [2024-05-20T08:41:57.367+0000] {dag.py:3954} INFO - Setting next_dagrun for example_sla_dag to 2024-05-20 08:38:00+00:00, run_after=2024-05-20 08:40:00+00:00
[2024-05-20T08:41:57.393+0000] {processor.py:183} INFO - Processing /home/airflow/.local/lib/python3.12/site-packages/airflow/example_dags/example_sla_dag.py took 0.097 seconds
[2024-05-20T08:42:27.951+0000] {processor.py:161} INFO - Started process (PID=1463) to work on /home/airflow/.local/lib/python3.12/site-packages/airflow/example_dags/example_sla_dag.py
[2024-05-20T08:42:27.953+0000] {processor.py:830} INFO - Processing file /home/airflow/.local/lib/python3.12/site-packages/airflow/example_dags/example_sla_dag.py for tasks to queue
[2024-05-20T08:42:27.954+0000] {logging_mixin.py:188} INFO - [2024-05-20T08:42:27.953+0000] {dagbag.py:545} INFO - Filling up the DagBag from /home/airflow/.local/lib/python3.12/site-packages/airflow/example_dags/example_sla_dag.py
[2024-05-20T08:42:27.965+0000] {processor.py:840} INFO - DAG(s) 'example_sla_dag' retrieved from /home/airflow/.local/lib/python3.12/site-packages/airflow/example_dags/example_sla_dag.py
[2024-05-20T08:42:27.988+0000] {logging_mixin.py:188} INFO - [2024-05-20T08:42:27.988+0000] {dag.py:3096} INFO - Sync 1 DAGs
[2024-05-20T08:42:28.016+0000] {logging_mixin.py:188} INFO - [2024-05-20T08:42:28.016+0000] {dag.py:3954} INFO - Setting next_dagrun for example_sla_dag to 2024-05-20 08:40:00+00:00, run_after=2024-05-20 08:42:00+00:00
[2024-05-20T08:42:28.200+0000] {processor.py:183} INFO - Processing /home/airflow/.local/lib/python3.12/site-packages/airflow/example_dags/example_sla_dag.py took 0.254 seconds
[2024-05-20T08:42:59.008+0000] {processor.py:161} INFO - Started process (PID=1524) to work on /home/airflow/.local/lib/python3.12/site-packages/airflow/example_dags/example_sla_dag.py
[2024-05-20T08:42:59.009+0000] {processor.py:830} INFO - Processing file /home/airflow/.local/lib/python3.12/site-packages/airflow/example_dags/example_sla_dag.py for tasks to queue
[2024-05-20T08:42:59.010+0000] {logging_mixin.py:188} INFO - [2024-05-20T08:42:59.010+0000] {dagbag.py:545} INFO - Filling up the DagBag from /home/airflow/.local/lib/python3.12/site-packages/airflow/example_dags/example_sla_dag.py
[2024-05-20T08:42:59.018+0000] {processor.py:840} INFO - DAG(s) 'example_sla_dag' retrieved from /home/airflow/.local/lib/python3.12/site-packages/airflow/example_dags/example_sla_dag.py
[2024-05-20T08:42:59.040+0000] {logging_mixin.py:188} INFO - [2024-05-20T08:42:59.040+0000] {dag.py:3096} INFO - Sync 1 DAGs
[2024-05-20T08:42:59.066+0000] {logging_mixin.py:188} INFO - [2024-05-20T08:42:59.066+0000] {dag.py:3954} INFO - Setting next_dagrun for example_sla_dag to 2024-05-20 08:40:00+00:00, run_after=2024-05-20 08:42:00+00:00
[2024-05-20T08:42:59.088+0000] {processor.py:183} INFO - Processing /home/airflow/.local/lib/python3.12/site-packages/airflow/example_dags/example_sla_dag.py took 0.085 seconds
[2024-05-20T08:43:29.152+0000] {processor.py:161} INFO - Started process (PID=1585) to work on /home/airflow/.local/lib/python3.12/site-packages/airflow/example_dags/example_sla_dag.py
[2024-05-20T08:43:29.153+0000] {processor.py:830} INFO - Processing file /home/airflow/.local/lib/python3.12/site-packages/airflow/example_dags/example_sla_dag.py for tasks to queue
[2024-05-20T08:43:29.154+0000] {logging_mixin.py:188} INFO - [2024-05-20T08:43:29.154+0000] {dagbag.py:545} INFO - Filling up the DagBag from /home/airflow/.local/lib/python3.12/site-packages/airflow/example_dags/example_sla_dag.py
[2024-05-20T08:43:29.161+0000] {processor.py:840} INFO - DAG(s) 'example_sla_dag' retrieved from /home/airflow/.local/lib/python3.12/site-packages/airflow/example_dags/example_sla_dag.py
[2024-05-20T08:43:29.182+0000] {logging_mixin.py:188} INFO - [2024-05-20T08:43:29.182+0000] {dag.py:3096} INFO - Sync 1 DAGs
[2024-05-20T08:43:29.208+0000] {logging_mixin.py:188} INFO - [2024-05-20T08:43:29.208+0000] {dag.py:3954} INFO - Setting next_dagrun for example_sla_dag to 2024-05-20 08:40:00+00:00, run_after=2024-05-20 08:42:00+00:00
[2024-05-20T08:43:29.230+0000] {processor.py:183} INFO - Processing /home/airflow/.local/lib/python3.12/site-packages/airflow/example_dags/example_sla_dag.py took 0.083 seconds
[2024-05-20T08:43:59.724+0000] {processor.py:161} INFO - Started process (PID=1646) to work on /home/airflow/.local/lib/python3.12/site-packages/airflow/example_dags/example_sla_dag.py
[2024-05-20T08:43:59.726+0000] {processor.py:830} INFO - Processing file /home/airflow/.local/lib/python3.12/site-packages/airflow/example_dags/example_sla_dag.py for tasks to queue
[2024-05-20T08:43:59.727+0000] {logging_mixin.py:188} INFO - [2024-05-20T08:43:59.726+0000] {dagbag.py:545} INFO - Filling up the DagBag from /home/airflow/.local/lib/python3.12/site-packages/airflow/example_dags/example_sla_dag.py
[2024-05-20T08:43:59.738+0000] {processor.py:840} INFO - DAG(s) 'example_sla_dag' retrieved from /home/airflow/.local/lib/python3.12/site-packages/airflow/example_dags/example_sla_dag.py
[2024-05-20T08:43:59.761+0000] {logging_mixin.py:188} INFO - [2024-05-20T08:43:59.760+0000] {dag.py:3096} INFO - Sync 1 DAGs
[2024-05-20T08:43:59.793+0000] {logging_mixin.py:188} INFO - [2024-05-20T08:43:59.793+0000] {dag.py:3954} INFO - Setting next_dagrun for example_sla_dag to 2024-05-20 08:40:00+00:00, run_after=2024-05-20 08:42:00+00:00
[2024-05-20T08:43:59.819+0000] {processor.py:183} INFO - Processing /home/airflow/.local/lib/python3.12/site-packages/airflow/example_dags/example_sla_dag.py took 0.101 seconds
[2024-05-20T08:44:30.285+0000] {processor.py:161} INFO - Started process (PID=1707) to work on /home/airflow/.local/lib/python3.12/site-packages/airflow/example_dags/example_sla_dag.py
[2024-05-20T08:44:30.286+0000] {processor.py:830} INFO - Processing file /home/airflow/.local/lib/python3.12/site-packages/airflow/example_dags/example_sla_dag.py for tasks to queue
[2024-05-20T08:44:30.288+0000] {logging_mixin.py:188} INFO - [2024-05-20T08:44:30.287+0000] {dagbag.py:545} INFO - Filling up the DagBag from /home/airflow/.local/lib/python3.12/site-packages/airflow/example_dags/example_sla_dag.py
[2024-05-20T08:44:30.295+0000] {processor.py:840} INFO - DAG(s) 'example_sla_dag' retrieved from /home/airflow/.local/lib/python3.12/site-packages/airflow/example_dags/example_sla_dag.py
[2024-05-20T08:44:30.319+0000] {logging_mixin.py:188} INFO - [2024-05-20T08:44:30.318+0000] {dag.py:3096} INFO - Sync 1 DAGs
[2024-05-20T08:44:30.349+0000] {logging_mixin.py:188} INFO - [2024-05-20T08:44:30.349+0000] {dag.py:3954} INFO - Setting next_dagrun for example_sla_dag to 2024-05-20 08:42:00+00:00, run_after=2024-05-20 08:44:00+00:00
[2024-05-20T08:44:30.379+0000] {processor.py:183} INFO - Processing /home/airflow/.local/lib/python3.12/site-packages/airflow/example_dags/example_sla_dag.py took 0.101 seconds
[2024-05-20T08:45:00.678+0000] {processor.py:161} INFO - Started process (PID=1768) to work on /home/airflow/.local/lib/python3.12/site-packages/airflow/example_dags/example_sla_dag.py
[2024-05-20T08:45:00.679+0000] {processor.py:830} INFO - Processing file /home/airflow/.local/lib/python3.12/site-packages/airflow/example_dags/example_sla_dag.py for tasks to queue
[2024-05-20T08:45:00.680+0000] {logging_mixin.py:188} INFO - [2024-05-20T08:45:00.679+0000] {dagbag.py:545} INFO - Filling up the DagBag from /home/airflow/.local/lib/python3.12/site-packages/airflow/example_dags/example_sla_dag.py
[2024-05-20T08:45:00.688+0000] {processor.py:840} INFO - DAG(s) 'example_sla_dag' retrieved from /home/airflow/.local/lib/python3.12/site-packages/airflow/example_dags/example_sla_dag.py
[2024-05-20T08:45:00.710+0000] {logging_mixin.py:188} INFO - [2024-05-20T08:45:00.710+0000] {dag.py:3096} INFO - Sync 1 DAGs
[2024-05-20T08:45:00.737+0000] {logging_mixin.py:188} INFO - [2024-05-20T08:45:00.736+0000] {dag.py:3954} INFO - Setting next_dagrun for example_sla_dag to 2024-05-20 08:42:00+00:00, run_after=2024-05-20 08:44:00+00:00
[2024-05-20T08:45:00.764+0000] {processor.py:183} INFO - Processing /home/airflow/.local/lib/python3.12/site-packages/airflow/example_dags/example_sla_dag.py took 0.092 seconds
[2024-05-20T08:45:31.152+0000] {processor.py:161} INFO - Started process (PID=1831) to work on /home/airflow/.local/lib/python3.12/site-packages/airflow/example_dags/example_sla_dag.py
[2024-05-20T08:45:31.153+0000] {processor.py:830} INFO - Processing file /home/airflow/.local/lib/python3.12/site-packages/airflow/example_dags/example_sla_dag.py for tasks to queue
[2024-05-20T08:45:31.154+0000] {logging_mixin.py:188} INFO - [2024-05-20T08:45:31.153+0000] {dagbag.py:545} INFO - Filling up the DagBag from /home/airflow/.local/lib/python3.12/site-packages/airflow/example_dags/example_sla_dag.py
[2024-05-20T08:45:31.162+0000] {processor.py:840} INFO - DAG(s) 'example_sla_dag' retrieved from /home/airflow/.local/lib/python3.12/site-packages/airflow/example_dags/example_sla_dag.py
[2024-05-20T08:45:31.187+0000] {logging_mixin.py:188} INFO - [2024-05-20T08:45:31.186+0000] {dag.py:3096} INFO - Sync 1 DAGs
[2024-05-20T08:45:31.213+0000] {logging_mixin.py:188} INFO - [2024-05-20T08:45:31.213+0000] {dag.py:3954} INFO - Setting next_dagrun for example_sla_dag to 2024-05-20 08:42:00+00:00, run_after=2024-05-20 08:44:00+00:00
[2024-05-20T08:45:31.237+0000] {processor.py:183} INFO - Processing /home/airflow/.local/lib/python3.12/site-packages/airflow/example_dags/example_sla_dag.py took 0.092 seconds
[2024-05-20T08:46:01.844+0000] {processor.py:161} INFO - Started process (PID=1896) to work on /home/airflow/.local/lib/python3.12/site-packages/airflow/example_dags/example_sla_dag.py
[2024-05-20T08:46:01.846+0000] {processor.py:830} INFO - Processing file /home/airflow/.local/lib/python3.12/site-packages/airflow/example_dags/example_sla_dag.py for tasks to queue
[2024-05-20T08:46:01.849+0000] {logging_mixin.py:188} INFO - [2024-05-20T08:46:01.848+0000] {dagbag.py:545} INFO - Filling up the DagBag from /home/airflow/.local/lib/python3.12/site-packages/airflow/example_dags/example_sla_dag.py
[2024-05-20T08:46:01.859+0000] {processor.py:840} INFO - DAG(s) 'example_sla_dag' retrieved from /home/airflow/.local/lib/python3.12/site-packages/airflow/example_dags/example_sla_dag.py
[2024-05-20T08:46:01.893+0000] {logging_mixin.py:188} INFO - [2024-05-20T08:46:01.892+0000] {dag.py:3096} INFO - Sync 1 DAGs
[2024-05-20T08:46:01.953+0000] {logging_mixin.py:188} INFO - [2024-05-20T08:46:01.953+0000] {dag.py:3954} INFO - Setting next_dagrun for example_sla_dag to 2024-05-20 08:44:00+00:00, run_after=2024-05-20 08:46:00+00:00
[2024-05-20T08:46:01.986+0000] {processor.py:183} INFO - Processing /home/airflow/.local/lib/python3.12/site-packages/airflow/example_dags/example_sla_dag.py took 0.152 seconds
[2024-05-20T08:46:32.321+0000] {processor.py:161} INFO - Started process (PID=1959) to work on /home/airflow/.local/lib/python3.12/site-packages/airflow/example_dags/example_sla_dag.py
[2024-05-20T08:46:32.323+0000] {processor.py:830} INFO - Processing file /home/airflow/.local/lib/python3.12/site-packages/airflow/example_dags/example_sla_dag.py for tasks to queue
[2024-05-20T08:46:32.324+0000] {logging_mixin.py:188} INFO - [2024-05-20T08:46:32.324+0000] {dagbag.py:545} INFO - Filling up the DagBag from /home/airflow/.local/lib/python3.12/site-packages/airflow/example_dags/example_sla_dag.py
[2024-05-20T08:46:32.336+0000] {processor.py:840} INFO - DAG(s) 'example_sla_dag' retrieved from /home/airflow/.local/lib/python3.12/site-packages/airflow/example_dags/example_sla_dag.py
[2024-05-20T08:46:32.366+0000] {logging_mixin.py:188} INFO - [2024-05-20T08:46:32.365+0000] {dag.py:3096} INFO - Sync 1 DAGs
[2024-05-20T08:46:32.432+0000] {logging_mixin.py:188} INFO - [2024-05-20T08:46:32.431+0000] {dag.py:3954} INFO - Setting next_dagrun for example_sla_dag to 2024-05-20 08:44:00+00:00, run_after=2024-05-20 08:46:00+00:00
[2024-05-20T08:46:32.475+0000] {processor.py:183} INFO - Processing /home/airflow/.local/lib/python3.12/site-packages/airflow/example_dags/example_sla_dag.py took 0.162 seconds
[2024-05-20T08:47:03.226+0000] {processor.py:161} INFO - Started process (PID=2021) to work on /home/airflow/.local/lib/python3.12/site-packages/airflow/example_dags/example_sla_dag.py
[2024-05-20T08:47:03.227+0000] {processor.py:830} INFO - Processing file /home/airflow/.local/lib/python3.12/site-packages/airflow/example_dags/example_sla_dag.py for tasks to queue
[2024-05-20T08:47:03.229+0000] {logging_mixin.py:188} INFO - [2024-05-20T08:47:03.229+0000] {dagbag.py:545} INFO - Filling up the DagBag from /home/airflow/.local/lib/python3.12/site-packages/airflow/example_dags/example_sla_dag.py
[2024-05-20T08:47:03.240+0000] {processor.py:840} INFO - DAG(s) 'example_sla_dag' retrieved from /home/airflow/.local/lib/python3.12/site-packages/airflow/example_dags/example_sla_dag.py
[2024-05-20T08:47:03.270+0000] {logging_mixin.py:188} INFO - [2024-05-20T08:47:03.269+0000] {dag.py:3096} INFO - Sync 1 DAGs
[2024-05-20T08:47:03.307+0000] {logging_mixin.py:188} INFO - [2024-05-20T08:47:03.306+0000] {dag.py:3954} INFO - Setting next_dagrun for example_sla_dag to 2024-05-20 08:44:00+00:00, run_after=2024-05-20 08:46:00+00:00
[2024-05-20T08:47:03.343+0000] {processor.py:183} INFO - Processing /home/airflow/.local/lib/python3.12/site-packages/airflow/example_dags/example_sla_dag.py took 0.125 seconds
[2024-05-20T08:47:33.885+0000] {processor.py:161} INFO - Started process (PID=2082) to work on /home/airflow/.local/lib/python3.12/site-packages/airflow/example_dags/example_sla_dag.py
[2024-05-20T08:47:33.886+0000] {processor.py:830} INFO - Processing file /home/airflow/.local/lib/python3.12/site-packages/airflow/example_dags/example_sla_dag.py for tasks to queue
[2024-05-20T08:47:33.887+0000] {logging_mixin.py:188} INFO - [2024-05-20T08:47:33.887+0000] {dagbag.py:545} INFO - Filling up the DagBag from /home/airflow/.local/lib/python3.12/site-packages/airflow/example_dags/example_sla_dag.py
[2024-05-20T08:47:33.895+0000] {processor.py:840} INFO - DAG(s) 'example_sla_dag' retrieved from /home/airflow/.local/lib/python3.12/site-packages/airflow/example_dags/example_sla_dag.py
[2024-05-20T08:47:33.915+0000] {logging_mixin.py:188} INFO - [2024-05-20T08:47:33.915+0000] {dag.py:3096} INFO - Sync 1 DAGs
[2024-05-20T08:47:33.939+0000] {logging_mixin.py:188} INFO - [2024-05-20T08:47:33.939+0000] {dag.py:3954} INFO - Setting next_dagrun for example_sla_dag to 2024-05-20 08:44:00+00:00, run_after=2024-05-20 08:46:00+00:00
[2024-05-20T08:47:33.959+0000] {processor.py:183} INFO - Processing /home/airflow/.local/lib/python3.12/site-packages/airflow/example_dags/example_sla_dag.py took 0.079 seconds
[2024-05-20T08:48:04.565+0000] {processor.py:161} INFO - Started process (PID=2143) to work on /home/airflow/.local/lib/python3.12/site-packages/airflow/example_dags/example_sla_dag.py
[2024-05-20T08:48:04.566+0000] {processor.py:830} INFO - Processing file /home/airflow/.local/lib/python3.12/site-packages/airflow/example_dags/example_sla_dag.py for tasks to queue
[2024-05-20T08:48:04.567+0000] {logging_mixin.py:188} INFO - [2024-05-20T08:48:04.567+0000] {dagbag.py:545} INFO - Filling up the DagBag from /home/airflow/.local/lib/python3.12/site-packages/airflow/example_dags/example_sla_dag.py
[2024-05-20T08:48:04.579+0000] {processor.py:840} INFO - DAG(s) 'example_sla_dag' retrieved from /home/airflow/.local/lib/python3.12/site-packages/airflow/example_dags/example_sla_dag.py
[2024-05-20T08:48:04.604+0000] {logging_mixin.py:188} INFO - [2024-05-20T08:48:04.604+0000] {dag.py:3096} INFO - Sync 1 DAGs
[2024-05-20T08:48:04.643+0000] {logging_mixin.py:188} INFO - [2024-05-20T08:48:04.643+0000] {dag.py:3954} INFO - Setting next_dagrun for example_sla_dag to 2024-05-20 08:46:00+00:00, run_after=2024-05-20 08:48:00+00:00
[2024-05-20T08:48:04.680+0000] {processor.py:183} INFO - Processing /home/airflow/.local/lib/python3.12/site-packages/airflow/example_dags/example_sla_dag.py took 0.121 seconds
[2024-05-20T08:48:34.769+0000] {processor.py:161} INFO - Started process (PID=2204) to work on /home/airflow/.local/lib/python3.12/site-packages/airflow/example_dags/example_sla_dag.py
[2024-05-20T08:48:34.770+0000] {processor.py:830} INFO - Processing file /home/airflow/.local/lib/python3.12/site-packages/airflow/example_dags/example_sla_dag.py for tasks to queue
[2024-05-20T08:48:34.772+0000] {logging_mixin.py:188} INFO - [2024-05-20T08:48:34.772+0000] {dagbag.py:545} INFO - Filling up the DagBag from /home/airflow/.local/lib/python3.12/site-packages/airflow/example_dags/example_sla_dag.py
[2024-05-20T08:48:34.785+0000] {processor.py:840} INFO - DAG(s) 'example_sla_dag' retrieved from /home/airflow/.local/lib/python3.12/site-packages/airflow/example_dags/example_sla_dag.py
[2024-05-20T08:48:34.816+0000] {logging_mixin.py:188} INFO - [2024-05-20T08:48:34.816+0000] {dag.py:3096} INFO - Sync 1 DAGs
[2024-05-20T08:48:34.857+0000] {logging_mixin.py:188} INFO - [2024-05-20T08:48:34.857+0000] {dag.py:3954} INFO - Setting next_dagrun for example_sla_dag to 2024-05-20 08:46:00+00:00, run_after=2024-05-20 08:48:00+00:00
[2024-05-20T08:48:34.886+0000] {processor.py:183} INFO - Processing /home/airflow/.local/lib/python3.12/site-packages/airflow/example_dags/example_sla_dag.py took 0.127 seconds
[2024-05-20T08:49:05.106+0000] {processor.py:161} INFO - Started process (PID=2265) to work on /home/airflow/.local/lib/python3.12/site-packages/airflow/example_dags/example_sla_dag.py
[2024-05-20T08:49:05.107+0000] {processor.py:830} INFO - Processing file /home/airflow/.local/lib/python3.12/site-packages/airflow/example_dags/example_sla_dag.py for tasks to queue
[2024-05-20T08:49:05.107+0000] {logging_mixin.py:188} INFO - [2024-05-20T08:49:05.107+0000] {dagbag.py:545} INFO - Filling up the DagBag from /home/airflow/.local/lib/python3.12/site-packages/airflow/example_dags/example_sla_dag.py
[2024-05-20T08:49:05.114+0000] {processor.py:840} INFO - DAG(s) 'example_sla_dag' retrieved from /home/airflow/.local/lib/python3.12/site-packages/airflow/example_dags/example_sla_dag.py
[2024-05-20T08:49:05.135+0000] {logging_mixin.py:188} INFO - [2024-05-20T08:49:05.135+0000] {dag.py:3096} INFO - Sync 1 DAGs
[2024-05-20T08:49:05.157+0000] {logging_mixin.py:188} INFO - [2024-05-20T08:49:05.157+0000] {dag.py:3954} INFO - Setting next_dagrun for example_sla_dag to 2024-05-20 08:46:00+00:00, run_after=2024-05-20 08:48:00+00:00
[2024-05-20T08:49:05.177+0000] {processor.py:183} INFO - Processing /home/airflow/.local/lib/python3.12/site-packages/airflow/example_dags/example_sla_dag.py took 0.077 seconds
[2024-05-20T08:49:35.443+0000] {processor.py:161} INFO - Started process (PID=2326) to work on /home/airflow/.local/lib/python3.12/site-packages/airflow/example_dags/example_sla_dag.py
[2024-05-20T08:49:35.444+0000] {processor.py:830} INFO - Processing file /home/airflow/.local/lib/python3.12/site-packages/airflow/example_dags/example_sla_dag.py for tasks to queue
[2024-05-20T08:49:35.445+0000] {logging_mixin.py:188} INFO - [2024-05-20T08:49:35.445+0000] {dagbag.py:545} INFO - Filling up the DagBag from /home/airflow/.local/lib/python3.12/site-packages/airflow/example_dags/example_sla_dag.py
[2024-05-20T08:49:35.452+0000] {processor.py:840} INFO - DAG(s) 'example_sla_dag' retrieved from /home/airflow/.local/lib/python3.12/site-packages/airflow/example_dags/example_sla_dag.py
[2024-05-20T08:49:35.473+0000] {logging_mixin.py:188} INFO - [2024-05-20T08:49:35.473+0000] {dag.py:3096} INFO - Sync 1 DAGs
[2024-05-20T08:49:35.495+0000] {logging_mixin.py:188} INFO - [2024-05-20T08:49:35.495+0000] {dag.py:3954} INFO - Setting next_dagrun for example_sla_dag to 2024-05-20 08:46:00+00:00, run_after=2024-05-20 08:48:00+00:00
[2024-05-20T08:49:35.514+0000] {processor.py:183} INFO - Processing /home/airflow/.local/lib/python3.12/site-packages/airflow/example_dags/example_sla_dag.py took 0.077 seconds
[2024-05-20T08:50:05.937+0000] {processor.py:161} INFO - Started process (PID=2387) to work on /home/airflow/.local/lib/python3.12/site-packages/airflow/example_dags/example_sla_dag.py
[2024-05-20T08:50:05.939+0000] {processor.py:830} INFO - Processing file /home/airflow/.local/lib/python3.12/site-packages/airflow/example_dags/example_sla_dag.py for tasks to queue
[2024-05-20T08:50:05.941+0000] {logging_mixin.py:188} INFO - [2024-05-20T08:50:05.940+0000] {dagbag.py:545} INFO - Filling up the DagBag from /home/airflow/.local/lib/python3.12/site-packages/airflow/example_dags/example_sla_dag.py
[2024-05-20T08:50:05.963+0000] {processor.py:840} INFO - DAG(s) 'example_sla_dag' retrieved from /home/airflow/.local/lib/python3.12/site-packages/airflow/example_dags/example_sla_dag.py
[2024-05-20T08:50:06.000+0000] {logging_mixin.py:188} INFO - [2024-05-20T08:50:06.000+0000] {dag.py:3096} INFO - Sync 1 DAGs
[2024-05-20T08:50:06.060+0000] {logging_mixin.py:188} INFO - [2024-05-20T08:50:06.059+0000] {dag.py:3954} INFO - Setting next_dagrun for example_sla_dag to 2024-05-20 08:48:00+00:00, run_after=2024-05-20 08:50:00+00:00
[2024-05-20T08:50:06.155+0000] {processor.py:183} INFO - Processing /home/airflow/.local/lib/python3.12/site-packages/airflow/example_dags/example_sla_dag.py took 0.229 seconds
[2024-05-20T08:50:36.341+0000] {processor.py:161} INFO - Started process (PID=2449) to work on /home/airflow/.local/lib/python3.12/site-packages/airflow/example_dags/example_sla_dag.py
[2024-05-20T08:50:36.344+0000] {processor.py:830} INFO - Processing file /home/airflow/.local/lib/python3.12/site-packages/airflow/example_dags/example_sla_dag.py for tasks to queue
[2024-05-20T08:50:36.348+0000] {logging_mixin.py:188} INFO - [2024-05-20T08:50:36.346+0000] {dagbag.py:545} INFO - Filling up the DagBag from /home/airflow/.local/lib/python3.12/site-packages/airflow/example_dags/example_sla_dag.py
[2024-05-20T08:50:36.385+0000] {processor.py:840} INFO - DAG(s) 'example_sla_dag' retrieved from /home/airflow/.local/lib/python3.12/site-packages/airflow/example_dags/example_sla_dag.py
[2024-05-20T08:50:36.454+0000] {logging_mixin.py:188} INFO - [2024-05-20T08:50:36.454+0000] {dag.py:3096} INFO - Sync 1 DAGs
[2024-05-20T08:50:36.526+0000] {logging_mixin.py:188} INFO - [2024-05-20T08:50:36.525+0000] {dag.py:3954} INFO - Setting next_dagrun for example_sla_dag to 2024-05-20 08:48:00+00:00, run_after=2024-05-20 08:50:00+00:00
[2024-05-20T08:50:36.596+0000] {processor.py:183} INFO - Processing /home/airflow/.local/lib/python3.12/site-packages/airflow/example_dags/example_sla_dag.py took 0.269 seconds
[2024-05-20T08:51:07.438+0000] {processor.py:161} INFO - Started process (PID=2511) to work on /home/airflow/.local/lib/python3.12/site-packages/airflow/example_dags/example_sla_dag.py
[2024-05-20T08:51:07.439+0000] {processor.py:830} INFO - Processing file /home/airflow/.local/lib/python3.12/site-packages/airflow/example_dags/example_sla_dag.py for tasks to queue
[2024-05-20T08:51:07.440+0000] {logging_mixin.py:188} INFO - [2024-05-20T08:51:07.439+0000] {dagbag.py:545} INFO - Filling up the DagBag from /home/airflow/.local/lib/python3.12/site-packages/airflow/example_dags/example_sla_dag.py
[2024-05-20T08:51:07.447+0000] {processor.py:840} INFO - DAG(s) 'example_sla_dag' retrieved from /home/airflow/.local/lib/python3.12/site-packages/airflow/example_dags/example_sla_dag.py
[2024-05-20T08:51:07.469+0000] {logging_mixin.py:188} INFO - [2024-05-20T08:51:07.469+0000] {dag.py:3096} INFO - Sync 1 DAGs
[2024-05-20T08:51:07.493+0000] {logging_mixin.py:188} INFO - [2024-05-20T08:51:07.493+0000] {dag.py:3954} INFO - Setting next_dagrun for example_sla_dag to 2024-05-20 08:48:00+00:00, run_after=2024-05-20 08:50:00+00:00
[2024-05-20T08:51:07.514+0000] {processor.py:183} INFO - Processing /home/airflow/.local/lib/python3.12/site-packages/airflow/example_dags/example_sla_dag.py took 0.081 seconds
[2024-05-20T08:51:38.296+0000] {processor.py:161} INFO - Started process (PID=2573) to work on /home/airflow/.local/lib/python3.12/site-packages/airflow/example_dags/example_sla_dag.py
[2024-05-20T08:51:38.297+0000] {processor.py:830} INFO - Processing file /home/airflow/.local/lib/python3.12/site-packages/airflow/example_dags/example_sla_dag.py for tasks to queue
[2024-05-20T08:51:38.297+0000] {logging_mixin.py:188} INFO - [2024-05-20T08:51:38.297+0000] {dagbag.py:545} INFO - Filling up the DagBag from /home/airflow/.local/lib/python3.12/site-packages/airflow/example_dags/example_sla_dag.py
[2024-05-20T08:51:38.305+0000] {processor.py:840} INFO - DAG(s) 'example_sla_dag' retrieved from /home/airflow/.local/lib/python3.12/site-packages/airflow/example_dags/example_sla_dag.py
[2024-05-20T08:51:38.328+0000] {logging_mixin.py:188} INFO - [2024-05-20T08:51:38.328+0000] {dag.py:3096} INFO - Sync 1 DAGs
[2024-05-20T08:51:38.353+0000] {logging_mixin.py:188} INFO - [2024-05-20T08:51:38.352+0000] {dag.py:3954} INFO - Setting next_dagrun for example_sla_dag to 2024-05-20 08:48:00+00:00, run_after=2024-05-20 08:50:00+00:00
[2024-05-20T08:51:38.375+0000] {processor.py:183} INFO - Processing /home/airflow/.local/lib/python3.12/site-packages/airflow/example_dags/example_sla_dag.py took 0.086 seconds
[2024-05-20T08:52:08.518+0000] {processor.py:161} INFO - Started process (PID=2636) to work on /home/airflow/.local/lib/python3.12/site-packages/airflow/example_dags/example_sla_dag.py
[2024-05-20T08:52:08.519+0000] {processor.py:830} INFO - Processing file /home/airflow/.local/lib/python3.12/site-packages/airflow/example_dags/example_sla_dag.py for tasks to queue
[2024-05-20T08:52:08.520+0000] {logging_mixin.py:188} INFO - [2024-05-20T08:52:08.520+0000] {dagbag.py:545} INFO - Filling up the DagBag from /home/airflow/.local/lib/python3.12/site-packages/airflow/example_dags/example_sla_dag.py
[2024-05-20T08:52:08.534+0000] {processor.py:840} INFO - DAG(s) 'example_sla_dag' retrieved from /home/airflow/.local/lib/python3.12/site-packages/airflow/example_dags/example_sla_dag.py
[2024-05-20T08:52:08.567+0000] {logging_mixin.py:188} INFO - [2024-05-20T08:52:08.567+0000] {dag.py:3096} INFO - Sync 1 DAGs
[2024-05-20T08:52:08.605+0000] {logging_mixin.py:188} INFO - [2024-05-20T08:52:08.605+0000] {dag.py:3954} INFO - Setting next_dagrun for example_sla_dag to 2024-05-20 08:50:00+00:00, run_after=2024-05-20 08:52:00+00:00
[2024-05-20T08:52:08.635+0000] {processor.py:183} INFO - Processing /home/airflow/.local/lib/python3.12/site-packages/airflow/example_dags/example_sla_dag.py took 0.125 seconds
[2024-05-20T08:52:38.872+0000] {processor.py:161} INFO - Started process (PID=2698) to work on /home/airflow/.local/lib/python3.12/site-packages/airflow/example_dags/example_sla_dag.py
[2024-05-20T08:52:38.874+0000] {processor.py:830} INFO - Processing file /home/airflow/.local/lib/python3.12/site-packages/airflow/example_dags/example_sla_dag.py for tasks to queue
[2024-05-20T08:52:38.875+0000] {logging_mixin.py:188} INFO - [2024-05-20T08:52:38.874+0000] {dagbag.py:545} INFO - Filling up the DagBag from /home/airflow/.local/lib/python3.12/site-packages/airflow/example_dags/example_sla_dag.py
[2024-05-20T08:52:38.883+0000] {processor.py:840} INFO - DAG(s) 'example_sla_dag' retrieved from /home/airflow/.local/lib/python3.12/site-packages/airflow/example_dags/example_sla_dag.py
[2024-05-20T08:52:38.905+0000] {logging_mixin.py:188} INFO - [2024-05-20T08:52:38.905+0000] {dag.py:3096} INFO - Sync 1 DAGs
[2024-05-20T08:52:38.930+0000] {logging_mixin.py:188} INFO - [2024-05-20T08:52:38.930+0000] {dag.py:3954} INFO - Setting next_dagrun for example_sla_dag to 2024-05-20 08:50:00+00:00, run_after=2024-05-20 08:52:00+00:00
[2024-05-20T08:52:38.953+0000] {processor.py:183} INFO - Processing /home/airflow/.local/lib/python3.12/site-packages/airflow/example_dags/example_sla_dag.py took 0.086 seconds
[2024-05-20T08:53:09.112+0000] {processor.py:161} INFO - Started process (PID=2760) to work on /home/airflow/.local/lib/python3.12/site-packages/airflow/example_dags/example_sla_dag.py
[2024-05-20T08:53:09.113+0000] {processor.py:830} INFO - Processing file /home/airflow/.local/lib/python3.12/site-packages/airflow/example_dags/example_sla_dag.py for tasks to queue
[2024-05-20T08:53:09.114+0000] {logging_mixin.py:188} INFO - [2024-05-20T08:53:09.114+0000] {dagbag.py:545} INFO - Filling up the DagBag from /home/airflow/.local/lib/python3.12/site-packages/airflow/example_dags/example_sla_dag.py
[2024-05-20T08:53:09.122+0000] {processor.py:840} INFO - DAG(s) 'example_sla_dag' retrieved from /home/airflow/.local/lib/python3.12/site-packages/airflow/example_dags/example_sla_dag.py
[2024-05-20T08:53:09.142+0000] {logging_mixin.py:188} INFO - [2024-05-20T08:53:09.142+0000] {dag.py:3096} INFO - Sync 1 DAGs
[2024-05-20T08:53:09.168+0000] {logging_mixin.py:188} INFO - [2024-05-20T08:53:09.167+0000] {dag.py:3954} INFO - Setting next_dagrun for example_sla_dag to 2024-05-20 08:50:00+00:00, run_after=2024-05-20 08:52:00+00:00
[2024-05-20T08:53:09.190+0000] {processor.py:183} INFO - Processing /home/airflow/.local/lib/python3.12/site-packages/airflow/example_dags/example_sla_dag.py took 0.084 seconds
[2024-05-20T08:53:39.388+0000] {processor.py:161} INFO - Started process (PID=2826) to work on /home/airflow/.local/lib/python3.12/site-packages/airflow/example_dags/example_sla_dag.py
[2024-05-20T08:53:39.390+0000] {processor.py:830} INFO - Processing file /home/airflow/.local/lib/python3.12/site-packages/airflow/example_dags/example_sla_dag.py for tasks to queue
[2024-05-20T08:53:39.392+0000] {logging_mixin.py:188} INFO - [2024-05-20T08:53:39.391+0000] {dagbag.py:545} INFO - Filling up the DagBag from /home/airflow/.local/lib/python3.12/site-packages/airflow/example_dags/example_sla_dag.py
[2024-05-20T08:53:39.412+0000] {processor.py:840} INFO - DAG(s) 'example_sla_dag' retrieved from /home/airflow/.local/lib/python3.12/site-packages/airflow/example_dags/example_sla_dag.py
[2024-05-20T08:53:39.504+0000] {logging_mixin.py:188} INFO - [2024-05-20T08:53:39.503+0000] {dag.py:3096} INFO - Sync 1 DAGs
[2024-05-20T08:53:39.611+0000] {logging_mixin.py:188} INFO - [2024-05-20T08:53:39.610+0000] {dag.py:3954} INFO - Setting next_dagrun for example_sla_dag to 2024-05-20 08:50:00+00:00, run_after=2024-05-20 08:52:00+00:00
[2024-05-20T08:53:39.691+0000] {processor.py:183} INFO - Processing /home/airflow/.local/lib/python3.12/site-packages/airflow/example_dags/example_sla_dag.py took 0.310 seconds
[2024-05-20T08:54:10.498+0000] {processor.py:161} INFO - Started process (PID=2888) to work on /home/airflow/.local/lib/python3.12/site-packages/airflow/example_dags/example_sla_dag.py
[2024-05-20T08:54:10.499+0000] {processor.py:830} INFO - Processing file /home/airflow/.local/lib/python3.12/site-packages/airflow/example_dags/example_sla_dag.py for tasks to queue
[2024-05-20T08:54:10.500+0000] {logging_mixin.py:188} INFO - [2024-05-20T08:54:10.499+0000] {dagbag.py:545} INFO - Filling up the DagBag from /home/airflow/.local/lib/python3.12/site-packages/airflow/example_dags/example_sla_dag.py
[2024-05-20T08:54:10.510+0000] {processor.py:840} INFO - DAG(s) 'example_sla_dag' retrieved from /home/airflow/.local/lib/python3.12/site-packages/airflow/example_dags/example_sla_dag.py
[2024-05-20T08:54:10.534+0000] {logging_mixin.py:188} INFO - [2024-05-20T08:54:10.534+0000] {dag.py:3096} INFO - Sync 1 DAGs
[2024-05-20T08:54:10.561+0000] {logging_mixin.py:188} INFO - [2024-05-20T08:54:10.561+0000] {dag.py:3954} INFO - Setting next_dagrun for example_sla_dag to 2024-05-20 08:52:00+00:00, run_after=2024-05-20 08:54:00+00:00
[2024-05-20T08:54:10.582+0000] {processor.py:183} INFO - Processing /home/airflow/.local/lib/python3.12/site-packages/airflow/example_dags/example_sla_dag.py took 0.092 seconds
[2024-05-20T08:54:41.165+0000] {processor.py:161} INFO - Started process (PID=2950) to work on /home/airflow/.local/lib/python3.12/site-packages/airflow/example_dags/example_sla_dag.py
[2024-05-20T08:54:41.166+0000] {processor.py:830} INFO - Processing file /home/airflow/.local/lib/python3.12/site-packages/airflow/example_dags/example_sla_dag.py for tasks to queue
[2024-05-20T08:54:41.167+0000] {logging_mixin.py:188} INFO - [2024-05-20T08:54:41.167+0000] {dagbag.py:545} INFO - Filling up the DagBag from /home/airflow/.local/lib/python3.12/site-packages/airflow/example_dags/example_sla_dag.py
[2024-05-20T08:54:41.176+0000] {processor.py:840} INFO - DAG(s) 'example_sla_dag' retrieved from /home/airflow/.local/lib/python3.12/site-packages/airflow/example_dags/example_sla_dag.py
[2024-05-20T08:54:41.199+0000] {logging_mixin.py:188} INFO - [2024-05-20T08:54:41.198+0000] {dag.py:3096} INFO - Sync 1 DAGs
[2024-05-20T08:54:41.235+0000] {logging_mixin.py:188} INFO - [2024-05-20T08:54:41.234+0000] {dag.py:3954} INFO - Setting next_dagrun for example_sla_dag to 2024-05-20 08:52:00+00:00, run_after=2024-05-20 08:54:00+00:00
[2024-05-20T08:54:41.263+0000] {processor.py:183} INFO - Processing /home/airflow/.local/lib/python3.12/site-packages/airflow/example_dags/example_sla_dag.py took 0.103 seconds
[2024-05-20T08:55:11.387+0000] {processor.py:161} INFO - Started process (PID=3016) to work on /home/airflow/.local/lib/python3.12/site-packages/airflow/example_dags/example_sla_dag.py
[2024-05-20T08:55:11.388+0000] {processor.py:830} INFO - Processing file /home/airflow/.local/lib/python3.12/site-packages/airflow/example_dags/example_sla_dag.py for tasks to queue
[2024-05-20T08:55:11.389+0000] {logging_mixin.py:188} INFO - [2024-05-20T08:55:11.389+0000] {dagbag.py:545} INFO - Filling up the DagBag from /home/airflow/.local/lib/python3.12/site-packages/airflow/example_dags/example_sla_dag.py
[2024-05-20T08:55:11.396+0000] {processor.py:840} INFO - DAG(s) 'example_sla_dag' retrieved from /home/airflow/.local/lib/python3.12/site-packages/airflow/example_dags/example_sla_dag.py
[2024-05-20T08:55:11.416+0000] {logging_mixin.py:188} INFO - [2024-05-20T08:55:11.416+0000] {dag.py:3096} INFO - Sync 1 DAGs
[2024-05-20T08:55:11.439+0000] {logging_mixin.py:188} INFO - [2024-05-20T08:55:11.439+0000] {dag.py:3954} INFO - Setting next_dagrun for example_sla_dag to 2024-05-20 08:52:00+00:00, run_after=2024-05-20 08:54:00+00:00
[2024-05-20T08:55:11.459+0000] {processor.py:183} INFO - Processing /home/airflow/.local/lib/python3.12/site-packages/airflow/example_dags/example_sla_dag.py took 0.078 seconds
[2024-05-20T08:55:42.238+0000] {processor.py:161} INFO - Started process (PID=3078) to work on /home/airflow/.local/lib/python3.12/site-packages/airflow/example_dags/example_sla_dag.py
[2024-05-20T08:55:42.239+0000] {processor.py:830} INFO - Processing file /home/airflow/.local/lib/python3.12/site-packages/airflow/example_dags/example_sla_dag.py for tasks to queue
[2024-05-20T08:55:42.240+0000] {logging_mixin.py:188} INFO - [2024-05-20T08:55:42.240+0000] {dagbag.py:545} INFO - Filling up the DagBag from /home/airflow/.local/lib/python3.12/site-packages/airflow/example_dags/example_sla_dag.py
[2024-05-20T08:55:42.252+0000] {processor.py:840} INFO - DAG(s) 'example_sla_dag' retrieved from /home/airflow/.local/lib/python3.12/site-packages/airflow/example_dags/example_sla_dag.py
[2024-05-20T08:55:42.279+0000] {logging_mixin.py:188} INFO - [2024-05-20T08:55:42.278+0000] {dag.py:3096} INFO - Sync 1 DAGs
[2024-05-20T08:55:42.318+0000] {logging_mixin.py:188} INFO - [2024-05-20T08:55:42.318+0000] {dag.py:3954} INFO - Setting next_dagrun for example_sla_dag to 2024-05-20 08:52:00+00:00, run_after=2024-05-20 08:54:00+00:00
[2024-05-20T08:55:42.346+0000] {processor.py:183} INFO - Processing /home/airflow/.local/lib/python3.12/site-packages/airflow/example_dags/example_sla_dag.py took 0.118 seconds
[2024-05-20T08:56:13.120+0000] {processor.py:161} INFO - Started process (PID=3140) to work on /home/airflow/.local/lib/python3.12/site-packages/airflow/example_dags/example_sla_dag.py
[2024-05-20T08:56:13.121+0000] {processor.py:830} INFO - Processing file /home/airflow/.local/lib/python3.12/site-packages/airflow/example_dags/example_sla_dag.py for tasks to queue
[2024-05-20T08:56:13.123+0000] {logging_mixin.py:188} INFO - [2024-05-20T08:56:13.122+0000] {dagbag.py:545} INFO - Filling up the DagBag from /home/airflow/.local/lib/python3.12/site-packages/airflow/example_dags/example_sla_dag.py
[2024-05-20T08:56:13.135+0000] {processor.py:840} INFO - DAG(s) 'example_sla_dag' retrieved from /home/airflow/.local/lib/python3.12/site-packages/airflow/example_dags/example_sla_dag.py
[2024-05-20T08:56:13.160+0000] {logging_mixin.py:188} INFO - [2024-05-20T08:56:13.160+0000] {dag.py:3096} INFO - Sync 1 DAGs
[2024-05-20T08:56:13.196+0000] {logging_mixin.py:188} INFO - [2024-05-20T08:56:13.196+0000] {dag.py:3954} INFO - Setting next_dagrun for example_sla_dag to 2024-05-20 08:54:00+00:00, run_after=2024-05-20 08:56:00+00:00
[2024-05-20T08:56:13.224+0000] {processor.py:183} INFO - Processing /home/airflow/.local/lib/python3.12/site-packages/airflow/example_dags/example_sla_dag.py took 0.112 seconds
[2024-05-20T08:56:43.982+0000] {processor.py:161} INFO - Started process (PID=3202) to work on /home/airflow/.local/lib/python3.12/site-packages/airflow/example_dags/example_sla_dag.py
[2024-05-20T08:56:43.984+0000] {processor.py:830} INFO - Processing file /home/airflow/.local/lib/python3.12/site-packages/airflow/example_dags/example_sla_dag.py for tasks to queue
[2024-05-20T08:56:43.986+0000] {logging_mixin.py:188} INFO - [2024-05-20T08:56:43.986+0000] {dagbag.py:545} INFO - Filling up the DagBag from /home/airflow/.local/lib/python3.12/site-packages/airflow/example_dags/example_sla_dag.py
[2024-05-20T08:56:44.012+0000] {processor.py:840} INFO - DAG(s) 'example_sla_dag' retrieved from /home/airflow/.local/lib/python3.12/site-packages/airflow/example_dags/example_sla_dag.py
[2024-05-20T08:56:44.076+0000] {logging_mixin.py:188} INFO - [2024-05-20T08:56:44.075+0000] {dag.py:3096} INFO - Sync 1 DAGs
[2024-05-20T08:56:44.133+0000] {logging_mixin.py:188} INFO - [2024-05-20T08:56:44.132+0000] {dag.py:3954} INFO - Setting next_dagrun for example_sla_dag to 2024-05-20 08:54:00+00:00, run_after=2024-05-20 08:56:00+00:00
[2024-05-20T08:56:44.163+0000] {processor.py:183} INFO - Processing /home/airflow/.local/lib/python3.12/site-packages/airflow/example_dags/example_sla_dag.py took 0.193 seconds
[2024-05-20T08:57:14.573+0000] {processor.py:161} INFO - Started process (PID=3264) to work on /home/airflow/.local/lib/python3.12/site-packages/airflow/example_dags/example_sla_dag.py
[2024-05-20T08:57:14.574+0000] {processor.py:830} INFO - Processing file /home/airflow/.local/lib/python3.12/site-packages/airflow/example_dags/example_sla_dag.py for tasks to queue
[2024-05-20T08:57:14.575+0000] {logging_mixin.py:188} INFO - [2024-05-20T08:57:14.575+0000] {dagbag.py:545} INFO - Filling up the DagBag from /home/airflow/.local/lib/python3.12/site-packages/airflow/example_dags/example_sla_dag.py
[2024-05-20T08:57:14.586+0000] {processor.py:840} INFO - DAG(s) 'example_sla_dag' retrieved from /home/airflow/.local/lib/python3.12/site-packages/airflow/example_dags/example_sla_dag.py
[2024-05-20T08:57:14.612+0000] {logging_mixin.py:188} INFO - [2024-05-20T08:57:14.612+0000] {dag.py:3096} INFO - Sync 1 DAGs
[2024-05-20T08:57:14.644+0000] {logging_mixin.py:188} INFO - [2024-05-20T08:57:14.644+0000] {dag.py:3954} INFO - Setting next_dagrun for example_sla_dag to 2024-05-20 08:54:00+00:00, run_after=2024-05-20 08:56:00+00:00
[2024-05-20T08:57:14.668+0000] {processor.py:183} INFO - Processing /home/airflow/.local/lib/python3.12/site-packages/airflow/example_dags/example_sla_dag.py took 0.101 seconds
[2024-05-20T08:57:45.441+0000] {processor.py:161} INFO - Started process (PID=3326) to work on /home/airflow/.local/lib/python3.12/site-packages/airflow/example_dags/example_sla_dag.py
[2024-05-20T08:57:45.442+0000] {processor.py:830} INFO - Processing file /home/airflow/.local/lib/python3.12/site-packages/airflow/example_dags/example_sla_dag.py for tasks to queue
[2024-05-20T08:57:45.443+0000] {logging_mixin.py:188} INFO - [2024-05-20T08:57:45.443+0000] {dagbag.py:545} INFO - Filling up the DagBag from /home/airflow/.local/lib/python3.12/site-packages/airflow/example_dags/example_sla_dag.py
[2024-05-20T08:57:45.452+0000] {processor.py:840} INFO - DAG(s) 'example_sla_dag' retrieved from /home/airflow/.local/lib/python3.12/site-packages/airflow/example_dags/example_sla_dag.py
[2024-05-20T08:57:45.477+0000] {logging_mixin.py:188} INFO - [2024-05-20T08:57:45.477+0000] {dag.py:3096} INFO - Sync 1 DAGs
[2024-05-20T08:57:45.511+0000] {logging_mixin.py:188} INFO - [2024-05-20T08:57:45.511+0000] {dag.py:3954} INFO - Setting next_dagrun for example_sla_dag to 2024-05-20 08:54:00+00:00, run_after=2024-05-20 08:56:00+00:00
[2024-05-20T08:57:45.540+0000] {processor.py:183} INFO - Processing /home/airflow/.local/lib/python3.12/site-packages/airflow/example_dags/example_sla_dag.py took 0.107 seconds
[2024-05-20T08:58:16.427+0000] {processor.py:161} INFO - Started process (PID=3387) to work on /home/airflow/.local/lib/python3.12/site-packages/airflow/example_dags/example_sla_dag.py
[2024-05-20T08:58:16.429+0000] {processor.py:830} INFO - Processing file /home/airflow/.local/lib/python3.12/site-packages/airflow/example_dags/example_sla_dag.py for tasks to queue
[2024-05-20T08:58:16.430+0000] {logging_mixin.py:188} INFO - [2024-05-20T08:58:16.430+0000] {dagbag.py:545} INFO - Filling up the DagBag from /home/airflow/.local/lib/python3.12/site-packages/airflow/example_dags/example_sla_dag.py
[2024-05-20T08:58:16.441+0000] {processor.py:840} INFO - DAG(s) 'example_sla_dag' retrieved from /home/airflow/.local/lib/python3.12/site-packages/airflow/example_dags/example_sla_dag.py
[2024-05-20T08:58:16.472+0000] {logging_mixin.py:188} INFO - [2024-05-20T08:58:16.471+0000] {dag.py:3096} INFO - Sync 1 DAGs
[2024-05-20T08:58:16.507+0000] {logging_mixin.py:188} INFO - [2024-05-20T08:58:16.507+0000] {dag.py:3954} INFO - Setting next_dagrun for example_sla_dag to 2024-05-20 08:56:00+00:00, run_after=2024-05-20 08:58:00+00:00
[2024-05-20T08:58:16.537+0000] {processor.py:183} INFO - Processing /home/airflow/.local/lib/python3.12/site-packages/airflow/example_dags/example_sla_dag.py took 0.120 seconds
[2024-05-20T08:58:47.460+0000] {processor.py:161} INFO - Started process (PID=3448) to work on /home/airflow/.local/lib/python3.12/site-packages/airflow/example_dags/example_sla_dag.py
[2024-05-20T08:58:47.462+0000] {processor.py:830} INFO - Processing file /home/airflow/.local/lib/python3.12/site-packages/airflow/example_dags/example_sla_dag.py for tasks to queue
[2024-05-20T08:58:47.464+0000] {logging_mixin.py:188} INFO - [2024-05-20T08:58:47.463+0000] {dagbag.py:545} INFO - Filling up the DagBag from /home/airflow/.local/lib/python3.12/site-packages/airflow/example_dags/example_sla_dag.py
[2024-05-20T08:58:47.486+0000] {processor.py:840} INFO - DAG(s) 'example_sla_dag' retrieved from /home/airflow/.local/lib/python3.12/site-packages/airflow/example_dags/example_sla_dag.py
[2024-05-20T08:58:47.548+0000] {logging_mixin.py:188} INFO - [2024-05-20T08:58:47.547+0000] {dag.py:3096} INFO - Sync 1 DAGs
[2024-05-20T08:58:47.628+0000] {logging_mixin.py:188} INFO - [2024-05-20T08:58:47.627+0000] {dag.py:3954} INFO - Setting next_dagrun for example_sla_dag to 2024-05-20 08:56:00+00:00, run_after=2024-05-20 08:58:00+00:00
[2024-05-20T08:58:47.689+0000] {processor.py:183} INFO - Processing /home/airflow/.local/lib/python3.12/site-packages/airflow/example_dags/example_sla_dag.py took 0.245 seconds
[2024-05-20T08:59:17.933+0000] {processor.py:161} INFO - Started process (PID=3509) to work on /home/airflow/.local/lib/python3.12/site-packages/airflow/example_dags/example_sla_dag.py
[2024-05-20T08:59:17.934+0000] {processor.py:830} INFO - Processing file /home/airflow/.local/lib/python3.12/site-packages/airflow/example_dags/example_sla_dag.py for tasks to queue
[2024-05-20T08:59:17.935+0000] {logging_mixin.py:188} INFO - [2024-05-20T08:59:17.935+0000] {dagbag.py:545} INFO - Filling up the DagBag from /home/airflow/.local/lib/python3.12/site-packages/airflow/example_dags/example_sla_dag.py
[2024-05-20T08:59:17.946+0000] {processor.py:840} INFO - DAG(s) 'example_sla_dag' retrieved from /home/airflow/.local/lib/python3.12/site-packages/airflow/example_dags/example_sla_dag.py
[2024-05-20T08:59:17.973+0000] {logging_mixin.py:188} INFO - [2024-05-20T08:59:17.972+0000] {dag.py:3096} INFO - Sync 1 DAGs
[2024-05-20T08:59:18.014+0000] {logging_mixin.py:188} INFO - [2024-05-20T08:59:18.014+0000] {dag.py:3954} INFO - Setting next_dagrun for example_sla_dag to 2024-05-20 08:56:00+00:00, run_after=2024-05-20 08:58:00+00:00
[2024-05-20T08:59:18.050+0000] {processor.py:183} INFO - Processing /home/airflow/.local/lib/python3.12/site-packages/airflow/example_dags/example_sla_dag.py took 0.124 seconds
[2024-05-20T08:59:48.474+0000] {processor.py:161} INFO - Started process (PID=3570) to work on /home/airflow/.local/lib/python3.12/site-packages/airflow/example_dags/example_sla_dag.py
[2024-05-20T08:59:48.476+0000] {processor.py:830} INFO - Processing file /home/airflow/.local/lib/python3.12/site-packages/airflow/example_dags/example_sla_dag.py for tasks to queue
[2024-05-20T08:59:48.478+0000] {logging_mixin.py:188} INFO - [2024-05-20T08:59:48.477+0000] {dagbag.py:545} INFO - Filling up the DagBag from /home/airflow/.local/lib/python3.12/site-packages/airflow/example_dags/example_sla_dag.py
[2024-05-20T08:59:48.496+0000] {processor.py:840} INFO - DAG(s) 'example_sla_dag' retrieved from /home/airflow/.local/lib/python3.12/site-packages/airflow/example_dags/example_sla_dag.py
[2024-05-20T08:59:48.543+0000] {logging_mixin.py:188} INFO - [2024-05-20T08:59:48.542+0000] {dag.py:3096} INFO - Sync 1 DAGs
[2024-05-20T08:59:48.595+0000] {logging_mixin.py:188} INFO - [2024-05-20T08:59:48.594+0000] {dag.py:3954} INFO - Setting next_dagrun for example_sla_dag to 2024-05-20 08:56:00+00:00, run_after=2024-05-20 08:58:00+00:00
[2024-05-20T08:59:48.652+0000] {processor.py:183} INFO - Processing /home/airflow/.local/lib/python3.12/site-packages/airflow/example_dags/example_sla_dag.py took 0.190 seconds
[2024-05-20T09:00:18.818+0000] {processor.py:161} INFO - Started process (PID=3632) to work on /home/airflow/.local/lib/python3.12/site-packages/airflow/example_dags/example_sla_dag.py
[2024-05-20T09:00:18.819+0000] {processor.py:830} INFO - Processing file /home/airflow/.local/lib/python3.12/site-packages/airflow/example_dags/example_sla_dag.py for tasks to queue
[2024-05-20T09:00:18.820+0000] {logging_mixin.py:188} INFO - [2024-05-20T09:00:18.820+0000] {dagbag.py:545} INFO - Filling up the DagBag from /home/airflow/.local/lib/python3.12/site-packages/airflow/example_dags/example_sla_dag.py
[2024-05-20T09:00:18.830+0000] {processor.py:840} INFO - DAG(s) 'example_sla_dag' retrieved from /home/airflow/.local/lib/python3.12/site-packages/airflow/example_dags/example_sla_dag.py
[2024-05-20T09:00:18.853+0000] {logging_mixin.py:188} INFO - [2024-05-20T09:00:18.853+0000] {dag.py:3096} INFO - Sync 1 DAGs
[2024-05-20T09:00:18.878+0000] {logging_mixin.py:188} INFO - [2024-05-20T09:00:18.877+0000] {dag.py:3954} INFO - Setting next_dagrun for example_sla_dag to 2024-05-20 08:58:00+00:00, run_after=2024-05-20 09:00:00+00:00
[2024-05-20T09:00:18.898+0000] {processor.py:183} INFO - Processing /home/airflow/.local/lib/python3.12/site-packages/airflow/example_dags/example_sla_dag.py took 0.086 seconds
[2024-05-20T09:00:49.201+0000] {processor.py:161} INFO - Started process (PID=3694) to work on /home/airflow/.local/lib/python3.12/site-packages/airflow/example_dags/example_sla_dag.py
[2024-05-20T09:00:49.204+0000] {processor.py:830} INFO - Processing file /home/airflow/.local/lib/python3.12/site-packages/airflow/example_dags/example_sla_dag.py for tasks to queue
[2024-05-20T09:00:49.206+0000] {logging_mixin.py:188} INFO - [2024-05-20T09:00:49.206+0000] {dagbag.py:545} INFO - Filling up the DagBag from /home/airflow/.local/lib/python3.12/site-packages/airflow/example_dags/example_sla_dag.py
[2024-05-20T09:00:49.225+0000] {processor.py:840} INFO - DAG(s) 'example_sla_dag' retrieved from /home/airflow/.local/lib/python3.12/site-packages/airflow/example_dags/example_sla_dag.py
[2024-05-20T09:00:49.269+0000] {logging_mixin.py:188} INFO - [2024-05-20T09:00:49.268+0000] {dag.py:3096} INFO - Sync 1 DAGs
[2024-05-20T09:00:49.314+0000] {logging_mixin.py:188} INFO - [2024-05-20T09:00:49.314+0000] {dag.py:3954} INFO - Setting next_dagrun for example_sla_dag to 2024-05-20 08:58:00+00:00, run_after=2024-05-20 09:00:00+00:00
[2024-05-20T09:00:49.341+0000] {processor.py:183} INFO - Processing /home/airflow/.local/lib/python3.12/site-packages/airflow/example_dags/example_sla_dag.py took 0.152 seconds
[2024-05-20T09:01:19.562+0000] {processor.py:161} INFO - Started process (PID=3756) to work on /home/airflow/.local/lib/python3.12/site-packages/airflow/example_dags/example_sla_dag.py
[2024-05-20T09:01:19.565+0000] {processor.py:830} INFO - Processing file /home/airflow/.local/lib/python3.12/site-packages/airflow/example_dags/example_sla_dag.py for tasks to queue
[2024-05-20T09:01:19.566+0000] {logging_mixin.py:188} INFO - [2024-05-20T09:01:19.566+0000] {dagbag.py:545} INFO - Filling up the DagBag from /home/airflow/.local/lib/python3.12/site-packages/airflow/example_dags/example_sla_dag.py
[2024-05-20T09:01:19.580+0000] {processor.py:840} INFO - DAG(s) 'example_sla_dag' retrieved from /home/airflow/.local/lib/python3.12/site-packages/airflow/example_dags/example_sla_dag.py
[2024-05-20T09:01:19.642+0000] {logging_mixin.py:188} INFO - [2024-05-20T09:01:19.642+0000] {dag.py:3096} INFO - Sync 1 DAGs
[2024-05-20T09:01:19.709+0000] {logging_mixin.py:188} INFO - [2024-05-20T09:01:19.708+0000] {dag.py:3954} INFO - Setting next_dagrun for example_sla_dag to 2024-05-20 08:58:00+00:00, run_after=2024-05-20 09:00:00+00:00
[2024-05-20T09:01:19.764+0000] {processor.py:183} INFO - Processing /home/airflow/.local/lib/python3.12/site-packages/airflow/example_dags/example_sla_dag.py took 0.212 seconds
[2024-05-20T09:01:52.418+0000] {processor.py:161} INFO - Started process (PID=3824) to work on /home/airflow/.local/lib/python3.12/site-packages/airflow/example_dags/example_sla_dag.py
[2024-05-20T09:01:52.437+0000] {processor.py:830} INFO - Processing file /home/airflow/.local/lib/python3.12/site-packages/airflow/example_dags/example_sla_dag.py for tasks to queue
[2024-05-20T09:01:52.453+0000] {logging_mixin.py:188} INFO - [2024-05-20T09:01:52.452+0000] {dagbag.py:545} INFO - Filling up the DagBag from /home/airflow/.local/lib/python3.12/site-packages/airflow/example_dags/example_sla_dag.py
[2024-05-20T09:01:52.514+0000] {processor.py:840} INFO - DAG(s) 'example_sla_dag' retrieved from /home/airflow/.local/lib/python3.12/site-packages/airflow/example_dags/example_sla_dag.py
[2024-05-20T09:01:52.658+0000] {logging_mixin.py:188} INFO - [2024-05-20T09:01:52.649+0000] {dag.py:3096} INFO - Sync 1 DAGs
[2024-05-20T09:01:52.820+0000] {logging_mixin.py:188} INFO - [2024-05-20T09:01:52.820+0000] {dag.py:3954} INFO - Setting next_dagrun for example_sla_dag to 2024-05-20 08:58:00+00:00, run_after=2024-05-20 09:00:00+00:00
[2024-05-20T09:01:52.971+0000] {processor.py:183} INFO - Processing /home/airflow/.local/lib/python3.12/site-packages/airflow/example_dags/example_sla_dag.py took 0.590 seconds
[2024-05-20T09:02:23.449+0000] {processor.py:161} INFO - Started process (PID=3884) to work on /home/airflow/.local/lib/python3.12/site-packages/airflow/example_dags/example_sla_dag.py
[2024-05-20T09:02:23.451+0000] {processor.py:830} INFO - Processing file /home/airflow/.local/lib/python3.12/site-packages/airflow/example_dags/example_sla_dag.py for tasks to queue
[2024-05-20T09:02:23.452+0000] {logging_mixin.py:188} INFO - [2024-05-20T09:02:23.452+0000] {dagbag.py:545} INFO - Filling up the DagBag from /home/airflow/.local/lib/python3.12/site-packages/airflow/example_dags/example_sla_dag.py
[2024-05-20T09:02:23.467+0000] {processor.py:840} INFO - DAG(s) 'example_sla_dag' retrieved from /home/airflow/.local/lib/python3.12/site-packages/airflow/example_dags/example_sla_dag.py
[2024-05-20T09:02:23.501+0000] {logging_mixin.py:188} INFO - [2024-05-20T09:02:23.500+0000] {dag.py:3096} INFO - Sync 1 DAGs
[2024-05-20T09:02:23.543+0000] {logging_mixin.py:188} INFO - [2024-05-20T09:02:23.542+0000] {dag.py:3954} INFO - Setting next_dagrun for example_sla_dag to 2024-05-20 09:00:00+00:00, run_after=2024-05-20 09:02:00+00:00
[2024-05-20T09:02:23.571+0000] {processor.py:183} INFO - Processing /home/airflow/.local/lib/python3.12/site-packages/airflow/example_dags/example_sla_dag.py took 0.134 seconds
[2024-05-20T09:02:53.758+0000] {processor.py:161} INFO - Started process (PID=3946) to work on /home/airflow/.local/lib/python3.12/site-packages/airflow/example_dags/example_sla_dag.py
[2024-05-20T09:02:53.759+0000] {processor.py:830} INFO - Processing file /home/airflow/.local/lib/python3.12/site-packages/airflow/example_dags/example_sla_dag.py for tasks to queue
[2024-05-20T09:02:53.760+0000] {logging_mixin.py:188} INFO - [2024-05-20T09:02:53.760+0000] {dagbag.py:545} INFO - Filling up the DagBag from /home/airflow/.local/lib/python3.12/site-packages/airflow/example_dags/example_sla_dag.py
[2024-05-20T09:02:53.771+0000] {processor.py:840} INFO - DAG(s) 'example_sla_dag' retrieved from /home/airflow/.local/lib/python3.12/site-packages/airflow/example_dags/example_sla_dag.py
[2024-05-20T09:02:53.796+0000] {logging_mixin.py:188} INFO - [2024-05-20T09:02:53.796+0000] {dag.py:3096} INFO - Sync 1 DAGs
[2024-05-20T09:02:53.827+0000] {logging_mixin.py:188} INFO - [2024-05-20T09:02:53.826+0000] {dag.py:3954} INFO - Setting next_dagrun for example_sla_dag to 2024-05-20 09:00:00+00:00, run_after=2024-05-20 09:02:00+00:00
[2024-05-20T09:02:53.861+0000] {processor.py:183} INFO - Processing /home/airflow/.local/lib/python3.12/site-packages/airflow/example_dags/example_sla_dag.py took 0.112 seconds
[2024-05-20T09:03:23.951+0000] {processor.py:161} INFO - Started process (PID=4008) to work on /home/airflow/.local/lib/python3.12/site-packages/airflow/example_dags/example_sla_dag.py
[2024-05-20T09:03:23.952+0000] {processor.py:830} INFO - Processing file /home/airflow/.local/lib/python3.12/site-packages/airflow/example_dags/example_sla_dag.py for tasks to queue
[2024-05-20T09:03:23.954+0000] {logging_mixin.py:188} INFO - [2024-05-20T09:03:23.953+0000] {dagbag.py:545} INFO - Filling up the DagBag from /home/airflow/.local/lib/python3.12/site-packages/airflow/example_dags/example_sla_dag.py
[2024-05-20T09:03:23.963+0000] {processor.py:840} INFO - DAG(s) 'example_sla_dag' retrieved from /home/airflow/.local/lib/python3.12/site-packages/airflow/example_dags/example_sla_dag.py
[2024-05-20T09:03:23.985+0000] {logging_mixin.py:188} INFO - [2024-05-20T09:03:23.984+0000] {dag.py:3096} INFO - Sync 1 DAGs
[2024-05-20T09:03:24.016+0000] {logging_mixin.py:188} INFO - [2024-05-20T09:03:24.015+0000] {dag.py:3954} INFO - Setting next_dagrun for example_sla_dag to 2024-05-20 09:00:00+00:00, run_after=2024-05-20 09:02:00+00:00
[2024-05-20T09:03:24.048+0000] {processor.py:183} INFO - Processing /home/airflow/.local/lib/python3.12/site-packages/airflow/example_dags/example_sla_dag.py took 0.103 seconds
[2024-05-20T09:03:54.372+0000] {processor.py:161} INFO - Started process (PID=4070) to work on /home/airflow/.local/lib/python3.12/site-packages/airflow/example_dags/example_sla_dag.py
[2024-05-20T09:03:54.374+0000] {processor.py:830} INFO - Processing file /home/airflow/.local/lib/python3.12/site-packages/airflow/example_dags/example_sla_dag.py for tasks to queue
[2024-05-20T09:03:54.375+0000] {logging_mixin.py:188} INFO - [2024-05-20T09:03:54.375+0000] {dagbag.py:545} INFO - Filling up the DagBag from /home/airflow/.local/lib/python3.12/site-packages/airflow/example_dags/example_sla_dag.py
[2024-05-20T09:03:54.384+0000] {processor.py:840} INFO - DAG(s) 'example_sla_dag' retrieved from /home/airflow/.local/lib/python3.12/site-packages/airflow/example_dags/example_sla_dag.py
[2024-05-20T09:03:54.409+0000] {logging_mixin.py:188} INFO - [2024-05-20T09:03:54.408+0000] {dag.py:3096} INFO - Sync 1 DAGs
[2024-05-20T09:03:54.439+0000] {logging_mixin.py:188} INFO - [2024-05-20T09:03:54.439+0000] {dag.py:3954} INFO - Setting next_dagrun for example_sla_dag to 2024-05-20 09:00:00+00:00, run_after=2024-05-20 09:02:00+00:00
[2024-05-20T09:03:54.468+0000] {processor.py:183} INFO - Processing /home/airflow/.local/lib/python3.12/site-packages/airflow/example_dags/example_sla_dag.py took 0.102 seconds
[2024-05-20T09:04:24.936+0000] {processor.py:161} INFO - Started process (PID=4132) to work on /home/airflow/.local/lib/python3.12/site-packages/airflow/example_dags/example_sla_dag.py
[2024-05-20T09:04:24.938+0000] {processor.py:830} INFO - Processing file /home/airflow/.local/lib/python3.12/site-packages/airflow/example_dags/example_sla_dag.py for tasks to queue
[2024-05-20T09:04:24.939+0000] {logging_mixin.py:188} INFO - [2024-05-20T09:04:24.939+0000] {dagbag.py:545} INFO - Filling up the DagBag from /home/airflow/.local/lib/python3.12/site-packages/airflow/example_dags/example_sla_dag.py
[2024-05-20T09:04:24.955+0000] {processor.py:840} INFO - DAG(s) 'example_sla_dag' retrieved from /home/airflow/.local/lib/python3.12/site-packages/airflow/example_dags/example_sla_dag.py
[2024-05-20T09:04:24.989+0000] {logging_mixin.py:188} INFO - [2024-05-20T09:04:24.989+0000] {dag.py:3096} INFO - Sync 1 DAGs
[2024-05-20T09:04:25.033+0000] {logging_mixin.py:188} INFO - [2024-05-20T09:04:25.033+0000] {dag.py:3954} INFO - Setting next_dagrun for example_sla_dag to 2024-05-20 09:02:00+00:00, run_after=2024-05-20 09:04:00+00:00
[2024-05-20T09:04:25.069+0000] {processor.py:183} INFO - Processing /home/airflow/.local/lib/python3.12/site-packages/airflow/example_dags/example_sla_dag.py took 0.144 seconds
[2024-05-20T09:04:55.215+0000] {processor.py:161} INFO - Started process (PID=4194) to work on /home/airflow/.local/lib/python3.12/site-packages/airflow/example_dags/example_sla_dag.py
[2024-05-20T09:04:55.217+0000] {processor.py:830} INFO - Processing file /home/airflow/.local/lib/python3.12/site-packages/airflow/example_dags/example_sla_dag.py for tasks to queue
[2024-05-20T09:04:55.218+0000] {logging_mixin.py:188} INFO - [2024-05-20T09:04:55.218+0000] {dagbag.py:545} INFO - Filling up the DagBag from /home/airflow/.local/lib/python3.12/site-packages/airflow/example_dags/example_sla_dag.py
[2024-05-20T09:04:55.231+0000] {processor.py:840} INFO - DAG(s) 'example_sla_dag' retrieved from /home/airflow/.local/lib/python3.12/site-packages/airflow/example_dags/example_sla_dag.py
[2024-05-20T09:04:55.261+0000] {logging_mixin.py:188} INFO - [2024-05-20T09:04:55.260+0000] {dag.py:3096} INFO - Sync 1 DAGs
[2024-05-20T09:04:55.298+0000] {logging_mixin.py:188} INFO - [2024-05-20T09:04:55.297+0000] {dag.py:3954} INFO - Setting next_dagrun for example_sla_dag to 2024-05-20 09:02:00+00:00, run_after=2024-05-20 09:04:00+00:00
[2024-05-20T09:04:55.325+0000] {processor.py:183} INFO - Processing /home/airflow/.local/lib/python3.12/site-packages/airflow/example_dags/example_sla_dag.py took 0.118 seconds
[2024-05-20T09:05:25.533+0000] {processor.py:161} INFO - Started process (PID=4256) to work on /home/airflow/.local/lib/python3.12/site-packages/airflow/example_dags/example_sla_dag.py
[2024-05-20T09:05:25.535+0000] {processor.py:830} INFO - Processing file /home/airflow/.local/lib/python3.12/site-packages/airflow/example_dags/example_sla_dag.py for tasks to queue
[2024-05-20T09:05:25.536+0000] {logging_mixin.py:188} INFO - [2024-05-20T09:05:25.535+0000] {dagbag.py:545} INFO - Filling up the DagBag from /home/airflow/.local/lib/python3.12/site-packages/airflow/example_dags/example_sla_dag.py
[2024-05-20T09:05:25.547+0000] {processor.py:840} INFO - DAG(s) 'example_sla_dag' retrieved from /home/airflow/.local/lib/python3.12/site-packages/airflow/example_dags/example_sla_dag.py
[2024-05-20T09:05:25.571+0000] {logging_mixin.py:188} INFO - [2024-05-20T09:05:25.570+0000] {dag.py:3096} INFO - Sync 1 DAGs
[2024-05-20T09:05:25.601+0000] {logging_mixin.py:188} INFO - [2024-05-20T09:05:25.600+0000] {dag.py:3954} INFO - Setting next_dagrun for example_sla_dag to 2024-05-20 09:02:00+00:00, run_after=2024-05-20 09:04:00+00:00
[2024-05-20T09:05:25.623+0000] {processor.py:183} INFO - Processing /home/airflow/.local/lib/python3.12/site-packages/airflow/example_dags/example_sla_dag.py took 0.098 seconds
[2024-05-20T09:11:56.186+0000] {processor.py:161} INFO - Started process (PID=4320) to work on /home/airflow/.local/lib/python3.12/site-packages/airflow/example_dags/example_sla_dag.py
[2024-05-20T09:11:56.196+0000] {processor.py:830} INFO - Processing file /home/airflow/.local/lib/python3.12/site-packages/airflow/example_dags/example_sla_dag.py for tasks to queue
[2024-05-20T09:11:56.260+0000] {logging_mixin.py:188} INFO - [2024-05-20T09:11:56.229+0000] {dagbag.py:545} INFO - Filling up the DagBag from /home/airflow/.local/lib/python3.12/site-packages/airflow/example_dags/example_sla_dag.py
[2024-05-20T09:11:56.488+0000] {processor.py:840} INFO - DAG(s) 'example_sla_dag' retrieved from /home/airflow/.local/lib/python3.12/site-packages/airflow/example_dags/example_sla_dag.py
[2024-05-20T09:11:56.848+0000] {logging_mixin.py:188} INFO - [2024-05-20T09:11:56.846+0000] {dag.py:3096} INFO - Sync 1 DAGs
[2024-05-20T09:11:57.274+0000] {logging_mixin.py:188} INFO - [2024-05-20T09:11:57.271+0000] {dag.py:3954} INFO - Setting next_dagrun for example_sla_dag to 2024-05-20 09:08:00+00:00, run_after=2024-05-20 09:10:00+00:00
[2024-05-20T09:11:57.576+0000] {processor.py:183} INFO - Processing /home/airflow/.local/lib/python3.12/site-packages/airflow/example_dags/example_sla_dag.py took 1.585 seconds
