[2024-05-20T08:30:30.955+0000] {processor.py:161} INFO - Started process (PID=83) to work on /home/airflow/.local/lib/python3.12/site-packages/airflow/example_dags/example_task_group.py
[2024-05-20T08:30:30.958+0000] {processor.py:830} INFO - Processing file /home/airflow/.local/lib/python3.12/site-packages/airflow/example_dags/example_task_group.py for tasks to queue
[2024-05-20T08:30:30.966+0000] {logging_mixin.py:188} INFO - [2024-05-20T08:30:30.966+0000] {dagbag.py:545} INFO - Filling up the DagBag from /home/airflow/.local/lib/python3.12/site-packages/airflow/example_dags/example_task_group.py
[2024-05-20T08:30:31.006+0000] {processor.py:840} INFO - DAG(s) 'example_task_group' retrieved from /home/airflow/.local/lib/python3.12/site-packages/airflow/example_dags/example_task_group.py
[2024-05-20T08:30:31.092+0000] {logging_mixin.py:188} INFO - [2024-05-20T08:30:31.091+0000] {dag.py:3096} INFO - Sync 1 DAGs
[2024-05-20T08:30:31.172+0000] {logging_mixin.py:188} INFO - [2024-05-20T08:30:31.171+0000] {dag.py:3954} INFO - Setting next_dagrun for example_task_group to 2024-05-19 00:00:00+00:00, run_after=2024-05-20 00:00:00+00:00
[2024-05-20T08:30:31.386+0000] {processor.py:183} INFO - Processing /home/airflow/.local/lib/python3.12/site-packages/airflow/example_dags/example_task_group.py took 0.438 seconds
[2024-05-20T08:31:51.481+0000] {processor.py:161} INFO - Started process (PID=182) to work on /home/airflow/.local/lib/python3.12/site-packages/airflow/example_dags/example_task_group.py
[2024-05-20T08:31:51.489+0000] {processor.py:830} INFO - Processing file /home/airflow/.local/lib/python3.12/site-packages/airflow/example_dags/example_task_group.py for tasks to queue
[2024-05-20T08:31:51.500+0000] {logging_mixin.py:188} INFO - [2024-05-20T08:31:51.499+0000] {dagbag.py:545} INFO - Filling up the DagBag from /home/airflow/.local/lib/python3.12/site-packages/airflow/example_dags/example_task_group.py
[2024-05-20T08:31:51.517+0000] {processor.py:840} INFO - DAG(s) 'example_task_group' retrieved from /home/airflow/.local/lib/python3.12/site-packages/airflow/example_dags/example_task_group.py
[2024-05-20T08:31:51.571+0000] {logging_mixin.py:188} INFO - [2024-05-20T08:31:51.571+0000] {dag.py:3096} INFO - Sync 1 DAGs
[2024-05-20T08:31:51.628+0000] {logging_mixin.py:188} INFO - [2024-05-20T08:31:51.628+0000] {dag.py:3954} INFO - Setting next_dagrun for example_task_group to 2024-05-19 00:00:00+00:00, run_after=2024-05-20 00:00:00+00:00
[2024-05-20T08:31:51.890+0000] {processor.py:183} INFO - Processing /home/airflow/.local/lib/python3.12/site-packages/airflow/example_dags/example_task_group.py took 0.420 seconds
[2024-05-20T08:32:22.192+0000] {processor.py:161} INFO - Started process (PID=250) to work on /home/airflow/.local/lib/python3.12/site-packages/airflow/example_dags/example_task_group.py
[2024-05-20T08:32:22.193+0000] {processor.py:830} INFO - Processing file /home/airflow/.local/lib/python3.12/site-packages/airflow/example_dags/example_task_group.py for tasks to queue
[2024-05-20T08:32:22.196+0000] {logging_mixin.py:188} INFO - [2024-05-20T08:32:22.196+0000] {dagbag.py:545} INFO - Filling up the DagBag from /home/airflow/.local/lib/python3.12/site-packages/airflow/example_dags/example_task_group.py
[2024-05-20T08:32:22.207+0000] {processor.py:840} INFO - DAG(s) 'example_task_group' retrieved from /home/airflow/.local/lib/python3.12/site-packages/airflow/example_dags/example_task_group.py
[2024-05-20T08:32:22.235+0000] {logging_mixin.py:188} INFO - [2024-05-20T08:32:22.235+0000] {dag.py:3096} INFO - Sync 1 DAGs
[2024-05-20T08:32:22.283+0000] {logging_mixin.py:188} INFO - [2024-05-20T08:32:22.282+0000] {dag.py:3954} INFO - Setting next_dagrun for example_task_group to 2024-05-19 00:00:00+00:00, run_after=2024-05-20 00:00:00+00:00
[2024-05-20T08:32:22.554+0000] {processor.py:183} INFO - Processing /home/airflow/.local/lib/python3.12/site-packages/airflow/example_dags/example_task_group.py took 0.370 seconds
[2024-05-20T08:32:52.893+0000] {processor.py:161} INFO - Started process (PID=311) to work on /home/airflow/.local/lib/python3.12/site-packages/airflow/example_dags/example_task_group.py
[2024-05-20T08:32:52.895+0000] {processor.py:830} INFO - Processing file /home/airflow/.local/lib/python3.12/site-packages/airflow/example_dags/example_task_group.py for tasks to queue
[2024-05-20T08:32:52.898+0000] {logging_mixin.py:188} INFO - [2024-05-20T08:32:52.897+0000] {dagbag.py:545} INFO - Filling up the DagBag from /home/airflow/.local/lib/python3.12/site-packages/airflow/example_dags/example_task_group.py
[2024-05-20T08:32:52.911+0000] {processor.py:840} INFO - DAG(s) 'example_task_group' retrieved from /home/airflow/.local/lib/python3.12/site-packages/airflow/example_dags/example_task_group.py
[2024-05-20T08:32:52.943+0000] {logging_mixin.py:188} INFO - [2024-05-20T08:32:52.943+0000] {dag.py:3096} INFO - Sync 1 DAGs
[2024-05-20T08:32:52.979+0000] {logging_mixin.py:188} INFO - [2024-05-20T08:32:52.979+0000] {dag.py:3954} INFO - Setting next_dagrun for example_task_group to 2024-05-19 00:00:00+00:00, run_after=2024-05-20 00:00:00+00:00
[2024-05-20T08:32:53.016+0000] {processor.py:183} INFO - Processing /home/airflow/.local/lib/python3.12/site-packages/airflow/example_dags/example_task_group.py took 0.130 seconds
[2024-05-20T08:33:23.588+0000] {processor.py:161} INFO - Started process (PID=372) to work on /home/airflow/.local/lib/python3.12/site-packages/airflow/example_dags/example_task_group.py
[2024-05-20T08:33:23.589+0000] {processor.py:830} INFO - Processing file /home/airflow/.local/lib/python3.12/site-packages/airflow/example_dags/example_task_group.py for tasks to queue
[2024-05-20T08:33:23.593+0000] {logging_mixin.py:188} INFO - [2024-05-20T08:33:23.593+0000] {dagbag.py:545} INFO - Filling up the DagBag from /home/airflow/.local/lib/python3.12/site-packages/airflow/example_dags/example_task_group.py
[2024-05-20T08:33:23.616+0000] {processor.py:840} INFO - DAG(s) 'example_task_group' retrieved from /home/airflow/.local/lib/python3.12/site-packages/airflow/example_dags/example_task_group.py
[2024-05-20T08:33:23.700+0000] {logging_mixin.py:188} INFO - [2024-05-20T08:33:23.699+0000] {dag.py:3096} INFO - Sync 1 DAGs
[2024-05-20T08:33:23.815+0000] {logging_mixin.py:188} INFO - [2024-05-20T08:33:23.814+0000] {dag.py:3954} INFO - Setting next_dagrun for example_task_group to 2024-05-19 00:00:00+00:00, run_after=2024-05-20 00:00:00+00:00
[2024-05-20T08:33:23.863+0000] {processor.py:183} INFO - Processing /home/airflow/.local/lib/python3.12/site-packages/airflow/example_dags/example_task_group.py took 0.287 seconds
[2024-05-20T08:33:54.415+0000] {processor.py:161} INFO - Started process (PID=433) to work on /home/airflow/.local/lib/python3.12/site-packages/airflow/example_dags/example_task_group.py
[2024-05-20T08:33:54.416+0000] {processor.py:830} INFO - Processing file /home/airflow/.local/lib/python3.12/site-packages/airflow/example_dags/example_task_group.py for tasks to queue
[2024-05-20T08:33:54.418+0000] {logging_mixin.py:188} INFO - [2024-05-20T08:33:54.418+0000] {dagbag.py:545} INFO - Filling up the DagBag from /home/airflow/.local/lib/python3.12/site-packages/airflow/example_dags/example_task_group.py
[2024-05-20T08:33:54.429+0000] {processor.py:840} INFO - DAG(s) 'example_task_group' retrieved from /home/airflow/.local/lib/python3.12/site-packages/airflow/example_dags/example_task_group.py
[2024-05-20T08:33:54.460+0000] {logging_mixin.py:188} INFO - [2024-05-20T08:33:54.460+0000] {dag.py:3096} INFO - Sync 1 DAGs
[2024-05-20T08:33:54.486+0000] {logging_mixin.py:188} INFO - [2024-05-20T08:33:54.486+0000] {dag.py:3954} INFO - Setting next_dagrun for example_task_group to 2024-05-19 00:00:00+00:00, run_after=2024-05-20 00:00:00+00:00
[2024-05-20T08:33:54.518+0000] {processor.py:183} INFO - Processing /home/airflow/.local/lib/python3.12/site-packages/airflow/example_dags/example_task_group.py took 0.114 seconds
[2024-05-20T08:34:24.845+0000] {processor.py:161} INFO - Started process (PID=494) to work on /home/airflow/.local/lib/python3.12/site-packages/airflow/example_dags/example_task_group.py
[2024-05-20T08:34:24.847+0000] {processor.py:830} INFO - Processing file /home/airflow/.local/lib/python3.12/site-packages/airflow/example_dags/example_task_group.py for tasks to queue
[2024-05-20T08:34:24.851+0000] {logging_mixin.py:188} INFO - [2024-05-20T08:34:24.850+0000] {dagbag.py:545} INFO - Filling up the DagBag from /home/airflow/.local/lib/python3.12/site-packages/airflow/example_dags/example_task_group.py
[2024-05-20T08:34:24.870+0000] {processor.py:840} INFO - DAG(s) 'example_task_group' retrieved from /home/airflow/.local/lib/python3.12/site-packages/airflow/example_dags/example_task_group.py
[2024-05-20T08:34:24.907+0000] {logging_mixin.py:188} INFO - [2024-05-20T08:34:24.907+0000] {dag.py:3096} INFO - Sync 1 DAGs
[2024-05-20T08:34:24.948+0000] {logging_mixin.py:188} INFO - [2024-05-20T08:34:24.947+0000] {dag.py:3954} INFO - Setting next_dagrun for example_task_group to 2024-05-19 00:00:00+00:00, run_after=2024-05-20 00:00:00+00:00
[2024-05-20T08:34:24.974+0000] {processor.py:183} INFO - Processing /home/airflow/.local/lib/python3.12/site-packages/airflow/example_dags/example_task_group.py took 0.144 seconds
[2024-05-20T08:34:55.280+0000] {processor.py:161} INFO - Started process (PID=554) to work on /home/airflow/.local/lib/python3.12/site-packages/airflow/example_dags/example_task_group.py
[2024-05-20T08:34:55.282+0000] {processor.py:830} INFO - Processing file /home/airflow/.local/lib/python3.12/site-packages/airflow/example_dags/example_task_group.py for tasks to queue
[2024-05-20T08:34:55.285+0000] {logging_mixin.py:188} INFO - [2024-05-20T08:34:55.284+0000] {dagbag.py:545} INFO - Filling up the DagBag from /home/airflow/.local/lib/python3.12/site-packages/airflow/example_dags/example_task_group.py
[2024-05-20T08:34:55.297+0000] {processor.py:840} INFO - DAG(s) 'example_task_group' retrieved from /home/airflow/.local/lib/python3.12/site-packages/airflow/example_dags/example_task_group.py
[2024-05-20T08:34:55.340+0000] {logging_mixin.py:188} INFO - [2024-05-20T08:34:55.339+0000] {dag.py:3096} INFO - Sync 1 DAGs
[2024-05-20T08:34:55.403+0000] {logging_mixin.py:188} INFO - [2024-05-20T08:34:55.403+0000] {dag.py:3954} INFO - Setting next_dagrun for example_task_group to 2024-05-19 00:00:00+00:00, run_after=2024-05-20 00:00:00+00:00
[2024-05-20T08:34:55.490+0000] {processor.py:183} INFO - Processing /home/airflow/.local/lib/python3.12/site-packages/airflow/example_dags/example_task_group.py took 0.216 seconds
[2024-05-20T08:35:25.801+0000] {processor.py:161} INFO - Started process (PID=616) to work on /home/airflow/.local/lib/python3.12/site-packages/airflow/example_dags/example_task_group.py
[2024-05-20T08:35:25.803+0000] {processor.py:830} INFO - Processing file /home/airflow/.local/lib/python3.12/site-packages/airflow/example_dags/example_task_group.py for tasks to queue
[2024-05-20T08:35:25.806+0000] {logging_mixin.py:188} INFO - [2024-05-20T08:35:25.806+0000] {dagbag.py:545} INFO - Filling up the DagBag from /home/airflow/.local/lib/python3.12/site-packages/airflow/example_dags/example_task_group.py
[2024-05-20T08:35:25.818+0000] {processor.py:840} INFO - DAG(s) 'example_task_group' retrieved from /home/airflow/.local/lib/python3.12/site-packages/airflow/example_dags/example_task_group.py
[2024-05-20T08:35:25.856+0000] {logging_mixin.py:188} INFO - [2024-05-20T08:35:25.856+0000] {dag.py:3096} INFO - Sync 1 DAGs
[2024-05-20T08:35:25.901+0000] {logging_mixin.py:188} INFO - [2024-05-20T08:35:25.901+0000] {dag.py:3954} INFO - Setting next_dagrun for example_task_group to 2024-05-19 00:00:00+00:00, run_after=2024-05-20 00:00:00+00:00
[2024-05-20T08:35:25.937+0000] {processor.py:183} INFO - Processing /home/airflow/.local/lib/python3.12/site-packages/airflow/example_dags/example_task_group.py took 0.147 seconds
[2024-05-20T08:35:56.031+0000] {processor.py:161} INFO - Started process (PID=677) to work on /home/airflow/.local/lib/python3.12/site-packages/airflow/example_dags/example_task_group.py
[2024-05-20T08:35:56.034+0000] {processor.py:830} INFO - Processing file /home/airflow/.local/lib/python3.12/site-packages/airflow/example_dags/example_task_group.py for tasks to queue
[2024-05-20T08:35:56.038+0000] {logging_mixin.py:188} INFO - [2024-05-20T08:35:56.037+0000] {dagbag.py:545} INFO - Filling up the DagBag from /home/airflow/.local/lib/python3.12/site-packages/airflow/example_dags/example_task_group.py
[2024-05-20T08:35:56.053+0000] {processor.py:840} INFO - DAG(s) 'example_task_group' retrieved from /home/airflow/.local/lib/python3.12/site-packages/airflow/example_dags/example_task_group.py
[2024-05-20T08:35:56.089+0000] {logging_mixin.py:188} INFO - [2024-05-20T08:35:56.089+0000] {dag.py:3096} INFO - Sync 1 DAGs
[2024-05-20T08:35:56.125+0000] {logging_mixin.py:188} INFO - [2024-05-20T08:35:56.125+0000] {dag.py:3954} INFO - Setting next_dagrun for example_task_group to 2024-05-19 00:00:00+00:00, run_after=2024-05-20 00:00:00+00:00
[2024-05-20T08:35:56.158+0000] {processor.py:183} INFO - Processing /home/airflow/.local/lib/python3.12/site-packages/airflow/example_dags/example_task_group.py took 0.137 seconds
[2024-05-20T08:36:26.220+0000] {processor.py:161} INFO - Started process (PID=738) to work on /home/airflow/.local/lib/python3.12/site-packages/airflow/example_dags/example_task_group.py
[2024-05-20T08:36:26.222+0000] {processor.py:830} INFO - Processing file /home/airflow/.local/lib/python3.12/site-packages/airflow/example_dags/example_task_group.py for tasks to queue
[2024-05-20T08:36:26.225+0000] {logging_mixin.py:188} INFO - [2024-05-20T08:36:26.224+0000] {dagbag.py:545} INFO - Filling up the DagBag from /home/airflow/.local/lib/python3.12/site-packages/airflow/example_dags/example_task_group.py
[2024-05-20T08:36:26.234+0000] {processor.py:840} INFO - DAG(s) 'example_task_group' retrieved from /home/airflow/.local/lib/python3.12/site-packages/airflow/example_dags/example_task_group.py
[2024-05-20T08:36:26.269+0000] {logging_mixin.py:188} INFO - [2024-05-20T08:36:26.269+0000] {dag.py:3096} INFO - Sync 1 DAGs
[2024-05-20T08:36:26.321+0000] {logging_mixin.py:188} INFO - [2024-05-20T08:36:26.320+0000] {dag.py:3954} INFO - Setting next_dagrun for example_task_group to 2024-05-19 00:00:00+00:00, run_after=2024-05-20 00:00:00+00:00
[2024-05-20T08:36:26.400+0000] {processor.py:183} INFO - Processing /home/airflow/.local/lib/python3.12/site-packages/airflow/example_dags/example_task_group.py took 0.188 seconds
[2024-05-20T08:36:56.639+0000] {processor.py:161} INFO - Started process (PID=798) to work on /home/airflow/.local/lib/python3.12/site-packages/airflow/example_dags/example_task_group.py
[2024-05-20T08:36:56.640+0000] {processor.py:830} INFO - Processing file /home/airflow/.local/lib/python3.12/site-packages/airflow/example_dags/example_task_group.py for tasks to queue
[2024-05-20T08:36:56.643+0000] {logging_mixin.py:188} INFO - [2024-05-20T08:36:56.643+0000] {dagbag.py:545} INFO - Filling up the DagBag from /home/airflow/.local/lib/python3.12/site-packages/airflow/example_dags/example_task_group.py
[2024-05-20T08:36:56.656+0000] {processor.py:840} INFO - DAG(s) 'example_task_group' retrieved from /home/airflow/.local/lib/python3.12/site-packages/airflow/example_dags/example_task_group.py
[2024-05-20T08:36:56.686+0000] {logging_mixin.py:188} INFO - [2024-05-20T08:36:56.685+0000] {dag.py:3096} INFO - Sync 1 DAGs
[2024-05-20T08:36:56.720+0000] {logging_mixin.py:188} INFO - [2024-05-20T08:36:56.720+0000] {dag.py:3954} INFO - Setting next_dagrun for example_task_group to 2024-05-19 00:00:00+00:00, run_after=2024-05-20 00:00:00+00:00
[2024-05-20T08:36:56.752+0000] {processor.py:183} INFO - Processing /home/airflow/.local/lib/python3.12/site-packages/airflow/example_dags/example_task_group.py took 0.121 seconds
[2024-05-20T08:37:26.968+0000] {processor.py:161} INFO - Started process (PID=860) to work on /home/airflow/.local/lib/python3.12/site-packages/airflow/example_dags/example_task_group.py
[2024-05-20T08:37:26.969+0000] {processor.py:830} INFO - Processing file /home/airflow/.local/lib/python3.12/site-packages/airflow/example_dags/example_task_group.py for tasks to queue
[2024-05-20T08:37:26.972+0000] {logging_mixin.py:188} INFO - [2024-05-20T08:37:26.972+0000] {dagbag.py:545} INFO - Filling up the DagBag from /home/airflow/.local/lib/python3.12/site-packages/airflow/example_dags/example_task_group.py
[2024-05-20T08:37:26.983+0000] {processor.py:840} INFO - DAG(s) 'example_task_group' retrieved from /home/airflow/.local/lib/python3.12/site-packages/airflow/example_dags/example_task_group.py
[2024-05-20T08:37:27.017+0000] {logging_mixin.py:188} INFO - [2024-05-20T08:37:27.017+0000] {dag.py:3096} INFO - Sync 1 DAGs
[2024-05-20T08:37:27.046+0000] {logging_mixin.py:188} INFO - [2024-05-20T08:37:27.045+0000] {dag.py:3954} INFO - Setting next_dagrun for example_task_group to 2024-05-19 00:00:00+00:00, run_after=2024-05-20 00:00:00+00:00
[2024-05-20T08:37:27.081+0000] {processor.py:183} INFO - Processing /home/airflow/.local/lib/python3.12/site-packages/airflow/example_dags/example_task_group.py took 0.123 seconds
[2024-05-20T08:37:57.532+0000] {processor.py:161} INFO - Started process (PID=919) to work on /home/airflow/.local/lib/python3.12/site-packages/airflow/example_dags/example_task_group.py
[2024-05-20T08:37:57.533+0000] {processor.py:830} INFO - Processing file /home/airflow/.local/lib/python3.12/site-packages/airflow/example_dags/example_task_group.py for tasks to queue
[2024-05-20T08:37:57.536+0000] {logging_mixin.py:188} INFO - [2024-05-20T08:37:57.535+0000] {dagbag.py:545} INFO - Filling up the DagBag from /home/airflow/.local/lib/python3.12/site-packages/airflow/example_dags/example_task_group.py
[2024-05-20T08:37:57.544+0000] {processor.py:840} INFO - DAG(s) 'example_task_group' retrieved from /home/airflow/.local/lib/python3.12/site-packages/airflow/example_dags/example_task_group.py
[2024-05-20T08:37:57.575+0000] {logging_mixin.py:188} INFO - [2024-05-20T08:37:57.574+0000] {dag.py:3096} INFO - Sync 1 DAGs
[2024-05-20T08:37:57.606+0000] {logging_mixin.py:188} INFO - [2024-05-20T08:37:57.605+0000] {dag.py:3954} INFO - Setting next_dagrun for example_task_group to 2024-05-19 00:00:00+00:00, run_after=2024-05-20 00:00:00+00:00
[2024-05-20T08:37:57.636+0000] {processor.py:183} INFO - Processing /home/airflow/.local/lib/python3.12/site-packages/airflow/example_dags/example_task_group.py took 0.112 seconds
[2024-05-20T08:38:27.930+0000] {processor.py:161} INFO - Started process (PID=980) to work on /home/airflow/.local/lib/python3.12/site-packages/airflow/example_dags/example_task_group.py
[2024-05-20T08:38:27.931+0000] {processor.py:830} INFO - Processing file /home/airflow/.local/lib/python3.12/site-packages/airflow/example_dags/example_task_group.py for tasks to queue
[2024-05-20T08:38:27.933+0000] {logging_mixin.py:188} INFO - [2024-05-20T08:38:27.933+0000] {dagbag.py:545} INFO - Filling up the DagBag from /home/airflow/.local/lib/python3.12/site-packages/airflow/example_dags/example_task_group.py
[2024-05-20T08:38:27.941+0000] {processor.py:840} INFO - DAG(s) 'example_task_group' retrieved from /home/airflow/.local/lib/python3.12/site-packages/airflow/example_dags/example_task_group.py
[2024-05-20T08:38:27.964+0000] {logging_mixin.py:188} INFO - [2024-05-20T08:38:27.963+0000] {dag.py:3096} INFO - Sync 1 DAGs
[2024-05-20T08:38:27.988+0000] {logging_mixin.py:188} INFO - [2024-05-20T08:38:27.988+0000] {dag.py:3954} INFO - Setting next_dagrun for example_task_group to 2024-05-19 00:00:00+00:00, run_after=2024-05-20 00:00:00+00:00
[2024-05-20T08:38:28.011+0000] {processor.py:183} INFO - Processing /home/airflow/.local/lib/python3.12/site-packages/airflow/example_dags/example_task_group.py took 0.088 seconds
[2024-05-20T08:38:59.001+0000] {processor.py:161} INFO - Started process (PID=1041) to work on /home/airflow/.local/lib/python3.12/site-packages/airflow/example_dags/example_task_group.py
[2024-05-20T08:38:59.003+0000] {processor.py:830} INFO - Processing file /home/airflow/.local/lib/python3.12/site-packages/airflow/example_dags/example_task_group.py for tasks to queue
[2024-05-20T08:38:59.008+0000] {logging_mixin.py:188} INFO - [2024-05-20T08:38:59.007+0000] {dagbag.py:545} INFO - Filling up the DagBag from /home/airflow/.local/lib/python3.12/site-packages/airflow/example_dags/example_task_group.py
[2024-05-20T08:38:59.023+0000] {processor.py:840} INFO - DAG(s) 'example_task_group' retrieved from /home/airflow/.local/lib/python3.12/site-packages/airflow/example_dags/example_task_group.py
[2024-05-20T08:38:59.058+0000] {logging_mixin.py:188} INFO - [2024-05-20T08:38:59.058+0000] {dag.py:3096} INFO - Sync 1 DAGs
[2024-05-20T08:38:59.103+0000] {logging_mixin.py:188} INFO - [2024-05-20T08:38:59.103+0000] {dag.py:3954} INFO - Setting next_dagrun for example_task_group to 2024-05-19 00:00:00+00:00, run_after=2024-05-20 00:00:00+00:00
[2024-05-20T08:38:59.136+0000] {processor.py:183} INFO - Processing /home/airflow/.local/lib/python3.12/site-packages/airflow/example_dags/example_task_group.py took 0.152 seconds
[2024-05-20T08:39:29.439+0000] {processor.py:161} INFO - Started process (PID=1102) to work on /home/airflow/.local/lib/python3.12/site-packages/airflow/example_dags/example_task_group.py
[2024-05-20T08:39:29.441+0000] {processor.py:830} INFO - Processing file /home/airflow/.local/lib/python3.12/site-packages/airflow/example_dags/example_task_group.py for tasks to queue
[2024-05-20T08:39:29.444+0000] {logging_mixin.py:188} INFO - [2024-05-20T08:39:29.444+0000] {dagbag.py:545} INFO - Filling up the DagBag from /home/airflow/.local/lib/python3.12/site-packages/airflow/example_dags/example_task_group.py
[2024-05-20T08:39:29.459+0000] {processor.py:840} INFO - DAG(s) 'example_task_group' retrieved from /home/airflow/.local/lib/python3.12/site-packages/airflow/example_dags/example_task_group.py
[2024-05-20T08:39:29.504+0000] {logging_mixin.py:188} INFO - [2024-05-20T08:39:29.503+0000] {dag.py:3096} INFO - Sync 1 DAGs
[2024-05-20T08:39:29.547+0000] {logging_mixin.py:188} INFO - [2024-05-20T08:39:29.547+0000] {dag.py:3954} INFO - Setting next_dagrun for example_task_group to 2024-05-19 00:00:00+00:00, run_after=2024-05-20 00:00:00+00:00
[2024-05-20T08:39:29.597+0000] {processor.py:183} INFO - Processing /home/airflow/.local/lib/python3.12/site-packages/airflow/example_dags/example_task_group.py took 0.167 seconds
[2024-05-20T08:40:00.348+0000] {processor.py:161} INFO - Started process (PID=1163) to work on /home/airflow/.local/lib/python3.12/site-packages/airflow/example_dags/example_task_group.py
[2024-05-20T08:40:00.350+0000] {processor.py:830} INFO - Processing file /home/airflow/.local/lib/python3.12/site-packages/airflow/example_dags/example_task_group.py for tasks to queue
[2024-05-20T08:40:00.352+0000] {logging_mixin.py:188} INFO - [2024-05-20T08:40:00.351+0000] {dagbag.py:545} INFO - Filling up the DagBag from /home/airflow/.local/lib/python3.12/site-packages/airflow/example_dags/example_task_group.py
[2024-05-20T08:40:00.359+0000] {processor.py:840} INFO - DAG(s) 'example_task_group' retrieved from /home/airflow/.local/lib/python3.12/site-packages/airflow/example_dags/example_task_group.py
[2024-05-20T08:40:00.381+0000] {logging_mixin.py:188} INFO - [2024-05-20T08:40:00.381+0000] {dag.py:3096} INFO - Sync 1 DAGs
[2024-05-20T08:40:00.403+0000] {logging_mixin.py:188} INFO - [2024-05-20T08:40:00.402+0000] {dag.py:3954} INFO - Setting next_dagrun for example_task_group to 2024-05-19 00:00:00+00:00, run_after=2024-05-20 00:00:00+00:00
[2024-05-20T08:40:00.431+0000] {processor.py:183} INFO - Processing /home/airflow/.local/lib/python3.12/site-packages/airflow/example_dags/example_task_group.py took 0.089 seconds
[2024-05-20T08:40:30.559+0000] {processor.py:161} INFO - Started process (PID=1229) to work on /home/airflow/.local/lib/python3.12/site-packages/airflow/example_dags/example_task_group.py
[2024-05-20T08:40:30.560+0000] {processor.py:830} INFO - Processing file /home/airflow/.local/lib/python3.12/site-packages/airflow/example_dags/example_task_group.py for tasks to queue
[2024-05-20T08:40:30.562+0000] {logging_mixin.py:188} INFO - [2024-05-20T08:40:30.562+0000] {dagbag.py:545} INFO - Filling up the DagBag from /home/airflow/.local/lib/python3.12/site-packages/airflow/example_dags/example_task_group.py
[2024-05-20T08:40:30.570+0000] {processor.py:840} INFO - DAG(s) 'example_task_group' retrieved from /home/airflow/.local/lib/python3.12/site-packages/airflow/example_dags/example_task_group.py
[2024-05-20T08:40:30.592+0000] {logging_mixin.py:188} INFO - [2024-05-20T08:40:30.592+0000] {dag.py:3096} INFO - Sync 1 DAGs
[2024-05-20T08:40:30.618+0000] {logging_mixin.py:188} INFO - [2024-05-20T08:40:30.618+0000] {dag.py:3954} INFO - Setting next_dagrun for example_task_group to 2024-05-19 00:00:00+00:00, run_after=2024-05-20 00:00:00+00:00
[2024-05-20T08:40:30.646+0000] {processor.py:183} INFO - Processing /home/airflow/.local/lib/python3.12/site-packages/airflow/example_dags/example_task_group.py took 0.092 seconds
[2024-05-20T08:41:00.975+0000] {processor.py:161} INFO - Started process (PID=1292) to work on /home/airflow/.local/lib/python3.12/site-packages/airflow/example_dags/example_task_group.py
[2024-05-20T08:41:00.976+0000] {processor.py:830} INFO - Processing file /home/airflow/.local/lib/python3.12/site-packages/airflow/example_dags/example_task_group.py for tasks to queue
[2024-05-20T08:41:00.979+0000] {logging_mixin.py:188} INFO - [2024-05-20T08:41:00.978+0000] {dagbag.py:545} INFO - Filling up the DagBag from /home/airflow/.local/lib/python3.12/site-packages/airflow/example_dags/example_task_group.py
[2024-05-20T08:41:00.986+0000] {processor.py:840} INFO - DAG(s) 'example_task_group' retrieved from /home/airflow/.local/lib/python3.12/site-packages/airflow/example_dags/example_task_group.py
[2024-05-20T08:41:01.008+0000] {logging_mixin.py:188} INFO - [2024-05-20T08:41:01.008+0000] {dag.py:3096} INFO - Sync 1 DAGs
[2024-05-20T08:41:01.032+0000] {logging_mixin.py:188} INFO - [2024-05-20T08:41:01.032+0000] {dag.py:3954} INFO - Setting next_dagrun for example_task_group to 2024-05-19 00:00:00+00:00, run_after=2024-05-20 00:00:00+00:00
[2024-05-20T08:41:01.055+0000] {processor.py:183} INFO - Processing /home/airflow/.local/lib/python3.12/site-packages/airflow/example_dags/example_task_group.py took 0.085 seconds
[2024-05-20T08:41:31.435+0000] {processor.py:161} INFO - Started process (PID=1355) to work on /home/airflow/.local/lib/python3.12/site-packages/airflow/example_dags/example_task_group.py
[2024-05-20T08:41:31.436+0000] {processor.py:830} INFO - Processing file /home/airflow/.local/lib/python3.12/site-packages/airflow/example_dags/example_task_group.py for tasks to queue
[2024-05-20T08:41:31.437+0000] {logging_mixin.py:188} INFO - [2024-05-20T08:41:31.437+0000] {dagbag.py:545} INFO - Filling up the DagBag from /home/airflow/.local/lib/python3.12/site-packages/airflow/example_dags/example_task_group.py
[2024-05-20T08:41:31.450+0000] {processor.py:840} INFO - DAG(s) 'example_task_group' retrieved from /home/airflow/.local/lib/python3.12/site-packages/airflow/example_dags/example_task_group.py
[2024-05-20T08:41:31.482+0000] {logging_mixin.py:188} INFO - [2024-05-20T08:41:31.481+0000] {dag.py:3096} INFO - Sync 1 DAGs
[2024-05-20T08:41:31.516+0000] {logging_mixin.py:188} INFO - [2024-05-20T08:41:31.515+0000] {dag.py:3954} INFO - Setting next_dagrun for example_task_group to 2024-05-19 00:00:00+00:00, run_after=2024-05-20 00:00:00+00:00
[2024-05-20T08:41:31.544+0000] {processor.py:183} INFO - Processing /home/airflow/.local/lib/python3.12/site-packages/airflow/example_dags/example_task_group.py took 0.115 seconds
[2024-05-20T08:42:02.253+0000] {processor.py:161} INFO - Started process (PID=1417) to work on /home/airflow/.local/lib/python3.12/site-packages/airflow/example_dags/example_task_group.py
[2024-05-20T08:42:02.254+0000] {processor.py:830} INFO - Processing file /home/airflow/.local/lib/python3.12/site-packages/airflow/example_dags/example_task_group.py for tasks to queue
[2024-05-20T08:42:02.255+0000] {logging_mixin.py:188} INFO - [2024-05-20T08:42:02.255+0000] {dagbag.py:545} INFO - Filling up the DagBag from /home/airflow/.local/lib/python3.12/site-packages/airflow/example_dags/example_task_group.py
[2024-05-20T08:42:02.262+0000] {processor.py:840} INFO - DAG(s) 'example_task_group' retrieved from /home/airflow/.local/lib/python3.12/site-packages/airflow/example_dags/example_task_group.py
[2024-05-20T08:42:02.287+0000] {logging_mixin.py:188} INFO - [2024-05-20T08:42:02.287+0000] {dag.py:3096} INFO - Sync 1 DAGs
[2024-05-20T08:42:02.306+0000] {logging_mixin.py:188} INFO - [2024-05-20T08:42:02.306+0000] {dag.py:3954} INFO - Setting next_dagrun for example_task_group to 2024-05-19 00:00:00+00:00, run_after=2024-05-20 00:00:00+00:00
[2024-05-20T08:42:02.332+0000] {processor.py:183} INFO - Processing /home/airflow/.local/lib/python3.12/site-packages/airflow/example_dags/example_task_group.py took 0.084 seconds
[2024-05-20T08:42:32.560+0000] {processor.py:161} INFO - Started process (PID=1478) to work on /home/airflow/.local/lib/python3.12/site-packages/airflow/example_dags/example_task_group.py
[2024-05-20T08:42:32.561+0000] {processor.py:830} INFO - Processing file /home/airflow/.local/lib/python3.12/site-packages/airflow/example_dags/example_task_group.py for tasks to queue
[2024-05-20T08:42:32.563+0000] {logging_mixin.py:188} INFO - [2024-05-20T08:42:32.562+0000] {dagbag.py:545} INFO - Filling up the DagBag from /home/airflow/.local/lib/python3.12/site-packages/airflow/example_dags/example_task_group.py
[2024-05-20T08:42:32.580+0000] {processor.py:840} INFO - DAG(s) 'example_task_group' retrieved from /home/airflow/.local/lib/python3.12/site-packages/airflow/example_dags/example_task_group.py
[2024-05-20T08:42:32.617+0000] {logging_mixin.py:188} INFO - [2024-05-20T08:42:32.617+0000] {dag.py:3096} INFO - Sync 1 DAGs
[2024-05-20T08:42:32.653+0000] {logging_mixin.py:188} INFO - [2024-05-20T08:42:32.653+0000] {dag.py:3954} INFO - Setting next_dagrun for example_task_group to 2024-05-19 00:00:00+00:00, run_after=2024-05-20 00:00:00+00:00
[2024-05-20T08:42:32.692+0000] {processor.py:183} INFO - Processing /home/airflow/.local/lib/python3.12/site-packages/airflow/example_dags/example_task_group.py took 0.149 seconds
[2024-05-20T08:43:04.013+0000] {processor.py:161} INFO - Started process (PID=1539) to work on /home/airflow/.local/lib/python3.12/site-packages/airflow/example_dags/example_task_group.py
[2024-05-20T08:43:04.015+0000] {processor.py:830} INFO - Processing file /home/airflow/.local/lib/python3.12/site-packages/airflow/example_dags/example_task_group.py for tasks to queue
[2024-05-20T08:43:04.016+0000] {logging_mixin.py:188} INFO - [2024-05-20T08:43:04.016+0000] {dagbag.py:545} INFO - Filling up the DagBag from /home/airflow/.local/lib/python3.12/site-packages/airflow/example_dags/example_task_group.py
[2024-05-20T08:43:04.033+0000] {processor.py:840} INFO - DAG(s) 'example_task_group' retrieved from /home/airflow/.local/lib/python3.12/site-packages/airflow/example_dags/example_task_group.py
[2024-05-20T08:43:04.073+0000] {logging_mixin.py:188} INFO - [2024-05-20T08:43:04.073+0000] {dag.py:3096} INFO - Sync 1 DAGs
[2024-05-20T08:43:04.116+0000] {logging_mixin.py:188} INFO - [2024-05-20T08:43:04.115+0000] {dag.py:3954} INFO - Setting next_dagrun for example_task_group to 2024-05-19 00:00:00+00:00, run_after=2024-05-20 00:00:00+00:00
[2024-05-20T08:43:04.388+0000] {processor.py:183} INFO - Processing /home/airflow/.local/lib/python3.12/site-packages/airflow/example_dags/example_task_group.py took 0.386 seconds
[2024-05-20T08:43:34.487+0000] {processor.py:161} INFO - Started process (PID=1600) to work on /home/airflow/.local/lib/python3.12/site-packages/airflow/example_dags/example_task_group.py
[2024-05-20T08:43:34.488+0000] {processor.py:830} INFO - Processing file /home/airflow/.local/lib/python3.12/site-packages/airflow/example_dags/example_task_group.py for tasks to queue
[2024-05-20T08:43:34.490+0000] {logging_mixin.py:188} INFO - [2024-05-20T08:43:34.489+0000] {dagbag.py:545} INFO - Filling up the DagBag from /home/airflow/.local/lib/python3.12/site-packages/airflow/example_dags/example_task_group.py
[2024-05-20T08:43:34.498+0000] {processor.py:840} INFO - DAG(s) 'example_task_group' retrieved from /home/airflow/.local/lib/python3.12/site-packages/airflow/example_dags/example_task_group.py
[2024-05-20T08:43:34.522+0000] {logging_mixin.py:188} INFO - [2024-05-20T08:43:34.522+0000] {dag.py:3096} INFO - Sync 1 DAGs
[2024-05-20T08:43:34.547+0000] {logging_mixin.py:188} INFO - [2024-05-20T08:43:34.547+0000] {dag.py:3954} INFO - Setting next_dagrun for example_task_group to 2024-05-19 00:00:00+00:00, run_after=2024-05-20 00:00:00+00:00
[2024-05-20T08:43:34.715+0000] {processor.py:183} INFO - Processing /home/airflow/.local/lib/python3.12/site-packages/airflow/example_dags/example_task_group.py took 0.235 seconds
[2024-05-20T08:44:05.943+0000] {processor.py:161} INFO - Started process (PID=1665) to work on /home/airflow/.local/lib/python3.12/site-packages/airflow/example_dags/example_task_group.py
[2024-05-20T08:44:05.944+0000] {processor.py:830} INFO - Processing file /home/airflow/.local/lib/python3.12/site-packages/airflow/example_dags/example_task_group.py for tasks to queue
[2024-05-20T08:44:05.945+0000] {logging_mixin.py:188} INFO - [2024-05-20T08:44:05.945+0000] {dagbag.py:545} INFO - Filling up the DagBag from /home/airflow/.local/lib/python3.12/site-packages/airflow/example_dags/example_task_group.py
[2024-05-20T08:44:05.953+0000] {processor.py:840} INFO - DAG(s) 'example_task_group' retrieved from /home/airflow/.local/lib/python3.12/site-packages/airflow/example_dags/example_task_group.py
[2024-05-20T08:44:05.980+0000] {logging_mixin.py:188} INFO - [2024-05-20T08:44:05.979+0000] {dag.py:3096} INFO - Sync 1 DAGs
[2024-05-20T08:44:06.003+0000] {logging_mixin.py:188} INFO - [2024-05-20T08:44:06.003+0000] {dag.py:3954} INFO - Setting next_dagrun for example_task_group to 2024-05-19 00:00:00+00:00, run_after=2024-05-20 00:00:00+00:00
[2024-05-20T08:44:06.030+0000] {processor.py:183} INFO - Processing /home/airflow/.local/lib/python3.12/site-packages/airflow/example_dags/example_task_group.py took 0.098 seconds
[2024-05-20T08:44:36.659+0000] {processor.py:161} INFO - Started process (PID=1727) to work on /home/airflow/.local/lib/python3.12/site-packages/airflow/example_dags/example_task_group.py
[2024-05-20T08:44:36.661+0000] {processor.py:830} INFO - Processing file /home/airflow/.local/lib/python3.12/site-packages/airflow/example_dags/example_task_group.py for tasks to queue
[2024-05-20T08:44:36.661+0000] {logging_mixin.py:188} INFO - [2024-05-20T08:44:36.661+0000] {dagbag.py:545} INFO - Filling up the DagBag from /home/airflow/.local/lib/python3.12/site-packages/airflow/example_dags/example_task_group.py
[2024-05-20T08:44:36.669+0000] {processor.py:840} INFO - DAG(s) 'example_task_group' retrieved from /home/airflow/.local/lib/python3.12/site-packages/airflow/example_dags/example_task_group.py
[2024-05-20T08:44:36.690+0000] {logging_mixin.py:188} INFO - [2024-05-20T08:44:36.690+0000] {dag.py:3096} INFO - Sync 1 DAGs
[2024-05-20T08:44:36.709+0000] {logging_mixin.py:188} INFO - [2024-05-20T08:44:36.709+0000] {dag.py:3954} INFO - Setting next_dagrun for example_task_group to 2024-05-19 00:00:00+00:00, run_after=2024-05-20 00:00:00+00:00
[2024-05-20T08:44:36.735+0000] {processor.py:183} INFO - Processing /home/airflow/.local/lib/python3.12/site-packages/airflow/example_dags/example_task_group.py took 0.082 seconds
[2024-05-20T08:45:06.875+0000] {processor.py:161} INFO - Started process (PID=1788) to work on /home/airflow/.local/lib/python3.12/site-packages/airflow/example_dags/example_task_group.py
[2024-05-20T08:45:06.876+0000] {processor.py:830} INFO - Processing file /home/airflow/.local/lib/python3.12/site-packages/airflow/example_dags/example_task_group.py for tasks to queue
[2024-05-20T08:45:06.878+0000] {logging_mixin.py:188} INFO - [2024-05-20T08:45:06.877+0000] {dagbag.py:545} INFO - Filling up the DagBag from /home/airflow/.local/lib/python3.12/site-packages/airflow/example_dags/example_task_group.py
[2024-05-20T08:45:06.886+0000] {processor.py:840} INFO - DAG(s) 'example_task_group' retrieved from /home/airflow/.local/lib/python3.12/site-packages/airflow/example_dags/example_task_group.py
[2024-05-20T08:45:06.911+0000] {logging_mixin.py:188} INFO - [2024-05-20T08:45:06.911+0000] {dag.py:3096} INFO - Sync 1 DAGs
[2024-05-20T08:45:06.935+0000] {logging_mixin.py:188} INFO - [2024-05-20T08:45:06.934+0000] {dag.py:3954} INFO - Setting next_dagrun for example_task_group to 2024-05-19 00:00:00+00:00, run_after=2024-05-20 00:00:00+00:00
[2024-05-20T08:45:06.964+0000] {processor.py:183} INFO - Processing /home/airflow/.local/lib/python3.12/site-packages/airflow/example_dags/example_task_group.py took 0.095 seconds
[2024-05-20T08:45:37.373+0000] {processor.py:161} INFO - Started process (PID=1851) to work on /home/airflow/.local/lib/python3.12/site-packages/airflow/example_dags/example_task_group.py
[2024-05-20T08:45:37.374+0000] {processor.py:830} INFO - Processing file /home/airflow/.local/lib/python3.12/site-packages/airflow/example_dags/example_task_group.py for tasks to queue
[2024-05-20T08:45:37.375+0000] {logging_mixin.py:188} INFO - [2024-05-20T08:45:37.375+0000] {dagbag.py:545} INFO - Filling up the DagBag from /home/airflow/.local/lib/python3.12/site-packages/airflow/example_dags/example_task_group.py
[2024-05-20T08:45:37.383+0000] {processor.py:840} INFO - DAG(s) 'example_task_group' retrieved from /home/airflow/.local/lib/python3.12/site-packages/airflow/example_dags/example_task_group.py
[2024-05-20T08:45:37.404+0000] {logging_mixin.py:188} INFO - [2024-05-20T08:45:37.404+0000] {dag.py:3096} INFO - Sync 1 DAGs
[2024-05-20T08:45:37.425+0000] {logging_mixin.py:188} INFO - [2024-05-20T08:45:37.424+0000] {dag.py:3954} INFO - Setting next_dagrun for example_task_group to 2024-05-19 00:00:00+00:00, run_after=2024-05-20 00:00:00+00:00
[2024-05-20T08:45:37.445+0000] {processor.py:183} INFO - Processing /home/airflow/.local/lib/python3.12/site-packages/airflow/example_dags/example_task_group.py took 0.077 seconds
[2024-05-20T08:46:08.299+0000] {processor.py:161} INFO - Started process (PID=1918) to work on /home/airflow/.local/lib/python3.12/site-packages/airflow/example_dags/example_task_group.py
[2024-05-20T08:46:08.301+0000] {processor.py:830} INFO - Processing file /home/airflow/.local/lib/python3.12/site-packages/airflow/example_dags/example_task_group.py for tasks to queue
[2024-05-20T08:46:08.303+0000] {logging_mixin.py:188} INFO - [2024-05-20T08:46:08.302+0000] {dagbag.py:545} INFO - Filling up the DagBag from /home/airflow/.local/lib/python3.12/site-packages/airflow/example_dags/example_task_group.py
[2024-05-20T08:46:08.321+0000] {processor.py:840} INFO - DAG(s) 'example_task_group' retrieved from /home/airflow/.local/lib/python3.12/site-packages/airflow/example_dags/example_task_group.py
[2024-05-20T08:46:08.357+0000] {logging_mixin.py:188} INFO - [2024-05-20T08:46:08.357+0000] {dag.py:3096} INFO - Sync 1 DAGs
[2024-05-20T08:46:08.389+0000] {logging_mixin.py:188} INFO - [2024-05-20T08:46:08.389+0000] {dag.py:3954} INFO - Setting next_dagrun for example_task_group to 2024-05-19 00:00:00+00:00, run_after=2024-05-20 00:00:00+00:00
[2024-05-20T08:46:08.418+0000] {processor.py:183} INFO - Processing /home/airflow/.local/lib/python3.12/site-packages/airflow/example_dags/example_task_group.py took 0.131 seconds
[2024-05-20T08:46:38.705+0000] {processor.py:161} INFO - Started process (PID=1980) to work on /home/airflow/.local/lib/python3.12/site-packages/airflow/example_dags/example_task_group.py
[2024-05-20T08:46:38.707+0000] {processor.py:830} INFO - Processing file /home/airflow/.local/lib/python3.12/site-packages/airflow/example_dags/example_task_group.py for tasks to queue
[2024-05-20T08:46:38.708+0000] {logging_mixin.py:188} INFO - [2024-05-20T08:46:38.707+0000] {dagbag.py:545} INFO - Filling up the DagBag from /home/airflow/.local/lib/python3.12/site-packages/airflow/example_dags/example_task_group.py
[2024-05-20T08:46:38.716+0000] {processor.py:840} INFO - DAG(s) 'example_task_group' retrieved from /home/airflow/.local/lib/python3.12/site-packages/airflow/example_dags/example_task_group.py
[2024-05-20T08:46:38.737+0000] {logging_mixin.py:188} INFO - [2024-05-20T08:46:38.737+0000] {dag.py:3096} INFO - Sync 1 DAGs
[2024-05-20T08:46:38.758+0000] {logging_mixin.py:188} INFO - [2024-05-20T08:46:38.758+0000] {dag.py:3954} INFO - Setting next_dagrun for example_task_group to 2024-05-19 00:00:00+00:00, run_after=2024-05-20 00:00:00+00:00
[2024-05-20T08:46:38.779+0000] {processor.py:183} INFO - Processing /home/airflow/.local/lib/python3.12/site-packages/airflow/example_dags/example_task_group.py took 0.079 seconds
[2024-05-20T08:47:10.249+0000] {processor.py:161} INFO - Started process (PID=2041) to work on /home/airflow/.local/lib/python3.12/site-packages/airflow/example_dags/example_task_group.py
[2024-05-20T08:47:10.251+0000] {processor.py:830} INFO - Processing file /home/airflow/.local/lib/python3.12/site-packages/airflow/example_dags/example_task_group.py for tasks to queue
[2024-05-20T08:47:10.253+0000] {logging_mixin.py:188} INFO - [2024-05-20T08:47:10.252+0000] {dagbag.py:545} INFO - Filling up the DagBag from /home/airflow/.local/lib/python3.12/site-packages/airflow/example_dags/example_task_group.py
[2024-05-20T08:47:10.279+0000] {processor.py:840} INFO - DAG(s) 'example_task_group' retrieved from /home/airflow/.local/lib/python3.12/site-packages/airflow/example_dags/example_task_group.py
[2024-05-20T08:47:10.329+0000] {logging_mixin.py:188} INFO - [2024-05-20T08:47:10.329+0000] {dag.py:3096} INFO - Sync 1 DAGs
[2024-05-20T08:47:10.400+0000] {logging_mixin.py:188} INFO - [2024-05-20T08:47:10.399+0000] {dag.py:3954} INFO - Setting next_dagrun for example_task_group to 2024-05-19 00:00:00+00:00, run_after=2024-05-20 00:00:00+00:00
[2024-05-20T08:47:10.474+0000] {processor.py:183} INFO - Processing /home/airflow/.local/lib/python3.12/site-packages/airflow/example_dags/example_task_group.py took 0.234 seconds
[2024-05-20T08:47:41.500+0000] {processor.py:161} INFO - Started process (PID=2102) to work on /home/airflow/.local/lib/python3.12/site-packages/airflow/example_dags/example_task_group.py
[2024-05-20T08:47:41.501+0000] {processor.py:830} INFO - Processing file /home/airflow/.local/lib/python3.12/site-packages/airflow/example_dags/example_task_group.py for tasks to queue
[2024-05-20T08:47:41.502+0000] {logging_mixin.py:188} INFO - [2024-05-20T08:47:41.502+0000] {dagbag.py:545} INFO - Filling up the DagBag from /home/airflow/.local/lib/python3.12/site-packages/airflow/example_dags/example_task_group.py
[2024-05-20T08:47:41.510+0000] {processor.py:840} INFO - DAG(s) 'example_task_group' retrieved from /home/airflow/.local/lib/python3.12/site-packages/airflow/example_dags/example_task_group.py
[2024-05-20T08:47:41.531+0000] {logging_mixin.py:188} INFO - [2024-05-20T08:47:41.531+0000] {dag.py:3096} INFO - Sync 1 DAGs
[2024-05-20T08:47:41.551+0000] {logging_mixin.py:188} INFO - [2024-05-20T08:47:41.551+0000] {dag.py:3954} INFO - Setting next_dagrun for example_task_group to 2024-05-19 00:00:00+00:00, run_after=2024-05-20 00:00:00+00:00
[2024-05-20T08:47:41.571+0000] {processor.py:183} INFO - Processing /home/airflow/.local/lib/python3.12/site-packages/airflow/example_dags/example_task_group.py took 0.077 seconds
[2024-05-20T08:48:11.947+0000] {processor.py:161} INFO - Started process (PID=2163) to work on /home/airflow/.local/lib/python3.12/site-packages/airflow/example_dags/example_task_group.py
[2024-05-20T08:48:11.949+0000] {processor.py:830} INFO - Processing file /home/airflow/.local/lib/python3.12/site-packages/airflow/example_dags/example_task_group.py for tasks to queue
[2024-05-20T08:48:11.952+0000] {logging_mixin.py:188} INFO - [2024-05-20T08:48:11.951+0000] {dagbag.py:545} INFO - Filling up the DagBag from /home/airflow/.local/lib/python3.12/site-packages/airflow/example_dags/example_task_group.py
[2024-05-20T08:48:11.968+0000] {processor.py:840} INFO - DAG(s) 'example_task_group' retrieved from /home/airflow/.local/lib/python3.12/site-packages/airflow/example_dags/example_task_group.py
[2024-05-20T08:48:12.002+0000] {logging_mixin.py:188} INFO - [2024-05-20T08:48:12.002+0000] {dag.py:3096} INFO - Sync 1 DAGs
[2024-05-20T08:48:12.042+0000] {logging_mixin.py:188} INFO - [2024-05-20T08:48:12.041+0000] {dag.py:3954} INFO - Setting next_dagrun for example_task_group to 2024-05-19 00:00:00+00:00, run_after=2024-05-20 00:00:00+00:00
[2024-05-20T08:48:12.091+0000] {processor.py:183} INFO - Processing /home/airflow/.local/lib/python3.12/site-packages/airflow/example_dags/example_task_group.py took 0.157 seconds
[2024-05-20T08:48:43.612+0000] {processor.py:161} INFO - Started process (PID=2224) to work on /home/airflow/.local/lib/python3.12/site-packages/airflow/example_dags/example_task_group.py
[2024-05-20T08:48:43.613+0000] {processor.py:830} INFO - Processing file /home/airflow/.local/lib/python3.12/site-packages/airflow/example_dags/example_task_group.py for tasks to queue
[2024-05-20T08:48:43.614+0000] {logging_mixin.py:188} INFO - [2024-05-20T08:48:43.614+0000] {dagbag.py:545} INFO - Filling up the DagBag from /home/airflow/.local/lib/python3.12/site-packages/airflow/example_dags/example_task_group.py
[2024-05-20T08:48:43.624+0000] {processor.py:840} INFO - DAG(s) 'example_task_group' retrieved from /home/airflow/.local/lib/python3.12/site-packages/airflow/example_dags/example_task_group.py
[2024-05-20T08:48:43.650+0000] {logging_mixin.py:188} INFO - [2024-05-20T08:48:43.650+0000] {dag.py:3096} INFO - Sync 1 DAGs
[2024-05-20T08:48:43.678+0000] {logging_mixin.py:188} INFO - [2024-05-20T08:48:43.678+0000] {dag.py:3954} INFO - Setting next_dagrun for example_task_group to 2024-05-19 00:00:00+00:00, run_after=2024-05-20 00:00:00+00:00
[2024-05-20T08:48:43.704+0000] {processor.py:183} INFO - Processing /home/airflow/.local/lib/python3.12/site-packages/airflow/example_dags/example_task_group.py took 0.101 seconds
[2024-05-20T08:49:14.410+0000] {processor.py:161} INFO - Started process (PID=2288) to work on /home/airflow/.local/lib/python3.12/site-packages/airflow/example_dags/example_task_group.py
[2024-05-20T08:49:14.411+0000] {processor.py:830} INFO - Processing file /home/airflow/.local/lib/python3.12/site-packages/airflow/example_dags/example_task_group.py for tasks to queue
[2024-05-20T08:49:14.412+0000] {logging_mixin.py:188} INFO - [2024-05-20T08:49:14.411+0000] {dagbag.py:545} INFO - Filling up the DagBag from /home/airflow/.local/lib/python3.12/site-packages/airflow/example_dags/example_task_group.py
[2024-05-20T08:49:14.419+0000] {processor.py:840} INFO - DAG(s) 'example_task_group' retrieved from /home/airflow/.local/lib/python3.12/site-packages/airflow/example_dags/example_task_group.py
[2024-05-20T08:49:14.440+0000] {logging_mixin.py:188} INFO - [2024-05-20T08:49:14.440+0000] {dag.py:3096} INFO - Sync 1 DAGs
[2024-05-20T08:49:14.459+0000] {logging_mixin.py:188} INFO - [2024-05-20T08:49:14.459+0000] {dag.py:3954} INFO - Setting next_dagrun for example_task_group to 2024-05-19 00:00:00+00:00, run_after=2024-05-20 00:00:00+00:00
[2024-05-20T08:49:14.481+0000] {processor.py:183} INFO - Processing /home/airflow/.local/lib/python3.12/site-packages/airflow/example_dags/example_task_group.py took 0.077 seconds
[2024-05-20T08:49:45.034+0000] {processor.py:161} INFO - Started process (PID=2349) to work on /home/airflow/.local/lib/python3.12/site-packages/airflow/example_dags/example_task_group.py
[2024-05-20T08:49:45.035+0000] {processor.py:830} INFO - Processing file /home/airflow/.local/lib/python3.12/site-packages/airflow/example_dags/example_task_group.py for tasks to queue
[2024-05-20T08:49:45.036+0000] {logging_mixin.py:188} INFO - [2024-05-20T08:49:45.036+0000] {dagbag.py:545} INFO - Filling up the DagBag from /home/airflow/.local/lib/python3.12/site-packages/airflow/example_dags/example_task_group.py
[2024-05-20T08:49:45.043+0000] {processor.py:840} INFO - DAG(s) 'example_task_group' retrieved from /home/airflow/.local/lib/python3.12/site-packages/airflow/example_dags/example_task_group.py
[2024-05-20T08:49:45.064+0000] {logging_mixin.py:188} INFO - [2024-05-20T08:49:45.064+0000] {dag.py:3096} INFO - Sync 1 DAGs
[2024-05-20T08:49:45.085+0000] {logging_mixin.py:188} INFO - [2024-05-20T08:49:45.084+0000] {dag.py:3954} INFO - Setting next_dagrun for example_task_group to 2024-05-19 00:00:00+00:00, run_after=2024-05-20 00:00:00+00:00
[2024-05-20T08:49:45.108+0000] {processor.py:183} INFO - Processing /home/airflow/.local/lib/python3.12/site-packages/airflow/example_dags/example_task_group.py took 0.079 seconds
[2024-05-20T08:50:15.306+0000] {processor.py:161} INFO - Started process (PID=2411) to work on /home/airflow/.local/lib/python3.12/site-packages/airflow/example_dags/example_task_group.py
[2024-05-20T08:50:15.307+0000] {processor.py:830} INFO - Processing file /home/airflow/.local/lib/python3.12/site-packages/airflow/example_dags/example_task_group.py for tasks to queue
[2024-05-20T08:50:15.308+0000] {logging_mixin.py:188} INFO - [2024-05-20T08:50:15.308+0000] {dagbag.py:545} INFO - Filling up the DagBag from /home/airflow/.local/lib/python3.12/site-packages/airflow/example_dags/example_task_group.py
[2024-05-20T08:50:15.317+0000] {processor.py:840} INFO - DAG(s) 'example_task_group' retrieved from /home/airflow/.local/lib/python3.12/site-packages/airflow/example_dags/example_task_group.py
[2024-05-20T08:50:15.339+0000] {logging_mixin.py:188} INFO - [2024-05-20T08:50:15.339+0000] {dag.py:3096} INFO - Sync 1 DAGs
[2024-05-20T08:50:15.368+0000] {logging_mixin.py:188} INFO - [2024-05-20T08:50:15.368+0000] {dag.py:3954} INFO - Setting next_dagrun for example_task_group to 2024-05-19 00:00:00+00:00, run_after=2024-05-20 00:00:00+00:00
[2024-05-20T08:50:15.394+0000] {processor.py:183} INFO - Processing /home/airflow/.local/lib/python3.12/site-packages/airflow/example_dags/example_task_group.py took 0.094 seconds
[2024-05-20T08:50:45.917+0000] {processor.py:161} INFO - Started process (PID=2474) to work on /home/airflow/.local/lib/python3.12/site-packages/airflow/example_dags/example_task_group.py
[2024-05-20T08:50:45.918+0000] {processor.py:830} INFO - Processing file /home/airflow/.local/lib/python3.12/site-packages/airflow/example_dags/example_task_group.py for tasks to queue
[2024-05-20T08:50:45.919+0000] {logging_mixin.py:188} INFO - [2024-05-20T08:50:45.919+0000] {dagbag.py:545} INFO - Filling up the DagBag from /home/airflow/.local/lib/python3.12/site-packages/airflow/example_dags/example_task_group.py
[2024-05-20T08:50:45.928+0000] {processor.py:840} INFO - DAG(s) 'example_task_group' retrieved from /home/airflow/.local/lib/python3.12/site-packages/airflow/example_dags/example_task_group.py
[2024-05-20T08:50:45.955+0000] {logging_mixin.py:188} INFO - [2024-05-20T08:50:45.954+0000] {dag.py:3096} INFO - Sync 1 DAGs
[2024-05-20T08:50:45.986+0000] {logging_mixin.py:188} INFO - [2024-05-20T08:50:45.986+0000] {dag.py:3954} INFO - Setting next_dagrun for example_task_group to 2024-05-19 00:00:00+00:00, run_after=2024-05-20 00:00:00+00:00
[2024-05-20T08:50:46.016+0000] {processor.py:183} INFO - Processing /home/airflow/.local/lib/python3.12/site-packages/airflow/example_dags/example_task_group.py took 0.107 seconds
[2024-05-20T08:51:16.238+0000] {processor.py:161} INFO - Started process (PID=2536) to work on /home/airflow/.local/lib/python3.12/site-packages/airflow/example_dags/example_task_group.py
[2024-05-20T08:51:16.239+0000] {processor.py:830} INFO - Processing file /home/airflow/.local/lib/python3.12/site-packages/airflow/example_dags/example_task_group.py for tasks to queue
[2024-05-20T08:51:16.240+0000] {logging_mixin.py:188} INFO - [2024-05-20T08:51:16.240+0000] {dagbag.py:545} INFO - Filling up the DagBag from /home/airflow/.local/lib/python3.12/site-packages/airflow/example_dags/example_task_group.py
[2024-05-20T08:51:16.248+0000] {processor.py:840} INFO - DAG(s) 'example_task_group' retrieved from /home/airflow/.local/lib/python3.12/site-packages/airflow/example_dags/example_task_group.py
[2024-05-20T08:51:16.271+0000] {logging_mixin.py:188} INFO - [2024-05-20T08:51:16.270+0000] {dag.py:3096} INFO - Sync 1 DAGs
[2024-05-20T08:51:16.291+0000] {logging_mixin.py:188} INFO - [2024-05-20T08:51:16.291+0000] {dag.py:3954} INFO - Setting next_dagrun for example_task_group to 2024-05-19 00:00:00+00:00, run_after=2024-05-20 00:00:00+00:00
[2024-05-20T08:51:16.312+0000] {processor.py:183} INFO - Processing /home/airflow/.local/lib/python3.12/site-packages/airflow/example_dags/example_task_group.py took 0.080 seconds
[2024-05-20T08:51:47.169+0000] {processor.py:161} INFO - Started process (PID=2598) to work on /home/airflow/.local/lib/python3.12/site-packages/airflow/example_dags/example_task_group.py
[2024-05-20T08:51:47.171+0000] {processor.py:830} INFO - Processing file /home/airflow/.local/lib/python3.12/site-packages/airflow/example_dags/example_task_group.py for tasks to queue
[2024-05-20T08:51:47.173+0000] {logging_mixin.py:188} INFO - [2024-05-20T08:51:47.172+0000] {dagbag.py:545} INFO - Filling up the DagBag from /home/airflow/.local/lib/python3.12/site-packages/airflow/example_dags/example_task_group.py
[2024-05-20T08:51:47.188+0000] {processor.py:840} INFO - DAG(s) 'example_task_group' retrieved from /home/airflow/.local/lib/python3.12/site-packages/airflow/example_dags/example_task_group.py
[2024-05-20T08:51:47.222+0000] {logging_mixin.py:188} INFO - [2024-05-20T08:51:47.222+0000] {dag.py:3096} INFO - Sync 1 DAGs
[2024-05-20T08:51:47.260+0000] {logging_mixin.py:188} INFO - [2024-05-20T08:51:47.260+0000] {dag.py:3954} INFO - Setting next_dagrun for example_task_group to 2024-05-19 00:00:00+00:00, run_after=2024-05-20 00:00:00+00:00
[2024-05-20T08:51:47.299+0000] {processor.py:183} INFO - Processing /home/airflow/.local/lib/python3.12/site-packages/airflow/example_dags/example_task_group.py took 0.141 seconds
[2024-05-20T08:52:17.402+0000] {processor.py:161} INFO - Started process (PID=2660) to work on /home/airflow/.local/lib/python3.12/site-packages/airflow/example_dags/example_task_group.py
[2024-05-20T08:52:17.403+0000] {processor.py:830} INFO - Processing file /home/airflow/.local/lib/python3.12/site-packages/airflow/example_dags/example_task_group.py for tasks to queue
[2024-05-20T08:52:17.404+0000] {logging_mixin.py:188} INFO - [2024-05-20T08:52:17.403+0000] {dagbag.py:545} INFO - Filling up the DagBag from /home/airflow/.local/lib/python3.12/site-packages/airflow/example_dags/example_task_group.py
[2024-05-20T08:52:17.411+0000] {processor.py:840} INFO - DAG(s) 'example_task_group' retrieved from /home/airflow/.local/lib/python3.12/site-packages/airflow/example_dags/example_task_group.py
[2024-05-20T08:52:17.434+0000] {logging_mixin.py:188} INFO - [2024-05-20T08:52:17.433+0000] {dag.py:3096} INFO - Sync 1 DAGs
[2024-05-20T08:52:17.453+0000] {logging_mixin.py:188} INFO - [2024-05-20T08:52:17.453+0000] {dag.py:3954} INFO - Setting next_dagrun for example_task_group to 2024-05-19 00:00:00+00:00, run_after=2024-05-20 00:00:00+00:00
[2024-05-20T08:52:17.476+0000] {processor.py:183} INFO - Processing /home/airflow/.local/lib/python3.12/site-packages/airflow/example_dags/example_task_group.py took 0.079 seconds
[2024-05-20T08:52:47.713+0000] {processor.py:161} INFO - Started process (PID=2723) to work on /home/airflow/.local/lib/python3.12/site-packages/airflow/example_dags/example_task_group.py
[2024-05-20T08:52:47.714+0000] {processor.py:830} INFO - Processing file /home/airflow/.local/lib/python3.12/site-packages/airflow/example_dags/example_task_group.py for tasks to queue
[2024-05-20T08:52:47.715+0000] {logging_mixin.py:188} INFO - [2024-05-20T08:52:47.715+0000] {dagbag.py:545} INFO - Filling up the DagBag from /home/airflow/.local/lib/python3.12/site-packages/airflow/example_dags/example_task_group.py
[2024-05-20T08:52:47.723+0000] {processor.py:840} INFO - DAG(s) 'example_task_group' retrieved from /home/airflow/.local/lib/python3.12/site-packages/airflow/example_dags/example_task_group.py
[2024-05-20T08:52:47.747+0000] {logging_mixin.py:188} INFO - [2024-05-20T08:52:47.747+0000] {dag.py:3096} INFO - Sync 1 DAGs
[2024-05-20T08:52:47.769+0000] {logging_mixin.py:188} INFO - [2024-05-20T08:52:47.769+0000] {dag.py:3954} INFO - Setting next_dagrun for example_task_group to 2024-05-19 00:00:00+00:00, run_after=2024-05-20 00:00:00+00:00
[2024-05-20T08:52:47.792+0000] {processor.py:183} INFO - Processing /home/airflow/.local/lib/python3.12/site-packages/airflow/example_dags/example_task_group.py took 0.085 seconds
[2024-05-20T08:53:17.965+0000] {processor.py:161} INFO - Started process (PID=2786) to work on /home/airflow/.local/lib/python3.12/site-packages/airflow/example_dags/example_task_group.py
[2024-05-20T08:53:17.967+0000] {processor.py:830} INFO - Processing file /home/airflow/.local/lib/python3.12/site-packages/airflow/example_dags/example_task_group.py for tasks to queue
[2024-05-20T08:53:17.968+0000] {logging_mixin.py:188} INFO - [2024-05-20T08:53:17.967+0000] {dagbag.py:545} INFO - Filling up the DagBag from /home/airflow/.local/lib/python3.12/site-packages/airflow/example_dags/example_task_group.py
[2024-05-20T08:53:17.975+0000] {processor.py:840} INFO - DAG(s) 'example_task_group' retrieved from /home/airflow/.local/lib/python3.12/site-packages/airflow/example_dags/example_task_group.py
[2024-05-20T08:53:17.997+0000] {logging_mixin.py:188} INFO - [2024-05-20T08:53:17.997+0000] {dag.py:3096} INFO - Sync 1 DAGs
[2024-05-20T08:53:18.017+0000] {logging_mixin.py:188} INFO - [2024-05-20T08:53:18.017+0000] {dag.py:3954} INFO - Setting next_dagrun for example_task_group to 2024-05-19 00:00:00+00:00, run_after=2024-05-20 00:00:00+00:00
[2024-05-20T08:53:18.040+0000] {processor.py:183} INFO - Processing /home/airflow/.local/lib/python3.12/site-packages/airflow/example_dags/example_task_group.py took 0.079 seconds
[2024-05-20T08:53:48.332+0000] {processor.py:161} INFO - Started process (PID=2850) to work on /home/airflow/.local/lib/python3.12/site-packages/airflow/example_dags/example_task_group.py
[2024-05-20T08:53:48.333+0000] {processor.py:830} INFO - Processing file /home/airflow/.local/lib/python3.12/site-packages/airflow/example_dags/example_task_group.py for tasks to queue
[2024-05-20T08:53:48.334+0000] {logging_mixin.py:188} INFO - [2024-05-20T08:53:48.334+0000] {dagbag.py:545} INFO - Filling up the DagBag from /home/airflow/.local/lib/python3.12/site-packages/airflow/example_dags/example_task_group.py
[2024-05-20T08:53:48.341+0000] {processor.py:840} INFO - DAG(s) 'example_task_group' retrieved from /home/airflow/.local/lib/python3.12/site-packages/airflow/example_dags/example_task_group.py
[2024-05-20T08:53:48.368+0000] {logging_mixin.py:188} INFO - [2024-05-20T08:53:48.368+0000] {dag.py:3096} INFO - Sync 1 DAGs
[2024-05-20T08:53:48.394+0000] {logging_mixin.py:188} INFO - [2024-05-20T08:53:48.393+0000] {dag.py:3954} INFO - Setting next_dagrun for example_task_group to 2024-05-19 00:00:00+00:00, run_after=2024-05-20 00:00:00+00:00
[2024-05-20T08:53:48.415+0000] {processor.py:183} INFO - Processing /home/airflow/.local/lib/python3.12/site-packages/airflow/example_dags/example_task_group.py took 0.089 seconds
[2024-05-20T08:54:19.033+0000] {processor.py:161} INFO - Started process (PID=2912) to work on /home/airflow/.local/lib/python3.12/site-packages/airflow/example_dags/example_task_group.py
[2024-05-20T08:54:19.034+0000] {processor.py:830} INFO - Processing file /home/airflow/.local/lib/python3.12/site-packages/airflow/example_dags/example_task_group.py for tasks to queue
[2024-05-20T08:54:19.036+0000] {logging_mixin.py:188} INFO - [2024-05-20T08:54:19.035+0000] {dagbag.py:545} INFO - Filling up the DagBag from /home/airflow/.local/lib/python3.12/site-packages/airflow/example_dags/example_task_group.py
[2024-05-20T08:54:19.048+0000] {processor.py:840} INFO - DAG(s) 'example_task_group' retrieved from /home/airflow/.local/lib/python3.12/site-packages/airflow/example_dags/example_task_group.py
[2024-05-20T08:54:19.077+0000] {logging_mixin.py:188} INFO - [2024-05-20T08:54:19.077+0000] {dag.py:3096} INFO - Sync 1 DAGs
[2024-05-20T08:54:19.100+0000] {logging_mixin.py:188} INFO - [2024-05-20T08:54:19.100+0000] {dag.py:3954} INFO - Setting next_dagrun for example_task_group to 2024-05-19 00:00:00+00:00, run_after=2024-05-20 00:00:00+00:00
[2024-05-20T08:54:19.126+0000] {processor.py:183} INFO - Processing /home/airflow/.local/lib/python3.12/site-packages/airflow/example_dags/example_task_group.py took 0.099 seconds
[2024-05-20T08:54:49.888+0000] {processor.py:161} INFO - Started process (PID=2978) to work on /home/airflow/.local/lib/python3.12/site-packages/airflow/example_dags/example_task_group.py
[2024-05-20T08:54:49.889+0000] {processor.py:830} INFO - Processing file /home/airflow/.local/lib/python3.12/site-packages/airflow/example_dags/example_task_group.py for tasks to queue
[2024-05-20T08:54:49.891+0000] {logging_mixin.py:188} INFO - [2024-05-20T08:54:49.890+0000] {dagbag.py:545} INFO - Filling up the DagBag from /home/airflow/.local/lib/python3.12/site-packages/airflow/example_dags/example_task_group.py
[2024-05-20T08:54:49.900+0000] {processor.py:840} INFO - DAG(s) 'example_task_group' retrieved from /home/airflow/.local/lib/python3.12/site-packages/airflow/example_dags/example_task_group.py
[2024-05-20T08:54:49.927+0000] {logging_mixin.py:188} INFO - [2024-05-20T08:54:49.927+0000] {dag.py:3096} INFO - Sync 1 DAGs
[2024-05-20T08:54:49.957+0000] {logging_mixin.py:188} INFO - [2024-05-20T08:54:49.957+0000] {dag.py:3954} INFO - Setting next_dagrun for example_task_group to 2024-05-19 00:00:00+00:00, run_after=2024-05-20 00:00:00+00:00
[2024-05-20T08:54:49.985+0000] {processor.py:183} INFO - Processing /home/airflow/.local/lib/python3.12/site-packages/airflow/example_dags/example_task_group.py took 0.105 seconds
[2024-05-20T08:55:20.138+0000] {processor.py:161} INFO - Started process (PID=3040) to work on /home/airflow/.local/lib/python3.12/site-packages/airflow/example_dags/example_task_group.py
[2024-05-20T08:55:20.139+0000] {processor.py:830} INFO - Processing file /home/airflow/.local/lib/python3.12/site-packages/airflow/example_dags/example_task_group.py for tasks to queue
[2024-05-20T08:55:20.140+0000] {logging_mixin.py:188} INFO - [2024-05-20T08:55:20.140+0000] {dagbag.py:545} INFO - Filling up the DagBag from /home/airflow/.local/lib/python3.12/site-packages/airflow/example_dags/example_task_group.py
[2024-05-20T08:55:20.147+0000] {processor.py:840} INFO - DAG(s) 'example_task_group' retrieved from /home/airflow/.local/lib/python3.12/site-packages/airflow/example_dags/example_task_group.py
[2024-05-20T08:55:20.173+0000] {logging_mixin.py:188} INFO - [2024-05-20T08:55:20.173+0000] {dag.py:3096} INFO - Sync 1 DAGs
[2024-05-20T08:55:20.201+0000] {logging_mixin.py:188} INFO - [2024-05-20T08:55:20.197+0000] {dag.py:3954} INFO - Setting next_dagrun for example_task_group to 2024-05-19 00:00:00+00:00, run_after=2024-05-20 00:00:00+00:00
[2024-05-20T08:55:20.234+0000] {processor.py:183} INFO - Processing /home/airflow/.local/lib/python3.12/site-packages/airflow/example_dags/example_task_group.py took 0.101 seconds
[2024-05-20T08:55:50.940+0000] {processor.py:161} INFO - Started process (PID=3102) to work on /home/airflow/.local/lib/python3.12/site-packages/airflow/example_dags/example_task_group.py
[2024-05-20T08:55:50.941+0000] {processor.py:830} INFO - Processing file /home/airflow/.local/lib/python3.12/site-packages/airflow/example_dags/example_task_group.py for tasks to queue
[2024-05-20T08:55:50.943+0000] {logging_mixin.py:188} INFO - [2024-05-20T08:55:50.942+0000] {dagbag.py:545} INFO - Filling up the DagBag from /home/airflow/.local/lib/python3.12/site-packages/airflow/example_dags/example_task_group.py
[2024-05-20T08:55:50.955+0000] {processor.py:840} INFO - DAG(s) 'example_task_group' retrieved from /home/airflow/.local/lib/python3.12/site-packages/airflow/example_dags/example_task_group.py
[2024-05-20T08:55:50.985+0000] {logging_mixin.py:188} INFO - [2024-05-20T08:55:50.985+0000] {dag.py:3096} INFO - Sync 1 DAGs
[2024-05-20T08:55:51.015+0000] {logging_mixin.py:188} INFO - [2024-05-20T08:55:51.015+0000] {dag.py:3954} INFO - Setting next_dagrun for example_task_group to 2024-05-19 00:00:00+00:00, run_after=2024-05-20 00:00:00+00:00
[2024-05-20T08:55:51.043+0000] {processor.py:183} INFO - Processing /home/airflow/.local/lib/python3.12/site-packages/airflow/example_dags/example_task_group.py took 0.111 seconds
[2024-05-20T08:56:21.748+0000] {processor.py:161} INFO - Started process (PID=3170) to work on /home/airflow/.local/lib/python3.12/site-packages/airflow/example_dags/example_task_group.py
[2024-05-20T08:56:21.749+0000] {processor.py:830} INFO - Processing file /home/airflow/.local/lib/python3.12/site-packages/airflow/example_dags/example_task_group.py for tasks to queue
[2024-05-20T08:56:21.751+0000] {logging_mixin.py:188} INFO - [2024-05-20T08:56:21.750+0000] {dagbag.py:545} INFO - Filling up the DagBag from /home/airflow/.local/lib/python3.12/site-packages/airflow/example_dags/example_task_group.py
[2024-05-20T08:56:21.763+0000] {processor.py:840} INFO - DAG(s) 'example_task_group' retrieved from /home/airflow/.local/lib/python3.12/site-packages/airflow/example_dags/example_task_group.py
[2024-05-20T08:56:21.788+0000] {logging_mixin.py:188} INFO - [2024-05-20T08:56:21.788+0000] {dag.py:3096} INFO - Sync 1 DAGs
[2024-05-20T08:56:21.812+0000] {logging_mixin.py:188} INFO - [2024-05-20T08:56:21.812+0000] {dag.py:3954} INFO - Setting next_dagrun for example_task_group to 2024-05-19 00:00:00+00:00, run_after=2024-05-20 00:00:00+00:00
[2024-05-20T08:56:21.836+0000] {processor.py:183} INFO - Processing /home/airflow/.local/lib/python3.12/site-packages/airflow/example_dags/example_task_group.py took 0.094 seconds
[2024-05-20T08:56:52.503+0000] {processor.py:161} INFO - Started process (PID=3232) to work on /home/airflow/.local/lib/python3.12/site-packages/airflow/example_dags/example_task_group.py
[2024-05-20T08:56:52.504+0000] {processor.py:830} INFO - Processing file /home/airflow/.local/lib/python3.12/site-packages/airflow/example_dags/example_task_group.py for tasks to queue
[2024-05-20T08:56:52.505+0000] {logging_mixin.py:188} INFO - [2024-05-20T08:56:52.505+0000] {dagbag.py:545} INFO - Filling up the DagBag from /home/airflow/.local/lib/python3.12/site-packages/airflow/example_dags/example_task_group.py
[2024-05-20T08:56:52.514+0000] {processor.py:840} INFO - DAG(s) 'example_task_group' retrieved from /home/airflow/.local/lib/python3.12/site-packages/airflow/example_dags/example_task_group.py
[2024-05-20T08:56:52.538+0000] {logging_mixin.py:188} INFO - [2024-05-20T08:56:52.538+0000] {dag.py:3096} INFO - Sync 1 DAGs
[2024-05-20T08:56:52.559+0000] {logging_mixin.py:188} INFO - [2024-05-20T08:56:52.559+0000] {dag.py:3954} INFO - Setting next_dagrun for example_task_group to 2024-05-19 00:00:00+00:00, run_after=2024-05-20 00:00:00+00:00
[2024-05-20T08:56:52.581+0000] {processor.py:183} INFO - Processing /home/airflow/.local/lib/python3.12/site-packages/airflow/example_dags/example_task_group.py took 0.084 seconds
[2024-05-20T08:57:23.182+0000] {processor.py:161} INFO - Started process (PID=3294) to work on /home/airflow/.local/lib/python3.12/site-packages/airflow/example_dags/example_task_group.py
[2024-05-20T08:57:23.183+0000] {processor.py:830} INFO - Processing file /home/airflow/.local/lib/python3.12/site-packages/airflow/example_dags/example_task_group.py for tasks to queue
[2024-05-20T08:57:23.184+0000] {logging_mixin.py:188} INFO - [2024-05-20T08:57:23.184+0000] {dagbag.py:545} INFO - Filling up the DagBag from /home/airflow/.local/lib/python3.12/site-packages/airflow/example_dags/example_task_group.py
[2024-05-20T08:57:23.191+0000] {processor.py:840} INFO - DAG(s) 'example_task_group' retrieved from /home/airflow/.local/lib/python3.12/site-packages/airflow/example_dags/example_task_group.py
[2024-05-20T08:57:23.216+0000] {logging_mixin.py:188} INFO - [2024-05-20T08:57:23.216+0000] {dag.py:3096} INFO - Sync 1 DAGs
[2024-05-20T08:57:23.240+0000] {logging_mixin.py:188} INFO - [2024-05-20T08:57:23.240+0000] {dag.py:3954} INFO - Setting next_dagrun for example_task_group to 2024-05-19 00:00:00+00:00, run_after=2024-05-20 00:00:00+00:00
[2024-05-20T08:57:23.273+0000] {processor.py:183} INFO - Processing /home/airflow/.local/lib/python3.12/site-packages/airflow/example_dags/example_task_group.py took 0.100 seconds
[2024-05-20T08:57:54.087+0000] {processor.py:161} INFO - Started process (PID=3356) to work on /home/airflow/.local/lib/python3.12/site-packages/airflow/example_dags/example_task_group.py
[2024-05-20T08:57:54.088+0000] {processor.py:830} INFO - Processing file /home/airflow/.local/lib/python3.12/site-packages/airflow/example_dags/example_task_group.py for tasks to queue
[2024-05-20T08:57:54.090+0000] {logging_mixin.py:188} INFO - [2024-05-20T08:57:54.089+0000] {dagbag.py:545} INFO - Filling up the DagBag from /home/airflow/.local/lib/python3.12/site-packages/airflow/example_dags/example_task_group.py
[2024-05-20T08:57:54.100+0000] {processor.py:840} INFO - DAG(s) 'example_task_group' retrieved from /home/airflow/.local/lib/python3.12/site-packages/airflow/example_dags/example_task_group.py
[2024-05-20T08:57:54.125+0000] {logging_mixin.py:188} INFO - [2024-05-20T08:57:54.125+0000] {dag.py:3096} INFO - Sync 1 DAGs
[2024-05-20T08:57:54.150+0000] {logging_mixin.py:188} INFO - [2024-05-20T08:57:54.149+0000] {dag.py:3954} INFO - Setting next_dagrun for example_task_group to 2024-05-19 00:00:00+00:00, run_after=2024-05-20 00:00:00+00:00
[2024-05-20T08:57:54.177+0000] {processor.py:183} INFO - Processing /home/airflow/.local/lib/python3.12/site-packages/airflow/example_dags/example_task_group.py took 0.096 seconds
[2024-05-20T08:58:25.054+0000] {processor.py:161} INFO - Started process (PID=3417) to work on /home/airflow/.local/lib/python3.12/site-packages/airflow/example_dags/example_task_group.py
[2024-05-20T08:58:25.055+0000] {processor.py:830} INFO - Processing file /home/airflow/.local/lib/python3.12/site-packages/airflow/example_dags/example_task_group.py for tasks to queue
[2024-05-20T08:58:25.056+0000] {logging_mixin.py:188} INFO - [2024-05-20T08:58:25.055+0000] {dagbag.py:545} INFO - Filling up the DagBag from /home/airflow/.local/lib/python3.12/site-packages/airflow/example_dags/example_task_group.py
[2024-05-20T08:58:25.063+0000] {processor.py:840} INFO - DAG(s) 'example_task_group' retrieved from /home/airflow/.local/lib/python3.12/site-packages/airflow/example_dags/example_task_group.py
[2024-05-20T08:58:25.085+0000] {logging_mixin.py:188} INFO - [2024-05-20T08:58:25.085+0000] {dag.py:3096} INFO - Sync 1 DAGs
[2024-05-20T08:58:25.106+0000] {logging_mixin.py:188} INFO - [2024-05-20T08:58:25.106+0000] {dag.py:3954} INFO - Setting next_dagrun for example_task_group to 2024-05-19 00:00:00+00:00, run_after=2024-05-20 00:00:00+00:00
[2024-05-20T08:58:25.128+0000] {processor.py:183} INFO - Processing /home/airflow/.local/lib/python3.12/site-packages/airflow/example_dags/example_task_group.py took 0.080 seconds
[2024-05-20T08:58:55.486+0000] {processor.py:161} INFO - Started process (PID=3478) to work on /home/airflow/.local/lib/python3.12/site-packages/airflow/example_dags/example_task_group.py
[2024-05-20T08:58:55.488+0000] {processor.py:830} INFO - Processing file /home/airflow/.local/lib/python3.12/site-packages/airflow/example_dags/example_task_group.py for tasks to queue
[2024-05-20T08:58:55.489+0000] {logging_mixin.py:188} INFO - [2024-05-20T08:58:55.489+0000] {dagbag.py:545} INFO - Filling up the DagBag from /home/airflow/.local/lib/python3.12/site-packages/airflow/example_dags/example_task_group.py
[2024-05-20T08:58:55.503+0000] {processor.py:840} INFO - DAG(s) 'example_task_group' retrieved from /home/airflow/.local/lib/python3.12/site-packages/airflow/example_dags/example_task_group.py
[2024-05-20T08:58:55.540+0000] {logging_mixin.py:188} INFO - [2024-05-20T08:58:55.539+0000] {dag.py:3096} INFO - Sync 1 DAGs
[2024-05-20T08:58:55.585+0000] {logging_mixin.py:188} INFO - [2024-05-20T08:58:55.584+0000] {dag.py:3954} INFO - Setting next_dagrun for example_task_group to 2024-05-19 00:00:00+00:00, run_after=2024-05-20 00:00:00+00:00
[2024-05-20T08:58:55.627+0000] {processor.py:183} INFO - Processing /home/airflow/.local/lib/python3.12/site-packages/airflow/example_dags/example_task_group.py took 0.152 seconds
[2024-05-20T08:59:26.676+0000] {processor.py:161} INFO - Started process (PID=3539) to work on /home/airflow/.local/lib/python3.12/site-packages/airflow/example_dags/example_task_group.py
[2024-05-20T08:59:26.677+0000] {processor.py:830} INFO - Processing file /home/airflow/.local/lib/python3.12/site-packages/airflow/example_dags/example_task_group.py for tasks to queue
[2024-05-20T08:59:26.678+0000] {logging_mixin.py:188} INFO - [2024-05-20T08:59:26.678+0000] {dagbag.py:545} INFO - Filling up the DagBag from /home/airflow/.local/lib/python3.12/site-packages/airflow/example_dags/example_task_group.py
[2024-05-20T08:59:26.686+0000] {processor.py:840} INFO - DAG(s) 'example_task_group' retrieved from /home/airflow/.local/lib/python3.12/site-packages/airflow/example_dags/example_task_group.py
[2024-05-20T08:59:26.710+0000] {logging_mixin.py:188} INFO - [2024-05-20T08:59:26.709+0000] {dag.py:3096} INFO - Sync 1 DAGs
[2024-05-20T08:59:26.731+0000] {logging_mixin.py:188} INFO - [2024-05-20T08:59:26.730+0000] {dag.py:3954} INFO - Setting next_dagrun for example_task_group to 2024-05-19 00:00:00+00:00, run_after=2024-05-20 00:00:00+00:00
[2024-05-20T08:59:26.756+0000] {processor.py:183} INFO - Processing /home/airflow/.local/lib/python3.12/site-packages/airflow/example_dags/example_task_group.py took 0.087 seconds
[2024-05-20T08:59:57.657+0000] {processor.py:161} INFO - Started process (PID=3600) to work on /home/airflow/.local/lib/python3.12/site-packages/airflow/example_dags/example_task_group.py
[2024-05-20T08:59:57.658+0000] {processor.py:830} INFO - Processing file /home/airflow/.local/lib/python3.12/site-packages/airflow/example_dags/example_task_group.py for tasks to queue
[2024-05-20T08:59:57.659+0000] {logging_mixin.py:188} INFO - [2024-05-20T08:59:57.659+0000] {dagbag.py:545} INFO - Filling up the DagBag from /home/airflow/.local/lib/python3.12/site-packages/airflow/example_dags/example_task_group.py
[2024-05-20T08:59:57.670+0000] {processor.py:840} INFO - DAG(s) 'example_task_group' retrieved from /home/airflow/.local/lib/python3.12/site-packages/airflow/example_dags/example_task_group.py
[2024-05-20T08:59:57.701+0000] {logging_mixin.py:188} INFO - [2024-05-20T08:59:57.701+0000] {dag.py:3096} INFO - Sync 1 DAGs
[2024-05-20T08:59:57.733+0000] {logging_mixin.py:188} INFO - [2024-05-20T08:59:57.733+0000] {dag.py:3954} INFO - Setting next_dagrun for example_task_group to 2024-05-19 00:00:00+00:00, run_after=2024-05-20 00:00:00+00:00
[2024-05-20T08:59:57.762+0000] {processor.py:183} INFO - Processing /home/airflow/.local/lib/python3.12/site-packages/airflow/example_dags/example_task_group.py took 0.114 seconds
[2024-05-20T09:00:28.309+0000] {processor.py:161} INFO - Started process (PID=3662) to work on /home/airflow/.local/lib/python3.12/site-packages/airflow/example_dags/example_task_group.py
[2024-05-20T09:00:28.310+0000] {processor.py:830} INFO - Processing file /home/airflow/.local/lib/python3.12/site-packages/airflow/example_dags/example_task_group.py for tasks to queue
[2024-05-20T09:00:28.311+0000] {logging_mixin.py:188} INFO - [2024-05-20T09:00:28.311+0000] {dagbag.py:545} INFO - Filling up the DagBag from /home/airflow/.local/lib/python3.12/site-packages/airflow/example_dags/example_task_group.py
[2024-05-20T09:00:28.319+0000] {processor.py:840} INFO - DAG(s) 'example_task_group' retrieved from /home/airflow/.local/lib/python3.12/site-packages/airflow/example_dags/example_task_group.py
[2024-05-20T09:00:28.342+0000] {logging_mixin.py:188} INFO - [2024-05-20T09:00:28.342+0000] {dag.py:3096} INFO - Sync 1 DAGs
[2024-05-20T09:00:28.363+0000] {logging_mixin.py:188} INFO - [2024-05-20T09:00:28.363+0000] {dag.py:3954} INFO - Setting next_dagrun for example_task_group to 2024-05-19 00:00:00+00:00, run_after=2024-05-20 00:00:00+00:00
[2024-05-20T09:00:28.386+0000] {processor.py:183} INFO - Processing /home/airflow/.local/lib/python3.12/site-packages/airflow/example_dags/example_task_group.py took 0.082 seconds
[2024-05-20T09:00:59.039+0000] {processor.py:161} INFO - Started process (PID=3724) to work on /home/airflow/.local/lib/python3.12/site-packages/airflow/example_dags/example_task_group.py
[2024-05-20T09:00:59.040+0000] {processor.py:830} INFO - Processing file /home/airflow/.local/lib/python3.12/site-packages/airflow/example_dags/example_task_group.py for tasks to queue
[2024-05-20T09:00:59.040+0000] {logging_mixin.py:188} INFO - [2024-05-20T09:00:59.040+0000] {dagbag.py:545} INFO - Filling up the DagBag from /home/airflow/.local/lib/python3.12/site-packages/airflow/example_dags/example_task_group.py
[2024-05-20T09:00:59.048+0000] {processor.py:840} INFO - DAG(s) 'example_task_group' retrieved from /home/airflow/.local/lib/python3.12/site-packages/airflow/example_dags/example_task_group.py
[2024-05-20T09:00:59.070+0000] {logging_mixin.py:188} INFO - [2024-05-20T09:00:59.070+0000] {dag.py:3096} INFO - Sync 1 DAGs
[2024-05-20T09:00:59.091+0000] {logging_mixin.py:188} INFO - [2024-05-20T09:00:59.091+0000] {dag.py:3954} INFO - Setting next_dagrun for example_task_group to 2024-05-19 00:00:00+00:00, run_after=2024-05-20 00:00:00+00:00
[2024-05-20T09:00:59.111+0000] {processor.py:183} INFO - Processing /home/airflow/.local/lib/python3.12/site-packages/airflow/example_dags/example_task_group.py took 0.079 seconds
[2024-05-20T09:01:29.374+0000] {processor.py:161} INFO - Started process (PID=3786) to work on /home/airflow/.local/lib/python3.12/site-packages/airflow/example_dags/example_task_group.py
[2024-05-20T09:01:29.375+0000] {processor.py:830} INFO - Processing file /home/airflow/.local/lib/python3.12/site-packages/airflow/example_dags/example_task_group.py for tasks to queue
[2024-05-20T09:01:29.376+0000] {logging_mixin.py:188} INFO - [2024-05-20T09:01:29.375+0000] {dagbag.py:545} INFO - Filling up the DagBag from /home/airflow/.local/lib/python3.12/site-packages/airflow/example_dags/example_task_group.py
[2024-05-20T09:01:29.384+0000] {processor.py:840} INFO - DAG(s) 'example_task_group' retrieved from /home/airflow/.local/lib/python3.12/site-packages/airflow/example_dags/example_task_group.py
[2024-05-20T09:01:29.406+0000] {logging_mixin.py:188} INFO - [2024-05-20T09:01:29.405+0000] {dag.py:3096} INFO - Sync 1 DAGs
[2024-05-20T09:01:29.430+0000] {logging_mixin.py:188} INFO - [2024-05-20T09:01:29.430+0000] {dag.py:3954} INFO - Setting next_dagrun for example_task_group to 2024-05-19 00:00:00+00:00, run_after=2024-05-20 00:00:00+00:00
[2024-05-20T09:01:29.452+0000] {processor.py:183} INFO - Processing /home/airflow/.local/lib/python3.12/site-packages/airflow/example_dags/example_task_group.py took 0.084 seconds
[2024-05-20T09:02:00.751+0000] {processor.py:161} INFO - Started process (PID=3848) to work on /home/airflow/.local/lib/python3.12/site-packages/airflow/example_dags/example_task_group.py
[2024-05-20T09:02:00.752+0000] {processor.py:830} INFO - Processing file /home/airflow/.local/lib/python3.12/site-packages/airflow/example_dags/example_task_group.py for tasks to queue
[2024-05-20T09:02:00.754+0000] {logging_mixin.py:188} INFO - [2024-05-20T09:02:00.754+0000] {dagbag.py:545} INFO - Filling up the DagBag from /home/airflow/.local/lib/python3.12/site-packages/airflow/example_dags/example_task_group.py
[2024-05-20T09:02:00.769+0000] {processor.py:840} INFO - DAG(s) 'example_task_group' retrieved from /home/airflow/.local/lib/python3.12/site-packages/airflow/example_dags/example_task_group.py
[2024-05-20T09:02:00.804+0000] {logging_mixin.py:188} INFO - [2024-05-20T09:02:00.803+0000] {dag.py:3096} INFO - Sync 1 DAGs
[2024-05-20T09:02:00.844+0000] {logging_mixin.py:188} INFO - [2024-05-20T09:02:00.843+0000] {dag.py:3954} INFO - Setting next_dagrun for example_task_group to 2024-05-19 00:00:00+00:00, run_after=2024-05-20 00:00:00+00:00
[2024-05-20T09:02:00.891+0000] {processor.py:183} INFO - Processing /home/airflow/.local/lib/python3.12/site-packages/airflow/example_dags/example_task_group.py took 0.150 seconds
[2024-05-20T09:02:31.118+0000] {processor.py:161} INFO - Started process (PID=3910) to work on /home/airflow/.local/lib/python3.12/site-packages/airflow/example_dags/example_task_group.py
[2024-05-20T09:02:31.120+0000] {processor.py:830} INFO - Processing file /home/airflow/.local/lib/python3.12/site-packages/airflow/example_dags/example_task_group.py for tasks to queue
[2024-05-20T09:02:31.121+0000] {logging_mixin.py:188} INFO - [2024-05-20T09:02:31.121+0000] {dagbag.py:545} INFO - Filling up the DagBag from /home/airflow/.local/lib/python3.12/site-packages/airflow/example_dags/example_task_group.py
[2024-05-20T09:02:31.131+0000] {processor.py:840} INFO - DAG(s) 'example_task_group' retrieved from /home/airflow/.local/lib/python3.12/site-packages/airflow/example_dags/example_task_group.py
[2024-05-20T09:02:31.159+0000] {logging_mixin.py:188} INFO - [2024-05-20T09:02:31.159+0000] {dag.py:3096} INFO - Sync 1 DAGs
[2024-05-20T09:02:31.190+0000] {logging_mixin.py:188} INFO - [2024-05-20T09:02:31.189+0000] {dag.py:3954} INFO - Setting next_dagrun for example_task_group to 2024-05-19 00:00:00+00:00, run_after=2024-05-20 00:00:00+00:00
[2024-05-20T09:02:31.217+0000] {processor.py:183} INFO - Processing /home/airflow/.local/lib/python3.12/site-packages/airflow/example_dags/example_task_group.py took 0.107 seconds
[2024-05-20T09:03:01.337+0000] {processor.py:161} INFO - Started process (PID=3972) to work on /home/airflow/.local/lib/python3.12/site-packages/airflow/example_dags/example_task_group.py
[2024-05-20T09:03:01.339+0000] {processor.py:830} INFO - Processing file /home/airflow/.local/lib/python3.12/site-packages/airflow/example_dags/example_task_group.py for tasks to queue
[2024-05-20T09:03:01.341+0000] {logging_mixin.py:188} INFO - [2024-05-20T09:03:01.340+0000] {dagbag.py:545} INFO - Filling up the DagBag from /home/airflow/.local/lib/python3.12/site-packages/airflow/example_dags/example_task_group.py
[2024-05-20T09:03:01.352+0000] {processor.py:840} INFO - DAG(s) 'example_task_group' retrieved from /home/airflow/.local/lib/python3.12/site-packages/airflow/example_dags/example_task_group.py
[2024-05-20T09:03:01.382+0000] {logging_mixin.py:188} INFO - [2024-05-20T09:03:01.382+0000] {dag.py:3096} INFO - Sync 1 DAGs
[2024-05-20T09:03:01.409+0000] {logging_mixin.py:188} INFO - [2024-05-20T09:03:01.409+0000] {dag.py:3954} INFO - Setting next_dagrun for example_task_group to 2024-05-19 00:00:00+00:00, run_after=2024-05-20 00:00:00+00:00
[2024-05-20T09:03:01.440+0000] {processor.py:183} INFO - Processing /home/airflow/.local/lib/python3.12/site-packages/airflow/example_dags/example_task_group.py took 0.109 seconds
[2024-05-20T09:03:31.784+0000] {processor.py:161} INFO - Started process (PID=4034) to work on /home/airflow/.local/lib/python3.12/site-packages/airflow/example_dags/example_task_group.py
[2024-05-20T09:03:31.786+0000] {processor.py:830} INFO - Processing file /home/airflow/.local/lib/python3.12/site-packages/airflow/example_dags/example_task_group.py for tasks to queue
[2024-05-20T09:03:31.788+0000] {logging_mixin.py:188} INFO - [2024-05-20T09:03:31.787+0000] {dagbag.py:545} INFO - Filling up the DagBag from /home/airflow/.local/lib/python3.12/site-packages/airflow/example_dags/example_task_group.py
[2024-05-20T09:03:31.797+0000] {processor.py:840} INFO - DAG(s) 'example_task_group' retrieved from /home/airflow/.local/lib/python3.12/site-packages/airflow/example_dags/example_task_group.py
[2024-05-20T09:03:31.821+0000] {logging_mixin.py:188} INFO - [2024-05-20T09:03:31.820+0000] {dag.py:3096} INFO - Sync 1 DAGs
[2024-05-20T09:03:31.851+0000] {logging_mixin.py:188} INFO - [2024-05-20T09:03:31.851+0000] {dag.py:3954} INFO - Setting next_dagrun for example_task_group to 2024-05-19 00:00:00+00:00, run_after=2024-05-20 00:00:00+00:00
[2024-05-20T09:03:31.877+0000] {processor.py:183} INFO - Processing /home/airflow/.local/lib/python3.12/site-packages/airflow/example_dags/example_task_group.py took 0.100 seconds
[2024-05-20T09:04:02.081+0000] {processor.py:161} INFO - Started process (PID=4096) to work on /home/airflow/.local/lib/python3.12/site-packages/airflow/example_dags/example_task_group.py
[2024-05-20T09:04:02.083+0000] {processor.py:830} INFO - Processing file /home/airflow/.local/lib/python3.12/site-packages/airflow/example_dags/example_task_group.py for tasks to queue
[2024-05-20T09:04:02.084+0000] {logging_mixin.py:188} INFO - [2024-05-20T09:04:02.084+0000] {dagbag.py:545} INFO - Filling up the DagBag from /home/airflow/.local/lib/python3.12/site-packages/airflow/example_dags/example_task_group.py
[2024-05-20T09:04:02.093+0000] {processor.py:840} INFO - DAG(s) 'example_task_group' retrieved from /home/airflow/.local/lib/python3.12/site-packages/airflow/example_dags/example_task_group.py
[2024-05-20T09:04:02.119+0000] {logging_mixin.py:188} INFO - [2024-05-20T09:04:02.118+0000] {dag.py:3096} INFO - Sync 1 DAGs
[2024-05-20T09:04:02.144+0000] {logging_mixin.py:188} INFO - [2024-05-20T09:04:02.144+0000] {dag.py:3954} INFO - Setting next_dagrun for example_task_group to 2024-05-19 00:00:00+00:00, run_after=2024-05-20 00:00:00+00:00
[2024-05-20T09:04:02.168+0000] {processor.py:183} INFO - Processing /home/airflow/.local/lib/python3.12/site-packages/airflow/example_dags/example_task_group.py took 0.092 seconds
[2024-05-20T09:04:32.294+0000] {processor.py:161} INFO - Started process (PID=4158) to work on /home/airflow/.local/lib/python3.12/site-packages/airflow/example_dags/example_task_group.py
[2024-05-20T09:04:32.296+0000] {processor.py:830} INFO - Processing file /home/airflow/.local/lib/python3.12/site-packages/airflow/example_dags/example_task_group.py for tasks to queue
[2024-05-20T09:04:32.297+0000] {logging_mixin.py:188} INFO - [2024-05-20T09:04:32.297+0000] {dagbag.py:545} INFO - Filling up the DagBag from /home/airflow/.local/lib/python3.12/site-packages/airflow/example_dags/example_task_group.py
[2024-05-20T09:04:32.306+0000] {processor.py:840} INFO - DAG(s) 'example_task_group' retrieved from /home/airflow/.local/lib/python3.12/site-packages/airflow/example_dags/example_task_group.py
[2024-05-20T09:04:32.333+0000] {logging_mixin.py:188} INFO - [2024-05-20T09:04:32.333+0000] {dag.py:3096} INFO - Sync 1 DAGs
[2024-05-20T09:04:32.363+0000] {logging_mixin.py:188} INFO - [2024-05-20T09:04:32.362+0000] {dag.py:3954} INFO - Setting next_dagrun for example_task_group to 2024-05-19 00:00:00+00:00, run_after=2024-05-20 00:00:00+00:00
[2024-05-20T09:04:32.386+0000] {processor.py:183} INFO - Processing /home/airflow/.local/lib/python3.12/site-packages/airflow/example_dags/example_task_group.py took 0.101 seconds
[2024-05-20T09:05:02.497+0000] {processor.py:161} INFO - Started process (PID=4220) to work on /home/airflow/.local/lib/python3.12/site-packages/airflow/example_dags/example_task_group.py
[2024-05-20T09:05:02.499+0000] {processor.py:830} INFO - Processing file /home/airflow/.local/lib/python3.12/site-packages/airflow/example_dags/example_task_group.py for tasks to queue
[2024-05-20T09:05:02.500+0000] {logging_mixin.py:188} INFO - [2024-05-20T09:05:02.500+0000] {dagbag.py:545} INFO - Filling up the DagBag from /home/airflow/.local/lib/python3.12/site-packages/airflow/example_dags/example_task_group.py
[2024-05-20T09:05:02.514+0000] {processor.py:840} INFO - DAG(s) 'example_task_group' retrieved from /home/airflow/.local/lib/python3.12/site-packages/airflow/example_dags/example_task_group.py
[2024-05-20T09:05:02.547+0000] {logging_mixin.py:188} INFO - [2024-05-20T09:05:02.546+0000] {dag.py:3096} INFO - Sync 1 DAGs
[2024-05-20T09:05:02.577+0000] {logging_mixin.py:188} INFO - [2024-05-20T09:05:02.577+0000] {dag.py:3954} INFO - Setting next_dagrun for example_task_group to 2024-05-19 00:00:00+00:00, run_after=2024-05-20 00:00:00+00:00
[2024-05-20T09:05:02.604+0000] {processor.py:183} INFO - Processing /home/airflow/.local/lib/python3.12/site-packages/airflow/example_dags/example_task_group.py took 0.114 seconds
[2024-05-20T09:05:33.396+0000] {processor.py:161} INFO - Started process (PID=4284) to work on /home/airflow/.local/lib/python3.12/site-packages/airflow/example_dags/example_task_group.py
[2024-05-20T09:05:33.398+0000] {processor.py:830} INFO - Processing file /home/airflow/.local/lib/python3.12/site-packages/airflow/example_dags/example_task_group.py for tasks to queue
[2024-05-20T09:05:33.399+0000] {logging_mixin.py:188} INFO - [2024-05-20T09:05:33.399+0000] {dagbag.py:545} INFO - Filling up the DagBag from /home/airflow/.local/lib/python3.12/site-packages/airflow/example_dags/example_task_group.py
[2024-05-20T09:05:33.410+0000] {processor.py:840} INFO - DAG(s) 'example_task_group' retrieved from /home/airflow/.local/lib/python3.12/site-packages/airflow/example_dags/example_task_group.py
[2024-05-20T09:05:33.440+0000] {logging_mixin.py:188} INFO - [2024-05-20T09:05:33.440+0000] {dag.py:3096} INFO - Sync 1 DAGs
[2024-05-20T09:05:33.471+0000] {logging_mixin.py:188} INFO - [2024-05-20T09:05:33.471+0000] {dag.py:3954} INFO - Setting next_dagrun for example_task_group to 2024-05-19 00:00:00+00:00, run_after=2024-05-20 00:00:00+00:00
[2024-05-20T09:05:33.499+0000] {processor.py:183} INFO - Processing /home/airflow/.local/lib/python3.12/site-packages/airflow/example_dags/example_task_group.py took 0.111 seconds
[2024-05-20T09:12:01.721+0000] {processor.py:161} INFO - Started process (PID=4335) to work on /home/airflow/.local/lib/python3.12/site-packages/airflow/example_dags/example_task_group.py
[2024-05-20T09:12:01.723+0000] {processor.py:830} INFO - Processing file /home/airflow/.local/lib/python3.12/site-packages/airflow/example_dags/example_task_group.py for tasks to queue
[2024-05-20T09:12:01.725+0000] {logging_mixin.py:188} INFO - [2024-05-20T09:12:01.724+0000] {dagbag.py:545} INFO - Filling up the DagBag from /home/airflow/.local/lib/python3.12/site-packages/airflow/example_dags/example_task_group.py
[2024-05-20T09:12:01.741+0000] {processor.py:840} INFO - DAG(s) 'example_task_group' retrieved from /home/airflow/.local/lib/python3.12/site-packages/airflow/example_dags/example_task_group.py
[2024-05-20T09:12:01.780+0000] {logging_mixin.py:188} INFO - [2024-05-20T09:12:01.779+0000] {dag.py:3096} INFO - Sync 1 DAGs
[2024-05-20T09:12:01.819+0000] {logging_mixin.py:188} INFO - [2024-05-20T09:12:01.819+0000] {dag.py:3954} INFO - Setting next_dagrun for example_task_group to 2024-05-19 00:00:00+00:00, run_after=2024-05-20 00:00:00+00:00
[2024-05-20T09:12:01.867+0000] {processor.py:183} INFO - Processing /home/airflow/.local/lib/python3.12/site-packages/airflow/example_dags/example_task_group.py took 0.157 seconds
