[2024-05-20T08:30:47.134+0000] {processor.py:161} INFO - Started process (PID=96) to work on /home/airflow/.local/lib/python3.12/site-packages/airflow/example_dags/example_task_group_decorator.py
[2024-05-20T08:30:47.146+0000] {processor.py:830} INFO - Processing file /home/airflow/.local/lib/python3.12/site-packages/airflow/example_dags/example_task_group_decorator.py for tasks to queue
[2024-05-20T08:30:47.181+0000] {logging_mixin.py:188} INFO - [2024-05-20T08:30:47.179+0000] {dagbag.py:545} INFO - Filling up the DagBag from /home/airflow/.local/lib/python3.12/site-packages/airflow/example_dags/example_task_group_decorator.py
[2024-05-20T08:30:47.590+0000] {processor.py:840} INFO - DAG(s) 'example_task_group_decorator' retrieved from /home/airflow/.local/lib/python3.12/site-packages/airflow/example_dags/example_task_group_decorator.py
[2024-05-20T08:30:47.732+0000] {logging_mixin.py:188} INFO - [2024-05-20T08:30:47.731+0000] {dag.py:3096} INFO - Sync 1 DAGs
[2024-05-20T08:30:47.801+0000] {logging_mixin.py:188} INFO - [2024-05-20T08:30:47.801+0000] {dag.py:3954} INFO - Setting next_dagrun for example_task_group_decorator to 2024-05-19 00:00:00+00:00, run_after=2024-05-20 00:00:00+00:00
[2024-05-20T08:30:48.012+0000] {processor.py:183} INFO - Processing /home/airflow/.local/lib/python3.12/site-packages/airflow/example_dags/example_task_group_decorator.py took 0.930 seconds
[2024-05-20T08:31:56.225+0000] {processor.py:161} INFO - Started process (PID=211) to work on /home/airflow/.local/lib/python3.12/site-packages/airflow/example_dags/example_task_group_decorator.py
[2024-05-20T08:31:56.230+0000] {processor.py:830} INFO - Processing file /home/airflow/.local/lib/python3.12/site-packages/airflow/example_dags/example_task_group_decorator.py for tasks to queue
[2024-05-20T08:31:56.235+0000] {logging_mixin.py:188} INFO - [2024-05-20T08:31:56.234+0000] {dagbag.py:545} INFO - Filling up the DagBag from /home/airflow/.local/lib/python3.12/site-packages/airflow/example_dags/example_task_group_decorator.py
[2024-05-20T08:31:56.293+0000] {processor.py:840} INFO - DAG(s) 'example_task_group_decorator' retrieved from /home/airflow/.local/lib/python3.12/site-packages/airflow/example_dags/example_task_group_decorator.py
[2024-05-20T08:31:56.371+0000] {logging_mixin.py:188} INFO - [2024-05-20T08:31:56.370+0000] {dag.py:3096} INFO - Sync 1 DAGs
[2024-05-20T08:31:56.433+0000] {logging_mixin.py:188} INFO - [2024-05-20T08:31:56.432+0000] {dag.py:3954} INFO - Setting next_dagrun for example_task_group_decorator to 2024-05-19 00:00:00+00:00, run_after=2024-05-20 00:00:00+00:00
[2024-05-20T08:31:56.480+0000] {processor.py:183} INFO - Processing /home/airflow/.local/lib/python3.12/site-packages/airflow/example_dags/example_task_group_decorator.py took 0.277 seconds
[2024-05-20T08:32:26.843+0000] {processor.py:161} INFO - Started process (PID=274) to work on /home/airflow/.local/lib/python3.12/site-packages/airflow/example_dags/example_task_group_decorator.py
[2024-05-20T08:32:26.844+0000] {processor.py:830} INFO - Processing file /home/airflow/.local/lib/python3.12/site-packages/airflow/example_dags/example_task_group_decorator.py for tasks to queue
[2024-05-20T08:32:26.846+0000] {logging_mixin.py:188} INFO - [2024-05-20T08:32:26.846+0000] {dagbag.py:545} INFO - Filling up the DagBag from /home/airflow/.local/lib/python3.12/site-packages/airflow/example_dags/example_task_group_decorator.py
[2024-05-20T08:32:26.864+0000] {processor.py:840} INFO - DAG(s) 'example_task_group_decorator' retrieved from /home/airflow/.local/lib/python3.12/site-packages/airflow/example_dags/example_task_group_decorator.py
[2024-05-20T08:32:26.892+0000] {logging_mixin.py:188} INFO - [2024-05-20T08:32:26.892+0000] {dag.py:3096} INFO - Sync 1 DAGs
[2024-05-20T08:32:26.917+0000] {logging_mixin.py:188} INFO - [2024-05-20T08:32:26.917+0000] {dag.py:3954} INFO - Setting next_dagrun for example_task_group_decorator to 2024-05-19 00:00:00+00:00, run_after=2024-05-20 00:00:00+00:00
[2024-05-20T08:32:26.939+0000] {processor.py:183} INFO - Processing /home/airflow/.local/lib/python3.12/site-packages/airflow/example_dags/example_task_group_decorator.py took 0.103 seconds
[2024-05-20T08:32:57.246+0000] {processor.py:161} INFO - Started process (PID=335) to work on /home/airflow/.local/lib/python3.12/site-packages/airflow/example_dags/example_task_group_decorator.py
[2024-05-20T08:32:57.247+0000] {processor.py:830} INFO - Processing file /home/airflow/.local/lib/python3.12/site-packages/airflow/example_dags/example_task_group_decorator.py for tasks to queue
[2024-05-20T08:32:57.250+0000] {logging_mixin.py:188} INFO - [2024-05-20T08:32:57.249+0000] {dagbag.py:545} INFO - Filling up the DagBag from /home/airflow/.local/lib/python3.12/site-packages/airflow/example_dags/example_task_group_decorator.py
[2024-05-20T08:32:57.268+0000] {processor.py:840} INFO - DAG(s) 'example_task_group_decorator' retrieved from /home/airflow/.local/lib/python3.12/site-packages/airflow/example_dags/example_task_group_decorator.py
[2024-05-20T08:32:57.305+0000] {logging_mixin.py:188} INFO - [2024-05-20T08:32:57.305+0000] {dag.py:3096} INFO - Sync 1 DAGs
[2024-05-20T08:32:57.341+0000] {logging_mixin.py:188} INFO - [2024-05-20T08:32:57.340+0000] {dag.py:3954} INFO - Setting next_dagrun for example_task_group_decorator to 2024-05-19 00:00:00+00:00, run_after=2024-05-20 00:00:00+00:00
[2024-05-20T08:32:57.373+0000] {processor.py:183} INFO - Processing /home/airflow/.local/lib/python3.12/site-packages/airflow/example_dags/example_task_group_decorator.py took 0.136 seconds
[2024-05-20T08:33:31.966+0000] {processor.py:161} INFO - Started process (PID=395) to work on /home/airflow/.local/lib/python3.12/site-packages/airflow/example_dags/example_task_group_decorator.py
[2024-05-20T08:33:31.970+0000] {processor.py:830} INFO - Processing file /home/airflow/.local/lib/python3.12/site-packages/airflow/example_dags/example_task_group_decorator.py for tasks to queue
[2024-05-20T08:33:31.976+0000] {logging_mixin.py:188} INFO - [2024-05-20T08:33:31.975+0000] {dagbag.py:545} INFO - Filling up the DagBag from /home/airflow/.local/lib/python3.12/site-packages/airflow/example_dags/example_task_group_decorator.py
[2024-05-20T08:33:32.032+0000] {processor.py:840} INFO - DAG(s) 'example_task_group_decorator' retrieved from /home/airflow/.local/lib/python3.12/site-packages/airflow/example_dags/example_task_group_decorator.py
[2024-05-20T08:33:32.110+0000] {logging_mixin.py:188} INFO - [2024-05-20T08:33:32.109+0000] {dag.py:3096} INFO - Sync 1 DAGs
[2024-05-20T08:33:32.187+0000] {logging_mixin.py:188} INFO - [2024-05-20T08:33:32.187+0000] {dag.py:3954} INFO - Setting next_dagrun for example_task_group_decorator to 2024-05-19 00:00:00+00:00, run_after=2024-05-20 00:00:00+00:00
[2024-05-20T08:33:32.245+0000] {processor.py:183} INFO - Processing /home/airflow/.local/lib/python3.12/site-packages/airflow/example_dags/example_task_group_decorator.py took 0.288 seconds
[2024-05-20T08:34:02.680+0000] {processor.py:161} INFO - Started process (PID=456) to work on /home/airflow/.local/lib/python3.12/site-packages/airflow/example_dags/example_task_group_decorator.py
[2024-05-20T08:34:02.683+0000] {processor.py:830} INFO - Processing file /home/airflow/.local/lib/python3.12/site-packages/airflow/example_dags/example_task_group_decorator.py for tasks to queue
[2024-05-20T08:34:02.688+0000] {logging_mixin.py:188} INFO - [2024-05-20T08:34:02.687+0000] {dagbag.py:545} INFO - Filling up the DagBag from /home/airflow/.local/lib/python3.12/site-packages/airflow/example_dags/example_task_group_decorator.py
[2024-05-20T08:34:02.736+0000] {processor.py:840} INFO - DAG(s) 'example_task_group_decorator' retrieved from /home/airflow/.local/lib/python3.12/site-packages/airflow/example_dags/example_task_group_decorator.py
[2024-05-20T08:34:02.812+0000] {logging_mixin.py:188} INFO - [2024-05-20T08:34:02.811+0000] {dag.py:3096} INFO - Sync 1 DAGs
[2024-05-20T08:34:02.862+0000] {logging_mixin.py:188} INFO - [2024-05-20T08:34:02.862+0000] {dag.py:3954} INFO - Setting next_dagrun for example_task_group_decorator to 2024-05-19 00:00:00+00:00, run_after=2024-05-20 00:00:00+00:00
[2024-05-20T08:34:02.917+0000] {processor.py:183} INFO - Processing /home/airflow/.local/lib/python3.12/site-packages/airflow/example_dags/example_task_group_decorator.py took 0.257 seconds
[2024-05-20T08:34:33.593+0000] {processor.py:161} INFO - Started process (PID=517) to work on /home/airflow/.local/lib/python3.12/site-packages/airflow/example_dags/example_task_group_decorator.py
[2024-05-20T08:34:33.594+0000] {processor.py:830} INFO - Processing file /home/airflow/.local/lib/python3.12/site-packages/airflow/example_dags/example_task_group_decorator.py for tasks to queue
[2024-05-20T08:34:33.596+0000] {logging_mixin.py:188} INFO - [2024-05-20T08:34:33.596+0000] {dagbag.py:545} INFO - Filling up the DagBag from /home/airflow/.local/lib/python3.12/site-packages/airflow/example_dags/example_task_group_decorator.py
[2024-05-20T08:34:33.612+0000] {processor.py:840} INFO - DAG(s) 'example_task_group_decorator' retrieved from /home/airflow/.local/lib/python3.12/site-packages/airflow/example_dags/example_task_group_decorator.py
[2024-05-20T08:34:33.639+0000] {logging_mixin.py:188} INFO - [2024-05-20T08:34:33.638+0000] {dag.py:3096} INFO - Sync 1 DAGs
[2024-05-20T08:34:33.659+0000] {logging_mixin.py:188} INFO - [2024-05-20T08:34:33.658+0000] {dag.py:3954} INFO - Setting next_dagrun for example_task_group_decorator to 2024-05-19 00:00:00+00:00, run_after=2024-05-20 00:00:00+00:00
[2024-05-20T08:34:33.680+0000] {processor.py:183} INFO - Processing /home/airflow/.local/lib/python3.12/site-packages/airflow/example_dags/example_task_group_decorator.py took 0.093 seconds
[2024-05-20T08:35:04.442+0000] {processor.py:161} INFO - Started process (PID=577) to work on /home/airflow/.local/lib/python3.12/site-packages/airflow/example_dags/example_task_group_decorator.py
[2024-05-20T08:35:04.443+0000] {processor.py:830} INFO - Processing file /home/airflow/.local/lib/python3.12/site-packages/airflow/example_dags/example_task_group_decorator.py for tasks to queue
[2024-05-20T08:35:04.446+0000] {logging_mixin.py:188} INFO - [2024-05-20T08:35:04.445+0000] {dagbag.py:545} INFO - Filling up the DagBag from /home/airflow/.local/lib/python3.12/site-packages/airflow/example_dags/example_task_group_decorator.py
[2024-05-20T08:35:04.467+0000] {processor.py:840} INFO - DAG(s) 'example_task_group_decorator' retrieved from /home/airflow/.local/lib/python3.12/site-packages/airflow/example_dags/example_task_group_decorator.py
[2024-05-20T08:35:04.501+0000] {logging_mixin.py:188} INFO - [2024-05-20T08:35:04.501+0000] {dag.py:3096} INFO - Sync 1 DAGs
[2024-05-20T08:35:04.529+0000] {logging_mixin.py:188} INFO - [2024-05-20T08:35:04.529+0000] {dag.py:3954} INFO - Setting next_dagrun for example_task_group_decorator to 2024-05-19 00:00:00+00:00, run_after=2024-05-20 00:00:00+00:00
[2024-05-20T08:35:04.553+0000] {processor.py:183} INFO - Processing /home/airflow/.local/lib/python3.12/site-packages/airflow/example_dags/example_task_group_decorator.py took 0.120 seconds
[2024-05-20T08:35:35.013+0000] {processor.py:161} INFO - Started process (PID=639) to work on /home/airflow/.local/lib/python3.12/site-packages/airflow/example_dags/example_task_group_decorator.py
[2024-05-20T08:35:35.015+0000] {processor.py:830} INFO - Processing file /home/airflow/.local/lib/python3.12/site-packages/airflow/example_dags/example_task_group_decorator.py for tasks to queue
[2024-05-20T08:35:35.018+0000] {logging_mixin.py:188} INFO - [2024-05-20T08:35:35.017+0000] {dagbag.py:545} INFO - Filling up the DagBag from /home/airflow/.local/lib/python3.12/site-packages/airflow/example_dags/example_task_group_decorator.py
[2024-05-20T08:35:35.035+0000] {processor.py:840} INFO - DAG(s) 'example_task_group_decorator' retrieved from /home/airflow/.local/lib/python3.12/site-packages/airflow/example_dags/example_task_group_decorator.py
[2024-05-20T08:35:35.067+0000] {logging_mixin.py:188} INFO - [2024-05-20T08:35:35.067+0000] {dag.py:3096} INFO - Sync 1 DAGs
[2024-05-20T08:35:35.098+0000] {logging_mixin.py:188} INFO - [2024-05-20T08:35:35.098+0000] {dag.py:3954} INFO - Setting next_dagrun for example_task_group_decorator to 2024-05-19 00:00:00+00:00, run_after=2024-05-20 00:00:00+00:00
[2024-05-20T08:35:35.122+0000] {processor.py:183} INFO - Processing /home/airflow/.local/lib/python3.12/site-packages/airflow/example_dags/example_task_group_decorator.py took 0.117 seconds
[2024-05-20T08:36:05.788+0000] {processor.py:161} INFO - Started process (PID=700) to work on /home/airflow/.local/lib/python3.12/site-packages/airflow/example_dags/example_task_group_decorator.py
[2024-05-20T08:36:05.790+0000] {processor.py:830} INFO - Processing file /home/airflow/.local/lib/python3.12/site-packages/airflow/example_dags/example_task_group_decorator.py for tasks to queue
[2024-05-20T08:36:05.794+0000] {logging_mixin.py:188} INFO - [2024-05-20T08:36:05.793+0000] {dagbag.py:545} INFO - Filling up the DagBag from /home/airflow/.local/lib/python3.12/site-packages/airflow/example_dags/example_task_group_decorator.py
[2024-05-20T08:36:05.821+0000] {processor.py:840} INFO - DAG(s) 'example_task_group_decorator' retrieved from /home/airflow/.local/lib/python3.12/site-packages/airflow/example_dags/example_task_group_decorator.py
[2024-05-20T08:36:05.858+0000] {logging_mixin.py:188} INFO - [2024-05-20T08:36:05.858+0000] {dag.py:3096} INFO - Sync 1 DAGs
[2024-05-20T08:36:05.895+0000] {logging_mixin.py:188} INFO - [2024-05-20T08:36:05.895+0000] {dag.py:3954} INFO - Setting next_dagrun for example_task_group_decorator to 2024-05-19 00:00:00+00:00, run_after=2024-05-20 00:00:00+00:00
[2024-05-20T08:36:05.923+0000] {processor.py:183} INFO - Processing /home/airflow/.local/lib/python3.12/site-packages/airflow/example_dags/example_task_group_decorator.py took 0.145 seconds
[2024-05-20T08:36:36.662+0000] {processor.py:161} INFO - Started process (PID=761) to work on /home/airflow/.local/lib/python3.12/site-packages/airflow/example_dags/example_task_group_decorator.py
[2024-05-20T08:36:36.665+0000] {processor.py:830} INFO - Processing file /home/airflow/.local/lib/python3.12/site-packages/airflow/example_dags/example_task_group_decorator.py for tasks to queue
[2024-05-20T08:36:36.669+0000] {logging_mixin.py:188} INFO - [2024-05-20T08:36:36.669+0000] {dagbag.py:545} INFO - Filling up the DagBag from /home/airflow/.local/lib/python3.12/site-packages/airflow/example_dags/example_task_group_decorator.py
[2024-05-20T08:36:36.722+0000] {processor.py:840} INFO - DAG(s) 'example_task_group_decorator' retrieved from /home/airflow/.local/lib/python3.12/site-packages/airflow/example_dags/example_task_group_decorator.py
[2024-05-20T08:36:36.819+0000] {logging_mixin.py:188} INFO - [2024-05-20T08:36:36.818+0000] {dag.py:3096} INFO - Sync 1 DAGs
[2024-05-20T08:36:36.908+0000] {logging_mixin.py:188} INFO - [2024-05-20T08:36:36.908+0000] {dag.py:3954} INFO - Setting next_dagrun for example_task_group_decorator to 2024-05-19 00:00:00+00:00, run_after=2024-05-20 00:00:00+00:00
[2024-05-20T08:36:36.987+0000] {processor.py:183} INFO - Processing /home/airflow/.local/lib/python3.12/site-packages/airflow/example_dags/example_task_group_decorator.py took 0.339 seconds
[2024-05-20T08:37:07.938+0000] {processor.py:161} INFO - Started process (PID=822) to work on /home/airflow/.local/lib/python3.12/site-packages/airflow/example_dags/example_task_group_decorator.py
[2024-05-20T08:37:07.940+0000] {processor.py:830} INFO - Processing file /home/airflow/.local/lib/python3.12/site-packages/airflow/example_dags/example_task_group_decorator.py for tasks to queue
[2024-05-20T08:37:07.943+0000] {logging_mixin.py:188} INFO - [2024-05-20T08:37:07.943+0000] {dagbag.py:545} INFO - Filling up the DagBag from /home/airflow/.local/lib/python3.12/site-packages/airflow/example_dags/example_task_group_decorator.py
[2024-05-20T08:37:07.971+0000] {processor.py:840} INFO - DAG(s) 'example_task_group_decorator' retrieved from /home/airflow/.local/lib/python3.12/site-packages/airflow/example_dags/example_task_group_decorator.py
[2024-05-20T08:37:08.000+0000] {logging_mixin.py:188} INFO - [2024-05-20T08:37:08.000+0000] {dag.py:3096} INFO - Sync 1 DAGs
[2024-05-20T08:37:08.027+0000] {logging_mixin.py:188} INFO - [2024-05-20T08:37:08.027+0000] {dag.py:3954} INFO - Setting next_dagrun for example_task_group_decorator to 2024-05-19 00:00:00+00:00, run_after=2024-05-20 00:00:00+00:00
[2024-05-20T08:37:08.050+0000] {processor.py:183} INFO - Processing /home/airflow/.local/lib/python3.12/site-packages/airflow/example_dags/example_task_group_decorator.py took 0.126 seconds
[2024-05-20T08:37:38.351+0000] {processor.py:161} INFO - Started process (PID=883) to work on /home/airflow/.local/lib/python3.12/site-packages/airflow/example_dags/example_task_group_decorator.py
[2024-05-20T08:37:38.352+0000] {processor.py:830} INFO - Processing file /home/airflow/.local/lib/python3.12/site-packages/airflow/example_dags/example_task_group_decorator.py for tasks to queue
[2024-05-20T08:37:38.356+0000] {logging_mixin.py:188} INFO - [2024-05-20T08:37:38.355+0000] {dagbag.py:545} INFO - Filling up the DagBag from /home/airflow/.local/lib/python3.12/site-packages/airflow/example_dags/example_task_group_decorator.py
[2024-05-20T08:37:38.380+0000] {processor.py:840} INFO - DAG(s) 'example_task_group_decorator' retrieved from /home/airflow/.local/lib/python3.12/site-packages/airflow/example_dags/example_task_group_decorator.py
[2024-05-20T08:37:38.469+0000] {logging_mixin.py:188} INFO - [2024-05-20T08:37:38.468+0000] {dag.py:3096} INFO - Sync 1 DAGs
[2024-05-20T08:37:38.517+0000] {logging_mixin.py:188} INFO - [2024-05-20T08:37:38.517+0000] {dag.py:3954} INFO - Setting next_dagrun for example_task_group_decorator to 2024-05-19 00:00:00+00:00, run_after=2024-05-20 00:00:00+00:00
[2024-05-20T08:37:38.573+0000] {processor.py:183} INFO - Processing /home/airflow/.local/lib/python3.12/site-packages/airflow/example_dags/example_task_group_decorator.py took 0.232 seconds
[2024-05-20T08:38:08.783+0000] {processor.py:161} INFO - Started process (PID=944) to work on /home/airflow/.local/lib/python3.12/site-packages/airflow/example_dags/example_task_group_decorator.py
[2024-05-20T08:38:08.784+0000] {processor.py:830} INFO - Processing file /home/airflow/.local/lib/python3.12/site-packages/airflow/example_dags/example_task_group_decorator.py for tasks to queue
[2024-05-20T08:38:08.786+0000] {logging_mixin.py:188} INFO - [2024-05-20T08:38:08.785+0000] {dagbag.py:545} INFO - Filling up the DagBag from /home/airflow/.local/lib/python3.12/site-packages/airflow/example_dags/example_task_group_decorator.py
[2024-05-20T08:38:08.803+0000] {processor.py:840} INFO - DAG(s) 'example_task_group_decorator' retrieved from /home/airflow/.local/lib/python3.12/site-packages/airflow/example_dags/example_task_group_decorator.py
[2024-05-20T08:38:08.832+0000] {logging_mixin.py:188} INFO - [2024-05-20T08:38:08.832+0000] {dag.py:3096} INFO - Sync 1 DAGs
[2024-05-20T08:38:08.872+0000] {logging_mixin.py:188} INFO - [2024-05-20T08:38:08.871+0000] {dag.py:3954} INFO - Setting next_dagrun for example_task_group_decorator to 2024-05-19 00:00:00+00:00, run_after=2024-05-20 00:00:00+00:00
[2024-05-20T08:38:08.902+0000] {processor.py:183} INFO - Processing /home/airflow/.local/lib/python3.12/site-packages/airflow/example_dags/example_task_group_decorator.py took 0.125 seconds
[2024-05-20T08:38:39.531+0000] {processor.py:161} INFO - Started process (PID=1005) to work on /home/airflow/.local/lib/python3.12/site-packages/airflow/example_dags/example_task_group_decorator.py
[2024-05-20T08:38:39.532+0000] {processor.py:830} INFO - Processing file /home/airflow/.local/lib/python3.12/site-packages/airflow/example_dags/example_task_group_decorator.py for tasks to queue
[2024-05-20T08:38:39.535+0000] {logging_mixin.py:188} INFO - [2024-05-20T08:38:39.535+0000] {dagbag.py:545} INFO - Filling up the DagBag from /home/airflow/.local/lib/python3.12/site-packages/airflow/example_dags/example_task_group_decorator.py
[2024-05-20T08:38:39.553+0000] {processor.py:840} INFO - DAG(s) 'example_task_group_decorator' retrieved from /home/airflow/.local/lib/python3.12/site-packages/airflow/example_dags/example_task_group_decorator.py
[2024-05-20T08:38:39.585+0000] {logging_mixin.py:188} INFO - [2024-05-20T08:38:39.585+0000] {dag.py:3096} INFO - Sync 1 DAGs
[2024-05-20T08:38:39.617+0000] {logging_mixin.py:188} INFO - [2024-05-20T08:38:39.617+0000] {dag.py:3954} INFO - Setting next_dagrun for example_task_group_decorator to 2024-05-19 00:00:00+00:00, run_after=2024-05-20 00:00:00+00:00
[2024-05-20T08:38:39.647+0000] {processor.py:183} INFO - Processing /home/airflow/.local/lib/python3.12/site-packages/airflow/example_dags/example_task_group_decorator.py took 0.123 seconds
[2024-05-20T08:39:10.079+0000] {processor.py:161} INFO - Started process (PID=1066) to work on /home/airflow/.local/lib/python3.12/site-packages/airflow/example_dags/example_task_group_decorator.py
[2024-05-20T08:39:10.080+0000] {processor.py:830} INFO - Processing file /home/airflow/.local/lib/python3.12/site-packages/airflow/example_dags/example_task_group_decorator.py for tasks to queue
[2024-05-20T08:39:10.082+0000] {logging_mixin.py:188} INFO - [2024-05-20T08:39:10.082+0000] {dagbag.py:545} INFO - Filling up the DagBag from /home/airflow/.local/lib/python3.12/site-packages/airflow/example_dags/example_task_group_decorator.py
[2024-05-20T08:39:10.095+0000] {processor.py:840} INFO - DAG(s) 'example_task_group_decorator' retrieved from /home/airflow/.local/lib/python3.12/site-packages/airflow/example_dags/example_task_group_decorator.py
[2024-05-20T08:39:10.119+0000] {logging_mixin.py:188} INFO - [2024-05-20T08:39:10.119+0000] {dag.py:3096} INFO - Sync 1 DAGs
[2024-05-20T08:39:10.144+0000] {logging_mixin.py:188} INFO - [2024-05-20T08:39:10.144+0000] {dag.py:3954} INFO - Setting next_dagrun for example_task_group_decorator to 2024-05-19 00:00:00+00:00, run_after=2024-05-20 00:00:00+00:00
[2024-05-20T08:39:10.171+0000] {processor.py:183} INFO - Processing /home/airflow/.local/lib/python3.12/site-packages/airflow/example_dags/example_task_group_decorator.py took 0.097 seconds
[2024-05-20T08:39:40.256+0000] {processor.py:161} INFO - Started process (PID=1127) to work on /home/airflow/.local/lib/python3.12/site-packages/airflow/example_dags/example_task_group_decorator.py
[2024-05-20T08:39:40.257+0000] {processor.py:830} INFO - Processing file /home/airflow/.local/lib/python3.12/site-packages/airflow/example_dags/example_task_group_decorator.py for tasks to queue
[2024-05-20T08:39:40.259+0000] {logging_mixin.py:188} INFO - [2024-05-20T08:39:40.259+0000] {dagbag.py:545} INFO - Filling up the DagBag from /home/airflow/.local/lib/python3.12/site-packages/airflow/example_dags/example_task_group_decorator.py
[2024-05-20T08:39:40.272+0000] {processor.py:840} INFO - DAG(s) 'example_task_group_decorator' retrieved from /home/airflow/.local/lib/python3.12/site-packages/airflow/example_dags/example_task_group_decorator.py
[2024-05-20T08:39:40.297+0000] {logging_mixin.py:188} INFO - [2024-05-20T08:39:40.296+0000] {dag.py:3096} INFO - Sync 1 DAGs
[2024-05-20T08:39:40.318+0000] {logging_mixin.py:188} INFO - [2024-05-20T08:39:40.318+0000] {dag.py:3954} INFO - Setting next_dagrun for example_task_group_decorator to 2024-05-19 00:00:00+00:00, run_after=2024-05-20 00:00:00+00:00
[2024-05-20T08:39:40.340+0000] {processor.py:183} INFO - Processing /home/airflow/.local/lib/python3.12/site-packages/airflow/example_dags/example_task_group_decorator.py took 0.089 seconds
[2024-05-20T08:40:11.270+0000] {processor.py:161} INFO - Started process (PID=1190) to work on /home/airflow/.local/lib/python3.12/site-packages/airflow/example_dags/example_task_group_decorator.py
[2024-05-20T08:40:11.272+0000] {processor.py:830} INFO - Processing file /home/airflow/.local/lib/python3.12/site-packages/airflow/example_dags/example_task_group_decorator.py for tasks to queue
[2024-05-20T08:40:11.274+0000] {logging_mixin.py:188} INFO - [2024-05-20T08:40:11.273+0000] {dagbag.py:545} INFO - Filling up the DagBag from /home/airflow/.local/lib/python3.12/site-packages/airflow/example_dags/example_task_group_decorator.py
[2024-05-20T08:40:11.287+0000] {processor.py:840} INFO - DAG(s) 'example_task_group_decorator' retrieved from /home/airflow/.local/lib/python3.12/site-packages/airflow/example_dags/example_task_group_decorator.py
[2024-05-20T08:40:11.312+0000] {logging_mixin.py:188} INFO - [2024-05-20T08:40:11.312+0000] {dag.py:3096} INFO - Sync 1 DAGs
[2024-05-20T08:40:11.339+0000] {logging_mixin.py:188} INFO - [2024-05-20T08:40:11.338+0000] {dag.py:3954} INFO - Setting next_dagrun for example_task_group_decorator to 2024-05-19 00:00:00+00:00, run_after=2024-05-20 00:00:00+00:00
[2024-05-20T08:40:11.368+0000] {processor.py:183} INFO - Processing /home/airflow/.local/lib/python3.12/site-packages/airflow/example_dags/example_task_group_decorator.py took 0.103 seconds
[2024-05-20T08:40:41.535+0000] {processor.py:161} INFO - Started process (PID=1254) to work on /home/airflow/.local/lib/python3.12/site-packages/airflow/example_dags/example_task_group_decorator.py
[2024-05-20T08:40:41.537+0000] {processor.py:830} INFO - Processing file /home/airflow/.local/lib/python3.12/site-packages/airflow/example_dags/example_task_group_decorator.py for tasks to queue
[2024-05-20T08:40:41.540+0000] {logging_mixin.py:188} INFO - [2024-05-20T08:40:41.539+0000] {dagbag.py:545} INFO - Filling up the DagBag from /home/airflow/.local/lib/python3.12/site-packages/airflow/example_dags/example_task_group_decorator.py
[2024-05-20T08:40:41.573+0000] {processor.py:840} INFO - DAG(s) 'example_task_group_decorator' retrieved from /home/airflow/.local/lib/python3.12/site-packages/airflow/example_dags/example_task_group_decorator.py
[2024-05-20T08:40:41.635+0000] {logging_mixin.py:188} INFO - [2024-05-20T08:40:41.634+0000] {dag.py:3096} INFO - Sync 1 DAGs
[2024-05-20T08:40:41.686+0000] {logging_mixin.py:188} INFO - [2024-05-20T08:40:41.685+0000] {dag.py:3954} INFO - Setting next_dagrun for example_task_group_decorator to 2024-05-19 00:00:00+00:00, run_after=2024-05-20 00:00:00+00:00
[2024-05-20T08:40:41.760+0000] {processor.py:183} INFO - Processing /home/airflow/.local/lib/python3.12/site-packages/airflow/example_dags/example_task_group_decorator.py took 0.235 seconds
[2024-05-20T08:41:11.883+0000] {processor.py:161} INFO - Started process (PID=1317) to work on /home/airflow/.local/lib/python3.12/site-packages/airflow/example_dags/example_task_group_decorator.py
[2024-05-20T08:41:11.885+0000] {processor.py:830} INFO - Processing file /home/airflow/.local/lib/python3.12/site-packages/airflow/example_dags/example_task_group_decorator.py for tasks to queue
[2024-05-20T08:41:11.887+0000] {logging_mixin.py:188} INFO - [2024-05-20T08:41:11.887+0000] {dagbag.py:545} INFO - Filling up the DagBag from /home/airflow/.local/lib/python3.12/site-packages/airflow/example_dags/example_task_group_decorator.py
[2024-05-20T08:41:11.909+0000] {processor.py:840} INFO - DAG(s) 'example_task_group_decorator' retrieved from /home/airflow/.local/lib/python3.12/site-packages/airflow/example_dags/example_task_group_decorator.py
[2024-05-20T08:41:11.939+0000] {logging_mixin.py:188} INFO - [2024-05-20T08:41:11.938+0000] {dag.py:3096} INFO - Sync 1 DAGs
[2024-05-20T08:41:11.965+0000] {logging_mixin.py:188} INFO - [2024-05-20T08:41:11.965+0000] {dag.py:3954} INFO - Setting next_dagrun for example_task_group_decorator to 2024-05-19 00:00:00+00:00, run_after=2024-05-20 00:00:00+00:00
[2024-05-20T08:41:11.989+0000] {processor.py:183} INFO - Processing /home/airflow/.local/lib/python3.12/site-packages/airflow/example_dags/example_task_group_decorator.py took 0.114 seconds
[2024-05-20T08:41:42.248+0000] {processor.py:161} INFO - Started process (PID=1379) to work on /home/airflow/.local/lib/python3.12/site-packages/airflow/example_dags/example_task_group_decorator.py
[2024-05-20T08:41:42.250+0000] {processor.py:830} INFO - Processing file /home/airflow/.local/lib/python3.12/site-packages/airflow/example_dags/example_task_group_decorator.py for tasks to queue
[2024-05-20T08:41:42.251+0000] {logging_mixin.py:188} INFO - [2024-05-20T08:41:42.250+0000] {dagbag.py:545} INFO - Filling up the DagBag from /home/airflow/.local/lib/python3.12/site-packages/airflow/example_dags/example_task_group_decorator.py
[2024-05-20T08:41:42.266+0000] {processor.py:840} INFO - DAG(s) 'example_task_group_decorator' retrieved from /home/airflow/.local/lib/python3.12/site-packages/airflow/example_dags/example_task_group_decorator.py
[2024-05-20T08:41:42.303+0000] {logging_mixin.py:188} INFO - [2024-05-20T08:41:42.303+0000] {dag.py:3096} INFO - Sync 1 DAGs
[2024-05-20T08:41:42.335+0000] {logging_mixin.py:188} INFO - [2024-05-20T08:41:42.335+0000] {dag.py:3954} INFO - Setting next_dagrun for example_task_group_decorator to 2024-05-19 00:00:00+00:00, run_after=2024-05-20 00:00:00+00:00
[2024-05-20T08:41:42.370+0000] {processor.py:183} INFO - Processing /home/airflow/.local/lib/python3.12/site-packages/airflow/example_dags/example_task_group_decorator.py took 0.129 seconds
[2024-05-20T08:42:12.667+0000] {processor.py:161} INFO - Started process (PID=1441) to work on /home/airflow/.local/lib/python3.12/site-packages/airflow/example_dags/example_task_group_decorator.py
[2024-05-20T08:42:12.668+0000] {processor.py:830} INFO - Processing file /home/airflow/.local/lib/python3.12/site-packages/airflow/example_dags/example_task_group_decorator.py for tasks to queue
[2024-05-20T08:42:12.669+0000] {logging_mixin.py:188} INFO - [2024-05-20T08:42:12.668+0000] {dagbag.py:545} INFO - Filling up the DagBag from /home/airflow/.local/lib/python3.12/site-packages/airflow/example_dags/example_task_group_decorator.py
[2024-05-20T08:42:12.686+0000] {processor.py:840} INFO - DAG(s) 'example_task_group_decorator' retrieved from /home/airflow/.local/lib/python3.12/site-packages/airflow/example_dags/example_task_group_decorator.py
[2024-05-20T08:42:12.716+0000] {logging_mixin.py:188} INFO - [2024-05-20T08:42:12.715+0000] {dag.py:3096} INFO - Sync 1 DAGs
[2024-05-20T08:42:12.742+0000] {logging_mixin.py:188} INFO - [2024-05-20T08:42:12.742+0000] {dag.py:3954} INFO - Setting next_dagrun for example_task_group_decorator to 2024-05-19 00:00:00+00:00, run_after=2024-05-20 00:00:00+00:00
[2024-05-20T08:42:12.766+0000] {processor.py:183} INFO - Processing /home/airflow/.local/lib/python3.12/site-packages/airflow/example_dags/example_task_group_decorator.py took 0.106 seconds
[2024-05-20T08:42:43.062+0000] {processor.py:161} INFO - Started process (PID=1502) to work on /home/airflow/.local/lib/python3.12/site-packages/airflow/example_dags/example_task_group_decorator.py
[2024-05-20T08:42:43.064+0000] {processor.py:830} INFO - Processing file /home/airflow/.local/lib/python3.12/site-packages/airflow/example_dags/example_task_group_decorator.py for tasks to queue
[2024-05-20T08:42:43.065+0000] {logging_mixin.py:188} INFO - [2024-05-20T08:42:43.065+0000] {dagbag.py:545} INFO - Filling up the DagBag from /home/airflow/.local/lib/python3.12/site-packages/airflow/example_dags/example_task_group_decorator.py
[2024-05-20T08:42:43.081+0000] {processor.py:840} INFO - DAG(s) 'example_task_group_decorator' retrieved from /home/airflow/.local/lib/python3.12/site-packages/airflow/example_dags/example_task_group_decorator.py
[2024-05-20T08:42:43.110+0000] {logging_mixin.py:188} INFO - [2024-05-20T08:42:43.109+0000] {dag.py:3096} INFO - Sync 1 DAGs
[2024-05-20T08:42:43.132+0000] {logging_mixin.py:188} INFO - [2024-05-20T08:42:43.132+0000] {dag.py:3954} INFO - Setting next_dagrun for example_task_group_decorator to 2024-05-19 00:00:00+00:00, run_after=2024-05-20 00:00:00+00:00
[2024-05-20T08:42:43.155+0000] {processor.py:183} INFO - Processing /home/airflow/.local/lib/python3.12/site-packages/airflow/example_dags/example_task_group_decorator.py took 0.098 seconds
[2024-05-20T08:43:13.764+0000] {processor.py:161} INFO - Started process (PID=1563) to work on /home/airflow/.local/lib/python3.12/site-packages/airflow/example_dags/example_task_group_decorator.py
[2024-05-20T08:43:13.766+0000] {processor.py:830} INFO - Processing file /home/airflow/.local/lib/python3.12/site-packages/airflow/example_dags/example_task_group_decorator.py for tasks to queue
[2024-05-20T08:43:13.767+0000] {logging_mixin.py:188} INFO - [2024-05-20T08:43:13.766+0000] {dagbag.py:545} INFO - Filling up the DagBag from /home/airflow/.local/lib/python3.12/site-packages/airflow/example_dags/example_task_group_decorator.py
[2024-05-20T08:43:13.782+0000] {processor.py:840} INFO - DAG(s) 'example_task_group_decorator' retrieved from /home/airflow/.local/lib/python3.12/site-packages/airflow/example_dags/example_task_group_decorator.py
[2024-05-20T08:43:13.812+0000] {logging_mixin.py:188} INFO - [2024-05-20T08:43:13.811+0000] {dag.py:3096} INFO - Sync 1 DAGs
[2024-05-20T08:43:13.836+0000] {logging_mixin.py:188} INFO - [2024-05-20T08:43:13.835+0000] {dag.py:3954} INFO - Setting next_dagrun for example_task_group_decorator to 2024-05-19 00:00:00+00:00, run_after=2024-05-20 00:00:00+00:00
[2024-05-20T08:43:13.885+0000] {processor.py:183} INFO - Processing /home/airflow/.local/lib/python3.12/site-packages/airflow/example_dags/example_task_group_decorator.py took 0.127 seconds
[2024-05-20T08:43:44.529+0000] {processor.py:161} INFO - Started process (PID=1624) to work on /home/airflow/.local/lib/python3.12/site-packages/airflow/example_dags/example_task_group_decorator.py
[2024-05-20T08:43:44.531+0000] {processor.py:830} INFO - Processing file /home/airflow/.local/lib/python3.12/site-packages/airflow/example_dags/example_task_group_decorator.py for tasks to queue
[2024-05-20T08:43:44.532+0000] {logging_mixin.py:188} INFO - [2024-05-20T08:43:44.532+0000] {dagbag.py:545} INFO - Filling up the DagBag from /home/airflow/.local/lib/python3.12/site-packages/airflow/example_dags/example_task_group_decorator.py
[2024-05-20T08:43:44.553+0000] {processor.py:840} INFO - DAG(s) 'example_task_group_decorator' retrieved from /home/airflow/.local/lib/python3.12/site-packages/airflow/example_dags/example_task_group_decorator.py
[2024-05-20T08:43:44.584+0000] {logging_mixin.py:188} INFO - [2024-05-20T08:43:44.584+0000] {dag.py:3096} INFO - Sync 1 DAGs
[2024-05-20T08:43:44.614+0000] {logging_mixin.py:188} INFO - [2024-05-20T08:43:44.614+0000] {dag.py:3954} INFO - Setting next_dagrun for example_task_group_decorator to 2024-05-19 00:00:00+00:00, run_after=2024-05-20 00:00:00+00:00
[2024-05-20T08:43:44.641+0000] {processor.py:183} INFO - Processing /home/airflow/.local/lib/python3.12/site-packages/airflow/example_dags/example_task_group_decorator.py took 0.117 seconds
[2024-05-20T08:44:15.261+0000] {processor.py:161} INFO - Started process (PID=1685) to work on /home/airflow/.local/lib/python3.12/site-packages/airflow/example_dags/example_task_group_decorator.py
[2024-05-20T08:44:15.262+0000] {processor.py:830} INFO - Processing file /home/airflow/.local/lib/python3.12/site-packages/airflow/example_dags/example_task_group_decorator.py for tasks to queue
[2024-05-20T08:44:15.263+0000] {logging_mixin.py:188} INFO - [2024-05-20T08:44:15.263+0000] {dagbag.py:545} INFO - Filling up the DagBag from /home/airflow/.local/lib/python3.12/site-packages/airflow/example_dags/example_task_group_decorator.py
[2024-05-20T08:44:15.278+0000] {processor.py:840} INFO - DAG(s) 'example_task_group_decorator' retrieved from /home/airflow/.local/lib/python3.12/site-packages/airflow/example_dags/example_task_group_decorator.py
[2024-05-20T08:44:15.308+0000] {logging_mixin.py:188} INFO - [2024-05-20T08:44:15.308+0000] {dag.py:3096} INFO - Sync 1 DAGs
[2024-05-20T08:44:15.332+0000] {logging_mixin.py:188} INFO - [2024-05-20T08:44:15.332+0000] {dag.py:3954} INFO - Setting next_dagrun for example_task_group_decorator to 2024-05-19 00:00:00+00:00, run_after=2024-05-20 00:00:00+00:00
[2024-05-20T08:44:15.356+0000] {processor.py:183} INFO - Processing /home/airflow/.local/lib/python3.12/site-packages/airflow/example_dags/example_task_group_decorator.py took 0.101 seconds
[2024-05-20T08:44:45.797+0000] {processor.py:161} INFO - Started process (PID=1746) to work on /home/airflow/.local/lib/python3.12/site-packages/airflow/example_dags/example_task_group_decorator.py
[2024-05-20T08:44:45.798+0000] {processor.py:830} INFO - Processing file /home/airflow/.local/lib/python3.12/site-packages/airflow/example_dags/example_task_group_decorator.py for tasks to queue
[2024-05-20T08:44:45.799+0000] {logging_mixin.py:188} INFO - [2024-05-20T08:44:45.799+0000] {dagbag.py:545} INFO - Filling up the DagBag from /home/airflow/.local/lib/python3.12/site-packages/airflow/example_dags/example_task_group_decorator.py
[2024-05-20T08:44:45.812+0000] {processor.py:840} INFO - DAG(s) 'example_task_group_decorator' retrieved from /home/airflow/.local/lib/python3.12/site-packages/airflow/example_dags/example_task_group_decorator.py
[2024-05-20T08:44:45.837+0000] {logging_mixin.py:188} INFO - [2024-05-20T08:44:45.837+0000] {dag.py:3096} INFO - Sync 1 DAGs
[2024-05-20T08:44:45.859+0000] {logging_mixin.py:188} INFO - [2024-05-20T08:44:45.858+0000] {dag.py:3954} INFO - Setting next_dagrun for example_task_group_decorator to 2024-05-19 00:00:00+00:00, run_after=2024-05-20 00:00:00+00:00
[2024-05-20T08:44:45.883+0000] {processor.py:183} INFO - Processing /home/airflow/.local/lib/python3.12/site-packages/airflow/example_dags/example_task_group_decorator.py took 0.092 seconds
[2024-05-20T08:45:16.059+0000] {processor.py:161} INFO - Started process (PID=1810) to work on /home/airflow/.local/lib/python3.12/site-packages/airflow/example_dags/example_task_group_decorator.py
[2024-05-20T08:45:16.061+0000] {processor.py:830} INFO - Processing file /home/airflow/.local/lib/python3.12/site-packages/airflow/example_dags/example_task_group_decorator.py for tasks to queue
[2024-05-20T08:45:16.062+0000] {logging_mixin.py:188} INFO - [2024-05-20T08:45:16.061+0000] {dagbag.py:545} INFO - Filling up the DagBag from /home/airflow/.local/lib/python3.12/site-packages/airflow/example_dags/example_task_group_decorator.py
[2024-05-20T08:45:16.074+0000] {processor.py:840} INFO - DAG(s) 'example_task_group_decorator' retrieved from /home/airflow/.local/lib/python3.12/site-packages/airflow/example_dags/example_task_group_decorator.py
[2024-05-20T08:45:16.101+0000] {logging_mixin.py:188} INFO - [2024-05-20T08:45:16.101+0000] {dag.py:3096} INFO - Sync 1 DAGs
[2024-05-20T08:45:16.123+0000] {logging_mixin.py:188} INFO - [2024-05-20T08:45:16.122+0000] {dag.py:3954} INFO - Setting next_dagrun for example_task_group_decorator to 2024-05-19 00:00:00+00:00, run_after=2024-05-20 00:00:00+00:00
[2024-05-20T08:45:16.148+0000] {processor.py:183} INFO - Processing /home/airflow/.local/lib/python3.12/site-packages/airflow/example_dags/example_task_group_decorator.py took 0.094 seconds
[2024-05-20T08:45:46.192+0000] {processor.py:161} INFO - Started process (PID=1872) to work on /home/airflow/.local/lib/python3.12/site-packages/airflow/example_dags/example_task_group_decorator.py
[2024-05-20T08:45:46.193+0000] {processor.py:830} INFO - Processing file /home/airflow/.local/lib/python3.12/site-packages/airflow/example_dags/example_task_group_decorator.py for tasks to queue
[2024-05-20T08:45:46.194+0000] {logging_mixin.py:188} INFO - [2024-05-20T08:45:46.194+0000] {dagbag.py:545} INFO - Filling up the DagBag from /home/airflow/.local/lib/python3.12/site-packages/airflow/example_dags/example_task_group_decorator.py
[2024-05-20T08:45:46.210+0000] {processor.py:840} INFO - DAG(s) 'example_task_group_decorator' retrieved from /home/airflow/.local/lib/python3.12/site-packages/airflow/example_dags/example_task_group_decorator.py
[2024-05-20T08:45:46.236+0000] {logging_mixin.py:188} INFO - [2024-05-20T08:45:46.236+0000] {dag.py:3096} INFO - Sync 1 DAGs
[2024-05-20T08:45:46.257+0000] {logging_mixin.py:188} INFO - [2024-05-20T08:45:46.257+0000] {dag.py:3954} INFO - Setting next_dagrun for example_task_group_decorator to 2024-05-19 00:00:00+00:00, run_after=2024-05-20 00:00:00+00:00
[2024-05-20T08:45:46.278+0000] {processor.py:183} INFO - Processing /home/airflow/.local/lib/python3.12/site-packages/airflow/example_dags/example_task_group_decorator.py took 0.092 seconds
[2024-05-20T08:46:16.739+0000] {processor.py:161} INFO - Started process (PID=1935) to work on /home/airflow/.local/lib/python3.12/site-packages/airflow/example_dags/example_task_group_decorator.py
[2024-05-20T08:46:16.741+0000] {processor.py:830} INFO - Processing file /home/airflow/.local/lib/python3.12/site-packages/airflow/example_dags/example_task_group_decorator.py for tasks to queue
[2024-05-20T08:46:16.742+0000] {logging_mixin.py:188} INFO - [2024-05-20T08:46:16.742+0000] {dagbag.py:545} INFO - Filling up the DagBag from /home/airflow/.local/lib/python3.12/site-packages/airflow/example_dags/example_task_group_decorator.py
[2024-05-20T08:46:16.765+0000] {processor.py:840} INFO - DAG(s) 'example_task_group_decorator' retrieved from /home/airflow/.local/lib/python3.12/site-packages/airflow/example_dags/example_task_group_decorator.py
[2024-05-20T08:46:16.801+0000] {logging_mixin.py:188} INFO - [2024-05-20T08:46:16.800+0000] {dag.py:3096} INFO - Sync 1 DAGs
[2024-05-20T08:46:16.833+0000] {logging_mixin.py:188} INFO - [2024-05-20T08:46:16.832+0000] {dag.py:3954} INFO - Setting next_dagrun for example_task_group_decorator to 2024-05-19 00:00:00+00:00, run_after=2024-05-20 00:00:00+00:00
[2024-05-20T08:46:16.862+0000] {processor.py:183} INFO - Processing /home/airflow/.local/lib/python3.12/site-packages/airflow/example_dags/example_task_group_decorator.py took 0.131 seconds
[2024-05-20T08:46:47.085+0000] {processor.py:161} INFO - Started process (PID=1997) to work on /home/airflow/.local/lib/python3.12/site-packages/airflow/example_dags/example_task_group_decorator.py
[2024-05-20T08:46:47.087+0000] {processor.py:830} INFO - Processing file /home/airflow/.local/lib/python3.12/site-packages/airflow/example_dags/example_task_group_decorator.py for tasks to queue
[2024-05-20T08:46:47.088+0000] {logging_mixin.py:188} INFO - [2024-05-20T08:46:47.088+0000] {dagbag.py:545} INFO - Filling up the DagBag from /home/airflow/.local/lib/python3.12/site-packages/airflow/example_dags/example_task_group_decorator.py
[2024-05-20T08:46:47.119+0000] {processor.py:840} INFO - DAG(s) 'example_task_group_decorator' retrieved from /home/airflow/.local/lib/python3.12/site-packages/airflow/example_dags/example_task_group_decorator.py
[2024-05-20T08:46:47.171+0000] {logging_mixin.py:188} INFO - [2024-05-20T08:46:47.170+0000] {dag.py:3096} INFO - Sync 1 DAGs
[2024-05-20T08:46:47.210+0000] {logging_mixin.py:188} INFO - [2024-05-20T08:46:47.210+0000] {dag.py:3954} INFO - Setting next_dagrun for example_task_group_decorator to 2024-05-19 00:00:00+00:00, run_after=2024-05-20 00:00:00+00:00
[2024-05-20T08:46:47.243+0000] {processor.py:183} INFO - Processing /home/airflow/.local/lib/python3.12/site-packages/airflow/example_dags/example_task_group_decorator.py took 0.168 seconds
[2024-05-20T08:47:17.350+0000] {processor.py:161} INFO - Started process (PID=2058) to work on /home/airflow/.local/lib/python3.12/site-packages/airflow/example_dags/example_task_group_decorator.py
[2024-05-20T08:47:17.352+0000] {processor.py:830} INFO - Processing file /home/airflow/.local/lib/python3.12/site-packages/airflow/example_dags/example_task_group_decorator.py for tasks to queue
[2024-05-20T08:47:17.354+0000] {logging_mixin.py:188} INFO - [2024-05-20T08:47:17.353+0000] {dagbag.py:545} INFO - Filling up the DagBag from /home/airflow/.local/lib/python3.12/site-packages/airflow/example_dags/example_task_group_decorator.py
[2024-05-20T08:47:17.371+0000] {processor.py:840} INFO - DAG(s) 'example_task_group_decorator' retrieved from /home/airflow/.local/lib/python3.12/site-packages/airflow/example_dags/example_task_group_decorator.py
[2024-05-20T08:47:17.403+0000] {logging_mixin.py:188} INFO - [2024-05-20T08:47:17.402+0000] {dag.py:3096} INFO - Sync 1 DAGs
[2024-05-20T08:47:17.434+0000] {logging_mixin.py:188} INFO - [2024-05-20T08:47:17.434+0000] {dag.py:3954} INFO - Setting next_dagrun for example_task_group_decorator to 2024-05-19 00:00:00+00:00, run_after=2024-05-20 00:00:00+00:00
[2024-05-20T08:47:17.480+0000] {processor.py:183} INFO - Processing /home/airflow/.local/lib/python3.12/site-packages/airflow/example_dags/example_task_group_decorator.py took 0.136 seconds
[2024-05-20T08:47:47.597+0000] {processor.py:161} INFO - Started process (PID=2119) to work on /home/airflow/.local/lib/python3.12/site-packages/airflow/example_dags/example_task_group_decorator.py
[2024-05-20T08:47:47.598+0000] {processor.py:830} INFO - Processing file /home/airflow/.local/lib/python3.12/site-packages/airflow/example_dags/example_task_group_decorator.py for tasks to queue
[2024-05-20T08:47:47.600+0000] {logging_mixin.py:188} INFO - [2024-05-20T08:47:47.599+0000] {dagbag.py:545} INFO - Filling up the DagBag from /home/airflow/.local/lib/python3.12/site-packages/airflow/example_dags/example_task_group_decorator.py
[2024-05-20T08:47:47.617+0000] {processor.py:840} INFO - DAG(s) 'example_task_group_decorator' retrieved from /home/airflow/.local/lib/python3.12/site-packages/airflow/example_dags/example_task_group_decorator.py
[2024-05-20T08:47:47.653+0000] {logging_mixin.py:188} INFO - [2024-05-20T08:47:47.652+0000] {dag.py:3096} INFO - Sync 1 DAGs
[2024-05-20T08:47:47.687+0000] {logging_mixin.py:188} INFO - [2024-05-20T08:47:47.687+0000] {dag.py:3954} INFO - Setting next_dagrun for example_task_group_decorator to 2024-05-19 00:00:00+00:00, run_after=2024-05-20 00:00:00+00:00
[2024-05-20T08:47:47.727+0000] {processor.py:183} INFO - Processing /home/airflow/.local/lib/python3.12/site-packages/airflow/example_dags/example_task_group_decorator.py took 0.136 seconds
[2024-05-20T08:48:18.567+0000] {processor.py:161} INFO - Started process (PID=2180) to work on /home/airflow/.local/lib/python3.12/site-packages/airflow/example_dags/example_task_group_decorator.py
[2024-05-20T08:48:18.568+0000] {processor.py:830} INFO - Processing file /home/airflow/.local/lib/python3.12/site-packages/airflow/example_dags/example_task_group_decorator.py for tasks to queue
[2024-05-20T08:48:18.569+0000] {logging_mixin.py:188} INFO - [2024-05-20T08:48:18.568+0000] {dagbag.py:545} INFO - Filling up the DagBag from /home/airflow/.local/lib/python3.12/site-packages/airflow/example_dags/example_task_group_decorator.py
[2024-05-20T08:48:18.582+0000] {processor.py:840} INFO - DAG(s) 'example_task_group_decorator' retrieved from /home/airflow/.local/lib/python3.12/site-packages/airflow/example_dags/example_task_group_decorator.py
[2024-05-20T08:48:18.606+0000] {logging_mixin.py:188} INFO - [2024-05-20T08:48:18.606+0000] {dag.py:3096} INFO - Sync 1 DAGs
[2024-05-20T08:48:18.626+0000] {logging_mixin.py:188} INFO - [2024-05-20T08:48:18.626+0000] {dag.py:3954} INFO - Setting next_dagrun for example_task_group_decorator to 2024-05-19 00:00:00+00:00, run_after=2024-05-20 00:00:00+00:00
[2024-05-20T08:48:18.664+0000] {processor.py:183} INFO - Processing /home/airflow/.local/lib/python3.12/site-packages/airflow/example_dags/example_task_group_decorator.py took 0.103 seconds
[2024-05-20T08:48:48.953+0000] {processor.py:161} INFO - Started process (PID=2241) to work on /home/airflow/.local/lib/python3.12/site-packages/airflow/example_dags/example_task_group_decorator.py
[2024-05-20T08:48:48.955+0000] {processor.py:830} INFO - Processing file /home/airflow/.local/lib/python3.12/site-packages/airflow/example_dags/example_task_group_decorator.py for tasks to queue
[2024-05-20T08:48:48.956+0000] {logging_mixin.py:188} INFO - [2024-05-20T08:48:48.956+0000] {dagbag.py:545} INFO - Filling up the DagBag from /home/airflow/.local/lib/python3.12/site-packages/airflow/example_dags/example_task_group_decorator.py
[2024-05-20T08:48:48.973+0000] {processor.py:840} INFO - DAG(s) 'example_task_group_decorator' retrieved from /home/airflow/.local/lib/python3.12/site-packages/airflow/example_dags/example_task_group_decorator.py
[2024-05-20T08:48:49.003+0000] {logging_mixin.py:188} INFO - [2024-05-20T08:48:49.003+0000] {dag.py:3096} INFO - Sync 1 DAGs
[2024-05-20T08:48:49.032+0000] {logging_mixin.py:188} INFO - [2024-05-20T08:48:49.032+0000] {dag.py:3954} INFO - Setting next_dagrun for example_task_group_decorator to 2024-05-19 00:00:00+00:00, run_after=2024-05-20 00:00:00+00:00
[2024-05-20T08:48:49.103+0000] {processor.py:183} INFO - Processing /home/airflow/.local/lib/python3.12/site-packages/airflow/example_dags/example_task_group_decorator.py took 0.158 seconds
[2024-05-20T08:49:19.446+0000] {processor.py:161} INFO - Started process (PID=2302) to work on /home/airflow/.local/lib/python3.12/site-packages/airflow/example_dags/example_task_group_decorator.py
[2024-05-20T08:49:19.448+0000] {processor.py:830} INFO - Processing file /home/airflow/.local/lib/python3.12/site-packages/airflow/example_dags/example_task_group_decorator.py for tasks to queue
[2024-05-20T08:49:19.449+0000] {logging_mixin.py:188} INFO - [2024-05-20T08:49:19.448+0000] {dagbag.py:545} INFO - Filling up the DagBag from /home/airflow/.local/lib/python3.12/site-packages/airflow/example_dags/example_task_group_decorator.py
[2024-05-20T08:49:19.466+0000] {processor.py:840} INFO - DAG(s) 'example_task_group_decorator' retrieved from /home/airflow/.local/lib/python3.12/site-packages/airflow/example_dags/example_task_group_decorator.py
[2024-05-20T08:49:19.492+0000] {logging_mixin.py:188} INFO - [2024-05-20T08:49:19.492+0000] {dag.py:3096} INFO - Sync 1 DAGs
[2024-05-20T08:49:19.514+0000] {logging_mixin.py:188} INFO - [2024-05-20T08:49:19.513+0000] {dag.py:3954} INFO - Setting next_dagrun for example_task_group_decorator to 2024-05-19 00:00:00+00:00, run_after=2024-05-20 00:00:00+00:00
[2024-05-20T08:49:19.538+0000] {processor.py:183} INFO - Processing /home/airflow/.local/lib/python3.12/site-packages/airflow/example_dags/example_task_group_decorator.py took 0.098 seconds
[2024-05-20T08:49:50.237+0000] {processor.py:161} INFO - Started process (PID=2363) to work on /home/airflow/.local/lib/python3.12/site-packages/airflow/example_dags/example_task_group_decorator.py
[2024-05-20T08:49:50.239+0000] {processor.py:830} INFO - Processing file /home/airflow/.local/lib/python3.12/site-packages/airflow/example_dags/example_task_group_decorator.py for tasks to queue
[2024-05-20T08:49:50.241+0000] {logging_mixin.py:188} INFO - [2024-05-20T08:49:50.241+0000] {dagbag.py:545} INFO - Filling up the DagBag from /home/airflow/.local/lib/python3.12/site-packages/airflow/example_dags/example_task_group_decorator.py
[2024-05-20T08:49:50.270+0000] {processor.py:840} INFO - DAG(s) 'example_task_group_decorator' retrieved from /home/airflow/.local/lib/python3.12/site-packages/airflow/example_dags/example_task_group_decorator.py
[2024-05-20T08:49:50.312+0000] {logging_mixin.py:188} INFO - [2024-05-20T08:49:50.311+0000] {dag.py:3096} INFO - Sync 1 DAGs
[2024-05-20T08:49:50.368+0000] {logging_mixin.py:188} INFO - [2024-05-20T08:49:50.368+0000] {dag.py:3954} INFO - Setting next_dagrun for example_task_group_decorator to 2024-05-19 00:00:00+00:00, run_after=2024-05-20 00:00:00+00:00
[2024-05-20T08:49:50.404+0000] {processor.py:183} INFO - Processing /home/airflow/.local/lib/python3.12/site-packages/airflow/example_dags/example_task_group_decorator.py took 0.182 seconds
[2024-05-20T08:50:20.486+0000] {processor.py:161} INFO - Started process (PID=2425) to work on /home/airflow/.local/lib/python3.12/site-packages/airflow/example_dags/example_task_group_decorator.py
[2024-05-20T08:50:20.488+0000] {processor.py:830} INFO - Processing file /home/airflow/.local/lib/python3.12/site-packages/airflow/example_dags/example_task_group_decorator.py for tasks to queue
[2024-05-20T08:50:20.489+0000] {logging_mixin.py:188} INFO - [2024-05-20T08:50:20.488+0000] {dagbag.py:545} INFO - Filling up the DagBag from /home/airflow/.local/lib/python3.12/site-packages/airflow/example_dags/example_task_group_decorator.py
[2024-05-20T08:50:20.506+0000] {processor.py:840} INFO - DAG(s) 'example_task_group_decorator' retrieved from /home/airflow/.local/lib/python3.12/site-packages/airflow/example_dags/example_task_group_decorator.py
[2024-05-20T08:50:20.531+0000] {logging_mixin.py:188} INFO - [2024-05-20T08:50:20.531+0000] {dag.py:3096} INFO - Sync 1 DAGs
[2024-05-20T08:50:20.552+0000] {logging_mixin.py:188} INFO - [2024-05-20T08:50:20.552+0000] {dag.py:3954} INFO - Setting next_dagrun for example_task_group_decorator to 2024-05-19 00:00:00+00:00, run_after=2024-05-20 00:00:00+00:00
[2024-05-20T08:50:20.574+0000] {processor.py:183} INFO - Processing /home/airflow/.local/lib/python3.12/site-packages/airflow/example_dags/example_task_group_decorator.py took 0.095 seconds
[2024-05-20T08:50:50.864+0000] {processor.py:161} INFO - Started process (PID=2487) to work on /home/airflow/.local/lib/python3.12/site-packages/airflow/example_dags/example_task_group_decorator.py
[2024-05-20T08:50:50.865+0000] {processor.py:830} INFO - Processing file /home/airflow/.local/lib/python3.12/site-packages/airflow/example_dags/example_task_group_decorator.py for tasks to queue
[2024-05-20T08:50:50.867+0000] {logging_mixin.py:188} INFO - [2024-05-20T08:50:50.867+0000] {dagbag.py:545} INFO - Filling up the DagBag from /home/airflow/.local/lib/python3.12/site-packages/airflow/example_dags/example_task_group_decorator.py
[2024-05-20T08:50:50.884+0000] {processor.py:840} INFO - DAG(s) 'example_task_group_decorator' retrieved from /home/airflow/.local/lib/python3.12/site-packages/airflow/example_dags/example_task_group_decorator.py
[2024-05-20T08:50:50.922+0000] {logging_mixin.py:188} INFO - [2024-05-20T08:50:50.921+0000] {dag.py:3096} INFO - Sync 1 DAGs
[2024-05-20T08:50:50.953+0000] {logging_mixin.py:188} INFO - [2024-05-20T08:50:50.953+0000] {dag.py:3954} INFO - Setting next_dagrun for example_task_group_decorator to 2024-05-19 00:00:00+00:00, run_after=2024-05-20 00:00:00+00:00
[2024-05-20T08:50:50.976+0000] {processor.py:183} INFO - Processing /home/airflow/.local/lib/python3.12/site-packages/airflow/example_dags/example_task_group_decorator.py took 0.120 seconds
[2024-05-20T08:51:21.092+0000] {processor.py:161} INFO - Started process (PID=2555) to work on /home/airflow/.local/lib/python3.12/site-packages/airflow/example_dags/example_task_group_decorator.py
[2024-05-20T08:51:21.094+0000] {processor.py:830} INFO - Processing file /home/airflow/.local/lib/python3.12/site-packages/airflow/example_dags/example_task_group_decorator.py for tasks to queue
[2024-05-20T08:51:21.095+0000] {logging_mixin.py:188} INFO - [2024-05-20T08:51:21.095+0000] {dagbag.py:545} INFO - Filling up the DagBag from /home/airflow/.local/lib/python3.12/site-packages/airflow/example_dags/example_task_group_decorator.py
[2024-05-20T08:51:21.112+0000] {processor.py:840} INFO - DAG(s) 'example_task_group_decorator' retrieved from /home/airflow/.local/lib/python3.12/site-packages/airflow/example_dags/example_task_group_decorator.py
[2024-05-20T08:51:21.140+0000] {logging_mixin.py:188} INFO - [2024-05-20T08:51:21.140+0000] {dag.py:3096} INFO - Sync 1 DAGs
[2024-05-20T08:51:21.163+0000] {logging_mixin.py:188} INFO - [2024-05-20T08:51:21.162+0000] {dag.py:3954} INFO - Setting next_dagrun for example_task_group_decorator to 2024-05-19 00:00:00+00:00, run_after=2024-05-20 00:00:00+00:00
[2024-05-20T08:51:21.186+0000] {processor.py:183} INFO - Processing /home/airflow/.local/lib/python3.12/site-packages/airflow/example_dags/example_task_group_decorator.py took 0.100 seconds
[2024-05-20T08:51:51.251+0000] {processor.py:161} INFO - Started process (PID=2618) to work on /home/airflow/.local/lib/python3.12/site-packages/airflow/example_dags/example_task_group_decorator.py
[2024-05-20T08:51:51.253+0000] {processor.py:830} INFO - Processing file /home/airflow/.local/lib/python3.12/site-packages/airflow/example_dags/example_task_group_decorator.py for tasks to queue
[2024-05-20T08:51:51.254+0000] {logging_mixin.py:188} INFO - [2024-05-20T08:51:51.253+0000] {dagbag.py:545} INFO - Filling up the DagBag from /home/airflow/.local/lib/python3.12/site-packages/airflow/example_dags/example_task_group_decorator.py
[2024-05-20T08:51:51.267+0000] {processor.py:840} INFO - DAG(s) 'example_task_group_decorator' retrieved from /home/airflow/.local/lib/python3.12/site-packages/airflow/example_dags/example_task_group_decorator.py
[2024-05-20T08:51:51.294+0000] {logging_mixin.py:188} INFO - [2024-05-20T08:51:51.294+0000] {dag.py:3096} INFO - Sync 1 DAGs
[2024-05-20T08:51:51.321+0000] {logging_mixin.py:188} INFO - [2024-05-20T08:51:51.320+0000] {dag.py:3954} INFO - Setting next_dagrun for example_task_group_decorator to 2024-05-19 00:00:00+00:00, run_after=2024-05-20 00:00:00+00:00
[2024-05-20T08:51:51.354+0000] {processor.py:183} INFO - Processing /home/airflow/.local/lib/python3.12/site-packages/airflow/example_dags/example_task_group_decorator.py took 0.108 seconds
[2024-05-20T08:52:21.669+0000] {processor.py:161} INFO - Started process (PID=2680) to work on /home/airflow/.local/lib/python3.12/site-packages/airflow/example_dags/example_task_group_decorator.py
[2024-05-20T08:52:21.671+0000] {processor.py:830} INFO - Processing file /home/airflow/.local/lib/python3.12/site-packages/airflow/example_dags/example_task_group_decorator.py for tasks to queue
[2024-05-20T08:52:21.672+0000] {logging_mixin.py:188} INFO - [2024-05-20T08:52:21.672+0000] {dagbag.py:545} INFO - Filling up the DagBag from /home/airflow/.local/lib/python3.12/site-packages/airflow/example_dags/example_task_group_decorator.py
[2024-05-20T08:52:21.688+0000] {processor.py:840} INFO - DAG(s) 'example_task_group_decorator' retrieved from /home/airflow/.local/lib/python3.12/site-packages/airflow/example_dags/example_task_group_decorator.py
[2024-05-20T08:52:21.719+0000] {logging_mixin.py:188} INFO - [2024-05-20T08:52:21.719+0000] {dag.py:3096} INFO - Sync 1 DAGs
[2024-05-20T08:52:21.748+0000] {logging_mixin.py:188} INFO - [2024-05-20T08:52:21.748+0000] {dag.py:3954} INFO - Setting next_dagrun for example_task_group_decorator to 2024-05-19 00:00:00+00:00, run_after=2024-05-20 00:00:00+00:00
[2024-05-20T08:52:21.773+0000] {processor.py:183} INFO - Processing /home/airflow/.local/lib/python3.12/site-packages/airflow/example_dags/example_task_group_decorator.py took 0.109 seconds
[2024-05-20T08:52:52.611+0000] {processor.py:161} INFO - Started process (PID=2742) to work on /home/airflow/.local/lib/python3.12/site-packages/airflow/example_dags/example_task_group_decorator.py
[2024-05-20T08:52:52.612+0000] {processor.py:830} INFO - Processing file /home/airflow/.local/lib/python3.12/site-packages/airflow/example_dags/example_task_group_decorator.py for tasks to queue
[2024-05-20T08:52:52.614+0000] {logging_mixin.py:188} INFO - [2024-05-20T08:52:52.613+0000] {dagbag.py:545} INFO - Filling up the DagBag from /home/airflow/.local/lib/python3.12/site-packages/airflow/example_dags/example_task_group_decorator.py
[2024-05-20T08:52:52.632+0000] {processor.py:840} INFO - DAG(s) 'example_task_group_decorator' retrieved from /home/airflow/.local/lib/python3.12/site-packages/airflow/example_dags/example_task_group_decorator.py
[2024-05-20T08:52:52.666+0000] {logging_mixin.py:188} INFO - [2024-05-20T08:52:52.666+0000] {dag.py:3096} INFO - Sync 1 DAGs
[2024-05-20T08:52:52.695+0000] {logging_mixin.py:188} INFO - [2024-05-20T08:52:52.695+0000] {dag.py:3954} INFO - Setting next_dagrun for example_task_group_decorator to 2024-05-19 00:00:00+00:00, run_after=2024-05-20 00:00:00+00:00
[2024-05-20T08:52:52.730+0000] {processor.py:183} INFO - Processing /home/airflow/.local/lib/python3.12/site-packages/airflow/example_dags/example_task_group_decorator.py took 0.129 seconds
[2024-05-20T08:53:22.976+0000] {processor.py:161} INFO - Started process (PID=2807) to work on /home/airflow/.local/lib/python3.12/site-packages/airflow/example_dags/example_task_group_decorator.py
[2024-05-20T08:53:22.978+0000] {processor.py:830} INFO - Processing file /home/airflow/.local/lib/python3.12/site-packages/airflow/example_dags/example_task_group_decorator.py for tasks to queue
[2024-05-20T08:53:22.980+0000] {logging_mixin.py:188} INFO - [2024-05-20T08:53:22.979+0000] {dagbag.py:545} INFO - Filling up the DagBag from /home/airflow/.local/lib/python3.12/site-packages/airflow/example_dags/example_task_group_decorator.py
[2024-05-20T08:53:23.000+0000] {processor.py:840} INFO - DAG(s) 'example_task_group_decorator' retrieved from /home/airflow/.local/lib/python3.12/site-packages/airflow/example_dags/example_task_group_decorator.py
[2024-05-20T08:53:23.035+0000] {logging_mixin.py:188} INFO - [2024-05-20T08:53:23.035+0000] {dag.py:3096} INFO - Sync 1 DAGs
[2024-05-20T08:53:23.065+0000] {logging_mixin.py:188} INFO - [2024-05-20T08:53:23.065+0000] {dag.py:3954} INFO - Setting next_dagrun for example_task_group_decorator to 2024-05-19 00:00:00+00:00, run_after=2024-05-20 00:00:00+00:00
[2024-05-20T08:53:23.091+0000] {processor.py:183} INFO - Processing /home/airflow/.local/lib/python3.12/site-packages/airflow/example_dags/example_task_group_decorator.py took 0.123 seconds
[2024-05-20T08:53:53.245+0000] {processor.py:161} INFO - Started process (PID=2869) to work on /home/airflow/.local/lib/python3.12/site-packages/airflow/example_dags/example_task_group_decorator.py
[2024-05-20T08:53:53.246+0000] {processor.py:830} INFO - Processing file /home/airflow/.local/lib/python3.12/site-packages/airflow/example_dags/example_task_group_decorator.py for tasks to queue
[2024-05-20T08:53:53.247+0000] {logging_mixin.py:188} INFO - [2024-05-20T08:53:53.247+0000] {dagbag.py:545} INFO - Filling up the DagBag from /home/airflow/.local/lib/python3.12/site-packages/airflow/example_dags/example_task_group_decorator.py
[2024-05-20T08:53:53.260+0000] {processor.py:840} INFO - DAG(s) 'example_task_group_decorator' retrieved from /home/airflow/.local/lib/python3.12/site-packages/airflow/example_dags/example_task_group_decorator.py
[2024-05-20T08:53:53.285+0000] {logging_mixin.py:188} INFO - [2024-05-20T08:53:53.285+0000] {dag.py:3096} INFO - Sync 1 DAGs
[2024-05-20T08:53:53.307+0000] {logging_mixin.py:188} INFO - [2024-05-20T08:53:53.306+0000] {dag.py:3954} INFO - Setting next_dagrun for example_task_group_decorator to 2024-05-19 00:00:00+00:00, run_after=2024-05-20 00:00:00+00:00
[2024-05-20T08:53:53.333+0000] {processor.py:183} INFO - Processing /home/airflow/.local/lib/python3.12/site-packages/airflow/example_dags/example_task_group_decorator.py took 0.095 seconds
[2024-05-20T08:54:23.870+0000] {processor.py:161} INFO - Started process (PID=2931) to work on /home/airflow/.local/lib/python3.12/site-packages/airflow/example_dags/example_task_group_decorator.py
[2024-05-20T08:54:23.871+0000] {processor.py:830} INFO - Processing file /home/airflow/.local/lib/python3.12/site-packages/airflow/example_dags/example_task_group_decorator.py for tasks to queue
[2024-05-20T08:54:23.873+0000] {logging_mixin.py:188} INFO - [2024-05-20T08:54:23.872+0000] {dagbag.py:545} INFO - Filling up the DagBag from /home/airflow/.local/lib/python3.12/site-packages/airflow/example_dags/example_task_group_decorator.py
[2024-05-20T08:54:23.892+0000] {processor.py:840} INFO - DAG(s) 'example_task_group_decorator' retrieved from /home/airflow/.local/lib/python3.12/site-packages/airflow/example_dags/example_task_group_decorator.py
[2024-05-20T08:54:23.919+0000] {logging_mixin.py:188} INFO - [2024-05-20T08:54:23.919+0000] {dag.py:3096} INFO - Sync 1 DAGs
[2024-05-20T08:54:23.941+0000] {logging_mixin.py:188} INFO - [2024-05-20T08:54:23.941+0000] {dag.py:3954} INFO - Setting next_dagrun for example_task_group_decorator to 2024-05-19 00:00:00+00:00, run_after=2024-05-20 00:00:00+00:00
[2024-05-20T08:54:23.959+0000] {processor.py:183} INFO - Processing /home/airflow/.local/lib/python3.12/site-packages/airflow/example_dags/example_task_group_decorator.py took 0.095 seconds
[2024-05-20T08:54:54.180+0000] {processor.py:161} INFO - Started process (PID=2997) to work on /home/airflow/.local/lib/python3.12/site-packages/airflow/example_dags/example_task_group_decorator.py
[2024-05-20T08:54:54.181+0000] {processor.py:830} INFO - Processing file /home/airflow/.local/lib/python3.12/site-packages/airflow/example_dags/example_task_group_decorator.py for tasks to queue
[2024-05-20T08:54:54.182+0000] {logging_mixin.py:188} INFO - [2024-05-20T08:54:54.181+0000] {dagbag.py:545} INFO - Filling up the DagBag from /home/airflow/.local/lib/python3.12/site-packages/airflow/example_dags/example_task_group_decorator.py
[2024-05-20T08:54:54.201+0000] {processor.py:840} INFO - DAG(s) 'example_task_group_decorator' retrieved from /home/airflow/.local/lib/python3.12/site-packages/airflow/example_dags/example_task_group_decorator.py
[2024-05-20T08:54:54.230+0000] {logging_mixin.py:188} INFO - [2024-05-20T08:54:54.230+0000] {dag.py:3096} INFO - Sync 1 DAGs
[2024-05-20T08:54:54.255+0000] {logging_mixin.py:188} INFO - [2024-05-20T08:54:54.254+0000] {dag.py:3954} INFO - Setting next_dagrun for example_task_group_decorator to 2024-05-19 00:00:00+00:00, run_after=2024-05-20 00:00:00+00:00
[2024-05-20T08:54:54.277+0000] {processor.py:183} INFO - Processing /home/airflow/.local/lib/python3.12/site-packages/airflow/example_dags/example_task_group_decorator.py took 0.103 seconds
[2024-05-20T08:55:24.981+0000] {processor.py:161} INFO - Started process (PID=3059) to work on /home/airflow/.local/lib/python3.12/site-packages/airflow/example_dags/example_task_group_decorator.py
[2024-05-20T08:55:24.983+0000] {processor.py:830} INFO - Processing file /home/airflow/.local/lib/python3.12/site-packages/airflow/example_dags/example_task_group_decorator.py for tasks to queue
[2024-05-20T08:55:24.984+0000] {logging_mixin.py:188} INFO - [2024-05-20T08:55:24.983+0000] {dagbag.py:545} INFO - Filling up the DagBag from /home/airflow/.local/lib/python3.12/site-packages/airflow/example_dags/example_task_group_decorator.py
[2024-05-20T08:55:24.996+0000] {processor.py:840} INFO - DAG(s) 'example_task_group_decorator' retrieved from /home/airflow/.local/lib/python3.12/site-packages/airflow/example_dags/example_task_group_decorator.py
[2024-05-20T08:55:25.021+0000] {logging_mixin.py:188} INFO - [2024-05-20T08:55:25.021+0000] {dag.py:3096} INFO - Sync 1 DAGs
[2024-05-20T08:55:25.043+0000] {logging_mixin.py:188} INFO - [2024-05-20T08:55:25.043+0000] {dag.py:3954} INFO - Setting next_dagrun for example_task_group_decorator to 2024-05-19 00:00:00+00:00, run_after=2024-05-20 00:00:00+00:00
[2024-05-20T08:55:25.074+0000] {processor.py:183} INFO - Processing /home/airflow/.local/lib/python3.12/site-packages/airflow/example_dags/example_task_group_decorator.py took 0.098 seconds
[2024-05-20T08:55:55.992+0000] {processor.py:161} INFO - Started process (PID=3121) to work on /home/airflow/.local/lib/python3.12/site-packages/airflow/example_dags/example_task_group_decorator.py
[2024-05-20T08:55:55.993+0000] {processor.py:830} INFO - Processing file /home/airflow/.local/lib/python3.12/site-packages/airflow/example_dags/example_task_group_decorator.py for tasks to queue
[2024-05-20T08:55:55.994+0000] {logging_mixin.py:188} INFO - [2024-05-20T08:55:55.994+0000] {dagbag.py:545} INFO - Filling up the DagBag from /home/airflow/.local/lib/python3.12/site-packages/airflow/example_dags/example_task_group_decorator.py
[2024-05-20T08:55:56.008+0000] {processor.py:840} INFO - DAG(s) 'example_task_group_decorator' retrieved from /home/airflow/.local/lib/python3.12/site-packages/airflow/example_dags/example_task_group_decorator.py
[2024-05-20T08:55:56.036+0000] {logging_mixin.py:188} INFO - [2024-05-20T08:55:56.035+0000] {dag.py:3096} INFO - Sync 1 DAGs
[2024-05-20T08:55:56.058+0000] {logging_mixin.py:188} INFO - [2024-05-20T08:55:56.058+0000] {dag.py:3954} INFO - Setting next_dagrun for example_task_group_decorator to 2024-05-19 00:00:00+00:00, run_after=2024-05-20 00:00:00+00:00
[2024-05-20T08:55:56.086+0000] {processor.py:183} INFO - Processing /home/airflow/.local/lib/python3.12/site-packages/airflow/example_dags/example_task_group_decorator.py took 0.099 seconds
[2024-05-20T08:56:26.651+0000] {processor.py:161} INFO - Started process (PID=3183) to work on /home/airflow/.local/lib/python3.12/site-packages/airflow/example_dags/example_task_group_decorator.py
[2024-05-20T08:56:26.652+0000] {processor.py:830} INFO - Processing file /home/airflow/.local/lib/python3.12/site-packages/airflow/example_dags/example_task_group_decorator.py for tasks to queue
[2024-05-20T08:56:26.653+0000] {logging_mixin.py:188} INFO - [2024-05-20T08:56:26.653+0000] {dagbag.py:545} INFO - Filling up the DagBag from /home/airflow/.local/lib/python3.12/site-packages/airflow/example_dags/example_task_group_decorator.py
[2024-05-20T08:56:26.669+0000] {processor.py:840} INFO - DAG(s) 'example_task_group_decorator' retrieved from /home/airflow/.local/lib/python3.12/site-packages/airflow/example_dags/example_task_group_decorator.py
[2024-05-20T08:56:26.696+0000] {logging_mixin.py:188} INFO - [2024-05-20T08:56:26.695+0000] {dag.py:3096} INFO - Sync 1 DAGs
[2024-05-20T08:56:26.719+0000] {logging_mixin.py:188} INFO - [2024-05-20T08:56:26.719+0000] {dag.py:3954} INFO - Setting next_dagrun for example_task_group_decorator to 2024-05-19 00:00:00+00:00, run_after=2024-05-20 00:00:00+00:00
[2024-05-20T08:56:26.741+0000] {processor.py:183} INFO - Processing /home/airflow/.local/lib/python3.12/site-packages/airflow/example_dags/example_task_group_decorator.py took 0.096 seconds
[2024-05-20T08:56:57.337+0000] {processor.py:161} INFO - Started process (PID=3245) to work on /home/airflow/.local/lib/python3.12/site-packages/airflow/example_dags/example_task_group_decorator.py
[2024-05-20T08:56:57.338+0000] {processor.py:830} INFO - Processing file /home/airflow/.local/lib/python3.12/site-packages/airflow/example_dags/example_task_group_decorator.py for tasks to queue
[2024-05-20T08:56:57.339+0000] {logging_mixin.py:188} INFO - [2024-05-20T08:56:57.339+0000] {dagbag.py:545} INFO - Filling up the DagBag from /home/airflow/.local/lib/python3.12/site-packages/airflow/example_dags/example_task_group_decorator.py
[2024-05-20T08:56:57.353+0000] {processor.py:840} INFO - DAG(s) 'example_task_group_decorator' retrieved from /home/airflow/.local/lib/python3.12/site-packages/airflow/example_dags/example_task_group_decorator.py
[2024-05-20T08:56:57.379+0000] {logging_mixin.py:188} INFO - [2024-05-20T08:56:57.379+0000] {dag.py:3096} INFO - Sync 1 DAGs
[2024-05-20T08:56:57.400+0000] {logging_mixin.py:188} INFO - [2024-05-20T08:56:57.400+0000] {dag.py:3954} INFO - Setting next_dagrun for example_task_group_decorator to 2024-05-19 00:00:00+00:00, run_after=2024-05-20 00:00:00+00:00
[2024-05-20T08:56:57.427+0000] {processor.py:183} INFO - Processing /home/airflow/.local/lib/python3.12/site-packages/airflow/example_dags/example_task_group_decorator.py took 0.095 seconds
[2024-05-20T08:57:28.081+0000] {processor.py:161} INFO - Started process (PID=3307) to work on /home/airflow/.local/lib/python3.12/site-packages/airflow/example_dags/example_task_group_decorator.py
[2024-05-20T08:57:28.082+0000] {processor.py:830} INFO - Processing file /home/airflow/.local/lib/python3.12/site-packages/airflow/example_dags/example_task_group_decorator.py for tasks to queue
[2024-05-20T08:57:28.083+0000] {logging_mixin.py:188} INFO - [2024-05-20T08:57:28.083+0000] {dagbag.py:545} INFO - Filling up the DagBag from /home/airflow/.local/lib/python3.12/site-packages/airflow/example_dags/example_task_group_decorator.py
[2024-05-20T08:57:28.096+0000] {processor.py:840} INFO - DAG(s) 'example_task_group_decorator' retrieved from /home/airflow/.local/lib/python3.12/site-packages/airflow/example_dags/example_task_group_decorator.py
[2024-05-20T08:57:28.122+0000] {logging_mixin.py:188} INFO - [2024-05-20T08:57:28.122+0000] {dag.py:3096} INFO - Sync 1 DAGs
[2024-05-20T08:57:28.142+0000] {logging_mixin.py:188} INFO - [2024-05-20T08:57:28.142+0000] {dag.py:3954} INFO - Setting next_dagrun for example_task_group_decorator to 2024-05-19 00:00:00+00:00, run_after=2024-05-20 00:00:00+00:00
[2024-05-20T08:57:28.167+0000] {processor.py:183} INFO - Processing /home/airflow/.local/lib/python3.12/site-packages/airflow/example_dags/example_task_group_decorator.py took 0.091 seconds
[2024-05-20T08:57:58.970+0000] {processor.py:161} INFO - Started process (PID=3369) to work on /home/airflow/.local/lib/python3.12/site-packages/airflow/example_dags/example_task_group_decorator.py
[2024-05-20T08:57:58.972+0000] {processor.py:830} INFO - Processing file /home/airflow/.local/lib/python3.12/site-packages/airflow/example_dags/example_task_group_decorator.py for tasks to queue
[2024-05-20T08:57:58.973+0000] {logging_mixin.py:188} INFO - [2024-05-20T08:57:58.972+0000] {dagbag.py:545} INFO - Filling up the DagBag from /home/airflow/.local/lib/python3.12/site-packages/airflow/example_dags/example_task_group_decorator.py
[2024-05-20T08:57:58.985+0000] {processor.py:840} INFO - DAG(s) 'example_task_group_decorator' retrieved from /home/airflow/.local/lib/python3.12/site-packages/airflow/example_dags/example_task_group_decorator.py
[2024-05-20T08:57:59.011+0000] {logging_mixin.py:188} INFO - [2024-05-20T08:57:59.011+0000] {dag.py:3096} INFO - Sync 1 DAGs
[2024-05-20T08:57:59.032+0000] {logging_mixin.py:188} INFO - [2024-05-20T08:57:59.032+0000] {dag.py:3954} INFO - Setting next_dagrun for example_task_group_decorator to 2024-05-19 00:00:00+00:00, run_after=2024-05-20 00:00:00+00:00
[2024-05-20T08:57:59.053+0000] {processor.py:183} INFO - Processing /home/airflow/.local/lib/python3.12/site-packages/airflow/example_dags/example_task_group_decorator.py took 0.088 seconds
[2024-05-20T08:58:29.926+0000] {processor.py:161} INFO - Started process (PID=3430) to work on /home/airflow/.local/lib/python3.12/site-packages/airflow/example_dags/example_task_group_decorator.py
[2024-05-20T08:58:29.927+0000] {processor.py:830} INFO - Processing file /home/airflow/.local/lib/python3.12/site-packages/airflow/example_dags/example_task_group_decorator.py for tasks to queue
[2024-05-20T08:58:29.928+0000] {logging_mixin.py:188} INFO - [2024-05-20T08:58:29.928+0000] {dagbag.py:545} INFO - Filling up the DagBag from /home/airflow/.local/lib/python3.12/site-packages/airflow/example_dags/example_task_group_decorator.py
[2024-05-20T08:58:29.945+0000] {processor.py:840} INFO - DAG(s) 'example_task_group_decorator' retrieved from /home/airflow/.local/lib/python3.12/site-packages/airflow/example_dags/example_task_group_decorator.py
[2024-05-20T08:58:29.976+0000] {logging_mixin.py:188} INFO - [2024-05-20T08:58:29.976+0000] {dag.py:3096} INFO - Sync 1 DAGs
[2024-05-20T08:58:30.004+0000] {logging_mixin.py:188} INFO - [2024-05-20T08:58:30.003+0000] {dag.py:3954} INFO - Setting next_dagrun for example_task_group_decorator to 2024-05-19 00:00:00+00:00, run_after=2024-05-20 00:00:00+00:00
[2024-05-20T08:58:30.030+0000] {processor.py:183} INFO - Processing /home/airflow/.local/lib/python3.12/site-packages/airflow/example_dags/example_task_group_decorator.py took 0.112 seconds
[2024-05-20T08:59:00.790+0000] {processor.py:161} INFO - Started process (PID=3491) to work on /home/airflow/.local/lib/python3.12/site-packages/airflow/example_dags/example_task_group_decorator.py
[2024-05-20T08:59:00.791+0000] {processor.py:830} INFO - Processing file /home/airflow/.local/lib/python3.12/site-packages/airflow/example_dags/example_task_group_decorator.py for tasks to queue
[2024-05-20T08:59:00.792+0000] {logging_mixin.py:188} INFO - [2024-05-20T08:59:00.792+0000] {dagbag.py:545} INFO - Filling up the DagBag from /home/airflow/.local/lib/python3.12/site-packages/airflow/example_dags/example_task_group_decorator.py
[2024-05-20T08:59:00.812+0000] {processor.py:840} INFO - DAG(s) 'example_task_group_decorator' retrieved from /home/airflow/.local/lib/python3.12/site-packages/airflow/example_dags/example_task_group_decorator.py
[2024-05-20T08:59:00.835+0000] {logging_mixin.py:188} INFO - [2024-05-20T08:59:00.835+0000] {dag.py:3096} INFO - Sync 1 DAGs
[2024-05-20T08:59:00.855+0000] {logging_mixin.py:188} INFO - [2024-05-20T08:59:00.855+0000] {dag.py:3954} INFO - Setting next_dagrun for example_task_group_decorator to 2024-05-19 00:00:00+00:00, run_after=2024-05-20 00:00:00+00:00
[2024-05-20T08:59:00.876+0000] {processor.py:183} INFO - Processing /home/airflow/.local/lib/python3.12/site-packages/airflow/example_dags/example_task_group_decorator.py took 0.091 seconds
[2024-05-20T08:59:31.666+0000] {processor.py:161} INFO - Started process (PID=3552) to work on /home/airflow/.local/lib/python3.12/site-packages/airflow/example_dags/example_task_group_decorator.py
[2024-05-20T08:59:31.668+0000] {processor.py:830} INFO - Processing file /home/airflow/.local/lib/python3.12/site-packages/airflow/example_dags/example_task_group_decorator.py for tasks to queue
[2024-05-20T08:59:31.678+0000] {logging_mixin.py:188} INFO - [2024-05-20T08:59:31.677+0000] {dagbag.py:545} INFO - Filling up the DagBag from /home/airflow/.local/lib/python3.12/site-packages/airflow/example_dags/example_task_group_decorator.py
[2024-05-20T08:59:31.730+0000] {processor.py:840} INFO - DAG(s) 'example_task_group_decorator' retrieved from /home/airflow/.local/lib/python3.12/site-packages/airflow/example_dags/example_task_group_decorator.py
[2024-05-20T08:59:31.820+0000] {logging_mixin.py:188} INFO - [2024-05-20T08:59:31.819+0000] {dag.py:3096} INFO - Sync 1 DAGs
[2024-05-20T08:59:31.881+0000] {logging_mixin.py:188} INFO - [2024-05-20T08:59:31.880+0000] {dag.py:3954} INFO - Setting next_dagrun for example_task_group_decorator to 2024-05-19 00:00:00+00:00, run_after=2024-05-20 00:00:00+00:00
[2024-05-20T08:59:31.918+0000] {processor.py:183} INFO - Processing /home/airflow/.local/lib/python3.12/site-packages/airflow/example_dags/example_task_group_decorator.py took 0.265 seconds
[2024-05-20T09:00:02.623+0000] {processor.py:161} INFO - Started process (PID=3613) to work on /home/airflow/.local/lib/python3.12/site-packages/airflow/example_dags/example_task_group_decorator.py
[2024-05-20T09:00:02.624+0000] {processor.py:830} INFO - Processing file /home/airflow/.local/lib/python3.12/site-packages/airflow/example_dags/example_task_group_decorator.py for tasks to queue
[2024-05-20T09:00:02.626+0000] {logging_mixin.py:188} INFO - [2024-05-20T09:00:02.625+0000] {dagbag.py:545} INFO - Filling up the DagBag from /home/airflow/.local/lib/python3.12/site-packages/airflow/example_dags/example_task_group_decorator.py
[2024-05-20T09:00:02.642+0000] {processor.py:840} INFO - DAG(s) 'example_task_group_decorator' retrieved from /home/airflow/.local/lib/python3.12/site-packages/airflow/example_dags/example_task_group_decorator.py
[2024-05-20T09:00:02.675+0000] {logging_mixin.py:188} INFO - [2024-05-20T09:00:02.675+0000] {dag.py:3096} INFO - Sync 1 DAGs
[2024-05-20T09:00:02.704+0000] {logging_mixin.py:188} INFO - [2024-05-20T09:00:02.704+0000] {dag.py:3954} INFO - Setting next_dagrun for example_task_group_decorator to 2024-05-19 00:00:00+00:00, run_after=2024-05-20 00:00:00+00:00
[2024-05-20T09:00:02.726+0000] {processor.py:183} INFO - Processing /home/airflow/.local/lib/python3.12/site-packages/airflow/example_dags/example_task_group_decorator.py took 0.121 seconds
[2024-05-20T09:00:33.071+0000] {processor.py:161} INFO - Started process (PID=3675) to work on /home/airflow/.local/lib/python3.12/site-packages/airflow/example_dags/example_task_group_decorator.py
[2024-05-20T09:00:33.072+0000] {processor.py:830} INFO - Processing file /home/airflow/.local/lib/python3.12/site-packages/airflow/example_dags/example_task_group_decorator.py for tasks to queue
[2024-05-20T09:00:33.073+0000] {logging_mixin.py:188} INFO - [2024-05-20T09:00:33.072+0000] {dagbag.py:545} INFO - Filling up the DagBag from /home/airflow/.local/lib/python3.12/site-packages/airflow/example_dags/example_task_group_decorator.py
[2024-05-20T09:00:33.086+0000] {processor.py:840} INFO - DAG(s) 'example_task_group_decorator' retrieved from /home/airflow/.local/lib/python3.12/site-packages/airflow/example_dags/example_task_group_decorator.py
[2024-05-20T09:00:33.111+0000] {logging_mixin.py:188} INFO - [2024-05-20T09:00:33.111+0000] {dag.py:3096} INFO - Sync 1 DAGs
[2024-05-20T09:00:33.132+0000] {logging_mixin.py:188} INFO - [2024-05-20T09:00:33.132+0000] {dag.py:3954} INFO - Setting next_dagrun for example_task_group_decorator to 2024-05-19 00:00:00+00:00, run_after=2024-05-20 00:00:00+00:00
[2024-05-20T09:00:33.157+0000] {processor.py:183} INFO - Processing /home/airflow/.local/lib/python3.12/site-packages/airflow/example_dags/example_task_group_decorator.py took 0.092 seconds
[2024-05-20T09:01:03.968+0000] {processor.py:161} INFO - Started process (PID=3737) to work on /home/airflow/.local/lib/python3.12/site-packages/airflow/example_dags/example_task_group_decorator.py
[2024-05-20T09:01:03.969+0000] {processor.py:830} INFO - Processing file /home/airflow/.local/lib/python3.12/site-packages/airflow/example_dags/example_task_group_decorator.py for tasks to queue
[2024-05-20T09:01:03.970+0000] {logging_mixin.py:188} INFO - [2024-05-20T09:01:03.970+0000] {dagbag.py:545} INFO - Filling up the DagBag from /home/airflow/.local/lib/python3.12/site-packages/airflow/example_dags/example_task_group_decorator.py
[2024-05-20T09:01:03.992+0000] {processor.py:840} INFO - DAG(s) 'example_task_group_decorator' retrieved from /home/airflow/.local/lib/python3.12/site-packages/airflow/example_dags/example_task_group_decorator.py
[2024-05-20T09:01:04.025+0000] {logging_mixin.py:188} INFO - [2024-05-20T09:01:04.024+0000] {dag.py:3096} INFO - Sync 1 DAGs
[2024-05-20T09:01:04.062+0000] {logging_mixin.py:188} INFO - [2024-05-20T09:01:04.061+0000] {dag.py:3954} INFO - Setting next_dagrun for example_task_group_decorator to 2024-05-19 00:00:00+00:00, run_after=2024-05-20 00:00:00+00:00
[2024-05-20T09:01:04.093+0000] {processor.py:183} INFO - Processing /home/airflow/.local/lib/python3.12/site-packages/airflow/example_dags/example_task_group_decorator.py took 0.132 seconds
[2024-05-20T09:01:34.364+0000] {processor.py:161} INFO - Started process (PID=3799) to work on /home/airflow/.local/lib/python3.12/site-packages/airflow/example_dags/example_task_group_decorator.py
[2024-05-20T09:01:34.367+0000] {processor.py:830} INFO - Processing file /home/airflow/.local/lib/python3.12/site-packages/airflow/example_dags/example_task_group_decorator.py for tasks to queue
[2024-05-20T09:01:34.368+0000] {logging_mixin.py:188} INFO - [2024-05-20T09:01:34.368+0000] {dagbag.py:545} INFO - Filling up the DagBag from /home/airflow/.local/lib/python3.12/site-packages/airflow/example_dags/example_task_group_decorator.py
[2024-05-20T09:01:34.387+0000] {processor.py:840} INFO - DAG(s) 'example_task_group_decorator' retrieved from /home/airflow/.local/lib/python3.12/site-packages/airflow/example_dags/example_task_group_decorator.py
[2024-05-20T09:01:34.421+0000] {logging_mixin.py:188} INFO - [2024-05-20T09:01:34.421+0000] {dag.py:3096} INFO - Sync 1 DAGs
[2024-05-20T09:01:34.451+0000] {logging_mixin.py:188} INFO - [2024-05-20T09:01:34.451+0000] {dag.py:3954} INFO - Setting next_dagrun for example_task_group_decorator to 2024-05-19 00:00:00+00:00, run_after=2024-05-20 00:00:00+00:00
[2024-05-20T09:01:34.478+0000] {processor.py:183} INFO - Processing /home/airflow/.local/lib/python3.12/site-packages/airflow/example_dags/example_task_group_decorator.py took 0.123 seconds
[2024-05-20T09:02:04.963+0000] {processor.py:161} INFO - Started process (PID=3861) to work on /home/airflow/.local/lib/python3.12/site-packages/airflow/example_dags/example_task_group_decorator.py
[2024-05-20T09:02:04.964+0000] {processor.py:830} INFO - Processing file /home/airflow/.local/lib/python3.12/site-packages/airflow/example_dags/example_task_group_decorator.py for tasks to queue
[2024-05-20T09:02:04.966+0000] {logging_mixin.py:188} INFO - [2024-05-20T09:02:04.965+0000] {dagbag.py:545} INFO - Filling up the DagBag from /home/airflow/.local/lib/python3.12/site-packages/airflow/example_dags/example_task_group_decorator.py
[2024-05-20T09:02:04.993+0000] {processor.py:840} INFO - DAG(s) 'example_task_group_decorator' retrieved from /home/airflow/.local/lib/python3.12/site-packages/airflow/example_dags/example_task_group_decorator.py
[2024-05-20T09:02:05.034+0000] {logging_mixin.py:188} INFO - [2024-05-20T09:02:05.034+0000] {dag.py:3096} INFO - Sync 1 DAGs
[2024-05-20T09:02:05.071+0000] {logging_mixin.py:188} INFO - [2024-05-20T09:02:05.070+0000] {dag.py:3954} INFO - Setting next_dagrun for example_task_group_decorator to 2024-05-19 00:00:00+00:00, run_after=2024-05-20 00:00:00+00:00
[2024-05-20T09:02:05.101+0000] {processor.py:183} INFO - Processing /home/airflow/.local/lib/python3.12/site-packages/airflow/example_dags/example_task_group_decorator.py took 0.149 seconds
[2024-05-20T09:02:35.308+0000] {processor.py:161} INFO - Started process (PID=3923) to work on /home/airflow/.local/lib/python3.12/site-packages/airflow/example_dags/example_task_group_decorator.py
[2024-05-20T09:02:35.309+0000] {processor.py:830} INFO - Processing file /home/airflow/.local/lib/python3.12/site-packages/airflow/example_dags/example_task_group_decorator.py for tasks to queue
[2024-05-20T09:02:35.311+0000] {logging_mixin.py:188} INFO - [2024-05-20T09:02:35.310+0000] {dagbag.py:545} INFO - Filling up the DagBag from /home/airflow/.local/lib/python3.12/site-packages/airflow/example_dags/example_task_group_decorator.py
[2024-05-20T09:02:35.326+0000] {processor.py:840} INFO - DAG(s) 'example_task_group_decorator' retrieved from /home/airflow/.local/lib/python3.12/site-packages/airflow/example_dags/example_task_group_decorator.py
[2024-05-20T09:02:35.354+0000] {logging_mixin.py:188} INFO - [2024-05-20T09:02:35.354+0000] {dag.py:3096} INFO - Sync 1 DAGs
[2024-05-20T09:02:35.382+0000] {logging_mixin.py:188} INFO - [2024-05-20T09:02:35.382+0000] {dag.py:3954} INFO - Setting next_dagrun for example_task_group_decorator to 2024-05-19 00:00:00+00:00, run_after=2024-05-20 00:00:00+00:00
[2024-05-20T09:02:35.406+0000] {processor.py:183} INFO - Processing /home/airflow/.local/lib/python3.12/site-packages/airflow/example_dags/example_task_group_decorator.py took 0.105 seconds
[2024-05-20T09:03:05.610+0000] {processor.py:161} INFO - Started process (PID=3985) to work on /home/airflow/.local/lib/python3.12/site-packages/airflow/example_dags/example_task_group_decorator.py
[2024-05-20T09:03:05.612+0000] {processor.py:830} INFO - Processing file /home/airflow/.local/lib/python3.12/site-packages/airflow/example_dags/example_task_group_decorator.py for tasks to queue
[2024-05-20T09:03:05.613+0000] {logging_mixin.py:188} INFO - [2024-05-20T09:03:05.612+0000] {dagbag.py:545} INFO - Filling up the DagBag from /home/airflow/.local/lib/python3.12/site-packages/airflow/example_dags/example_task_group_decorator.py
[2024-05-20T09:03:05.628+0000] {processor.py:840} INFO - DAG(s) 'example_task_group_decorator' retrieved from /home/airflow/.local/lib/python3.12/site-packages/airflow/example_dags/example_task_group_decorator.py
[2024-05-20T09:03:05.656+0000] {logging_mixin.py:188} INFO - [2024-05-20T09:03:05.656+0000] {dag.py:3096} INFO - Sync 1 DAGs
[2024-05-20T09:03:05.683+0000] {logging_mixin.py:188} INFO - [2024-05-20T09:03:05.683+0000] {dag.py:3954} INFO - Setting next_dagrun for example_task_group_decorator to 2024-05-19 00:00:00+00:00, run_after=2024-05-20 00:00:00+00:00
[2024-05-20T09:03:05.714+0000] {processor.py:183} INFO - Processing /home/airflow/.local/lib/python3.12/site-packages/airflow/example_dags/example_task_group_decorator.py took 0.110 seconds
[2024-05-20T09:03:35.953+0000] {processor.py:161} INFO - Started process (PID=4047) to work on /home/airflow/.local/lib/python3.12/site-packages/airflow/example_dags/example_task_group_decorator.py
[2024-05-20T09:03:35.954+0000] {processor.py:830} INFO - Processing file /home/airflow/.local/lib/python3.12/site-packages/airflow/example_dags/example_task_group_decorator.py for tasks to queue
[2024-05-20T09:03:35.955+0000] {logging_mixin.py:188} INFO - [2024-05-20T09:03:35.955+0000] {dagbag.py:545} INFO - Filling up the DagBag from /home/airflow/.local/lib/python3.12/site-packages/airflow/example_dags/example_task_group_decorator.py
[2024-05-20T09:03:35.971+0000] {processor.py:840} INFO - DAG(s) 'example_task_group_decorator' retrieved from /home/airflow/.local/lib/python3.12/site-packages/airflow/example_dags/example_task_group_decorator.py
[2024-05-20T09:03:36.000+0000] {logging_mixin.py:188} INFO - [2024-05-20T09:03:36.000+0000] {dag.py:3096} INFO - Sync 1 DAGs
[2024-05-20T09:03:36.028+0000] {logging_mixin.py:188} INFO - [2024-05-20T09:03:36.027+0000] {dag.py:3954} INFO - Setting next_dagrun for example_task_group_decorator to 2024-05-19 00:00:00+00:00, run_after=2024-05-20 00:00:00+00:00
[2024-05-20T09:03:36.057+0000] {processor.py:183} INFO - Processing /home/airflow/.local/lib/python3.12/site-packages/airflow/example_dags/example_task_group_decorator.py took 0.111 seconds
[2024-05-20T09:04:06.277+0000] {processor.py:161} INFO - Started process (PID=4109) to work on /home/airflow/.local/lib/python3.12/site-packages/airflow/example_dags/example_task_group_decorator.py
[2024-05-20T09:04:06.279+0000] {processor.py:830} INFO - Processing file /home/airflow/.local/lib/python3.12/site-packages/airflow/example_dags/example_task_group_decorator.py for tasks to queue
[2024-05-20T09:04:06.280+0000] {logging_mixin.py:188} INFO - [2024-05-20T09:04:06.279+0000] {dagbag.py:545} INFO - Filling up the DagBag from /home/airflow/.local/lib/python3.12/site-packages/airflow/example_dags/example_task_group_decorator.py
[2024-05-20T09:04:06.296+0000] {processor.py:840} INFO - DAG(s) 'example_task_group_decorator' retrieved from /home/airflow/.local/lib/python3.12/site-packages/airflow/example_dags/example_task_group_decorator.py
[2024-05-20T09:04:06.327+0000] {logging_mixin.py:188} INFO - [2024-05-20T09:04:06.327+0000] {dag.py:3096} INFO - Sync 1 DAGs
[2024-05-20T09:04:06.350+0000] {logging_mixin.py:188} INFO - [2024-05-20T09:04:06.350+0000] {dag.py:3954} INFO - Setting next_dagrun for example_task_group_decorator to 2024-05-19 00:00:00+00:00, run_after=2024-05-20 00:00:00+00:00
[2024-05-20T09:04:06.377+0000] {processor.py:183} INFO - Processing /home/airflow/.local/lib/python3.12/site-packages/airflow/example_dags/example_task_group_decorator.py took 0.106 seconds
[2024-05-20T09:04:36.530+0000] {processor.py:161} INFO - Started process (PID=4171) to work on /home/airflow/.local/lib/python3.12/site-packages/airflow/example_dags/example_task_group_decorator.py
[2024-05-20T09:04:36.532+0000] {processor.py:830} INFO - Processing file /home/airflow/.local/lib/python3.12/site-packages/airflow/example_dags/example_task_group_decorator.py for tasks to queue
[2024-05-20T09:04:36.533+0000] {logging_mixin.py:188} INFO - [2024-05-20T09:04:36.533+0000] {dagbag.py:545} INFO - Filling up the DagBag from /home/airflow/.local/lib/python3.12/site-packages/airflow/example_dags/example_task_group_decorator.py
[2024-05-20T09:04:36.566+0000] {processor.py:840} INFO - DAG(s) 'example_task_group_decorator' retrieved from /home/airflow/.local/lib/python3.12/site-packages/airflow/example_dags/example_task_group_decorator.py
[2024-05-20T09:04:36.613+0000] {logging_mixin.py:188} INFO - [2024-05-20T09:04:36.613+0000] {dag.py:3096} INFO - Sync 1 DAGs
[2024-05-20T09:04:36.666+0000] {logging_mixin.py:188} INFO - [2024-05-20T09:04:36.665+0000] {dag.py:3954} INFO - Setting next_dagrun for example_task_group_decorator to 2024-05-19 00:00:00+00:00, run_after=2024-05-20 00:00:00+00:00
[2024-05-20T09:04:36.702+0000] {processor.py:183} INFO - Processing /home/airflow/.local/lib/python3.12/site-packages/airflow/example_dags/example_task_group_decorator.py took 0.179 seconds
[2024-05-20T09:05:06.761+0000] {processor.py:161} INFO - Started process (PID=4233) to work on /home/airflow/.local/lib/python3.12/site-packages/airflow/example_dags/example_task_group_decorator.py
[2024-05-20T09:05:06.763+0000] {processor.py:830} INFO - Processing file /home/airflow/.local/lib/python3.12/site-packages/airflow/example_dags/example_task_group_decorator.py for tasks to queue
[2024-05-20T09:05:06.764+0000] {logging_mixin.py:188} INFO - [2024-05-20T09:05:06.764+0000] {dagbag.py:545} INFO - Filling up the DagBag from /home/airflow/.local/lib/python3.12/site-packages/airflow/example_dags/example_task_group_decorator.py
[2024-05-20T09:05:06.780+0000] {processor.py:840} INFO - DAG(s) 'example_task_group_decorator' retrieved from /home/airflow/.local/lib/python3.12/site-packages/airflow/example_dags/example_task_group_decorator.py
[2024-05-20T09:05:06.811+0000] {logging_mixin.py:188} INFO - [2024-05-20T09:05:06.811+0000] {dag.py:3096} INFO - Sync 1 DAGs
[2024-05-20T09:05:06.847+0000] {logging_mixin.py:188} INFO - [2024-05-20T09:05:06.846+0000] {dag.py:3954} INFO - Setting next_dagrun for example_task_group_decorator to 2024-05-19 00:00:00+00:00, run_after=2024-05-20 00:00:00+00:00
[2024-05-20T09:05:06.879+0000] {processor.py:183} INFO - Processing /home/airflow/.local/lib/python3.12/site-packages/airflow/example_dags/example_task_group_decorator.py took 0.125 seconds
[2024-05-20T09:11:51.008+0000] {processor.py:161} INFO - Started process (PID=4295) to work on /home/airflow/.local/lib/python3.12/site-packages/airflow/example_dags/example_task_group_decorator.py
[2024-05-20T09:11:51.018+0000] {processor.py:830} INFO - Processing file /home/airflow/.local/lib/python3.12/site-packages/airflow/example_dags/example_task_group_decorator.py for tasks to queue
[2024-05-20T09:11:51.020+0000] {logging_mixin.py:188} INFO - [2024-05-20T09:11:51.020+0000] {dagbag.py:545} INFO - Filling up the DagBag from /home/airflow/.local/lib/python3.12/site-packages/airflow/example_dags/example_task_group_decorator.py
[2024-05-20T09:11:51.086+0000] {processor.py:840} INFO - DAG(s) 'example_task_group_decorator' retrieved from /home/airflow/.local/lib/python3.12/site-packages/airflow/example_dags/example_task_group_decorator.py
[2024-05-20T09:11:51.192+0000] {logging_mixin.py:188} INFO - [2024-05-20T09:11:51.192+0000] {dag.py:3096} INFO - Sync 1 DAGs
[2024-05-20T09:11:51.286+0000] {logging_mixin.py:188} INFO - [2024-05-20T09:11:51.286+0000] {dag.py:3954} INFO - Setting next_dagrun for example_task_group_decorator to 2024-05-19 00:00:00+00:00, run_after=2024-05-20 00:00:00+00:00
[2024-05-20T09:11:51.383+0000] {processor.py:183} INFO - Processing /home/airflow/.local/lib/python3.12/site-packages/airflow/example_dags/example_task_group_decorator.py took 0.386 seconds
