[2024-05-20T08:30:25.031+0000] {processor.py:161} INFO - Started process (PID=64) to work on /home/airflow/.local/lib/python3.12/site-packages/airflow/example_dags/example_nested_branch_dag.py
[2024-05-20T08:30:25.040+0000] {processor.py:830} INFO - Processing file /home/airflow/.local/lib/python3.12/site-packages/airflow/example_dags/example_nested_branch_dag.py for tasks to queue
[2024-05-20T08:30:25.048+0000] {logging_mixin.py:188} INFO - [2024-05-20T08:30:25.042+0000] {dagbag.py:545} INFO - Filling up the DagBag from /home/airflow/.local/lib/python3.12/site-packages/airflow/example_dags/example_nested_branch_dag.py
[2024-05-20T08:30:25.125+0000] {processor.py:840} INFO - DAG(s) 'example_nested_branch_dag' retrieved from /home/airflow/.local/lib/python3.12/site-packages/airflow/example_dags/example_nested_branch_dag.py
[2024-05-20T08:30:25.214+0000] {logging_mixin.py:188} INFO - [2024-05-20T08:30:25.214+0000] {dag.py:3096} INFO - Sync 1 DAGs
[2024-05-20T08:30:25.300+0000] {logging_mixin.py:188} INFO - [2024-05-20T08:30:25.299+0000] {dag.py:3954} INFO - Setting next_dagrun for example_nested_branch_dag to 2024-05-19 00:00:00+00:00, run_after=2024-05-20 00:00:00+00:00
[2024-05-20T08:30:25.389+0000] {processor.py:183} INFO - Processing /home/airflow/.local/lib/python3.12/site-packages/airflow/example_dags/example_nested_branch_dag.py took 0.375 seconds
[2024-05-20T08:31:45.521+0000] {processor.py:161} INFO - Started process (PID=158) to work on /home/airflow/.local/lib/python3.12/site-packages/airflow/example_dags/example_nested_branch_dag.py
[2024-05-20T08:31:45.535+0000] {processor.py:830} INFO - Processing file /home/airflow/.local/lib/python3.12/site-packages/airflow/example_dags/example_nested_branch_dag.py for tasks to queue
[2024-05-20T08:31:45.543+0000] {logging_mixin.py:188} INFO - [2024-05-20T08:31:45.542+0000] {dagbag.py:545} INFO - Filling up the DagBag from /home/airflow/.local/lib/python3.12/site-packages/airflow/example_dags/example_nested_branch_dag.py
[2024-05-20T08:31:45.574+0000] {processor.py:840} INFO - DAG(s) 'example_nested_branch_dag' retrieved from /home/airflow/.local/lib/python3.12/site-packages/airflow/example_dags/example_nested_branch_dag.py
[2024-05-20T08:31:45.684+0000] {logging_mixin.py:188} INFO - [2024-05-20T08:31:45.684+0000] {dag.py:3096} INFO - Sync 1 DAGs
[2024-05-20T08:31:45.757+0000] {logging_mixin.py:188} INFO - [2024-05-20T08:31:45.757+0000] {dag.py:3954} INFO - Setting next_dagrun for example_nested_branch_dag to 2024-05-19 00:00:00+00:00, run_after=2024-05-20 00:00:00+00:00
[2024-05-20T08:31:45.840+0000] {processor.py:183} INFO - Processing /home/airflow/.local/lib/python3.12/site-packages/airflow/example_dags/example_nested_branch_dag.py took 0.325 seconds
[2024-05-20T08:32:16.115+0000] {processor.py:161} INFO - Started process (PID=224) to work on /home/airflow/.local/lib/python3.12/site-packages/airflow/example_dags/example_nested_branch_dag.py
[2024-05-20T08:32:16.117+0000] {processor.py:830} INFO - Processing file /home/airflow/.local/lib/python3.12/site-packages/airflow/example_dags/example_nested_branch_dag.py for tasks to queue
[2024-05-20T08:32:16.121+0000] {logging_mixin.py:188} INFO - [2024-05-20T08:32:16.120+0000] {dagbag.py:545} INFO - Filling up the DagBag from /home/airflow/.local/lib/python3.12/site-packages/airflow/example_dags/example_nested_branch_dag.py
[2024-05-20T08:32:16.141+0000] {processor.py:840} INFO - DAG(s) 'example_nested_branch_dag' retrieved from /home/airflow/.local/lib/python3.12/site-packages/airflow/example_dags/example_nested_branch_dag.py
[2024-05-20T08:32:16.189+0000] {logging_mixin.py:188} INFO - [2024-05-20T08:32:16.188+0000] {dag.py:3096} INFO - Sync 1 DAGs
[2024-05-20T08:32:16.245+0000] {logging_mixin.py:188} INFO - [2024-05-20T08:32:16.244+0000] {dag.py:3954} INFO - Setting next_dagrun for example_nested_branch_dag to 2024-05-19 00:00:00+00:00, run_after=2024-05-20 00:00:00+00:00
[2024-05-20T08:32:16.326+0000] {processor.py:183} INFO - Processing /home/airflow/.local/lib/python3.12/site-packages/airflow/example_dags/example_nested_branch_dag.py took 0.224 seconds
[2024-05-20T08:32:46.932+0000] {processor.py:161} INFO - Started process (PID=286) to work on /home/airflow/.local/lib/python3.12/site-packages/airflow/example_dags/example_nested_branch_dag.py
[2024-05-20T08:32:46.934+0000] {processor.py:830} INFO - Processing file /home/airflow/.local/lib/python3.12/site-packages/airflow/example_dags/example_nested_branch_dag.py for tasks to queue
[2024-05-20T08:32:46.936+0000] {logging_mixin.py:188} INFO - [2024-05-20T08:32:46.936+0000] {dagbag.py:545} INFO - Filling up the DagBag from /home/airflow/.local/lib/python3.12/site-packages/airflow/example_dags/example_nested_branch_dag.py
[2024-05-20T08:32:46.952+0000] {processor.py:840} INFO - DAG(s) 'example_nested_branch_dag' retrieved from /home/airflow/.local/lib/python3.12/site-packages/airflow/example_dags/example_nested_branch_dag.py
[2024-05-20T08:32:46.982+0000] {logging_mixin.py:188} INFO - [2024-05-20T08:32:46.982+0000] {dag.py:3096} INFO - Sync 1 DAGs
[2024-05-20T08:32:47.020+0000] {logging_mixin.py:188} INFO - [2024-05-20T08:32:47.020+0000] {dag.py:3954} INFO - Setting next_dagrun for example_nested_branch_dag to 2024-05-19 00:00:00+00:00, run_after=2024-05-20 00:00:00+00:00
[2024-05-20T08:32:47.054+0000] {processor.py:183} INFO - Processing /home/airflow/.local/lib/python3.12/site-packages/airflow/example_dags/example_nested_branch_dag.py took 0.130 seconds
[2024-05-20T08:33:17.307+0000] {processor.py:161} INFO - Started process (PID=347) to work on /home/airflow/.local/lib/python3.12/site-packages/airflow/example_dags/example_nested_branch_dag.py
[2024-05-20T08:33:17.308+0000] {processor.py:830} INFO - Processing file /home/airflow/.local/lib/python3.12/site-packages/airflow/example_dags/example_nested_branch_dag.py for tasks to queue
[2024-05-20T08:33:17.310+0000] {logging_mixin.py:188} INFO - [2024-05-20T08:33:17.310+0000] {dagbag.py:545} INFO - Filling up the DagBag from /home/airflow/.local/lib/python3.12/site-packages/airflow/example_dags/example_nested_branch_dag.py
[2024-05-20T08:33:17.326+0000] {processor.py:840} INFO - DAG(s) 'example_nested_branch_dag' retrieved from /home/airflow/.local/lib/python3.12/site-packages/airflow/example_dags/example_nested_branch_dag.py
[2024-05-20T08:33:17.361+0000] {logging_mixin.py:188} INFO - [2024-05-20T08:33:17.361+0000] {dag.py:3096} INFO - Sync 1 DAGs
[2024-05-20T08:33:17.390+0000] {logging_mixin.py:188} INFO - [2024-05-20T08:33:17.390+0000] {dag.py:3954} INFO - Setting next_dagrun for example_nested_branch_dag to 2024-05-19 00:00:00+00:00, run_after=2024-05-20 00:00:00+00:00
[2024-05-20T08:33:17.419+0000] {processor.py:183} INFO - Processing /home/airflow/.local/lib/python3.12/site-packages/airflow/example_dags/example_nested_branch_dag.py took 0.120 seconds
[2024-05-20T08:33:47.709+0000] {processor.py:161} INFO - Started process (PID=408) to work on /home/airflow/.local/lib/python3.12/site-packages/airflow/example_dags/example_nested_branch_dag.py
[2024-05-20T08:33:47.710+0000] {processor.py:830} INFO - Processing file /home/airflow/.local/lib/python3.12/site-packages/airflow/example_dags/example_nested_branch_dag.py for tasks to queue
[2024-05-20T08:33:47.714+0000] {logging_mixin.py:188} INFO - [2024-05-20T08:33:47.713+0000] {dagbag.py:545} INFO - Filling up the DagBag from /home/airflow/.local/lib/python3.12/site-packages/airflow/example_dags/example_nested_branch_dag.py
[2024-05-20T08:33:47.730+0000] {processor.py:840} INFO - DAG(s) 'example_nested_branch_dag' retrieved from /home/airflow/.local/lib/python3.12/site-packages/airflow/example_dags/example_nested_branch_dag.py
[2024-05-20T08:33:47.763+0000] {logging_mixin.py:188} INFO - [2024-05-20T08:33:47.762+0000] {dag.py:3096} INFO - Sync 1 DAGs
[2024-05-20T08:33:47.793+0000] {logging_mixin.py:188} INFO - [2024-05-20T08:33:47.792+0000] {dag.py:3954} INFO - Setting next_dagrun for example_nested_branch_dag to 2024-05-19 00:00:00+00:00, run_after=2024-05-20 00:00:00+00:00
[2024-05-20T08:33:47.823+0000] {processor.py:183} INFO - Processing /home/airflow/.local/lib/python3.12/site-packages/airflow/example_dags/example_nested_branch_dag.py took 0.126 seconds
[2024-05-20T08:34:17.895+0000] {processor.py:161} INFO - Started process (PID=467) to work on /home/airflow/.local/lib/python3.12/site-packages/airflow/example_dags/example_nested_branch_dag.py
[2024-05-20T08:34:17.897+0000] {processor.py:830} INFO - Processing file /home/airflow/.local/lib/python3.12/site-packages/airflow/example_dags/example_nested_branch_dag.py for tasks to queue
[2024-05-20T08:34:17.900+0000] {logging_mixin.py:188} INFO - [2024-05-20T08:34:17.899+0000] {dagbag.py:545} INFO - Filling up the DagBag from /home/airflow/.local/lib/python3.12/site-packages/airflow/example_dags/example_nested_branch_dag.py
[2024-05-20T08:34:17.911+0000] {processor.py:840} INFO - DAG(s) 'example_nested_branch_dag' retrieved from /home/airflow/.local/lib/python3.12/site-packages/airflow/example_dags/example_nested_branch_dag.py
[2024-05-20T08:34:17.941+0000] {logging_mixin.py:188} INFO - [2024-05-20T08:34:17.941+0000] {dag.py:3096} INFO - Sync 1 DAGs
[2024-05-20T08:34:17.967+0000] {logging_mixin.py:188} INFO - [2024-05-20T08:34:17.966+0000] {dag.py:3954} INFO - Setting next_dagrun for example_nested_branch_dag to 2024-05-19 00:00:00+00:00, run_after=2024-05-20 00:00:00+00:00
[2024-05-20T08:34:17.987+0000] {processor.py:183} INFO - Processing /home/airflow/.local/lib/python3.12/site-packages/airflow/example_dags/example_nested_branch_dag.py took 0.098 seconds
[2024-05-20T08:34:48.647+0000] {processor.py:161} INFO - Started process (PID=528) to work on /home/airflow/.local/lib/python3.12/site-packages/airflow/example_dags/example_nested_branch_dag.py
[2024-05-20T08:34:48.654+0000] {processor.py:830} INFO - Processing file /home/airflow/.local/lib/python3.12/site-packages/airflow/example_dags/example_nested_branch_dag.py for tasks to queue
[2024-05-20T08:34:48.668+0000] {logging_mixin.py:188} INFO - [2024-05-20T08:34:48.665+0000] {dagbag.py:545} INFO - Filling up the DagBag from /home/airflow/.local/lib/python3.12/site-packages/airflow/example_dags/example_nested_branch_dag.py
[2024-05-20T08:34:48.706+0000] {processor.py:840} INFO - DAG(s) 'example_nested_branch_dag' retrieved from /home/airflow/.local/lib/python3.12/site-packages/airflow/example_dags/example_nested_branch_dag.py
[2024-05-20T08:34:48.777+0000] {logging_mixin.py:188} INFO - [2024-05-20T08:34:48.777+0000] {dag.py:3096} INFO - Sync 1 DAGs
[2024-05-20T08:34:48.852+0000] {logging_mixin.py:188} INFO - [2024-05-20T08:34:48.851+0000] {dag.py:3954} INFO - Setting next_dagrun for example_nested_branch_dag to 2024-05-19 00:00:00+00:00, run_after=2024-05-20 00:00:00+00:00
[2024-05-20T08:34:48.921+0000] {processor.py:183} INFO - Processing /home/airflow/.local/lib/python3.12/site-packages/airflow/example_dags/example_nested_branch_dag.py took 0.295 seconds
[2024-05-20T08:35:19.151+0000] {processor.py:161} INFO - Started process (PID=588) to work on /home/airflow/.local/lib/python3.12/site-packages/airflow/example_dags/example_nested_branch_dag.py
[2024-05-20T08:35:19.154+0000] {processor.py:830} INFO - Processing file /home/airflow/.local/lib/python3.12/site-packages/airflow/example_dags/example_nested_branch_dag.py for tasks to queue
[2024-05-20T08:35:19.160+0000] {logging_mixin.py:188} INFO - [2024-05-20T08:35:19.159+0000] {dagbag.py:545} INFO - Filling up the DagBag from /home/airflow/.local/lib/python3.12/site-packages/airflow/example_dags/example_nested_branch_dag.py
[2024-05-20T08:35:19.224+0000] {processor.py:840} INFO - DAG(s) 'example_nested_branch_dag' retrieved from /home/airflow/.local/lib/python3.12/site-packages/airflow/example_dags/example_nested_branch_dag.py
[2024-05-20T08:35:19.360+0000] {logging_mixin.py:188} INFO - [2024-05-20T08:35:19.359+0000] {dag.py:3096} INFO - Sync 1 DAGs
[2024-05-20T08:35:19.475+0000] {logging_mixin.py:188} INFO - [2024-05-20T08:35:19.474+0000] {dag.py:3954} INFO - Setting next_dagrun for example_nested_branch_dag to 2024-05-19 00:00:00+00:00, run_after=2024-05-20 00:00:00+00:00
[2024-05-20T08:35:19.621+0000] {processor.py:183} INFO - Processing /home/airflow/.local/lib/python3.12/site-packages/airflow/example_dags/example_nested_branch_dag.py took 0.493 seconds
[2024-05-20T08:35:49.799+0000] {processor.py:161} INFO - Started process (PID=656) to work on /home/airflow/.local/lib/python3.12/site-packages/airflow/example_dags/example_nested_branch_dag.py
[2024-05-20T08:35:49.801+0000] {processor.py:830} INFO - Processing file /home/airflow/.local/lib/python3.12/site-packages/airflow/example_dags/example_nested_branch_dag.py for tasks to queue
[2024-05-20T08:35:49.803+0000] {logging_mixin.py:188} INFO - [2024-05-20T08:35:49.803+0000] {dagbag.py:545} INFO - Filling up the DagBag from /home/airflow/.local/lib/python3.12/site-packages/airflow/example_dags/example_nested_branch_dag.py
[2024-05-20T08:35:49.819+0000] {processor.py:840} INFO - DAG(s) 'example_nested_branch_dag' retrieved from /home/airflow/.local/lib/python3.12/site-packages/airflow/example_dags/example_nested_branch_dag.py
[2024-05-20T08:35:49.860+0000] {logging_mixin.py:188} INFO - [2024-05-20T08:35:49.860+0000] {dag.py:3096} INFO - Sync 1 DAGs
[2024-05-20T08:35:49.897+0000] {logging_mixin.py:188} INFO - [2024-05-20T08:35:49.897+0000] {dag.py:3954} INFO - Setting next_dagrun for example_nested_branch_dag to 2024-05-19 00:00:00+00:00, run_after=2024-05-20 00:00:00+00:00
[2024-05-20T08:35:49.921+0000] {processor.py:183} INFO - Processing /home/airflow/.local/lib/python3.12/site-packages/airflow/example_dags/example_nested_branch_dag.py took 0.131 seconds
[2024-05-20T08:36:20.523+0000] {processor.py:161} INFO - Started process (PID=717) to work on /home/airflow/.local/lib/python3.12/site-packages/airflow/example_dags/example_nested_branch_dag.py
[2024-05-20T08:36:20.524+0000] {processor.py:830} INFO - Processing file /home/airflow/.local/lib/python3.12/site-packages/airflow/example_dags/example_nested_branch_dag.py for tasks to queue
[2024-05-20T08:36:20.526+0000] {logging_mixin.py:188} INFO - [2024-05-20T08:36:20.526+0000] {dagbag.py:545} INFO - Filling up the DagBag from /home/airflow/.local/lib/python3.12/site-packages/airflow/example_dags/example_nested_branch_dag.py
[2024-05-20T08:36:20.538+0000] {processor.py:840} INFO - DAG(s) 'example_nested_branch_dag' retrieved from /home/airflow/.local/lib/python3.12/site-packages/airflow/example_dags/example_nested_branch_dag.py
[2024-05-20T08:36:20.560+0000] {logging_mixin.py:188} INFO - [2024-05-20T08:36:20.560+0000] {dag.py:3096} INFO - Sync 1 DAGs
[2024-05-20T08:36:20.588+0000] {logging_mixin.py:188} INFO - [2024-05-20T08:36:20.587+0000] {dag.py:3954} INFO - Setting next_dagrun for example_nested_branch_dag to 2024-05-19 00:00:00+00:00, run_after=2024-05-20 00:00:00+00:00
[2024-05-20T08:36:20.609+0000] {processor.py:183} INFO - Processing /home/airflow/.local/lib/python3.12/site-packages/airflow/example_dags/example_nested_branch_dag.py took 0.091 seconds
[2024-05-20T08:36:51.064+0000] {processor.py:161} INFO - Started process (PID=778) to work on /home/airflow/.local/lib/python3.12/site-packages/airflow/example_dags/example_nested_branch_dag.py
[2024-05-20T08:36:51.065+0000] {processor.py:830} INFO - Processing file /home/airflow/.local/lib/python3.12/site-packages/airflow/example_dags/example_nested_branch_dag.py for tasks to queue
[2024-05-20T08:36:51.068+0000] {logging_mixin.py:188} INFO - [2024-05-20T08:36:51.068+0000] {dagbag.py:545} INFO - Filling up the DagBag from /home/airflow/.local/lib/python3.12/site-packages/airflow/example_dags/example_nested_branch_dag.py
[2024-05-20T08:36:51.086+0000] {processor.py:840} INFO - DAG(s) 'example_nested_branch_dag' retrieved from /home/airflow/.local/lib/python3.12/site-packages/airflow/example_dags/example_nested_branch_dag.py
[2024-05-20T08:36:51.127+0000] {logging_mixin.py:188} INFO - [2024-05-20T08:36:51.127+0000] {dag.py:3096} INFO - Sync 1 DAGs
[2024-05-20T08:36:51.183+0000] {logging_mixin.py:188} INFO - [2024-05-20T08:36:51.183+0000] {dag.py:3954} INFO - Setting next_dagrun for example_nested_branch_dag to 2024-05-19 00:00:00+00:00, run_after=2024-05-20 00:00:00+00:00
[2024-05-20T08:36:51.230+0000] {processor.py:183} INFO - Processing /home/airflow/.local/lib/python3.12/site-packages/airflow/example_dags/example_nested_branch_dag.py took 0.177 seconds
[2024-05-20T08:37:21.720+0000] {processor.py:161} INFO - Started process (PID=839) to work on /home/airflow/.local/lib/python3.12/site-packages/airflow/example_dags/example_nested_branch_dag.py
[2024-05-20T08:37:21.722+0000] {processor.py:830} INFO - Processing file /home/airflow/.local/lib/python3.12/site-packages/airflow/example_dags/example_nested_branch_dag.py for tasks to queue
[2024-05-20T08:37:21.726+0000] {logging_mixin.py:188} INFO - [2024-05-20T08:37:21.725+0000] {dagbag.py:545} INFO - Filling up the DagBag from /home/airflow/.local/lib/python3.12/site-packages/airflow/example_dags/example_nested_branch_dag.py
[2024-05-20T08:37:21.736+0000] {processor.py:840} INFO - DAG(s) 'example_nested_branch_dag' retrieved from /home/airflow/.local/lib/python3.12/site-packages/airflow/example_dags/example_nested_branch_dag.py
[2024-05-20T08:37:21.762+0000] {logging_mixin.py:188} INFO - [2024-05-20T08:37:21.761+0000] {dag.py:3096} INFO - Sync 1 DAGs
[2024-05-20T08:37:21.785+0000] {logging_mixin.py:188} INFO - [2024-05-20T08:37:21.785+0000] {dag.py:3954} INFO - Setting next_dagrun for example_nested_branch_dag to 2024-05-19 00:00:00+00:00, run_after=2024-05-20 00:00:00+00:00
[2024-05-20T08:37:21.813+0000] {processor.py:183} INFO - Processing /home/airflow/.local/lib/python3.12/site-packages/airflow/example_dags/example_nested_branch_dag.py took 0.100 seconds
[2024-05-20T08:37:52.423+0000] {processor.py:161} INFO - Started process (PID=900) to work on /home/airflow/.local/lib/python3.12/site-packages/airflow/example_dags/example_nested_branch_dag.py
[2024-05-20T08:37:52.424+0000] {processor.py:830} INFO - Processing file /home/airflow/.local/lib/python3.12/site-packages/airflow/example_dags/example_nested_branch_dag.py for tasks to queue
[2024-05-20T08:37:52.426+0000] {logging_mixin.py:188} INFO - [2024-05-20T08:37:52.426+0000] {dagbag.py:545} INFO - Filling up the DagBag from /home/airflow/.local/lib/python3.12/site-packages/airflow/example_dags/example_nested_branch_dag.py
[2024-05-20T08:37:52.438+0000] {processor.py:840} INFO - DAG(s) 'example_nested_branch_dag' retrieved from /home/airflow/.local/lib/python3.12/site-packages/airflow/example_dags/example_nested_branch_dag.py
[2024-05-20T08:37:52.463+0000] {logging_mixin.py:188} INFO - [2024-05-20T08:37:52.462+0000] {dag.py:3096} INFO - Sync 1 DAGs
[2024-05-20T08:37:52.491+0000] {logging_mixin.py:188} INFO - [2024-05-20T08:37:52.491+0000] {dag.py:3954} INFO - Setting next_dagrun for example_nested_branch_dag to 2024-05-19 00:00:00+00:00, run_after=2024-05-20 00:00:00+00:00
[2024-05-20T08:37:52.520+0000] {processor.py:183} INFO - Processing /home/airflow/.local/lib/python3.12/site-packages/airflow/example_dags/example_nested_branch_dag.py took 0.105 seconds
[2024-05-20T08:38:23.562+0000] {processor.py:161} INFO - Started process (PID=961) to work on /home/airflow/.local/lib/python3.12/site-packages/airflow/example_dags/example_nested_branch_dag.py
[2024-05-20T08:38:23.564+0000] {processor.py:830} INFO - Processing file /home/airflow/.local/lib/python3.12/site-packages/airflow/example_dags/example_nested_branch_dag.py for tasks to queue
[2024-05-20T08:38:23.567+0000] {logging_mixin.py:188} INFO - [2024-05-20T08:38:23.567+0000] {dagbag.py:545} INFO - Filling up the DagBag from /home/airflow/.local/lib/python3.12/site-packages/airflow/example_dags/example_nested_branch_dag.py
[2024-05-20T08:38:23.584+0000] {processor.py:840} INFO - DAG(s) 'example_nested_branch_dag' retrieved from /home/airflow/.local/lib/python3.12/site-packages/airflow/example_dags/example_nested_branch_dag.py
[2024-05-20T08:38:23.618+0000] {logging_mixin.py:188} INFO - [2024-05-20T08:38:23.618+0000] {dag.py:3096} INFO - Sync 1 DAGs
[2024-05-20T08:38:23.664+0000] {logging_mixin.py:188} INFO - [2024-05-20T08:38:23.664+0000] {dag.py:3954} INFO - Setting next_dagrun for example_nested_branch_dag to 2024-05-19 00:00:00+00:00, run_after=2024-05-20 00:00:00+00:00
[2024-05-20T08:38:23.701+0000] {processor.py:183} INFO - Processing /home/airflow/.local/lib/python3.12/site-packages/airflow/example_dags/example_nested_branch_dag.py took 0.147 seconds
[2024-05-20T08:38:54.298+0000] {processor.py:161} INFO - Started process (PID=1022) to work on /home/airflow/.local/lib/python3.12/site-packages/airflow/example_dags/example_nested_branch_dag.py
[2024-05-20T08:38:54.299+0000] {processor.py:830} INFO - Processing file /home/airflow/.local/lib/python3.12/site-packages/airflow/example_dags/example_nested_branch_dag.py for tasks to queue
[2024-05-20T08:38:54.301+0000] {logging_mixin.py:188} INFO - [2024-05-20T08:38:54.301+0000] {dagbag.py:545} INFO - Filling up the DagBag from /home/airflow/.local/lib/python3.12/site-packages/airflow/example_dags/example_nested_branch_dag.py
[2024-05-20T08:38:54.313+0000] {processor.py:840} INFO - DAG(s) 'example_nested_branch_dag' retrieved from /home/airflow/.local/lib/python3.12/site-packages/airflow/example_dags/example_nested_branch_dag.py
[2024-05-20T08:38:54.342+0000] {logging_mixin.py:188} INFO - [2024-05-20T08:38:54.341+0000] {dag.py:3096} INFO - Sync 1 DAGs
[2024-05-20T08:38:54.371+0000] {logging_mixin.py:188} INFO - [2024-05-20T08:38:54.371+0000] {dag.py:3954} INFO - Setting next_dagrun for example_nested_branch_dag to 2024-05-19 00:00:00+00:00, run_after=2024-05-20 00:00:00+00:00
[2024-05-20T08:38:54.398+0000] {processor.py:183} INFO - Processing /home/airflow/.local/lib/python3.12/site-packages/airflow/example_dags/example_nested_branch_dag.py took 0.106 seconds
[2024-05-20T08:39:24.811+0000] {processor.py:161} INFO - Started process (PID=1083) to work on /home/airflow/.local/lib/python3.12/site-packages/airflow/example_dags/example_nested_branch_dag.py
[2024-05-20T08:39:24.812+0000] {processor.py:830} INFO - Processing file /home/airflow/.local/lib/python3.12/site-packages/airflow/example_dags/example_nested_branch_dag.py for tasks to queue
[2024-05-20T08:39:24.814+0000] {logging_mixin.py:188} INFO - [2024-05-20T08:39:24.814+0000] {dagbag.py:545} INFO - Filling up the DagBag from /home/airflow/.local/lib/python3.12/site-packages/airflow/example_dags/example_nested_branch_dag.py
[2024-05-20T08:39:24.824+0000] {processor.py:840} INFO - DAG(s) 'example_nested_branch_dag' retrieved from /home/airflow/.local/lib/python3.12/site-packages/airflow/example_dags/example_nested_branch_dag.py
[2024-05-20T08:39:24.847+0000] {logging_mixin.py:188} INFO - [2024-05-20T08:39:24.847+0000] {dag.py:3096} INFO - Sync 1 DAGs
[2024-05-20T08:39:24.873+0000] {logging_mixin.py:188} INFO - [2024-05-20T08:39:24.873+0000] {dag.py:3954} INFO - Setting next_dagrun for example_nested_branch_dag to 2024-05-19 00:00:00+00:00, run_after=2024-05-20 00:00:00+00:00
[2024-05-20T08:39:24.892+0000] {processor.py:183} INFO - Processing /home/airflow/.local/lib/python3.12/site-packages/airflow/example_dags/example_nested_branch_dag.py took 0.086 seconds
[2024-05-20T08:39:55.006+0000] {processor.py:161} INFO - Started process (PID=1144) to work on /home/airflow/.local/lib/python3.12/site-packages/airflow/example_dags/example_nested_branch_dag.py
[2024-05-20T08:39:55.007+0000] {processor.py:830} INFO - Processing file /home/airflow/.local/lib/python3.12/site-packages/airflow/example_dags/example_nested_branch_dag.py for tasks to queue
[2024-05-20T08:39:55.009+0000] {logging_mixin.py:188} INFO - [2024-05-20T08:39:55.009+0000] {dagbag.py:545} INFO - Filling up the DagBag from /home/airflow/.local/lib/python3.12/site-packages/airflow/example_dags/example_nested_branch_dag.py
[2024-05-20T08:39:55.018+0000] {processor.py:840} INFO - DAG(s) 'example_nested_branch_dag' retrieved from /home/airflow/.local/lib/python3.12/site-packages/airflow/example_dags/example_nested_branch_dag.py
[2024-05-20T08:39:55.040+0000] {logging_mixin.py:188} INFO - [2024-05-20T08:39:55.040+0000] {dag.py:3096} INFO - Sync 1 DAGs
[2024-05-20T08:39:55.062+0000] {logging_mixin.py:188} INFO - [2024-05-20T08:39:55.061+0000] {dag.py:3954} INFO - Setting next_dagrun for example_nested_branch_dag to 2024-05-19 00:00:00+00:00, run_after=2024-05-20 00:00:00+00:00
[2024-05-20T08:39:55.083+0000] {processor.py:183} INFO - Processing /home/airflow/.local/lib/python3.12/site-packages/airflow/example_dags/example_nested_branch_dag.py took 0.082 seconds
[2024-05-20T08:40:25.276+0000] {processor.py:161} INFO - Started process (PID=1210) to work on /home/airflow/.local/lib/python3.12/site-packages/airflow/example_dags/example_nested_branch_dag.py
[2024-05-20T08:40:25.278+0000] {processor.py:830} INFO - Processing file /home/airflow/.local/lib/python3.12/site-packages/airflow/example_dags/example_nested_branch_dag.py for tasks to queue
[2024-05-20T08:40:25.280+0000] {logging_mixin.py:188} INFO - [2024-05-20T08:40:25.280+0000] {dagbag.py:545} INFO - Filling up the DagBag from /home/airflow/.local/lib/python3.12/site-packages/airflow/example_dags/example_nested_branch_dag.py
[2024-05-20T08:40:25.291+0000] {processor.py:840} INFO - DAG(s) 'example_nested_branch_dag' retrieved from /home/airflow/.local/lib/python3.12/site-packages/airflow/example_dags/example_nested_branch_dag.py
[2024-05-20T08:40:25.312+0000] {logging_mixin.py:188} INFO - [2024-05-20T08:40:25.312+0000] {dag.py:3096} INFO - Sync 1 DAGs
[2024-05-20T08:40:25.338+0000] {logging_mixin.py:188} INFO - [2024-05-20T08:40:25.338+0000] {dag.py:3954} INFO - Setting next_dagrun for example_nested_branch_dag to 2024-05-19 00:00:00+00:00, run_after=2024-05-20 00:00:00+00:00
[2024-05-20T08:40:25.361+0000] {processor.py:183} INFO - Processing /home/airflow/.local/lib/python3.12/site-packages/airflow/example_dags/example_nested_branch_dag.py took 0.092 seconds
[2024-05-20T08:40:55.873+0000] {processor.py:161} INFO - Started process (PID=1273) to work on /home/airflow/.local/lib/python3.12/site-packages/airflow/example_dags/example_nested_branch_dag.py
[2024-05-20T08:40:55.874+0000] {processor.py:830} INFO - Processing file /home/airflow/.local/lib/python3.12/site-packages/airflow/example_dags/example_nested_branch_dag.py for tasks to queue
[2024-05-20T08:40:55.877+0000] {logging_mixin.py:188} INFO - [2024-05-20T08:40:55.877+0000] {dagbag.py:545} INFO - Filling up the DagBag from /home/airflow/.local/lib/python3.12/site-packages/airflow/example_dags/example_nested_branch_dag.py
[2024-05-20T08:40:55.890+0000] {processor.py:840} INFO - DAG(s) 'example_nested_branch_dag' retrieved from /home/airflow/.local/lib/python3.12/site-packages/airflow/example_dags/example_nested_branch_dag.py
[2024-05-20T08:40:55.919+0000] {logging_mixin.py:188} INFO - [2024-05-20T08:40:55.919+0000] {dag.py:3096} INFO - Sync 1 DAGs
[2024-05-20T08:40:55.950+0000] {logging_mixin.py:188} INFO - [2024-05-20T08:40:55.950+0000] {dag.py:3954} INFO - Setting next_dagrun for example_nested_branch_dag to 2024-05-19 00:00:00+00:00, run_after=2024-05-20 00:00:00+00:00
[2024-05-20T08:40:55.975+0000] {processor.py:183} INFO - Processing /home/airflow/.local/lib/python3.12/site-packages/airflow/example_dags/example_nested_branch_dag.py took 0.111 seconds
[2024-05-20T08:41:26.291+0000] {processor.py:161} INFO - Started process (PID=1336) to work on /home/airflow/.local/lib/python3.12/site-packages/airflow/example_dags/example_nested_branch_dag.py
[2024-05-20T08:41:26.292+0000] {processor.py:830} INFO - Processing file /home/airflow/.local/lib/python3.12/site-packages/airflow/example_dags/example_nested_branch_dag.py for tasks to queue
[2024-05-20T08:41:26.294+0000] {logging_mixin.py:188} INFO - [2024-05-20T08:41:26.293+0000] {dagbag.py:545} INFO - Filling up the DagBag from /home/airflow/.local/lib/python3.12/site-packages/airflow/example_dags/example_nested_branch_dag.py
[2024-05-20T08:41:26.305+0000] {processor.py:840} INFO - DAG(s) 'example_nested_branch_dag' retrieved from /home/airflow/.local/lib/python3.12/site-packages/airflow/example_dags/example_nested_branch_dag.py
[2024-05-20T08:41:26.326+0000] {logging_mixin.py:188} INFO - [2024-05-20T08:41:26.325+0000] {dag.py:3096} INFO - Sync 1 DAGs
[2024-05-20T08:41:26.348+0000] {logging_mixin.py:188} INFO - [2024-05-20T08:41:26.348+0000] {dag.py:3954} INFO - Setting next_dagrun for example_nested_branch_dag to 2024-05-19 00:00:00+00:00, run_after=2024-05-20 00:00:00+00:00
[2024-05-20T08:41:26.371+0000] {processor.py:183} INFO - Processing /home/airflow/.local/lib/python3.12/site-packages/airflow/example_dags/example_nested_branch_dag.py took 0.085 seconds
[2024-05-20T08:41:57.036+0000] {processor.py:161} INFO - Started process (PID=1398) to work on /home/airflow/.local/lib/python3.12/site-packages/airflow/example_dags/example_nested_branch_dag.py
[2024-05-20T08:41:57.038+0000] {processor.py:830} INFO - Processing file /home/airflow/.local/lib/python3.12/site-packages/airflow/example_dags/example_nested_branch_dag.py for tasks to queue
[2024-05-20T08:41:57.039+0000] {logging_mixin.py:188} INFO - [2024-05-20T08:41:57.039+0000] {dagbag.py:545} INFO - Filling up the DagBag from /home/airflow/.local/lib/python3.12/site-packages/airflow/example_dags/example_nested_branch_dag.py
[2024-05-20T08:41:57.051+0000] {processor.py:840} INFO - DAG(s) 'example_nested_branch_dag' retrieved from /home/airflow/.local/lib/python3.12/site-packages/airflow/example_dags/example_nested_branch_dag.py
[2024-05-20T08:41:57.076+0000] {logging_mixin.py:188} INFO - [2024-05-20T08:41:57.076+0000] {dag.py:3096} INFO - Sync 1 DAGs
[2024-05-20T08:41:57.104+0000] {logging_mixin.py:188} INFO - [2024-05-20T08:41:57.104+0000] {dag.py:3954} INFO - Setting next_dagrun for example_nested_branch_dag to 2024-05-19 00:00:00+00:00, run_after=2024-05-20 00:00:00+00:00
[2024-05-20T08:41:57.135+0000] {processor.py:183} INFO - Processing /home/airflow/.local/lib/python3.12/site-packages/airflow/example_dags/example_nested_branch_dag.py took 0.104 seconds
[2024-05-20T08:42:27.550+0000] {processor.py:161} INFO - Started process (PID=1459) to work on /home/airflow/.local/lib/python3.12/site-packages/airflow/example_dags/example_nested_branch_dag.py
[2024-05-20T08:42:27.552+0000] {processor.py:830} INFO - Processing file /home/airflow/.local/lib/python3.12/site-packages/airflow/example_dags/example_nested_branch_dag.py for tasks to queue
[2024-05-20T08:42:27.553+0000] {logging_mixin.py:188} INFO - [2024-05-20T08:42:27.552+0000] {dagbag.py:545} INFO - Filling up the DagBag from /home/airflow/.local/lib/python3.12/site-packages/airflow/example_dags/example_nested_branch_dag.py
[2024-05-20T08:42:27.565+0000] {processor.py:840} INFO - DAG(s) 'example_nested_branch_dag' retrieved from /home/airflow/.local/lib/python3.12/site-packages/airflow/example_dags/example_nested_branch_dag.py
[2024-05-20T08:42:27.591+0000] {logging_mixin.py:188} INFO - [2024-05-20T08:42:27.590+0000] {dag.py:3096} INFO - Sync 1 DAGs
[2024-05-20T08:42:27.618+0000] {logging_mixin.py:188} INFO - [2024-05-20T08:42:27.618+0000] {dag.py:3954} INFO - Setting next_dagrun for example_nested_branch_dag to 2024-05-19 00:00:00+00:00, run_after=2024-05-20 00:00:00+00:00
[2024-05-20T08:42:27.816+0000] {processor.py:183} INFO - Processing /home/airflow/.local/lib/python3.12/site-packages/airflow/example_dags/example_nested_branch_dag.py took 0.273 seconds
[2024-05-20T08:42:57.874+0000] {processor.py:161} INFO - Started process (PID=1520) to work on /home/airflow/.local/lib/python3.12/site-packages/airflow/example_dags/example_nested_branch_dag.py
[2024-05-20T08:42:57.875+0000] {processor.py:830} INFO - Processing file /home/airflow/.local/lib/python3.12/site-packages/airflow/example_dags/example_nested_branch_dag.py for tasks to queue
[2024-05-20T08:42:57.876+0000] {logging_mixin.py:188} INFO - [2024-05-20T08:42:57.876+0000] {dagbag.py:545} INFO - Filling up the DagBag from /home/airflow/.local/lib/python3.12/site-packages/airflow/example_dags/example_nested_branch_dag.py
[2024-05-20T08:42:57.887+0000] {processor.py:840} INFO - DAG(s) 'example_nested_branch_dag' retrieved from /home/airflow/.local/lib/python3.12/site-packages/airflow/example_dags/example_nested_branch_dag.py
[2024-05-20T08:42:57.910+0000] {logging_mixin.py:188} INFO - [2024-05-20T08:42:57.910+0000] {dag.py:3096} INFO - Sync 1 DAGs
[2024-05-20T08:42:57.933+0000] {logging_mixin.py:188} INFO - [2024-05-20T08:42:57.933+0000] {dag.py:3954} INFO - Setting next_dagrun for example_nested_branch_dag to 2024-05-19 00:00:00+00:00, run_after=2024-05-20 00:00:00+00:00
[2024-05-20T08:42:57.957+0000] {processor.py:183} INFO - Processing /home/airflow/.local/lib/python3.12/site-packages/airflow/example_dags/example_nested_branch_dag.py took 0.088 seconds
[2024-05-20T08:43:28.009+0000] {processor.py:161} INFO - Started process (PID=1581) to work on /home/airflow/.local/lib/python3.12/site-packages/airflow/example_dags/example_nested_branch_dag.py
[2024-05-20T08:43:28.011+0000] {processor.py:830} INFO - Processing file /home/airflow/.local/lib/python3.12/site-packages/airflow/example_dags/example_nested_branch_dag.py for tasks to queue
[2024-05-20T08:43:28.012+0000] {logging_mixin.py:188} INFO - [2024-05-20T08:43:28.011+0000] {dagbag.py:545} INFO - Filling up the DagBag from /home/airflow/.local/lib/python3.12/site-packages/airflow/example_dags/example_nested_branch_dag.py
[2024-05-20T08:43:28.023+0000] {processor.py:840} INFO - DAG(s) 'example_nested_branch_dag' retrieved from /home/airflow/.local/lib/python3.12/site-packages/airflow/example_dags/example_nested_branch_dag.py
[2024-05-20T08:43:28.051+0000] {logging_mixin.py:188} INFO - [2024-05-20T08:43:28.051+0000] {dag.py:3096} INFO - Sync 1 DAGs
[2024-05-20T08:43:28.077+0000] {logging_mixin.py:188} INFO - [2024-05-20T08:43:28.077+0000] {dag.py:3954} INFO - Setting next_dagrun for example_nested_branch_dag to 2024-05-19 00:00:00+00:00, run_after=2024-05-20 00:00:00+00:00
[2024-05-20T08:43:28.103+0000] {processor.py:183} INFO - Processing /home/airflow/.local/lib/python3.12/site-packages/airflow/example_dags/example_nested_branch_dag.py took 0.101 seconds
[2024-05-20T08:43:58.573+0000] {processor.py:161} INFO - Started process (PID=1642) to work on /home/airflow/.local/lib/python3.12/site-packages/airflow/example_dags/example_nested_branch_dag.py
[2024-05-20T08:43:58.575+0000] {processor.py:830} INFO - Processing file /home/airflow/.local/lib/python3.12/site-packages/airflow/example_dags/example_nested_branch_dag.py for tasks to queue
[2024-05-20T08:43:58.576+0000] {logging_mixin.py:188} INFO - [2024-05-20T08:43:58.576+0000] {dagbag.py:545} INFO - Filling up the DagBag from /home/airflow/.local/lib/python3.12/site-packages/airflow/example_dags/example_nested_branch_dag.py
[2024-05-20T08:43:58.590+0000] {processor.py:840} INFO - DAG(s) 'example_nested_branch_dag' retrieved from /home/airflow/.local/lib/python3.12/site-packages/airflow/example_dags/example_nested_branch_dag.py
[2024-05-20T08:43:58.611+0000] {logging_mixin.py:188} INFO - [2024-05-20T08:43:58.610+0000] {dag.py:3096} INFO - Sync 1 DAGs
[2024-05-20T08:43:58.632+0000] {logging_mixin.py:188} INFO - [2024-05-20T08:43:58.631+0000] {dag.py:3954} INFO - Setting next_dagrun for example_nested_branch_dag to 2024-05-19 00:00:00+00:00, run_after=2024-05-20 00:00:00+00:00
[2024-05-20T08:43:58.654+0000] {processor.py:183} INFO - Processing /home/airflow/.local/lib/python3.12/site-packages/airflow/example_dags/example_nested_branch_dag.py took 0.086 seconds
[2024-05-20T08:44:29.001+0000] {processor.py:161} INFO - Started process (PID=1703) to work on /home/airflow/.local/lib/python3.12/site-packages/airflow/example_dags/example_nested_branch_dag.py
[2024-05-20T08:44:29.003+0000] {processor.py:830} INFO - Processing file /home/airflow/.local/lib/python3.12/site-packages/airflow/example_dags/example_nested_branch_dag.py for tasks to queue
[2024-05-20T08:44:29.005+0000] {logging_mixin.py:188} INFO - [2024-05-20T08:44:29.004+0000] {dagbag.py:545} INFO - Filling up the DagBag from /home/airflow/.local/lib/python3.12/site-packages/airflow/example_dags/example_nested_branch_dag.py
[2024-05-20T08:44:29.022+0000] {processor.py:840} INFO - DAG(s) 'example_nested_branch_dag' retrieved from /home/airflow/.local/lib/python3.12/site-packages/airflow/example_dags/example_nested_branch_dag.py
[2024-05-20T08:44:29.057+0000] {logging_mixin.py:188} INFO - [2024-05-20T08:44:29.057+0000] {dag.py:3096} INFO - Sync 1 DAGs
[2024-05-20T08:44:29.101+0000] {logging_mixin.py:188} INFO - [2024-05-20T08:44:29.100+0000] {dag.py:3954} INFO - Setting next_dagrun for example_nested_branch_dag to 2024-05-19 00:00:00+00:00, run_after=2024-05-20 00:00:00+00:00
[2024-05-20T08:44:29.155+0000] {processor.py:183} INFO - Processing /home/airflow/.local/lib/python3.12/site-packages/airflow/example_dags/example_nested_branch_dag.py took 0.165 seconds
[2024-05-20T08:44:59.527+0000] {processor.py:161} INFO - Started process (PID=1764) to work on /home/airflow/.local/lib/python3.12/site-packages/airflow/example_dags/example_nested_branch_dag.py
[2024-05-20T08:44:59.528+0000] {processor.py:830} INFO - Processing file /home/airflow/.local/lib/python3.12/site-packages/airflow/example_dags/example_nested_branch_dag.py for tasks to queue
[2024-05-20T08:44:59.529+0000] {logging_mixin.py:188} INFO - [2024-05-20T08:44:59.529+0000] {dagbag.py:545} INFO - Filling up the DagBag from /home/airflow/.local/lib/python3.12/site-packages/airflow/example_dags/example_nested_branch_dag.py
[2024-05-20T08:44:59.540+0000] {processor.py:840} INFO - DAG(s) 'example_nested_branch_dag' retrieved from /home/airflow/.local/lib/python3.12/site-packages/airflow/example_dags/example_nested_branch_dag.py
[2024-05-20T08:44:59.564+0000] {logging_mixin.py:188} INFO - [2024-05-20T08:44:59.564+0000] {dag.py:3096} INFO - Sync 1 DAGs
[2024-05-20T08:44:59.588+0000] {logging_mixin.py:188} INFO - [2024-05-20T08:44:59.588+0000] {dag.py:3954} INFO - Setting next_dagrun for example_nested_branch_dag to 2024-05-19 00:00:00+00:00, run_after=2024-05-20 00:00:00+00:00
[2024-05-20T08:44:59.614+0000] {processor.py:183} INFO - Processing /home/airflow/.local/lib/python3.12/site-packages/airflow/example_dags/example_nested_branch_dag.py took 0.092 seconds
[2024-05-20T08:45:29.920+0000] {processor.py:161} INFO - Started process (PID=1827) to work on /home/airflow/.local/lib/python3.12/site-packages/airflow/example_dags/example_nested_branch_dag.py
[2024-05-20T08:45:29.922+0000] {processor.py:830} INFO - Processing file /home/airflow/.local/lib/python3.12/site-packages/airflow/example_dags/example_nested_branch_dag.py for tasks to queue
[2024-05-20T08:45:29.924+0000] {logging_mixin.py:188} INFO - [2024-05-20T08:45:29.923+0000] {dagbag.py:545} INFO - Filling up the DagBag from /home/airflow/.local/lib/python3.12/site-packages/airflow/example_dags/example_nested_branch_dag.py
[2024-05-20T08:45:29.944+0000] {processor.py:840} INFO - DAG(s) 'example_nested_branch_dag' retrieved from /home/airflow/.local/lib/python3.12/site-packages/airflow/example_dags/example_nested_branch_dag.py
[2024-05-20T08:45:29.976+0000] {logging_mixin.py:188} INFO - [2024-05-20T08:45:29.976+0000] {dag.py:3096} INFO - Sync 1 DAGs
[2024-05-20T08:45:30.012+0000] {logging_mixin.py:188} INFO - [2024-05-20T08:45:30.011+0000] {dag.py:3954} INFO - Setting next_dagrun for example_nested_branch_dag to 2024-05-19 00:00:00+00:00, run_after=2024-05-20 00:00:00+00:00
[2024-05-20T08:45:30.044+0000] {processor.py:183} INFO - Processing /home/airflow/.local/lib/python3.12/site-packages/airflow/example_dags/example_nested_branch_dag.py took 0.134 seconds
[2024-05-20T08:46:00.491+0000] {processor.py:161} INFO - Started process (PID=1891) to work on /home/airflow/.local/lib/python3.12/site-packages/airflow/example_dags/example_nested_branch_dag.py
[2024-05-20T08:46:00.493+0000] {processor.py:830} INFO - Processing file /home/airflow/.local/lib/python3.12/site-packages/airflow/example_dags/example_nested_branch_dag.py for tasks to queue
[2024-05-20T08:46:00.494+0000] {logging_mixin.py:188} INFO - [2024-05-20T08:46:00.494+0000] {dagbag.py:545} INFO - Filling up the DagBag from /home/airflow/.local/lib/python3.12/site-packages/airflow/example_dags/example_nested_branch_dag.py
[2024-05-20T08:46:00.512+0000] {processor.py:840} INFO - DAG(s) 'example_nested_branch_dag' retrieved from /home/airflow/.local/lib/python3.12/site-packages/airflow/example_dags/example_nested_branch_dag.py
[2024-05-20T08:46:00.542+0000] {logging_mixin.py:188} INFO - [2024-05-20T08:46:00.542+0000] {dag.py:3096} INFO - Sync 1 DAGs
[2024-05-20T08:46:00.573+0000] {logging_mixin.py:188} INFO - [2024-05-20T08:46:00.573+0000] {dag.py:3954} INFO - Setting next_dagrun for example_nested_branch_dag to 2024-05-19 00:00:00+00:00, run_after=2024-05-20 00:00:00+00:00
[2024-05-20T08:46:00.601+0000] {processor.py:183} INFO - Processing /home/airflow/.local/lib/python3.12/site-packages/airflow/example_dags/example_nested_branch_dag.py took 0.118 seconds
[2024-05-20T08:46:31.166+0000] {processor.py:161} INFO - Started process (PID=1955) to work on /home/airflow/.local/lib/python3.12/site-packages/airflow/example_dags/example_nested_branch_dag.py
[2024-05-20T08:46:31.167+0000] {processor.py:830} INFO - Processing file /home/airflow/.local/lib/python3.12/site-packages/airflow/example_dags/example_nested_branch_dag.py for tasks to queue
[2024-05-20T08:46:31.168+0000] {logging_mixin.py:188} INFO - [2024-05-20T08:46:31.168+0000] {dagbag.py:545} INFO - Filling up the DagBag from /home/airflow/.local/lib/python3.12/site-packages/airflow/example_dags/example_nested_branch_dag.py
[2024-05-20T08:46:31.179+0000] {processor.py:840} INFO - DAG(s) 'example_nested_branch_dag' retrieved from /home/airflow/.local/lib/python3.12/site-packages/airflow/example_dags/example_nested_branch_dag.py
[2024-05-20T08:46:31.202+0000] {logging_mixin.py:188} INFO - [2024-05-20T08:46:31.202+0000] {dag.py:3096} INFO - Sync 1 DAGs
[2024-05-20T08:46:31.232+0000] {logging_mixin.py:188} INFO - [2024-05-20T08:46:31.232+0000] {dag.py:3954} INFO - Setting next_dagrun for example_nested_branch_dag to 2024-05-19 00:00:00+00:00, run_after=2024-05-20 00:00:00+00:00
[2024-05-20T08:46:31.253+0000] {processor.py:183} INFO - Processing /home/airflow/.local/lib/python3.12/site-packages/airflow/example_dags/example_nested_branch_dag.py took 0.094 seconds
[2024-05-20T08:47:02.074+0000] {processor.py:161} INFO - Started process (PID=2017) to work on /home/airflow/.local/lib/python3.12/site-packages/airflow/example_dags/example_nested_branch_dag.py
[2024-05-20T08:47:02.075+0000] {processor.py:830} INFO - Processing file /home/airflow/.local/lib/python3.12/site-packages/airflow/example_dags/example_nested_branch_dag.py for tasks to queue
[2024-05-20T08:47:02.076+0000] {logging_mixin.py:188} INFO - [2024-05-20T08:47:02.076+0000] {dagbag.py:545} INFO - Filling up the DagBag from /home/airflow/.local/lib/python3.12/site-packages/airflow/example_dags/example_nested_branch_dag.py
[2024-05-20T08:47:02.090+0000] {processor.py:840} INFO - DAG(s) 'example_nested_branch_dag' retrieved from /home/airflow/.local/lib/python3.12/site-packages/airflow/example_dags/example_nested_branch_dag.py
[2024-05-20T08:47:02.112+0000] {logging_mixin.py:188} INFO - [2024-05-20T08:47:02.112+0000] {dag.py:3096} INFO - Sync 1 DAGs
[2024-05-20T08:47:02.135+0000] {logging_mixin.py:188} INFO - [2024-05-20T08:47:02.135+0000] {dag.py:3954} INFO - Setting next_dagrun for example_nested_branch_dag to 2024-05-19 00:00:00+00:00, run_after=2024-05-20 00:00:00+00:00
[2024-05-20T08:47:02.154+0000] {processor.py:183} INFO - Processing /home/airflow/.local/lib/python3.12/site-packages/airflow/example_dags/example_nested_branch_dag.py took 0.086 seconds
[2024-05-20T08:47:32.677+0000] {processor.py:161} INFO - Started process (PID=2078) to work on /home/airflow/.local/lib/python3.12/site-packages/airflow/example_dags/example_nested_branch_dag.py
[2024-05-20T08:47:32.678+0000] {processor.py:830} INFO - Processing file /home/airflow/.local/lib/python3.12/site-packages/airflow/example_dags/example_nested_branch_dag.py for tasks to queue
[2024-05-20T08:47:32.680+0000] {logging_mixin.py:188} INFO - [2024-05-20T08:47:32.679+0000] {dagbag.py:545} INFO - Filling up the DagBag from /home/airflow/.local/lib/python3.12/site-packages/airflow/example_dags/example_nested_branch_dag.py
[2024-05-20T08:47:32.691+0000] {processor.py:840} INFO - DAG(s) 'example_nested_branch_dag' retrieved from /home/airflow/.local/lib/python3.12/site-packages/airflow/example_dags/example_nested_branch_dag.py
[2024-05-20T08:47:32.717+0000] {logging_mixin.py:188} INFO - [2024-05-20T08:47:32.717+0000] {dag.py:3096} INFO - Sync 1 DAGs
[2024-05-20T08:47:32.741+0000] {logging_mixin.py:188} INFO - [2024-05-20T08:47:32.741+0000] {dag.py:3954} INFO - Setting next_dagrun for example_nested_branch_dag to 2024-05-19 00:00:00+00:00, run_after=2024-05-20 00:00:00+00:00
[2024-05-20T08:47:32.838+0000] {processor.py:183} INFO - Processing /home/airflow/.local/lib/python3.12/site-packages/airflow/example_dags/example_nested_branch_dag.py took 0.168 seconds
[2024-05-20T08:48:03.257+0000] {processor.py:161} INFO - Started process (PID=2139) to work on /home/airflow/.local/lib/python3.12/site-packages/airflow/example_dags/example_nested_branch_dag.py
[2024-05-20T08:48:03.258+0000] {processor.py:830} INFO - Processing file /home/airflow/.local/lib/python3.12/site-packages/airflow/example_dags/example_nested_branch_dag.py for tasks to queue
[2024-05-20T08:48:03.260+0000] {logging_mixin.py:188} INFO - [2024-05-20T08:48:03.259+0000] {dagbag.py:545} INFO - Filling up the DagBag from /home/airflow/.local/lib/python3.12/site-packages/airflow/example_dags/example_nested_branch_dag.py
[2024-05-20T08:48:03.272+0000] {processor.py:840} INFO - DAG(s) 'example_nested_branch_dag' retrieved from /home/airflow/.local/lib/python3.12/site-packages/airflow/example_dags/example_nested_branch_dag.py
[2024-05-20T08:48:03.301+0000] {logging_mixin.py:188} INFO - [2024-05-20T08:48:03.300+0000] {dag.py:3096} INFO - Sync 1 DAGs
[2024-05-20T08:48:03.333+0000] {logging_mixin.py:188} INFO - [2024-05-20T08:48:03.333+0000] {dag.py:3954} INFO - Setting next_dagrun for example_nested_branch_dag to 2024-05-19 00:00:00+00:00, run_after=2024-05-20 00:00:00+00:00
[2024-05-20T08:48:03.405+0000] {processor.py:183} INFO - Processing /home/airflow/.local/lib/python3.12/site-packages/airflow/example_dags/example_nested_branch_dag.py took 0.155 seconds
[2024-05-20T08:48:33.598+0000] {processor.py:161} INFO - Started process (PID=2200) to work on /home/airflow/.local/lib/python3.12/site-packages/airflow/example_dags/example_nested_branch_dag.py
[2024-05-20T08:48:33.599+0000] {processor.py:830} INFO - Processing file /home/airflow/.local/lib/python3.12/site-packages/airflow/example_dags/example_nested_branch_dag.py for tasks to queue
[2024-05-20T08:48:33.600+0000] {logging_mixin.py:188} INFO - [2024-05-20T08:48:33.600+0000] {dagbag.py:545} INFO - Filling up the DagBag from /home/airflow/.local/lib/python3.12/site-packages/airflow/example_dags/example_nested_branch_dag.py
[2024-05-20T08:48:33.610+0000] {processor.py:840} INFO - DAG(s) 'example_nested_branch_dag' retrieved from /home/airflow/.local/lib/python3.12/site-packages/airflow/example_dags/example_nested_branch_dag.py
[2024-05-20T08:48:33.634+0000] {logging_mixin.py:188} INFO - [2024-05-20T08:48:33.634+0000] {dag.py:3096} INFO - Sync 1 DAGs
[2024-05-20T08:48:33.668+0000] {logging_mixin.py:188} INFO - [2024-05-20T08:48:33.668+0000] {dag.py:3954} INFO - Setting next_dagrun for example_nested_branch_dag to 2024-05-19 00:00:00+00:00, run_after=2024-05-20 00:00:00+00:00
[2024-05-20T08:48:33.700+0000] {processor.py:183} INFO - Processing /home/airflow/.local/lib/python3.12/site-packages/airflow/example_dags/example_nested_branch_dag.py took 0.108 seconds
[2024-05-20T08:49:03.838+0000] {processor.py:161} INFO - Started process (PID=2261) to work on /home/airflow/.local/lib/python3.12/site-packages/airflow/example_dags/example_nested_branch_dag.py
[2024-05-20T08:49:03.840+0000] {processor.py:830} INFO - Processing file /home/airflow/.local/lib/python3.12/site-packages/airflow/example_dags/example_nested_branch_dag.py for tasks to queue
[2024-05-20T08:49:03.840+0000] {logging_mixin.py:188} INFO - [2024-05-20T08:49:03.840+0000] {dagbag.py:545} INFO - Filling up the DagBag from /home/airflow/.local/lib/python3.12/site-packages/airflow/example_dags/example_nested_branch_dag.py
[2024-05-20T08:49:03.849+0000] {processor.py:840} INFO - DAG(s) 'example_nested_branch_dag' retrieved from /home/airflow/.local/lib/python3.12/site-packages/airflow/example_dags/example_nested_branch_dag.py
[2024-05-20T08:49:03.873+0000] {logging_mixin.py:188} INFO - [2024-05-20T08:49:03.873+0000] {dag.py:3096} INFO - Sync 1 DAGs
[2024-05-20T08:49:03.897+0000] {logging_mixin.py:188} INFO - [2024-05-20T08:49:03.896+0000] {dag.py:3954} INFO - Setting next_dagrun for example_nested_branch_dag to 2024-05-19 00:00:00+00:00, run_after=2024-05-20 00:00:00+00:00
[2024-05-20T08:49:03.919+0000] {processor.py:183} INFO - Processing /home/airflow/.local/lib/python3.12/site-packages/airflow/example_dags/example_nested_branch_dag.py took 0.086 seconds
[2024-05-20T08:49:34.179+0000] {processor.py:161} INFO - Started process (PID=2322) to work on /home/airflow/.local/lib/python3.12/site-packages/airflow/example_dags/example_nested_branch_dag.py
[2024-05-20T08:49:34.180+0000] {processor.py:830} INFO - Processing file /home/airflow/.local/lib/python3.12/site-packages/airflow/example_dags/example_nested_branch_dag.py for tasks to queue
[2024-05-20T08:49:34.182+0000] {logging_mixin.py:188} INFO - [2024-05-20T08:49:34.181+0000] {dagbag.py:545} INFO - Filling up the DagBag from /home/airflow/.local/lib/python3.12/site-packages/airflow/example_dags/example_nested_branch_dag.py
[2024-05-20T08:49:34.195+0000] {processor.py:840} INFO - DAG(s) 'example_nested_branch_dag' retrieved from /home/airflow/.local/lib/python3.12/site-packages/airflow/example_dags/example_nested_branch_dag.py
[2024-05-20T08:49:34.220+0000] {logging_mixin.py:188} INFO - [2024-05-20T08:49:34.219+0000] {dag.py:3096} INFO - Sync 1 DAGs
[2024-05-20T08:49:34.244+0000] {logging_mixin.py:188} INFO - [2024-05-20T08:49:34.244+0000] {dag.py:3954} INFO - Setting next_dagrun for example_nested_branch_dag to 2024-05-19 00:00:00+00:00, run_after=2024-05-20 00:00:00+00:00
[2024-05-20T08:49:34.262+0000] {processor.py:183} INFO - Processing /home/airflow/.local/lib/python3.12/site-packages/airflow/example_dags/example_nested_branch_dag.py took 0.089 seconds
[2024-05-20T08:50:04.658+0000] {processor.py:161} INFO - Started process (PID=2383) to work on /home/airflow/.local/lib/python3.12/site-packages/airflow/example_dags/example_nested_branch_dag.py
[2024-05-20T08:50:04.659+0000] {processor.py:830} INFO - Processing file /home/airflow/.local/lib/python3.12/site-packages/airflow/example_dags/example_nested_branch_dag.py for tasks to queue
[2024-05-20T08:50:04.661+0000] {logging_mixin.py:188} INFO - [2024-05-20T08:50:04.660+0000] {dagbag.py:545} INFO - Filling up the DagBag from /home/airflow/.local/lib/python3.12/site-packages/airflow/example_dags/example_nested_branch_dag.py
[2024-05-20T08:50:04.676+0000] {processor.py:840} INFO - DAG(s) 'example_nested_branch_dag' retrieved from /home/airflow/.local/lib/python3.12/site-packages/airflow/example_dags/example_nested_branch_dag.py
[2024-05-20T08:50:04.717+0000] {logging_mixin.py:188} INFO - [2024-05-20T08:50:04.716+0000] {dag.py:3096} INFO - Sync 1 DAGs
[2024-05-20T08:50:04.793+0000] {logging_mixin.py:188} INFO - [2024-05-20T08:50:04.793+0000] {dag.py:3954} INFO - Setting next_dagrun for example_nested_branch_dag to 2024-05-19 00:00:00+00:00, run_after=2024-05-20 00:00:00+00:00
[2024-05-20T08:50:04.833+0000] {processor.py:183} INFO - Processing /home/airflow/.local/lib/python3.12/site-packages/airflow/example_dags/example_nested_branch_dag.py took 0.185 seconds
[2024-05-20T08:50:34.957+0000] {processor.py:161} INFO - Started process (PID=2445) to work on /home/airflow/.local/lib/python3.12/site-packages/airflow/example_dags/example_nested_branch_dag.py
[2024-05-20T08:50:34.959+0000] {processor.py:830} INFO - Processing file /home/airflow/.local/lib/python3.12/site-packages/airflow/example_dags/example_nested_branch_dag.py for tasks to queue
[2024-05-20T08:50:34.960+0000] {logging_mixin.py:188} INFO - [2024-05-20T08:50:34.960+0000] {dagbag.py:545} INFO - Filling up the DagBag from /home/airflow/.local/lib/python3.12/site-packages/airflow/example_dags/example_nested_branch_dag.py
[2024-05-20T08:50:34.977+0000] {processor.py:840} INFO - DAG(s) 'example_nested_branch_dag' retrieved from /home/airflow/.local/lib/python3.12/site-packages/airflow/example_dags/example_nested_branch_dag.py
[2024-05-20T08:50:35.010+0000] {logging_mixin.py:188} INFO - [2024-05-20T08:50:35.010+0000] {dag.py:3096} INFO - Sync 1 DAGs
[2024-05-20T08:50:35.053+0000] {logging_mixin.py:188} INFO - [2024-05-20T08:50:35.052+0000] {dag.py:3954} INFO - Setting next_dagrun for example_nested_branch_dag to 2024-05-19 00:00:00+00:00, run_after=2024-05-20 00:00:00+00:00
[2024-05-20T08:50:35.081+0000] {processor.py:183} INFO - Processing /home/airflow/.local/lib/python3.12/site-packages/airflow/example_dags/example_nested_branch_dag.py took 0.131 seconds
[2024-05-20T08:51:05.136+0000] {processor.py:161} INFO - Started process (PID=2507) to work on /home/airflow/.local/lib/python3.12/site-packages/airflow/example_dags/example_nested_branch_dag.py
[2024-05-20T08:51:05.138+0000] {processor.py:830} INFO - Processing file /home/airflow/.local/lib/python3.12/site-packages/airflow/example_dags/example_nested_branch_dag.py for tasks to queue
[2024-05-20T08:51:05.139+0000] {logging_mixin.py:188} INFO - [2024-05-20T08:51:05.138+0000] {dagbag.py:545} INFO - Filling up the DagBag from /home/airflow/.local/lib/python3.12/site-packages/airflow/example_dags/example_nested_branch_dag.py
[2024-05-20T08:51:05.154+0000] {processor.py:840} INFO - DAG(s) 'example_nested_branch_dag' retrieved from /home/airflow/.local/lib/python3.12/site-packages/airflow/example_dags/example_nested_branch_dag.py
[2024-05-20T08:51:05.179+0000] {logging_mixin.py:188} INFO - [2024-05-20T08:51:05.178+0000] {dag.py:3096} INFO - Sync 1 DAGs
[2024-05-20T08:51:05.208+0000] {logging_mixin.py:188} INFO - [2024-05-20T08:51:05.207+0000] {dag.py:3954} INFO - Setting next_dagrun for example_nested_branch_dag to 2024-05-19 00:00:00+00:00, run_after=2024-05-20 00:00:00+00:00
[2024-05-20T08:51:05.232+0000] {processor.py:183} INFO - Processing /home/airflow/.local/lib/python3.12/site-packages/airflow/example_dags/example_nested_branch_dag.py took 0.103 seconds
[2024-05-20T08:51:36.022+0000] {processor.py:161} INFO - Started process (PID=2569) to work on /home/airflow/.local/lib/python3.12/site-packages/airflow/example_dags/example_nested_branch_dag.py
[2024-05-20T08:51:36.023+0000] {processor.py:830} INFO - Processing file /home/airflow/.local/lib/python3.12/site-packages/airflow/example_dags/example_nested_branch_dag.py for tasks to queue
[2024-05-20T08:51:36.024+0000] {logging_mixin.py:188} INFO - [2024-05-20T08:51:36.024+0000] {dagbag.py:545} INFO - Filling up the DagBag from /home/airflow/.local/lib/python3.12/site-packages/airflow/example_dags/example_nested_branch_dag.py
[2024-05-20T08:51:36.036+0000] {processor.py:840} INFO - DAG(s) 'example_nested_branch_dag' retrieved from /home/airflow/.local/lib/python3.12/site-packages/airflow/example_dags/example_nested_branch_dag.py
[2024-05-20T08:51:36.064+0000] {logging_mixin.py:188} INFO - [2024-05-20T08:51:36.064+0000] {dag.py:3096} INFO - Sync 1 DAGs
[2024-05-20T08:51:36.093+0000] {logging_mixin.py:188} INFO - [2024-05-20T08:51:36.092+0000] {dag.py:3954} INFO - Setting next_dagrun for example_nested_branch_dag to 2024-05-19 00:00:00+00:00, run_after=2024-05-20 00:00:00+00:00
[2024-05-20T08:51:36.121+0000] {processor.py:183} INFO - Processing /home/airflow/.local/lib/python3.12/site-packages/airflow/example_dags/example_nested_branch_dag.py took 0.107 seconds
[2024-05-20T08:52:06.291+0000] {processor.py:161} INFO - Started process (PID=2632) to work on /home/airflow/.local/lib/python3.12/site-packages/airflow/example_dags/example_nested_branch_dag.py
[2024-05-20T08:52:06.293+0000] {processor.py:830} INFO - Processing file /home/airflow/.local/lib/python3.12/site-packages/airflow/example_dags/example_nested_branch_dag.py for tasks to queue
[2024-05-20T08:52:06.294+0000] {logging_mixin.py:188} INFO - [2024-05-20T08:52:06.294+0000] {dagbag.py:545} INFO - Filling up the DagBag from /home/airflow/.local/lib/python3.12/site-packages/airflow/example_dags/example_nested_branch_dag.py
[2024-05-20T08:52:06.303+0000] {processor.py:840} INFO - DAG(s) 'example_nested_branch_dag' retrieved from /home/airflow/.local/lib/python3.12/site-packages/airflow/example_dags/example_nested_branch_dag.py
[2024-05-20T08:52:06.326+0000] {logging_mixin.py:188} INFO - [2024-05-20T08:52:06.325+0000] {dag.py:3096} INFO - Sync 1 DAGs
[2024-05-20T08:52:06.348+0000] {logging_mixin.py:188} INFO - [2024-05-20T08:52:06.348+0000] {dag.py:3954} INFO - Setting next_dagrun for example_nested_branch_dag to 2024-05-19 00:00:00+00:00, run_after=2024-05-20 00:00:00+00:00
[2024-05-20T08:52:06.371+0000] {processor.py:183} INFO - Processing /home/airflow/.local/lib/python3.12/site-packages/airflow/example_dags/example_nested_branch_dag.py took 0.086 seconds
[2024-05-20T08:52:36.650+0000] {processor.py:161} INFO - Started process (PID=2694) to work on /home/airflow/.local/lib/python3.12/site-packages/airflow/example_dags/example_nested_branch_dag.py
[2024-05-20T08:52:36.651+0000] {processor.py:830} INFO - Processing file /home/airflow/.local/lib/python3.12/site-packages/airflow/example_dags/example_nested_branch_dag.py for tasks to queue
[2024-05-20T08:52:36.652+0000] {logging_mixin.py:188} INFO - [2024-05-20T08:52:36.651+0000] {dagbag.py:545} INFO - Filling up the DagBag from /home/airflow/.local/lib/python3.12/site-packages/airflow/example_dags/example_nested_branch_dag.py
[2024-05-20T08:52:36.661+0000] {processor.py:840} INFO - DAG(s) 'example_nested_branch_dag' retrieved from /home/airflow/.local/lib/python3.12/site-packages/airflow/example_dags/example_nested_branch_dag.py
[2024-05-20T08:52:36.687+0000] {logging_mixin.py:188} INFO - [2024-05-20T08:52:36.687+0000] {dag.py:3096} INFO - Sync 1 DAGs
[2024-05-20T08:52:36.719+0000] {logging_mixin.py:188} INFO - [2024-05-20T08:52:36.719+0000] {dag.py:3954} INFO - Setting next_dagrun for example_nested_branch_dag to 2024-05-19 00:00:00+00:00, run_after=2024-05-20 00:00:00+00:00
[2024-05-20T08:52:36.741+0000] {processor.py:183} INFO - Processing /home/airflow/.local/lib/python3.12/site-packages/airflow/example_dags/example_nested_branch_dag.py took 0.097 seconds
[2024-05-20T08:53:06.878+0000] {processor.py:161} INFO - Started process (PID=2756) to work on /home/airflow/.local/lib/python3.12/site-packages/airflow/example_dags/example_nested_branch_dag.py
[2024-05-20T08:53:06.879+0000] {processor.py:830} INFO - Processing file /home/airflow/.local/lib/python3.12/site-packages/airflow/example_dags/example_nested_branch_dag.py for tasks to queue
[2024-05-20T08:53:06.881+0000] {logging_mixin.py:188} INFO - [2024-05-20T08:53:06.880+0000] {dagbag.py:545} INFO - Filling up the DagBag from /home/airflow/.local/lib/python3.12/site-packages/airflow/example_dags/example_nested_branch_dag.py
[2024-05-20T08:53:06.892+0000] {processor.py:840} INFO - DAG(s) 'example_nested_branch_dag' retrieved from /home/airflow/.local/lib/python3.12/site-packages/airflow/example_dags/example_nested_branch_dag.py
[2024-05-20T08:53:06.914+0000] {logging_mixin.py:188} INFO - [2024-05-20T08:53:06.914+0000] {dag.py:3096} INFO - Sync 1 DAGs
[2024-05-20T08:53:06.942+0000] {logging_mixin.py:188} INFO - [2024-05-20T08:53:06.942+0000] {dag.py:3954} INFO - Setting next_dagrun for example_nested_branch_dag to 2024-05-19 00:00:00+00:00, run_after=2024-05-20 00:00:00+00:00
[2024-05-20T08:53:06.968+0000] {processor.py:183} INFO - Processing /home/airflow/.local/lib/python3.12/site-packages/airflow/example_dags/example_nested_branch_dag.py took 0.095 seconds
[2024-05-20T08:53:37.116+0000] {processor.py:161} INFO - Started process (PID=2822) to work on /home/airflow/.local/lib/python3.12/site-packages/airflow/example_dags/example_nested_branch_dag.py
[2024-05-20T08:53:37.118+0000] {processor.py:830} INFO - Processing file /home/airflow/.local/lib/python3.12/site-packages/airflow/example_dags/example_nested_branch_dag.py for tasks to queue
[2024-05-20T08:53:37.119+0000] {logging_mixin.py:188} INFO - [2024-05-20T08:53:37.119+0000] {dagbag.py:545} INFO - Filling up the DagBag from /home/airflow/.local/lib/python3.12/site-packages/airflow/example_dags/example_nested_branch_dag.py
[2024-05-20T08:53:37.130+0000] {processor.py:840} INFO - DAG(s) 'example_nested_branch_dag' retrieved from /home/airflow/.local/lib/python3.12/site-packages/airflow/example_dags/example_nested_branch_dag.py
[2024-05-20T08:53:37.154+0000] {logging_mixin.py:188} INFO - [2024-05-20T08:53:37.153+0000] {dag.py:3096} INFO - Sync 1 DAGs
[2024-05-20T08:53:37.176+0000] {logging_mixin.py:188} INFO - [2024-05-20T08:53:37.176+0000] {dag.py:3954} INFO - Setting next_dagrun for example_nested_branch_dag to 2024-05-19 00:00:00+00:00, run_after=2024-05-20 00:00:00+00:00
[2024-05-20T08:53:37.199+0000] {processor.py:183} INFO - Processing /home/airflow/.local/lib/python3.12/site-packages/airflow/example_dags/example_nested_branch_dag.py took 0.089 seconds
[2024-05-20T08:54:07.270+0000] {processor.py:161} INFO - Started process (PID=2884) to work on /home/airflow/.local/lib/python3.12/site-packages/airflow/example_dags/example_nested_branch_dag.py
[2024-05-20T08:54:07.271+0000] {processor.py:830} INFO - Processing file /home/airflow/.local/lib/python3.12/site-packages/airflow/example_dags/example_nested_branch_dag.py for tasks to queue
[2024-05-20T08:54:07.272+0000] {logging_mixin.py:188} INFO - [2024-05-20T08:54:07.272+0000] {dagbag.py:545} INFO - Filling up the DagBag from /home/airflow/.local/lib/python3.12/site-packages/airflow/example_dags/example_nested_branch_dag.py
[2024-05-20T08:54:07.281+0000] {processor.py:840} INFO - DAG(s) 'example_nested_branch_dag' retrieved from /home/airflow/.local/lib/python3.12/site-packages/airflow/example_dags/example_nested_branch_dag.py
[2024-05-20T08:54:07.305+0000] {logging_mixin.py:188} INFO - [2024-05-20T08:54:07.305+0000] {dag.py:3096} INFO - Sync 1 DAGs
[2024-05-20T08:54:07.330+0000] {logging_mixin.py:188} INFO - [2024-05-20T08:54:07.330+0000] {dag.py:3954} INFO - Setting next_dagrun for example_nested_branch_dag to 2024-05-19 00:00:00+00:00, run_after=2024-05-20 00:00:00+00:00
[2024-05-20T08:54:07.351+0000] {processor.py:183} INFO - Processing /home/airflow/.local/lib/python3.12/site-packages/airflow/example_dags/example_nested_branch_dag.py took 0.087 seconds
[2024-05-20T08:54:37.943+0000] {processor.py:161} INFO - Started process (PID=2946) to work on /home/airflow/.local/lib/python3.12/site-packages/airflow/example_dags/example_nested_branch_dag.py
[2024-05-20T08:54:37.944+0000] {processor.py:830} INFO - Processing file /home/airflow/.local/lib/python3.12/site-packages/airflow/example_dags/example_nested_branch_dag.py for tasks to queue
[2024-05-20T08:54:37.945+0000] {logging_mixin.py:188} INFO - [2024-05-20T08:54:37.945+0000] {dagbag.py:545} INFO - Filling up the DagBag from /home/airflow/.local/lib/python3.12/site-packages/airflow/example_dags/example_nested_branch_dag.py
[2024-05-20T08:54:37.954+0000] {processor.py:840} INFO - DAG(s) 'example_nested_branch_dag' retrieved from /home/airflow/.local/lib/python3.12/site-packages/airflow/example_dags/example_nested_branch_dag.py
[2024-05-20T08:54:37.977+0000] {logging_mixin.py:188} INFO - [2024-05-20T08:54:37.976+0000] {dag.py:3096} INFO - Sync 1 DAGs
[2024-05-20T08:54:37.999+0000] {logging_mixin.py:188} INFO - [2024-05-20T08:54:37.999+0000] {dag.py:3954} INFO - Setting next_dagrun for example_nested_branch_dag to 2024-05-19 00:00:00+00:00, run_after=2024-05-20 00:00:00+00:00
[2024-05-20T08:54:38.019+0000] {processor.py:183} INFO - Processing /home/airflow/.local/lib/python3.12/site-packages/airflow/example_dags/example_nested_branch_dag.py took 0.084 seconds
[2024-05-20T08:55:08.151+0000] {processor.py:161} INFO - Started process (PID=3012) to work on /home/airflow/.local/lib/python3.12/site-packages/airflow/example_dags/example_nested_branch_dag.py
[2024-05-20T08:55:08.153+0000] {processor.py:830} INFO - Processing file /home/airflow/.local/lib/python3.12/site-packages/airflow/example_dags/example_nested_branch_dag.py for tasks to queue
[2024-05-20T08:55:08.154+0000] {logging_mixin.py:188} INFO - [2024-05-20T08:55:08.153+0000] {dagbag.py:545} INFO - Filling up the DagBag from /home/airflow/.local/lib/python3.12/site-packages/airflow/example_dags/example_nested_branch_dag.py
[2024-05-20T08:55:08.163+0000] {processor.py:840} INFO - DAG(s) 'example_nested_branch_dag' retrieved from /home/airflow/.local/lib/python3.12/site-packages/airflow/example_dags/example_nested_branch_dag.py
[2024-05-20T08:55:08.190+0000] {logging_mixin.py:188} INFO - [2024-05-20T08:55:08.189+0000] {dag.py:3096} INFO - Sync 1 DAGs
[2024-05-20T08:55:08.215+0000] {logging_mixin.py:188} INFO - [2024-05-20T08:55:08.214+0000] {dag.py:3954} INFO - Setting next_dagrun for example_nested_branch_dag to 2024-05-19 00:00:00+00:00, run_after=2024-05-20 00:00:00+00:00
[2024-05-20T08:55:08.238+0000] {processor.py:183} INFO - Processing /home/airflow/.local/lib/python3.12/site-packages/airflow/example_dags/example_nested_branch_dag.py took 0.093 seconds
[2024-05-20T08:55:38.974+0000] {processor.py:161} INFO - Started process (PID=3074) to work on /home/airflow/.local/lib/python3.12/site-packages/airflow/example_dags/example_nested_branch_dag.py
[2024-05-20T08:55:38.976+0000] {processor.py:830} INFO - Processing file /home/airflow/.local/lib/python3.12/site-packages/airflow/example_dags/example_nested_branch_dag.py for tasks to queue
[2024-05-20T08:55:38.977+0000] {logging_mixin.py:188} INFO - [2024-05-20T08:55:38.976+0000] {dagbag.py:545} INFO - Filling up the DagBag from /home/airflow/.local/lib/python3.12/site-packages/airflow/example_dags/example_nested_branch_dag.py
[2024-05-20T08:55:38.988+0000] {processor.py:840} INFO - DAG(s) 'example_nested_branch_dag' retrieved from /home/airflow/.local/lib/python3.12/site-packages/airflow/example_dags/example_nested_branch_dag.py
[2024-05-20T08:55:39.019+0000] {logging_mixin.py:188} INFO - [2024-05-20T08:55:39.018+0000] {dag.py:3096} INFO - Sync 1 DAGs
[2024-05-20T08:55:39.045+0000] {logging_mixin.py:188} INFO - [2024-05-20T08:55:39.044+0000] {dag.py:3954} INFO - Setting next_dagrun for example_nested_branch_dag to 2024-05-19 00:00:00+00:00, run_after=2024-05-20 00:00:00+00:00
[2024-05-20T08:55:39.070+0000] {processor.py:183} INFO - Processing /home/airflow/.local/lib/python3.12/site-packages/airflow/example_dags/example_nested_branch_dag.py took 0.102 seconds
[2024-05-20T08:56:09.876+0000] {processor.py:161} INFO - Started process (PID=3136) to work on /home/airflow/.local/lib/python3.12/site-packages/airflow/example_dags/example_nested_branch_dag.py
[2024-05-20T08:56:09.878+0000] {processor.py:830} INFO - Processing file /home/airflow/.local/lib/python3.12/site-packages/airflow/example_dags/example_nested_branch_dag.py for tasks to queue
[2024-05-20T08:56:09.879+0000] {logging_mixin.py:188} INFO - [2024-05-20T08:56:09.879+0000] {dagbag.py:545} INFO - Filling up the DagBag from /home/airflow/.local/lib/python3.12/site-packages/airflow/example_dags/example_nested_branch_dag.py
[2024-05-20T08:56:09.891+0000] {processor.py:840} INFO - DAG(s) 'example_nested_branch_dag' retrieved from /home/airflow/.local/lib/python3.12/site-packages/airflow/example_dags/example_nested_branch_dag.py
[2024-05-20T08:56:09.917+0000] {logging_mixin.py:188} INFO - [2024-05-20T08:56:09.917+0000] {dag.py:3096} INFO - Sync 1 DAGs
[2024-05-20T08:56:09.945+0000] {logging_mixin.py:188} INFO - [2024-05-20T08:56:09.944+0000] {dag.py:3954} INFO - Setting next_dagrun for example_nested_branch_dag to 2024-05-19 00:00:00+00:00, run_after=2024-05-20 00:00:00+00:00
[2024-05-20T08:56:09.970+0000] {processor.py:183} INFO - Processing /home/airflow/.local/lib/python3.12/site-packages/airflow/example_dags/example_nested_branch_dag.py took 0.100 seconds
[2024-05-20T08:56:40.709+0000] {processor.py:161} INFO - Started process (PID=3198) to work on /home/airflow/.local/lib/python3.12/site-packages/airflow/example_dags/example_nested_branch_dag.py
[2024-05-20T08:56:40.710+0000] {processor.py:830} INFO - Processing file /home/airflow/.local/lib/python3.12/site-packages/airflow/example_dags/example_nested_branch_dag.py for tasks to queue
[2024-05-20T08:56:40.712+0000] {logging_mixin.py:188} INFO - [2024-05-20T08:56:40.712+0000] {dagbag.py:545} INFO - Filling up the DagBag from /home/airflow/.local/lib/python3.12/site-packages/airflow/example_dags/example_nested_branch_dag.py
[2024-05-20T08:56:40.722+0000] {processor.py:840} INFO - DAG(s) 'example_nested_branch_dag' retrieved from /home/airflow/.local/lib/python3.12/site-packages/airflow/example_dags/example_nested_branch_dag.py
[2024-05-20T08:56:40.746+0000] {logging_mixin.py:188} INFO - [2024-05-20T08:56:40.746+0000] {dag.py:3096} INFO - Sync 1 DAGs
[2024-05-20T08:56:40.770+0000] {logging_mixin.py:188} INFO - [2024-05-20T08:56:40.770+0000] {dag.py:3954} INFO - Setting next_dagrun for example_nested_branch_dag to 2024-05-19 00:00:00+00:00, run_after=2024-05-20 00:00:00+00:00
[2024-05-20T08:56:40.791+0000] {processor.py:183} INFO - Processing /home/airflow/.local/lib/python3.12/site-packages/airflow/example_dags/example_nested_branch_dag.py took 0.088 seconds
[2024-05-20T08:57:11.298+0000] {processor.py:161} INFO - Started process (PID=3260) to work on /home/airflow/.local/lib/python3.12/site-packages/airflow/example_dags/example_nested_branch_dag.py
[2024-05-20T08:57:11.300+0000] {processor.py:830} INFO - Processing file /home/airflow/.local/lib/python3.12/site-packages/airflow/example_dags/example_nested_branch_dag.py for tasks to queue
[2024-05-20T08:57:11.302+0000] {logging_mixin.py:188} INFO - [2024-05-20T08:57:11.301+0000] {dagbag.py:545} INFO - Filling up the DagBag from /home/airflow/.local/lib/python3.12/site-packages/airflow/example_dags/example_nested_branch_dag.py
[2024-05-20T08:57:11.315+0000] {processor.py:840} INFO - DAG(s) 'example_nested_branch_dag' retrieved from /home/airflow/.local/lib/python3.12/site-packages/airflow/example_dags/example_nested_branch_dag.py
[2024-05-20T08:57:11.343+0000] {logging_mixin.py:188} INFO - [2024-05-20T08:57:11.343+0000] {dag.py:3096} INFO - Sync 1 DAGs
[2024-05-20T08:57:11.385+0000] {logging_mixin.py:188} INFO - [2024-05-20T08:57:11.384+0000] {dag.py:3954} INFO - Setting next_dagrun for example_nested_branch_dag to 2024-05-19 00:00:00+00:00, run_after=2024-05-20 00:00:00+00:00
[2024-05-20T08:57:11.414+0000] {processor.py:183} INFO - Processing /home/airflow/.local/lib/python3.12/site-packages/airflow/example_dags/example_nested_branch_dag.py took 0.127 seconds
[2024-05-20T08:57:42.106+0000] {processor.py:161} INFO - Started process (PID=3322) to work on /home/airflow/.local/lib/python3.12/site-packages/airflow/example_dags/example_nested_branch_dag.py
[2024-05-20T08:57:42.107+0000] {processor.py:830} INFO - Processing file /home/airflow/.local/lib/python3.12/site-packages/airflow/example_dags/example_nested_branch_dag.py for tasks to queue
[2024-05-20T08:57:42.110+0000] {logging_mixin.py:188} INFO - [2024-05-20T08:57:42.109+0000] {dagbag.py:545} INFO - Filling up the DagBag from /home/airflow/.local/lib/python3.12/site-packages/airflow/example_dags/example_nested_branch_dag.py
[2024-05-20T08:57:42.123+0000] {processor.py:840} INFO - DAG(s) 'example_nested_branch_dag' retrieved from /home/airflow/.local/lib/python3.12/site-packages/airflow/example_dags/example_nested_branch_dag.py
[2024-05-20T08:57:42.155+0000] {logging_mixin.py:188} INFO - [2024-05-20T08:57:42.155+0000] {dag.py:3096} INFO - Sync 1 DAGs
[2024-05-20T08:57:42.201+0000] {logging_mixin.py:188} INFO - [2024-05-20T08:57:42.201+0000] {dag.py:3954} INFO - Setting next_dagrun for example_nested_branch_dag to 2024-05-19 00:00:00+00:00, run_after=2024-05-20 00:00:00+00:00
[2024-05-20T08:57:42.236+0000] {processor.py:183} INFO - Processing /home/airflow/.local/lib/python3.12/site-packages/airflow/example_dags/example_nested_branch_dag.py took 0.139 seconds
[2024-05-20T08:58:13.127+0000] {processor.py:161} INFO - Started process (PID=3383) to work on /home/airflow/.local/lib/python3.12/site-packages/airflow/example_dags/example_nested_branch_dag.py
[2024-05-20T08:58:13.129+0000] {processor.py:830} INFO - Processing file /home/airflow/.local/lib/python3.12/site-packages/airflow/example_dags/example_nested_branch_dag.py for tasks to queue
[2024-05-20T08:58:13.131+0000] {logging_mixin.py:188} INFO - [2024-05-20T08:58:13.130+0000] {dagbag.py:545} INFO - Filling up the DagBag from /home/airflow/.local/lib/python3.12/site-packages/airflow/example_dags/example_nested_branch_dag.py
[2024-05-20T08:58:13.146+0000] {processor.py:840} INFO - DAG(s) 'example_nested_branch_dag' retrieved from /home/airflow/.local/lib/python3.12/site-packages/airflow/example_dags/example_nested_branch_dag.py
[2024-05-20T08:58:13.182+0000] {logging_mixin.py:188} INFO - [2024-05-20T08:58:13.181+0000] {dag.py:3096} INFO - Sync 1 DAGs
[2024-05-20T08:58:13.221+0000] {logging_mixin.py:188} INFO - [2024-05-20T08:58:13.221+0000] {dag.py:3954} INFO - Setting next_dagrun for example_nested_branch_dag to 2024-05-19 00:00:00+00:00, run_after=2024-05-20 00:00:00+00:00
[2024-05-20T08:58:13.253+0000] {processor.py:183} INFO - Processing /home/airflow/.local/lib/python3.12/site-packages/airflow/example_dags/example_nested_branch_dag.py took 0.138 seconds
[2024-05-20T08:58:44.102+0000] {processor.py:161} INFO - Started process (PID=3444) to work on /home/airflow/.local/lib/python3.12/site-packages/airflow/example_dags/example_nested_branch_dag.py
[2024-05-20T08:58:44.104+0000] {processor.py:830} INFO - Processing file /home/airflow/.local/lib/python3.12/site-packages/airflow/example_dags/example_nested_branch_dag.py for tasks to queue
[2024-05-20T08:58:44.105+0000] {logging_mixin.py:188} INFO - [2024-05-20T08:58:44.105+0000] {dagbag.py:545} INFO - Filling up the DagBag from /home/airflow/.local/lib/python3.12/site-packages/airflow/example_dags/example_nested_branch_dag.py
[2024-05-20T08:58:44.116+0000] {processor.py:840} INFO - DAG(s) 'example_nested_branch_dag' retrieved from /home/airflow/.local/lib/python3.12/site-packages/airflow/example_dags/example_nested_branch_dag.py
[2024-05-20T08:58:44.144+0000] {logging_mixin.py:188} INFO - [2024-05-20T08:58:44.144+0000] {dag.py:3096} INFO - Sync 1 DAGs
[2024-05-20T08:58:44.173+0000] {logging_mixin.py:188} INFO - [2024-05-20T08:58:44.173+0000] {dag.py:3954} INFO - Setting next_dagrun for example_nested_branch_dag to 2024-05-19 00:00:00+00:00, run_after=2024-05-20 00:00:00+00:00
[2024-05-20T08:58:44.204+0000] {processor.py:183} INFO - Processing /home/airflow/.local/lib/python3.12/site-packages/airflow/example_dags/example_nested_branch_dag.py took 0.109 seconds
[2024-05-20T08:59:14.706+0000] {processor.py:161} INFO - Started process (PID=3505) to work on /home/airflow/.local/lib/python3.12/site-packages/airflow/example_dags/example_nested_branch_dag.py
[2024-05-20T08:59:14.708+0000] {processor.py:830} INFO - Processing file /home/airflow/.local/lib/python3.12/site-packages/airflow/example_dags/example_nested_branch_dag.py for tasks to queue
[2024-05-20T08:59:14.709+0000] {logging_mixin.py:188} INFO - [2024-05-20T08:59:14.709+0000] {dagbag.py:545} INFO - Filling up the DagBag from /home/airflow/.local/lib/python3.12/site-packages/airflow/example_dags/example_nested_branch_dag.py
[2024-05-20T08:59:14.719+0000] {processor.py:840} INFO - DAG(s) 'example_nested_branch_dag' retrieved from /home/airflow/.local/lib/python3.12/site-packages/airflow/example_dags/example_nested_branch_dag.py
[2024-05-20T08:59:14.744+0000] {logging_mixin.py:188} INFO - [2024-05-20T08:59:14.743+0000] {dag.py:3096} INFO - Sync 1 DAGs
[2024-05-20T08:59:14.769+0000] {logging_mixin.py:188} INFO - [2024-05-20T08:59:14.769+0000] {dag.py:3954} INFO - Setting next_dagrun for example_nested_branch_dag to 2024-05-19 00:00:00+00:00, run_after=2024-05-20 00:00:00+00:00
[2024-05-20T08:59:14.793+0000] {processor.py:183} INFO - Processing /home/airflow/.local/lib/python3.12/site-packages/airflow/example_dags/example_nested_branch_dag.py took 0.093 seconds
[2024-05-20T08:59:45.208+0000] {processor.py:161} INFO - Started process (PID=3566) to work on /home/airflow/.local/lib/python3.12/site-packages/airflow/example_dags/example_nested_branch_dag.py
[2024-05-20T08:59:45.209+0000] {processor.py:830} INFO - Processing file /home/airflow/.local/lib/python3.12/site-packages/airflow/example_dags/example_nested_branch_dag.py for tasks to queue
[2024-05-20T08:59:45.210+0000] {logging_mixin.py:188} INFO - [2024-05-20T08:59:45.209+0000] {dagbag.py:545} INFO - Filling up the DagBag from /home/airflow/.local/lib/python3.12/site-packages/airflow/example_dags/example_nested_branch_dag.py
[2024-05-20T08:59:45.220+0000] {processor.py:840} INFO - DAG(s) 'example_nested_branch_dag' retrieved from /home/airflow/.local/lib/python3.12/site-packages/airflow/example_dags/example_nested_branch_dag.py
[2024-05-20T08:59:45.243+0000] {logging_mixin.py:188} INFO - [2024-05-20T08:59:45.243+0000] {dag.py:3096} INFO - Sync 1 DAGs
[2024-05-20T08:59:45.272+0000] {logging_mixin.py:188} INFO - [2024-05-20T08:59:45.271+0000] {dag.py:3954} INFO - Setting next_dagrun for example_nested_branch_dag to 2024-05-19 00:00:00+00:00, run_after=2024-05-20 00:00:00+00:00
[2024-05-20T08:59:45.296+0000] {processor.py:183} INFO - Processing /home/airflow/.local/lib/python3.12/site-packages/airflow/example_dags/example_nested_branch_dag.py took 0.094 seconds
[2024-05-20T09:00:15.601+0000] {processor.py:161} INFO - Started process (PID=3628) to work on /home/airflow/.local/lib/python3.12/site-packages/airflow/example_dags/example_nested_branch_dag.py
[2024-05-20T09:00:15.603+0000] {processor.py:830} INFO - Processing file /home/airflow/.local/lib/python3.12/site-packages/airflow/example_dags/example_nested_branch_dag.py for tasks to queue
[2024-05-20T09:00:15.604+0000] {logging_mixin.py:188} INFO - [2024-05-20T09:00:15.603+0000] {dagbag.py:545} INFO - Filling up the DagBag from /home/airflow/.local/lib/python3.12/site-packages/airflow/example_dags/example_nested_branch_dag.py
[2024-05-20T09:00:15.616+0000] {processor.py:840} INFO - DAG(s) 'example_nested_branch_dag' retrieved from /home/airflow/.local/lib/python3.12/site-packages/airflow/example_dags/example_nested_branch_dag.py
[2024-05-20T09:00:15.640+0000] {logging_mixin.py:188} INFO - [2024-05-20T09:00:15.640+0000] {dag.py:3096} INFO - Sync 1 DAGs
[2024-05-20T09:00:15.663+0000] {logging_mixin.py:188} INFO - [2024-05-20T09:00:15.663+0000] {dag.py:3954} INFO - Setting next_dagrun for example_nested_branch_dag to 2024-05-19 00:00:00+00:00, run_after=2024-05-20 00:00:00+00:00
[2024-05-20T09:00:15.684+0000] {processor.py:183} INFO - Processing /home/airflow/.local/lib/python3.12/site-packages/airflow/example_dags/example_nested_branch_dag.py took 0.088 seconds
[2024-05-20T09:00:45.924+0000] {processor.py:161} INFO - Started process (PID=3690) to work on /home/airflow/.local/lib/python3.12/site-packages/airflow/example_dags/example_nested_branch_dag.py
[2024-05-20T09:00:45.925+0000] {processor.py:830} INFO - Processing file /home/airflow/.local/lib/python3.12/site-packages/airflow/example_dags/example_nested_branch_dag.py for tasks to queue
[2024-05-20T09:00:45.926+0000] {logging_mixin.py:188} INFO - [2024-05-20T09:00:45.926+0000] {dagbag.py:545} INFO - Filling up the DagBag from /home/airflow/.local/lib/python3.12/site-packages/airflow/example_dags/example_nested_branch_dag.py
[2024-05-20T09:00:45.937+0000] {processor.py:840} INFO - DAG(s) 'example_nested_branch_dag' retrieved from /home/airflow/.local/lib/python3.12/site-packages/airflow/example_dags/example_nested_branch_dag.py
[2024-05-20T09:00:45.960+0000] {logging_mixin.py:188} INFO - [2024-05-20T09:00:45.960+0000] {dag.py:3096} INFO - Sync 1 DAGs
[2024-05-20T09:00:45.988+0000] {logging_mixin.py:188} INFO - [2024-05-20T09:00:45.988+0000] {dag.py:3954} INFO - Setting next_dagrun for example_nested_branch_dag to 2024-05-19 00:00:00+00:00, run_after=2024-05-20 00:00:00+00:00
[2024-05-20T09:00:46.012+0000] {processor.py:183} INFO - Processing /home/airflow/.local/lib/python3.12/site-packages/airflow/example_dags/example_nested_branch_dag.py took 0.093 seconds
[2024-05-20T09:01:16.120+0000] {processor.py:161} INFO - Started process (PID=3752) to work on /home/airflow/.local/lib/python3.12/site-packages/airflow/example_dags/example_nested_branch_dag.py
[2024-05-20T09:01:16.121+0000] {processor.py:830} INFO - Processing file /home/airflow/.local/lib/python3.12/site-packages/airflow/example_dags/example_nested_branch_dag.py for tasks to queue
[2024-05-20T09:01:16.122+0000] {logging_mixin.py:188} INFO - [2024-05-20T09:01:16.122+0000] {dagbag.py:545} INFO - Filling up the DagBag from /home/airflow/.local/lib/python3.12/site-packages/airflow/example_dags/example_nested_branch_dag.py
[2024-05-20T09:01:16.132+0000] {processor.py:840} INFO - DAG(s) 'example_nested_branch_dag' retrieved from /home/airflow/.local/lib/python3.12/site-packages/airflow/example_dags/example_nested_branch_dag.py
[2024-05-20T09:01:16.158+0000] {logging_mixin.py:188} INFO - [2024-05-20T09:01:16.157+0000] {dag.py:3096} INFO - Sync 1 DAGs
[2024-05-20T09:01:16.187+0000] {logging_mixin.py:188} INFO - [2024-05-20T09:01:16.187+0000] {dag.py:3954} INFO - Setting next_dagrun for example_nested_branch_dag to 2024-05-19 00:00:00+00:00, run_after=2024-05-20 00:00:00+00:00
[2024-05-20T09:01:16.209+0000] {processor.py:183} INFO - Processing /home/airflow/.local/lib/python3.12/site-packages/airflow/example_dags/example_nested_branch_dag.py took 0.095 seconds
[2024-05-20T09:01:51.085+0000] {processor.py:161} INFO - Started process (PID=3812) to work on /home/airflow/.local/lib/python3.12/site-packages/airflow/example_dags/example_nested_branch_dag.py
[2024-05-20T09:01:51.088+0000] {processor.py:830} INFO - Processing file /home/airflow/.local/lib/python3.12/site-packages/airflow/example_dags/example_nested_branch_dag.py for tasks to queue
[2024-05-20T09:01:51.090+0000] {logging_mixin.py:188} INFO - [2024-05-20T09:01:51.089+0000] {dagbag.py:545} INFO - Filling up the DagBag from /home/airflow/.local/lib/python3.12/site-packages/airflow/example_dags/example_nested_branch_dag.py
[2024-05-20T09:01:51.145+0000] {processor.py:840} INFO - DAG(s) 'example_nested_branch_dag' retrieved from /home/airflow/.local/lib/python3.12/site-packages/airflow/example_dags/example_nested_branch_dag.py
[2024-05-20T09:01:51.261+0000] {logging_mixin.py:188} INFO - [2024-05-20T09:01:51.261+0000] {dag.py:3096} INFO - Sync 1 DAGs
[2024-05-20T09:01:51.450+0000] {logging_mixin.py:188} INFO - [2024-05-20T09:01:51.450+0000] {dag.py:3954} INFO - Setting next_dagrun for example_nested_branch_dag to 2024-05-19 00:00:00+00:00, run_after=2024-05-20 00:00:00+00:00
[2024-05-20T09:01:51.592+0000] {processor.py:183} INFO - Processing /home/airflow/.local/lib/python3.12/site-packages/airflow/example_dags/example_nested_branch_dag.py took 0.551 seconds
[2024-05-20T09:02:22.124+0000] {processor.py:161} INFO - Started process (PID=3880) to work on /home/airflow/.local/lib/python3.12/site-packages/airflow/example_dags/example_nested_branch_dag.py
[2024-05-20T09:02:22.126+0000] {processor.py:830} INFO - Processing file /home/airflow/.local/lib/python3.12/site-packages/airflow/example_dags/example_nested_branch_dag.py for tasks to queue
[2024-05-20T09:02:22.127+0000] {logging_mixin.py:188} INFO - [2024-05-20T09:02:22.126+0000] {dagbag.py:545} INFO - Filling up the DagBag from /home/airflow/.local/lib/python3.12/site-packages/airflow/example_dags/example_nested_branch_dag.py
[2024-05-20T09:02:22.141+0000] {processor.py:840} INFO - DAG(s) 'example_nested_branch_dag' retrieved from /home/airflow/.local/lib/python3.12/site-packages/airflow/example_dags/example_nested_branch_dag.py
[2024-05-20T09:02:22.169+0000] {logging_mixin.py:188} INFO - [2024-05-20T09:02:22.169+0000] {dag.py:3096} INFO - Sync 1 DAGs
[2024-05-20T09:02:22.205+0000] {logging_mixin.py:188} INFO - [2024-05-20T09:02:22.205+0000] {dag.py:3954} INFO - Setting next_dagrun for example_nested_branch_dag to 2024-05-19 00:00:00+00:00, run_after=2024-05-20 00:00:00+00:00
[2024-05-20T09:02:22.234+0000] {processor.py:183} INFO - Processing /home/airflow/.local/lib/python3.12/site-packages/airflow/example_dags/example_nested_branch_dag.py took 0.119 seconds
[2024-05-20T09:02:52.410+0000] {processor.py:161} INFO - Started process (PID=3942) to work on /home/airflow/.local/lib/python3.12/site-packages/airflow/example_dags/example_nested_branch_dag.py
[2024-05-20T09:02:52.411+0000] {processor.py:830} INFO - Processing file /home/airflow/.local/lib/python3.12/site-packages/airflow/example_dags/example_nested_branch_dag.py for tasks to queue
[2024-05-20T09:02:52.413+0000] {logging_mixin.py:188} INFO - [2024-05-20T09:02:52.412+0000] {dagbag.py:545} INFO - Filling up the DagBag from /home/airflow/.local/lib/python3.12/site-packages/airflow/example_dags/example_nested_branch_dag.py
[2024-05-20T09:02:52.437+0000] {processor.py:840} INFO - DAG(s) 'example_nested_branch_dag' retrieved from /home/airflow/.local/lib/python3.12/site-packages/airflow/example_dags/example_nested_branch_dag.py
[2024-05-20T09:02:52.484+0000] {logging_mixin.py:188} INFO - [2024-05-20T09:02:52.484+0000] {dag.py:3096} INFO - Sync 1 DAGs
[2024-05-20T09:02:52.520+0000] {logging_mixin.py:188} INFO - [2024-05-20T09:02:52.520+0000] {dag.py:3954} INFO - Setting next_dagrun for example_nested_branch_dag to 2024-05-19 00:00:00+00:00, run_after=2024-05-20 00:00:00+00:00
[2024-05-20T09:02:52.551+0000] {processor.py:183} INFO - Processing /home/airflow/.local/lib/python3.12/site-packages/airflow/example_dags/example_nested_branch_dag.py took 0.150 seconds
[2024-05-20T09:03:22.628+0000] {processor.py:161} INFO - Started process (PID=4004) to work on /home/airflow/.local/lib/python3.12/site-packages/airflow/example_dags/example_nested_branch_dag.py
[2024-05-20T09:03:22.629+0000] {processor.py:830} INFO - Processing file /home/airflow/.local/lib/python3.12/site-packages/airflow/example_dags/example_nested_branch_dag.py for tasks to queue
[2024-05-20T09:03:22.631+0000] {logging_mixin.py:188} INFO - [2024-05-20T09:03:22.630+0000] {dagbag.py:545} INFO - Filling up the DagBag from /home/airflow/.local/lib/python3.12/site-packages/airflow/example_dags/example_nested_branch_dag.py
[2024-05-20T09:03:22.647+0000] {processor.py:840} INFO - DAG(s) 'example_nested_branch_dag' retrieved from /home/airflow/.local/lib/python3.12/site-packages/airflow/example_dags/example_nested_branch_dag.py
[2024-05-20T09:03:22.677+0000] {logging_mixin.py:188} INFO - [2024-05-20T09:03:22.677+0000] {dag.py:3096} INFO - Sync 1 DAGs
[2024-05-20T09:03:22.710+0000] {logging_mixin.py:188} INFO - [2024-05-20T09:03:22.709+0000] {dag.py:3954} INFO - Setting next_dagrun for example_nested_branch_dag to 2024-05-19 00:00:00+00:00, run_after=2024-05-20 00:00:00+00:00
[2024-05-20T09:03:22.738+0000] {processor.py:183} INFO - Processing /home/airflow/.local/lib/python3.12/site-packages/airflow/example_dags/example_nested_branch_dag.py took 0.120 seconds
[2024-05-20T09:03:53.036+0000] {processor.py:161} INFO - Started process (PID=4066) to work on /home/airflow/.local/lib/python3.12/site-packages/airflow/example_dags/example_nested_branch_dag.py
[2024-05-20T09:03:53.037+0000] {processor.py:830} INFO - Processing file /home/airflow/.local/lib/python3.12/site-packages/airflow/example_dags/example_nested_branch_dag.py for tasks to queue
[2024-05-20T09:03:53.039+0000] {logging_mixin.py:188} INFO - [2024-05-20T09:03:53.038+0000] {dagbag.py:545} INFO - Filling up the DagBag from /home/airflow/.local/lib/python3.12/site-packages/airflow/example_dags/example_nested_branch_dag.py
[2024-05-20T09:03:53.051+0000] {processor.py:840} INFO - DAG(s) 'example_nested_branch_dag' retrieved from /home/airflow/.local/lib/python3.12/site-packages/airflow/example_dags/example_nested_branch_dag.py
[2024-05-20T09:03:53.086+0000] {logging_mixin.py:188} INFO - [2024-05-20T09:03:53.085+0000] {dag.py:3096} INFO - Sync 1 DAGs
[2024-05-20T09:03:53.124+0000] {logging_mixin.py:188} INFO - [2024-05-20T09:03:53.124+0000] {dag.py:3954} INFO - Setting next_dagrun for example_nested_branch_dag to 2024-05-19 00:00:00+00:00, run_after=2024-05-20 00:00:00+00:00
[2024-05-20T09:03:53.154+0000] {processor.py:183} INFO - Processing /home/airflow/.local/lib/python3.12/site-packages/airflow/example_dags/example_nested_branch_dag.py took 0.127 seconds
[2024-05-20T09:04:23.446+0000] {processor.py:161} INFO - Started process (PID=4128) to work on /home/airflow/.local/lib/python3.12/site-packages/airflow/example_dags/example_nested_branch_dag.py
[2024-05-20T09:04:23.448+0000] {processor.py:830} INFO - Processing file /home/airflow/.local/lib/python3.12/site-packages/airflow/example_dags/example_nested_branch_dag.py for tasks to queue
[2024-05-20T09:04:23.450+0000] {logging_mixin.py:188} INFO - [2024-05-20T09:04:23.449+0000] {dagbag.py:545} INFO - Filling up the DagBag from /home/airflow/.local/lib/python3.12/site-packages/airflow/example_dags/example_nested_branch_dag.py
[2024-05-20T09:04:23.468+0000] {processor.py:840} INFO - DAG(s) 'example_nested_branch_dag' retrieved from /home/airflow/.local/lib/python3.12/site-packages/airflow/example_dags/example_nested_branch_dag.py
[2024-05-20T09:04:23.507+0000] {logging_mixin.py:188} INFO - [2024-05-20T09:04:23.506+0000] {dag.py:3096} INFO - Sync 1 DAGs
[2024-05-20T09:04:23.548+0000] {logging_mixin.py:188} INFO - [2024-05-20T09:04:23.547+0000] {dag.py:3954} INFO - Setting next_dagrun for example_nested_branch_dag to 2024-05-19 00:00:00+00:00, run_after=2024-05-20 00:00:00+00:00
[2024-05-20T09:04:23.578+0000] {processor.py:183} INFO - Processing /home/airflow/.local/lib/python3.12/site-packages/airflow/example_dags/example_nested_branch_dag.py took 0.142 seconds
[2024-05-20T09:04:53.642+0000] {processor.py:161} INFO - Started process (PID=4189) to work on /home/airflow/.local/lib/python3.12/site-packages/airflow/example_dags/example_nested_branch_dag.py
[2024-05-20T09:04:53.644+0000] {processor.py:830} INFO - Processing file /home/airflow/.local/lib/python3.12/site-packages/airflow/example_dags/example_nested_branch_dag.py for tasks to queue
[2024-05-20T09:04:53.646+0000] {logging_mixin.py:188} INFO - [2024-05-20T09:04:53.645+0000] {dagbag.py:545} INFO - Filling up the DagBag from /home/airflow/.local/lib/python3.12/site-packages/airflow/example_dags/example_nested_branch_dag.py
[2024-05-20T09:04:53.662+0000] {processor.py:840} INFO - DAG(s) 'example_nested_branch_dag' retrieved from /home/airflow/.local/lib/python3.12/site-packages/airflow/example_dags/example_nested_branch_dag.py
[2024-05-20T09:04:53.688+0000] {logging_mixin.py:188} INFO - [2024-05-20T09:04:53.688+0000] {dag.py:3096} INFO - Sync 1 DAGs
[2024-05-20T09:04:53.716+0000] {logging_mixin.py:188} INFO - [2024-05-20T09:04:53.716+0000] {dag.py:3954} INFO - Setting next_dagrun for example_nested_branch_dag to 2024-05-19 00:00:00+00:00, run_after=2024-05-20 00:00:00+00:00
[2024-05-20T09:04:53.749+0000] {processor.py:183} INFO - Processing /home/airflow/.local/lib/python3.12/site-packages/airflow/example_dags/example_nested_branch_dag.py took 0.117 seconds
[2024-05-20T09:05:23.920+0000] {processor.py:161} INFO - Started process (PID=4251) to work on /home/airflow/.local/lib/python3.12/site-packages/airflow/example_dags/example_nested_branch_dag.py
[2024-05-20T09:05:23.922+0000] {processor.py:830} INFO - Processing file /home/airflow/.local/lib/python3.12/site-packages/airflow/example_dags/example_nested_branch_dag.py for tasks to queue
[2024-05-20T09:05:23.923+0000] {logging_mixin.py:188} INFO - [2024-05-20T09:05:23.923+0000] {dagbag.py:545} INFO - Filling up the DagBag from /home/airflow/.local/lib/python3.12/site-packages/airflow/example_dags/example_nested_branch_dag.py
[2024-05-20T09:05:23.936+0000] {processor.py:840} INFO - DAG(s) 'example_nested_branch_dag' retrieved from /home/airflow/.local/lib/python3.12/site-packages/airflow/example_dags/example_nested_branch_dag.py
[2024-05-20T09:05:23.966+0000] {logging_mixin.py:188} INFO - [2024-05-20T09:05:23.966+0000] {dag.py:3096} INFO - Sync 1 DAGs
[2024-05-20T09:05:23.995+0000] {logging_mixin.py:188} INFO - [2024-05-20T09:05:23.995+0000] {dag.py:3954} INFO - Setting next_dagrun for example_nested_branch_dag to 2024-05-19 00:00:00+00:00, run_after=2024-05-20 00:00:00+00:00
[2024-05-20T09:05:24.019+0000] {processor.py:183} INFO - Processing /home/airflow/.local/lib/python3.12/site-packages/airflow/example_dags/example_nested_branch_dag.py took 0.107 seconds
[2024-05-20T09:11:54.617+0000] {processor.py:161} INFO - Started process (PID=4316) to work on /home/airflow/.local/lib/python3.12/site-packages/airflow/example_dags/example_nested_branch_dag.py
[2024-05-20T09:11:54.619+0000] {processor.py:830} INFO - Processing file /home/airflow/.local/lib/python3.12/site-packages/airflow/example_dags/example_nested_branch_dag.py for tasks to queue
[2024-05-20T09:11:54.621+0000] {logging_mixin.py:188} INFO - [2024-05-20T09:11:54.621+0000] {dagbag.py:545} INFO - Filling up the DagBag from /home/airflow/.local/lib/python3.12/site-packages/airflow/example_dags/example_nested_branch_dag.py
[2024-05-20T09:11:54.644+0000] {processor.py:840} INFO - DAG(s) 'example_nested_branch_dag' retrieved from /home/airflow/.local/lib/python3.12/site-packages/airflow/example_dags/example_nested_branch_dag.py
[2024-05-20T09:11:54.697+0000] {logging_mixin.py:188} INFO - [2024-05-20T09:11:54.696+0000] {dag.py:3096} INFO - Sync 1 DAGs
[2024-05-20T09:11:54.753+0000] {logging_mixin.py:188} INFO - [2024-05-20T09:11:54.752+0000] {dag.py:3954} INFO - Setting next_dagrun for example_nested_branch_dag to 2024-05-19 00:00:00+00:00, run_after=2024-05-20 00:00:00+00:00
[2024-05-20T09:11:54.793+0000] {processor.py:183} INFO - Processing /home/airflow/.local/lib/python3.12/site-packages/airflow/example_dags/example_nested_branch_dag.py took 0.189 seconds
