[2024-05-20T08:30:34.204+0000] {processor.py:161} INFO - Started process (PID=87) to work on /home/airflow/.local/lib/python3.12/site-packages/airflow/example_dags/example_setup_teardown.py
[2024-05-20T08:30:34.215+0000] {processor.py:830} INFO - Processing file /home/airflow/.local/lib/python3.12/site-packages/airflow/example_dags/example_setup_teardown.py for tasks to queue
[2024-05-20T08:30:34.249+0000] {logging_mixin.py:188} INFO - [2024-05-20T08:30:34.246+0000] {dagbag.py:545} INFO - Filling up the DagBag from /home/airflow/.local/lib/python3.12/site-packages/airflow/example_dags/example_setup_teardown.py
[2024-05-20T08:30:34.337+0000] {processor.py:840} INFO - DAG(s) 'example_setup_teardown' retrieved from /home/airflow/.local/lib/python3.12/site-packages/airflow/example_dags/example_setup_teardown.py
[2024-05-20T08:30:34.617+0000] {logging_mixin.py:188} INFO - [2024-05-20T08:30:34.616+0000] {dag.py:3096} INFO - Sync 1 DAGs
[2024-05-20T08:30:34.840+0000] {logging_mixin.py:188} INFO - [2024-05-20T08:30:34.839+0000] {dag.py:3954} INFO - Setting next_dagrun for example_setup_teardown to 2024-05-19 00:00:00+00:00, run_after=2024-05-20 00:00:00+00:00
[2024-05-20T08:30:35.049+0000] {processor.py:183} INFO - Processing /home/airflow/.local/lib/python3.12/site-packages/airflow/example_dags/example_setup_teardown.py took 0.954 seconds
[2024-05-20T08:31:52.487+0000] {processor.py:161} INFO - Started process (PID=186) to work on /home/airflow/.local/lib/python3.12/site-packages/airflow/example_dags/example_setup_teardown.py
[2024-05-20T08:31:52.495+0000] {processor.py:830} INFO - Processing file /home/airflow/.local/lib/python3.12/site-packages/airflow/example_dags/example_setup_teardown.py for tasks to queue
[2024-05-20T08:31:52.512+0000] {logging_mixin.py:188} INFO - [2024-05-20T08:31:52.511+0000] {dagbag.py:545} INFO - Filling up the DagBag from /home/airflow/.local/lib/python3.12/site-packages/airflow/example_dags/example_setup_teardown.py
[2024-05-20T08:31:52.536+0000] {processor.py:840} INFO - DAG(s) 'example_setup_teardown' retrieved from /home/airflow/.local/lib/python3.12/site-packages/airflow/example_dags/example_setup_teardown.py
[2024-05-20T08:31:52.618+0000] {logging_mixin.py:188} INFO - [2024-05-20T08:31:52.618+0000] {dag.py:3096} INFO - Sync 1 DAGs
[2024-05-20T08:31:52.692+0000] {logging_mixin.py:188} INFO - [2024-05-20T08:31:52.692+0000] {dag.py:3954} INFO - Setting next_dagrun for example_setup_teardown to 2024-05-19 00:00:00+00:00, run_after=2024-05-20 00:00:00+00:00
[2024-05-20T08:31:52.801+0000] {processor.py:183} INFO - Processing /home/airflow/.local/lib/python3.12/site-packages/airflow/example_dags/example_setup_teardown.py took 0.333 seconds
[2024-05-20T08:32:23.597+0000] {processor.py:161} INFO - Started process (PID=255) to work on /home/airflow/.local/lib/python3.12/site-packages/airflow/example_dags/example_setup_teardown.py
[2024-05-20T08:32:23.599+0000] {processor.py:830} INFO - Processing file /home/airflow/.local/lib/python3.12/site-packages/airflow/example_dags/example_setup_teardown.py for tasks to queue
[2024-05-20T08:32:23.600+0000] {logging_mixin.py:188} INFO - [2024-05-20T08:32:23.600+0000] {dagbag.py:545} INFO - Filling up the DagBag from /home/airflow/.local/lib/python3.12/site-packages/airflow/example_dags/example_setup_teardown.py
[2024-05-20T08:32:23.608+0000] {processor.py:840} INFO - DAG(s) 'example_setup_teardown' retrieved from /home/airflow/.local/lib/python3.12/site-packages/airflow/example_dags/example_setup_teardown.py
[2024-05-20T08:32:23.629+0000] {logging_mixin.py:188} INFO - [2024-05-20T08:32:23.629+0000] {dag.py:3096} INFO - Sync 1 DAGs
[2024-05-20T08:32:23.652+0000] {logging_mixin.py:188} INFO - [2024-05-20T08:32:23.652+0000] {dag.py:3954} INFO - Setting next_dagrun for example_setup_teardown to 2024-05-19 00:00:00+00:00, run_after=2024-05-20 00:00:00+00:00
[2024-05-20T08:32:23.722+0000] {processor.py:183} INFO - Processing /home/airflow/.local/lib/python3.12/site-packages/airflow/example_dags/example_setup_teardown.py took 0.130 seconds
[2024-05-20T08:32:55.564+0000] {processor.py:161} INFO - Started process (PID=319) to work on /home/airflow/.local/lib/python3.12/site-packages/airflow/example_dags/example_setup_teardown.py
[2024-05-20T08:32:55.566+0000] {processor.py:830} INFO - Processing file /home/airflow/.local/lib/python3.12/site-packages/airflow/example_dags/example_setup_teardown.py for tasks to queue
[2024-05-20T08:32:55.571+0000] {logging_mixin.py:188} INFO - [2024-05-20T08:32:55.570+0000] {dagbag.py:545} INFO - Filling up the DagBag from /home/airflow/.local/lib/python3.12/site-packages/airflow/example_dags/example_setup_teardown.py
[2024-05-20T08:32:55.586+0000] {processor.py:840} INFO - DAG(s) 'example_setup_teardown' retrieved from /home/airflow/.local/lib/python3.12/site-packages/airflow/example_dags/example_setup_teardown.py
[2024-05-20T08:32:55.625+0000] {logging_mixin.py:188} INFO - [2024-05-20T08:32:55.625+0000] {dag.py:3096} INFO - Sync 1 DAGs
[2024-05-20T08:32:55.680+0000] {logging_mixin.py:188} INFO - [2024-05-20T08:32:55.679+0000] {dag.py:3954} INFO - Setting next_dagrun for example_setup_teardown to 2024-05-19 00:00:00+00:00, run_after=2024-05-20 00:00:00+00:00
[2024-05-20T08:32:55.730+0000] {processor.py:183} INFO - Processing /home/airflow/.local/lib/python3.12/site-packages/airflow/example_dags/example_setup_teardown.py took 0.180 seconds
[2024-05-20T08:33:30.190+0000] {processor.py:161} INFO - Started process (PID=391) to work on /home/airflow/.local/lib/python3.12/site-packages/airflow/example_dags/example_setup_teardown.py
[2024-05-20T08:33:30.193+0000] {processor.py:830} INFO - Processing file /home/airflow/.local/lib/python3.12/site-packages/airflow/example_dags/example_setup_teardown.py for tasks to queue
[2024-05-20T08:33:30.198+0000] {logging_mixin.py:188} INFO - [2024-05-20T08:33:30.197+0000] {dagbag.py:545} INFO - Filling up the DagBag from /home/airflow/.local/lib/python3.12/site-packages/airflow/example_dags/example_setup_teardown.py
[2024-05-20T08:33:30.232+0000] {processor.py:840} INFO - DAG(s) 'example_setup_teardown' retrieved from /home/airflow/.local/lib/python3.12/site-packages/airflow/example_dags/example_setup_teardown.py
[2024-05-20T08:33:30.334+0000] {logging_mixin.py:188} INFO - [2024-05-20T08:33:30.333+0000] {dag.py:3096} INFO - Sync 1 DAGs
[2024-05-20T08:33:30.456+0000] {logging_mixin.py:188} INFO - [2024-05-20T08:33:30.455+0000] {dag.py:3954} INFO - Setting next_dagrun for example_setup_teardown to 2024-05-19 00:00:00+00:00, run_after=2024-05-20 00:00:00+00:00
[2024-05-20T08:33:30.538+0000] {processor.py:183} INFO - Processing /home/airflow/.local/lib/python3.12/site-packages/airflow/example_dags/example_setup_teardown.py took 0.376 seconds
[2024-05-20T08:34:00.889+0000] {processor.py:161} INFO - Started process (PID=451) to work on /home/airflow/.local/lib/python3.12/site-packages/airflow/example_dags/example_setup_teardown.py
[2024-05-20T08:34:00.890+0000] {processor.py:830} INFO - Processing file /home/airflow/.local/lib/python3.12/site-packages/airflow/example_dags/example_setup_teardown.py for tasks to queue
[2024-05-20T08:34:00.892+0000] {logging_mixin.py:188} INFO - [2024-05-20T08:34:00.892+0000] {dagbag.py:545} INFO - Filling up the DagBag from /home/airflow/.local/lib/python3.12/site-packages/airflow/example_dags/example_setup_teardown.py
[2024-05-20T08:34:00.901+0000] {processor.py:840} INFO - DAG(s) 'example_setup_teardown' retrieved from /home/airflow/.local/lib/python3.12/site-packages/airflow/example_dags/example_setup_teardown.py
[2024-05-20T08:34:00.928+0000] {logging_mixin.py:188} INFO - [2024-05-20T08:34:00.928+0000] {dag.py:3096} INFO - Sync 1 DAGs
[2024-05-20T08:34:00.959+0000] {logging_mixin.py:188} INFO - [2024-05-20T08:34:00.958+0000] {dag.py:3954} INFO - Setting next_dagrun for example_setup_teardown to 2024-05-19 00:00:00+00:00, run_after=2024-05-20 00:00:00+00:00
[2024-05-20T08:34:00.984+0000] {processor.py:183} INFO - Processing /home/airflow/.local/lib/python3.12/site-packages/airflow/example_dags/example_setup_teardown.py took 0.103 seconds
[2024-05-20T08:34:31.210+0000] {processor.py:161} INFO - Started process (PID=512) to work on /home/airflow/.local/lib/python3.12/site-packages/airflow/example_dags/example_setup_teardown.py
[2024-05-20T08:34:31.212+0000] {processor.py:830} INFO - Processing file /home/airflow/.local/lib/python3.12/site-packages/airflow/example_dags/example_setup_teardown.py for tasks to queue
[2024-05-20T08:34:31.215+0000] {logging_mixin.py:188} INFO - [2024-05-20T08:34:31.214+0000] {dagbag.py:545} INFO - Filling up the DagBag from /home/airflow/.local/lib/python3.12/site-packages/airflow/example_dags/example_setup_teardown.py
[2024-05-20T08:34:31.228+0000] {processor.py:840} INFO - DAG(s) 'example_setup_teardown' retrieved from /home/airflow/.local/lib/python3.12/site-packages/airflow/example_dags/example_setup_teardown.py
[2024-05-20T08:34:31.261+0000] {logging_mixin.py:188} INFO - [2024-05-20T08:34:31.261+0000] {dag.py:3096} INFO - Sync 1 DAGs
[2024-05-20T08:34:31.297+0000] {logging_mixin.py:188} INFO - [2024-05-20T08:34:31.296+0000] {dag.py:3954} INFO - Setting next_dagrun for example_setup_teardown to 2024-05-19 00:00:00+00:00, run_after=2024-05-20 00:00:00+00:00
[2024-05-20T08:34:31.340+0000] {processor.py:183} INFO - Processing /home/airflow/.local/lib/python3.12/site-packages/airflow/example_dags/example_setup_teardown.py took 0.138 seconds
[2024-05-20T08:35:02.029+0000] {processor.py:161} INFO - Started process (PID=572) to work on /home/airflow/.local/lib/python3.12/site-packages/airflow/example_dags/example_setup_teardown.py
[2024-05-20T08:35:02.031+0000] {processor.py:830} INFO - Processing file /home/airflow/.local/lib/python3.12/site-packages/airflow/example_dags/example_setup_teardown.py for tasks to queue
[2024-05-20T08:35:02.035+0000] {logging_mixin.py:188} INFO - [2024-05-20T08:35:02.035+0000] {dagbag.py:545} INFO - Filling up the DagBag from /home/airflow/.local/lib/python3.12/site-packages/airflow/example_dags/example_setup_teardown.py
[2024-05-20T08:35:02.047+0000] {processor.py:840} INFO - DAG(s) 'example_setup_teardown' retrieved from /home/airflow/.local/lib/python3.12/site-packages/airflow/example_dags/example_setup_teardown.py
[2024-05-20T08:35:02.096+0000] {logging_mixin.py:188} INFO - [2024-05-20T08:35:02.095+0000] {dag.py:3096} INFO - Sync 1 DAGs
[2024-05-20T08:35:02.144+0000] {logging_mixin.py:188} INFO - [2024-05-20T08:35:02.144+0000] {dag.py:3954} INFO - Setting next_dagrun for example_setup_teardown to 2024-05-19 00:00:00+00:00, run_after=2024-05-20 00:00:00+00:00
[2024-05-20T08:35:02.184+0000] {processor.py:183} INFO - Processing /home/airflow/.local/lib/python3.12/site-packages/airflow/example_dags/example_setup_teardown.py took 0.165 seconds
[2024-05-20T08:35:32.604+0000] {processor.py:161} INFO - Started process (PID=634) to work on /home/airflow/.local/lib/python3.12/site-packages/airflow/example_dags/example_setup_teardown.py
[2024-05-20T08:35:32.606+0000] {processor.py:830} INFO - Processing file /home/airflow/.local/lib/python3.12/site-packages/airflow/example_dags/example_setup_teardown.py for tasks to queue
[2024-05-20T08:35:32.609+0000] {logging_mixin.py:188} INFO - [2024-05-20T08:35:32.609+0000] {dagbag.py:545} INFO - Filling up the DagBag from /home/airflow/.local/lib/python3.12/site-packages/airflow/example_dags/example_setup_teardown.py
[2024-05-20T08:35:32.623+0000] {processor.py:840} INFO - DAG(s) 'example_setup_teardown' retrieved from /home/airflow/.local/lib/python3.12/site-packages/airflow/example_dags/example_setup_teardown.py
[2024-05-20T08:35:32.657+0000] {logging_mixin.py:188} INFO - [2024-05-20T08:35:32.656+0000] {dag.py:3096} INFO - Sync 1 DAGs
[2024-05-20T08:35:32.691+0000] {logging_mixin.py:188} INFO - [2024-05-20T08:35:32.690+0000] {dag.py:3954} INFO - Setting next_dagrun for example_setup_teardown to 2024-05-19 00:00:00+00:00, run_after=2024-05-20 00:00:00+00:00
[2024-05-20T08:35:32.721+0000] {processor.py:183} INFO - Processing /home/airflow/.local/lib/python3.12/site-packages/airflow/example_dags/example_setup_teardown.py took 0.126 seconds
[2024-05-20T08:36:03.195+0000] {processor.py:161} INFO - Started process (PID=695) to work on /home/airflow/.local/lib/python3.12/site-packages/airflow/example_dags/example_setup_teardown.py
[2024-05-20T08:36:03.200+0000] {processor.py:830} INFO - Processing file /home/airflow/.local/lib/python3.12/site-packages/airflow/example_dags/example_setup_teardown.py for tasks to queue
[2024-05-20T08:36:03.217+0000] {logging_mixin.py:188} INFO - [2024-05-20T08:36:03.216+0000] {dagbag.py:545} INFO - Filling up the DagBag from /home/airflow/.local/lib/python3.12/site-packages/airflow/example_dags/example_setup_teardown.py
[2024-05-20T08:36:03.257+0000] {processor.py:840} INFO - DAG(s) 'example_setup_teardown' retrieved from /home/airflow/.local/lib/python3.12/site-packages/airflow/example_dags/example_setup_teardown.py
[2024-05-20T08:36:03.311+0000] {logging_mixin.py:188} INFO - [2024-05-20T08:36:03.311+0000] {dag.py:3096} INFO - Sync 1 DAGs
[2024-05-20T08:36:03.356+0000] {logging_mixin.py:188} INFO - [2024-05-20T08:36:03.355+0000] {dag.py:3954} INFO - Setting next_dagrun for example_setup_teardown to 2024-05-19 00:00:00+00:00, run_after=2024-05-20 00:00:00+00:00
[2024-05-20T08:36:03.391+0000] {processor.py:183} INFO - Processing /home/airflow/.local/lib/python3.12/site-packages/airflow/example_dags/example_setup_teardown.py took 0.214 seconds
[2024-05-20T08:36:34.026+0000] {processor.py:161} INFO - Started process (PID=756) to work on /home/airflow/.local/lib/python3.12/site-packages/airflow/example_dags/example_setup_teardown.py
[2024-05-20T08:36:34.028+0000] {processor.py:830} INFO - Processing file /home/airflow/.local/lib/python3.12/site-packages/airflow/example_dags/example_setup_teardown.py for tasks to queue
[2024-05-20T08:36:34.033+0000] {logging_mixin.py:188} INFO - [2024-05-20T08:36:34.032+0000] {dagbag.py:545} INFO - Filling up the DagBag from /home/airflow/.local/lib/python3.12/site-packages/airflow/example_dags/example_setup_teardown.py
[2024-05-20T08:36:34.048+0000] {processor.py:840} INFO - DAG(s) 'example_setup_teardown' retrieved from /home/airflow/.local/lib/python3.12/site-packages/airflow/example_dags/example_setup_teardown.py
[2024-05-20T08:36:34.109+0000] {logging_mixin.py:188} INFO - [2024-05-20T08:36:34.108+0000] {dag.py:3096} INFO - Sync 1 DAGs
[2024-05-20T08:36:34.166+0000] {logging_mixin.py:188} INFO - [2024-05-20T08:36:34.165+0000] {dag.py:3954} INFO - Setting next_dagrun for example_setup_teardown to 2024-05-19 00:00:00+00:00, run_after=2024-05-20 00:00:00+00:00
[2024-05-20T08:36:34.250+0000] {processor.py:183} INFO - Processing /home/airflow/.local/lib/python3.12/site-packages/airflow/example_dags/example_setup_teardown.py took 0.236 seconds
[2024-05-20T08:37:05.159+0000] {processor.py:161} INFO - Started process (PID=817) to work on /home/airflow/.local/lib/python3.12/site-packages/airflow/example_dags/example_setup_teardown.py
[2024-05-20T08:37:05.161+0000] {processor.py:830} INFO - Processing file /home/airflow/.local/lib/python3.12/site-packages/airflow/example_dags/example_setup_teardown.py for tasks to queue
[2024-05-20T08:37:05.164+0000] {logging_mixin.py:188} INFO - [2024-05-20T08:37:05.163+0000] {dagbag.py:545} INFO - Filling up the DagBag from /home/airflow/.local/lib/python3.12/site-packages/airflow/example_dags/example_setup_teardown.py
[2024-05-20T08:37:05.175+0000] {processor.py:840} INFO - DAG(s) 'example_setup_teardown' retrieved from /home/airflow/.local/lib/python3.12/site-packages/airflow/example_dags/example_setup_teardown.py
[2024-05-20T08:37:05.209+0000] {logging_mixin.py:188} INFO - [2024-05-20T08:37:05.209+0000] {dag.py:3096} INFO - Sync 1 DAGs
[2024-05-20T08:37:05.255+0000] {logging_mixin.py:188} INFO - [2024-05-20T08:37:05.254+0000] {dag.py:3954} INFO - Setting next_dagrun for example_setup_teardown to 2024-05-19 00:00:00+00:00, run_after=2024-05-20 00:00:00+00:00
[2024-05-20T08:37:05.322+0000] {processor.py:183} INFO - Processing /home/airflow/.local/lib/python3.12/site-packages/airflow/example_dags/example_setup_teardown.py took 0.173 seconds
[2024-05-20T08:37:35.513+0000] {processor.py:161} INFO - Started process (PID=877) to work on /home/airflow/.local/lib/python3.12/site-packages/airflow/example_dags/example_setup_teardown.py
[2024-05-20T08:37:35.514+0000] {processor.py:830} INFO - Processing file /home/airflow/.local/lib/python3.12/site-packages/airflow/example_dags/example_setup_teardown.py for tasks to queue
[2024-05-20T08:37:35.517+0000] {logging_mixin.py:188} INFO - [2024-05-20T08:37:35.517+0000] {dagbag.py:545} INFO - Filling up the DagBag from /home/airflow/.local/lib/python3.12/site-packages/airflow/example_dags/example_setup_teardown.py
[2024-05-20T08:37:35.526+0000] {processor.py:840} INFO - DAG(s) 'example_setup_teardown' retrieved from /home/airflow/.local/lib/python3.12/site-packages/airflow/example_dags/example_setup_teardown.py
[2024-05-20T08:37:35.557+0000] {logging_mixin.py:188} INFO - [2024-05-20T08:37:35.557+0000] {dag.py:3096} INFO - Sync 1 DAGs
[2024-05-20T08:37:35.593+0000] {logging_mixin.py:188} INFO - [2024-05-20T08:37:35.593+0000] {dag.py:3954} INFO - Setting next_dagrun for example_setup_teardown to 2024-05-19 00:00:00+00:00, run_after=2024-05-20 00:00:00+00:00
[2024-05-20T08:37:35.621+0000] {processor.py:183} INFO - Processing /home/airflow/.local/lib/python3.12/site-packages/airflow/example_dags/example_setup_teardown.py took 0.116 seconds
[2024-05-20T08:38:06.214+0000] {processor.py:161} INFO - Started process (PID=938) to work on /home/airflow/.local/lib/python3.12/site-packages/airflow/example_dags/example_setup_teardown.py
[2024-05-20T08:38:06.215+0000] {processor.py:830} INFO - Processing file /home/airflow/.local/lib/python3.12/site-packages/airflow/example_dags/example_setup_teardown.py for tasks to queue
[2024-05-20T08:38:06.217+0000] {logging_mixin.py:188} INFO - [2024-05-20T08:38:06.216+0000] {dagbag.py:545} INFO - Filling up the DagBag from /home/airflow/.local/lib/python3.12/site-packages/airflow/example_dags/example_setup_teardown.py
[2024-05-20T08:38:06.223+0000] {processor.py:840} INFO - DAG(s) 'example_setup_teardown' retrieved from /home/airflow/.local/lib/python3.12/site-packages/airflow/example_dags/example_setup_teardown.py
[2024-05-20T08:38:06.243+0000] {logging_mixin.py:188} INFO - [2024-05-20T08:38:06.243+0000] {dag.py:3096} INFO - Sync 1 DAGs
[2024-05-20T08:38:06.265+0000] {logging_mixin.py:188} INFO - [2024-05-20T08:38:06.265+0000] {dag.py:3954} INFO - Setting next_dagrun for example_setup_teardown to 2024-05-19 00:00:00+00:00, run_after=2024-05-20 00:00:00+00:00
[2024-05-20T08:38:06.292+0000] {processor.py:183} INFO - Processing /home/airflow/.local/lib/python3.12/site-packages/airflow/example_dags/example_setup_teardown.py took 0.084 seconds
[2024-05-20T08:38:36.836+0000] {processor.py:161} INFO - Started process (PID=999) to work on /home/airflow/.local/lib/python3.12/site-packages/airflow/example_dags/example_setup_teardown.py
[2024-05-20T08:38:36.837+0000] {processor.py:830} INFO - Processing file /home/airflow/.local/lib/python3.12/site-packages/airflow/example_dags/example_setup_teardown.py for tasks to queue
[2024-05-20T08:38:36.839+0000] {logging_mixin.py:188} INFO - [2024-05-20T08:38:36.839+0000] {dagbag.py:545} INFO - Filling up the DagBag from /home/airflow/.local/lib/python3.12/site-packages/airflow/example_dags/example_setup_teardown.py
[2024-05-20T08:38:36.847+0000] {processor.py:840} INFO - DAG(s) 'example_setup_teardown' retrieved from /home/airflow/.local/lib/python3.12/site-packages/airflow/example_dags/example_setup_teardown.py
[2024-05-20T08:38:36.869+0000] {logging_mixin.py:188} INFO - [2024-05-20T08:38:36.869+0000] {dag.py:3096} INFO - Sync 1 DAGs
[2024-05-20T08:38:36.892+0000] {logging_mixin.py:188} INFO - [2024-05-20T08:38:36.891+0000] {dag.py:3954} INFO - Setting next_dagrun for example_setup_teardown to 2024-05-19 00:00:00+00:00, run_after=2024-05-20 00:00:00+00:00
[2024-05-20T08:38:36.915+0000] {processor.py:183} INFO - Processing /home/airflow/.local/lib/python3.12/site-packages/airflow/example_dags/example_setup_teardown.py took 0.085 seconds
[2024-05-20T08:39:07.081+0000] {processor.py:161} INFO - Started process (PID=1060) to work on /home/airflow/.local/lib/python3.12/site-packages/airflow/example_dags/example_setup_teardown.py
[2024-05-20T08:39:07.082+0000] {processor.py:830} INFO - Processing file /home/airflow/.local/lib/python3.12/site-packages/airflow/example_dags/example_setup_teardown.py for tasks to queue
[2024-05-20T08:39:07.084+0000] {logging_mixin.py:188} INFO - [2024-05-20T08:39:07.084+0000] {dagbag.py:545} INFO - Filling up the DagBag from /home/airflow/.local/lib/python3.12/site-packages/airflow/example_dags/example_setup_teardown.py
[2024-05-20T08:39:07.091+0000] {processor.py:840} INFO - DAG(s) 'example_setup_teardown' retrieved from /home/airflow/.local/lib/python3.12/site-packages/airflow/example_dags/example_setup_teardown.py
[2024-05-20T08:39:07.113+0000] {logging_mixin.py:188} INFO - [2024-05-20T08:39:07.113+0000] {dag.py:3096} INFO - Sync 1 DAGs
[2024-05-20T08:39:07.136+0000] {logging_mixin.py:188} INFO - [2024-05-20T08:39:07.136+0000] {dag.py:3954} INFO - Setting next_dagrun for example_setup_teardown to 2024-05-19 00:00:00+00:00, run_after=2024-05-20 00:00:00+00:00
[2024-05-20T08:39:07.159+0000] {processor.py:183} INFO - Processing /home/airflow/.local/lib/python3.12/site-packages/airflow/example_dags/example_setup_teardown.py took 0.084 seconds
[2024-05-20T08:39:37.498+0000] {processor.py:161} INFO - Started process (PID=1121) to work on /home/airflow/.local/lib/python3.12/site-packages/airflow/example_dags/example_setup_teardown.py
[2024-05-20T08:39:37.500+0000] {processor.py:830} INFO - Processing file /home/airflow/.local/lib/python3.12/site-packages/airflow/example_dags/example_setup_teardown.py for tasks to queue
[2024-05-20T08:39:37.502+0000] {logging_mixin.py:188} INFO - [2024-05-20T08:39:37.502+0000] {dagbag.py:545} INFO - Filling up the DagBag from /home/airflow/.local/lib/python3.12/site-packages/airflow/example_dags/example_setup_teardown.py
[2024-05-20T08:39:37.510+0000] {processor.py:840} INFO - DAG(s) 'example_setup_teardown' retrieved from /home/airflow/.local/lib/python3.12/site-packages/airflow/example_dags/example_setup_teardown.py
[2024-05-20T08:39:37.533+0000] {logging_mixin.py:188} INFO - [2024-05-20T08:39:37.533+0000] {dag.py:3096} INFO - Sync 1 DAGs
[2024-05-20T08:39:37.560+0000] {logging_mixin.py:188} INFO - [2024-05-20T08:39:37.560+0000] {dag.py:3954} INFO - Setting next_dagrun for example_setup_teardown to 2024-05-19 00:00:00+00:00, run_after=2024-05-20 00:00:00+00:00
[2024-05-20T08:39:37.586+0000] {processor.py:183} INFO - Processing /home/airflow/.local/lib/python3.12/site-packages/airflow/example_dags/example_setup_teardown.py took 0.096 seconds
[2024-05-20T08:40:07.716+0000] {processor.py:161} INFO - Started process (PID=1182) to work on /home/airflow/.local/lib/python3.12/site-packages/airflow/example_dags/example_setup_teardown.py
[2024-05-20T08:40:07.717+0000] {processor.py:830} INFO - Processing file /home/airflow/.local/lib/python3.12/site-packages/airflow/example_dags/example_setup_teardown.py for tasks to queue
[2024-05-20T08:40:07.719+0000] {logging_mixin.py:188} INFO - [2024-05-20T08:40:07.719+0000] {dagbag.py:545} INFO - Filling up the DagBag from /home/airflow/.local/lib/python3.12/site-packages/airflow/example_dags/example_setup_teardown.py
[2024-05-20T08:40:07.726+0000] {processor.py:840} INFO - DAG(s) 'example_setup_teardown' retrieved from /home/airflow/.local/lib/python3.12/site-packages/airflow/example_dags/example_setup_teardown.py
[2024-05-20T08:40:07.751+0000] {logging_mixin.py:188} INFO - [2024-05-20T08:40:07.750+0000] {dag.py:3096} INFO - Sync 1 DAGs
[2024-05-20T08:40:07.775+0000] {logging_mixin.py:188} INFO - [2024-05-20T08:40:07.775+0000] {dag.py:3954} INFO - Setting next_dagrun for example_setup_teardown to 2024-05-19 00:00:00+00:00, run_after=2024-05-20 00:00:00+00:00
[2024-05-20T08:40:07.804+0000] {processor.py:183} INFO - Processing /home/airflow/.local/lib/python3.12/site-packages/airflow/example_dags/example_setup_teardown.py took 0.094 seconds
[2024-05-20T08:40:38.059+0000] {processor.py:161} INFO - Started process (PID=1248) to work on /home/airflow/.local/lib/python3.12/site-packages/airflow/example_dags/example_setup_teardown.py
[2024-05-20T08:40:38.061+0000] {processor.py:830} INFO - Processing file /home/airflow/.local/lib/python3.12/site-packages/airflow/example_dags/example_setup_teardown.py for tasks to queue
[2024-05-20T08:40:38.066+0000] {logging_mixin.py:188} INFO - [2024-05-20T08:40:38.065+0000] {dagbag.py:545} INFO - Filling up the DagBag from /home/airflow/.local/lib/python3.12/site-packages/airflow/example_dags/example_setup_teardown.py
[2024-05-20T08:40:38.077+0000] {processor.py:840} INFO - DAG(s) 'example_setup_teardown' retrieved from /home/airflow/.local/lib/python3.12/site-packages/airflow/example_dags/example_setup_teardown.py
[2024-05-20T08:40:38.106+0000] {logging_mixin.py:188} INFO - [2024-05-20T08:40:38.106+0000] {dag.py:3096} INFO - Sync 1 DAGs
[2024-05-20T08:40:38.137+0000] {logging_mixin.py:188} INFO - [2024-05-20T08:40:38.137+0000] {dag.py:3954} INFO - Setting next_dagrun for example_setup_teardown to 2024-05-19 00:00:00+00:00, run_after=2024-05-20 00:00:00+00:00
[2024-05-20T08:40:38.171+0000] {processor.py:183} INFO - Processing /home/airflow/.local/lib/python3.12/site-packages/airflow/example_dags/example_setup_teardown.py took 0.121 seconds
[2024-05-20T08:41:08.352+0000] {processor.py:161} INFO - Started process (PID=1311) to work on /home/airflow/.local/lib/python3.12/site-packages/airflow/example_dags/example_setup_teardown.py
[2024-05-20T08:41:08.353+0000] {processor.py:830} INFO - Processing file /home/airflow/.local/lib/python3.12/site-packages/airflow/example_dags/example_setup_teardown.py for tasks to queue
[2024-05-20T08:41:08.355+0000] {logging_mixin.py:188} INFO - [2024-05-20T08:41:08.355+0000] {dagbag.py:545} INFO - Filling up the DagBag from /home/airflow/.local/lib/python3.12/site-packages/airflow/example_dags/example_setup_teardown.py
[2024-05-20T08:41:08.361+0000] {processor.py:840} INFO - DAG(s) 'example_setup_teardown' retrieved from /home/airflow/.local/lib/python3.12/site-packages/airflow/example_dags/example_setup_teardown.py
[2024-05-20T08:41:08.381+0000] {logging_mixin.py:188} INFO - [2024-05-20T08:41:08.381+0000] {dag.py:3096} INFO - Sync 1 DAGs
[2024-05-20T08:41:08.403+0000] {logging_mixin.py:188} INFO - [2024-05-20T08:41:08.402+0000] {dag.py:3954} INFO - Setting next_dagrun for example_setup_teardown to 2024-05-19 00:00:00+00:00, run_after=2024-05-20 00:00:00+00:00
[2024-05-20T08:41:08.429+0000] {processor.py:183} INFO - Processing /home/airflow/.local/lib/python3.12/site-packages/airflow/example_dags/example_setup_teardown.py took 0.081 seconds
[2024-05-20T08:41:38.816+0000] {processor.py:161} INFO - Started process (PID=1374) to work on /home/airflow/.local/lib/python3.12/site-packages/airflow/example_dags/example_setup_teardown.py
[2024-05-20T08:41:38.817+0000] {processor.py:830} INFO - Processing file /home/airflow/.local/lib/python3.12/site-packages/airflow/example_dags/example_setup_teardown.py for tasks to queue
[2024-05-20T08:41:38.819+0000] {logging_mixin.py:188} INFO - [2024-05-20T08:41:38.818+0000] {dagbag.py:545} INFO - Filling up the DagBag from /home/airflow/.local/lib/python3.12/site-packages/airflow/example_dags/example_setup_teardown.py
[2024-05-20T08:41:38.834+0000] {processor.py:840} INFO - DAG(s) 'example_setup_teardown' retrieved from /home/airflow/.local/lib/python3.12/site-packages/airflow/example_dags/example_setup_teardown.py
[2024-05-20T08:41:38.868+0000] {logging_mixin.py:188} INFO - [2024-05-20T08:41:38.868+0000] {dag.py:3096} INFO - Sync 1 DAGs
[2024-05-20T08:41:38.910+0000] {logging_mixin.py:188} INFO - [2024-05-20T08:41:38.910+0000] {dag.py:3954} INFO - Setting next_dagrun for example_setup_teardown to 2024-05-19 00:00:00+00:00, run_after=2024-05-20 00:00:00+00:00
[2024-05-20T08:41:38.953+0000] {processor.py:183} INFO - Processing /home/airflow/.local/lib/python3.12/site-packages/airflow/example_dags/example_setup_teardown.py took 0.146 seconds
[2024-05-20T08:42:09.290+0000] {processor.py:161} INFO - Started process (PID=1436) to work on /home/airflow/.local/lib/python3.12/site-packages/airflow/example_dags/example_setup_teardown.py
[2024-05-20T08:42:09.292+0000] {processor.py:830} INFO - Processing file /home/airflow/.local/lib/python3.12/site-packages/airflow/example_dags/example_setup_teardown.py for tasks to queue
[2024-05-20T08:42:09.293+0000] {logging_mixin.py:188} INFO - [2024-05-20T08:42:09.292+0000] {dagbag.py:545} INFO - Filling up the DagBag from /home/airflow/.local/lib/python3.12/site-packages/airflow/example_dags/example_setup_teardown.py
[2024-05-20T08:42:09.301+0000] {processor.py:840} INFO - DAG(s) 'example_setup_teardown' retrieved from /home/airflow/.local/lib/python3.12/site-packages/airflow/example_dags/example_setup_teardown.py
[2024-05-20T08:42:09.324+0000] {logging_mixin.py:188} INFO - [2024-05-20T08:42:09.323+0000] {dag.py:3096} INFO - Sync 1 DAGs
[2024-05-20T08:42:09.348+0000] {logging_mixin.py:188} INFO - [2024-05-20T08:42:09.348+0000] {dag.py:3954} INFO - Setting next_dagrun for example_setup_teardown to 2024-05-19 00:00:00+00:00, run_after=2024-05-20 00:00:00+00:00
[2024-05-20T08:42:09.378+0000] {processor.py:183} INFO - Processing /home/airflow/.local/lib/python3.12/site-packages/airflow/example_dags/example_setup_teardown.py took 0.093 seconds
[2024-05-20T08:42:39.690+0000] {processor.py:161} INFO - Started process (PID=1497) to work on /home/airflow/.local/lib/python3.12/site-packages/airflow/example_dags/example_setup_teardown.py
[2024-05-20T08:42:39.692+0000] {processor.py:830} INFO - Processing file /home/airflow/.local/lib/python3.12/site-packages/airflow/example_dags/example_setup_teardown.py for tasks to queue
[2024-05-20T08:42:39.693+0000] {logging_mixin.py:188} INFO - [2024-05-20T08:42:39.693+0000] {dagbag.py:545} INFO - Filling up the DagBag from /home/airflow/.local/lib/python3.12/site-packages/airflow/example_dags/example_setup_teardown.py
[2024-05-20T08:42:39.700+0000] {processor.py:840} INFO - DAG(s) 'example_setup_teardown' retrieved from /home/airflow/.local/lib/python3.12/site-packages/airflow/example_dags/example_setup_teardown.py
[2024-05-20T08:42:39.724+0000] {logging_mixin.py:188} INFO - [2024-05-20T08:42:39.723+0000] {dag.py:3096} INFO - Sync 1 DAGs
[2024-05-20T08:42:39.751+0000] {logging_mixin.py:188} INFO - [2024-05-20T08:42:39.751+0000] {dag.py:3954} INFO - Setting next_dagrun for example_setup_teardown to 2024-05-19 00:00:00+00:00, run_after=2024-05-20 00:00:00+00:00
[2024-05-20T08:42:39.780+0000] {processor.py:183} INFO - Processing /home/airflow/.local/lib/python3.12/site-packages/airflow/example_dags/example_setup_teardown.py took 0.097 seconds
[2024-05-20T08:43:10.334+0000] {processor.py:161} INFO - Started process (PID=1558) to work on /home/airflow/.local/lib/python3.12/site-packages/airflow/example_dags/example_setup_teardown.py
[2024-05-20T08:43:10.336+0000] {processor.py:830} INFO - Processing file /home/airflow/.local/lib/python3.12/site-packages/airflow/example_dags/example_setup_teardown.py for tasks to queue
[2024-05-20T08:43:10.338+0000] {logging_mixin.py:188} INFO - [2024-05-20T08:43:10.337+0000] {dagbag.py:545} INFO - Filling up the DagBag from /home/airflow/.local/lib/python3.12/site-packages/airflow/example_dags/example_setup_teardown.py
[2024-05-20T08:43:10.350+0000] {processor.py:840} INFO - DAG(s) 'example_setup_teardown' retrieved from /home/airflow/.local/lib/python3.12/site-packages/airflow/example_dags/example_setup_teardown.py
[2024-05-20T08:43:10.382+0000] {logging_mixin.py:188} INFO - [2024-05-20T08:43:10.382+0000] {dag.py:3096} INFO - Sync 1 DAGs
[2024-05-20T08:43:10.422+0000] {logging_mixin.py:188} INFO - [2024-05-20T08:43:10.422+0000] {dag.py:3954} INFO - Setting next_dagrun for example_setup_teardown to 2024-05-19 00:00:00+00:00, run_after=2024-05-20 00:00:00+00:00
[2024-05-20T08:43:10.451+0000] {processor.py:183} INFO - Processing /home/airflow/.local/lib/python3.12/site-packages/airflow/example_dags/example_setup_teardown.py took 0.125 seconds
[2024-05-20T08:43:41.289+0000] {processor.py:161} INFO - Started process (PID=1617) to work on /home/airflow/.local/lib/python3.12/site-packages/airflow/example_dags/example_setup_teardown.py
[2024-05-20T08:43:41.290+0000] {processor.py:830} INFO - Processing file /home/airflow/.local/lib/python3.12/site-packages/airflow/example_dags/example_setup_teardown.py for tasks to queue
[2024-05-20T08:43:41.291+0000] {logging_mixin.py:188} INFO - [2024-05-20T08:43:41.291+0000] {dagbag.py:545} INFO - Filling up the DagBag from /home/airflow/.local/lib/python3.12/site-packages/airflow/example_dags/example_setup_teardown.py
[2024-05-20T08:43:41.300+0000] {processor.py:840} INFO - DAG(s) 'example_setup_teardown' retrieved from /home/airflow/.local/lib/python3.12/site-packages/airflow/example_dags/example_setup_teardown.py
[2024-05-20T08:43:41.325+0000] {logging_mixin.py:188} INFO - [2024-05-20T08:43:41.324+0000] {dag.py:3096} INFO - Sync 1 DAGs
[2024-05-20T08:43:41.524+0000] {logging_mixin.py:188} INFO - [2024-05-20T08:43:41.523+0000] {dag.py:3954} INFO - Setting next_dagrun for example_setup_teardown to 2024-05-19 00:00:00+00:00, run_after=2024-05-20 00:00:00+00:00
[2024-05-20T08:43:41.549+0000] {processor.py:183} INFO - Processing /home/airflow/.local/lib/python3.12/site-packages/airflow/example_dags/example_setup_teardown.py took 0.269 seconds
[2024-05-20T08:44:11.796+0000] {processor.py:161} INFO - Started process (PID=1678) to work on /home/airflow/.local/lib/python3.12/site-packages/airflow/example_dags/example_setup_teardown.py
[2024-05-20T08:44:11.797+0000] {processor.py:830} INFO - Processing file /home/airflow/.local/lib/python3.12/site-packages/airflow/example_dags/example_setup_teardown.py for tasks to queue
[2024-05-20T08:44:11.800+0000] {logging_mixin.py:188} INFO - [2024-05-20T08:44:11.799+0000] {dagbag.py:545} INFO - Filling up the DagBag from /home/airflow/.local/lib/python3.12/site-packages/airflow/example_dags/example_setup_teardown.py
[2024-05-20T08:44:11.812+0000] {processor.py:840} INFO - DAG(s) 'example_setup_teardown' retrieved from /home/airflow/.local/lib/python3.12/site-packages/airflow/example_dags/example_setup_teardown.py
[2024-05-20T08:44:11.841+0000] {logging_mixin.py:188} INFO - [2024-05-20T08:44:11.841+0000] {dag.py:3096} INFO - Sync 1 DAGs
[2024-05-20T08:44:11.895+0000] {logging_mixin.py:188} INFO - [2024-05-20T08:44:11.895+0000] {dag.py:3954} INFO - Setting next_dagrun for example_setup_teardown to 2024-05-19 00:00:00+00:00, run_after=2024-05-20 00:00:00+00:00
[2024-05-20T08:44:11.942+0000] {processor.py:183} INFO - Processing /home/airflow/.local/lib/python3.12/site-packages/airflow/example_dags/example_setup_teardown.py took 0.154 seconds
[2024-05-20T08:44:42.418+0000] {processor.py:161} INFO - Started process (PID=1739) to work on /home/airflow/.local/lib/python3.12/site-packages/airflow/example_dags/example_setup_teardown.py
[2024-05-20T08:44:42.419+0000] {processor.py:830} INFO - Processing file /home/airflow/.local/lib/python3.12/site-packages/airflow/example_dags/example_setup_teardown.py for tasks to queue
[2024-05-20T08:44:42.420+0000] {logging_mixin.py:188} INFO - [2024-05-20T08:44:42.419+0000] {dagbag.py:545} INFO - Filling up the DagBag from /home/airflow/.local/lib/python3.12/site-packages/airflow/example_dags/example_setup_teardown.py
[2024-05-20T08:44:42.426+0000] {processor.py:840} INFO - DAG(s) 'example_setup_teardown' retrieved from /home/airflow/.local/lib/python3.12/site-packages/airflow/example_dags/example_setup_teardown.py
[2024-05-20T08:44:42.449+0000] {logging_mixin.py:188} INFO - [2024-05-20T08:44:42.449+0000] {dag.py:3096} INFO - Sync 1 DAGs
[2024-05-20T08:44:42.472+0000] {logging_mixin.py:188} INFO - [2024-05-20T08:44:42.472+0000] {dag.py:3954} INFO - Setting next_dagrun for example_setup_teardown to 2024-05-19 00:00:00+00:00, run_after=2024-05-20 00:00:00+00:00
[2024-05-20T08:44:42.499+0000] {processor.py:183} INFO - Processing /home/airflow/.local/lib/python3.12/site-packages/airflow/example_dags/example_setup_teardown.py took 0.087 seconds
[2024-05-20T08:45:13.167+0000] {processor.py:161} INFO - Started process (PID=1802) to work on /home/airflow/.local/lib/python3.12/site-packages/airflow/example_dags/example_setup_teardown.py
[2024-05-20T08:45:13.168+0000] {processor.py:830} INFO - Processing file /home/airflow/.local/lib/python3.12/site-packages/airflow/example_dags/example_setup_teardown.py for tasks to queue
[2024-05-20T08:45:13.169+0000] {logging_mixin.py:188} INFO - [2024-05-20T08:45:13.169+0000] {dagbag.py:545} INFO - Filling up the DagBag from /home/airflow/.local/lib/python3.12/site-packages/airflow/example_dags/example_setup_teardown.py
[2024-05-20T08:45:13.177+0000] {processor.py:840} INFO - DAG(s) 'example_setup_teardown' retrieved from /home/airflow/.local/lib/python3.12/site-packages/airflow/example_dags/example_setup_teardown.py
[2024-05-20T08:45:13.205+0000] {logging_mixin.py:188} INFO - [2024-05-20T08:45:13.205+0000] {dag.py:3096} INFO - Sync 1 DAGs
[2024-05-20T08:45:13.229+0000] {logging_mixin.py:188} INFO - [2024-05-20T08:45:13.229+0000] {dag.py:3954} INFO - Setting next_dagrun for example_setup_teardown to 2024-05-19 00:00:00+00:00, run_after=2024-05-20 00:00:00+00:00
[2024-05-20T08:45:13.252+0000] {processor.py:183} INFO - Processing /home/airflow/.local/lib/python3.12/site-packages/airflow/example_dags/example_setup_teardown.py took 0.092 seconds
[2024-05-20T08:45:43.344+0000] {processor.py:161} INFO - Started process (PID=1864) to work on /home/airflow/.local/lib/python3.12/site-packages/airflow/example_dags/example_setup_teardown.py
[2024-05-20T08:45:43.346+0000] {processor.py:830} INFO - Processing file /home/airflow/.local/lib/python3.12/site-packages/airflow/example_dags/example_setup_teardown.py for tasks to queue
[2024-05-20T08:45:43.347+0000] {logging_mixin.py:188} INFO - [2024-05-20T08:45:43.346+0000] {dagbag.py:545} INFO - Filling up the DagBag from /home/airflow/.local/lib/python3.12/site-packages/airflow/example_dags/example_setup_teardown.py
[2024-05-20T08:45:43.354+0000] {processor.py:840} INFO - DAG(s) 'example_setup_teardown' retrieved from /home/airflow/.local/lib/python3.12/site-packages/airflow/example_dags/example_setup_teardown.py
[2024-05-20T08:45:43.378+0000] {logging_mixin.py:188} INFO - [2024-05-20T08:45:43.378+0000] {dag.py:3096} INFO - Sync 1 DAGs
[2024-05-20T08:45:43.408+0000] {logging_mixin.py:188} INFO - [2024-05-20T08:45:43.408+0000] {dag.py:3954} INFO - Setting next_dagrun for example_setup_teardown to 2024-05-19 00:00:00+00:00, run_after=2024-05-20 00:00:00+00:00
[2024-05-20T08:45:43.435+0000] {processor.py:183} INFO - Processing /home/airflow/.local/lib/python3.12/site-packages/airflow/example_dags/example_setup_teardown.py took 0.099 seconds
[2024-05-20T08:46:14.118+0000] {processor.py:161} INFO - Started process (PID=1930) to work on /home/airflow/.local/lib/python3.12/site-packages/airflow/example_dags/example_setup_teardown.py
[2024-05-20T08:46:14.120+0000] {processor.py:830} INFO - Processing file /home/airflow/.local/lib/python3.12/site-packages/airflow/example_dags/example_setup_teardown.py for tasks to queue
[2024-05-20T08:46:14.121+0000] {logging_mixin.py:188} INFO - [2024-05-20T08:46:14.120+0000] {dagbag.py:545} INFO - Filling up the DagBag from /home/airflow/.local/lib/python3.12/site-packages/airflow/example_dags/example_setup_teardown.py
[2024-05-20T08:46:14.129+0000] {processor.py:840} INFO - DAG(s) 'example_setup_teardown' retrieved from /home/airflow/.local/lib/python3.12/site-packages/airflow/example_dags/example_setup_teardown.py
[2024-05-20T08:46:14.152+0000] {logging_mixin.py:188} INFO - [2024-05-20T08:46:14.151+0000] {dag.py:3096} INFO - Sync 1 DAGs
[2024-05-20T08:46:14.178+0000] {logging_mixin.py:188} INFO - [2024-05-20T08:46:14.178+0000] {dag.py:3954} INFO - Setting next_dagrun for example_setup_teardown to 2024-05-19 00:00:00+00:00, run_after=2024-05-20 00:00:00+00:00
[2024-05-20T08:46:14.206+0000] {processor.py:183} INFO - Processing /home/airflow/.local/lib/python3.12/site-packages/airflow/example_dags/example_setup_teardown.py took 0.093 seconds
[2024-05-20T08:46:44.598+0000] {processor.py:161} INFO - Started process (PID=1992) to work on /home/airflow/.local/lib/python3.12/site-packages/airflow/example_dags/example_setup_teardown.py
[2024-05-20T08:46:44.600+0000] {processor.py:830} INFO - Processing file /home/airflow/.local/lib/python3.12/site-packages/airflow/example_dags/example_setup_teardown.py for tasks to queue
[2024-05-20T08:46:44.601+0000] {logging_mixin.py:188} INFO - [2024-05-20T08:46:44.600+0000] {dagbag.py:545} INFO - Filling up the DagBag from /home/airflow/.local/lib/python3.12/site-packages/airflow/example_dags/example_setup_teardown.py
[2024-05-20T08:46:44.608+0000] {processor.py:840} INFO - DAG(s) 'example_setup_teardown' retrieved from /home/airflow/.local/lib/python3.12/site-packages/airflow/example_dags/example_setup_teardown.py
[2024-05-20T08:46:44.629+0000] {logging_mixin.py:188} INFO - [2024-05-20T08:46:44.629+0000] {dag.py:3096} INFO - Sync 1 DAGs
[2024-05-20T08:46:44.653+0000] {logging_mixin.py:188} INFO - [2024-05-20T08:46:44.653+0000] {dag.py:3954} INFO - Setting next_dagrun for example_setup_teardown to 2024-05-19 00:00:00+00:00, run_after=2024-05-20 00:00:00+00:00
[2024-05-20T08:46:44.675+0000] {processor.py:183} INFO - Processing /home/airflow/.local/lib/python3.12/site-packages/airflow/example_dags/example_setup_teardown.py took 0.082 seconds
[2024-05-20T08:47:14.837+0000] {processor.py:161} INFO - Started process (PID=2053) to work on /home/airflow/.local/lib/python3.12/site-packages/airflow/example_dags/example_setup_teardown.py
[2024-05-20T08:47:14.839+0000] {processor.py:830} INFO - Processing file /home/airflow/.local/lib/python3.12/site-packages/airflow/example_dags/example_setup_teardown.py for tasks to queue
[2024-05-20T08:47:14.841+0000] {logging_mixin.py:188} INFO - [2024-05-20T08:47:14.840+0000] {dagbag.py:545} INFO - Filling up the DagBag from /home/airflow/.local/lib/python3.12/site-packages/airflow/example_dags/example_setup_teardown.py
[2024-05-20T08:47:14.853+0000] {processor.py:840} INFO - DAG(s) 'example_setup_teardown' retrieved from /home/airflow/.local/lib/python3.12/site-packages/airflow/example_dags/example_setup_teardown.py
[2024-05-20T08:47:14.887+0000] {logging_mixin.py:188} INFO - [2024-05-20T08:47:14.886+0000] {dag.py:3096} INFO - Sync 1 DAGs
[2024-05-20T08:47:14.923+0000] {logging_mixin.py:188} INFO - [2024-05-20T08:47:14.923+0000] {dag.py:3954} INFO - Setting next_dagrun for example_setup_teardown to 2024-05-19 00:00:00+00:00, run_after=2024-05-20 00:00:00+00:00
[2024-05-20T08:47:14.962+0000] {processor.py:183} INFO - Processing /home/airflow/.local/lib/python3.12/site-packages/airflow/example_dags/example_setup_teardown.py took 0.134 seconds
[2024-05-20T08:47:45.235+0000] {processor.py:161} INFO - Started process (PID=2114) to work on /home/airflow/.local/lib/python3.12/site-packages/airflow/example_dags/example_setup_teardown.py
[2024-05-20T08:47:45.237+0000] {processor.py:830} INFO - Processing file /home/airflow/.local/lib/python3.12/site-packages/airflow/example_dags/example_setup_teardown.py for tasks to queue
[2024-05-20T08:47:45.238+0000] {logging_mixin.py:188} INFO - [2024-05-20T08:47:45.237+0000] {dagbag.py:545} INFO - Filling up the DagBag from /home/airflow/.local/lib/python3.12/site-packages/airflow/example_dags/example_setup_teardown.py
[2024-05-20T08:47:45.244+0000] {processor.py:840} INFO - DAG(s) 'example_setup_teardown' retrieved from /home/airflow/.local/lib/python3.12/site-packages/airflow/example_dags/example_setup_teardown.py
[2024-05-20T08:47:45.267+0000] {logging_mixin.py:188} INFO - [2024-05-20T08:47:45.267+0000] {dag.py:3096} INFO - Sync 1 DAGs
[2024-05-20T08:47:45.290+0000] {logging_mixin.py:188} INFO - [2024-05-20T08:47:45.289+0000] {dag.py:3954} INFO - Setting next_dagrun for example_setup_teardown to 2024-05-19 00:00:00+00:00, run_after=2024-05-20 00:00:00+00:00
[2024-05-20T08:47:45.310+0000] {processor.py:183} INFO - Processing /home/airflow/.local/lib/python3.12/site-packages/airflow/example_dags/example_setup_teardown.py took 0.080 seconds
[2024-05-20T08:48:16.129+0000] {processor.py:161} INFO - Started process (PID=2175) to work on /home/airflow/.local/lib/python3.12/site-packages/airflow/example_dags/example_setup_teardown.py
[2024-05-20T08:48:16.131+0000] {processor.py:830} INFO - Processing file /home/airflow/.local/lib/python3.12/site-packages/airflow/example_dags/example_setup_teardown.py for tasks to queue
[2024-05-20T08:48:16.132+0000] {logging_mixin.py:188} INFO - [2024-05-20T08:48:16.132+0000] {dagbag.py:545} INFO - Filling up the DagBag from /home/airflow/.local/lib/python3.12/site-packages/airflow/example_dags/example_setup_teardown.py
[2024-05-20T08:48:16.142+0000] {processor.py:840} INFO - DAG(s) 'example_setup_teardown' retrieved from /home/airflow/.local/lib/python3.12/site-packages/airflow/example_dags/example_setup_teardown.py
[2024-05-20T08:48:16.166+0000] {logging_mixin.py:188} INFO - [2024-05-20T08:48:16.166+0000] {dag.py:3096} INFO - Sync 1 DAGs
[2024-05-20T08:48:16.198+0000] {logging_mixin.py:188} INFO - [2024-05-20T08:48:16.198+0000] {dag.py:3954} INFO - Setting next_dagrun for example_setup_teardown to 2024-05-19 00:00:00+00:00, run_after=2024-05-20 00:00:00+00:00
[2024-05-20T08:48:16.241+0000] {processor.py:183} INFO - Processing /home/airflow/.local/lib/python3.12/site-packages/airflow/example_dags/example_setup_teardown.py took 0.119 seconds
[2024-05-20T08:48:46.591+0000] {processor.py:161} INFO - Started process (PID=2236) to work on /home/airflow/.local/lib/python3.12/site-packages/airflow/example_dags/example_setup_teardown.py
[2024-05-20T08:48:46.593+0000] {processor.py:830} INFO - Processing file /home/airflow/.local/lib/python3.12/site-packages/airflow/example_dags/example_setup_teardown.py for tasks to queue
[2024-05-20T08:48:46.594+0000] {logging_mixin.py:188} INFO - [2024-05-20T08:48:46.593+0000] {dagbag.py:545} INFO - Filling up the DagBag from /home/airflow/.local/lib/python3.12/site-packages/airflow/example_dags/example_setup_teardown.py
[2024-05-20T08:48:46.600+0000] {processor.py:840} INFO - DAG(s) 'example_setup_teardown' retrieved from /home/airflow/.local/lib/python3.12/site-packages/airflow/example_dags/example_setup_teardown.py
[2024-05-20T08:48:46.623+0000] {logging_mixin.py:188} INFO - [2024-05-20T08:48:46.622+0000] {dag.py:3096} INFO - Sync 1 DAGs
[2024-05-20T08:48:46.645+0000] {logging_mixin.py:188} INFO - [2024-05-20T08:48:46.645+0000] {dag.py:3954} INFO - Setting next_dagrun for example_setup_teardown to 2024-05-19 00:00:00+00:00, run_after=2024-05-20 00:00:00+00:00
[2024-05-20T08:48:46.667+0000] {processor.py:183} INFO - Processing /home/airflow/.local/lib/python3.12/site-packages/airflow/example_dags/example_setup_teardown.py took 0.081 seconds
[2024-05-20T08:49:17.065+0000] {processor.py:161} INFO - Started process (PID=2297) to work on /home/airflow/.local/lib/python3.12/site-packages/airflow/example_dags/example_setup_teardown.py
[2024-05-20T08:49:17.066+0000] {processor.py:830} INFO - Processing file /home/airflow/.local/lib/python3.12/site-packages/airflow/example_dags/example_setup_teardown.py for tasks to queue
[2024-05-20T08:49:17.068+0000] {logging_mixin.py:188} INFO - [2024-05-20T08:49:17.068+0000] {dagbag.py:545} INFO - Filling up the DagBag from /home/airflow/.local/lib/python3.12/site-packages/airflow/example_dags/example_setup_teardown.py
[2024-05-20T08:49:17.076+0000] {processor.py:840} INFO - DAG(s) 'example_setup_teardown' retrieved from /home/airflow/.local/lib/python3.12/site-packages/airflow/example_dags/example_setup_teardown.py
[2024-05-20T08:49:17.096+0000] {logging_mixin.py:188} INFO - [2024-05-20T08:49:17.096+0000] {dag.py:3096} INFO - Sync 1 DAGs
[2024-05-20T08:49:17.120+0000] {logging_mixin.py:188} INFO - [2024-05-20T08:49:17.119+0000] {dag.py:3954} INFO - Setting next_dagrun for example_setup_teardown to 2024-05-19 00:00:00+00:00, run_after=2024-05-20 00:00:00+00:00
[2024-05-20T08:49:17.141+0000] {processor.py:183} INFO - Processing /home/airflow/.local/lib/python3.12/site-packages/airflow/example_dags/example_setup_teardown.py took 0.084 seconds
[2024-05-20T08:49:47.677+0000] {processor.py:161} INFO - Started process (PID=2358) to work on /home/airflow/.local/lib/python3.12/site-packages/airflow/example_dags/example_setup_teardown.py
[2024-05-20T08:49:47.679+0000] {processor.py:830} INFO - Processing file /home/airflow/.local/lib/python3.12/site-packages/airflow/example_dags/example_setup_teardown.py for tasks to queue
[2024-05-20T08:49:47.680+0000] {logging_mixin.py:188} INFO - [2024-05-20T08:49:47.679+0000] {dagbag.py:545} INFO - Filling up the DagBag from /home/airflow/.local/lib/python3.12/site-packages/airflow/example_dags/example_setup_teardown.py
[2024-05-20T08:49:47.687+0000] {processor.py:840} INFO - DAG(s) 'example_setup_teardown' retrieved from /home/airflow/.local/lib/python3.12/site-packages/airflow/example_dags/example_setup_teardown.py
[2024-05-20T08:49:47.707+0000] {logging_mixin.py:188} INFO - [2024-05-20T08:49:47.707+0000] {dag.py:3096} INFO - Sync 1 DAGs
[2024-05-20T08:49:47.733+0000] {logging_mixin.py:188} INFO - [2024-05-20T08:49:47.733+0000] {dag.py:3954} INFO - Setting next_dagrun for example_setup_teardown to 2024-05-19 00:00:00+00:00, run_after=2024-05-20 00:00:00+00:00
[2024-05-20T08:49:47.756+0000] {processor.py:183} INFO - Processing /home/airflow/.local/lib/python3.12/site-packages/airflow/example_dags/example_setup_teardown.py took 0.086 seconds
[2024-05-20T08:50:17.873+0000] {processor.py:161} INFO - Started process (PID=2420) to work on /home/airflow/.local/lib/python3.12/site-packages/airflow/example_dags/example_setup_teardown.py
[2024-05-20T08:50:17.875+0000] {processor.py:830} INFO - Processing file /home/airflow/.local/lib/python3.12/site-packages/airflow/example_dags/example_setup_teardown.py for tasks to queue
[2024-05-20T08:50:17.876+0000] {logging_mixin.py:188} INFO - [2024-05-20T08:50:17.875+0000] {dagbag.py:545} INFO - Filling up the DagBag from /home/airflow/.local/lib/python3.12/site-packages/airflow/example_dags/example_setup_teardown.py
[2024-05-20T08:50:17.884+0000] {processor.py:840} INFO - DAG(s) 'example_setup_teardown' retrieved from /home/airflow/.local/lib/python3.12/site-packages/airflow/example_dags/example_setup_teardown.py
[2024-05-20T08:50:17.905+0000] {logging_mixin.py:188} INFO - [2024-05-20T08:50:17.904+0000] {dag.py:3096} INFO - Sync 1 DAGs
[2024-05-20T08:50:17.927+0000] {logging_mixin.py:188} INFO - [2024-05-20T08:50:17.927+0000] {dag.py:3954} INFO - Setting next_dagrun for example_setup_teardown to 2024-05-19 00:00:00+00:00, run_after=2024-05-20 00:00:00+00:00
[2024-05-20T08:50:17.946+0000] {processor.py:183} INFO - Processing /home/airflow/.local/lib/python3.12/site-packages/airflow/example_dags/example_setup_teardown.py took 0.081 seconds
[2024-05-20T08:50:48.456+0000] {processor.py:161} INFO - Started process (PID=2482) to work on /home/airflow/.local/lib/python3.12/site-packages/airflow/example_dags/example_setup_teardown.py
[2024-05-20T08:50:48.458+0000] {processor.py:830} INFO - Processing file /home/airflow/.local/lib/python3.12/site-packages/airflow/example_dags/example_setup_teardown.py for tasks to queue
[2024-05-20T08:50:48.460+0000] {logging_mixin.py:188} INFO - [2024-05-20T08:50:48.459+0000] {dagbag.py:545} INFO - Filling up the DagBag from /home/airflow/.local/lib/python3.12/site-packages/airflow/example_dags/example_setup_teardown.py
[2024-05-20T08:50:48.471+0000] {processor.py:840} INFO - DAG(s) 'example_setup_teardown' retrieved from /home/airflow/.local/lib/python3.12/site-packages/airflow/example_dags/example_setup_teardown.py
[2024-05-20T08:50:48.501+0000] {logging_mixin.py:188} INFO - [2024-05-20T08:50:48.501+0000] {dag.py:3096} INFO - Sync 1 DAGs
[2024-05-20T08:50:48.531+0000] {logging_mixin.py:188} INFO - [2024-05-20T08:50:48.531+0000] {dag.py:3954} INFO - Setting next_dagrun for example_setup_teardown to 2024-05-19 00:00:00+00:00, run_after=2024-05-20 00:00:00+00:00
[2024-05-20T08:50:48.558+0000] {processor.py:183} INFO - Processing /home/airflow/.local/lib/python3.12/site-packages/airflow/example_dags/example_setup_teardown.py took 0.111 seconds
[2024-05-20T08:51:18.697+0000] {processor.py:161} INFO - Started process (PID=2544) to work on /home/airflow/.local/lib/python3.12/site-packages/airflow/example_dags/example_setup_teardown.py
[2024-05-20T08:51:18.699+0000] {processor.py:830} INFO - Processing file /home/airflow/.local/lib/python3.12/site-packages/airflow/example_dags/example_setup_teardown.py for tasks to queue
[2024-05-20T08:51:18.700+0000] {logging_mixin.py:188} INFO - [2024-05-20T08:51:18.700+0000] {dagbag.py:545} INFO - Filling up the DagBag from /home/airflow/.local/lib/python3.12/site-packages/airflow/example_dags/example_setup_teardown.py
[2024-05-20T08:51:18.708+0000] {processor.py:840} INFO - DAG(s) 'example_setup_teardown' retrieved from /home/airflow/.local/lib/python3.12/site-packages/airflow/example_dags/example_setup_teardown.py
[2024-05-20T08:51:18.730+0000] {logging_mixin.py:188} INFO - [2024-05-20T08:51:18.730+0000] {dag.py:3096} INFO - Sync 1 DAGs
[2024-05-20T08:51:18.757+0000] {logging_mixin.py:188} INFO - [2024-05-20T08:51:18.756+0000] {dag.py:3954} INFO - Setting next_dagrun for example_setup_teardown to 2024-05-19 00:00:00+00:00, run_after=2024-05-20 00:00:00+00:00
[2024-05-20T08:51:18.781+0000] {processor.py:183} INFO - Processing /home/airflow/.local/lib/python3.12/site-packages/airflow/example_dags/example_setup_teardown.py took 0.090 seconds
[2024-05-20T08:51:48.954+0000] {processor.py:161} INFO - Started process (PID=2607) to work on /home/airflow/.local/lib/python3.12/site-packages/airflow/example_dags/example_setup_teardown.py
[2024-05-20T08:51:48.955+0000] {processor.py:830} INFO - Processing file /home/airflow/.local/lib/python3.12/site-packages/airflow/example_dags/example_setup_teardown.py for tasks to queue
[2024-05-20T08:51:48.957+0000] {logging_mixin.py:188} INFO - [2024-05-20T08:51:48.956+0000] {dagbag.py:545} INFO - Filling up the DagBag from /home/airflow/.local/lib/python3.12/site-packages/airflow/example_dags/example_setup_teardown.py
[2024-05-20T08:51:48.965+0000] {processor.py:840} INFO - DAG(s) 'example_setup_teardown' retrieved from /home/airflow/.local/lib/python3.12/site-packages/airflow/example_dags/example_setup_teardown.py
[2024-05-20T08:51:48.989+0000] {logging_mixin.py:188} INFO - [2024-05-20T08:51:48.989+0000] {dag.py:3096} INFO - Sync 1 DAGs
[2024-05-20T08:51:49.014+0000] {logging_mixin.py:188} INFO - [2024-05-20T08:51:49.014+0000] {dag.py:3954} INFO - Setting next_dagrun for example_setup_teardown to 2024-05-19 00:00:00+00:00, run_after=2024-05-20 00:00:00+00:00
[2024-05-20T08:51:49.038+0000] {processor.py:183} INFO - Processing /home/airflow/.local/lib/python3.12/site-packages/airflow/example_dags/example_setup_teardown.py took 0.090 seconds
[2024-05-20T08:52:19.259+0000] {processor.py:161} INFO - Started process (PID=2669) to work on /home/airflow/.local/lib/python3.12/site-packages/airflow/example_dags/example_setup_teardown.py
[2024-05-20T08:52:19.260+0000] {processor.py:830} INFO - Processing file /home/airflow/.local/lib/python3.12/site-packages/airflow/example_dags/example_setup_teardown.py for tasks to queue
[2024-05-20T08:52:19.262+0000] {logging_mixin.py:188} INFO - [2024-05-20T08:52:19.261+0000] {dagbag.py:545} INFO - Filling up the DagBag from /home/airflow/.local/lib/python3.12/site-packages/airflow/example_dags/example_setup_teardown.py
[2024-05-20T08:52:19.272+0000] {processor.py:840} INFO - DAG(s) 'example_setup_teardown' retrieved from /home/airflow/.local/lib/python3.12/site-packages/airflow/example_dags/example_setup_teardown.py
[2024-05-20T08:52:19.300+0000] {logging_mixin.py:188} INFO - [2024-05-20T08:52:19.300+0000] {dag.py:3096} INFO - Sync 1 DAGs
[2024-05-20T08:52:19.329+0000] {logging_mixin.py:188} INFO - [2024-05-20T08:52:19.328+0000] {dag.py:3954} INFO - Setting next_dagrun for example_setup_teardown to 2024-05-19 00:00:00+00:00, run_after=2024-05-20 00:00:00+00:00
[2024-05-20T08:52:19.363+0000] {processor.py:183} INFO - Processing /home/airflow/.local/lib/python3.12/site-packages/airflow/example_dags/example_setup_teardown.py took 0.112 seconds
[2024-05-20T08:52:50.181+0000] {processor.py:161} INFO - Started process (PID=2731) to work on /home/airflow/.local/lib/python3.12/site-packages/airflow/example_dags/example_setup_teardown.py
[2024-05-20T08:52:50.182+0000] {processor.py:830} INFO - Processing file /home/airflow/.local/lib/python3.12/site-packages/airflow/example_dags/example_setup_teardown.py for tasks to queue
[2024-05-20T08:52:50.183+0000] {logging_mixin.py:188} INFO - [2024-05-20T08:52:50.183+0000] {dagbag.py:545} INFO - Filling up the DagBag from /home/airflow/.local/lib/python3.12/site-packages/airflow/example_dags/example_setup_teardown.py
[2024-05-20T08:52:50.192+0000] {processor.py:840} INFO - DAG(s) 'example_setup_teardown' retrieved from /home/airflow/.local/lib/python3.12/site-packages/airflow/example_dags/example_setup_teardown.py
[2024-05-20T08:52:50.212+0000] {logging_mixin.py:188} INFO - [2024-05-20T08:52:50.212+0000] {dag.py:3096} INFO - Sync 1 DAGs
[2024-05-20T08:52:50.238+0000] {logging_mixin.py:188} INFO - [2024-05-20T08:52:50.238+0000] {dag.py:3954} INFO - Setting next_dagrun for example_setup_teardown to 2024-05-19 00:00:00+00:00, run_after=2024-05-20 00:00:00+00:00
[2024-05-20T08:52:50.261+0000] {processor.py:183} INFO - Processing /home/airflow/.local/lib/python3.12/site-packages/airflow/example_dags/example_setup_teardown.py took 0.085 seconds
[2024-05-20T08:53:20.542+0000] {processor.py:161} INFO - Started process (PID=2795) to work on /home/airflow/.local/lib/python3.12/site-packages/airflow/example_dags/example_setup_teardown.py
[2024-05-20T08:53:20.544+0000] {processor.py:830} INFO - Processing file /home/airflow/.local/lib/python3.12/site-packages/airflow/example_dags/example_setup_teardown.py for tasks to queue
[2024-05-20T08:53:20.545+0000] {logging_mixin.py:188} INFO - [2024-05-20T08:53:20.544+0000] {dagbag.py:545} INFO - Filling up the DagBag from /home/airflow/.local/lib/python3.12/site-packages/airflow/example_dags/example_setup_teardown.py
[2024-05-20T08:53:20.556+0000] {processor.py:840} INFO - DAG(s) 'example_setup_teardown' retrieved from /home/airflow/.local/lib/python3.12/site-packages/airflow/example_dags/example_setup_teardown.py
[2024-05-20T08:53:20.580+0000] {logging_mixin.py:188} INFO - [2024-05-20T08:53:20.580+0000] {dag.py:3096} INFO - Sync 1 DAGs
[2024-05-20T08:53:20.607+0000] {logging_mixin.py:188} INFO - [2024-05-20T08:53:20.607+0000] {dag.py:3954} INFO - Setting next_dagrun for example_setup_teardown to 2024-05-19 00:00:00+00:00, run_after=2024-05-20 00:00:00+00:00
[2024-05-20T08:53:20.634+0000] {processor.py:183} INFO - Processing /home/airflow/.local/lib/python3.12/site-packages/airflow/example_dags/example_setup_teardown.py took 0.100 seconds
[2024-05-20T08:53:50.827+0000] {processor.py:161} INFO - Started process (PID=2858) to work on /home/airflow/.local/lib/python3.12/site-packages/airflow/example_dags/example_setup_teardown.py
[2024-05-20T08:53:50.828+0000] {processor.py:830} INFO - Processing file /home/airflow/.local/lib/python3.12/site-packages/airflow/example_dags/example_setup_teardown.py for tasks to queue
[2024-05-20T08:53:50.829+0000] {logging_mixin.py:188} INFO - [2024-05-20T08:53:50.828+0000] {dagbag.py:545} INFO - Filling up the DagBag from /home/airflow/.local/lib/python3.12/site-packages/airflow/example_dags/example_setup_teardown.py
[2024-05-20T08:53:50.836+0000] {processor.py:840} INFO - DAG(s) 'example_setup_teardown' retrieved from /home/airflow/.local/lib/python3.12/site-packages/airflow/example_dags/example_setup_teardown.py
[2024-05-20T08:53:50.857+0000] {logging_mixin.py:188} INFO - [2024-05-20T08:53:50.856+0000] {dag.py:3096} INFO - Sync 1 DAGs
[2024-05-20T08:53:50.877+0000] {logging_mixin.py:188} INFO - [2024-05-20T08:53:50.877+0000] {dag.py:3954} INFO - Setting next_dagrun for example_setup_teardown to 2024-05-19 00:00:00+00:00, run_after=2024-05-20 00:00:00+00:00
[2024-05-20T08:53:50.897+0000] {processor.py:183} INFO - Processing /home/airflow/.local/lib/python3.12/site-packages/airflow/example_dags/example_setup_teardown.py took 0.076 seconds
[2024-05-20T08:54:21.519+0000] {processor.py:161} INFO - Started process (PID=2926) to work on /home/airflow/.local/lib/python3.12/site-packages/airflow/example_dags/example_setup_teardown.py
[2024-05-20T08:54:21.520+0000] {processor.py:830} INFO - Processing file /home/airflow/.local/lib/python3.12/site-packages/airflow/example_dags/example_setup_teardown.py for tasks to queue
[2024-05-20T08:54:21.521+0000] {logging_mixin.py:188} INFO - [2024-05-20T08:54:21.521+0000] {dagbag.py:545} INFO - Filling up the DagBag from /home/airflow/.local/lib/python3.12/site-packages/airflow/example_dags/example_setup_teardown.py
[2024-05-20T08:54:21.528+0000] {processor.py:840} INFO - DAG(s) 'example_setup_teardown' retrieved from /home/airflow/.local/lib/python3.12/site-packages/airflow/example_dags/example_setup_teardown.py
[2024-05-20T08:54:21.552+0000] {logging_mixin.py:188} INFO - [2024-05-20T08:54:21.552+0000] {dag.py:3096} INFO - Sync 1 DAGs
[2024-05-20T08:54:21.574+0000] {logging_mixin.py:188} INFO - [2024-05-20T08:54:21.574+0000] {dag.py:3954} INFO - Setting next_dagrun for example_setup_teardown to 2024-05-19 00:00:00+00:00, run_after=2024-05-20 00:00:00+00:00
[2024-05-20T08:54:21.597+0000] {processor.py:183} INFO - Processing /home/airflow/.local/lib/python3.12/site-packages/airflow/example_dags/example_setup_teardown.py took 0.083 seconds
[2024-05-20T08:54:52.645+0000] {processor.py:161} INFO - Started process (PID=2992) to work on /home/airflow/.local/lib/python3.12/site-packages/airflow/example_dags/example_setup_teardown.py
[2024-05-20T08:54:52.646+0000] {processor.py:830} INFO - Processing file /home/airflow/.local/lib/python3.12/site-packages/airflow/example_dags/example_setup_teardown.py for tasks to queue
[2024-05-20T08:54:52.648+0000] {logging_mixin.py:188} INFO - [2024-05-20T08:54:52.647+0000] {dagbag.py:545} INFO - Filling up the DagBag from /home/airflow/.local/lib/python3.12/site-packages/airflow/example_dags/example_setup_teardown.py
[2024-05-20T08:54:52.660+0000] {processor.py:840} INFO - DAG(s) 'example_setup_teardown' retrieved from /home/airflow/.local/lib/python3.12/site-packages/airflow/example_dags/example_setup_teardown.py
[2024-05-20T08:54:52.696+0000] {logging_mixin.py:188} INFO - [2024-05-20T08:54:52.696+0000] {dag.py:3096} INFO - Sync 1 DAGs
[2024-05-20T08:54:52.739+0000] {logging_mixin.py:188} INFO - [2024-05-20T08:54:52.739+0000] {dag.py:3954} INFO - Setting next_dagrun for example_setup_teardown to 2024-05-19 00:00:00+00:00, run_after=2024-05-20 00:00:00+00:00
[2024-05-20T08:54:52.777+0000] {processor.py:183} INFO - Processing /home/airflow/.local/lib/python3.12/site-packages/airflow/example_dags/example_setup_teardown.py took 0.143 seconds
[2024-05-20T08:55:23.720+0000] {processor.py:161} INFO - Started process (PID=3055) to work on /home/airflow/.local/lib/python3.12/site-packages/airflow/example_dags/example_setup_teardown.py
[2024-05-20T08:55:23.721+0000] {processor.py:830} INFO - Processing file /home/airflow/.local/lib/python3.12/site-packages/airflow/example_dags/example_setup_teardown.py for tasks to queue
[2024-05-20T08:55:23.723+0000] {logging_mixin.py:188} INFO - [2024-05-20T08:55:23.722+0000] {dagbag.py:545} INFO - Filling up the DagBag from /home/airflow/.local/lib/python3.12/site-packages/airflow/example_dags/example_setup_teardown.py
[2024-05-20T08:55:23.733+0000] {processor.py:840} INFO - DAG(s) 'example_setup_teardown' retrieved from /home/airflow/.local/lib/python3.12/site-packages/airflow/example_dags/example_setup_teardown.py
[2024-05-20T08:55:23.761+0000] {logging_mixin.py:188} INFO - [2024-05-20T08:55:23.761+0000] {dag.py:3096} INFO - Sync 1 DAGs
[2024-05-20T08:55:23.788+0000] {logging_mixin.py:188} INFO - [2024-05-20T08:55:23.788+0000] {dag.py:3954} INFO - Setting next_dagrun for example_setup_teardown to 2024-05-19 00:00:00+00:00, run_after=2024-05-20 00:00:00+00:00
[2024-05-20T08:55:23.810+0000] {processor.py:183} INFO - Processing /home/airflow/.local/lib/python3.12/site-packages/airflow/example_dags/example_setup_teardown.py took 0.100 seconds
[2024-05-20T08:55:54.601+0000] {processor.py:161} INFO - Started process (PID=3117) to work on /home/airflow/.local/lib/python3.12/site-packages/airflow/example_dags/example_setup_teardown.py
[2024-05-20T08:55:54.602+0000] {processor.py:830} INFO - Processing file /home/airflow/.local/lib/python3.12/site-packages/airflow/example_dags/example_setup_teardown.py for tasks to queue
[2024-05-20T08:55:54.603+0000] {logging_mixin.py:188} INFO - [2024-05-20T08:55:54.603+0000] {dagbag.py:545} INFO - Filling up the DagBag from /home/airflow/.local/lib/python3.12/site-packages/airflow/example_dags/example_setup_teardown.py
[2024-05-20T08:55:54.611+0000] {processor.py:840} INFO - DAG(s) 'example_setup_teardown' retrieved from /home/airflow/.local/lib/python3.12/site-packages/airflow/example_dags/example_setup_teardown.py
[2024-05-20T08:55:54.634+0000] {logging_mixin.py:188} INFO - [2024-05-20T08:55:54.634+0000] {dag.py:3096} INFO - Sync 1 DAGs
[2024-05-20T08:55:54.657+0000] {logging_mixin.py:188} INFO - [2024-05-20T08:55:54.657+0000] {dag.py:3954} INFO - Setting next_dagrun for example_setup_teardown to 2024-05-19 00:00:00+00:00, run_after=2024-05-20 00:00:00+00:00
[2024-05-20T08:55:54.685+0000] {processor.py:183} INFO - Processing /home/airflow/.local/lib/python3.12/site-packages/airflow/example_dags/example_setup_teardown.py took 0.090 seconds
[2024-05-20T08:56:25.343+0000] {processor.py:161} INFO - Started process (PID=3179) to work on /home/airflow/.local/lib/python3.12/site-packages/airflow/example_dags/example_setup_teardown.py
[2024-05-20T08:56:25.344+0000] {processor.py:830} INFO - Processing file /home/airflow/.local/lib/python3.12/site-packages/airflow/example_dags/example_setup_teardown.py for tasks to queue
[2024-05-20T08:56:25.347+0000] {logging_mixin.py:188} INFO - [2024-05-20T08:56:25.346+0000] {dagbag.py:545} INFO - Filling up the DagBag from /home/airflow/.local/lib/python3.12/site-packages/airflow/example_dags/example_setup_teardown.py
[2024-05-20T08:56:25.355+0000] {processor.py:840} INFO - DAG(s) 'example_setup_teardown' retrieved from /home/airflow/.local/lib/python3.12/site-packages/airflow/example_dags/example_setup_teardown.py
[2024-05-20T08:56:25.376+0000] {logging_mixin.py:188} INFO - [2024-05-20T08:56:25.376+0000] {dag.py:3096} INFO - Sync 1 DAGs
[2024-05-20T08:56:25.401+0000] {logging_mixin.py:188} INFO - [2024-05-20T08:56:25.401+0000] {dag.py:3954} INFO - Setting next_dagrun for example_setup_teardown to 2024-05-19 00:00:00+00:00, run_after=2024-05-20 00:00:00+00:00
[2024-05-20T08:56:25.425+0000] {processor.py:183} INFO - Processing /home/airflow/.local/lib/python3.12/site-packages/airflow/example_dags/example_setup_teardown.py took 0.088 seconds
[2024-05-20T08:56:56.054+0000] {processor.py:161} INFO - Started process (PID=3241) to work on /home/airflow/.local/lib/python3.12/site-packages/airflow/example_dags/example_setup_teardown.py
[2024-05-20T08:56:56.055+0000] {processor.py:830} INFO - Processing file /home/airflow/.local/lib/python3.12/site-packages/airflow/example_dags/example_setup_teardown.py for tasks to queue
[2024-05-20T08:56:56.056+0000] {logging_mixin.py:188} INFO - [2024-05-20T08:56:56.056+0000] {dagbag.py:545} INFO - Filling up the DagBag from /home/airflow/.local/lib/python3.12/site-packages/airflow/example_dags/example_setup_teardown.py
[2024-05-20T08:56:56.064+0000] {processor.py:840} INFO - DAG(s) 'example_setup_teardown' retrieved from /home/airflow/.local/lib/python3.12/site-packages/airflow/example_dags/example_setup_teardown.py
[2024-05-20T08:56:56.085+0000] {logging_mixin.py:188} INFO - [2024-05-20T08:56:56.085+0000] {dag.py:3096} INFO - Sync 1 DAGs
[2024-05-20T08:56:56.112+0000] {logging_mixin.py:188} INFO - [2024-05-20T08:56:56.112+0000] {dag.py:3954} INFO - Setting next_dagrun for example_setup_teardown to 2024-05-19 00:00:00+00:00, run_after=2024-05-20 00:00:00+00:00
[2024-05-20T08:56:56.136+0000] {processor.py:183} INFO - Processing /home/airflow/.local/lib/python3.12/site-packages/airflow/example_dags/example_setup_teardown.py took 0.089 seconds
[2024-05-20T08:57:26.737+0000] {processor.py:161} INFO - Started process (PID=3303) to work on /home/airflow/.local/lib/python3.12/site-packages/airflow/example_dags/example_setup_teardown.py
[2024-05-20T08:57:26.738+0000] {processor.py:830} INFO - Processing file /home/airflow/.local/lib/python3.12/site-packages/airflow/example_dags/example_setup_teardown.py for tasks to queue
[2024-05-20T08:57:26.739+0000] {logging_mixin.py:188} INFO - [2024-05-20T08:57:26.739+0000] {dagbag.py:545} INFO - Filling up the DagBag from /home/airflow/.local/lib/python3.12/site-packages/airflow/example_dags/example_setup_teardown.py
[2024-05-20T08:57:26.746+0000] {processor.py:840} INFO - DAG(s) 'example_setup_teardown' retrieved from /home/airflow/.local/lib/python3.12/site-packages/airflow/example_dags/example_setup_teardown.py
[2024-05-20T08:57:26.769+0000] {logging_mixin.py:188} INFO - [2024-05-20T08:57:26.769+0000] {dag.py:3096} INFO - Sync 1 DAGs
[2024-05-20T08:57:26.790+0000] {logging_mixin.py:188} INFO - [2024-05-20T08:57:26.790+0000] {dag.py:3954} INFO - Setting next_dagrun for example_setup_teardown to 2024-05-19 00:00:00+00:00, run_after=2024-05-20 00:00:00+00:00
[2024-05-20T08:57:26.818+0000] {processor.py:183} INFO - Processing /home/airflow/.local/lib/python3.12/site-packages/airflow/example_dags/example_setup_teardown.py took 0.086 seconds
[2024-05-20T08:57:57.600+0000] {processor.py:161} INFO - Started process (PID=3365) to work on /home/airflow/.local/lib/python3.12/site-packages/airflow/example_dags/example_setup_teardown.py
[2024-05-20T08:57:57.601+0000] {processor.py:830} INFO - Processing file /home/airflow/.local/lib/python3.12/site-packages/airflow/example_dags/example_setup_teardown.py for tasks to queue
[2024-05-20T08:57:57.602+0000] {logging_mixin.py:188} INFO - [2024-05-20T08:57:57.602+0000] {dagbag.py:545} INFO - Filling up the DagBag from /home/airflow/.local/lib/python3.12/site-packages/airflow/example_dags/example_setup_teardown.py
[2024-05-20T08:57:57.610+0000] {processor.py:840} INFO - DAG(s) 'example_setup_teardown' retrieved from /home/airflow/.local/lib/python3.12/site-packages/airflow/example_dags/example_setup_teardown.py
[2024-05-20T08:57:57.630+0000] {logging_mixin.py:188} INFO - [2024-05-20T08:57:57.630+0000] {dag.py:3096} INFO - Sync 1 DAGs
[2024-05-20T08:57:57.651+0000] {logging_mixin.py:188} INFO - [2024-05-20T08:57:57.650+0000] {dag.py:3954} INFO - Setting next_dagrun for example_setup_teardown to 2024-05-19 00:00:00+00:00, run_after=2024-05-20 00:00:00+00:00
[2024-05-20T08:57:57.673+0000] {processor.py:183} INFO - Processing /home/airflow/.local/lib/python3.12/site-packages/airflow/example_dags/example_setup_teardown.py took 0.078 seconds
[2024-05-20T08:58:28.604+0000] {processor.py:161} INFO - Started process (PID=3426) to work on /home/airflow/.local/lib/python3.12/site-packages/airflow/example_dags/example_setup_teardown.py
[2024-05-20T08:58:28.606+0000] {processor.py:830} INFO - Processing file /home/airflow/.local/lib/python3.12/site-packages/airflow/example_dags/example_setup_teardown.py for tasks to queue
[2024-05-20T08:58:28.607+0000] {logging_mixin.py:188} INFO - [2024-05-20T08:58:28.607+0000] {dagbag.py:545} INFO - Filling up the DagBag from /home/airflow/.local/lib/python3.12/site-packages/airflow/example_dags/example_setup_teardown.py
[2024-05-20T08:58:28.617+0000] {processor.py:840} INFO - DAG(s) 'example_setup_teardown' retrieved from /home/airflow/.local/lib/python3.12/site-packages/airflow/example_dags/example_setup_teardown.py
[2024-05-20T08:58:28.642+0000] {logging_mixin.py:188} INFO - [2024-05-20T08:58:28.642+0000] {dag.py:3096} INFO - Sync 1 DAGs
[2024-05-20T08:58:28.667+0000] {logging_mixin.py:188} INFO - [2024-05-20T08:58:28.666+0000] {dag.py:3954} INFO - Setting next_dagrun for example_setup_teardown to 2024-05-19 00:00:00+00:00, run_after=2024-05-20 00:00:00+00:00
[2024-05-20T08:58:28.696+0000] {processor.py:183} INFO - Processing /home/airflow/.local/lib/python3.12/site-packages/airflow/example_dags/example_setup_teardown.py took 0.101 seconds
[2024-05-20T08:58:59.188+0000] {processor.py:161} INFO - Started process (PID=3487) to work on /home/airflow/.local/lib/python3.12/site-packages/airflow/example_dags/example_setup_teardown.py
[2024-05-20T08:58:59.189+0000] {processor.py:830} INFO - Processing file /home/airflow/.local/lib/python3.12/site-packages/airflow/example_dags/example_setup_teardown.py for tasks to queue
[2024-05-20T08:58:59.191+0000] {logging_mixin.py:188} INFO - [2024-05-20T08:58:59.190+0000] {dagbag.py:545} INFO - Filling up the DagBag from /home/airflow/.local/lib/python3.12/site-packages/airflow/example_dags/example_setup_teardown.py
[2024-05-20T08:58:59.200+0000] {processor.py:840} INFO - DAG(s) 'example_setup_teardown' retrieved from /home/airflow/.local/lib/python3.12/site-packages/airflow/example_dags/example_setup_teardown.py
[2024-05-20T08:58:59.228+0000] {logging_mixin.py:188} INFO - [2024-05-20T08:58:59.227+0000] {dag.py:3096} INFO - Sync 1 DAGs
[2024-05-20T08:58:59.255+0000] {logging_mixin.py:188} INFO - [2024-05-20T08:58:59.254+0000] {dag.py:3954} INFO - Setting next_dagrun for example_setup_teardown to 2024-05-19 00:00:00+00:00, run_after=2024-05-20 00:00:00+00:00
[2024-05-20T08:58:59.285+0000] {processor.py:183} INFO - Processing /home/airflow/.local/lib/python3.12/site-packages/airflow/example_dags/example_setup_teardown.py took 0.105 seconds
[2024-05-20T08:59:30.849+0000] {processor.py:161} INFO - Started process (PID=3548) to work on /home/airflow/.local/lib/python3.12/site-packages/airflow/example_dags/example_setup_teardown.py
[2024-05-20T08:59:30.851+0000] {processor.py:830} INFO - Processing file /home/airflow/.local/lib/python3.12/site-packages/airflow/example_dags/example_setup_teardown.py for tasks to queue
[2024-05-20T08:59:30.854+0000] {logging_mixin.py:188} INFO - [2024-05-20T08:59:30.853+0000] {dagbag.py:545} INFO - Filling up the DagBag from /home/airflow/.local/lib/python3.12/site-packages/airflow/example_dags/example_setup_teardown.py
[2024-05-20T08:59:30.877+0000] {processor.py:840} INFO - DAG(s) 'example_setup_teardown' retrieved from /home/airflow/.local/lib/python3.12/site-packages/airflow/example_dags/example_setup_teardown.py
[2024-05-20T08:59:30.978+0000] {logging_mixin.py:188} INFO - [2024-05-20T08:59:30.977+0000] {dag.py:3096} INFO - Sync 1 DAGs
[2024-05-20T08:59:31.055+0000] {logging_mixin.py:188} INFO - [2024-05-20T08:59:31.054+0000] {dag.py:3954} INFO - Setting next_dagrun for example_setup_teardown to 2024-05-19 00:00:00+00:00, run_after=2024-05-20 00:00:00+00:00
[2024-05-20T08:59:31.130+0000] {processor.py:183} INFO - Processing /home/airflow/.local/lib/python3.12/site-packages/airflow/example_dags/example_setup_teardown.py took 0.295 seconds
[2024-05-20T09:00:01.332+0000] {processor.py:161} INFO - Started process (PID=3609) to work on /home/airflow/.local/lib/python3.12/site-packages/airflow/example_dags/example_setup_teardown.py
[2024-05-20T09:00:01.334+0000] {processor.py:830} INFO - Processing file /home/airflow/.local/lib/python3.12/site-packages/airflow/example_dags/example_setup_teardown.py for tasks to queue
[2024-05-20T09:00:01.336+0000] {logging_mixin.py:188} INFO - [2024-05-20T09:00:01.335+0000] {dagbag.py:545} INFO - Filling up the DagBag from /home/airflow/.local/lib/python3.12/site-packages/airflow/example_dags/example_setup_teardown.py
[2024-05-20T09:00:01.346+0000] {processor.py:840} INFO - DAG(s) 'example_setup_teardown' retrieved from /home/airflow/.local/lib/python3.12/site-packages/airflow/example_dags/example_setup_teardown.py
[2024-05-20T09:00:01.372+0000] {logging_mixin.py:188} INFO - [2024-05-20T09:00:01.372+0000] {dag.py:3096} INFO - Sync 1 DAGs
[2024-05-20T09:00:01.402+0000] {logging_mixin.py:188} INFO - [2024-05-20T09:00:01.402+0000] {dag.py:3954} INFO - Setting next_dagrun for example_setup_teardown to 2024-05-19 00:00:00+00:00, run_after=2024-05-20 00:00:00+00:00
[2024-05-20T09:00:01.431+0000] {processor.py:183} INFO - Processing /home/airflow/.local/lib/python3.12/site-packages/airflow/example_dags/example_setup_teardown.py took 0.106 seconds
[2024-05-20T09:00:31.801+0000] {processor.py:161} INFO - Started process (PID=3671) to work on /home/airflow/.local/lib/python3.12/site-packages/airflow/example_dags/example_setup_teardown.py
[2024-05-20T09:00:31.802+0000] {processor.py:830} INFO - Processing file /home/airflow/.local/lib/python3.12/site-packages/airflow/example_dags/example_setup_teardown.py for tasks to queue
[2024-05-20T09:00:31.803+0000] {logging_mixin.py:188} INFO - [2024-05-20T09:00:31.803+0000] {dagbag.py:545} INFO - Filling up the DagBag from /home/airflow/.local/lib/python3.12/site-packages/airflow/example_dags/example_setup_teardown.py
[2024-05-20T09:00:31.810+0000] {processor.py:840} INFO - DAG(s) 'example_setup_teardown' retrieved from /home/airflow/.local/lib/python3.12/site-packages/airflow/example_dags/example_setup_teardown.py
[2024-05-20T09:00:31.833+0000] {logging_mixin.py:188} INFO - [2024-05-20T09:00:31.833+0000] {dag.py:3096} INFO - Sync 1 DAGs
[2024-05-20T09:00:31.858+0000] {logging_mixin.py:188} INFO - [2024-05-20T09:00:31.858+0000] {dag.py:3954} INFO - Setting next_dagrun for example_setup_teardown to 2024-05-19 00:00:00+00:00, run_after=2024-05-20 00:00:00+00:00
[2024-05-20T09:00:31.880+0000] {processor.py:183} INFO - Processing /home/airflow/.local/lib/python3.12/site-packages/airflow/example_dags/example_setup_teardown.py took 0.086 seconds
[2024-05-20T09:01:02.695+0000] {processor.py:161} INFO - Started process (PID=3733) to work on /home/airflow/.local/lib/python3.12/site-packages/airflow/example_dags/example_setup_teardown.py
[2024-05-20T09:01:02.696+0000] {processor.py:830} INFO - Processing file /home/airflow/.local/lib/python3.12/site-packages/airflow/example_dags/example_setup_teardown.py for tasks to queue
[2024-05-20T09:01:02.698+0000] {logging_mixin.py:188} INFO - [2024-05-20T09:01:02.697+0000] {dagbag.py:545} INFO - Filling up the DagBag from /home/airflow/.local/lib/python3.12/site-packages/airflow/example_dags/example_setup_teardown.py
[2024-05-20T09:01:02.707+0000] {processor.py:840} INFO - DAG(s) 'example_setup_teardown' retrieved from /home/airflow/.local/lib/python3.12/site-packages/airflow/example_dags/example_setup_teardown.py
[2024-05-20T09:01:02.729+0000] {logging_mixin.py:188} INFO - [2024-05-20T09:01:02.729+0000] {dag.py:3096} INFO - Sync 1 DAGs
[2024-05-20T09:01:02.756+0000] {logging_mixin.py:188} INFO - [2024-05-20T09:01:02.756+0000] {dag.py:3954} INFO - Setting next_dagrun for example_setup_teardown to 2024-05-19 00:00:00+00:00, run_after=2024-05-20 00:00:00+00:00
[2024-05-20T09:01:02.781+0000] {processor.py:183} INFO - Processing /home/airflow/.local/lib/python3.12/site-packages/airflow/example_dags/example_setup_teardown.py took 0.092 seconds
[2024-05-20T09:01:32.899+0000] {processor.py:161} INFO - Started process (PID=3795) to work on /home/airflow/.local/lib/python3.12/site-packages/airflow/example_dags/example_setup_teardown.py
[2024-05-20T09:01:32.900+0000] {processor.py:830} INFO - Processing file /home/airflow/.local/lib/python3.12/site-packages/airflow/example_dags/example_setup_teardown.py for tasks to queue
[2024-05-20T09:01:32.901+0000] {logging_mixin.py:188} INFO - [2024-05-20T09:01:32.901+0000] {dagbag.py:545} INFO - Filling up the DagBag from /home/airflow/.local/lib/python3.12/site-packages/airflow/example_dags/example_setup_teardown.py
[2024-05-20T09:01:32.913+0000] {processor.py:840} INFO - DAG(s) 'example_setup_teardown' retrieved from /home/airflow/.local/lib/python3.12/site-packages/airflow/example_dags/example_setup_teardown.py
[2024-05-20T09:01:32.936+0000] {logging_mixin.py:188} INFO - [2024-05-20T09:01:32.936+0000] {dag.py:3096} INFO - Sync 1 DAGs
[2024-05-20T09:01:32.963+0000] {logging_mixin.py:188} INFO - [2024-05-20T09:01:32.963+0000] {dag.py:3954} INFO - Setting next_dagrun for example_setup_teardown to 2024-05-19 00:00:00+00:00, run_after=2024-05-20 00:00:00+00:00
[2024-05-20T09:01:32.992+0000] {processor.py:183} INFO - Processing /home/airflow/.local/lib/python3.12/site-packages/airflow/example_dags/example_setup_teardown.py took 0.102 seconds
[2024-05-20T09:02:03.625+0000] {processor.py:161} INFO - Started process (PID=3857) to work on /home/airflow/.local/lib/python3.12/site-packages/airflow/example_dags/example_setup_teardown.py
[2024-05-20T09:02:03.627+0000] {processor.py:830} INFO - Processing file /home/airflow/.local/lib/python3.12/site-packages/airflow/example_dags/example_setup_teardown.py for tasks to queue
[2024-05-20T09:02:03.629+0000] {logging_mixin.py:188} INFO - [2024-05-20T09:02:03.628+0000] {dagbag.py:545} INFO - Filling up the DagBag from /home/airflow/.local/lib/python3.12/site-packages/airflow/example_dags/example_setup_teardown.py
[2024-05-20T09:02:03.641+0000] {processor.py:840} INFO - DAG(s) 'example_setup_teardown' retrieved from /home/airflow/.local/lib/python3.12/site-packages/airflow/example_dags/example_setup_teardown.py
[2024-05-20T09:02:03.676+0000] {logging_mixin.py:188} INFO - [2024-05-20T09:02:03.676+0000] {dag.py:3096} INFO - Sync 1 DAGs
[2024-05-20T09:02:03.713+0000] {logging_mixin.py:188} INFO - [2024-05-20T09:02:03.712+0000] {dag.py:3954} INFO - Setting next_dagrun for example_setup_teardown to 2024-05-19 00:00:00+00:00, run_after=2024-05-20 00:00:00+00:00
[2024-05-20T09:02:03.742+0000] {processor.py:183} INFO - Processing /home/airflow/.local/lib/python3.12/site-packages/airflow/example_dags/example_setup_teardown.py took 0.126 seconds
[2024-05-20T09:02:33.913+0000] {processor.py:161} INFO - Started process (PID=3919) to work on /home/airflow/.local/lib/python3.12/site-packages/airflow/example_dags/example_setup_teardown.py
[2024-05-20T09:02:33.914+0000] {processor.py:830} INFO - Processing file /home/airflow/.local/lib/python3.12/site-packages/airflow/example_dags/example_setup_teardown.py for tasks to queue
[2024-05-20T09:02:33.916+0000] {logging_mixin.py:188} INFO - [2024-05-20T09:02:33.915+0000] {dagbag.py:545} INFO - Filling up the DagBag from /home/airflow/.local/lib/python3.12/site-packages/airflow/example_dags/example_setup_teardown.py
[2024-05-20T09:02:33.926+0000] {processor.py:840} INFO - DAG(s) 'example_setup_teardown' retrieved from /home/airflow/.local/lib/python3.12/site-packages/airflow/example_dags/example_setup_teardown.py
[2024-05-20T09:02:33.957+0000] {logging_mixin.py:188} INFO - [2024-05-20T09:02:33.956+0000] {dag.py:3096} INFO - Sync 1 DAGs
[2024-05-20T09:02:33.983+0000] {logging_mixin.py:188} INFO - [2024-05-20T09:02:33.983+0000] {dag.py:3954} INFO - Setting next_dagrun for example_setup_teardown to 2024-05-19 00:00:00+00:00, run_after=2024-05-20 00:00:00+00:00
[2024-05-20T09:02:34.007+0000] {processor.py:183} INFO - Processing /home/airflow/.local/lib/python3.12/site-packages/airflow/example_dags/example_setup_teardown.py took 0.103 seconds
[2024-05-20T09:03:04.105+0000] {processor.py:161} INFO - Started process (PID=3980) to work on /home/airflow/.local/lib/python3.12/site-packages/airflow/example_dags/example_setup_teardown.py
[2024-05-20T09:03:04.106+0000] {processor.py:830} INFO - Processing file /home/airflow/.local/lib/python3.12/site-packages/airflow/example_dags/example_setup_teardown.py for tasks to queue
[2024-05-20T09:03:04.108+0000] {logging_mixin.py:188} INFO - [2024-05-20T09:03:04.107+0000] {dagbag.py:545} INFO - Filling up the DagBag from /home/airflow/.local/lib/python3.12/site-packages/airflow/example_dags/example_setup_teardown.py
[2024-05-20T09:03:04.119+0000] {processor.py:840} INFO - DAG(s) 'example_setup_teardown' retrieved from /home/airflow/.local/lib/python3.12/site-packages/airflow/example_dags/example_setup_teardown.py
[2024-05-20T09:03:04.149+0000] {logging_mixin.py:188} INFO - [2024-05-20T09:03:04.148+0000] {dag.py:3096} INFO - Sync 1 DAGs
[2024-05-20T09:03:04.183+0000] {logging_mixin.py:188} INFO - [2024-05-20T09:03:04.182+0000] {dag.py:3954} INFO - Setting next_dagrun for example_setup_teardown to 2024-05-19 00:00:00+00:00, run_after=2024-05-20 00:00:00+00:00
[2024-05-20T09:03:04.214+0000] {processor.py:183} INFO - Processing /home/airflow/.local/lib/python3.12/site-packages/airflow/example_dags/example_setup_teardown.py took 0.118 seconds
[2024-05-20T09:03:34.463+0000] {processor.py:161} INFO - Started process (PID=4042) to work on /home/airflow/.local/lib/python3.12/site-packages/airflow/example_dags/example_setup_teardown.py
[2024-05-20T09:03:34.464+0000] {processor.py:830} INFO - Processing file /home/airflow/.local/lib/python3.12/site-packages/airflow/example_dags/example_setup_teardown.py for tasks to queue
[2024-05-20T09:03:34.466+0000] {logging_mixin.py:188} INFO - [2024-05-20T09:03:34.466+0000] {dagbag.py:545} INFO - Filling up the DagBag from /home/airflow/.local/lib/python3.12/site-packages/airflow/example_dags/example_setup_teardown.py
[2024-05-20T09:03:34.482+0000] {processor.py:840} INFO - DAG(s) 'example_setup_teardown' retrieved from /home/airflow/.local/lib/python3.12/site-packages/airflow/example_dags/example_setup_teardown.py
[2024-05-20T09:03:34.516+0000] {logging_mixin.py:188} INFO - [2024-05-20T09:03:34.515+0000] {dag.py:3096} INFO - Sync 1 DAGs
[2024-05-20T09:03:34.556+0000] {logging_mixin.py:188} INFO - [2024-05-20T09:03:34.555+0000] {dag.py:3954} INFO - Setting next_dagrun for example_setup_teardown to 2024-05-19 00:00:00+00:00, run_after=2024-05-20 00:00:00+00:00
[2024-05-20T09:03:34.592+0000] {processor.py:183} INFO - Processing /home/airflow/.local/lib/python3.12/site-packages/airflow/example_dags/example_setup_teardown.py took 0.139 seconds
[2024-05-20T09:04:04.754+0000] {processor.py:161} INFO - Started process (PID=4104) to work on /home/airflow/.local/lib/python3.12/site-packages/airflow/example_dags/example_setup_teardown.py
[2024-05-20T09:04:04.755+0000] {processor.py:830} INFO - Processing file /home/airflow/.local/lib/python3.12/site-packages/airflow/example_dags/example_setup_teardown.py for tasks to queue
[2024-05-20T09:04:04.756+0000] {logging_mixin.py:188} INFO - [2024-05-20T09:04:04.756+0000] {dagbag.py:545} INFO - Filling up the DagBag from /home/airflow/.local/lib/python3.12/site-packages/airflow/example_dags/example_setup_teardown.py
[2024-05-20T09:04:04.768+0000] {processor.py:840} INFO - DAG(s) 'example_setup_teardown' retrieved from /home/airflow/.local/lib/python3.12/site-packages/airflow/example_dags/example_setup_teardown.py
[2024-05-20T09:04:04.795+0000] {logging_mixin.py:188} INFO - [2024-05-20T09:04:04.795+0000] {dag.py:3096} INFO - Sync 1 DAGs
[2024-05-20T09:04:04.821+0000] {logging_mixin.py:188} INFO - [2024-05-20T09:04:04.821+0000] {dag.py:3954} INFO - Setting next_dagrun for example_setup_teardown to 2024-05-19 00:00:00+00:00, run_after=2024-05-20 00:00:00+00:00
[2024-05-20T09:04:04.845+0000] {processor.py:183} INFO - Processing /home/airflow/.local/lib/python3.12/site-packages/airflow/example_dags/example_setup_teardown.py took 0.100 seconds
[2024-05-20T09:04:34.969+0000] {processor.py:161} INFO - Started process (PID=4166) to work on /home/airflow/.local/lib/python3.12/site-packages/airflow/example_dags/example_setup_teardown.py
[2024-05-20T09:04:34.971+0000] {processor.py:830} INFO - Processing file /home/airflow/.local/lib/python3.12/site-packages/airflow/example_dags/example_setup_teardown.py for tasks to queue
[2024-05-20T09:04:34.973+0000] {logging_mixin.py:188} INFO - [2024-05-20T09:04:34.972+0000] {dagbag.py:545} INFO - Filling up the DagBag from /home/airflow/.local/lib/python3.12/site-packages/airflow/example_dags/example_setup_teardown.py
[2024-05-20T09:04:34.986+0000] {processor.py:840} INFO - DAG(s) 'example_setup_teardown' retrieved from /home/airflow/.local/lib/python3.12/site-packages/airflow/example_dags/example_setup_teardown.py
[2024-05-20T09:04:35.019+0000] {logging_mixin.py:188} INFO - [2024-05-20T09:04:35.019+0000] {dag.py:3096} INFO - Sync 1 DAGs
[2024-05-20T09:04:35.056+0000] {logging_mixin.py:188} INFO - [2024-05-20T09:04:35.056+0000] {dag.py:3954} INFO - Setting next_dagrun for example_setup_teardown to 2024-05-19 00:00:00+00:00, run_after=2024-05-20 00:00:00+00:00
[2024-05-20T09:04:35.084+0000] {processor.py:183} INFO - Processing /home/airflow/.local/lib/python3.12/site-packages/airflow/example_dags/example_setup_teardown.py took 0.125 seconds
[2024-05-20T09:05:05.203+0000] {processor.py:161} INFO - Started process (PID=4228) to work on /home/airflow/.local/lib/python3.12/site-packages/airflow/example_dags/example_setup_teardown.py
[2024-05-20T09:05:05.204+0000] {processor.py:830} INFO - Processing file /home/airflow/.local/lib/python3.12/site-packages/airflow/example_dags/example_setup_teardown.py for tasks to queue
[2024-05-20T09:05:05.205+0000] {logging_mixin.py:188} INFO - [2024-05-20T09:05:05.205+0000] {dagbag.py:545} INFO - Filling up the DagBag from /home/airflow/.local/lib/python3.12/site-packages/airflow/example_dags/example_setup_teardown.py
[2024-05-20T09:05:05.214+0000] {processor.py:840} INFO - DAG(s) 'example_setup_teardown' retrieved from /home/airflow/.local/lib/python3.12/site-packages/airflow/example_dags/example_setup_teardown.py
[2024-05-20T09:05:05.239+0000] {logging_mixin.py:188} INFO - [2024-05-20T09:05:05.239+0000] {dag.py:3096} INFO - Sync 1 DAGs
[2024-05-20T09:05:05.267+0000] {logging_mixin.py:188} INFO - [2024-05-20T09:05:05.267+0000] {dag.py:3954} INFO - Setting next_dagrun for example_setup_teardown to 2024-05-19 00:00:00+00:00, run_after=2024-05-20 00:00:00+00:00
[2024-05-20T09:05:05.290+0000] {processor.py:183} INFO - Processing /home/airflow/.local/lib/python3.12/site-packages/airflow/example_dags/example_setup_teardown.py took 0.095 seconds
[2024-05-20T09:05:35.909+0000] {processor.py:161} INFO - Started process (PID=4290) to work on /home/airflow/.local/lib/python3.12/site-packages/airflow/example_dags/example_setup_teardown.py
[2024-05-20T09:05:35.910+0000] {processor.py:830} INFO - Processing file /home/airflow/.local/lib/python3.12/site-packages/airflow/example_dags/example_setup_teardown.py for tasks to queue
[2024-05-20T09:05:35.912+0000] {logging_mixin.py:188} INFO - [2024-05-20T09:05:35.911+0000] {dagbag.py:545} INFO - Filling up the DagBag from /home/airflow/.local/lib/python3.12/site-packages/airflow/example_dags/example_setup_teardown.py
[2024-05-20T09:05:35.920+0000] {processor.py:840} INFO - DAG(s) 'example_setup_teardown' retrieved from /home/airflow/.local/lib/python3.12/site-packages/airflow/example_dags/example_setup_teardown.py
[2024-05-20T09:05:35.948+0000] {logging_mixin.py:188} INFO - [2024-05-20T09:05:35.948+0000] {dag.py:3096} INFO - Sync 1 DAGs
[2024-05-20T09:05:35.974+0000] {logging_mixin.py:188} INFO - [2024-05-20T09:05:35.974+0000] {dag.py:3954} INFO - Setting next_dagrun for example_setup_teardown to 2024-05-19 00:00:00+00:00, run_after=2024-05-20 00:00:00+00:00
[2024-05-20T09:05:35.997+0000] {processor.py:183} INFO - Processing /home/airflow/.local/lib/python3.12/site-packages/airflow/example_dags/example_setup_teardown.py took 0.094 seconds
[2024-05-20T09:12:02.187+0000] {processor.py:161} INFO - Started process (PID=4338) to work on /home/airflow/.local/lib/python3.12/site-packages/airflow/example_dags/example_setup_teardown.py
[2024-05-20T09:12:02.189+0000] {processor.py:830} INFO - Processing file /home/airflow/.local/lib/python3.12/site-packages/airflow/example_dags/example_setup_teardown.py for tasks to queue
[2024-05-20T09:12:02.190+0000] {logging_mixin.py:188} INFO - [2024-05-20T09:12:02.190+0000] {dagbag.py:545} INFO - Filling up the DagBag from /home/airflow/.local/lib/python3.12/site-packages/airflow/example_dags/example_setup_teardown.py
[2024-05-20T09:12:02.205+0000] {processor.py:840} INFO - DAG(s) 'example_setup_teardown' retrieved from /home/airflow/.local/lib/python3.12/site-packages/airflow/example_dags/example_setup_teardown.py
[2024-05-20T09:12:02.246+0000] {logging_mixin.py:188} INFO - [2024-05-20T09:12:02.245+0000] {dag.py:3096} INFO - Sync 1 DAGs
[2024-05-20T09:12:02.292+0000] {logging_mixin.py:188} INFO - [2024-05-20T09:12:02.291+0000] {dag.py:3954} INFO - Setting next_dagrun for example_setup_teardown to 2024-05-19 00:00:00+00:00, run_after=2024-05-20 00:00:00+00:00
[2024-05-20T09:12:02.337+0000] {processor.py:183} INFO - Processing /home/airflow/.local/lib/python3.12/site-packages/airflow/example_dags/example_setup_teardown.py took 0.162 seconds
