[2024-05-20T08:30:26.920+0000] {processor.py:161} INFO - Started process (PID=71) to work on /home/airflow/.local/lib/python3.12/site-packages/airflow/example_dags/example_latest_only_with_trigger.py
[2024-05-20T08:30:26.923+0000] {processor.py:830} INFO - Processing file /home/airflow/.local/lib/python3.12/site-packages/airflow/example_dags/example_latest_only_with_trigger.py for tasks to queue
[2024-05-20T08:30:26.938+0000] {logging_mixin.py:188} INFO - [2024-05-20T08:30:26.938+0000] {dagbag.py:545} INFO - Filling up the DagBag from /home/airflow/.local/lib/python3.12/site-packages/airflow/example_dags/example_latest_only_with_trigger.py
[2024-05-20T08:30:26.979+0000] {processor.py:840} INFO - DAG(s) 'latest_only_with_trigger' retrieved from /home/airflow/.local/lib/python3.12/site-packages/airflow/example_dags/example_latest_only_with_trigger.py
[2024-05-20T08:30:27.052+0000] {logging_mixin.py:188} INFO - [2024-05-20T08:30:27.052+0000] {dag.py:3096} INFO - Sync 1 DAGs
[2024-05-20T08:30:27.130+0000] {logging_mixin.py:188} INFO - [2024-05-20T08:30:27.129+0000] {dag.py:3954} INFO - Setting next_dagrun for latest_only_with_trigger to 2024-05-20 04:00:00+00:00, run_after=2024-05-20 08:00:00+00:00
[2024-05-20T08:30:27.202+0000] {processor.py:183} INFO - Processing /home/airflow/.local/lib/python3.12/site-packages/airflow/example_dags/example_latest_only_with_trigger.py took 0.308 seconds
[2024-05-20T08:31:47.327+0000] {processor.py:161} INFO - Started process (PID=165) to work on /home/airflow/.local/lib/python3.12/site-packages/airflow/example_dags/example_latest_only_with_trigger.py
[2024-05-20T08:31:47.339+0000] {processor.py:830} INFO - Processing file /home/airflow/.local/lib/python3.12/site-packages/airflow/example_dags/example_latest_only_with_trigger.py for tasks to queue
[2024-05-20T08:31:47.346+0000] {logging_mixin.py:188} INFO - [2024-05-20T08:31:47.345+0000] {dagbag.py:545} INFO - Filling up the DagBag from /home/airflow/.local/lib/python3.12/site-packages/airflow/example_dags/example_latest_only_with_trigger.py
[2024-05-20T08:31:47.366+0000] {processor.py:840} INFO - DAG(s) 'latest_only_with_trigger' retrieved from /home/airflow/.local/lib/python3.12/site-packages/airflow/example_dags/example_latest_only_with_trigger.py
[2024-05-20T08:31:47.443+0000] {logging_mixin.py:188} INFO - [2024-05-20T08:31:47.442+0000] {dag.py:3096} INFO - Sync 1 DAGs
[2024-05-20T08:31:47.489+0000] {logging_mixin.py:188} INFO - [2024-05-20T08:31:47.488+0000] {dag.py:3954} INFO - Setting next_dagrun for latest_only_with_trigger to 2024-05-20 04:00:00+00:00, run_after=2024-05-20 08:00:00+00:00
[2024-05-20T08:31:47.598+0000] {processor.py:183} INFO - Processing /home/airflow/.local/lib/python3.12/site-packages/airflow/example_dags/example_latest_only_with_trigger.py took 0.286 seconds
[2024-05-20T08:32:18.402+0000] {processor.py:161} INFO - Started process (PID=231) to work on /home/airflow/.local/lib/python3.12/site-packages/airflow/example_dags/example_latest_only_with_trigger.py
[2024-05-20T08:32:18.410+0000] {processor.py:830} INFO - Processing file /home/airflow/.local/lib/python3.12/site-packages/airflow/example_dags/example_latest_only_with_trigger.py for tasks to queue
[2024-05-20T08:32:18.414+0000] {logging_mixin.py:188} INFO - [2024-05-20T08:32:18.413+0000] {dagbag.py:545} INFO - Filling up the DagBag from /home/airflow/.local/lib/python3.12/site-packages/airflow/example_dags/example_latest_only_with_trigger.py
[2024-05-20T08:32:18.447+0000] {processor.py:840} INFO - DAG(s) 'latest_only_with_trigger' retrieved from /home/airflow/.local/lib/python3.12/site-packages/airflow/example_dags/example_latest_only_with_trigger.py
[2024-05-20T08:32:18.498+0000] {logging_mixin.py:188} INFO - [2024-05-20T08:32:18.497+0000] {dag.py:3096} INFO - Sync 1 DAGs
[2024-05-20T08:32:18.571+0000] {logging_mixin.py:188} INFO - [2024-05-20T08:32:18.571+0000] {dag.py:3954} INFO - Setting next_dagrun for latest_only_with_trigger to 2024-05-20 04:00:00+00:00, run_after=2024-05-20 08:00:00+00:00
[2024-05-20T08:32:18.664+0000] {processor.py:183} INFO - Processing /home/airflow/.local/lib/python3.12/site-packages/airflow/example_dags/example_latest_only_with_trigger.py took 0.272 seconds
[2024-05-20T08:32:48.848+0000] {processor.py:161} INFO - Started process (PID=293) to work on /home/airflow/.local/lib/python3.12/site-packages/airflow/example_dags/example_latest_only_with_trigger.py
[2024-05-20T08:32:48.850+0000] {processor.py:830} INFO - Processing file /home/airflow/.local/lib/python3.12/site-packages/airflow/example_dags/example_latest_only_with_trigger.py for tasks to queue
[2024-05-20T08:32:48.852+0000] {logging_mixin.py:188} INFO - [2024-05-20T08:32:48.852+0000] {dagbag.py:545} INFO - Filling up the DagBag from /home/airflow/.local/lib/python3.12/site-packages/airflow/example_dags/example_latest_only_with_trigger.py
[2024-05-20T08:32:48.861+0000] {processor.py:840} INFO - DAG(s) 'latest_only_with_trigger' retrieved from /home/airflow/.local/lib/python3.12/site-packages/airflow/example_dags/example_latest_only_with_trigger.py
[2024-05-20T08:32:48.891+0000] {logging_mixin.py:188} INFO - [2024-05-20T08:32:48.890+0000] {dag.py:3096} INFO - Sync 1 DAGs
[2024-05-20T08:32:48.932+0000] {logging_mixin.py:188} INFO - [2024-05-20T08:32:48.931+0000] {dag.py:3954} INFO - Setting next_dagrun for latest_only_with_trigger to 2024-05-20 04:00:00+00:00, run_after=2024-05-20 08:00:00+00:00
[2024-05-20T08:32:48.980+0000] {processor.py:183} INFO - Processing /home/airflow/.local/lib/python3.12/site-packages/airflow/example_dags/example_latest_only_with_trigger.py took 0.143 seconds
[2024-05-20T08:33:19.128+0000] {processor.py:161} INFO - Started process (PID=354) to work on /home/airflow/.local/lib/python3.12/site-packages/airflow/example_dags/example_latest_only_with_trigger.py
[2024-05-20T08:33:19.129+0000] {processor.py:830} INFO - Processing file /home/airflow/.local/lib/python3.12/site-packages/airflow/example_dags/example_latest_only_with_trigger.py for tasks to queue
[2024-05-20T08:33:19.133+0000] {logging_mixin.py:188} INFO - [2024-05-20T08:33:19.133+0000] {dagbag.py:545} INFO - Filling up the DagBag from /home/airflow/.local/lib/python3.12/site-packages/airflow/example_dags/example_latest_only_with_trigger.py
[2024-05-20T08:33:19.153+0000] {processor.py:840} INFO - DAG(s) 'latest_only_with_trigger' retrieved from /home/airflow/.local/lib/python3.12/site-packages/airflow/example_dags/example_latest_only_with_trigger.py
[2024-05-20T08:33:19.231+0000] {logging_mixin.py:188} INFO - [2024-05-20T08:33:19.230+0000] {dag.py:3096} INFO - Sync 1 DAGs
[2024-05-20T08:33:19.298+0000] {logging_mixin.py:188} INFO - [2024-05-20T08:33:19.297+0000] {dag.py:3954} INFO - Setting next_dagrun for latest_only_with_trigger to 2024-05-20 04:00:00+00:00, run_after=2024-05-20 08:00:00+00:00
[2024-05-20T08:33:19.361+0000] {processor.py:183} INFO - Processing /home/airflow/.local/lib/python3.12/site-packages/airflow/example_dags/example_latest_only_with_trigger.py took 0.244 seconds
[2024-05-20T08:33:49.410+0000] {processor.py:161} INFO - Started process (PID=421) to work on /home/airflow/.local/lib/python3.12/site-packages/airflow/example_dags/example_latest_only_with_trigger.py
[2024-05-20T08:33:49.411+0000] {processor.py:830} INFO - Processing file /home/airflow/.local/lib/python3.12/site-packages/airflow/example_dags/example_latest_only_with_trigger.py for tasks to queue
[2024-05-20T08:33:49.413+0000] {logging_mixin.py:188} INFO - [2024-05-20T08:33:49.413+0000] {dagbag.py:545} INFO - Filling up the DagBag from /home/airflow/.local/lib/python3.12/site-packages/airflow/example_dags/example_latest_only_with_trigger.py
[2024-05-20T08:33:49.419+0000] {processor.py:840} INFO - DAG(s) 'latest_only_with_trigger' retrieved from /home/airflow/.local/lib/python3.12/site-packages/airflow/example_dags/example_latest_only_with_trigger.py
[2024-05-20T08:33:49.443+0000] {logging_mixin.py:188} INFO - [2024-05-20T08:33:49.443+0000] {dag.py:3096} INFO - Sync 1 DAGs
[2024-05-20T08:33:49.466+0000] {logging_mixin.py:188} INFO - [2024-05-20T08:33:49.466+0000] {dag.py:3954} INFO - Setting next_dagrun for latest_only_with_trigger to 2024-05-20 04:00:00+00:00, run_after=2024-05-20 08:00:00+00:00
[2024-05-20T08:33:49.493+0000] {processor.py:183} INFO - Processing /home/airflow/.local/lib/python3.12/site-packages/airflow/example_dags/example_latest_only_with_trigger.py took 0.089 seconds
[2024-05-20T08:34:20.089+0000] {processor.py:161} INFO - Started process (PID=482) to work on /home/airflow/.local/lib/python3.12/site-packages/airflow/example_dags/example_latest_only_with_trigger.py
[2024-05-20T08:34:20.090+0000] {processor.py:830} INFO - Processing file /home/airflow/.local/lib/python3.12/site-packages/airflow/example_dags/example_latest_only_with_trigger.py for tasks to queue
[2024-05-20T08:34:20.092+0000] {logging_mixin.py:188} INFO - [2024-05-20T08:34:20.092+0000] {dagbag.py:545} INFO - Filling up the DagBag from /home/airflow/.local/lib/python3.12/site-packages/airflow/example_dags/example_latest_only_with_trigger.py
[2024-05-20T08:34:20.098+0000] {processor.py:840} INFO - DAG(s) 'latest_only_with_trigger' retrieved from /home/airflow/.local/lib/python3.12/site-packages/airflow/example_dags/example_latest_only_with_trigger.py
[2024-05-20T08:34:20.119+0000] {logging_mixin.py:188} INFO - [2024-05-20T08:34:20.119+0000] {dag.py:3096} INFO - Sync 1 DAGs
[2024-05-20T08:34:20.140+0000] {logging_mixin.py:188} INFO - [2024-05-20T08:34:20.140+0000] {dag.py:3954} INFO - Setting next_dagrun for latest_only_with_trigger to 2024-05-20 04:00:00+00:00, run_after=2024-05-20 08:00:00+00:00
[2024-05-20T08:34:20.162+0000] {processor.py:183} INFO - Processing /home/airflow/.local/lib/python3.12/site-packages/airflow/example_dags/example_latest_only_with_trigger.py took 0.079 seconds
[2024-05-20T08:34:50.874+0000] {processor.py:161} INFO - Started process (PID=542) to work on /home/airflow/.local/lib/python3.12/site-packages/airflow/example_dags/example_latest_only_with_trigger.py
[2024-05-20T08:34:50.884+0000] {processor.py:830} INFO - Processing file /home/airflow/.local/lib/python3.12/site-packages/airflow/example_dags/example_latest_only_with_trigger.py for tasks to queue
[2024-05-20T08:34:50.919+0000] {logging_mixin.py:188} INFO - [2024-05-20T08:34:50.914+0000] {dagbag.py:545} INFO - Filling up the DagBag from /home/airflow/.local/lib/python3.12/site-packages/airflow/example_dags/example_latest_only_with_trigger.py
[2024-05-20T08:34:50.935+0000] {processor.py:840} INFO - DAG(s) 'latest_only_with_trigger' retrieved from /home/airflow/.local/lib/python3.12/site-packages/airflow/example_dags/example_latest_only_with_trigger.py
[2024-05-20T08:34:51.006+0000] {logging_mixin.py:188} INFO - [2024-05-20T08:34:51.006+0000] {dag.py:3096} INFO - Sync 1 DAGs
[2024-05-20T08:34:51.083+0000] {logging_mixin.py:188} INFO - [2024-05-20T08:34:51.083+0000] {dag.py:3954} INFO - Setting next_dagrun for latest_only_with_trigger to 2024-05-20 04:00:00+00:00, run_after=2024-05-20 08:00:00+00:00
[2024-05-20T08:34:51.143+0000] {processor.py:183} INFO - Processing /home/airflow/.local/lib/python3.12/site-packages/airflow/example_dags/example_latest_only_with_trigger.py took 0.286 seconds
[2024-05-20T08:35:21.791+0000] {processor.py:161} INFO - Started process (PID=602) to work on /home/airflow/.local/lib/python3.12/site-packages/airflow/example_dags/example_latest_only_with_trigger.py
[2024-05-20T08:35:21.793+0000] {processor.py:830} INFO - Processing file /home/airflow/.local/lib/python3.12/site-packages/airflow/example_dags/example_latest_only_with_trigger.py for tasks to queue
[2024-05-20T08:35:21.797+0000] {logging_mixin.py:188} INFO - [2024-05-20T08:35:21.796+0000] {dagbag.py:545} INFO - Filling up the DagBag from /home/airflow/.local/lib/python3.12/site-packages/airflow/example_dags/example_latest_only_with_trigger.py
[2024-05-20T08:35:21.841+0000] {processor.py:840} INFO - DAG(s) 'latest_only_with_trigger' retrieved from /home/airflow/.local/lib/python3.12/site-packages/airflow/example_dags/example_latest_only_with_trigger.py
[2024-05-20T08:35:21.972+0000] {logging_mixin.py:188} INFO - [2024-05-20T08:35:21.971+0000] {dag.py:3096} INFO - Sync 1 DAGs
[2024-05-20T08:35:22.086+0000] {logging_mixin.py:188} INFO - [2024-05-20T08:35:22.086+0000] {dag.py:3954} INFO - Setting next_dagrun for latest_only_with_trigger to 2024-05-20 04:00:00+00:00, run_after=2024-05-20 08:00:00+00:00
[2024-05-20T08:35:22.142+0000] {processor.py:183} INFO - Processing /home/airflow/.local/lib/python3.12/site-packages/airflow/example_dags/example_latest_only_with_trigger.py took 0.368 seconds
[2024-05-20T08:35:52.608+0000] {processor.py:161} INFO - Started process (PID=663) to work on /home/airflow/.local/lib/python3.12/site-packages/airflow/example_dags/example_latest_only_with_trigger.py
[2024-05-20T08:35:52.610+0000] {processor.py:830} INFO - Processing file /home/airflow/.local/lib/python3.12/site-packages/airflow/example_dags/example_latest_only_with_trigger.py for tasks to queue
[2024-05-20T08:35:52.613+0000] {logging_mixin.py:188} INFO - [2024-05-20T08:35:52.612+0000] {dagbag.py:545} INFO - Filling up the DagBag from /home/airflow/.local/lib/python3.12/site-packages/airflow/example_dags/example_latest_only_with_trigger.py
[2024-05-20T08:35:52.621+0000] {processor.py:840} INFO - DAG(s) 'latest_only_with_trigger' retrieved from /home/airflow/.local/lib/python3.12/site-packages/airflow/example_dags/example_latest_only_with_trigger.py
[2024-05-20T08:35:52.651+0000] {logging_mixin.py:188} INFO - [2024-05-20T08:35:52.650+0000] {dag.py:3096} INFO - Sync 1 DAGs
[2024-05-20T08:35:52.678+0000] {logging_mixin.py:188} INFO - [2024-05-20T08:35:52.678+0000] {dag.py:3954} INFO - Setting next_dagrun for latest_only_with_trigger to 2024-05-20 04:00:00+00:00, run_after=2024-05-20 08:00:00+00:00
[2024-05-20T08:35:52.709+0000] {processor.py:183} INFO - Processing /home/airflow/.local/lib/python3.12/site-packages/airflow/example_dags/example_latest_only_with_trigger.py took 0.107 seconds
[2024-05-20T08:36:22.941+0000] {processor.py:161} INFO - Started process (PID=724) to work on /home/airflow/.local/lib/python3.12/site-packages/airflow/example_dags/example_latest_only_with_trigger.py
[2024-05-20T08:36:22.942+0000] {processor.py:830} INFO - Processing file /home/airflow/.local/lib/python3.12/site-packages/airflow/example_dags/example_latest_only_with_trigger.py for tasks to queue
[2024-05-20T08:36:22.944+0000] {logging_mixin.py:188} INFO - [2024-05-20T08:36:22.944+0000] {dagbag.py:545} INFO - Filling up the DagBag from /home/airflow/.local/lib/python3.12/site-packages/airflow/example_dags/example_latest_only_with_trigger.py
[2024-05-20T08:36:22.951+0000] {processor.py:840} INFO - DAG(s) 'latest_only_with_trigger' retrieved from /home/airflow/.local/lib/python3.12/site-packages/airflow/example_dags/example_latest_only_with_trigger.py
[2024-05-20T08:36:22.975+0000] {logging_mixin.py:188} INFO - [2024-05-20T08:36:22.974+0000] {dag.py:3096} INFO - Sync 1 DAGs
[2024-05-20T08:36:23.000+0000] {logging_mixin.py:188} INFO - [2024-05-20T08:36:22.999+0000] {dag.py:3954} INFO - Setting next_dagrun for latest_only_with_trigger to 2024-05-20 04:00:00+00:00, run_after=2024-05-20 08:00:00+00:00
[2024-05-20T08:36:23.030+0000] {processor.py:183} INFO - Processing /home/airflow/.local/lib/python3.12/site-packages/airflow/example_dags/example_latest_only_with_trigger.py took 0.094 seconds
[2024-05-20T08:36:53.539+0000] {processor.py:161} INFO - Started process (PID=785) to work on /home/airflow/.local/lib/python3.12/site-packages/airflow/example_dags/example_latest_only_with_trigger.py
[2024-05-20T08:36:53.541+0000] {processor.py:830} INFO - Processing file /home/airflow/.local/lib/python3.12/site-packages/airflow/example_dags/example_latest_only_with_trigger.py for tasks to queue
[2024-05-20T08:36:53.543+0000] {logging_mixin.py:188} INFO - [2024-05-20T08:36:53.543+0000] {dagbag.py:545} INFO - Filling up the DagBag from /home/airflow/.local/lib/python3.12/site-packages/airflow/example_dags/example_latest_only_with_trigger.py
[2024-05-20T08:36:53.554+0000] {processor.py:840} INFO - DAG(s) 'latest_only_with_trigger' retrieved from /home/airflow/.local/lib/python3.12/site-packages/airflow/example_dags/example_latest_only_with_trigger.py
[2024-05-20T08:36:53.586+0000] {logging_mixin.py:188} INFO - [2024-05-20T08:36:53.586+0000] {dag.py:3096} INFO - Sync 1 DAGs
[2024-05-20T08:36:53.641+0000] {logging_mixin.py:188} INFO - [2024-05-20T08:36:53.640+0000] {dag.py:3954} INFO - Setting next_dagrun for latest_only_with_trigger to 2024-05-20 04:00:00+00:00, run_after=2024-05-20 08:00:00+00:00
[2024-05-20T08:36:53.686+0000] {processor.py:183} INFO - Processing /home/airflow/.local/lib/python3.12/site-packages/airflow/example_dags/example_latest_only_with_trigger.py took 0.154 seconds
[2024-05-20T08:37:24.108+0000] {processor.py:161} INFO - Started process (PID=846) to work on /home/airflow/.local/lib/python3.12/site-packages/airflow/example_dags/example_latest_only_with_trigger.py
[2024-05-20T08:37:24.109+0000] {processor.py:830} INFO - Processing file /home/airflow/.local/lib/python3.12/site-packages/airflow/example_dags/example_latest_only_with_trigger.py for tasks to queue
[2024-05-20T08:37:24.111+0000] {logging_mixin.py:188} INFO - [2024-05-20T08:37:24.111+0000] {dagbag.py:545} INFO - Filling up the DagBag from /home/airflow/.local/lib/python3.12/site-packages/airflow/example_dags/example_latest_only_with_trigger.py
[2024-05-20T08:37:24.117+0000] {processor.py:840} INFO - DAG(s) 'latest_only_with_trigger' retrieved from /home/airflow/.local/lib/python3.12/site-packages/airflow/example_dags/example_latest_only_with_trigger.py
[2024-05-20T08:37:24.139+0000] {logging_mixin.py:188} INFO - [2024-05-20T08:37:24.138+0000] {dag.py:3096} INFO - Sync 1 DAGs
[2024-05-20T08:37:24.161+0000] {logging_mixin.py:188} INFO - [2024-05-20T08:37:24.160+0000] {dag.py:3954} INFO - Setting next_dagrun for latest_only_with_trigger to 2024-05-20 04:00:00+00:00, run_after=2024-05-20 08:00:00+00:00
[2024-05-20T08:37:24.189+0000] {processor.py:183} INFO - Processing /home/airflow/.local/lib/python3.12/site-packages/airflow/example_dags/example_latest_only_with_trigger.py took 0.087 seconds
[2024-05-20T08:37:54.831+0000] {processor.py:161} INFO - Started process (PID=907) to work on /home/airflow/.local/lib/python3.12/site-packages/airflow/example_dags/example_latest_only_with_trigger.py
[2024-05-20T08:37:54.832+0000] {processor.py:830} INFO - Processing file /home/airflow/.local/lib/python3.12/site-packages/airflow/example_dags/example_latest_only_with_trigger.py for tasks to queue
[2024-05-20T08:37:54.834+0000] {logging_mixin.py:188} INFO - [2024-05-20T08:37:54.833+0000] {dagbag.py:545} INFO - Filling up the DagBag from /home/airflow/.local/lib/python3.12/site-packages/airflow/example_dags/example_latest_only_with_trigger.py
[2024-05-20T08:37:54.840+0000] {processor.py:840} INFO - DAG(s) 'latest_only_with_trigger' retrieved from /home/airflow/.local/lib/python3.12/site-packages/airflow/example_dags/example_latest_only_with_trigger.py
[2024-05-20T08:37:54.862+0000] {logging_mixin.py:188} INFO - [2024-05-20T08:37:54.862+0000] {dag.py:3096} INFO - Sync 1 DAGs
[2024-05-20T08:37:54.883+0000] {logging_mixin.py:188} INFO - [2024-05-20T08:37:54.882+0000] {dag.py:3954} INFO - Setting next_dagrun for latest_only_with_trigger to 2024-05-20 04:00:00+00:00, run_after=2024-05-20 08:00:00+00:00
[2024-05-20T08:37:54.911+0000] {processor.py:183} INFO - Processing /home/airflow/.local/lib/python3.12/site-packages/airflow/example_dags/example_latest_only_with_trigger.py took 0.085 seconds
[2024-05-20T08:38:25.233+0000] {processor.py:161} INFO - Started process (PID=968) to work on /home/airflow/.local/lib/python3.12/site-packages/airflow/example_dags/example_latest_only_with_trigger.py
[2024-05-20T08:38:25.235+0000] {processor.py:830} INFO - Processing file /home/airflow/.local/lib/python3.12/site-packages/airflow/example_dags/example_latest_only_with_trigger.py for tasks to queue
[2024-05-20T08:38:25.237+0000] {logging_mixin.py:188} INFO - [2024-05-20T08:38:25.237+0000] {dagbag.py:545} INFO - Filling up the DagBag from /home/airflow/.local/lib/python3.12/site-packages/airflow/example_dags/example_latest_only_with_trigger.py
[2024-05-20T08:38:25.242+0000] {processor.py:840} INFO - DAG(s) 'latest_only_with_trigger' retrieved from /home/airflow/.local/lib/python3.12/site-packages/airflow/example_dags/example_latest_only_with_trigger.py
[2024-05-20T08:38:25.265+0000] {logging_mixin.py:188} INFO - [2024-05-20T08:38:25.265+0000] {dag.py:3096} INFO - Sync 1 DAGs
[2024-05-20T08:38:25.291+0000] {logging_mixin.py:188} INFO - [2024-05-20T08:38:25.291+0000] {dag.py:3954} INFO - Setting next_dagrun for latest_only_with_trigger to 2024-05-20 04:00:00+00:00, run_after=2024-05-20 08:00:00+00:00
[2024-05-20T08:38:25.312+0000] {processor.py:183} INFO - Processing /home/airflow/.local/lib/python3.12/site-packages/airflow/example_dags/example_latest_only_with_trigger.py took 0.085 seconds
[2024-05-20T08:38:55.840+0000] {processor.py:161} INFO - Started process (PID=1029) to work on /home/airflow/.local/lib/python3.12/site-packages/airflow/example_dags/example_latest_only_with_trigger.py
[2024-05-20T08:38:55.841+0000] {processor.py:830} INFO - Processing file /home/airflow/.local/lib/python3.12/site-packages/airflow/example_dags/example_latest_only_with_trigger.py for tasks to queue
[2024-05-20T08:38:55.845+0000] {logging_mixin.py:188} INFO - [2024-05-20T08:38:55.844+0000] {dagbag.py:545} INFO - Filling up the DagBag from /home/airflow/.local/lib/python3.12/site-packages/airflow/example_dags/example_latest_only_with_trigger.py
[2024-05-20T08:38:55.853+0000] {processor.py:840} INFO - DAG(s) 'latest_only_with_trigger' retrieved from /home/airflow/.local/lib/python3.12/site-packages/airflow/example_dags/example_latest_only_with_trigger.py
[2024-05-20T08:38:55.888+0000] {logging_mixin.py:188} INFO - [2024-05-20T08:38:55.888+0000] {dag.py:3096} INFO - Sync 1 DAGs
[2024-05-20T08:38:55.922+0000] {logging_mixin.py:188} INFO - [2024-05-20T08:38:55.921+0000] {dag.py:3954} INFO - Setting next_dagrun for latest_only_with_trigger to 2024-05-20 04:00:00+00:00, run_after=2024-05-20 08:00:00+00:00
[2024-05-20T08:38:55.965+0000] {processor.py:183} INFO - Processing /home/airflow/.local/lib/python3.12/site-packages/airflow/example_dags/example_latest_only_with_trigger.py took 0.133 seconds
[2024-05-20T08:39:26.178+0000] {processor.py:161} INFO - Started process (PID=1090) to work on /home/airflow/.local/lib/python3.12/site-packages/airflow/example_dags/example_latest_only_with_trigger.py
[2024-05-20T08:39:26.180+0000] {processor.py:830} INFO - Processing file /home/airflow/.local/lib/python3.12/site-packages/airflow/example_dags/example_latest_only_with_trigger.py for tasks to queue
[2024-05-20T08:39:26.182+0000] {logging_mixin.py:188} INFO - [2024-05-20T08:39:26.182+0000] {dagbag.py:545} INFO - Filling up the DagBag from /home/airflow/.local/lib/python3.12/site-packages/airflow/example_dags/example_latest_only_with_trigger.py
[2024-05-20T08:39:26.188+0000] {processor.py:840} INFO - DAG(s) 'latest_only_with_trigger' retrieved from /home/airflow/.local/lib/python3.12/site-packages/airflow/example_dags/example_latest_only_with_trigger.py
[2024-05-20T08:39:26.213+0000] {logging_mixin.py:188} INFO - [2024-05-20T08:39:26.213+0000] {dag.py:3096} INFO - Sync 1 DAGs
[2024-05-20T08:39:26.241+0000] {logging_mixin.py:188} INFO - [2024-05-20T08:39:26.241+0000] {dag.py:3954} INFO - Setting next_dagrun for latest_only_with_trigger to 2024-05-20 04:00:00+00:00, run_after=2024-05-20 08:00:00+00:00
[2024-05-20T08:39:26.263+0000] {processor.py:183} INFO - Processing /home/airflow/.local/lib/python3.12/site-packages/airflow/example_dags/example_latest_only_with_trigger.py took 0.090 seconds
[2024-05-20T08:39:56.575+0000] {processor.py:161} INFO - Started process (PID=1151) to work on /home/airflow/.local/lib/python3.12/site-packages/airflow/example_dags/example_latest_only_with_trigger.py
[2024-05-20T08:39:56.576+0000] {processor.py:830} INFO - Processing file /home/airflow/.local/lib/python3.12/site-packages/airflow/example_dags/example_latest_only_with_trigger.py for tasks to queue
[2024-05-20T08:39:56.578+0000] {logging_mixin.py:188} INFO - [2024-05-20T08:39:56.578+0000] {dagbag.py:545} INFO - Filling up the DagBag from /home/airflow/.local/lib/python3.12/site-packages/airflow/example_dags/example_latest_only_with_trigger.py
[2024-05-20T08:39:56.584+0000] {processor.py:840} INFO - DAG(s) 'latest_only_with_trigger' retrieved from /home/airflow/.local/lib/python3.12/site-packages/airflow/example_dags/example_latest_only_with_trigger.py
[2024-05-20T08:39:56.605+0000] {logging_mixin.py:188} INFO - [2024-05-20T08:39:56.605+0000] {dag.py:3096} INFO - Sync 1 DAGs
[2024-05-20T08:39:56.627+0000] {logging_mixin.py:188} INFO - [2024-05-20T08:39:56.626+0000] {dag.py:3954} INFO - Setting next_dagrun for latest_only_with_trigger to 2024-05-20 04:00:00+00:00, run_after=2024-05-20 08:00:00+00:00
[2024-05-20T08:39:56.649+0000] {processor.py:183} INFO - Processing /home/airflow/.local/lib/python3.12/site-packages/airflow/example_dags/example_latest_only_with_trigger.py took 0.079 seconds
[2024-05-20T08:40:26.756+0000] {processor.py:161} INFO - Started process (PID=1217) to work on /home/airflow/.local/lib/python3.12/site-packages/airflow/example_dags/example_latest_only_with_trigger.py
[2024-05-20T08:40:26.757+0000] {processor.py:830} INFO - Processing file /home/airflow/.local/lib/python3.12/site-packages/airflow/example_dags/example_latest_only_with_trigger.py for tasks to queue
[2024-05-20T08:40:26.759+0000] {logging_mixin.py:188} INFO - [2024-05-20T08:40:26.759+0000] {dagbag.py:545} INFO - Filling up the DagBag from /home/airflow/.local/lib/python3.12/site-packages/airflow/example_dags/example_latest_only_with_trigger.py
[2024-05-20T08:40:26.765+0000] {processor.py:840} INFO - DAG(s) 'latest_only_with_trigger' retrieved from /home/airflow/.local/lib/python3.12/site-packages/airflow/example_dags/example_latest_only_with_trigger.py
[2024-05-20T08:40:26.790+0000] {logging_mixin.py:188} INFO - [2024-05-20T08:40:26.790+0000] {dag.py:3096} INFO - Sync 1 DAGs
[2024-05-20T08:40:26.814+0000] {logging_mixin.py:188} INFO - [2024-05-20T08:40:26.813+0000] {dag.py:3954} INFO - Setting next_dagrun for latest_only_with_trigger to 2024-05-20 04:00:00+00:00, run_after=2024-05-20 08:00:00+00:00
[2024-05-20T08:40:26.839+0000] {processor.py:183} INFO - Processing /home/airflow/.local/lib/python3.12/site-packages/airflow/example_dags/example_latest_only_with_trigger.py took 0.092 seconds
[2024-05-20T08:40:57.304+0000] {processor.py:161} INFO - Started process (PID=1280) to work on /home/airflow/.local/lib/python3.12/site-packages/airflow/example_dags/example_latest_only_with_trigger.py
[2024-05-20T08:40:57.305+0000] {processor.py:830} INFO - Processing file /home/airflow/.local/lib/python3.12/site-packages/airflow/example_dags/example_latest_only_with_trigger.py for tasks to queue
[2024-05-20T08:40:57.307+0000] {logging_mixin.py:188} INFO - [2024-05-20T08:40:57.307+0000] {dagbag.py:545} INFO - Filling up the DagBag from /home/airflow/.local/lib/python3.12/site-packages/airflow/example_dags/example_latest_only_with_trigger.py
[2024-05-20T08:40:57.313+0000] {processor.py:840} INFO - DAG(s) 'latest_only_with_trigger' retrieved from /home/airflow/.local/lib/python3.12/site-packages/airflow/example_dags/example_latest_only_with_trigger.py
[2024-05-20T08:40:57.335+0000] {logging_mixin.py:188} INFO - [2024-05-20T08:40:57.335+0000] {dag.py:3096} INFO - Sync 1 DAGs
[2024-05-20T08:40:57.356+0000] {logging_mixin.py:188} INFO - [2024-05-20T08:40:57.356+0000] {dag.py:3954} INFO - Setting next_dagrun for latest_only_with_trigger to 2024-05-20 04:00:00+00:00, run_after=2024-05-20 08:00:00+00:00
[2024-05-20T08:40:57.384+0000] {processor.py:183} INFO - Processing /home/airflow/.local/lib/python3.12/site-packages/airflow/example_dags/example_latest_only_with_trigger.py took 0.085 seconds
[2024-05-20T08:41:27.657+0000] {processor.py:161} INFO - Started process (PID=1343) to work on /home/airflow/.local/lib/python3.12/site-packages/airflow/example_dags/example_latest_only_with_trigger.py
[2024-05-20T08:41:27.658+0000] {processor.py:830} INFO - Processing file /home/airflow/.local/lib/python3.12/site-packages/airflow/example_dags/example_latest_only_with_trigger.py for tasks to queue
[2024-05-20T08:41:27.659+0000] {logging_mixin.py:188} INFO - [2024-05-20T08:41:27.659+0000] {dagbag.py:545} INFO - Filling up the DagBag from /home/airflow/.local/lib/python3.12/site-packages/airflow/example_dags/example_latest_only_with_trigger.py
[2024-05-20T08:41:27.665+0000] {processor.py:840} INFO - DAG(s) 'latest_only_with_trigger' retrieved from /home/airflow/.local/lib/python3.12/site-packages/airflow/example_dags/example_latest_only_with_trigger.py
[2024-05-20T08:41:27.690+0000] {logging_mixin.py:188} INFO - [2024-05-20T08:41:27.689+0000] {dag.py:3096} INFO - Sync 1 DAGs
[2024-05-20T08:41:27.711+0000] {logging_mixin.py:188} INFO - [2024-05-20T08:41:27.710+0000] {dag.py:3954} INFO - Setting next_dagrun for latest_only_with_trigger to 2024-05-20 04:00:00+00:00, run_after=2024-05-20 08:00:00+00:00
[2024-05-20T08:41:27.757+0000] {processor.py:183} INFO - Processing /home/airflow/.local/lib/python3.12/site-packages/airflow/example_dags/example_latest_only_with_trigger.py took 0.105 seconds
[2024-05-20T08:41:58.537+0000] {processor.py:161} INFO - Started process (PID=1405) to work on /home/airflow/.local/lib/python3.12/site-packages/airflow/example_dags/example_latest_only_with_trigger.py
[2024-05-20T08:41:58.538+0000] {processor.py:830} INFO - Processing file /home/airflow/.local/lib/python3.12/site-packages/airflow/example_dags/example_latest_only_with_trigger.py for tasks to queue
[2024-05-20T08:41:58.539+0000] {logging_mixin.py:188} INFO - [2024-05-20T08:41:58.539+0000] {dagbag.py:545} INFO - Filling up the DagBag from /home/airflow/.local/lib/python3.12/site-packages/airflow/example_dags/example_latest_only_with_trigger.py
[2024-05-20T08:41:58.545+0000] {processor.py:840} INFO - DAG(s) 'latest_only_with_trigger' retrieved from /home/airflow/.local/lib/python3.12/site-packages/airflow/example_dags/example_latest_only_with_trigger.py
[2024-05-20T08:41:58.568+0000] {logging_mixin.py:188} INFO - [2024-05-20T08:41:58.568+0000] {dag.py:3096} INFO - Sync 1 DAGs
[2024-05-20T08:41:58.595+0000] {logging_mixin.py:188} INFO - [2024-05-20T08:41:58.595+0000] {dag.py:3954} INFO - Setting next_dagrun for latest_only_with_trigger to 2024-05-20 04:00:00+00:00, run_after=2024-05-20 08:00:00+00:00
[2024-05-20T08:41:58.621+0000] {processor.py:183} INFO - Processing /home/airflow/.local/lib/python3.12/site-packages/airflow/example_dags/example_latest_only_with_trigger.py took 0.089 seconds
[2024-05-20T08:42:29.457+0000] {processor.py:161} INFO - Started process (PID=1466) to work on /home/airflow/.local/lib/python3.12/site-packages/airflow/example_dags/example_latest_only_with_trigger.py
[2024-05-20T08:42:29.459+0000] {processor.py:830} INFO - Processing file /home/airflow/.local/lib/python3.12/site-packages/airflow/example_dags/example_latest_only_with_trigger.py for tasks to queue
[2024-05-20T08:42:29.461+0000] {logging_mixin.py:188} INFO - [2024-05-20T08:42:29.460+0000] {dagbag.py:545} INFO - Filling up the DagBag from /home/airflow/.local/lib/python3.12/site-packages/airflow/example_dags/example_latest_only_with_trigger.py
[2024-05-20T08:42:29.469+0000] {processor.py:840} INFO - DAG(s) 'latest_only_with_trigger' retrieved from /home/airflow/.local/lib/python3.12/site-packages/airflow/example_dags/example_latest_only_with_trigger.py
[2024-05-20T08:42:29.495+0000] {logging_mixin.py:188} INFO - [2024-05-20T08:42:29.494+0000] {dag.py:3096} INFO - Sync 1 DAGs
[2024-05-20T08:42:29.521+0000] {logging_mixin.py:188} INFO - [2024-05-20T08:42:29.520+0000] {dag.py:3954} INFO - Setting next_dagrun for latest_only_with_trigger to 2024-05-20 04:00:00+00:00, run_after=2024-05-20 08:00:00+00:00
[2024-05-20T08:42:29.748+0000] {processor.py:183} INFO - Processing /home/airflow/.local/lib/python3.12/site-packages/airflow/example_dags/example_latest_only_with_trigger.py took 0.298 seconds
[2024-05-20T08:43:00.673+0000] {processor.py:161} INFO - Started process (PID=1527) to work on /home/airflow/.local/lib/python3.12/site-packages/airflow/example_dags/example_latest_only_with_trigger.py
[2024-05-20T08:43:00.677+0000] {processor.py:830} INFO - Processing file /home/airflow/.local/lib/python3.12/site-packages/airflow/example_dags/example_latest_only_with_trigger.py for tasks to queue
[2024-05-20T08:43:00.680+0000] {logging_mixin.py:188} INFO - [2024-05-20T08:43:00.679+0000] {dagbag.py:545} INFO - Filling up the DagBag from /home/airflow/.local/lib/python3.12/site-packages/airflow/example_dags/example_latest_only_with_trigger.py
[2024-05-20T08:43:00.700+0000] {processor.py:840} INFO - DAG(s) 'latest_only_with_trigger' retrieved from /home/airflow/.local/lib/python3.12/site-packages/airflow/example_dags/example_latest_only_with_trigger.py
[2024-05-20T08:43:00.736+0000] {logging_mixin.py:188} INFO - [2024-05-20T08:43:00.735+0000] {dag.py:3096} INFO - Sync 1 DAGs
[2024-05-20T08:43:00.776+0000] {logging_mixin.py:188} INFO - [2024-05-20T08:43:00.776+0000] {dag.py:3954} INFO - Setting next_dagrun for latest_only_with_trigger to 2024-05-20 04:00:00+00:00, run_after=2024-05-20 08:00:00+00:00
[2024-05-20T08:43:01.071+0000] {processor.py:183} INFO - Processing /home/airflow/.local/lib/python3.12/site-packages/airflow/example_dags/example_latest_only_with_trigger.py took 0.416 seconds
[2024-05-20T08:43:31.290+0000] {processor.py:161} INFO - Started process (PID=1588) to work on /home/airflow/.local/lib/python3.12/site-packages/airflow/example_dags/example_latest_only_with_trigger.py
[2024-05-20T08:43:31.291+0000] {processor.py:830} INFO - Processing file /home/airflow/.local/lib/python3.12/site-packages/airflow/example_dags/example_latest_only_with_trigger.py for tasks to queue
[2024-05-20T08:43:31.292+0000] {logging_mixin.py:188} INFO - [2024-05-20T08:43:31.292+0000] {dagbag.py:545} INFO - Filling up the DagBag from /home/airflow/.local/lib/python3.12/site-packages/airflow/example_dags/example_latest_only_with_trigger.py
[2024-05-20T08:43:31.298+0000] {processor.py:840} INFO - DAG(s) 'latest_only_with_trigger' retrieved from /home/airflow/.local/lib/python3.12/site-packages/airflow/example_dags/example_latest_only_with_trigger.py
[2024-05-20T08:43:31.324+0000] {logging_mixin.py:188} INFO - [2024-05-20T08:43:31.323+0000] {dag.py:3096} INFO - Sync 1 DAGs
[2024-05-20T08:43:31.349+0000] {logging_mixin.py:188} INFO - [2024-05-20T08:43:31.349+0000] {dag.py:3954} INFO - Setting next_dagrun for latest_only_with_trigger to 2024-05-20 04:00:00+00:00, run_after=2024-05-20 08:00:00+00:00
[2024-05-20T08:43:31.377+0000] {processor.py:183} INFO - Processing /home/airflow/.local/lib/python3.12/site-packages/airflow/example_dags/example_latest_only_with_trigger.py took 0.093 seconds
[2024-05-20T08:44:01.891+0000] {processor.py:161} INFO - Started process (PID=1649) to work on /home/airflow/.local/lib/python3.12/site-packages/airflow/example_dags/example_latest_only_with_trigger.py
[2024-05-20T08:44:01.892+0000] {processor.py:830} INFO - Processing file /home/airflow/.local/lib/python3.12/site-packages/airflow/example_dags/example_latest_only_with_trigger.py for tasks to queue
[2024-05-20T08:44:01.894+0000] {logging_mixin.py:188} INFO - [2024-05-20T08:44:01.893+0000] {dagbag.py:545} INFO - Filling up the DagBag from /home/airflow/.local/lib/python3.12/site-packages/airflow/example_dags/example_latest_only_with_trigger.py
[2024-05-20T08:44:01.904+0000] {processor.py:840} INFO - DAG(s) 'latest_only_with_trigger' retrieved from /home/airflow/.local/lib/python3.12/site-packages/airflow/example_dags/example_latest_only_with_trigger.py
[2024-05-20T08:44:01.932+0000] {logging_mixin.py:188} INFO - [2024-05-20T08:44:01.931+0000] {dag.py:3096} INFO - Sync 1 DAGs
[2024-05-20T08:44:01.958+0000] {logging_mixin.py:188} INFO - [2024-05-20T08:44:01.958+0000] {dag.py:3954} INFO - Setting next_dagrun for latest_only_with_trigger to 2024-05-20 04:00:00+00:00, run_after=2024-05-20 08:00:00+00:00
[2024-05-20T08:44:01.981+0000] {processor.py:183} INFO - Processing /home/airflow/.local/lib/python3.12/site-packages/airflow/example_dags/example_latest_only_with_trigger.py took 0.099 seconds
[2024-05-20T08:44:32.455+0000] {processor.py:161} INFO - Started process (PID=1710) to work on /home/airflow/.local/lib/python3.12/site-packages/airflow/example_dags/example_latest_only_with_trigger.py
[2024-05-20T08:44:32.456+0000] {processor.py:830} INFO - Processing file /home/airflow/.local/lib/python3.12/site-packages/airflow/example_dags/example_latest_only_with_trigger.py for tasks to queue
[2024-05-20T08:44:32.457+0000] {logging_mixin.py:188} INFO - [2024-05-20T08:44:32.457+0000] {dagbag.py:545} INFO - Filling up the DagBag from /home/airflow/.local/lib/python3.12/site-packages/airflow/example_dags/example_latest_only_with_trigger.py
[2024-05-20T08:44:32.465+0000] {processor.py:840} INFO - DAG(s) 'latest_only_with_trigger' retrieved from /home/airflow/.local/lib/python3.12/site-packages/airflow/example_dags/example_latest_only_with_trigger.py
[2024-05-20T08:44:32.490+0000] {logging_mixin.py:188} INFO - [2024-05-20T08:44:32.489+0000] {dag.py:3096} INFO - Sync 1 DAGs
[2024-05-20T08:44:32.514+0000] {logging_mixin.py:188} INFO - [2024-05-20T08:44:32.514+0000] {dag.py:3954} INFO - Setting next_dagrun for latest_only_with_trigger to 2024-05-20 04:00:00+00:00, run_after=2024-05-20 08:00:00+00:00
[2024-05-20T08:44:32.542+0000] {processor.py:183} INFO - Processing /home/airflow/.local/lib/python3.12/site-packages/airflow/example_dags/example_latest_only_with_trigger.py took 0.095 seconds
[2024-05-20T08:45:02.819+0000] {processor.py:161} INFO - Started process (PID=1771) to work on /home/airflow/.local/lib/python3.12/site-packages/airflow/example_dags/example_latest_only_with_trigger.py
[2024-05-20T08:45:02.820+0000] {processor.py:830} INFO - Processing file /home/airflow/.local/lib/python3.12/site-packages/airflow/example_dags/example_latest_only_with_trigger.py for tasks to queue
[2024-05-20T08:45:02.821+0000] {logging_mixin.py:188} INFO - [2024-05-20T08:45:02.821+0000] {dagbag.py:545} INFO - Filling up the DagBag from /home/airflow/.local/lib/python3.12/site-packages/airflow/example_dags/example_latest_only_with_trigger.py
[2024-05-20T08:45:02.827+0000] {processor.py:840} INFO - DAG(s) 'latest_only_with_trigger' retrieved from /home/airflow/.local/lib/python3.12/site-packages/airflow/example_dags/example_latest_only_with_trigger.py
[2024-05-20T08:45:02.850+0000] {logging_mixin.py:188} INFO - [2024-05-20T08:45:02.850+0000] {dag.py:3096} INFO - Sync 1 DAGs
[2024-05-20T08:45:02.872+0000] {logging_mixin.py:188} INFO - [2024-05-20T08:45:02.872+0000] {dag.py:3954} INFO - Setting next_dagrun for latest_only_with_trigger to 2024-05-20 04:00:00+00:00, run_after=2024-05-20 08:00:00+00:00
[2024-05-20T08:45:02.903+0000] {processor.py:183} INFO - Processing /home/airflow/.local/lib/python3.12/site-packages/airflow/example_dags/example_latest_only_with_trigger.py took 0.090 seconds
[2024-05-20T08:45:33.315+0000] {processor.py:161} INFO - Started process (PID=1834) to work on /home/airflow/.local/lib/python3.12/site-packages/airflow/example_dags/example_latest_only_with_trigger.py
[2024-05-20T08:45:33.317+0000] {processor.py:830} INFO - Processing file /home/airflow/.local/lib/python3.12/site-packages/airflow/example_dags/example_latest_only_with_trigger.py for tasks to queue
[2024-05-20T08:45:33.318+0000] {logging_mixin.py:188} INFO - [2024-05-20T08:45:33.318+0000] {dagbag.py:545} INFO - Filling up the DagBag from /home/airflow/.local/lib/python3.12/site-packages/airflow/example_dags/example_latest_only_with_trigger.py
[2024-05-20T08:45:33.325+0000] {processor.py:840} INFO - DAG(s) 'latest_only_with_trigger' retrieved from /home/airflow/.local/lib/python3.12/site-packages/airflow/example_dags/example_latest_only_with_trigger.py
[2024-05-20T08:45:33.349+0000] {logging_mixin.py:188} INFO - [2024-05-20T08:45:33.349+0000] {dag.py:3096} INFO - Sync 1 DAGs
[2024-05-20T08:45:33.373+0000] {logging_mixin.py:188} INFO - [2024-05-20T08:45:33.373+0000] {dag.py:3954} INFO - Setting next_dagrun for latest_only_with_trigger to 2024-05-20 04:00:00+00:00, run_after=2024-05-20 08:00:00+00:00
[2024-05-20T08:45:33.397+0000] {processor.py:183} INFO - Processing /home/airflow/.local/lib/python3.12/site-packages/airflow/example_dags/example_latest_only_with_trigger.py took 0.088 seconds
[2024-05-20T08:46:04.059+0000] {processor.py:161} INFO - Started process (PID=1899) to work on /home/airflow/.local/lib/python3.12/site-packages/airflow/example_dags/example_latest_only_with_trigger.py
[2024-05-20T08:46:04.060+0000] {processor.py:830} INFO - Processing file /home/airflow/.local/lib/python3.12/site-packages/airflow/example_dags/example_latest_only_with_trigger.py for tasks to queue
[2024-05-20T08:46:04.062+0000] {logging_mixin.py:188} INFO - [2024-05-20T08:46:04.061+0000] {dagbag.py:545} INFO - Filling up the DagBag from /home/airflow/.local/lib/python3.12/site-packages/airflow/example_dags/example_latest_only_with_trigger.py
[2024-05-20T08:46:04.067+0000] {processor.py:840} INFO - DAG(s) 'latest_only_with_trigger' retrieved from /home/airflow/.local/lib/python3.12/site-packages/airflow/example_dags/example_latest_only_with_trigger.py
[2024-05-20T08:46:04.088+0000] {logging_mixin.py:188} INFO - [2024-05-20T08:46:04.088+0000] {dag.py:3096} INFO - Sync 1 DAGs
[2024-05-20T08:46:04.108+0000] {logging_mixin.py:188} INFO - [2024-05-20T08:46:04.108+0000] {dag.py:3954} INFO - Setting next_dagrun for latest_only_with_trigger to 2024-05-20 04:00:00+00:00, run_after=2024-05-20 08:00:00+00:00
[2024-05-20T08:46:04.137+0000] {processor.py:183} INFO - Processing /home/airflow/.local/lib/python3.12/site-packages/airflow/example_dags/example_latest_only_with_trigger.py took 0.083 seconds
[2024-05-20T08:46:34.556+0000] {processor.py:161} INFO - Started process (PID=1962) to work on /home/airflow/.local/lib/python3.12/site-packages/airflow/example_dags/example_latest_only_with_trigger.py
[2024-05-20T08:46:34.557+0000] {processor.py:830} INFO - Processing file /home/airflow/.local/lib/python3.12/site-packages/airflow/example_dags/example_latest_only_with_trigger.py for tasks to queue
[2024-05-20T08:46:34.559+0000] {logging_mixin.py:188} INFO - [2024-05-20T08:46:34.558+0000] {dagbag.py:545} INFO - Filling up the DagBag from /home/airflow/.local/lib/python3.12/site-packages/airflow/example_dags/example_latest_only_with_trigger.py
[2024-05-20T08:46:34.568+0000] {processor.py:840} INFO - DAG(s) 'latest_only_with_trigger' retrieved from /home/airflow/.local/lib/python3.12/site-packages/airflow/example_dags/example_latest_only_with_trigger.py
[2024-05-20T08:46:34.597+0000] {logging_mixin.py:188} INFO - [2024-05-20T08:46:34.596+0000] {dag.py:3096} INFO - Sync 1 DAGs
[2024-05-20T08:46:34.624+0000] {logging_mixin.py:188} INFO - [2024-05-20T08:46:34.624+0000] {dag.py:3954} INFO - Setting next_dagrun for latest_only_with_trigger to 2024-05-20 04:00:00+00:00, run_after=2024-05-20 08:00:00+00:00
[2024-05-20T08:46:34.652+0000] {processor.py:183} INFO - Processing /home/airflow/.local/lib/python3.12/site-packages/airflow/example_dags/example_latest_only_with_trigger.py took 0.108 seconds
[2024-05-20T08:47:05.551+0000] {processor.py:161} INFO - Started process (PID=2024) to work on /home/airflow/.local/lib/python3.12/site-packages/airflow/example_dags/example_latest_only_with_trigger.py
[2024-05-20T08:47:05.553+0000] {processor.py:830} INFO - Processing file /home/airflow/.local/lib/python3.12/site-packages/airflow/example_dags/example_latest_only_with_trigger.py for tasks to queue
[2024-05-20T08:47:05.555+0000] {logging_mixin.py:188} INFO - [2024-05-20T08:47:05.554+0000] {dagbag.py:545} INFO - Filling up the DagBag from /home/airflow/.local/lib/python3.12/site-packages/airflow/example_dags/example_latest_only_with_trigger.py
[2024-05-20T08:47:05.566+0000] {processor.py:840} INFO - DAG(s) 'latest_only_with_trigger' retrieved from /home/airflow/.local/lib/python3.12/site-packages/airflow/example_dags/example_latest_only_with_trigger.py
[2024-05-20T08:47:05.688+0000] {logging_mixin.py:188} INFO - [2024-05-20T08:47:05.688+0000] {dag.py:3096} INFO - Sync 1 DAGs
[2024-05-20T08:47:05.760+0000] {logging_mixin.py:188} INFO - [2024-05-20T08:47:05.760+0000] {dag.py:3954} INFO - Setting next_dagrun for latest_only_with_trigger to 2024-05-20 04:00:00+00:00, run_after=2024-05-20 08:00:00+00:00
[2024-05-20T08:47:05.811+0000] {processor.py:183} INFO - Processing /home/airflow/.local/lib/python3.12/site-packages/airflow/example_dags/example_latest_only_with_trigger.py took 0.274 seconds
[2024-05-20T08:47:36.106+0000] {processor.py:161} INFO - Started process (PID=2085) to work on /home/airflow/.local/lib/python3.12/site-packages/airflow/example_dags/example_latest_only_with_trigger.py
[2024-05-20T08:47:36.107+0000] {processor.py:830} INFO - Processing file /home/airflow/.local/lib/python3.12/site-packages/airflow/example_dags/example_latest_only_with_trigger.py for tasks to queue
[2024-05-20T08:47:36.108+0000] {logging_mixin.py:188} INFO - [2024-05-20T08:47:36.107+0000] {dagbag.py:545} INFO - Filling up the DagBag from /home/airflow/.local/lib/python3.12/site-packages/airflow/example_dags/example_latest_only_with_trigger.py
[2024-05-20T08:47:36.114+0000] {processor.py:840} INFO - DAG(s) 'latest_only_with_trigger' retrieved from /home/airflow/.local/lib/python3.12/site-packages/airflow/example_dags/example_latest_only_with_trigger.py
[2024-05-20T08:47:36.137+0000] {logging_mixin.py:188} INFO - [2024-05-20T08:47:36.137+0000] {dag.py:3096} INFO - Sync 1 DAGs
[2024-05-20T08:47:36.159+0000] {logging_mixin.py:188} INFO - [2024-05-20T08:47:36.159+0000] {dag.py:3954} INFO - Setting next_dagrun for latest_only_with_trigger to 2024-05-20 04:00:00+00:00, run_after=2024-05-20 08:00:00+00:00
[2024-05-20T08:47:36.203+0000] {processor.py:183} INFO - Processing /home/airflow/.local/lib/python3.12/site-packages/airflow/example_dags/example_latest_only_with_trigger.py took 0.104 seconds
[2024-05-20T08:48:06.752+0000] {processor.py:161} INFO - Started process (PID=2146) to work on /home/airflow/.local/lib/python3.12/site-packages/airflow/example_dags/example_latest_only_with_trigger.py
[2024-05-20T08:48:06.753+0000] {processor.py:830} INFO - Processing file /home/airflow/.local/lib/python3.12/site-packages/airflow/example_dags/example_latest_only_with_trigger.py for tasks to queue
[2024-05-20T08:48:06.754+0000] {logging_mixin.py:188} INFO - [2024-05-20T08:48:06.754+0000] {dagbag.py:545} INFO - Filling up the DagBag from /home/airflow/.local/lib/python3.12/site-packages/airflow/example_dags/example_latest_only_with_trigger.py
[2024-05-20T08:48:06.760+0000] {processor.py:840} INFO - DAG(s) 'latest_only_with_trigger' retrieved from /home/airflow/.local/lib/python3.12/site-packages/airflow/example_dags/example_latest_only_with_trigger.py
[2024-05-20T08:48:06.782+0000] {logging_mixin.py:188} INFO - [2024-05-20T08:48:06.782+0000] {dag.py:3096} INFO - Sync 1 DAGs
[2024-05-20T08:48:06.802+0000] {logging_mixin.py:188} INFO - [2024-05-20T08:48:06.802+0000] {dag.py:3954} INFO - Setting next_dagrun for latest_only_with_trigger to 2024-05-20 04:00:00+00:00, run_after=2024-05-20 08:00:00+00:00
[2024-05-20T08:48:06.851+0000] {processor.py:183} INFO - Processing /home/airflow/.local/lib/python3.12/site-packages/airflow/example_dags/example_latest_only_with_trigger.py took 0.104 seconds
[2024-05-20T08:48:37.166+0000] {processor.py:161} INFO - Started process (PID=2207) to work on /home/airflow/.local/lib/python3.12/site-packages/airflow/example_dags/example_latest_only_with_trigger.py
[2024-05-20T08:48:37.169+0000] {processor.py:830} INFO - Processing file /home/airflow/.local/lib/python3.12/site-packages/airflow/example_dags/example_latest_only_with_trigger.py for tasks to queue
[2024-05-20T08:48:37.171+0000] {logging_mixin.py:188} INFO - [2024-05-20T08:48:37.171+0000] {dagbag.py:545} INFO - Filling up the DagBag from /home/airflow/.local/lib/python3.12/site-packages/airflow/example_dags/example_latest_only_with_trigger.py
[2024-05-20T08:48:37.184+0000] {processor.py:840} INFO - DAG(s) 'latest_only_with_trigger' retrieved from /home/airflow/.local/lib/python3.12/site-packages/airflow/example_dags/example_latest_only_with_trigger.py
[2024-05-20T08:48:37.221+0000] {logging_mixin.py:188} INFO - [2024-05-20T08:48:37.220+0000] {dag.py:3096} INFO - Sync 1 DAGs
[2024-05-20T08:48:37.265+0000] {logging_mixin.py:188} INFO - [2024-05-20T08:48:37.265+0000] {dag.py:3954} INFO - Setting next_dagrun for latest_only_with_trigger to 2024-05-20 04:00:00+00:00, run_after=2024-05-20 08:00:00+00:00
[2024-05-20T08:48:37.303+0000] {processor.py:183} INFO - Processing /home/airflow/.local/lib/python3.12/site-packages/airflow/example_dags/example_latest_only_with_trigger.py took 0.145 seconds
[2024-05-20T08:49:08.240+0000] {processor.py:161} INFO - Started process (PID=2268) to work on /home/airflow/.local/lib/python3.12/site-packages/airflow/example_dags/example_latest_only_with_trigger.py
[2024-05-20T08:49:08.242+0000] {processor.py:830} INFO - Processing file /home/airflow/.local/lib/python3.12/site-packages/airflow/example_dags/example_latest_only_with_trigger.py for tasks to queue
[2024-05-20T08:49:08.243+0000] {logging_mixin.py:188} INFO - [2024-05-20T08:49:08.242+0000] {dagbag.py:545} INFO - Filling up the DagBag from /home/airflow/.local/lib/python3.12/site-packages/airflow/example_dags/example_latest_only_with_trigger.py
[2024-05-20T08:49:08.248+0000] {processor.py:840} INFO - DAG(s) 'latest_only_with_trigger' retrieved from /home/airflow/.local/lib/python3.12/site-packages/airflow/example_dags/example_latest_only_with_trigger.py
[2024-05-20T08:49:08.272+0000] {logging_mixin.py:188} INFO - [2024-05-20T08:49:08.272+0000] {dag.py:3096} INFO - Sync 1 DAGs
[2024-05-20T08:49:08.294+0000] {logging_mixin.py:188} INFO - [2024-05-20T08:49:08.293+0000] {dag.py:3954} INFO - Setting next_dagrun for latest_only_with_trigger to 2024-05-20 04:00:00+00:00, run_after=2024-05-20 08:00:00+00:00
[2024-05-20T08:49:08.317+0000] {processor.py:183} INFO - Processing /home/airflow/.local/lib/python3.12/site-packages/airflow/example_dags/example_latest_only_with_trigger.py took 0.083 seconds
[2024-05-20T08:49:38.579+0000] {processor.py:161} INFO - Started process (PID=2329) to work on /home/airflow/.local/lib/python3.12/site-packages/airflow/example_dags/example_latest_only_with_trigger.py
[2024-05-20T08:49:38.580+0000] {processor.py:830} INFO - Processing file /home/airflow/.local/lib/python3.12/site-packages/airflow/example_dags/example_latest_only_with_trigger.py for tasks to queue
[2024-05-20T08:49:38.581+0000] {logging_mixin.py:188} INFO - [2024-05-20T08:49:38.581+0000] {dagbag.py:545} INFO - Filling up the DagBag from /home/airflow/.local/lib/python3.12/site-packages/airflow/example_dags/example_latest_only_with_trigger.py
[2024-05-20T08:49:38.587+0000] {processor.py:840} INFO - DAG(s) 'latest_only_with_trigger' retrieved from /home/airflow/.local/lib/python3.12/site-packages/airflow/example_dags/example_latest_only_with_trigger.py
[2024-05-20T08:49:38.612+0000] {logging_mixin.py:188} INFO - [2024-05-20T08:49:38.611+0000] {dag.py:3096} INFO - Sync 1 DAGs
[2024-05-20T08:49:38.632+0000] {logging_mixin.py:188} INFO - [2024-05-20T08:49:38.632+0000] {dag.py:3954} INFO - Setting next_dagrun for latest_only_with_trigger to 2024-05-20 04:00:00+00:00, run_after=2024-05-20 08:00:00+00:00
[2024-05-20T08:49:38.658+0000] {processor.py:183} INFO - Processing /home/airflow/.local/lib/python3.12/site-packages/airflow/example_dags/example_latest_only_with_trigger.py took 0.084 seconds
[2024-05-20T08:50:09.341+0000] {processor.py:161} INFO - Started process (PID=2390) to work on /home/airflow/.local/lib/python3.12/site-packages/airflow/example_dags/example_latest_only_with_trigger.py
[2024-05-20T08:50:09.349+0000] {processor.py:830} INFO - Processing file /home/airflow/.local/lib/python3.12/site-packages/airflow/example_dags/example_latest_only_with_trigger.py for tasks to queue
[2024-05-20T08:50:09.351+0000] {logging_mixin.py:188} INFO - [2024-05-20T08:50:09.350+0000] {dagbag.py:545} INFO - Filling up the DagBag from /home/airflow/.local/lib/python3.12/site-packages/airflow/example_dags/example_latest_only_with_trigger.py
[2024-05-20T08:50:09.365+0000] {processor.py:840} INFO - DAG(s) 'latest_only_with_trigger' retrieved from /home/airflow/.local/lib/python3.12/site-packages/airflow/example_dags/example_latest_only_with_trigger.py
[2024-05-20T08:50:09.436+0000] {logging_mixin.py:188} INFO - [2024-05-20T08:50:09.435+0000] {dag.py:3096} INFO - Sync 1 DAGs
[2024-05-20T08:50:09.511+0000] {logging_mixin.py:188} INFO - [2024-05-20T08:50:09.510+0000] {dag.py:3954} INFO - Setting next_dagrun for latest_only_with_trigger to 2024-05-20 04:00:00+00:00, run_after=2024-05-20 08:00:00+00:00
[2024-05-20T08:50:09.566+0000] {processor.py:183} INFO - Processing /home/airflow/.local/lib/python3.12/site-packages/airflow/example_dags/example_latest_only_with_trigger.py took 0.243 seconds
[2024-05-20T08:50:39.727+0000] {processor.py:161} INFO - Started process (PID=2452) to work on /home/airflow/.local/lib/python3.12/site-packages/airflow/example_dags/example_latest_only_with_trigger.py
[2024-05-20T08:50:39.729+0000] {processor.py:830} INFO - Processing file /home/airflow/.local/lib/python3.12/site-packages/airflow/example_dags/example_latest_only_with_trigger.py for tasks to queue
[2024-05-20T08:50:39.731+0000] {logging_mixin.py:188} INFO - [2024-05-20T08:50:39.731+0000] {dagbag.py:545} INFO - Filling up the DagBag from /home/airflow/.local/lib/python3.12/site-packages/airflow/example_dags/example_latest_only_with_trigger.py
[2024-05-20T08:50:39.740+0000] {processor.py:840} INFO - DAG(s) 'latest_only_with_trigger' retrieved from /home/airflow/.local/lib/python3.12/site-packages/airflow/example_dags/example_latest_only_with_trigger.py
[2024-05-20T08:50:39.790+0000] {logging_mixin.py:188} INFO - [2024-05-20T08:50:39.790+0000] {dag.py:3096} INFO - Sync 1 DAGs
[2024-05-20T08:50:39.832+0000] {logging_mixin.py:188} INFO - [2024-05-20T08:50:39.832+0000] {dag.py:3954} INFO - Setting next_dagrun for latest_only_with_trigger to 2024-05-20 04:00:00+00:00, run_after=2024-05-20 08:00:00+00:00
[2024-05-20T08:50:39.868+0000] {processor.py:183} INFO - Processing /home/airflow/.local/lib/python3.12/site-packages/airflow/example_dags/example_latest_only_with_trigger.py took 0.151 seconds
[2024-05-20T08:51:10.589+0000] {processor.py:161} INFO - Started process (PID=2514) to work on /home/airflow/.local/lib/python3.12/site-packages/airflow/example_dags/example_latest_only_with_trigger.py
[2024-05-20T08:51:10.590+0000] {processor.py:830} INFO - Processing file /home/airflow/.local/lib/python3.12/site-packages/airflow/example_dags/example_latest_only_with_trigger.py for tasks to queue
[2024-05-20T08:51:10.591+0000] {logging_mixin.py:188} INFO - [2024-05-20T08:51:10.591+0000] {dagbag.py:545} INFO - Filling up the DagBag from /home/airflow/.local/lib/python3.12/site-packages/airflow/example_dags/example_latest_only_with_trigger.py
[2024-05-20T08:51:10.598+0000] {processor.py:840} INFO - DAG(s) 'latest_only_with_trigger' retrieved from /home/airflow/.local/lib/python3.12/site-packages/airflow/example_dags/example_latest_only_with_trigger.py
[2024-05-20T08:51:10.624+0000] {logging_mixin.py:188} INFO - [2024-05-20T08:51:10.624+0000] {dag.py:3096} INFO - Sync 1 DAGs
[2024-05-20T08:51:10.659+0000] {logging_mixin.py:188} INFO - [2024-05-20T08:51:10.659+0000] {dag.py:3954} INFO - Setting next_dagrun for latest_only_with_trigger to 2024-05-20 04:00:00+00:00, run_after=2024-05-20 08:00:00+00:00
[2024-05-20T08:51:10.689+0000] {processor.py:183} INFO - Processing /home/airflow/.local/lib/python3.12/site-packages/airflow/example_dags/example_latest_only_with_trigger.py took 0.108 seconds
[2024-05-20T08:51:41.494+0000] {processor.py:161} INFO - Started process (PID=2577) to work on /home/airflow/.local/lib/python3.12/site-packages/airflow/example_dags/example_latest_only_with_trigger.py
[2024-05-20T08:51:41.496+0000] {processor.py:830} INFO - Processing file /home/airflow/.local/lib/python3.12/site-packages/airflow/example_dags/example_latest_only_with_trigger.py for tasks to queue
[2024-05-20T08:51:41.497+0000] {logging_mixin.py:188} INFO - [2024-05-20T08:51:41.496+0000] {dagbag.py:545} INFO - Filling up the DagBag from /home/airflow/.local/lib/python3.12/site-packages/airflow/example_dags/example_latest_only_with_trigger.py
[2024-05-20T08:51:41.504+0000] {processor.py:840} INFO - DAG(s) 'latest_only_with_trigger' retrieved from /home/airflow/.local/lib/python3.12/site-packages/airflow/example_dags/example_latest_only_with_trigger.py
[2024-05-20T08:51:41.527+0000] {logging_mixin.py:188} INFO - [2024-05-20T08:51:41.527+0000] {dag.py:3096} INFO - Sync 1 DAGs
[2024-05-20T08:51:41.551+0000] {logging_mixin.py:188} INFO - [2024-05-20T08:51:41.550+0000] {dag.py:3954} INFO - Setting next_dagrun for latest_only_with_trigger to 2024-05-20 04:00:00+00:00, run_after=2024-05-20 08:00:00+00:00
[2024-05-20T08:51:41.571+0000] {processor.py:183} INFO - Processing /home/airflow/.local/lib/python3.12/site-packages/airflow/example_dags/example_latest_only_with_trigger.py took 0.083 seconds
[2024-05-20T08:52:11.804+0000] {processor.py:161} INFO - Started process (PID=2639) to work on /home/airflow/.local/lib/python3.12/site-packages/airflow/example_dags/example_latest_only_with_trigger.py
[2024-05-20T08:52:11.805+0000] {processor.py:830} INFO - Processing file /home/airflow/.local/lib/python3.12/site-packages/airflow/example_dags/example_latest_only_with_trigger.py for tasks to queue
[2024-05-20T08:52:11.806+0000] {logging_mixin.py:188} INFO - [2024-05-20T08:52:11.806+0000] {dagbag.py:545} INFO - Filling up the DagBag from /home/airflow/.local/lib/python3.12/site-packages/airflow/example_dags/example_latest_only_with_trigger.py
[2024-05-20T08:52:11.813+0000] {processor.py:840} INFO - DAG(s) 'latest_only_with_trigger' retrieved from /home/airflow/.local/lib/python3.12/site-packages/airflow/example_dags/example_latest_only_with_trigger.py
[2024-05-20T08:52:11.836+0000] {logging_mixin.py:188} INFO - [2024-05-20T08:52:11.836+0000] {dag.py:3096} INFO - Sync 1 DAGs
[2024-05-20T08:52:11.859+0000] {logging_mixin.py:188} INFO - [2024-05-20T08:52:11.859+0000] {dag.py:3954} INFO - Setting next_dagrun for latest_only_with_trigger to 2024-05-20 04:00:00+00:00, run_after=2024-05-20 08:00:00+00:00
[2024-05-20T08:52:11.881+0000] {processor.py:183} INFO - Processing /home/airflow/.local/lib/python3.12/site-packages/airflow/example_dags/example_latest_only_with_trigger.py took 0.082 seconds
[2024-05-20T08:52:42.056+0000] {processor.py:161} INFO - Started process (PID=2701) to work on /home/airflow/.local/lib/python3.12/site-packages/airflow/example_dags/example_latest_only_with_trigger.py
[2024-05-20T08:52:42.057+0000] {processor.py:830} INFO - Processing file /home/airflow/.local/lib/python3.12/site-packages/airflow/example_dags/example_latest_only_with_trigger.py for tasks to queue
[2024-05-20T08:52:42.058+0000] {logging_mixin.py:188} INFO - [2024-05-20T08:52:42.058+0000] {dagbag.py:545} INFO - Filling up the DagBag from /home/airflow/.local/lib/python3.12/site-packages/airflow/example_dags/example_latest_only_with_trigger.py
[2024-05-20T08:52:42.065+0000] {processor.py:840} INFO - DAG(s) 'latest_only_with_trigger' retrieved from /home/airflow/.local/lib/python3.12/site-packages/airflow/example_dags/example_latest_only_with_trigger.py
[2024-05-20T08:52:42.092+0000] {logging_mixin.py:188} INFO - [2024-05-20T08:52:42.091+0000] {dag.py:3096} INFO - Sync 1 DAGs
[2024-05-20T08:52:42.125+0000] {logging_mixin.py:188} INFO - [2024-05-20T08:52:42.124+0000] {dag.py:3954} INFO - Setting next_dagrun for latest_only_with_trigger to 2024-05-20 04:00:00+00:00, run_after=2024-05-20 08:00:00+00:00
[2024-05-20T08:52:42.155+0000] {processor.py:183} INFO - Processing /home/airflow/.local/lib/python3.12/site-packages/airflow/example_dags/example_latest_only_with_trigger.py took 0.106 seconds
[2024-05-20T08:53:12.298+0000] {processor.py:161} INFO - Started process (PID=2763) to work on /home/airflow/.local/lib/python3.12/site-packages/airflow/example_dags/example_latest_only_with_trigger.py
[2024-05-20T08:53:12.299+0000] {processor.py:830} INFO - Processing file /home/airflow/.local/lib/python3.12/site-packages/airflow/example_dags/example_latest_only_with_trigger.py for tasks to queue
[2024-05-20T08:53:12.300+0000] {logging_mixin.py:188} INFO - [2024-05-20T08:53:12.300+0000] {dagbag.py:545} INFO - Filling up the DagBag from /home/airflow/.local/lib/python3.12/site-packages/airflow/example_dags/example_latest_only_with_trigger.py
[2024-05-20T08:53:12.307+0000] {processor.py:840} INFO - DAG(s) 'latest_only_with_trigger' retrieved from /home/airflow/.local/lib/python3.12/site-packages/airflow/example_dags/example_latest_only_with_trigger.py
[2024-05-20T08:53:12.329+0000] {logging_mixin.py:188} INFO - [2024-05-20T08:53:12.328+0000] {dag.py:3096} INFO - Sync 1 DAGs
[2024-05-20T08:53:12.350+0000] {logging_mixin.py:188} INFO - [2024-05-20T08:53:12.350+0000] {dag.py:3954} INFO - Setting next_dagrun for latest_only_with_trigger to 2024-05-20 04:00:00+00:00, run_after=2024-05-20 08:00:00+00:00
[2024-05-20T08:53:12.379+0000] {processor.py:183} INFO - Processing /home/airflow/.local/lib/python3.12/site-packages/airflow/example_dags/example_latest_only_with_trigger.py took 0.086 seconds
[2024-05-20T08:53:42.772+0000] {processor.py:161} INFO - Started process (PID=2829) to work on /home/airflow/.local/lib/python3.12/site-packages/airflow/example_dags/example_latest_only_with_trigger.py
[2024-05-20T08:53:42.774+0000] {processor.py:830} INFO - Processing file /home/airflow/.local/lib/python3.12/site-packages/airflow/example_dags/example_latest_only_with_trigger.py for tasks to queue
[2024-05-20T08:53:42.775+0000] {logging_mixin.py:188} INFO - [2024-05-20T08:53:42.775+0000] {dagbag.py:545} INFO - Filling up the DagBag from /home/airflow/.local/lib/python3.12/site-packages/airflow/example_dags/example_latest_only_with_trigger.py
[2024-05-20T08:53:42.781+0000] {processor.py:840} INFO - DAG(s) 'latest_only_with_trigger' retrieved from /home/airflow/.local/lib/python3.12/site-packages/airflow/example_dags/example_latest_only_with_trigger.py
[2024-05-20T08:53:42.804+0000] {logging_mixin.py:188} INFO - [2024-05-20T08:53:42.803+0000] {dag.py:3096} INFO - Sync 1 DAGs
[2024-05-20T08:53:42.829+0000] {logging_mixin.py:188} INFO - [2024-05-20T08:53:42.828+0000] {dag.py:3954} INFO - Setting next_dagrun for latest_only_with_trigger to 2024-05-20 04:00:00+00:00, run_after=2024-05-20 08:00:00+00:00
[2024-05-20T08:53:42.856+0000] {processor.py:183} INFO - Processing /home/airflow/.local/lib/python3.12/site-packages/airflow/example_dags/example_latest_only_with_trigger.py took 0.090 seconds
[2024-05-20T08:54:13.651+0000] {processor.py:161} INFO - Started process (PID=2891) to work on /home/airflow/.local/lib/python3.12/site-packages/airflow/example_dags/example_latest_only_with_trigger.py
[2024-05-20T08:54:13.652+0000] {processor.py:830} INFO - Processing file /home/airflow/.local/lib/python3.12/site-packages/airflow/example_dags/example_latest_only_with_trigger.py for tasks to queue
[2024-05-20T08:54:13.654+0000] {logging_mixin.py:188} INFO - [2024-05-20T08:54:13.653+0000] {dagbag.py:545} INFO - Filling up the DagBag from /home/airflow/.local/lib/python3.12/site-packages/airflow/example_dags/example_latest_only_with_trigger.py
[2024-05-20T08:54:13.660+0000] {processor.py:840} INFO - DAG(s) 'latest_only_with_trigger' retrieved from /home/airflow/.local/lib/python3.12/site-packages/airflow/example_dags/example_latest_only_with_trigger.py
[2024-05-20T08:54:13.682+0000] {logging_mixin.py:188} INFO - [2024-05-20T08:54:13.682+0000] {dag.py:3096} INFO - Sync 1 DAGs
[2024-05-20T08:54:13.706+0000] {logging_mixin.py:188} INFO - [2024-05-20T08:54:13.706+0000] {dag.py:3954} INFO - Setting next_dagrun for latest_only_with_trigger to 2024-05-20 04:00:00+00:00, run_after=2024-05-20 08:00:00+00:00
[2024-05-20T08:54:13.732+0000] {processor.py:183} INFO - Processing /home/airflow/.local/lib/python3.12/site-packages/airflow/example_dags/example_latest_only_with_trigger.py took 0.087 seconds
[2024-05-20T08:54:44.344+0000] {processor.py:161} INFO - Started process (PID=2953) to work on /home/airflow/.local/lib/python3.12/site-packages/airflow/example_dags/example_latest_only_with_trigger.py
[2024-05-20T08:54:44.345+0000] {processor.py:830} INFO - Processing file /home/airflow/.local/lib/python3.12/site-packages/airflow/example_dags/example_latest_only_with_trigger.py for tasks to queue
[2024-05-20T08:54:44.346+0000] {logging_mixin.py:188} INFO - [2024-05-20T08:54:44.346+0000] {dagbag.py:545} INFO - Filling up the DagBag from /home/airflow/.local/lib/python3.12/site-packages/airflow/example_dags/example_latest_only_with_trigger.py
[2024-05-20T08:54:44.354+0000] {processor.py:840} INFO - DAG(s) 'latest_only_with_trigger' retrieved from /home/airflow/.local/lib/python3.12/site-packages/airflow/example_dags/example_latest_only_with_trigger.py
[2024-05-20T08:54:44.381+0000] {logging_mixin.py:188} INFO - [2024-05-20T08:54:44.381+0000] {dag.py:3096} INFO - Sync 1 DAGs
[2024-05-20T08:54:44.418+0000] {logging_mixin.py:188} INFO - [2024-05-20T08:54:44.418+0000] {dag.py:3954} INFO - Setting next_dagrun for latest_only_with_trigger to 2024-05-20 04:00:00+00:00, run_after=2024-05-20 08:00:00+00:00
[2024-05-20T08:54:44.449+0000] {processor.py:183} INFO - Processing /home/airflow/.local/lib/python3.12/site-packages/airflow/example_dags/example_latest_only_with_trigger.py took 0.111 seconds
[2024-05-20T08:55:14.659+0000] {processor.py:161} INFO - Started process (PID=3019) to work on /home/airflow/.local/lib/python3.12/site-packages/airflow/example_dags/example_latest_only_with_trigger.py
[2024-05-20T08:55:14.660+0000] {processor.py:830} INFO - Processing file /home/airflow/.local/lib/python3.12/site-packages/airflow/example_dags/example_latest_only_with_trigger.py for tasks to queue
[2024-05-20T08:55:14.662+0000] {logging_mixin.py:188} INFO - [2024-05-20T08:55:14.661+0000] {dagbag.py:545} INFO - Filling up the DagBag from /home/airflow/.local/lib/python3.12/site-packages/airflow/example_dags/example_latest_only_with_trigger.py
[2024-05-20T08:55:14.669+0000] {processor.py:840} INFO - DAG(s) 'latest_only_with_trigger' retrieved from /home/airflow/.local/lib/python3.12/site-packages/airflow/example_dags/example_latest_only_with_trigger.py
[2024-05-20T08:55:14.694+0000] {logging_mixin.py:188} INFO - [2024-05-20T08:55:14.693+0000] {dag.py:3096} INFO - Sync 1 DAGs
[2024-05-20T08:55:14.718+0000] {logging_mixin.py:188} INFO - [2024-05-20T08:55:14.718+0000] {dag.py:3954} INFO - Setting next_dagrun for latest_only_with_trigger to 2024-05-20 04:00:00+00:00, run_after=2024-05-20 08:00:00+00:00
[2024-05-20T08:55:14.740+0000] {processor.py:183} INFO - Processing /home/airflow/.local/lib/python3.12/site-packages/airflow/example_dags/example_latest_only_with_trigger.py took 0.088 seconds
[2024-05-20T08:55:45.438+0000] {processor.py:161} INFO - Started process (PID=3081) to work on /home/airflow/.local/lib/python3.12/site-packages/airflow/example_dags/example_latest_only_with_trigger.py
[2024-05-20T08:55:45.439+0000] {processor.py:830} INFO - Processing file /home/airflow/.local/lib/python3.12/site-packages/airflow/example_dags/example_latest_only_with_trigger.py for tasks to queue
[2024-05-20T08:55:45.440+0000] {logging_mixin.py:188} INFO - [2024-05-20T08:55:45.440+0000] {dagbag.py:545} INFO - Filling up the DagBag from /home/airflow/.local/lib/python3.12/site-packages/airflow/example_dags/example_latest_only_with_trigger.py
[2024-05-20T08:55:45.446+0000] {processor.py:840} INFO - DAG(s) 'latest_only_with_trigger' retrieved from /home/airflow/.local/lib/python3.12/site-packages/airflow/example_dags/example_latest_only_with_trigger.py
[2024-05-20T08:55:45.470+0000] {logging_mixin.py:188} INFO - [2024-05-20T08:55:45.469+0000] {dag.py:3096} INFO - Sync 1 DAGs
[2024-05-20T08:55:45.491+0000] {logging_mixin.py:188} INFO - [2024-05-20T08:55:45.491+0000] {dag.py:3954} INFO - Setting next_dagrun for latest_only_with_trigger to 2024-05-20 04:00:00+00:00, run_after=2024-05-20 08:00:00+00:00
[2024-05-20T08:55:45.520+0000] {processor.py:183} INFO - Processing /home/airflow/.local/lib/python3.12/site-packages/airflow/example_dags/example_latest_only_with_trigger.py took 0.087 seconds
[2024-05-20T08:56:16.325+0000] {processor.py:161} INFO - Started process (PID=3143) to work on /home/airflow/.local/lib/python3.12/site-packages/airflow/example_dags/example_latest_only_with_trigger.py
[2024-05-20T08:56:16.326+0000] {processor.py:830} INFO - Processing file /home/airflow/.local/lib/python3.12/site-packages/airflow/example_dags/example_latest_only_with_trigger.py for tasks to queue
[2024-05-20T08:56:16.328+0000] {logging_mixin.py:188} INFO - [2024-05-20T08:56:16.327+0000] {dagbag.py:545} INFO - Filling up the DagBag from /home/airflow/.local/lib/python3.12/site-packages/airflow/example_dags/example_latest_only_with_trigger.py
[2024-05-20T08:56:16.336+0000] {processor.py:840} INFO - DAG(s) 'latest_only_with_trigger' retrieved from /home/airflow/.local/lib/python3.12/site-packages/airflow/example_dags/example_latest_only_with_trigger.py
[2024-05-20T08:56:16.359+0000] {logging_mixin.py:188} INFO - [2024-05-20T08:56:16.359+0000] {dag.py:3096} INFO - Sync 1 DAGs
[2024-05-20T08:56:16.382+0000] {logging_mixin.py:188} INFO - [2024-05-20T08:56:16.382+0000] {dag.py:3954} INFO - Setting next_dagrun for latest_only_with_trigger to 2024-05-20 04:00:00+00:00, run_after=2024-05-20 08:00:00+00:00
[2024-05-20T08:56:16.408+0000] {processor.py:183} INFO - Processing /home/airflow/.local/lib/python3.12/site-packages/airflow/example_dags/example_latest_only_with_trigger.py took 0.088 seconds
[2024-05-20T08:56:47.066+0000] {processor.py:161} INFO - Started process (PID=3205) to work on /home/airflow/.local/lib/python3.12/site-packages/airflow/example_dags/example_latest_only_with_trigger.py
[2024-05-20T08:56:47.067+0000] {processor.py:830} INFO - Processing file /home/airflow/.local/lib/python3.12/site-packages/airflow/example_dags/example_latest_only_with_trigger.py for tasks to queue
[2024-05-20T08:56:47.069+0000] {logging_mixin.py:188} INFO - [2024-05-20T08:56:47.068+0000] {dagbag.py:545} INFO - Filling up the DagBag from /home/airflow/.local/lib/python3.12/site-packages/airflow/example_dags/example_latest_only_with_trigger.py
[2024-05-20T08:56:47.083+0000] {processor.py:840} INFO - DAG(s) 'latest_only_with_trigger' retrieved from /home/airflow/.local/lib/python3.12/site-packages/airflow/example_dags/example_latest_only_with_trigger.py
[2024-05-20T08:56:47.106+0000] {logging_mixin.py:188} INFO - [2024-05-20T08:56:47.106+0000] {dag.py:3096} INFO - Sync 1 DAGs
[2024-05-20T08:56:47.130+0000] {logging_mixin.py:188} INFO - [2024-05-20T08:56:47.130+0000] {dag.py:3954} INFO - Setting next_dagrun for latest_only_with_trigger to 2024-05-20 04:00:00+00:00, run_after=2024-05-20 08:00:00+00:00
[2024-05-20T08:56:47.151+0000] {processor.py:183} INFO - Processing /home/airflow/.local/lib/python3.12/site-packages/airflow/example_dags/example_latest_only_with_trigger.py took 0.098 seconds
[2024-05-20T08:57:17.749+0000] {processor.py:161} INFO - Started process (PID=3267) to work on /home/airflow/.local/lib/python3.12/site-packages/airflow/example_dags/example_latest_only_with_trigger.py
[2024-05-20T08:57:17.750+0000] {processor.py:830} INFO - Processing file /home/airflow/.local/lib/python3.12/site-packages/airflow/example_dags/example_latest_only_with_trigger.py for tasks to queue
[2024-05-20T08:57:17.752+0000] {logging_mixin.py:188} INFO - [2024-05-20T08:57:17.751+0000] {dagbag.py:545} INFO - Filling up the DagBag from /home/airflow/.local/lib/python3.12/site-packages/airflow/example_dags/example_latest_only_with_trigger.py
[2024-05-20T08:57:17.770+0000] {processor.py:840} INFO - DAG(s) 'latest_only_with_trigger' retrieved from /home/airflow/.local/lib/python3.12/site-packages/airflow/example_dags/example_latest_only_with_trigger.py
[2024-05-20T08:57:17.816+0000] {logging_mixin.py:188} INFO - [2024-05-20T08:57:17.815+0000] {dag.py:3096} INFO - Sync 1 DAGs
[2024-05-20T08:57:17.848+0000] {logging_mixin.py:188} INFO - [2024-05-20T08:57:17.848+0000] {dag.py:3954} INFO - Setting next_dagrun for latest_only_with_trigger to 2024-05-20 04:00:00+00:00, run_after=2024-05-20 08:00:00+00:00
[2024-05-20T08:57:17.879+0000] {processor.py:183} INFO - Processing /home/airflow/.local/lib/python3.12/site-packages/airflow/example_dags/example_latest_only_with_trigger.py took 0.138 seconds
[2024-05-20T08:57:48.627+0000] {processor.py:161} INFO - Started process (PID=3329) to work on /home/airflow/.local/lib/python3.12/site-packages/airflow/example_dags/example_latest_only_with_trigger.py
[2024-05-20T08:57:48.628+0000] {processor.py:830} INFO - Processing file /home/airflow/.local/lib/python3.12/site-packages/airflow/example_dags/example_latest_only_with_trigger.py for tasks to queue
[2024-05-20T08:57:48.629+0000] {logging_mixin.py:188} INFO - [2024-05-20T08:57:48.629+0000] {dagbag.py:545} INFO - Filling up the DagBag from /home/airflow/.local/lib/python3.12/site-packages/airflow/example_dags/example_latest_only_with_trigger.py
[2024-05-20T08:57:48.635+0000] {processor.py:840} INFO - DAG(s) 'latest_only_with_trigger' retrieved from /home/airflow/.local/lib/python3.12/site-packages/airflow/example_dags/example_latest_only_with_trigger.py
[2024-05-20T08:57:48.657+0000] {logging_mixin.py:188} INFO - [2024-05-20T08:57:48.657+0000] {dag.py:3096} INFO - Sync 1 DAGs
[2024-05-20T08:57:48.679+0000] {logging_mixin.py:188} INFO - [2024-05-20T08:57:48.678+0000] {dag.py:3954} INFO - Setting next_dagrun for latest_only_with_trigger to 2024-05-20 04:00:00+00:00, run_after=2024-05-20 08:00:00+00:00
[2024-05-20T08:57:48.705+0000] {processor.py:183} INFO - Processing /home/airflow/.local/lib/python3.12/site-packages/airflow/example_dags/example_latest_only_with_trigger.py took 0.084 seconds
[2024-05-20T08:58:19.618+0000] {processor.py:161} INFO - Started process (PID=3390) to work on /home/airflow/.local/lib/python3.12/site-packages/airflow/example_dags/example_latest_only_with_trigger.py
[2024-05-20T08:58:19.619+0000] {processor.py:830} INFO - Processing file /home/airflow/.local/lib/python3.12/site-packages/airflow/example_dags/example_latest_only_with_trigger.py for tasks to queue
[2024-05-20T08:58:19.621+0000] {logging_mixin.py:188} INFO - [2024-05-20T08:58:19.621+0000] {dagbag.py:545} INFO - Filling up the DagBag from /home/airflow/.local/lib/python3.12/site-packages/airflow/example_dags/example_latest_only_with_trigger.py
[2024-05-20T08:58:19.632+0000] {processor.py:840} INFO - DAG(s) 'latest_only_with_trigger' retrieved from /home/airflow/.local/lib/python3.12/site-packages/airflow/example_dags/example_latest_only_with_trigger.py
[2024-05-20T08:58:19.657+0000] {logging_mixin.py:188} INFO - [2024-05-20T08:58:19.656+0000] {dag.py:3096} INFO - Sync 1 DAGs
[2024-05-20T08:58:19.683+0000] {logging_mixin.py:188} INFO - [2024-05-20T08:58:19.683+0000] {dag.py:3954} INFO - Setting next_dagrun for latest_only_with_trigger to 2024-05-20 04:00:00+00:00, run_after=2024-05-20 08:00:00+00:00
[2024-05-20T08:58:19.709+0000] {processor.py:183} INFO - Processing /home/airflow/.local/lib/python3.12/site-packages/airflow/example_dags/example_latest_only_with_trigger.py took 0.099 seconds
[2024-05-20T08:58:49.996+0000] {processor.py:161} INFO - Started process (PID=3451) to work on /home/airflow/.local/lib/python3.12/site-packages/airflow/example_dags/example_latest_only_with_trigger.py
[2024-05-20T08:58:50.000+0000] {processor.py:830} INFO - Processing file /home/airflow/.local/lib/python3.12/site-packages/airflow/example_dags/example_latest_only_with_trigger.py for tasks to queue
[2024-05-20T08:58:50.002+0000] {logging_mixin.py:188} INFO - [2024-05-20T08:58:50.001+0000] {dagbag.py:545} INFO - Filling up the DagBag from /home/airflow/.local/lib/python3.12/site-packages/airflow/example_dags/example_latest_only_with_trigger.py
[2024-05-20T08:58:50.010+0000] {processor.py:840} INFO - DAG(s) 'latest_only_with_trigger' retrieved from /home/airflow/.local/lib/python3.12/site-packages/airflow/example_dags/example_latest_only_with_trigger.py
[2024-05-20T08:58:50.046+0000] {logging_mixin.py:188} INFO - [2024-05-20T08:58:50.046+0000] {dag.py:3096} INFO - Sync 1 DAGs
[2024-05-20T08:58:50.087+0000] {logging_mixin.py:188} INFO - [2024-05-20T08:58:50.087+0000] {dag.py:3954} INFO - Setting next_dagrun for latest_only_with_trigger to 2024-05-20 04:00:00+00:00, run_after=2024-05-20 08:00:00+00:00
[2024-05-20T08:58:50.130+0000] {processor.py:183} INFO - Processing /home/airflow/.local/lib/python3.12/site-packages/airflow/example_dags/example_latest_only_with_trigger.py took 0.146 seconds
[2024-05-20T08:59:20.241+0000] {processor.py:161} INFO - Started process (PID=3512) to work on /home/airflow/.local/lib/python3.12/site-packages/airflow/example_dags/example_latest_only_with_trigger.py
[2024-05-20T08:59:20.242+0000] {processor.py:830} INFO - Processing file /home/airflow/.local/lib/python3.12/site-packages/airflow/example_dags/example_latest_only_with_trigger.py for tasks to queue
[2024-05-20T08:59:20.243+0000] {logging_mixin.py:188} INFO - [2024-05-20T08:59:20.242+0000] {dagbag.py:545} INFO - Filling up the DagBag from /home/airflow/.local/lib/python3.12/site-packages/airflow/example_dags/example_latest_only_with_trigger.py
[2024-05-20T08:59:20.248+0000] {processor.py:840} INFO - DAG(s) 'latest_only_with_trigger' retrieved from /home/airflow/.local/lib/python3.12/site-packages/airflow/example_dags/example_latest_only_with_trigger.py
[2024-05-20T08:59:20.270+0000] {logging_mixin.py:188} INFO - [2024-05-20T08:59:20.270+0000] {dag.py:3096} INFO - Sync 1 DAGs
[2024-05-20T08:59:20.293+0000] {logging_mixin.py:188} INFO - [2024-05-20T08:59:20.293+0000] {dag.py:3954} INFO - Setting next_dagrun for latest_only_with_trigger to 2024-05-20 04:00:00+00:00, run_after=2024-05-20 08:00:00+00:00
[2024-05-20T08:59:20.315+0000] {processor.py:183} INFO - Processing /home/airflow/.local/lib/python3.12/site-packages/airflow/example_dags/example_latest_only_with_trigger.py took 0.080 seconds
[2024-05-20T08:59:50.911+0000] {processor.py:161} INFO - Started process (PID=3573) to work on /home/airflow/.local/lib/python3.12/site-packages/airflow/example_dags/example_latest_only_with_trigger.py
[2024-05-20T08:59:50.913+0000] {processor.py:830} INFO - Processing file /home/airflow/.local/lib/python3.12/site-packages/airflow/example_dags/example_latest_only_with_trigger.py for tasks to queue
[2024-05-20T08:59:50.914+0000] {logging_mixin.py:188} INFO - [2024-05-20T08:59:50.914+0000] {dagbag.py:545} INFO - Filling up the DagBag from /home/airflow/.local/lib/python3.12/site-packages/airflow/example_dags/example_latest_only_with_trigger.py
[2024-05-20T08:59:50.922+0000] {processor.py:840} INFO - DAG(s) 'latest_only_with_trigger' retrieved from /home/airflow/.local/lib/python3.12/site-packages/airflow/example_dags/example_latest_only_with_trigger.py
[2024-05-20T08:59:50.949+0000] {logging_mixin.py:188} INFO - [2024-05-20T08:59:50.949+0000] {dag.py:3096} INFO - Sync 1 DAGs
[2024-05-20T08:59:50.975+0000] {logging_mixin.py:188} INFO - [2024-05-20T08:59:50.974+0000] {dag.py:3954} INFO - Setting next_dagrun for latest_only_with_trigger to 2024-05-20 04:00:00+00:00, run_after=2024-05-20 08:00:00+00:00
[2024-05-20T08:59:50.999+0000] {processor.py:183} INFO - Processing /home/airflow/.local/lib/python3.12/site-packages/airflow/example_dags/example_latest_only_with_trigger.py took 0.094 seconds
[2024-05-20T09:00:21.091+0000] {processor.py:161} INFO - Started process (PID=3635) to work on /home/airflow/.local/lib/python3.12/site-packages/airflow/example_dags/example_latest_only_with_trigger.py
[2024-05-20T09:00:21.092+0000] {processor.py:830} INFO - Processing file /home/airflow/.local/lib/python3.12/site-packages/airflow/example_dags/example_latest_only_with_trigger.py for tasks to queue
[2024-05-20T09:00:21.094+0000] {logging_mixin.py:188} INFO - [2024-05-20T09:00:21.093+0000] {dagbag.py:545} INFO - Filling up the DagBag from /home/airflow/.local/lib/python3.12/site-packages/airflow/example_dags/example_latest_only_with_trigger.py
[2024-05-20T09:00:21.100+0000] {processor.py:840} INFO - DAG(s) 'latest_only_with_trigger' retrieved from /home/airflow/.local/lib/python3.12/site-packages/airflow/example_dags/example_latest_only_with_trigger.py
[2024-05-20T09:00:21.125+0000] {logging_mixin.py:188} INFO - [2024-05-20T09:00:21.124+0000] {dag.py:3096} INFO - Sync 1 DAGs
[2024-05-20T09:00:21.149+0000] {logging_mixin.py:188} INFO - [2024-05-20T09:00:21.149+0000] {dag.py:3954} INFO - Setting next_dagrun for latest_only_with_trigger to 2024-05-20 04:00:00+00:00, run_after=2024-05-20 08:00:00+00:00
[2024-05-20T09:00:21.174+0000] {processor.py:183} INFO - Processing /home/airflow/.local/lib/python3.12/site-packages/airflow/example_dags/example_latest_only_with_trigger.py took 0.089 seconds
[2024-05-20T09:00:51.550+0000] {processor.py:161} INFO - Started process (PID=3697) to work on /home/airflow/.local/lib/python3.12/site-packages/airflow/example_dags/example_latest_only_with_trigger.py
[2024-05-20T09:00:51.552+0000] {processor.py:830} INFO - Processing file /home/airflow/.local/lib/python3.12/site-packages/airflow/example_dags/example_latest_only_with_trigger.py for tasks to queue
[2024-05-20T09:00:51.553+0000] {logging_mixin.py:188} INFO - [2024-05-20T09:00:51.552+0000] {dagbag.py:545} INFO - Filling up the DagBag from /home/airflow/.local/lib/python3.12/site-packages/airflow/example_dags/example_latest_only_with_trigger.py
[2024-05-20T09:00:51.559+0000] {processor.py:840} INFO - DAG(s) 'latest_only_with_trigger' retrieved from /home/airflow/.local/lib/python3.12/site-packages/airflow/example_dags/example_latest_only_with_trigger.py
[2024-05-20T09:00:51.587+0000] {logging_mixin.py:188} INFO - [2024-05-20T09:00:51.587+0000] {dag.py:3096} INFO - Sync 1 DAGs
[2024-05-20T09:00:51.616+0000] {logging_mixin.py:188} INFO - [2024-05-20T09:00:51.615+0000] {dag.py:3954} INFO - Setting next_dagrun for latest_only_with_trigger to 2024-05-20 04:00:00+00:00, run_after=2024-05-20 08:00:00+00:00
[2024-05-20T09:00:51.645+0000] {processor.py:183} INFO - Processing /home/airflow/.local/lib/python3.12/site-packages/airflow/example_dags/example_latest_only_with_trigger.py took 0.101 seconds
[2024-05-20T09:01:21.875+0000] {processor.py:161} INFO - Started process (PID=3765) to work on /home/airflow/.local/lib/python3.12/site-packages/airflow/example_dags/example_latest_only_with_trigger.py
[2024-05-20T09:01:21.876+0000] {processor.py:830} INFO - Processing file /home/airflow/.local/lib/python3.12/site-packages/airflow/example_dags/example_latest_only_with_trigger.py for tasks to queue
[2024-05-20T09:01:21.878+0000] {logging_mixin.py:188} INFO - [2024-05-20T09:01:21.877+0000] {dagbag.py:545} INFO - Filling up the DagBag from /home/airflow/.local/lib/python3.12/site-packages/airflow/example_dags/example_latest_only_with_trigger.py
[2024-05-20T09:01:21.887+0000] {processor.py:840} INFO - DAG(s) 'latest_only_with_trigger' retrieved from /home/airflow/.local/lib/python3.12/site-packages/airflow/example_dags/example_latest_only_with_trigger.py
[2024-05-20T09:01:21.922+0000] {logging_mixin.py:188} INFO - [2024-05-20T09:01:21.921+0000] {dag.py:3096} INFO - Sync 1 DAGs
[2024-05-20T09:01:21.965+0000] {logging_mixin.py:188} INFO - [2024-05-20T09:01:21.965+0000] {dag.py:3954} INFO - Setting next_dagrun for latest_only_with_trigger to 2024-05-20 04:00:00+00:00, run_after=2024-05-20 08:00:00+00:00
[2024-05-20T09:01:22.002+0000] {processor.py:183} INFO - Processing /home/airflow/.local/lib/python3.12/site-packages/airflow/example_dags/example_latest_only_with_trigger.py took 0.134 seconds
[2024-05-20T09:01:53.567+0000] {processor.py:161} INFO - Started process (PID=3827) to work on /home/airflow/.local/lib/python3.12/site-packages/airflow/example_dags/example_latest_only_with_trigger.py
[2024-05-20T09:01:53.569+0000] {processor.py:830} INFO - Processing file /home/airflow/.local/lib/python3.12/site-packages/airflow/example_dags/example_latest_only_with_trigger.py for tasks to queue
[2024-05-20T09:01:53.571+0000] {logging_mixin.py:188} INFO - [2024-05-20T09:01:53.570+0000] {dagbag.py:545} INFO - Filling up the DagBag from /home/airflow/.local/lib/python3.12/site-packages/airflow/example_dags/example_latest_only_with_trigger.py
[2024-05-20T09:01:53.596+0000] {processor.py:840} INFO - DAG(s) 'latest_only_with_trigger' retrieved from /home/airflow/.local/lib/python3.12/site-packages/airflow/example_dags/example_latest_only_with_trigger.py
[2024-05-20T09:01:53.724+0000] {logging_mixin.py:188} INFO - [2024-05-20T09:01:53.724+0000] {dag.py:3096} INFO - Sync 1 DAGs
[2024-05-20T09:01:53.853+0000] {logging_mixin.py:188} INFO - [2024-05-20T09:01:53.840+0000] {dag.py:3954} INFO - Setting next_dagrun for latest_only_with_trigger to 2024-05-20 04:00:00+00:00, run_after=2024-05-20 08:00:00+00:00
[2024-05-20T09:01:54.282+0000] {processor.py:183} INFO - Processing /home/airflow/.local/lib/python3.12/site-packages/airflow/example_dags/example_latest_only_with_trigger.py took 0.740 seconds
[2024-05-20T09:02:24.941+0000] {processor.py:161} INFO - Started process (PID=3889) to work on /home/airflow/.local/lib/python3.12/site-packages/airflow/example_dags/example_latest_only_with_trigger.py
[2024-05-20T09:02:24.942+0000] {processor.py:830} INFO - Processing file /home/airflow/.local/lib/python3.12/site-packages/airflow/example_dags/example_latest_only_with_trigger.py for tasks to queue
[2024-05-20T09:02:24.944+0000] {logging_mixin.py:188} INFO - [2024-05-20T09:02:24.943+0000] {dagbag.py:545} INFO - Filling up the DagBag from /home/airflow/.local/lib/python3.12/site-packages/airflow/example_dags/example_latest_only_with_trigger.py
[2024-05-20T09:02:24.951+0000] {processor.py:840} INFO - DAG(s) 'latest_only_with_trigger' retrieved from /home/airflow/.local/lib/python3.12/site-packages/airflow/example_dags/example_latest_only_with_trigger.py
[2024-05-20T09:02:24.974+0000] {logging_mixin.py:188} INFO - [2024-05-20T09:02:24.974+0000] {dag.py:3096} INFO - Sync 1 DAGs
[2024-05-20T09:02:24.997+0000] {logging_mixin.py:188} INFO - [2024-05-20T09:02:24.997+0000] {dag.py:3954} INFO - Setting next_dagrun for latest_only_with_trigger to 2024-05-20 04:00:00+00:00, run_after=2024-05-20 08:00:00+00:00
[2024-05-20T09:02:25.020+0000] {processor.py:183} INFO - Processing /home/airflow/.local/lib/python3.12/site-packages/airflow/example_dags/example_latest_only_with_trigger.py took 0.086 seconds
[2024-05-20T09:02:55.110+0000] {processor.py:161} INFO - Started process (PID=3951) to work on /home/airflow/.local/lib/python3.12/site-packages/airflow/example_dags/example_latest_only_with_trigger.py
[2024-05-20T09:02:55.111+0000] {processor.py:830} INFO - Processing file /home/airflow/.local/lib/python3.12/site-packages/airflow/example_dags/example_latest_only_with_trigger.py for tasks to queue
[2024-05-20T09:02:55.113+0000] {logging_mixin.py:188} INFO - [2024-05-20T09:02:55.113+0000] {dagbag.py:545} INFO - Filling up the DagBag from /home/airflow/.local/lib/python3.12/site-packages/airflow/example_dags/example_latest_only_with_trigger.py
[2024-05-20T09:02:55.120+0000] {processor.py:840} INFO - DAG(s) 'latest_only_with_trigger' retrieved from /home/airflow/.local/lib/python3.12/site-packages/airflow/example_dags/example_latest_only_with_trigger.py
[2024-05-20T09:02:55.146+0000] {logging_mixin.py:188} INFO - [2024-05-20T09:02:55.146+0000] {dag.py:3096} INFO - Sync 1 DAGs
[2024-05-20T09:02:55.171+0000] {logging_mixin.py:188} INFO - [2024-05-20T09:02:55.171+0000] {dag.py:3954} INFO - Setting next_dagrun for latest_only_with_trigger to 2024-05-20 04:00:00+00:00, run_after=2024-05-20 08:00:00+00:00
[2024-05-20T09:02:55.200+0000] {processor.py:183} INFO - Processing /home/airflow/.local/lib/python3.12/site-packages/airflow/example_dags/example_latest_only_with_trigger.py took 0.098 seconds
[2024-05-20T09:03:25.257+0000] {processor.py:161} INFO - Started process (PID=4013) to work on /home/airflow/.local/lib/python3.12/site-packages/airflow/example_dags/example_latest_only_with_trigger.py
[2024-05-20T09:03:25.258+0000] {processor.py:830} INFO - Processing file /home/airflow/.local/lib/python3.12/site-packages/airflow/example_dags/example_latest_only_with_trigger.py for tasks to queue
[2024-05-20T09:03:25.260+0000] {logging_mixin.py:188} INFO - [2024-05-20T09:03:25.259+0000] {dagbag.py:545} INFO - Filling up the DagBag from /home/airflow/.local/lib/python3.12/site-packages/airflow/example_dags/example_latest_only_with_trigger.py
[2024-05-20T09:03:25.269+0000] {processor.py:840} INFO - DAG(s) 'latest_only_with_trigger' retrieved from /home/airflow/.local/lib/python3.12/site-packages/airflow/example_dags/example_latest_only_with_trigger.py
[2024-05-20T09:03:25.295+0000] {logging_mixin.py:188} INFO - [2024-05-20T09:03:25.295+0000] {dag.py:3096} INFO - Sync 1 DAGs
[2024-05-20T09:03:25.323+0000] {logging_mixin.py:188} INFO - [2024-05-20T09:03:25.322+0000] {dag.py:3954} INFO - Setting next_dagrun for latest_only_with_trigger to 2024-05-20 04:00:00+00:00, run_after=2024-05-20 08:00:00+00:00
[2024-05-20T09:03:25.350+0000] {processor.py:183} INFO - Processing /home/airflow/.local/lib/python3.12/site-packages/airflow/example_dags/example_latest_only_with_trigger.py took 0.101 seconds
[2024-05-20T09:03:55.538+0000] {processor.py:161} INFO - Started process (PID=4073) to work on /home/airflow/.local/lib/python3.12/site-packages/airflow/example_dags/example_latest_only_with_trigger.py
[2024-05-20T09:03:55.539+0000] {processor.py:830} INFO - Processing file /home/airflow/.local/lib/python3.12/site-packages/airflow/example_dags/example_latest_only_with_trigger.py for tasks to queue
[2024-05-20T09:03:55.540+0000] {logging_mixin.py:188} INFO - [2024-05-20T09:03:55.540+0000] {dagbag.py:545} INFO - Filling up the DagBag from /home/airflow/.local/lib/python3.12/site-packages/airflow/example_dags/example_latest_only_with_trigger.py
[2024-05-20T09:03:55.547+0000] {processor.py:840} INFO - DAG(s) 'latest_only_with_trigger' retrieved from /home/airflow/.local/lib/python3.12/site-packages/airflow/example_dags/example_latest_only_with_trigger.py
[2024-05-20T09:03:55.570+0000] {logging_mixin.py:188} INFO - [2024-05-20T09:03:55.570+0000] {dag.py:3096} INFO - Sync 1 DAGs
[2024-05-20T09:03:55.597+0000] {logging_mixin.py:188} INFO - [2024-05-20T09:03:55.596+0000] {dag.py:3954} INFO - Setting next_dagrun for latest_only_with_trigger to 2024-05-20 04:00:00+00:00, run_after=2024-05-20 08:00:00+00:00
[2024-05-20T09:03:55.622+0000] {processor.py:183} INFO - Processing /home/airflow/.local/lib/python3.12/site-packages/airflow/example_dags/example_latest_only_with_trigger.py took 0.091 seconds
[2024-05-20T09:04:26.142+0000] {processor.py:161} INFO - Started process (PID=4135) to work on /home/airflow/.local/lib/python3.12/site-packages/airflow/example_dags/example_latest_only_with_trigger.py
[2024-05-20T09:04:26.144+0000] {processor.py:830} INFO - Processing file /home/airflow/.local/lib/python3.12/site-packages/airflow/example_dags/example_latest_only_with_trigger.py for tasks to queue
[2024-05-20T09:04:26.145+0000] {logging_mixin.py:188} INFO - [2024-05-20T09:04:26.145+0000] {dagbag.py:545} INFO - Filling up the DagBag from /home/airflow/.local/lib/python3.12/site-packages/airflow/example_dags/example_latest_only_with_trigger.py
[2024-05-20T09:04:26.152+0000] {processor.py:840} INFO - DAG(s) 'latest_only_with_trigger' retrieved from /home/airflow/.local/lib/python3.12/site-packages/airflow/example_dags/example_latest_only_with_trigger.py
[2024-05-20T09:04:26.185+0000] {logging_mixin.py:188} INFO - [2024-05-20T09:04:26.184+0000] {dag.py:3096} INFO - Sync 1 DAGs
[2024-05-20T09:04:26.214+0000] {logging_mixin.py:188} INFO - [2024-05-20T09:04:26.213+0000] {dag.py:3954} INFO - Setting next_dagrun for latest_only_with_trigger to 2024-05-20 04:00:00+00:00, run_after=2024-05-20 08:00:00+00:00
[2024-05-20T09:04:26.241+0000] {processor.py:183} INFO - Processing /home/airflow/.local/lib/python3.12/site-packages/airflow/example_dags/example_latest_only_with_trigger.py took 0.106 seconds
[2024-05-20T09:04:56.425+0000] {processor.py:161} INFO - Started process (PID=4197) to work on /home/airflow/.local/lib/python3.12/site-packages/airflow/example_dags/example_latest_only_with_trigger.py
[2024-05-20T09:04:56.427+0000] {processor.py:830} INFO - Processing file /home/airflow/.local/lib/python3.12/site-packages/airflow/example_dags/example_latest_only_with_trigger.py for tasks to queue
[2024-05-20T09:04:56.428+0000] {logging_mixin.py:188} INFO - [2024-05-20T09:04:56.428+0000] {dagbag.py:545} INFO - Filling up the DagBag from /home/airflow/.local/lib/python3.12/site-packages/airflow/example_dags/example_latest_only_with_trigger.py
[2024-05-20T09:04:56.436+0000] {processor.py:840} INFO - DAG(s) 'latest_only_with_trigger' retrieved from /home/airflow/.local/lib/python3.12/site-packages/airflow/example_dags/example_latest_only_with_trigger.py
[2024-05-20T09:04:56.466+0000] {logging_mixin.py:188} INFO - [2024-05-20T09:04:56.466+0000] {dag.py:3096} INFO - Sync 1 DAGs
[2024-05-20T09:04:56.492+0000] {logging_mixin.py:188} INFO - [2024-05-20T09:04:56.491+0000] {dag.py:3954} INFO - Setting next_dagrun for latest_only_with_trigger to 2024-05-20 04:00:00+00:00, run_after=2024-05-20 08:00:00+00:00
[2024-05-20T09:04:56.525+0000] {processor.py:183} INFO - Processing /home/airflow/.local/lib/python3.12/site-packages/airflow/example_dags/example_latest_only_with_trigger.py took 0.106 seconds
[2024-05-20T09:05:26.694+0000] {processor.py:161} INFO - Started process (PID=4259) to work on /home/airflow/.local/lib/python3.12/site-packages/airflow/example_dags/example_latest_only_with_trigger.py
[2024-05-20T09:05:26.695+0000] {processor.py:830} INFO - Processing file /home/airflow/.local/lib/python3.12/site-packages/airflow/example_dags/example_latest_only_with_trigger.py for tasks to queue
[2024-05-20T09:05:26.697+0000] {logging_mixin.py:188} INFO - [2024-05-20T09:05:26.696+0000] {dagbag.py:545} INFO - Filling up the DagBag from /home/airflow/.local/lib/python3.12/site-packages/airflow/example_dags/example_latest_only_with_trigger.py
[2024-05-20T09:05:26.703+0000] {processor.py:840} INFO - DAG(s) 'latest_only_with_trigger' retrieved from /home/airflow/.local/lib/python3.12/site-packages/airflow/example_dags/example_latest_only_with_trigger.py
[2024-05-20T09:05:26.727+0000] {logging_mixin.py:188} INFO - [2024-05-20T09:05:26.727+0000] {dag.py:3096} INFO - Sync 1 DAGs
[2024-05-20T09:05:26.751+0000] {logging_mixin.py:188} INFO - [2024-05-20T09:05:26.751+0000] {dag.py:3954} INFO - Setting next_dagrun for latest_only_with_trigger to 2024-05-20 04:00:00+00:00, run_after=2024-05-20 08:00:00+00:00
[2024-05-20T09:05:26.783+0000] {processor.py:183} INFO - Processing /home/airflow/.local/lib/python3.12/site-packages/airflow/example_dags/example_latest_only_with_trigger.py took 0.096 seconds
[2024-05-20T09:11:58.510+0000] {processor.py:161} INFO - Started process (PID=4323) to work on /home/airflow/.local/lib/python3.12/site-packages/airflow/example_dags/example_latest_only_with_trigger.py
[2024-05-20T09:11:58.521+0000] {processor.py:830} INFO - Processing file /home/airflow/.local/lib/python3.12/site-packages/airflow/example_dags/example_latest_only_with_trigger.py for tasks to queue
[2024-05-20T09:11:58.530+0000] {logging_mixin.py:188} INFO - [2024-05-20T09:11:58.528+0000] {dagbag.py:545} INFO - Filling up the DagBag from /home/airflow/.local/lib/python3.12/site-packages/airflow/example_dags/example_latest_only_with_trigger.py
[2024-05-20T09:11:58.600+0000] {processor.py:840} INFO - DAG(s) 'latest_only_with_trigger' retrieved from /home/airflow/.local/lib/python3.12/site-packages/airflow/example_dags/example_latest_only_with_trigger.py
[2024-05-20T09:11:59.037+0000] {logging_mixin.py:188} INFO - [2024-05-20T09:11:59.024+0000] {dag.py:3096} INFO - Sync 1 DAGs
[2024-05-20T09:11:59.795+0000] {logging_mixin.py:188} INFO - [2024-05-20T09:11:59.793+0000] {dag.py:3954} INFO - Setting next_dagrun for latest_only_with_trigger to 2024-05-20 04:00:00+00:00, run_after=2024-05-20 08:00:00+00:00
[2024-05-20T09:12:00.255+0000] {processor.py:183} INFO - Processing /home/airflow/.local/lib/python3.12/site-packages/airflow/example_dags/example_latest_only_with_trigger.py took 1.815 seconds
