[2024-05-20T08:30:15.250+0000] {processor.py:161} INFO - Started process (PID=49) to work on /home/airflow/.local/lib/python3.12/site-packages/airflow/example_dags/example_dag_decorator.py
[2024-05-20T08:30:15.266+0000] {processor.py:830} INFO - Processing file /home/airflow/.local/lib/python3.12/site-packages/airflow/example_dags/example_dag_decorator.py for tasks to queue
[2024-05-20T08:30:15.287+0000] {logging_mixin.py:188} INFO - [2024-05-20T08:30:15.286+0000] {dagbag.py:545} INFO - Filling up the DagBag from /home/airflow/.local/lib/python3.12/site-packages/airflow/example_dags/example_dag_decorator.py
[2024-05-20T08:30:17.656+0000] {processor.py:840} INFO - DAG(s) 'example_dag_decorator' retrieved from /home/airflow/.local/lib/python3.12/site-packages/airflow/example_dags/example_dag_decorator.py
[2024-05-20T08:30:18.132+0000] {logging_mixin.py:188} INFO - [2024-05-20T08:30:18.131+0000] {dag.py:3096} INFO - Sync 1 DAGs
[2024-05-20T08:30:18.203+0000] {logging_mixin.py:188} INFO - [2024-05-20T08:30:18.203+0000] {dag.py:3954} INFO - Setting next_dagrun for example_dag_decorator to None, run_after=None
[2024-05-20T08:30:18.345+0000] {processor.py:183} INFO - Processing /home/airflow/.local/lib/python3.12/site-packages/airflow/example_dags/example_dag_decorator.py took 3.158 seconds
[2024-05-20T08:31:00.549+0000] {processor.py:161} INFO - Started process (PID=124) to work on /home/airflow/.local/lib/python3.12/site-packages/airflow/example_dags/example_dag_decorator.py
[2024-05-20T08:31:00.578+0000] {processor.py:830} INFO - Processing file /home/airflow/.local/lib/python3.12/site-packages/airflow/example_dags/example_dag_decorator.py for tasks to queue
[2024-05-20T08:31:00.600+0000] {logging_mixin.py:188} INFO - [2024-05-20T08:31:00.600+0000] {dagbag.py:545} INFO - Filling up the DagBag from /home/airflow/.local/lib/python3.12/site-packages/airflow/example_dags/example_dag_decorator.py
[2024-05-20T08:31:02.361+0000] {processor.py:840} INFO - DAG(s) 'example_dag_decorator' retrieved from /home/airflow/.local/lib/python3.12/site-packages/airflow/example_dags/example_dag_decorator.py
[2024-05-20T08:31:03.918+0000] {logging_mixin.py:188} INFO - [2024-05-20T08:31:03.917+0000] {dag.py:3096} INFO - Sync 1 DAGs
[2024-05-20T08:31:03.974+0000] {logging_mixin.py:188} INFO - [2024-05-20T08:31:03.973+0000] {dag.py:3954} INFO - Setting next_dagrun for example_dag_decorator to None, run_after=None
[2024-05-20T08:31:04.071+0000] {processor.py:183} INFO - Processing /home/airflow/.local/lib/python3.12/site-packages/airflow/example_dags/example_dag_decorator.py took 3.553 seconds
[2024-05-20T08:31:53.660+0000] {processor.py:161} INFO - Started process (PID=191) to work on /home/airflow/.local/lib/python3.12/site-packages/airflow/example_dags/example_dag_decorator.py
[2024-05-20T08:31:53.663+0000] {processor.py:830} INFO - Processing file /home/airflow/.local/lib/python3.12/site-packages/airflow/example_dags/example_dag_decorator.py for tasks to queue
[2024-05-20T08:31:53.666+0000] {logging_mixin.py:188} INFO - [2024-05-20T08:31:53.666+0000] {dagbag.py:545} INFO - Filling up the DagBag from /home/airflow/.local/lib/python3.12/site-packages/airflow/example_dags/example_dag_decorator.py
[2024-05-20T08:31:53.949+0000] {processor.py:840} INFO - DAG(s) 'example_dag_decorator' retrieved from /home/airflow/.local/lib/python3.12/site-packages/airflow/example_dags/example_dag_decorator.py
[2024-05-20T08:31:54.344+0000] {logging_mixin.py:188} INFO - [2024-05-20T08:31:54.343+0000] {dag.py:3096} INFO - Sync 1 DAGs
[2024-05-20T08:31:54.380+0000] {logging_mixin.py:188} INFO - [2024-05-20T08:31:54.380+0000] {dag.py:3954} INFO - Setting next_dagrun for example_dag_decorator to None, run_after=None
[2024-05-20T08:31:54.489+0000] {processor.py:183} INFO - Processing /home/airflow/.local/lib/python3.12/site-packages/airflow/example_dags/example_dag_decorator.py took 0.837 seconds
[2024-05-20T08:32:24.582+0000] {processor.py:161} INFO - Started process (PID=262) to work on /home/airflow/.local/lib/python3.12/site-packages/airflow/example_dags/example_dag_decorator.py
[2024-05-20T08:32:24.583+0000] {processor.py:830} INFO - Processing file /home/airflow/.local/lib/python3.12/site-packages/airflow/example_dags/example_dag_decorator.py for tasks to queue
[2024-05-20T08:32:24.584+0000] {logging_mixin.py:188} INFO - [2024-05-20T08:32:24.584+0000] {dagbag.py:545} INFO - Filling up the DagBag from /home/airflow/.local/lib/python3.12/site-packages/airflow/example_dags/example_dag_decorator.py
[2024-05-20T08:32:24.666+0000] {processor.py:840} INFO - DAG(s) 'example_dag_decorator' retrieved from /home/airflow/.local/lib/python3.12/site-packages/airflow/example_dags/example_dag_decorator.py
[2024-05-20T08:32:24.763+0000] {logging_mixin.py:188} INFO - [2024-05-20T08:32:24.762+0000] {dag.py:3096} INFO - Sync 1 DAGs
[2024-05-20T08:32:24.773+0000] {logging_mixin.py:188} INFO - [2024-05-20T08:32:24.773+0000] {dag.py:3954} INFO - Setting next_dagrun for example_dag_decorator to None, run_after=None
[2024-05-20T08:32:25.376+0000] {processor.py:183} INFO - Processing /home/airflow/.local/lib/python3.12/site-packages/airflow/example_dags/example_dag_decorator.py took 0.800 seconds
[2024-05-20T08:32:55.791+0000] {processor.py:161} INFO - Started process (PID=320) to work on /home/airflow/.local/lib/python3.12/site-packages/airflow/example_dags/example_dag_decorator.py
[2024-05-20T08:32:55.793+0000] {processor.py:830} INFO - Processing file /home/airflow/.local/lib/python3.12/site-packages/airflow/example_dags/example_dag_decorator.py for tasks to queue
[2024-05-20T08:32:55.796+0000] {logging_mixin.py:188} INFO - [2024-05-20T08:32:55.796+0000] {dagbag.py:545} INFO - Filling up the DagBag from /home/airflow/.local/lib/python3.12/site-packages/airflow/example_dags/example_dag_decorator.py
[2024-05-20T08:32:55.963+0000] {processor.py:840} INFO - DAG(s) 'example_dag_decorator' retrieved from /home/airflow/.local/lib/python3.12/site-packages/airflow/example_dags/example_dag_decorator.py
[2024-05-20T08:32:56.212+0000] {logging_mixin.py:188} INFO - [2024-05-20T08:32:56.212+0000] {dag.py:3096} INFO - Sync 1 DAGs
[2024-05-20T08:32:56.233+0000] {logging_mixin.py:188} INFO - [2024-05-20T08:32:56.233+0000] {dag.py:3954} INFO - Setting next_dagrun for example_dag_decorator to None, run_after=None
[2024-05-20T08:32:56.266+0000] {processor.py:183} INFO - Processing /home/airflow/.local/lib/python3.12/site-packages/airflow/example_dags/example_dag_decorator.py took 0.486 seconds
[2024-05-20T08:33:27.584+0000] {processor.py:161} INFO - Started process (PID=379) to work on /home/airflow/.local/lib/python3.12/site-packages/airflow/example_dags/example_dag_decorator.py
[2024-05-20T08:33:27.605+0000] {processor.py:830} INFO - Processing file /home/airflow/.local/lib/python3.12/site-packages/airflow/example_dags/example_dag_decorator.py for tasks to queue
[2024-05-20T08:33:27.616+0000] {logging_mixin.py:188} INFO - [2024-05-20T08:33:27.615+0000] {dagbag.py:545} INFO - Filling up the DagBag from /home/airflow/.local/lib/python3.12/site-packages/airflow/example_dags/example_dag_decorator.py
[2024-05-20T08:33:28.308+0000] {processor.py:840} INFO - DAG(s) 'example_dag_decorator' retrieved from /home/airflow/.local/lib/python3.12/site-packages/airflow/example_dags/example_dag_decorator.py
[2024-05-20T08:33:29.246+0000] {logging_mixin.py:188} INFO - [2024-05-20T08:33:29.245+0000] {dag.py:3096} INFO - Sync 1 DAGs
[2024-05-20T08:33:29.270+0000] {logging_mixin.py:188} INFO - [2024-05-20T08:33:29.269+0000] {dag.py:3954} INFO - Setting next_dagrun for example_dag_decorator to None, run_after=None
[2024-05-20T08:33:29.310+0000] {processor.py:183} INFO - Processing /home/airflow/.local/lib/python3.12/site-packages/airflow/example_dags/example_dag_decorator.py took 1.736 seconds
[2024-05-20T08:34:00.280+0000] {processor.py:161} INFO - Started process (PID=445) to work on /home/airflow/.local/lib/python3.12/site-packages/airflow/example_dags/example_dag_decorator.py
[2024-05-20T08:34:00.282+0000] {processor.py:830} INFO - Processing file /home/airflow/.local/lib/python3.12/site-packages/airflow/example_dags/example_dag_decorator.py for tasks to queue
[2024-05-20T08:34:00.285+0000] {logging_mixin.py:188} INFO - [2024-05-20T08:34:00.285+0000] {dagbag.py:545} INFO - Filling up the DagBag from /home/airflow/.local/lib/python3.12/site-packages/airflow/example_dags/example_dag_decorator.py
[2024-05-20T08:34:00.452+0000] {processor.py:840} INFO - DAG(s) 'example_dag_decorator' retrieved from /home/airflow/.local/lib/python3.12/site-packages/airflow/example_dags/example_dag_decorator.py
[2024-05-20T08:34:00.625+0000] {logging_mixin.py:188} INFO - [2024-05-20T08:34:00.624+0000] {dag.py:3096} INFO - Sync 1 DAGs
[2024-05-20T08:34:00.645+0000] {logging_mixin.py:188} INFO - [2024-05-20T08:34:00.644+0000] {dag.py:3954} INFO - Setting next_dagrun for example_dag_decorator to None, run_after=None
[2024-05-20T08:34:00.678+0000] {processor.py:183} INFO - Processing /home/airflow/.local/lib/python3.12/site-packages/airflow/example_dags/example_dag_decorator.py took 0.405 seconds
[2024-05-20T08:34:30.738+0000] {processor.py:161} INFO - Started process (PID=506) to work on /home/airflow/.local/lib/python3.12/site-packages/airflow/example_dags/example_dag_decorator.py
[2024-05-20T08:34:30.742+0000] {processor.py:830} INFO - Processing file /home/airflow/.local/lib/python3.12/site-packages/airflow/example_dags/example_dag_decorator.py for tasks to queue
[2024-05-20T08:34:30.744+0000] {logging_mixin.py:188} INFO - [2024-05-20T08:34:30.744+0000] {dagbag.py:545} INFO - Filling up the DagBag from /home/airflow/.local/lib/python3.12/site-packages/airflow/example_dags/example_dag_decorator.py
[2024-05-20T08:34:30.877+0000] {processor.py:840} INFO - DAG(s) 'example_dag_decorator' retrieved from /home/airflow/.local/lib/python3.12/site-packages/airflow/example_dags/example_dag_decorator.py
[2024-05-20T08:34:31.001+0000] {logging_mixin.py:188} INFO - [2024-05-20T08:34:31.000+0000] {dag.py:3096} INFO - Sync 1 DAGs
[2024-05-20T08:34:31.015+0000] {logging_mixin.py:188} INFO - [2024-05-20T08:34:31.014+0000] {dag.py:3954} INFO - Setting next_dagrun for example_dag_decorator to None, run_after=None
[2024-05-20T08:34:31.040+0000] {processor.py:183} INFO - Processing /home/airflow/.local/lib/python3.12/site-packages/airflow/example_dags/example_dag_decorator.py took 0.309 seconds
[2024-05-20T08:35:01.297+0000] {processor.py:161} INFO - Started process (PID=566) to work on /home/airflow/.local/lib/python3.12/site-packages/airflow/example_dags/example_dag_decorator.py
[2024-05-20T08:35:01.305+0000] {processor.py:830} INFO - Processing file /home/airflow/.local/lib/python3.12/site-packages/airflow/example_dags/example_dag_decorator.py for tasks to queue
[2024-05-20T08:35:01.308+0000] {logging_mixin.py:188} INFO - [2024-05-20T08:35:01.308+0000] {dagbag.py:545} INFO - Filling up the DagBag from /home/airflow/.local/lib/python3.12/site-packages/airflow/example_dags/example_dag_decorator.py
[2024-05-20T08:35:01.518+0000] {processor.py:840} INFO - DAG(s) 'example_dag_decorator' retrieved from /home/airflow/.local/lib/python3.12/site-packages/airflow/example_dags/example_dag_decorator.py
[2024-05-20T08:35:01.732+0000] {logging_mixin.py:188} INFO - [2024-05-20T08:35:01.731+0000] {dag.py:3096} INFO - Sync 1 DAGs
[2024-05-20T08:35:01.751+0000] {logging_mixin.py:188} INFO - [2024-05-20T08:35:01.751+0000] {dag.py:3954} INFO - Setting next_dagrun for example_dag_decorator to None, run_after=None
[2024-05-20T08:35:01.781+0000] {processor.py:183} INFO - Processing /home/airflow/.local/lib/python3.12/site-packages/airflow/example_dags/example_dag_decorator.py took 0.495 seconds
[2024-05-20T08:35:31.879+0000] {processor.py:161} INFO - Started process (PID=628) to work on /home/airflow/.local/lib/python3.12/site-packages/airflow/example_dags/example_dag_decorator.py
[2024-05-20T08:35:31.885+0000] {processor.py:830} INFO - Processing file /home/airflow/.local/lib/python3.12/site-packages/airflow/example_dags/example_dag_decorator.py for tasks to queue
[2024-05-20T08:35:31.888+0000] {logging_mixin.py:188} INFO - [2024-05-20T08:35:31.887+0000] {dagbag.py:545} INFO - Filling up the DagBag from /home/airflow/.local/lib/python3.12/site-packages/airflow/example_dags/example_dag_decorator.py
[2024-05-20T08:35:32.007+0000] {processor.py:840} INFO - DAG(s) 'example_dag_decorator' retrieved from /home/airflow/.local/lib/python3.12/site-packages/airflow/example_dags/example_dag_decorator.py
[2024-05-20T08:35:32.391+0000] {logging_mixin.py:188} INFO - [2024-05-20T08:35:32.390+0000] {dag.py:3096} INFO - Sync 1 DAGs
[2024-05-20T08:35:32.407+0000] {logging_mixin.py:188} INFO - [2024-05-20T08:35:32.407+0000] {dag.py:3954} INFO - Setting next_dagrun for example_dag_decorator to None, run_after=None
[2024-05-20T08:35:32.442+0000] {processor.py:183} INFO - Processing /home/airflow/.local/lib/python3.12/site-packages/airflow/example_dags/example_dag_decorator.py took 0.569 seconds
[2024-05-20T08:36:02.737+0000] {processor.py:161} INFO - Started process (PID=692) to work on /home/airflow/.local/lib/python3.12/site-packages/airflow/example_dags/example_dag_decorator.py
[2024-05-20T08:36:02.738+0000] {processor.py:830} INFO - Processing file /home/airflow/.local/lib/python3.12/site-packages/airflow/example_dags/example_dag_decorator.py for tasks to queue
[2024-05-20T08:36:02.742+0000] {logging_mixin.py:188} INFO - [2024-05-20T08:36:02.741+0000] {dagbag.py:545} INFO - Filling up the DagBag from /home/airflow/.local/lib/python3.12/site-packages/airflow/example_dags/example_dag_decorator.py
[2024-05-20T08:36:02.909+0000] {processor.py:840} INFO - DAG(s) 'example_dag_decorator' retrieved from /home/airflow/.local/lib/python3.12/site-packages/airflow/example_dags/example_dag_decorator.py
[2024-05-20T08:36:03.415+0000] {logging_mixin.py:188} INFO - [2024-05-20T08:36:03.415+0000] {dag.py:3096} INFO - Sync 1 DAGs
[2024-05-20T08:36:03.428+0000] {logging_mixin.py:188} INFO - [2024-05-20T08:36:03.427+0000] {dag.py:3954} INFO - Setting next_dagrun for example_dag_decorator to None, run_after=None
[2024-05-20T08:36:03.457+0000] {processor.py:183} INFO - Processing /home/airflow/.local/lib/python3.12/site-packages/airflow/example_dags/example_dag_decorator.py took 0.728 seconds
[2024-05-20T08:36:33.777+0000] {processor.py:161} INFO - Started process (PID=755) to work on /home/airflow/.local/lib/python3.12/site-packages/airflow/example_dags/example_dag_decorator.py
[2024-05-20T08:36:33.779+0000] {processor.py:830} INFO - Processing file /home/airflow/.local/lib/python3.12/site-packages/airflow/example_dags/example_dag_decorator.py for tasks to queue
[2024-05-20T08:36:33.784+0000] {logging_mixin.py:188} INFO - [2024-05-20T08:36:33.783+0000] {dagbag.py:545} INFO - Filling up the DagBag from /home/airflow/.local/lib/python3.12/site-packages/airflow/example_dags/example_dag_decorator.py
[2024-05-20T08:36:34.075+0000] {processor.py:840} INFO - DAG(s) 'example_dag_decorator' retrieved from /home/airflow/.local/lib/python3.12/site-packages/airflow/example_dags/example_dag_decorator.py
[2024-05-20T08:36:34.370+0000] {logging_mixin.py:188} INFO - [2024-05-20T08:36:34.369+0000] {dag.py:3096} INFO - Sync 1 DAGs
[2024-05-20T08:36:34.725+0000] {logging_mixin.py:188} INFO - [2024-05-20T08:36:34.721+0000] {dag.py:3954} INFO - Setting next_dagrun for example_dag_decorator to None, run_after=None
[2024-05-20T08:36:34.780+0000] {processor.py:183} INFO - Processing /home/airflow/.local/lib/python3.12/site-packages/airflow/example_dags/example_dag_decorator.py took 1.016 seconds
[2024-05-20T08:37:05.156+0000] {processor.py:161} INFO - Started process (PID=816) to work on /home/airflow/.local/lib/python3.12/site-packages/airflow/example_dags/example_dag_decorator.py
[2024-05-20T08:37:05.157+0000] {processor.py:830} INFO - Processing file /home/airflow/.local/lib/python3.12/site-packages/airflow/example_dags/example_dag_decorator.py for tasks to queue
[2024-05-20T08:37:05.160+0000] {logging_mixin.py:188} INFO - [2024-05-20T08:37:05.160+0000] {dagbag.py:545} INFO - Filling up the DagBag from /home/airflow/.local/lib/python3.12/site-packages/airflow/example_dags/example_dag_decorator.py
[2024-05-20T08:37:05.402+0000] {processor.py:840} INFO - DAG(s) 'example_dag_decorator' retrieved from /home/airflow/.local/lib/python3.12/site-packages/airflow/example_dags/example_dag_decorator.py
[2024-05-20T08:37:05.571+0000] {logging_mixin.py:188} INFO - [2024-05-20T08:37:05.571+0000] {dag.py:3096} INFO - Sync 1 DAGs
[2024-05-20T08:37:05.585+0000] {logging_mixin.py:188} INFO - [2024-05-20T08:37:05.585+0000] {dag.py:3954} INFO - Setting next_dagrun for example_dag_decorator to None, run_after=None
[2024-05-20T08:37:05.781+0000] {processor.py:183} INFO - Processing /home/airflow/.local/lib/python3.12/site-packages/airflow/example_dags/example_dag_decorator.py took 0.634 seconds
[2024-05-20T08:37:35.874+0000] {processor.py:161} INFO - Started process (PID=879) to work on /home/airflow/.local/lib/python3.12/site-packages/airflow/example_dags/example_dag_decorator.py
[2024-05-20T08:37:35.877+0000] {processor.py:830} INFO - Processing file /home/airflow/.local/lib/python3.12/site-packages/airflow/example_dags/example_dag_decorator.py for tasks to queue
[2024-05-20T08:37:35.880+0000] {logging_mixin.py:188} INFO - [2024-05-20T08:37:35.880+0000] {dagbag.py:545} INFO - Filling up the DagBag from /home/airflow/.local/lib/python3.12/site-packages/airflow/example_dags/example_dag_decorator.py
[2024-05-20T08:37:36.005+0000] {processor.py:840} INFO - DAG(s) 'example_dag_decorator' retrieved from /home/airflow/.local/lib/python3.12/site-packages/airflow/example_dags/example_dag_decorator.py
[2024-05-20T08:37:36.262+0000] {logging_mixin.py:188} INFO - [2024-05-20T08:37:36.262+0000] {dag.py:3096} INFO - Sync 1 DAGs
[2024-05-20T08:37:36.275+0000] {logging_mixin.py:188} INFO - [2024-05-20T08:37:36.274+0000] {dag.py:3954} INFO - Setting next_dagrun for example_dag_decorator to None, run_after=None
[2024-05-20T08:37:36.305+0000] {processor.py:183} INFO - Processing /home/airflow/.local/lib/python3.12/site-packages/airflow/example_dags/example_dag_decorator.py took 0.443 seconds
[2024-05-20T08:38:07.348+0000] {processor.py:161} INFO - Started process (PID=940) to work on /home/airflow/.local/lib/python3.12/site-packages/airflow/example_dags/example_dag_decorator.py
[2024-05-20T08:38:07.349+0000] {processor.py:830} INFO - Processing file /home/airflow/.local/lib/python3.12/site-packages/airflow/example_dags/example_dag_decorator.py for tasks to queue
[2024-05-20T08:38:07.351+0000] {logging_mixin.py:188} INFO - [2024-05-20T08:38:07.351+0000] {dagbag.py:545} INFO - Filling up the DagBag from /home/airflow/.local/lib/python3.12/site-packages/airflow/example_dags/example_dag_decorator.py
[2024-05-20T08:38:07.447+0000] {processor.py:840} INFO - DAG(s) 'example_dag_decorator' retrieved from /home/airflow/.local/lib/python3.12/site-packages/airflow/example_dags/example_dag_decorator.py
[2024-05-20T08:38:07.716+0000] {logging_mixin.py:188} INFO - [2024-05-20T08:38:07.715+0000] {dag.py:3096} INFO - Sync 1 DAGs
[2024-05-20T08:38:07.726+0000] {logging_mixin.py:188} INFO - [2024-05-20T08:38:07.726+0000] {dag.py:3954} INFO - Setting next_dagrun for example_dag_decorator to None, run_after=None
[2024-05-20T08:38:07.750+0000] {processor.py:183} INFO - Processing /home/airflow/.local/lib/python3.12/site-packages/airflow/example_dags/example_dag_decorator.py took 0.407 seconds
[2024-05-20T08:38:37.957+0000] {processor.py:161} INFO - Started process (PID=1001) to work on /home/airflow/.local/lib/python3.12/site-packages/airflow/example_dags/example_dag_decorator.py
[2024-05-20T08:38:37.959+0000] {processor.py:830} INFO - Processing file /home/airflow/.local/lib/python3.12/site-packages/airflow/example_dags/example_dag_decorator.py for tasks to queue
[2024-05-20T08:38:37.962+0000] {logging_mixin.py:188} INFO - [2024-05-20T08:38:37.961+0000] {dagbag.py:545} INFO - Filling up the DagBag from /home/airflow/.local/lib/python3.12/site-packages/airflow/example_dags/example_dag_decorator.py
[2024-05-20T08:38:38.078+0000] {processor.py:840} INFO - DAG(s) 'example_dag_decorator' retrieved from /home/airflow/.local/lib/python3.12/site-packages/airflow/example_dags/example_dag_decorator.py
[2024-05-20T08:38:38.459+0000] {logging_mixin.py:188} INFO - [2024-05-20T08:38:38.458+0000] {dag.py:3096} INFO - Sync 1 DAGs
[2024-05-20T08:38:38.473+0000] {logging_mixin.py:188} INFO - [2024-05-20T08:38:38.472+0000] {dag.py:3954} INFO - Setting next_dagrun for example_dag_decorator to None, run_after=None
[2024-05-20T08:38:38.503+0000] {processor.py:183} INFO - Processing /home/airflow/.local/lib/python3.12/site-packages/airflow/example_dags/example_dag_decorator.py took 0.561 seconds
[2024-05-20T08:39:08.627+0000] {processor.py:161} INFO - Started process (PID=1065) to work on /home/airflow/.local/lib/python3.12/site-packages/airflow/example_dags/example_dag_decorator.py
[2024-05-20T08:39:08.628+0000] {processor.py:830} INFO - Processing file /home/airflow/.local/lib/python3.12/site-packages/airflow/example_dags/example_dag_decorator.py for tasks to queue
[2024-05-20T08:39:08.631+0000] {logging_mixin.py:188} INFO - [2024-05-20T08:39:08.630+0000] {dagbag.py:545} INFO - Filling up the DagBag from /home/airflow/.local/lib/python3.12/site-packages/airflow/example_dags/example_dag_decorator.py
[2024-05-20T08:39:08.746+0000] {processor.py:840} INFO - DAG(s) 'example_dag_decorator' retrieved from /home/airflow/.local/lib/python3.12/site-packages/airflow/example_dags/example_dag_decorator.py
[2024-05-20T08:39:08.991+0000] {logging_mixin.py:188} INFO - [2024-05-20T08:39:08.990+0000] {dag.py:3096} INFO - Sync 1 DAGs
[2024-05-20T08:39:09.002+0000] {logging_mixin.py:188} INFO - [2024-05-20T08:39:09.002+0000] {dag.py:3954} INFO - Setting next_dagrun for example_dag_decorator to None, run_after=None
[2024-05-20T08:39:09.027+0000] {processor.py:183} INFO - Processing /home/airflow/.local/lib/python3.12/site-packages/airflow/example_dags/example_dag_decorator.py took 0.407 seconds
[2024-05-20T08:39:39.879+0000] {processor.py:161} INFO - Started process (PID=1126) to work on /home/airflow/.local/lib/python3.12/site-packages/airflow/example_dags/example_dag_decorator.py
[2024-05-20T08:39:39.880+0000] {processor.py:830} INFO - Processing file /home/airflow/.local/lib/python3.12/site-packages/airflow/example_dags/example_dag_decorator.py for tasks to queue
[2024-05-20T08:39:39.882+0000] {logging_mixin.py:188} INFO - [2024-05-20T08:39:39.882+0000] {dagbag.py:545} INFO - Filling up the DagBag from /home/airflow/.local/lib/python3.12/site-packages/airflow/example_dags/example_dag_decorator.py
[2024-05-20T08:39:39.966+0000] {processor.py:840} INFO - DAG(s) 'example_dag_decorator' retrieved from /home/airflow/.local/lib/python3.12/site-packages/airflow/example_dags/example_dag_decorator.py
[2024-05-20T08:39:40.179+0000] {logging_mixin.py:188} INFO - [2024-05-20T08:39:40.179+0000] {dag.py:3096} INFO - Sync 1 DAGs
[2024-05-20T08:39:40.188+0000] {logging_mixin.py:188} INFO - [2024-05-20T08:39:40.188+0000] {dag.py:3954} INFO - Setting next_dagrun for example_dag_decorator to None, run_after=None
[2024-05-20T08:39:40.211+0000] {processor.py:183} INFO - Processing /home/airflow/.local/lib/python3.12/site-packages/airflow/example_dags/example_dag_decorator.py took 0.337 seconds
[2024-05-20T08:40:11.263+0000] {processor.py:161} INFO - Started process (PID=1189) to work on /home/airflow/.local/lib/python3.12/site-packages/airflow/example_dags/example_dag_decorator.py
[2024-05-20T08:40:11.264+0000] {processor.py:830} INFO - Processing file /home/airflow/.local/lib/python3.12/site-packages/airflow/example_dags/example_dag_decorator.py for tasks to queue
[2024-05-20T08:40:11.266+0000] {logging_mixin.py:188} INFO - [2024-05-20T08:40:11.266+0000] {dagbag.py:545} INFO - Filling up the DagBag from /home/airflow/.local/lib/python3.12/site-packages/airflow/example_dags/example_dag_decorator.py
[2024-05-20T08:40:11.369+0000] {processor.py:840} INFO - DAG(s) 'example_dag_decorator' retrieved from /home/airflow/.local/lib/python3.12/site-packages/airflow/example_dags/example_dag_decorator.py
[2024-05-20T08:40:11.656+0000] {logging_mixin.py:188} INFO - [2024-05-20T08:40:11.656+0000] {dag.py:3096} INFO - Sync 1 DAGs
[2024-05-20T08:40:11.668+0000] {logging_mixin.py:188} INFO - [2024-05-20T08:40:11.667+0000] {dag.py:3954} INFO - Setting next_dagrun for example_dag_decorator to None, run_after=None
[2024-05-20T08:40:11.689+0000] {processor.py:183} INFO - Processing /home/airflow/.local/lib/python3.12/site-packages/airflow/example_dags/example_dag_decorator.py took 0.431 seconds
[2024-05-20T08:40:41.818+0000] {processor.py:161} INFO - Started process (PID=1256) to work on /home/airflow/.local/lib/python3.12/site-packages/airflow/example_dags/example_dag_decorator.py
[2024-05-20T08:40:41.822+0000] {processor.py:830} INFO - Processing file /home/airflow/.local/lib/python3.12/site-packages/airflow/example_dags/example_dag_decorator.py for tasks to queue
[2024-05-20T08:40:41.832+0000] {logging_mixin.py:188} INFO - [2024-05-20T08:40:41.831+0000] {dagbag.py:545} INFO - Filling up the DagBag from /home/airflow/.local/lib/python3.12/site-packages/airflow/example_dags/example_dag_decorator.py
[2024-05-20T08:40:42.024+0000] {processor.py:840} INFO - DAG(s) 'example_dag_decorator' retrieved from /home/airflow/.local/lib/python3.12/site-packages/airflow/example_dags/example_dag_decorator.py
[2024-05-20T08:40:42.434+0000] {logging_mixin.py:188} INFO - [2024-05-20T08:40:42.434+0000] {dag.py:3096} INFO - Sync 1 DAGs
[2024-05-20T08:40:42.454+0000] {logging_mixin.py:188} INFO - [2024-05-20T08:40:42.454+0000] {dag.py:3954} INFO - Setting next_dagrun for example_dag_decorator to None, run_after=None
[2024-05-20T08:40:42.488+0000] {processor.py:183} INFO - Processing /home/airflow/.local/lib/python3.12/site-packages/airflow/example_dags/example_dag_decorator.py took 0.682 seconds
[2024-05-20T08:41:13.406+0000] {processor.py:161} INFO - Started process (PID=1323) to work on /home/airflow/.local/lib/python3.12/site-packages/airflow/example_dags/example_dag_decorator.py
[2024-05-20T08:41:13.407+0000] {processor.py:830} INFO - Processing file /home/airflow/.local/lib/python3.12/site-packages/airflow/example_dags/example_dag_decorator.py for tasks to queue
[2024-05-20T08:41:13.409+0000] {logging_mixin.py:188} INFO - [2024-05-20T08:41:13.409+0000] {dagbag.py:545} INFO - Filling up the DagBag from /home/airflow/.local/lib/python3.12/site-packages/airflow/example_dags/example_dag_decorator.py
[2024-05-20T08:41:13.523+0000] {processor.py:840} INFO - DAG(s) 'example_dag_decorator' retrieved from /home/airflow/.local/lib/python3.12/site-packages/airflow/example_dags/example_dag_decorator.py
[2024-05-20T08:41:13.823+0000] {logging_mixin.py:188} INFO - [2024-05-20T08:41:13.823+0000] {dag.py:3096} INFO - Sync 1 DAGs
[2024-05-20T08:41:13.834+0000] {logging_mixin.py:188} INFO - [2024-05-20T08:41:13.833+0000] {dag.py:3954} INFO - Setting next_dagrun for example_dag_decorator to None, run_after=None
[2024-05-20T08:41:13.863+0000] {processor.py:183} INFO - Processing /home/airflow/.local/lib/python3.12/site-packages/airflow/example_dags/example_dag_decorator.py took 0.463 seconds
[2024-05-20T08:41:44.601+0000] {processor.py:161} INFO - Started process (PID=1386) to work on /home/airflow/.local/lib/python3.12/site-packages/airflow/example_dags/example_dag_decorator.py
[2024-05-20T08:41:44.602+0000] {processor.py:830} INFO - Processing file /home/airflow/.local/lib/python3.12/site-packages/airflow/example_dags/example_dag_decorator.py for tasks to queue
[2024-05-20T08:41:44.604+0000] {logging_mixin.py:188} INFO - [2024-05-20T08:41:44.603+0000] {dagbag.py:545} INFO - Filling up the DagBag from /home/airflow/.local/lib/python3.12/site-packages/airflow/example_dags/example_dag_decorator.py
[2024-05-20T08:41:44.700+0000] {processor.py:840} INFO - DAG(s) 'example_dag_decorator' retrieved from /home/airflow/.local/lib/python3.12/site-packages/airflow/example_dags/example_dag_decorator.py
[2024-05-20T08:41:44.950+0000] {logging_mixin.py:188} INFO - [2024-05-20T08:41:44.950+0000] {dag.py:3096} INFO - Sync 1 DAGs
[2024-05-20T08:41:44.961+0000] {logging_mixin.py:188} INFO - [2024-05-20T08:41:44.961+0000] {dag.py:3954} INFO - Setting next_dagrun for example_dag_decorator to None, run_after=None
[2024-05-20T08:41:44.989+0000] {processor.py:183} INFO - Processing /home/airflow/.local/lib/python3.12/site-packages/airflow/example_dags/example_dag_decorator.py took 0.393 seconds
[2024-05-20T08:42:15.055+0000] {processor.py:161} INFO - Started process (PID=1448) to work on /home/airflow/.local/lib/python3.12/site-packages/airflow/example_dags/example_dag_decorator.py
[2024-05-20T08:42:15.056+0000] {processor.py:830} INFO - Processing file /home/airflow/.local/lib/python3.12/site-packages/airflow/example_dags/example_dag_decorator.py for tasks to queue
[2024-05-20T08:42:15.059+0000] {logging_mixin.py:188} INFO - [2024-05-20T08:42:15.058+0000] {dagbag.py:545} INFO - Filling up the DagBag from /home/airflow/.local/lib/python3.12/site-packages/airflow/example_dags/example_dag_decorator.py
[2024-05-20T08:42:15.451+0000] {processor.py:840} INFO - DAG(s) 'example_dag_decorator' retrieved from /home/airflow/.local/lib/python3.12/site-packages/airflow/example_dags/example_dag_decorator.py
[2024-05-20T08:42:15.637+0000] {logging_mixin.py:188} INFO - [2024-05-20T08:42:15.637+0000] {dag.py:3096} INFO - Sync 1 DAGs
[2024-05-20T08:42:15.655+0000] {logging_mixin.py:188} INFO - [2024-05-20T08:42:15.655+0000] {dag.py:3954} INFO - Setting next_dagrun for example_dag_decorator to None, run_after=None
[2024-05-20T08:42:15.689+0000] {processor.py:183} INFO - Processing /home/airflow/.local/lib/python3.12/site-packages/airflow/example_dags/example_dag_decorator.py took 0.642 seconds
[2024-05-20T08:42:46.398+0000] {processor.py:161} INFO - Started process (PID=1509) to work on /home/airflow/.local/lib/python3.12/site-packages/airflow/example_dags/example_dag_decorator.py
[2024-05-20T08:42:46.399+0000] {processor.py:830} INFO - Processing file /home/airflow/.local/lib/python3.12/site-packages/airflow/example_dags/example_dag_decorator.py for tasks to queue
[2024-05-20T08:42:46.400+0000] {logging_mixin.py:188} INFO - [2024-05-20T08:42:46.400+0000] {dagbag.py:545} INFO - Filling up the DagBag from /home/airflow/.local/lib/python3.12/site-packages/airflow/example_dags/example_dag_decorator.py
[2024-05-20T08:42:46.632+0000] {processor.py:840} INFO - DAG(s) 'example_dag_decorator' retrieved from /home/airflow/.local/lib/python3.12/site-packages/airflow/example_dags/example_dag_decorator.py
[2024-05-20T08:42:46.775+0000] {logging_mixin.py:188} INFO - [2024-05-20T08:42:46.775+0000] {dag.py:3096} INFO - Sync 1 DAGs
[2024-05-20T08:42:46.786+0000] {logging_mixin.py:188} INFO - [2024-05-20T08:42:46.785+0000] {dag.py:3954} INFO - Setting next_dagrun for example_dag_decorator to None, run_after=None
[2024-05-20T08:42:46.806+0000] {processor.py:183} INFO - Processing /home/airflow/.local/lib/python3.12/site-packages/airflow/example_dags/example_dag_decorator.py took 0.413 seconds
[2024-05-20T08:43:17.136+0000] {processor.py:161} INFO - Started process (PID=1570) to work on /home/airflow/.local/lib/python3.12/site-packages/airflow/example_dags/example_dag_decorator.py
[2024-05-20T08:43:17.137+0000] {processor.py:830} INFO - Processing file /home/airflow/.local/lib/python3.12/site-packages/airflow/example_dags/example_dag_decorator.py for tasks to queue
[2024-05-20T08:43:17.138+0000] {logging_mixin.py:188} INFO - [2024-05-20T08:43:17.137+0000] {dagbag.py:545} INFO - Filling up the DagBag from /home/airflow/.local/lib/python3.12/site-packages/airflow/example_dags/example_dag_decorator.py
[2024-05-20T08:43:17.364+0000] {processor.py:840} INFO - DAG(s) 'example_dag_decorator' retrieved from /home/airflow/.local/lib/python3.12/site-packages/airflow/example_dags/example_dag_decorator.py
[2024-05-20T08:43:17.474+0000] {logging_mixin.py:188} INFO - [2024-05-20T08:43:17.473+0000] {dag.py:3096} INFO - Sync 1 DAGs
[2024-05-20T08:43:17.483+0000] {logging_mixin.py:188} INFO - [2024-05-20T08:43:17.483+0000] {dag.py:3954} INFO - Setting next_dagrun for example_dag_decorator to None, run_after=None
[2024-05-20T08:43:17.510+0000] {processor.py:183} INFO - Processing /home/airflow/.local/lib/python3.12/site-packages/airflow/example_dags/example_dag_decorator.py took 0.380 seconds
[2024-05-20T08:43:48.194+0000] {processor.py:161} INFO - Started process (PID=1631) to work on /home/airflow/.local/lib/python3.12/site-packages/airflow/example_dags/example_dag_decorator.py
[2024-05-20T08:43:48.196+0000] {processor.py:830} INFO - Processing file /home/airflow/.local/lib/python3.12/site-packages/airflow/example_dags/example_dag_decorator.py for tasks to queue
[2024-05-20T08:43:48.197+0000] {logging_mixin.py:188} INFO - [2024-05-20T08:43:48.197+0000] {dagbag.py:545} INFO - Filling up the DagBag from /home/airflow/.local/lib/python3.12/site-packages/airflow/example_dags/example_dag_decorator.py
[2024-05-20T08:43:48.317+0000] {processor.py:840} INFO - DAG(s) 'example_dag_decorator' retrieved from /home/airflow/.local/lib/python3.12/site-packages/airflow/example_dags/example_dag_decorator.py
[2024-05-20T08:43:48.466+0000] {logging_mixin.py:188} INFO - [2024-05-20T08:43:48.465+0000] {dag.py:3096} INFO - Sync 1 DAGs
[2024-05-20T08:43:48.480+0000] {logging_mixin.py:188} INFO - [2024-05-20T08:43:48.479+0000] {dag.py:3954} INFO - Setting next_dagrun for example_dag_decorator to None, run_after=None
[2024-05-20T08:43:48.506+0000] {processor.py:183} INFO - Processing /home/airflow/.local/lib/python3.12/site-packages/airflow/example_dags/example_dag_decorator.py took 0.319 seconds
[2024-05-20T08:44:18.635+0000] {processor.py:161} INFO - Started process (PID=1692) to work on /home/airflow/.local/lib/python3.12/site-packages/airflow/example_dags/example_dag_decorator.py
[2024-05-20T08:44:18.637+0000] {processor.py:830} INFO - Processing file /home/airflow/.local/lib/python3.12/site-packages/airflow/example_dags/example_dag_decorator.py for tasks to queue
[2024-05-20T08:44:18.638+0000] {logging_mixin.py:188} INFO - [2024-05-20T08:44:18.637+0000] {dagbag.py:545} INFO - Filling up the DagBag from /home/airflow/.local/lib/python3.12/site-packages/airflow/example_dags/example_dag_decorator.py
[2024-05-20T08:44:18.726+0000] {processor.py:840} INFO - DAG(s) 'example_dag_decorator' retrieved from /home/airflow/.local/lib/python3.12/site-packages/airflow/example_dags/example_dag_decorator.py
[2024-05-20T08:44:18.826+0000] {logging_mixin.py:188} INFO - [2024-05-20T08:44:18.826+0000] {dag.py:3096} INFO - Sync 1 DAGs
[2024-05-20T08:44:18.840+0000] {logging_mixin.py:188} INFO - [2024-05-20T08:44:18.840+0000] {dag.py:3954} INFO - Setting next_dagrun for example_dag_decorator to None, run_after=None
[2024-05-20T08:44:18.873+0000] {processor.py:183} INFO - Processing /home/airflow/.local/lib/python3.12/site-packages/airflow/example_dags/example_dag_decorator.py took 0.243 seconds
[2024-05-20T08:44:49.130+0000] {processor.py:161} INFO - Started process (PID=1753) to work on /home/airflow/.local/lib/python3.12/site-packages/airflow/example_dags/example_dag_decorator.py
[2024-05-20T08:44:49.131+0000] {processor.py:830} INFO - Processing file /home/airflow/.local/lib/python3.12/site-packages/airflow/example_dags/example_dag_decorator.py for tasks to queue
[2024-05-20T08:44:49.132+0000] {logging_mixin.py:188} INFO - [2024-05-20T08:44:49.132+0000] {dagbag.py:545} INFO - Filling up the DagBag from /home/airflow/.local/lib/python3.12/site-packages/airflow/example_dags/example_dag_decorator.py
[2024-05-20T08:44:49.251+0000] {processor.py:840} INFO - DAG(s) 'example_dag_decorator' retrieved from /home/airflow/.local/lib/python3.12/site-packages/airflow/example_dags/example_dag_decorator.py
[2024-05-20T08:44:49.353+0000] {logging_mixin.py:188} INFO - [2024-05-20T08:44:49.353+0000] {dag.py:3096} INFO - Sync 1 DAGs
[2024-05-20T08:44:49.364+0000] {logging_mixin.py:188} INFO - [2024-05-20T08:44:49.363+0000] {dag.py:3954} INFO - Setting next_dagrun for example_dag_decorator to None, run_after=None
[2024-05-20T08:44:49.385+0000] {processor.py:183} INFO - Processing /home/airflow/.local/lib/python3.12/site-packages/airflow/example_dags/example_dag_decorator.py took 0.262 seconds
[2024-05-20T08:45:20.338+0000] {processor.py:161} INFO - Started process (PID=1816) to work on /home/airflow/.local/lib/python3.12/site-packages/airflow/example_dags/example_dag_decorator.py
[2024-05-20T08:45:20.339+0000] {processor.py:830} INFO - Processing file /home/airflow/.local/lib/python3.12/site-packages/airflow/example_dags/example_dag_decorator.py for tasks to queue
[2024-05-20T08:45:20.340+0000] {logging_mixin.py:188} INFO - [2024-05-20T08:45:20.340+0000] {dagbag.py:545} INFO - Filling up the DagBag from /home/airflow/.local/lib/python3.12/site-packages/airflow/example_dags/example_dag_decorator.py
[2024-05-20T08:45:20.436+0000] {processor.py:840} INFO - DAG(s) 'example_dag_decorator' retrieved from /home/airflow/.local/lib/python3.12/site-packages/airflow/example_dags/example_dag_decorator.py
[2024-05-20T08:45:20.585+0000] {logging_mixin.py:188} INFO - [2024-05-20T08:45:20.585+0000] {dag.py:3096} INFO - Sync 1 DAGs
[2024-05-20T08:45:20.594+0000] {logging_mixin.py:188} INFO - [2024-05-20T08:45:20.594+0000] {dag.py:3954} INFO - Setting next_dagrun for example_dag_decorator to None, run_after=None
[2024-05-20T08:45:20.633+0000] {processor.py:183} INFO - Processing /home/airflow/.local/lib/python3.12/site-packages/airflow/example_dags/example_dag_decorator.py took 0.301 seconds
[2024-05-20T08:45:51.483+0000] {processor.py:161} INFO - Started process (PID=1884) to work on /home/airflow/.local/lib/python3.12/site-packages/airflow/example_dags/example_dag_decorator.py
[2024-05-20T08:45:51.484+0000] {processor.py:830} INFO - Processing file /home/airflow/.local/lib/python3.12/site-packages/airflow/example_dags/example_dag_decorator.py for tasks to queue
[2024-05-20T08:45:51.485+0000] {logging_mixin.py:188} INFO - [2024-05-20T08:45:51.485+0000] {dagbag.py:545} INFO - Filling up the DagBag from /home/airflow/.local/lib/python3.12/site-packages/airflow/example_dags/example_dag_decorator.py
[2024-05-20T08:45:51.621+0000] {processor.py:840} INFO - DAG(s) 'example_dag_decorator' retrieved from /home/airflow/.local/lib/python3.12/site-packages/airflow/example_dags/example_dag_decorator.py
[2024-05-20T08:45:51.844+0000] {logging_mixin.py:188} INFO - [2024-05-20T08:45:51.843+0000] {dag.py:3096} INFO - Sync 1 DAGs
[2024-05-20T08:45:51.870+0000] {logging_mixin.py:188} INFO - [2024-05-20T08:45:51.870+0000] {dag.py:3954} INFO - Setting next_dagrun for example_dag_decorator to None, run_after=None
[2024-05-20T08:45:51.901+0000] {processor.py:183} INFO - Processing /home/airflow/.local/lib/python3.12/site-packages/airflow/example_dags/example_dag_decorator.py took 0.425 seconds
[2024-05-20T08:46:22.741+0000] {processor.py:161} INFO - Started process (PID=1950) to work on /home/airflow/.local/lib/python3.12/site-packages/airflow/example_dags/example_dag_decorator.py
[2024-05-20T08:46:22.742+0000] {processor.py:830} INFO - Processing file /home/airflow/.local/lib/python3.12/site-packages/airflow/example_dags/example_dag_decorator.py for tasks to queue
[2024-05-20T08:46:22.743+0000] {logging_mixin.py:188} INFO - [2024-05-20T08:46:22.743+0000] {dagbag.py:545} INFO - Filling up the DagBag from /home/airflow/.local/lib/python3.12/site-packages/airflow/example_dags/example_dag_decorator.py
[2024-05-20T08:46:22.828+0000] {processor.py:840} INFO - DAG(s) 'example_dag_decorator' retrieved from /home/airflow/.local/lib/python3.12/site-packages/airflow/example_dags/example_dag_decorator.py
[2024-05-20T08:46:22.928+0000] {logging_mixin.py:188} INFO - [2024-05-20T08:46:22.928+0000] {dag.py:3096} INFO - Sync 1 DAGs
[2024-05-20T08:46:22.939+0000] {logging_mixin.py:188} INFO - [2024-05-20T08:46:22.939+0000] {dag.py:3954} INFO - Setting next_dagrun for example_dag_decorator to None, run_after=None
[2024-05-20T08:46:22.961+0000] {processor.py:183} INFO - Processing /home/airflow/.local/lib/python3.12/site-packages/airflow/example_dags/example_dag_decorator.py took 0.225 seconds
[2024-05-20T08:46:53.648+0000] {processor.py:161} INFO - Started process (PID=2012) to work on /home/airflow/.local/lib/python3.12/site-packages/airflow/example_dags/example_dag_decorator.py
[2024-05-20T08:46:53.649+0000] {processor.py:830} INFO - Processing file /home/airflow/.local/lib/python3.12/site-packages/airflow/example_dags/example_dag_decorator.py for tasks to queue
[2024-05-20T08:46:53.650+0000] {logging_mixin.py:188} INFO - [2024-05-20T08:46:53.649+0000] {dagbag.py:545} INFO - Filling up the DagBag from /home/airflow/.local/lib/python3.12/site-packages/airflow/example_dags/example_dag_decorator.py
[2024-05-20T08:46:53.735+0000] {processor.py:840} INFO - DAG(s) 'example_dag_decorator' retrieved from /home/airflow/.local/lib/python3.12/site-packages/airflow/example_dags/example_dag_decorator.py
[2024-05-20T08:46:53.822+0000] {logging_mixin.py:188} INFO - [2024-05-20T08:46:53.822+0000] {dag.py:3096} INFO - Sync 1 DAGs
[2024-05-20T08:46:53.832+0000] {logging_mixin.py:188} INFO - [2024-05-20T08:46:53.832+0000] {dag.py:3954} INFO - Setting next_dagrun for example_dag_decorator to None, run_after=None
[2024-05-20T08:46:53.857+0000] {processor.py:183} INFO - Processing /home/airflow/.local/lib/python3.12/site-packages/airflow/example_dags/example_dag_decorator.py took 0.215 seconds
[2024-05-20T08:47:24.226+0000] {processor.py:161} INFO - Started process (PID=2073) to work on /home/airflow/.local/lib/python3.12/site-packages/airflow/example_dags/example_dag_decorator.py
[2024-05-20T08:47:24.228+0000] {processor.py:830} INFO - Processing file /home/airflow/.local/lib/python3.12/site-packages/airflow/example_dags/example_dag_decorator.py for tasks to queue
[2024-05-20T08:47:24.229+0000] {logging_mixin.py:188} INFO - [2024-05-20T08:47:24.229+0000] {dagbag.py:545} INFO - Filling up the DagBag from /home/airflow/.local/lib/python3.12/site-packages/airflow/example_dags/example_dag_decorator.py
[2024-05-20T08:47:24.328+0000] {processor.py:840} INFO - DAG(s) 'example_dag_decorator' retrieved from /home/airflow/.local/lib/python3.12/site-packages/airflow/example_dags/example_dag_decorator.py
[2024-05-20T08:47:24.433+0000] {logging_mixin.py:188} INFO - [2024-05-20T08:47:24.433+0000] {dag.py:3096} INFO - Sync 1 DAGs
[2024-05-20T08:47:24.444+0000] {logging_mixin.py:188} INFO - [2024-05-20T08:47:24.444+0000] {dag.py:3954} INFO - Setting next_dagrun for example_dag_decorator to None, run_after=None
[2024-05-20T08:47:24.480+0000] {processor.py:183} INFO - Processing /home/airflow/.local/lib/python3.12/site-packages/airflow/example_dags/example_dag_decorator.py took 0.260 seconds
[2024-05-20T08:47:54.566+0000] {processor.py:161} INFO - Started process (PID=2134) to work on /home/airflow/.local/lib/python3.12/site-packages/airflow/example_dags/example_dag_decorator.py
[2024-05-20T08:47:54.568+0000] {processor.py:830} INFO - Processing file /home/airflow/.local/lib/python3.12/site-packages/airflow/example_dags/example_dag_decorator.py for tasks to queue
[2024-05-20T08:47:54.569+0000] {logging_mixin.py:188} INFO - [2024-05-20T08:47:54.569+0000] {dagbag.py:545} INFO - Filling up the DagBag from /home/airflow/.local/lib/python3.12/site-packages/airflow/example_dags/example_dag_decorator.py
[2024-05-20T08:47:54.702+0000] {processor.py:840} INFO - DAG(s) 'example_dag_decorator' retrieved from /home/airflow/.local/lib/python3.12/site-packages/airflow/example_dags/example_dag_decorator.py
[2024-05-20T08:47:54.837+0000] {logging_mixin.py:188} INFO - [2024-05-20T08:47:54.836+0000] {dag.py:3096} INFO - Sync 1 DAGs
[2024-05-20T08:47:54.851+0000] {logging_mixin.py:188} INFO - [2024-05-20T08:47:54.851+0000] {dag.py:3954} INFO - Setting next_dagrun for example_dag_decorator to None, run_after=None
[2024-05-20T08:47:54.903+0000] {processor.py:183} INFO - Processing /home/airflow/.local/lib/python3.12/site-packages/airflow/example_dags/example_dag_decorator.py took 0.345 seconds
[2024-05-20T08:48:25.052+0000] {processor.py:161} INFO - Started process (PID=2195) to work on /home/airflow/.local/lib/python3.12/site-packages/airflow/example_dags/example_dag_decorator.py
[2024-05-20T08:48:25.054+0000] {processor.py:830} INFO - Processing file /home/airflow/.local/lib/python3.12/site-packages/airflow/example_dags/example_dag_decorator.py for tasks to queue
[2024-05-20T08:48:25.057+0000] {logging_mixin.py:188} INFO - [2024-05-20T08:48:25.056+0000] {dagbag.py:545} INFO - Filling up the DagBag from /home/airflow/.local/lib/python3.12/site-packages/airflow/example_dags/example_dag_decorator.py
[2024-05-20T08:48:25.194+0000] {processor.py:840} INFO - DAG(s) 'example_dag_decorator' retrieved from /home/airflow/.local/lib/python3.12/site-packages/airflow/example_dags/example_dag_decorator.py
[2024-05-20T08:48:25.329+0000] {logging_mixin.py:188} INFO - [2024-05-20T08:48:25.329+0000] {dag.py:3096} INFO - Sync 1 DAGs
[2024-05-20T08:48:25.343+0000] {logging_mixin.py:188} INFO - [2024-05-20T08:48:25.343+0000] {dag.py:3954} INFO - Setting next_dagrun for example_dag_decorator to None, run_after=None
[2024-05-20T08:48:25.378+0000] {processor.py:183} INFO - Processing /home/airflow/.local/lib/python3.12/site-packages/airflow/example_dags/example_dag_decorator.py took 0.335 seconds
[2024-05-20T08:48:55.521+0000] {processor.py:161} INFO - Started process (PID=2256) to work on /home/airflow/.local/lib/python3.12/site-packages/airflow/example_dags/example_dag_decorator.py
[2024-05-20T08:48:55.522+0000] {processor.py:830} INFO - Processing file /home/airflow/.local/lib/python3.12/site-packages/airflow/example_dags/example_dag_decorator.py for tasks to queue
[2024-05-20T08:48:55.524+0000] {logging_mixin.py:188} INFO - [2024-05-20T08:48:55.523+0000] {dagbag.py:545} INFO - Filling up the DagBag from /home/airflow/.local/lib/python3.12/site-packages/airflow/example_dags/example_dag_decorator.py
[2024-05-20T08:48:55.639+0000] {processor.py:840} INFO - DAG(s) 'example_dag_decorator' retrieved from /home/airflow/.local/lib/python3.12/site-packages/airflow/example_dags/example_dag_decorator.py
[2024-05-20T08:48:55.779+0000] {logging_mixin.py:188} INFO - [2024-05-20T08:48:55.778+0000] {dag.py:3096} INFO - Sync 1 DAGs
[2024-05-20T08:48:55.792+0000] {logging_mixin.py:188} INFO - [2024-05-20T08:48:55.792+0000] {dag.py:3954} INFO - Setting next_dagrun for example_dag_decorator to None, run_after=None
[2024-05-20T08:48:55.819+0000] {processor.py:183} INFO - Processing /home/airflow/.local/lib/python3.12/site-packages/airflow/example_dags/example_dag_decorator.py took 0.307 seconds
[2024-05-20T08:49:25.860+0000] {processor.py:161} INFO - Started process (PID=2317) to work on /home/airflow/.local/lib/python3.12/site-packages/airflow/example_dags/example_dag_decorator.py
[2024-05-20T08:49:25.861+0000] {processor.py:830} INFO - Processing file /home/airflow/.local/lib/python3.12/site-packages/airflow/example_dags/example_dag_decorator.py for tasks to queue
[2024-05-20T08:49:25.862+0000] {logging_mixin.py:188} INFO - [2024-05-20T08:49:25.862+0000] {dagbag.py:545} INFO - Filling up the DagBag from /home/airflow/.local/lib/python3.12/site-packages/airflow/example_dags/example_dag_decorator.py
[2024-05-20T08:49:25.944+0000] {processor.py:840} INFO - DAG(s) 'example_dag_decorator' retrieved from /home/airflow/.local/lib/python3.12/site-packages/airflow/example_dags/example_dag_decorator.py
[2024-05-20T08:49:26.039+0000] {logging_mixin.py:188} INFO - [2024-05-20T08:49:26.039+0000] {dag.py:3096} INFO - Sync 1 DAGs
[2024-05-20T08:49:26.050+0000] {logging_mixin.py:188} INFO - [2024-05-20T08:49:26.049+0000] {dag.py:3954} INFO - Setting next_dagrun for example_dag_decorator to None, run_after=None
[2024-05-20T08:49:26.072+0000] {processor.py:183} INFO - Processing /home/airflow/.local/lib/python3.12/site-packages/airflow/example_dags/example_dag_decorator.py took 0.218 seconds
[2024-05-20T08:49:56.201+0000] {processor.py:161} INFO - Started process (PID=2378) to work on /home/airflow/.local/lib/python3.12/site-packages/airflow/example_dags/example_dag_decorator.py
[2024-05-20T08:49:56.203+0000] {processor.py:830} INFO - Processing file /home/airflow/.local/lib/python3.12/site-packages/airflow/example_dags/example_dag_decorator.py for tasks to queue
[2024-05-20T08:49:56.204+0000] {logging_mixin.py:188} INFO - [2024-05-20T08:49:56.204+0000] {dagbag.py:545} INFO - Filling up the DagBag from /home/airflow/.local/lib/python3.12/site-packages/airflow/example_dags/example_dag_decorator.py
[2024-05-20T08:49:56.315+0000] {processor.py:840} INFO - DAG(s) 'example_dag_decorator' retrieved from /home/airflow/.local/lib/python3.12/site-packages/airflow/example_dags/example_dag_decorator.py
[2024-05-20T08:49:56.459+0000] {logging_mixin.py:188} INFO - [2024-05-20T08:49:56.459+0000] {dag.py:3096} INFO - Sync 1 DAGs
[2024-05-20T08:49:56.478+0000] {logging_mixin.py:188} INFO - [2024-05-20T08:49:56.478+0000] {dag.py:3954} INFO - Setting next_dagrun for example_dag_decorator to None, run_after=None
[2024-05-20T08:49:56.511+0000] {processor.py:183} INFO - Processing /home/airflow/.local/lib/python3.12/site-packages/airflow/example_dags/example_dag_decorator.py took 0.319 seconds
[2024-05-20T08:50:26.856+0000] {processor.py:161} INFO - Started process (PID=2438) to work on /home/airflow/.local/lib/python3.12/site-packages/airflow/example_dags/example_dag_decorator.py
[2024-05-20T08:50:26.858+0000] {processor.py:830} INFO - Processing file /home/airflow/.local/lib/python3.12/site-packages/airflow/example_dags/example_dag_decorator.py for tasks to queue
[2024-05-20T08:50:26.860+0000] {logging_mixin.py:188} INFO - [2024-05-20T08:50:26.859+0000] {dagbag.py:545} INFO - Filling up the DagBag from /home/airflow/.local/lib/python3.12/site-packages/airflow/example_dags/example_dag_decorator.py
[2024-05-20T08:50:27.037+0000] {processor.py:840} INFO - DAG(s) 'example_dag_decorator' retrieved from /home/airflow/.local/lib/python3.12/site-packages/airflow/example_dags/example_dag_decorator.py
[2024-05-20T08:50:27.292+0000] {logging_mixin.py:188} INFO - [2024-05-20T08:50:27.291+0000] {dag.py:3096} INFO - Sync 1 DAGs
[2024-05-20T08:50:27.316+0000] {logging_mixin.py:188} INFO - [2024-05-20T08:50:27.316+0000] {dag.py:3954} INFO - Setting next_dagrun for example_dag_decorator to None, run_after=None
[2024-05-20T08:50:27.362+0000] {processor.py:183} INFO - Processing /home/airflow/.local/lib/python3.12/site-packages/airflow/example_dags/example_dag_decorator.py took 0.517 seconds
[2024-05-20T08:50:58.288+0000] {processor.py:161} INFO - Started process (PID=2500) to work on /home/airflow/.local/lib/python3.12/site-packages/airflow/example_dags/example_dag_decorator.py
[2024-05-20T08:50:58.289+0000] {processor.py:830} INFO - Processing file /home/airflow/.local/lib/python3.12/site-packages/airflow/example_dags/example_dag_decorator.py for tasks to queue
[2024-05-20T08:50:58.290+0000] {logging_mixin.py:188} INFO - [2024-05-20T08:50:58.290+0000] {dagbag.py:545} INFO - Filling up the DagBag from /home/airflow/.local/lib/python3.12/site-packages/airflow/example_dags/example_dag_decorator.py
[2024-05-20T08:50:58.379+0000] {processor.py:840} INFO - DAG(s) 'example_dag_decorator' retrieved from /home/airflow/.local/lib/python3.12/site-packages/airflow/example_dags/example_dag_decorator.py
[2024-05-20T08:50:58.478+0000] {logging_mixin.py:188} INFO - [2024-05-20T08:50:58.477+0000] {dag.py:3096} INFO - Sync 1 DAGs
[2024-05-20T08:50:58.488+0000] {logging_mixin.py:188} INFO - [2024-05-20T08:50:58.488+0000] {dag.py:3954} INFO - Setting next_dagrun for example_dag_decorator to None, run_after=None
[2024-05-20T08:50:58.518+0000] {processor.py:183} INFO - Processing /home/airflow/.local/lib/python3.12/site-packages/airflow/example_dags/example_dag_decorator.py took 0.236 seconds
[2024-05-20T08:51:29.441+0000] {processor.py:161} INFO - Started process (PID=2562) to work on /home/airflow/.local/lib/python3.12/site-packages/airflow/example_dags/example_dag_decorator.py
[2024-05-20T08:51:29.442+0000] {processor.py:830} INFO - Processing file /home/airflow/.local/lib/python3.12/site-packages/airflow/example_dags/example_dag_decorator.py for tasks to queue
[2024-05-20T08:51:29.445+0000] {logging_mixin.py:188} INFO - [2024-05-20T08:51:29.443+0000] {dagbag.py:545} INFO - Filling up the DagBag from /home/airflow/.local/lib/python3.12/site-packages/airflow/example_dags/example_dag_decorator.py
[2024-05-20T08:51:29.573+0000] {processor.py:840} INFO - DAG(s) 'example_dag_decorator' retrieved from /home/airflow/.local/lib/python3.12/site-packages/airflow/example_dags/example_dag_decorator.py
[2024-05-20T08:51:29.706+0000] {logging_mixin.py:188} INFO - [2024-05-20T08:51:29.706+0000] {dag.py:3096} INFO - Sync 1 DAGs
[2024-05-20T08:51:29.720+0000] {logging_mixin.py:188} INFO - [2024-05-20T08:51:29.720+0000] {dag.py:3954} INFO - Setting next_dagrun for example_dag_decorator to None, run_after=None
[2024-05-20T08:51:29.756+0000] {processor.py:183} INFO - Processing /home/airflow/.local/lib/python3.12/site-packages/airflow/example_dags/example_dag_decorator.py took 0.322 seconds
[2024-05-20T08:52:00.752+0000] {processor.py:161} INFO - Started process (PID=2625) to work on /home/airflow/.local/lib/python3.12/site-packages/airflow/example_dags/example_dag_decorator.py
[2024-05-20T08:52:00.754+0000] {processor.py:830} INFO - Processing file /home/airflow/.local/lib/python3.12/site-packages/airflow/example_dags/example_dag_decorator.py for tasks to queue
[2024-05-20T08:52:00.755+0000] {logging_mixin.py:188} INFO - [2024-05-20T08:52:00.754+0000] {dagbag.py:545} INFO - Filling up the DagBag from /home/airflow/.local/lib/python3.12/site-packages/airflow/example_dags/example_dag_decorator.py
[2024-05-20T08:52:00.854+0000] {processor.py:840} INFO - DAG(s) 'example_dag_decorator' retrieved from /home/airflow/.local/lib/python3.12/site-packages/airflow/example_dags/example_dag_decorator.py
[2024-05-20T08:52:00.960+0000] {logging_mixin.py:188} INFO - [2024-05-20T08:52:00.960+0000] {dag.py:3096} INFO - Sync 1 DAGs
[2024-05-20T08:52:00.971+0000] {logging_mixin.py:188} INFO - [2024-05-20T08:52:00.971+0000] {dag.py:3954} INFO - Setting next_dagrun for example_dag_decorator to None, run_after=None
[2024-05-20T08:52:00.997+0000] {processor.py:183} INFO - Processing /home/airflow/.local/lib/python3.12/site-packages/airflow/example_dags/example_dag_decorator.py took 0.252 seconds
[2024-05-20T08:52:31.076+0000] {processor.py:161} INFO - Started process (PID=2687) to work on /home/airflow/.local/lib/python3.12/site-packages/airflow/example_dags/example_dag_decorator.py
[2024-05-20T08:52:31.077+0000] {processor.py:830} INFO - Processing file /home/airflow/.local/lib/python3.12/site-packages/airflow/example_dags/example_dag_decorator.py for tasks to queue
[2024-05-20T08:52:31.078+0000] {logging_mixin.py:188} INFO - [2024-05-20T08:52:31.077+0000] {dagbag.py:545} INFO - Filling up the DagBag from /home/airflow/.local/lib/python3.12/site-packages/airflow/example_dags/example_dag_decorator.py
[2024-05-20T08:52:31.170+0000] {processor.py:840} INFO - DAG(s) 'example_dag_decorator' retrieved from /home/airflow/.local/lib/python3.12/site-packages/airflow/example_dags/example_dag_decorator.py
[2024-05-20T08:52:31.268+0000] {logging_mixin.py:188} INFO - [2024-05-20T08:52:31.267+0000] {dag.py:3096} INFO - Sync 1 DAGs
[2024-05-20T08:52:31.279+0000] {logging_mixin.py:188} INFO - [2024-05-20T08:52:31.278+0000] {dag.py:3954} INFO - Setting next_dagrun for example_dag_decorator to None, run_after=None
[2024-05-20T08:52:31.304+0000] {processor.py:183} INFO - Processing /home/airflow/.local/lib/python3.12/site-packages/airflow/example_dags/example_dag_decorator.py took 0.235 seconds
[2024-05-20T08:53:02.191+0000] {processor.py:161} INFO - Started process (PID=2749) to work on /home/airflow/.local/lib/python3.12/site-packages/airflow/example_dags/example_dag_decorator.py
[2024-05-20T08:53:02.192+0000] {processor.py:830} INFO - Processing file /home/airflow/.local/lib/python3.12/site-packages/airflow/example_dags/example_dag_decorator.py for tasks to queue
[2024-05-20T08:53:02.193+0000] {logging_mixin.py:188} INFO - [2024-05-20T08:53:02.193+0000] {dagbag.py:545} INFO - Filling up the DagBag from /home/airflow/.local/lib/python3.12/site-packages/airflow/example_dags/example_dag_decorator.py
[2024-05-20T08:53:02.320+0000] {processor.py:840} INFO - DAG(s) 'example_dag_decorator' retrieved from /home/airflow/.local/lib/python3.12/site-packages/airflow/example_dags/example_dag_decorator.py
[2024-05-20T08:53:02.346+0000] {logging_mixin.py:188} INFO - [2024-05-20T08:53:02.345+0000] {dag.py:3096} INFO - Sync 1 DAGs
[2024-05-20T08:53:02.358+0000] {logging_mixin.py:188} INFO - [2024-05-20T08:53:02.358+0000] {dag.py:3954} INFO - Setting next_dagrun for example_dag_decorator to None, run_after=None
[2024-05-20T08:53:02.381+0000] {processor.py:183} INFO - Processing /home/airflow/.local/lib/python3.12/site-packages/airflow/example_dags/example_dag_decorator.py took 0.198 seconds
[2024-05-20T08:53:32.502+0000] {processor.py:161} INFO - Started process (PID=2815) to work on /home/airflow/.local/lib/python3.12/site-packages/airflow/example_dags/example_dag_decorator.py
[2024-05-20T08:53:32.505+0000] {processor.py:830} INFO - Processing file /home/airflow/.local/lib/python3.12/site-packages/airflow/example_dags/example_dag_decorator.py for tasks to queue
[2024-05-20T08:53:32.506+0000] {logging_mixin.py:188} INFO - [2024-05-20T08:53:32.506+0000] {dagbag.py:545} INFO - Filling up the DagBag from /home/airflow/.local/lib/python3.12/site-packages/airflow/example_dags/example_dag_decorator.py
[2024-05-20T08:53:32.627+0000] {processor.py:840} INFO - DAG(s) 'example_dag_decorator' retrieved from /home/airflow/.local/lib/python3.12/site-packages/airflow/example_dags/example_dag_decorator.py
[2024-05-20T08:53:32.841+0000] {logging_mixin.py:188} INFO - [2024-05-20T08:53:32.841+0000] {dag.py:3096} INFO - Sync 1 DAGs
[2024-05-20T08:53:32.856+0000] {logging_mixin.py:188} INFO - [2024-05-20T08:53:32.856+0000] {dag.py:3954} INFO - Setting next_dagrun for example_dag_decorator to None, run_after=None
[2024-05-20T08:53:32.885+0000] {processor.py:183} INFO - Processing /home/airflow/.local/lib/python3.12/site-packages/airflow/example_dags/example_dag_decorator.py took 0.389 seconds
[2024-05-20T08:54:03.729+0000] {processor.py:161} INFO - Started process (PID=2877) to work on /home/airflow/.local/lib/python3.12/site-packages/airflow/example_dags/example_dag_decorator.py
[2024-05-20T08:54:03.730+0000] {processor.py:830} INFO - Processing file /home/airflow/.local/lib/python3.12/site-packages/airflow/example_dags/example_dag_decorator.py for tasks to queue
[2024-05-20T08:54:03.731+0000] {logging_mixin.py:188} INFO - [2024-05-20T08:54:03.731+0000] {dagbag.py:545} INFO - Filling up the DagBag from /home/airflow/.local/lib/python3.12/site-packages/airflow/example_dags/example_dag_decorator.py
[2024-05-20T08:54:03.832+0000] {processor.py:840} INFO - DAG(s) 'example_dag_decorator' retrieved from /home/airflow/.local/lib/python3.12/site-packages/airflow/example_dags/example_dag_decorator.py
[2024-05-20T08:54:03.861+0000] {logging_mixin.py:188} INFO - [2024-05-20T08:54:03.861+0000] {dag.py:3096} INFO - Sync 1 DAGs
[2024-05-20T08:54:03.874+0000] {logging_mixin.py:188} INFO - [2024-05-20T08:54:03.874+0000] {dag.py:3954} INFO - Setting next_dagrun for example_dag_decorator to None, run_after=None
[2024-05-20T08:54:03.894+0000] {processor.py:183} INFO - Processing /home/airflow/.local/lib/python3.12/site-packages/airflow/example_dags/example_dag_decorator.py took 0.170 seconds
[2024-05-20T08:54:34.375+0000] {processor.py:161} INFO - Started process (PID=2939) to work on /home/airflow/.local/lib/python3.12/site-packages/airflow/example_dags/example_dag_decorator.py
[2024-05-20T08:54:34.377+0000] {processor.py:830} INFO - Processing file /home/airflow/.local/lib/python3.12/site-packages/airflow/example_dags/example_dag_decorator.py for tasks to queue
[2024-05-20T08:54:34.378+0000] {logging_mixin.py:188} INFO - [2024-05-20T08:54:34.377+0000] {dagbag.py:545} INFO - Filling up the DagBag from /home/airflow/.local/lib/python3.12/site-packages/airflow/example_dags/example_dag_decorator.py
[2024-05-20T08:54:34.482+0000] {processor.py:840} INFO - DAG(s) 'example_dag_decorator' retrieved from /home/airflow/.local/lib/python3.12/site-packages/airflow/example_dags/example_dag_decorator.py
[2024-05-20T08:54:34.591+0000] {logging_mixin.py:188} INFO - [2024-05-20T08:54:34.590+0000] {dag.py:3096} INFO - Sync 1 DAGs
[2024-05-20T08:54:34.601+0000] {logging_mixin.py:188} INFO - [2024-05-20T08:54:34.601+0000] {dag.py:3954} INFO - Setting next_dagrun for example_dag_decorator to None, run_after=None
[2024-05-20T08:54:34.621+0000] {processor.py:183} INFO - Processing /home/airflow/.local/lib/python3.12/site-packages/airflow/example_dags/example_dag_decorator.py took 0.252 seconds
[2024-05-20T08:55:05.577+0000] {processor.py:161} INFO - Started process (PID=3005) to work on /home/airflow/.local/lib/python3.12/site-packages/airflow/example_dags/example_dag_decorator.py
[2024-05-20T08:55:05.578+0000] {processor.py:830} INFO - Processing file /home/airflow/.local/lib/python3.12/site-packages/airflow/example_dags/example_dag_decorator.py for tasks to queue
[2024-05-20T08:55:05.580+0000] {logging_mixin.py:188} INFO - [2024-05-20T08:55:05.579+0000] {dagbag.py:545} INFO - Filling up the DagBag from /home/airflow/.local/lib/python3.12/site-packages/airflow/example_dags/example_dag_decorator.py
[2024-05-20T08:55:05.694+0000] {processor.py:840} INFO - DAG(s) 'example_dag_decorator' retrieved from /home/airflow/.local/lib/python3.12/site-packages/airflow/example_dags/example_dag_decorator.py
[2024-05-20T08:55:05.808+0000] {logging_mixin.py:188} INFO - [2024-05-20T08:55:05.807+0000] {dag.py:3096} INFO - Sync 1 DAGs
[2024-05-20T08:55:05.819+0000] {logging_mixin.py:188} INFO - [2024-05-20T08:55:05.819+0000] {dag.py:3954} INFO - Setting next_dagrun for example_dag_decorator to None, run_after=None
[2024-05-20T08:55:05.850+0000] {processor.py:183} INFO - Processing /home/airflow/.local/lib/python3.12/site-packages/airflow/example_dags/example_dag_decorator.py took 0.280 seconds
[2024-05-20T08:55:36.389+0000] {processor.py:161} INFO - Started process (PID=3067) to work on /home/airflow/.local/lib/python3.12/site-packages/airflow/example_dags/example_dag_decorator.py
[2024-05-20T08:55:36.391+0000] {processor.py:830} INFO - Processing file /home/airflow/.local/lib/python3.12/site-packages/airflow/example_dags/example_dag_decorator.py for tasks to queue
[2024-05-20T08:55:36.392+0000] {logging_mixin.py:188} INFO - [2024-05-20T08:55:36.392+0000] {dagbag.py:545} INFO - Filling up the DagBag from /home/airflow/.local/lib/python3.12/site-packages/airflow/example_dags/example_dag_decorator.py
[2024-05-20T08:55:36.519+0000] {processor.py:840} INFO - DAG(s) 'example_dag_decorator' retrieved from /home/airflow/.local/lib/python3.12/site-packages/airflow/example_dags/example_dag_decorator.py
[2024-05-20T08:55:36.642+0000] {logging_mixin.py:188} INFO - [2024-05-20T08:55:36.642+0000] {dag.py:3096} INFO - Sync 1 DAGs
[2024-05-20T08:55:36.653+0000] {logging_mixin.py:188} INFO - [2024-05-20T08:55:36.653+0000] {dag.py:3954} INFO - Setting next_dagrun for example_dag_decorator to None, run_after=None
[2024-05-20T08:55:36.685+0000] {processor.py:183} INFO - Processing /home/airflow/.local/lib/python3.12/site-packages/airflow/example_dags/example_dag_decorator.py took 0.303 seconds
[2024-05-20T08:56:07.318+0000] {processor.py:161} INFO - Started process (PID=3129) to work on /home/airflow/.local/lib/python3.12/site-packages/airflow/example_dags/example_dag_decorator.py
[2024-05-20T08:56:07.320+0000] {processor.py:830} INFO - Processing file /home/airflow/.local/lib/python3.12/site-packages/airflow/example_dags/example_dag_decorator.py for tasks to queue
[2024-05-20T08:56:07.321+0000] {logging_mixin.py:188} INFO - [2024-05-20T08:56:07.320+0000] {dagbag.py:545} INFO - Filling up the DagBag from /home/airflow/.local/lib/python3.12/site-packages/airflow/example_dags/example_dag_decorator.py
[2024-05-20T08:56:07.410+0000] {processor.py:840} INFO - DAG(s) 'example_dag_decorator' retrieved from /home/airflow/.local/lib/python3.12/site-packages/airflow/example_dags/example_dag_decorator.py
[2024-05-20T08:56:07.518+0000] {logging_mixin.py:188} INFO - [2024-05-20T08:56:07.517+0000] {dag.py:3096} INFO - Sync 1 DAGs
[2024-05-20T08:56:07.529+0000] {logging_mixin.py:188} INFO - [2024-05-20T08:56:07.529+0000] {dag.py:3954} INFO - Setting next_dagrun for example_dag_decorator to None, run_after=None
[2024-05-20T08:56:07.552+0000] {processor.py:183} INFO - Processing /home/airflow/.local/lib/python3.12/site-packages/airflow/example_dags/example_dag_decorator.py took 0.239 seconds
[2024-05-20T08:56:38.099+0000] {processor.py:161} INFO - Started process (PID=3191) to work on /home/airflow/.local/lib/python3.12/site-packages/airflow/example_dags/example_dag_decorator.py
[2024-05-20T08:56:38.100+0000] {processor.py:830} INFO - Processing file /home/airflow/.local/lib/python3.12/site-packages/airflow/example_dags/example_dag_decorator.py for tasks to queue
[2024-05-20T08:56:38.101+0000] {logging_mixin.py:188} INFO - [2024-05-20T08:56:38.101+0000] {dagbag.py:545} INFO - Filling up the DagBag from /home/airflow/.local/lib/python3.12/site-packages/airflow/example_dags/example_dag_decorator.py
[2024-05-20T08:56:38.233+0000] {processor.py:840} INFO - DAG(s) 'example_dag_decorator' retrieved from /home/airflow/.local/lib/python3.12/site-packages/airflow/example_dags/example_dag_decorator.py
[2024-05-20T08:56:38.363+0000] {logging_mixin.py:188} INFO - [2024-05-20T08:56:38.362+0000] {dag.py:3096} INFO - Sync 1 DAGs
[2024-05-20T08:56:38.376+0000] {logging_mixin.py:188} INFO - [2024-05-20T08:56:38.375+0000] {dag.py:3954} INFO - Setting next_dagrun for example_dag_decorator to None, run_after=None
[2024-05-20T08:56:38.408+0000] {processor.py:183} INFO - Processing /home/airflow/.local/lib/python3.12/site-packages/airflow/example_dags/example_dag_decorator.py took 0.316 seconds
[2024-05-20T08:57:08.700+0000] {processor.py:161} INFO - Started process (PID=3253) to work on /home/airflow/.local/lib/python3.12/site-packages/airflow/example_dags/example_dag_decorator.py
[2024-05-20T08:57:08.701+0000] {processor.py:830} INFO - Processing file /home/airflow/.local/lib/python3.12/site-packages/airflow/example_dags/example_dag_decorator.py for tasks to queue
[2024-05-20T08:57:08.702+0000] {logging_mixin.py:188} INFO - [2024-05-20T08:57:08.702+0000] {dagbag.py:545} INFO - Filling up the DagBag from /home/airflow/.local/lib/python3.12/site-packages/airflow/example_dags/example_dag_decorator.py
[2024-05-20T08:57:08.802+0000] {processor.py:840} INFO - DAG(s) 'example_dag_decorator' retrieved from /home/airflow/.local/lib/python3.12/site-packages/airflow/example_dags/example_dag_decorator.py
[2024-05-20T08:57:08.909+0000] {logging_mixin.py:188} INFO - [2024-05-20T08:57:08.909+0000] {dag.py:3096} INFO - Sync 1 DAGs
[2024-05-20T08:57:08.920+0000] {logging_mixin.py:188} INFO - [2024-05-20T08:57:08.920+0000] {dag.py:3954} INFO - Setting next_dagrun for example_dag_decorator to None, run_after=None
[2024-05-20T08:57:08.945+0000] {processor.py:183} INFO - Processing /home/airflow/.local/lib/python3.12/site-packages/airflow/example_dags/example_dag_decorator.py took 0.251 seconds
[2024-05-20T08:57:39.478+0000] {processor.py:161} INFO - Started process (PID=3315) to work on /home/airflow/.local/lib/python3.12/site-packages/airflow/example_dags/example_dag_decorator.py
[2024-05-20T08:57:39.480+0000] {processor.py:830} INFO - Processing file /home/airflow/.local/lib/python3.12/site-packages/airflow/example_dags/example_dag_decorator.py for tasks to queue
[2024-05-20T08:57:39.481+0000] {logging_mixin.py:188} INFO - [2024-05-20T08:57:39.481+0000] {dagbag.py:545} INFO - Filling up the DagBag from /home/airflow/.local/lib/python3.12/site-packages/airflow/example_dags/example_dag_decorator.py
[2024-05-20T08:57:39.602+0000] {processor.py:840} INFO - DAG(s) 'example_dag_decorator' retrieved from /home/airflow/.local/lib/python3.12/site-packages/airflow/example_dags/example_dag_decorator.py
[2024-05-20T08:57:39.726+0000] {logging_mixin.py:188} INFO - [2024-05-20T08:57:39.726+0000] {dag.py:3096} INFO - Sync 1 DAGs
[2024-05-20T08:57:39.736+0000] {logging_mixin.py:188} INFO - [2024-05-20T08:57:39.736+0000] {dag.py:3954} INFO - Setting next_dagrun for example_dag_decorator to None, run_after=None
[2024-05-20T08:57:39.769+0000] {processor.py:183} INFO - Processing /home/airflow/.local/lib/python3.12/site-packages/airflow/example_dags/example_dag_decorator.py took 0.298 seconds
[2024-05-20T08:58:10.373+0000] {processor.py:161} INFO - Started process (PID=3376) to work on /home/airflow/.local/lib/python3.12/site-packages/airflow/example_dags/example_dag_decorator.py
[2024-05-20T08:58:10.375+0000] {processor.py:830} INFO - Processing file /home/airflow/.local/lib/python3.12/site-packages/airflow/example_dags/example_dag_decorator.py for tasks to queue
[2024-05-20T08:58:10.376+0000] {logging_mixin.py:188} INFO - [2024-05-20T08:58:10.375+0000] {dagbag.py:545} INFO - Filling up the DagBag from /home/airflow/.local/lib/python3.12/site-packages/airflow/example_dags/example_dag_decorator.py
[2024-05-20T08:58:10.502+0000] {processor.py:840} INFO - DAG(s) 'example_dag_decorator' retrieved from /home/airflow/.local/lib/python3.12/site-packages/airflow/example_dags/example_dag_decorator.py
[2024-05-20T08:58:10.673+0000] {logging_mixin.py:188} INFO - [2024-05-20T08:58:10.672+0000] {dag.py:3096} INFO - Sync 1 DAGs
[2024-05-20T08:58:10.696+0000] {logging_mixin.py:188} INFO - [2024-05-20T08:58:10.695+0000] {dag.py:3954} INFO - Setting next_dagrun for example_dag_decorator to None, run_after=None
[2024-05-20T08:58:10.734+0000] {processor.py:183} INFO - Processing /home/airflow/.local/lib/python3.12/site-packages/airflow/example_dags/example_dag_decorator.py took 0.368 seconds
[2024-05-20T08:58:41.326+0000] {processor.py:161} INFO - Started process (PID=3437) to work on /home/airflow/.local/lib/python3.12/site-packages/airflow/example_dags/example_dag_decorator.py
[2024-05-20T08:58:41.327+0000] {processor.py:830} INFO - Processing file /home/airflow/.local/lib/python3.12/site-packages/airflow/example_dags/example_dag_decorator.py for tasks to queue
[2024-05-20T08:58:41.329+0000] {logging_mixin.py:188} INFO - [2024-05-20T08:58:41.329+0000] {dagbag.py:545} INFO - Filling up the DagBag from /home/airflow/.local/lib/python3.12/site-packages/airflow/example_dags/example_dag_decorator.py
[2024-05-20T08:58:41.519+0000] {processor.py:840} INFO - DAG(s) 'example_dag_decorator' retrieved from /home/airflow/.local/lib/python3.12/site-packages/airflow/example_dags/example_dag_decorator.py
[2024-05-20T08:58:41.745+0000] {logging_mixin.py:188} INFO - [2024-05-20T08:58:41.744+0000] {dag.py:3096} INFO - Sync 1 DAGs
[2024-05-20T08:58:41.767+0000] {logging_mixin.py:188} INFO - [2024-05-20T08:58:41.767+0000] {dag.py:3954} INFO - Setting next_dagrun for example_dag_decorator to None, run_after=None
[2024-05-20T08:58:41.810+0000] {processor.py:183} INFO - Processing /home/airflow/.local/lib/python3.12/site-packages/airflow/example_dags/example_dag_decorator.py took 0.499 seconds
[2024-05-20T08:59:12.099+0000] {processor.py:161} INFO - Started process (PID=3498) to work on /home/airflow/.local/lib/python3.12/site-packages/airflow/example_dags/example_dag_decorator.py
[2024-05-20T08:59:12.100+0000] {processor.py:830} INFO - Processing file /home/airflow/.local/lib/python3.12/site-packages/airflow/example_dags/example_dag_decorator.py for tasks to queue
[2024-05-20T08:59:12.102+0000] {logging_mixin.py:188} INFO - [2024-05-20T08:59:12.101+0000] {dagbag.py:545} INFO - Filling up the DagBag from /home/airflow/.local/lib/python3.12/site-packages/airflow/example_dags/example_dag_decorator.py
[2024-05-20T08:59:12.215+0000] {processor.py:840} INFO - DAG(s) 'example_dag_decorator' retrieved from /home/airflow/.local/lib/python3.12/site-packages/airflow/example_dags/example_dag_decorator.py
[2024-05-20T08:59:12.347+0000] {logging_mixin.py:188} INFO - [2024-05-20T08:59:12.346+0000] {dag.py:3096} INFO - Sync 1 DAGs
[2024-05-20T08:59:12.359+0000] {logging_mixin.py:188} INFO - [2024-05-20T08:59:12.359+0000] {dag.py:3954} INFO - Setting next_dagrun for example_dag_decorator to None, run_after=None
[2024-05-20T08:59:12.387+0000] {processor.py:183} INFO - Processing /home/airflow/.local/lib/python3.12/site-packages/airflow/example_dags/example_dag_decorator.py took 0.295 seconds
[2024-05-20T08:59:42.571+0000] {processor.py:161} INFO - Started process (PID=3559) to work on /home/airflow/.local/lib/python3.12/site-packages/airflow/example_dags/example_dag_decorator.py
[2024-05-20T08:59:42.572+0000] {processor.py:830} INFO - Processing file /home/airflow/.local/lib/python3.12/site-packages/airflow/example_dags/example_dag_decorator.py for tasks to queue
[2024-05-20T08:59:42.574+0000] {logging_mixin.py:188} INFO - [2024-05-20T08:59:42.573+0000] {dagbag.py:545} INFO - Filling up the DagBag from /home/airflow/.local/lib/python3.12/site-packages/airflow/example_dags/example_dag_decorator.py
[2024-05-20T08:59:42.759+0000] {processor.py:840} INFO - DAG(s) 'example_dag_decorator' retrieved from /home/airflow/.local/lib/python3.12/site-packages/airflow/example_dags/example_dag_decorator.py
[2024-05-20T08:59:42.949+0000] {logging_mixin.py:188} INFO - [2024-05-20T08:59:42.948+0000] {dag.py:3096} INFO - Sync 1 DAGs
[2024-05-20T08:59:42.965+0000] {logging_mixin.py:188} INFO - [2024-05-20T08:59:42.964+0000] {dag.py:3954} INFO - Setting next_dagrun for example_dag_decorator to None, run_after=None
[2024-05-20T08:59:42.996+0000] {processor.py:183} INFO - Processing /home/airflow/.local/lib/python3.12/site-packages/airflow/example_dags/example_dag_decorator.py took 0.436 seconds
[2024-05-20T09:00:13.144+0000] {processor.py:161} INFO - Started process (PID=3621) to work on /home/airflow/.local/lib/python3.12/site-packages/airflow/example_dags/example_dag_decorator.py
[2024-05-20T09:00:13.145+0000] {processor.py:830} INFO - Processing file /home/airflow/.local/lib/python3.12/site-packages/airflow/example_dags/example_dag_decorator.py for tasks to queue
[2024-05-20T09:00:13.146+0000] {logging_mixin.py:188} INFO - [2024-05-20T09:00:13.146+0000] {dagbag.py:545} INFO - Filling up the DagBag from /home/airflow/.local/lib/python3.12/site-packages/airflow/example_dags/example_dag_decorator.py
[2024-05-20T09:00:13.266+0000] {processor.py:840} INFO - DAG(s) 'example_dag_decorator' retrieved from /home/airflow/.local/lib/python3.12/site-packages/airflow/example_dags/example_dag_decorator.py
[2024-05-20T09:00:13.304+0000] {logging_mixin.py:188} INFO - [2024-05-20T09:00:13.303+0000] {dag.py:3096} INFO - Sync 1 DAGs
[2024-05-20T09:00:13.322+0000] {logging_mixin.py:188} INFO - [2024-05-20T09:00:13.322+0000] {dag.py:3954} INFO - Setting next_dagrun for example_dag_decorator to None, run_after=None
[2024-05-20T09:00:13.352+0000] {processor.py:183} INFO - Processing /home/airflow/.local/lib/python3.12/site-packages/airflow/example_dags/example_dag_decorator.py took 0.216 seconds
[2024-05-20T09:00:43.525+0000] {processor.py:161} INFO - Started process (PID=3683) to work on /home/airflow/.local/lib/python3.12/site-packages/airflow/example_dags/example_dag_decorator.py
[2024-05-20T09:00:43.527+0000] {processor.py:830} INFO - Processing file /home/airflow/.local/lib/python3.12/site-packages/airflow/example_dags/example_dag_decorator.py for tasks to queue
[2024-05-20T09:00:43.528+0000] {logging_mixin.py:188} INFO - [2024-05-20T09:00:43.528+0000] {dagbag.py:545} INFO - Filling up the DagBag from /home/airflow/.local/lib/python3.12/site-packages/airflow/example_dags/example_dag_decorator.py
[2024-05-20T09:00:43.646+0000] {processor.py:840} INFO - DAG(s) 'example_dag_decorator' retrieved from /home/airflow/.local/lib/python3.12/site-packages/airflow/example_dags/example_dag_decorator.py
[2024-05-20T09:00:43.760+0000] {logging_mixin.py:188} INFO - [2024-05-20T09:00:43.760+0000] {dag.py:3096} INFO - Sync 1 DAGs
[2024-05-20T09:00:43.777+0000] {logging_mixin.py:188} INFO - [2024-05-20T09:00:43.777+0000] {dag.py:3954} INFO - Setting next_dagrun for example_dag_decorator to None, run_after=None
[2024-05-20T09:00:43.804+0000] {processor.py:183} INFO - Processing /home/airflow/.local/lib/python3.12/site-packages/airflow/example_dags/example_dag_decorator.py took 0.288 seconds
[2024-05-20T09:01:14.479+0000] {processor.py:161} INFO - Started process (PID=3745) to work on /home/airflow/.local/lib/python3.12/site-packages/airflow/example_dags/example_dag_decorator.py
[2024-05-20T09:01:14.481+0000] {processor.py:830} INFO - Processing file /home/airflow/.local/lib/python3.12/site-packages/airflow/example_dags/example_dag_decorator.py for tasks to queue
[2024-05-20T09:01:14.482+0000] {logging_mixin.py:188} INFO - [2024-05-20T09:01:14.482+0000] {dagbag.py:545} INFO - Filling up the DagBag from /home/airflow/.local/lib/python3.12/site-packages/airflow/example_dags/example_dag_decorator.py
[2024-05-20T09:01:14.593+0000] {processor.py:840} INFO - DAG(s) 'example_dag_decorator' retrieved from /home/airflow/.local/lib/python3.12/site-packages/airflow/example_dags/example_dag_decorator.py
[2024-05-20T09:01:14.700+0000] {logging_mixin.py:188} INFO - [2024-05-20T09:01:14.700+0000] {dag.py:3096} INFO - Sync 1 DAGs
[2024-05-20T09:01:14.711+0000] {logging_mixin.py:188} INFO - [2024-05-20T09:01:14.711+0000] {dag.py:3954} INFO - Setting next_dagrun for example_dag_decorator to None, run_after=None
[2024-05-20T09:01:14.733+0000] {processor.py:183} INFO - Processing /home/airflow/.local/lib/python3.12/site-packages/airflow/example_dags/example_dag_decorator.py took 0.262 seconds
[2024-05-20T09:01:46.122+0000] {processor.py:161} INFO - Started process (PID=3807) to work on /home/airflow/.local/lib/python3.12/site-packages/airflow/example_dags/example_dag_decorator.py
[2024-05-20T09:01:46.130+0000] {processor.py:830} INFO - Processing file /home/airflow/.local/lib/python3.12/site-packages/airflow/example_dags/example_dag_decorator.py for tasks to queue
[2024-05-20T09:01:46.146+0000] {logging_mixin.py:188} INFO - [2024-05-20T09:01:46.144+0000] {dagbag.py:545} INFO - Filling up the DagBag from /home/airflow/.local/lib/python3.12/site-packages/airflow/example_dags/example_dag_decorator.py
[2024-05-20T09:01:49.199+0000] {processor.py:840} INFO - DAG(s) 'example_dag_decorator' retrieved from /home/airflow/.local/lib/python3.12/site-packages/airflow/example_dags/example_dag_decorator.py
[2024-05-20T09:01:50.326+0000] {logging_mixin.py:188} INFO - [2024-05-20T09:01:50.325+0000] {dag.py:3096} INFO - Sync 1 DAGs
[2024-05-20T09:01:50.395+0000] {logging_mixin.py:188} INFO - [2024-05-20T09:01:50.385+0000] {dag.py:3954} INFO - Setting next_dagrun for example_dag_decorator to None, run_after=None
[2024-05-20T09:01:50.508+0000] {processor.py:183} INFO - Processing /home/airflow/.local/lib/python3.12/site-packages/airflow/example_dags/example_dag_decorator.py took 4.463 seconds
[2024-05-20T09:02:20.735+0000] {processor.py:161} INFO - Started process (PID=3869) to work on /home/airflow/.local/lib/python3.12/site-packages/airflow/example_dags/example_dag_decorator.py
[2024-05-20T09:02:20.737+0000] {processor.py:830} INFO - Processing file /home/airflow/.local/lib/python3.12/site-packages/airflow/example_dags/example_dag_decorator.py for tasks to queue
[2024-05-20T09:02:20.739+0000] {logging_mixin.py:188} INFO - [2024-05-20T09:02:20.738+0000] {dagbag.py:545} INFO - Filling up the DagBag from /home/airflow/.local/lib/python3.12/site-packages/airflow/example_dags/example_dag_decorator.py
[2024-05-20T09:02:20.876+0000] {processor.py:840} INFO - DAG(s) 'example_dag_decorator' retrieved from /home/airflow/.local/lib/python3.12/site-packages/airflow/example_dags/example_dag_decorator.py
[2024-05-20T09:02:21.004+0000] {logging_mixin.py:188} INFO - [2024-05-20T09:02:21.003+0000] {dag.py:3096} INFO - Sync 1 DAGs
[2024-05-20T09:02:21.019+0000] {logging_mixin.py:188} INFO - [2024-05-20T09:02:21.018+0000] {dag.py:3954} INFO - Setting next_dagrun for example_dag_decorator to None, run_after=None
[2024-05-20T09:02:21.054+0000] {processor.py:183} INFO - Processing /home/airflow/.local/lib/python3.12/site-packages/airflow/example_dags/example_dag_decorator.py took 0.324 seconds
[2024-05-20T09:02:51.197+0000] {processor.py:161} INFO - Started process (PID=3933) to work on /home/airflow/.local/lib/python3.12/site-packages/airflow/example_dags/example_dag_decorator.py
[2024-05-20T09:02:51.199+0000] {processor.py:830} INFO - Processing file /home/airflow/.local/lib/python3.12/site-packages/airflow/example_dags/example_dag_decorator.py for tasks to queue
[2024-05-20T09:02:51.201+0000] {logging_mixin.py:188} INFO - [2024-05-20T09:02:51.201+0000] {dagbag.py:545} INFO - Filling up the DagBag from /home/airflow/.local/lib/python3.12/site-packages/airflow/example_dags/example_dag_decorator.py
[2024-05-20T09:02:51.322+0000] {processor.py:840} INFO - DAG(s) 'example_dag_decorator' retrieved from /home/airflow/.local/lib/python3.12/site-packages/airflow/example_dags/example_dag_decorator.py
[2024-05-20T09:02:51.443+0000] {logging_mixin.py:188} INFO - [2024-05-20T09:02:51.443+0000] {dag.py:3096} INFO - Sync 1 DAGs
[2024-05-20T09:02:51.460+0000] {logging_mixin.py:188} INFO - [2024-05-20T09:02:51.460+0000] {dag.py:3954} INFO - Setting next_dagrun for example_dag_decorator to None, run_after=None
[2024-05-20T09:02:51.487+0000] {processor.py:183} INFO - Processing /home/airflow/.local/lib/python3.12/site-packages/airflow/example_dags/example_dag_decorator.py took 0.299 seconds
[2024-05-20T09:03:21.607+0000] {processor.py:161} INFO - Started process (PID=3996) to work on /home/airflow/.local/lib/python3.12/site-packages/airflow/example_dags/example_dag_decorator.py
[2024-05-20T09:03:21.609+0000] {processor.py:830} INFO - Processing file /home/airflow/.local/lib/python3.12/site-packages/airflow/example_dags/example_dag_decorator.py for tasks to queue
[2024-05-20T09:03:21.610+0000] {logging_mixin.py:188} INFO - [2024-05-20T09:03:21.610+0000] {dagbag.py:545} INFO - Filling up the DagBag from /home/airflow/.local/lib/python3.12/site-packages/airflow/example_dags/example_dag_decorator.py
[2024-05-20T09:03:21.716+0000] {processor.py:840} INFO - DAG(s) 'example_dag_decorator' retrieved from /home/airflow/.local/lib/python3.12/site-packages/airflow/example_dags/example_dag_decorator.py
[2024-05-20T09:03:21.827+0000] {logging_mixin.py:188} INFO - [2024-05-20T09:03:21.827+0000] {dag.py:3096} INFO - Sync 1 DAGs
[2024-05-20T09:03:21.844+0000] {logging_mixin.py:188} INFO - [2024-05-20T09:03:21.843+0000] {dag.py:3954} INFO - Setting next_dagrun for example_dag_decorator to None, run_after=None
[2024-05-20T09:03:21.870+0000] {processor.py:183} INFO - Processing /home/airflow/.local/lib/python3.12/site-packages/airflow/example_dags/example_dag_decorator.py took 0.270 seconds
[2024-05-20T09:03:52.049+0000] {processor.py:161} INFO - Started process (PID=4058) to work on /home/airflow/.local/lib/python3.12/site-packages/airflow/example_dags/example_dag_decorator.py
[2024-05-20T09:03:52.052+0000] {processor.py:830} INFO - Processing file /home/airflow/.local/lib/python3.12/site-packages/airflow/example_dags/example_dag_decorator.py for tasks to queue
[2024-05-20T09:03:52.054+0000] {logging_mixin.py:188} INFO - [2024-05-20T09:03:52.054+0000] {dagbag.py:545} INFO - Filling up the DagBag from /home/airflow/.local/lib/python3.12/site-packages/airflow/example_dags/example_dag_decorator.py
[2024-05-20T09:03:52.184+0000] {processor.py:840} INFO - DAG(s) 'example_dag_decorator' retrieved from /home/airflow/.local/lib/python3.12/site-packages/airflow/example_dags/example_dag_decorator.py
[2024-05-20T09:03:52.307+0000] {logging_mixin.py:188} INFO - [2024-05-20T09:03:52.307+0000] {dag.py:3096} INFO - Sync 1 DAGs
[2024-05-20T09:03:52.318+0000] {logging_mixin.py:188} INFO - [2024-05-20T09:03:52.317+0000] {dag.py:3954} INFO - Setting next_dagrun for example_dag_decorator to None, run_after=None
[2024-05-20T09:03:52.346+0000] {processor.py:183} INFO - Processing /home/airflow/.local/lib/python3.12/site-packages/airflow/example_dags/example_dag_decorator.py took 0.320 seconds
[2024-05-20T09:04:23.281+0000] {processor.py:161} INFO - Started process (PID=4126) to work on /home/airflow/.local/lib/python3.12/site-packages/airflow/example_dags/example_dag_decorator.py
[2024-05-20T09:04:23.283+0000] {processor.py:830} INFO - Processing file /home/airflow/.local/lib/python3.12/site-packages/airflow/example_dags/example_dag_decorator.py for tasks to queue
[2024-05-20T09:04:23.285+0000] {logging_mixin.py:188} INFO - [2024-05-20T09:04:23.285+0000] {dagbag.py:545} INFO - Filling up the DagBag from /home/airflow/.local/lib/python3.12/site-packages/airflow/example_dags/example_dag_decorator.py
[2024-05-20T09:04:23.463+0000] {processor.py:840} INFO - DAG(s) 'example_dag_decorator' retrieved from /home/airflow/.local/lib/python3.12/site-packages/airflow/example_dags/example_dag_decorator.py
[2024-05-20T09:04:23.638+0000] {logging_mixin.py:188} INFO - [2024-05-20T09:04:23.638+0000] {dag.py:3096} INFO - Sync 1 DAGs
[2024-05-20T09:04:23.657+0000] {logging_mixin.py:188} INFO - [2024-05-20T09:04:23.657+0000] {dag.py:3954} INFO - Setting next_dagrun for example_dag_decorator to None, run_after=None
[2024-05-20T09:04:23.690+0000] {processor.py:183} INFO - Processing /home/airflow/.local/lib/python3.12/site-packages/airflow/example_dags/example_dag_decorator.py took 0.421 seconds
[2024-05-20T09:04:53.805+0000] {processor.py:161} INFO - Started process (PID=4190) to work on /home/airflow/.local/lib/python3.12/site-packages/airflow/example_dags/example_dag_decorator.py
[2024-05-20T09:04:53.806+0000] {processor.py:830} INFO - Processing file /home/airflow/.local/lib/python3.12/site-packages/airflow/example_dags/example_dag_decorator.py for tasks to queue
[2024-05-20T09:04:53.808+0000] {logging_mixin.py:188} INFO - [2024-05-20T09:04:53.808+0000] {dagbag.py:545} INFO - Filling up the DagBag from /home/airflow/.local/lib/python3.12/site-packages/airflow/example_dags/example_dag_decorator.py
[2024-05-20T09:04:53.939+0000] {processor.py:840} INFO - DAG(s) 'example_dag_decorator' retrieved from /home/airflow/.local/lib/python3.12/site-packages/airflow/example_dags/example_dag_decorator.py
[2024-05-20T09:04:54.073+0000] {logging_mixin.py:188} INFO - [2024-05-20T09:04:54.073+0000] {dag.py:3096} INFO - Sync 1 DAGs
[2024-05-20T09:04:54.094+0000] {logging_mixin.py:188} INFO - [2024-05-20T09:04:54.094+0000] {dag.py:3954} INFO - Setting next_dagrun for example_dag_decorator to None, run_after=None
[2024-05-20T09:04:54.131+0000] {processor.py:183} INFO - Processing /home/airflow/.local/lib/python3.12/site-packages/airflow/example_dags/example_dag_decorator.py took 0.337 seconds
[2024-05-20T09:05:24.344+0000] {processor.py:161} INFO - Started process (PID=4254) to work on /home/airflow/.local/lib/python3.12/site-packages/airflow/example_dags/example_dag_decorator.py
[2024-05-20T09:05:24.346+0000] {processor.py:830} INFO - Processing file /home/airflow/.local/lib/python3.12/site-packages/airflow/example_dags/example_dag_decorator.py for tasks to queue
[2024-05-20T09:05:24.348+0000] {logging_mixin.py:188} INFO - [2024-05-20T09:05:24.348+0000] {dagbag.py:545} INFO - Filling up the DagBag from /home/airflow/.local/lib/python3.12/site-packages/airflow/example_dags/example_dag_decorator.py
[2024-05-20T09:05:24.486+0000] {processor.py:840} INFO - DAG(s) 'example_dag_decorator' retrieved from /home/airflow/.local/lib/python3.12/site-packages/airflow/example_dags/example_dag_decorator.py
[2024-05-20T09:05:24.610+0000] {logging_mixin.py:188} INFO - [2024-05-20T09:05:24.609+0000] {dag.py:3096} INFO - Sync 1 DAGs
[2024-05-20T09:05:24.623+0000] {logging_mixin.py:188} INFO - [2024-05-20T09:05:24.622+0000] {dag.py:3954} INFO - Setting next_dagrun for example_dag_decorator to None, run_after=None
[2024-05-20T09:05:24.650+0000] {processor.py:183} INFO - Processing /home/airflow/.local/lib/python3.12/site-packages/airflow/example_dags/example_dag_decorator.py took 0.317 seconds
[2024-05-20T09:11:52.562+0000] {processor.py:161} INFO - Started process (PID=4301) to work on /home/airflow/.local/lib/python3.12/site-packages/airflow/example_dags/example_dag_decorator.py
[2024-05-20T09:11:52.564+0000] {processor.py:830} INFO - Processing file /home/airflow/.local/lib/python3.12/site-packages/airflow/example_dags/example_dag_decorator.py for tasks to queue
[2024-05-20T09:11:52.567+0000] {logging_mixin.py:188} INFO - [2024-05-20T09:11:52.566+0000] {dagbag.py:545} INFO - Filling up the DagBag from /home/airflow/.local/lib/python3.12/site-packages/airflow/example_dags/example_dag_decorator.py
[2024-05-20T09:11:52.820+0000] {processor.py:840} INFO - DAG(s) 'example_dag_decorator' retrieved from /home/airflow/.local/lib/python3.12/site-packages/airflow/example_dags/example_dag_decorator.py
[2024-05-20T09:11:52.884+0000] {logging_mixin.py:188} INFO - [2024-05-20T09:11:52.883+0000] {dag.py:3096} INFO - Sync 1 DAGs
[2024-05-20T09:11:52.907+0000] {logging_mixin.py:188} INFO - [2024-05-20T09:11:52.907+0000] {dag.py:3954} INFO - Setting next_dagrun for example_dag_decorator to None, run_after=None
[2024-05-20T09:11:52.966+0000] {processor.py:183} INFO - Processing /home/airflow/.local/lib/python3.12/site-packages/airflow/example_dags/example_dag_decorator.py took 0.425 seconds
