[2024-05-20T08:30:13.683+0000] {processor.py:161} INFO - Started process (PID=48) to work on /home/airflow/.local/lib/python3.12/site-packages/airflow/example_dags/tutorial_dag.py
[2024-05-20T08:30:13.690+0000] {processor.py:830} INFO - Processing file /home/airflow/.local/lib/python3.12/site-packages/airflow/example_dags/tutorial_dag.py for tasks to queue
[2024-05-20T08:30:13.726+0000] {logging_mixin.py:188} INFO - [2024-05-20T08:30:13.701+0000] {dagbag.py:545} INFO - Filling up the DagBag from /home/airflow/.local/lib/python3.12/site-packages/airflow/example_dags/tutorial_dag.py
[2024-05-20T08:30:13.796+0000] {processor.py:840} INFO - DAG(s) 'tutorial_dag' retrieved from /home/airflow/.local/lib/python3.12/site-packages/airflow/example_dags/tutorial_dag.py
[2024-05-20T08:30:13.970+0000] {logging_mixin.py:188} INFO - [2024-05-20T08:30:13.970+0000] {dag.py:3096} INFO - Sync 1 DAGs
[2024-05-20T08:30:14.054+0000] {logging_mixin.py:188} INFO - [2024-05-20T08:30:14.054+0000] {dag.py:3954} INFO - Setting next_dagrun for tutorial_dag to None, run_after=None
[2024-05-20T08:30:14.246+0000] {processor.py:183} INFO - Processing /home/airflow/.local/lib/python3.12/site-packages/airflow/example_dags/tutorial_dag.py took 0.618 seconds
[2024-05-20T08:30:59.599+0000] {processor.py:161} INFO - Started process (PID=117) to work on /home/airflow/.local/lib/python3.12/site-packages/airflow/example_dags/tutorial_dag.py
[2024-05-20T08:30:59.610+0000] {processor.py:830} INFO - Processing file /home/airflow/.local/lib/python3.12/site-packages/airflow/example_dags/tutorial_dag.py for tasks to queue
[2024-05-20T08:30:59.650+0000] {logging_mixin.py:188} INFO - [2024-05-20T08:30:59.621+0000] {dagbag.py:545} INFO - Filling up the DagBag from /home/airflow/.local/lib/python3.12/site-packages/airflow/example_dags/tutorial_dag.py
[2024-05-20T08:30:59.678+0000] {processor.py:840} INFO - DAG(s) 'tutorial_dag' retrieved from /home/airflow/.local/lib/python3.12/site-packages/airflow/example_dags/tutorial_dag.py
[2024-05-20T08:30:59.836+0000] {logging_mixin.py:188} INFO - [2024-05-20T08:30:59.835+0000] {dag.py:3096} INFO - Sync 1 DAGs
[2024-05-20T08:30:59.935+0000] {logging_mixin.py:188} INFO - [2024-05-20T08:30:59.934+0000] {dag.py:3954} INFO - Setting next_dagrun for tutorial_dag to None, run_after=None
[2024-05-20T08:31:00.140+0000] {processor.py:183} INFO - Processing /home/airflow/.local/lib/python3.12/site-packages/airflow/example_dags/tutorial_dag.py took 0.631 seconds
[2024-05-20T08:31:53.482+0000] {processor.py:161} INFO - Started process (PID=190) to work on /home/airflow/.local/lib/python3.12/site-packages/airflow/example_dags/tutorial_dag.py
[2024-05-20T08:31:53.489+0000] {processor.py:830} INFO - Processing file /home/airflow/.local/lib/python3.12/site-packages/airflow/example_dags/tutorial_dag.py for tasks to queue
[2024-05-20T08:31:53.496+0000] {logging_mixin.py:188} INFO - [2024-05-20T08:31:53.492+0000] {dagbag.py:545} INFO - Filling up the DagBag from /home/airflow/.local/lib/python3.12/site-packages/airflow/example_dags/tutorial_dag.py
[2024-05-20T08:31:53.512+0000] {processor.py:840} INFO - DAG(s) 'tutorial_dag' retrieved from /home/airflow/.local/lib/python3.12/site-packages/airflow/example_dags/tutorial_dag.py
[2024-05-20T08:31:53.554+0000] {logging_mixin.py:188} INFO - [2024-05-20T08:31:53.554+0000] {dag.py:3096} INFO - Sync 1 DAGs
[2024-05-20T08:31:53.587+0000] {logging_mixin.py:188} INFO - [2024-05-20T08:31:53.587+0000] {dag.py:3954} INFO - Setting next_dagrun for tutorial_dag to None, run_after=None
[2024-05-20T08:31:53.633+0000] {processor.py:183} INFO - Processing /home/airflow/.local/lib/python3.12/site-packages/airflow/example_dags/tutorial_dag.py took 0.163 seconds
[2024-05-20T08:32:23.851+0000] {processor.py:161} INFO - Started process (PID=258) to work on /home/airflow/.local/lib/python3.12/site-packages/airflow/example_dags/tutorial_dag.py
[2024-05-20T08:32:23.852+0000] {processor.py:830} INFO - Processing file /home/airflow/.local/lib/python3.12/site-packages/airflow/example_dags/tutorial_dag.py for tasks to queue
[2024-05-20T08:32:23.854+0000] {logging_mixin.py:188} INFO - [2024-05-20T08:32:23.854+0000] {dagbag.py:545} INFO - Filling up the DagBag from /home/airflow/.local/lib/python3.12/site-packages/airflow/example_dags/tutorial_dag.py
[2024-05-20T08:32:23.859+0000] {processor.py:840} INFO - DAG(s) 'tutorial_dag' retrieved from /home/airflow/.local/lib/python3.12/site-packages/airflow/example_dags/tutorial_dag.py
[2024-05-20T08:32:23.880+0000] {logging_mixin.py:188} INFO - [2024-05-20T08:32:23.880+0000] {dag.py:3096} INFO - Sync 1 DAGs
[2024-05-20T08:32:23.895+0000] {logging_mixin.py:188} INFO - [2024-05-20T08:32:23.894+0000] {dag.py:3954} INFO - Setting next_dagrun for tutorial_dag to None, run_after=None
[2024-05-20T08:32:23.970+0000] {processor.py:183} INFO - Processing /home/airflow/.local/lib/python3.12/site-packages/airflow/example_dags/tutorial_dag.py took 0.124 seconds
[2024-05-20T08:32:55.067+0000] {processor.py:161} INFO - Started process (PID=315) to work on /home/airflow/.local/lib/python3.12/site-packages/airflow/example_dags/tutorial_dag.py
[2024-05-20T08:32:55.069+0000] {processor.py:830} INFO - Processing file /home/airflow/.local/lib/python3.12/site-packages/airflow/example_dags/tutorial_dag.py for tasks to queue
[2024-05-20T08:32:55.078+0000] {logging_mixin.py:188} INFO - [2024-05-20T08:32:55.077+0000] {dagbag.py:545} INFO - Filling up the DagBag from /home/airflow/.local/lib/python3.12/site-packages/airflow/example_dags/tutorial_dag.py
[2024-05-20T08:32:55.098+0000] {processor.py:840} INFO - DAG(s) 'tutorial_dag' retrieved from /home/airflow/.local/lib/python3.12/site-packages/airflow/example_dags/tutorial_dag.py
[2024-05-20T08:32:55.147+0000] {logging_mixin.py:188} INFO - [2024-05-20T08:32:55.146+0000] {dag.py:3096} INFO - Sync 1 DAGs
[2024-05-20T08:32:55.185+0000] {logging_mixin.py:188} INFO - [2024-05-20T08:32:55.185+0000] {dag.py:3954} INFO - Setting next_dagrun for tutorial_dag to None, run_after=None
[2024-05-20T08:32:55.240+0000] {processor.py:183} INFO - Processing /home/airflow/.local/lib/python3.12/site-packages/airflow/example_dags/tutorial_dag.py took 0.194 seconds
[2024-05-20T08:33:26.653+0000] {processor.py:161} INFO - Started process (PID=376) to work on /home/airflow/.local/lib/python3.12/site-packages/airflow/example_dags/tutorial_dag.py
[2024-05-20T08:33:26.657+0000] {processor.py:830} INFO - Processing file /home/airflow/.local/lib/python3.12/site-packages/airflow/example_dags/tutorial_dag.py for tasks to queue
[2024-05-20T08:33:26.671+0000] {logging_mixin.py:188} INFO - [2024-05-20T08:33:26.670+0000] {dagbag.py:545} INFO - Filling up the DagBag from /home/airflow/.local/lib/python3.12/site-packages/airflow/example_dags/tutorial_dag.py
[2024-05-20T08:33:26.693+0000] {processor.py:840} INFO - DAG(s) 'tutorial_dag' retrieved from /home/airflow/.local/lib/python3.12/site-packages/airflow/example_dags/tutorial_dag.py
[2024-05-20T08:33:26.764+0000] {logging_mixin.py:188} INFO - [2024-05-20T08:33:26.763+0000] {dag.py:3096} INFO - Sync 1 DAGs
[2024-05-20T08:33:26.810+0000] {logging_mixin.py:188} INFO - [2024-05-20T08:33:26.810+0000] {dag.py:3954} INFO - Setting next_dagrun for tutorial_dag to None, run_after=None
[2024-05-20T08:33:27.126+0000] {processor.py:183} INFO - Processing /home/airflow/.local/lib/python3.12/site-packages/airflow/example_dags/tutorial_dag.py took 0.498 seconds
[2024-05-20T08:33:57.622+0000] {processor.py:161} INFO - Started process (PID=437) to work on /home/airflow/.local/lib/python3.12/site-packages/airflow/example_dags/tutorial_dag.py
[2024-05-20T08:33:57.623+0000] {processor.py:830} INFO - Processing file /home/airflow/.local/lib/python3.12/site-packages/airflow/example_dags/tutorial_dag.py for tasks to queue
[2024-05-20T08:33:57.625+0000] {logging_mixin.py:188} INFO - [2024-05-20T08:33:57.625+0000] {dagbag.py:545} INFO - Filling up the DagBag from /home/airflow/.local/lib/python3.12/site-packages/airflow/example_dags/tutorial_dag.py
[2024-05-20T08:33:57.630+0000] {processor.py:840} INFO - DAG(s) 'tutorial_dag' retrieved from /home/airflow/.local/lib/python3.12/site-packages/airflow/example_dags/tutorial_dag.py
[2024-05-20T08:33:57.652+0000] {logging_mixin.py:188} INFO - [2024-05-20T08:33:57.651+0000] {dag.py:3096} INFO - Sync 1 DAGs
[2024-05-20T08:33:57.666+0000] {logging_mixin.py:188} INFO - [2024-05-20T08:33:57.666+0000] {dag.py:3954} INFO - Setting next_dagrun for tutorial_dag to None, run_after=None
[2024-05-20T08:33:57.689+0000] {processor.py:183} INFO - Processing /home/airflow/.local/lib/python3.12/site-packages/airflow/example_dags/tutorial_dag.py took 0.073 seconds
[2024-05-20T08:34:28.219+0000] {processor.py:161} INFO - Started process (PID=498) to work on /home/airflow/.local/lib/python3.12/site-packages/airflow/example_dags/tutorial_dag.py
[2024-05-20T08:34:28.221+0000] {processor.py:830} INFO - Processing file /home/airflow/.local/lib/python3.12/site-packages/airflow/example_dags/tutorial_dag.py for tasks to queue
[2024-05-20T08:34:28.223+0000] {logging_mixin.py:188} INFO - [2024-05-20T08:34:28.223+0000] {dagbag.py:545} INFO - Filling up the DagBag from /home/airflow/.local/lib/python3.12/site-packages/airflow/example_dags/tutorial_dag.py
[2024-05-20T08:34:28.230+0000] {processor.py:840} INFO - DAG(s) 'tutorial_dag' retrieved from /home/airflow/.local/lib/python3.12/site-packages/airflow/example_dags/tutorial_dag.py
[2024-05-20T08:34:28.252+0000] {logging_mixin.py:188} INFO - [2024-05-20T08:34:28.251+0000] {dag.py:3096} INFO - Sync 1 DAGs
[2024-05-20T08:34:28.267+0000] {logging_mixin.py:188} INFO - [2024-05-20T08:34:28.267+0000] {dag.py:3954} INFO - Setting next_dagrun for tutorial_dag to None, run_after=None
[2024-05-20T08:34:28.289+0000] {processor.py:183} INFO - Processing /home/airflow/.local/lib/python3.12/site-packages/airflow/example_dags/tutorial_dag.py took 0.077 seconds
[2024-05-20T08:34:58.547+0000] {processor.py:161} INFO - Started process (PID=558) to work on /home/airflow/.local/lib/python3.12/site-packages/airflow/example_dags/tutorial_dag.py
[2024-05-20T08:34:58.550+0000] {processor.py:830} INFO - Processing file /home/airflow/.local/lib/python3.12/site-packages/airflow/example_dags/tutorial_dag.py for tasks to queue
[2024-05-20T08:34:58.554+0000] {logging_mixin.py:188} INFO - [2024-05-20T08:34:58.553+0000] {dagbag.py:545} INFO - Filling up the DagBag from /home/airflow/.local/lib/python3.12/site-packages/airflow/example_dags/tutorial_dag.py
[2024-05-20T08:34:58.564+0000] {processor.py:840} INFO - DAG(s) 'tutorial_dag' retrieved from /home/airflow/.local/lib/python3.12/site-packages/airflow/example_dags/tutorial_dag.py
[2024-05-20T08:34:58.597+0000] {logging_mixin.py:188} INFO - [2024-05-20T08:34:58.596+0000] {dag.py:3096} INFO - Sync 1 DAGs
[2024-05-20T08:34:58.626+0000] {logging_mixin.py:188} INFO - [2024-05-20T08:34:58.626+0000] {dag.py:3954} INFO - Setting next_dagrun for tutorial_dag to None, run_after=None
[2024-05-20T08:34:58.676+0000] {processor.py:183} INFO - Processing /home/airflow/.local/lib/python3.12/site-packages/airflow/example_dags/tutorial_dag.py took 0.139 seconds
[2024-05-20T08:35:29.210+0000] {processor.py:161} INFO - Started process (PID=620) to work on /home/airflow/.local/lib/python3.12/site-packages/airflow/example_dags/tutorial_dag.py
[2024-05-20T08:35:29.212+0000] {processor.py:830} INFO - Processing file /home/airflow/.local/lib/python3.12/site-packages/airflow/example_dags/tutorial_dag.py for tasks to queue
[2024-05-20T08:35:29.214+0000] {logging_mixin.py:188} INFO - [2024-05-20T08:35:29.214+0000] {dagbag.py:545} INFO - Filling up the DagBag from /home/airflow/.local/lib/python3.12/site-packages/airflow/example_dags/tutorial_dag.py
[2024-05-20T08:35:29.222+0000] {processor.py:840} INFO - DAG(s) 'tutorial_dag' retrieved from /home/airflow/.local/lib/python3.12/site-packages/airflow/example_dags/tutorial_dag.py
[2024-05-20T08:35:29.248+0000] {logging_mixin.py:188} INFO - [2024-05-20T08:35:29.248+0000] {dag.py:3096} INFO - Sync 1 DAGs
[2024-05-20T08:35:29.261+0000] {logging_mixin.py:188} INFO - [2024-05-20T08:35:29.261+0000] {dag.py:3954} INFO - Setting next_dagrun for tutorial_dag to None, run_after=None
[2024-05-20T08:35:29.283+0000] {processor.py:183} INFO - Processing /home/airflow/.local/lib/python3.12/site-packages/airflow/example_dags/tutorial_dag.py took 0.081 seconds
[2024-05-20T08:35:59.502+0000] {processor.py:161} INFO - Started process (PID=681) to work on /home/airflow/.local/lib/python3.12/site-packages/airflow/example_dags/tutorial_dag.py
[2024-05-20T08:35:59.504+0000] {processor.py:830} INFO - Processing file /home/airflow/.local/lib/python3.12/site-packages/airflow/example_dags/tutorial_dag.py for tasks to queue
[2024-05-20T08:35:59.507+0000] {logging_mixin.py:188} INFO - [2024-05-20T08:35:59.506+0000] {dagbag.py:545} INFO - Filling up the DagBag from /home/airflow/.local/lib/python3.12/site-packages/airflow/example_dags/tutorial_dag.py
[2024-05-20T08:35:59.518+0000] {processor.py:840} INFO - DAG(s) 'tutorial_dag' retrieved from /home/airflow/.local/lib/python3.12/site-packages/airflow/example_dags/tutorial_dag.py
[2024-05-20T08:35:59.557+0000] {logging_mixin.py:188} INFO - [2024-05-20T08:35:59.556+0000] {dag.py:3096} INFO - Sync 1 DAGs
[2024-05-20T08:35:59.588+0000] {logging_mixin.py:188} INFO - [2024-05-20T08:35:59.588+0000] {dag.py:3954} INFO - Setting next_dagrun for tutorial_dag to None, run_after=None
[2024-05-20T08:35:59.635+0000] {processor.py:183} INFO - Processing /home/airflow/.local/lib/python3.12/site-packages/airflow/example_dags/tutorial_dag.py took 0.150 seconds
[2024-05-20T08:36:29.840+0000] {processor.py:161} INFO - Started process (PID=742) to work on /home/airflow/.local/lib/python3.12/site-packages/airflow/example_dags/tutorial_dag.py
[2024-05-20T08:36:29.841+0000] {processor.py:830} INFO - Processing file /home/airflow/.local/lib/python3.12/site-packages/airflow/example_dags/tutorial_dag.py for tasks to queue
[2024-05-20T08:36:29.843+0000] {logging_mixin.py:188} INFO - [2024-05-20T08:36:29.843+0000] {dagbag.py:545} INFO - Filling up the DagBag from /home/airflow/.local/lib/python3.12/site-packages/airflow/example_dags/tutorial_dag.py
[2024-05-20T08:36:29.849+0000] {processor.py:840} INFO - DAG(s) 'tutorial_dag' retrieved from /home/airflow/.local/lib/python3.12/site-packages/airflow/example_dags/tutorial_dag.py
[2024-05-20T08:36:29.874+0000] {logging_mixin.py:188} INFO - [2024-05-20T08:36:29.874+0000] {dag.py:3096} INFO - Sync 1 DAGs
[2024-05-20T08:36:29.889+0000] {logging_mixin.py:188} INFO - [2024-05-20T08:36:29.888+0000] {dag.py:3954} INFO - Setting next_dagrun for tutorial_dag to None, run_after=None
[2024-05-20T08:36:29.912+0000] {processor.py:183} INFO - Processing /home/airflow/.local/lib/python3.12/site-packages/airflow/example_dags/tutorial_dag.py took 0.077 seconds
[2024-05-20T08:36:59.994+0000] {processor.py:161} INFO - Started process (PID=803) to work on /home/airflow/.local/lib/python3.12/site-packages/airflow/example_dags/tutorial_dag.py
[2024-05-20T08:36:59.996+0000] {processor.py:830} INFO - Processing file /home/airflow/.local/lib/python3.12/site-packages/airflow/example_dags/tutorial_dag.py for tasks to queue
[2024-05-20T08:36:59.998+0000] {logging_mixin.py:188} INFO - [2024-05-20T08:36:59.998+0000] {dagbag.py:545} INFO - Filling up the DagBag from /home/airflow/.local/lib/python3.12/site-packages/airflow/example_dags/tutorial_dag.py
[2024-05-20T08:37:00.007+0000] {processor.py:840} INFO - DAG(s) 'tutorial_dag' retrieved from /home/airflow/.local/lib/python3.12/site-packages/airflow/example_dags/tutorial_dag.py
[2024-05-20T08:37:00.047+0000] {logging_mixin.py:188} INFO - [2024-05-20T08:37:00.047+0000] {dag.py:3096} INFO - Sync 1 DAGs
[2024-05-20T08:37:00.080+0000] {logging_mixin.py:188} INFO - [2024-05-20T08:37:00.079+0000] {dag.py:3954} INFO - Setting next_dagrun for tutorial_dag to None, run_after=None
[2024-05-20T08:37:00.124+0000] {processor.py:183} INFO - Processing /home/airflow/.local/lib/python3.12/site-packages/airflow/example_dags/tutorial_dag.py took 0.139 seconds
[2024-05-20T08:37:30.166+0000] {processor.py:161} INFO - Started process (PID=863) to work on /home/airflow/.local/lib/python3.12/site-packages/airflow/example_dags/tutorial_dag.py
[2024-05-20T08:37:30.167+0000] {processor.py:830} INFO - Processing file /home/airflow/.local/lib/python3.12/site-packages/airflow/example_dags/tutorial_dag.py for tasks to queue
[2024-05-20T08:37:30.169+0000] {logging_mixin.py:188} INFO - [2024-05-20T08:37:30.169+0000] {dagbag.py:545} INFO - Filling up the DagBag from /home/airflow/.local/lib/python3.12/site-packages/airflow/example_dags/tutorial_dag.py
[2024-05-20T08:37:30.175+0000] {processor.py:840} INFO - DAG(s) 'tutorial_dag' retrieved from /home/airflow/.local/lib/python3.12/site-packages/airflow/example_dags/tutorial_dag.py
[2024-05-20T08:37:30.199+0000] {logging_mixin.py:188} INFO - [2024-05-20T08:37:30.199+0000] {dag.py:3096} INFO - Sync 1 DAGs
[2024-05-20T08:37:30.215+0000] {logging_mixin.py:188} INFO - [2024-05-20T08:37:30.215+0000] {dag.py:3954} INFO - Setting next_dagrun for tutorial_dag to None, run_after=None
[2024-05-20T08:37:30.245+0000] {processor.py:183} INFO - Processing /home/airflow/.local/lib/python3.12/site-packages/airflow/example_dags/tutorial_dag.py took 0.084 seconds
[2024-05-20T08:38:00.444+0000] {processor.py:161} INFO - Started process (PID=925) to work on /home/airflow/.local/lib/python3.12/site-packages/airflow/example_dags/tutorial_dag.py
[2024-05-20T08:38:00.445+0000] {processor.py:830} INFO - Processing file /home/airflow/.local/lib/python3.12/site-packages/airflow/example_dags/tutorial_dag.py for tasks to queue
[2024-05-20T08:38:00.447+0000] {logging_mixin.py:188} INFO - [2024-05-20T08:38:00.446+0000] {dagbag.py:545} INFO - Filling up the DagBag from /home/airflow/.local/lib/python3.12/site-packages/airflow/example_dags/tutorial_dag.py
[2024-05-20T08:38:00.452+0000] {processor.py:840} INFO - DAG(s) 'tutorial_dag' retrieved from /home/airflow/.local/lib/python3.12/site-packages/airflow/example_dags/tutorial_dag.py
[2024-05-20T08:38:00.473+0000] {logging_mixin.py:188} INFO - [2024-05-20T08:38:00.472+0000] {dag.py:3096} INFO - Sync 1 DAGs
[2024-05-20T08:38:00.487+0000] {logging_mixin.py:188} INFO - [2024-05-20T08:38:00.486+0000] {dag.py:3954} INFO - Setting next_dagrun for tutorial_dag to None, run_after=None
[2024-05-20T08:38:00.513+0000] {processor.py:183} INFO - Processing /home/airflow/.local/lib/python3.12/site-packages/airflow/example_dags/tutorial_dag.py took 0.075 seconds
[2024-05-20T08:38:30.783+0000] {processor.py:161} INFO - Started process (PID=986) to work on /home/airflow/.local/lib/python3.12/site-packages/airflow/example_dags/tutorial_dag.py
[2024-05-20T08:38:30.784+0000] {processor.py:830} INFO - Processing file /home/airflow/.local/lib/python3.12/site-packages/airflow/example_dags/tutorial_dag.py for tasks to queue
[2024-05-20T08:38:30.787+0000] {logging_mixin.py:188} INFO - [2024-05-20T08:38:30.786+0000] {dagbag.py:545} INFO - Filling up the DagBag from /home/airflow/.local/lib/python3.12/site-packages/airflow/example_dags/tutorial_dag.py
[2024-05-20T08:38:30.794+0000] {processor.py:840} INFO - DAG(s) 'tutorial_dag' retrieved from /home/airflow/.local/lib/python3.12/site-packages/airflow/example_dags/tutorial_dag.py
[2024-05-20T08:38:30.830+0000] {logging_mixin.py:188} INFO - [2024-05-20T08:38:30.830+0000] {dag.py:3096} INFO - Sync 1 DAGs
[2024-05-20T08:38:30.849+0000] {logging_mixin.py:188} INFO - [2024-05-20T08:38:30.849+0000] {dag.py:3954} INFO - Setting next_dagrun for tutorial_dag to None, run_after=None
[2024-05-20T08:38:30.878+0000] {processor.py:183} INFO - Processing /home/airflow/.local/lib/python3.12/site-packages/airflow/example_dags/tutorial_dag.py took 0.110 seconds
[2024-05-20T08:39:01.299+0000] {processor.py:161} INFO - Started process (PID=1047) to work on /home/airflow/.local/lib/python3.12/site-packages/airflow/example_dags/tutorial_dag.py
[2024-05-20T08:39:01.300+0000] {processor.py:830} INFO - Processing file /home/airflow/.local/lib/python3.12/site-packages/airflow/example_dags/tutorial_dag.py for tasks to queue
[2024-05-20T08:39:01.302+0000] {logging_mixin.py:188} INFO - [2024-05-20T08:39:01.302+0000] {dagbag.py:545} INFO - Filling up the DagBag from /home/airflow/.local/lib/python3.12/site-packages/airflow/example_dags/tutorial_dag.py
[2024-05-20T08:39:01.309+0000] {processor.py:840} INFO - DAG(s) 'tutorial_dag' retrieved from /home/airflow/.local/lib/python3.12/site-packages/airflow/example_dags/tutorial_dag.py
[2024-05-20T08:39:01.332+0000] {logging_mixin.py:188} INFO - [2024-05-20T08:39:01.332+0000] {dag.py:3096} INFO - Sync 1 DAGs
[2024-05-20T08:39:01.346+0000] {logging_mixin.py:188} INFO - [2024-05-20T08:39:01.346+0000] {dag.py:3954} INFO - Setting next_dagrun for tutorial_dag to None, run_after=None
[2024-05-20T08:39:01.371+0000] {processor.py:183} INFO - Processing /home/airflow/.local/lib/python3.12/site-packages/airflow/example_dags/tutorial_dag.py took 0.079 seconds
[2024-05-20T08:39:31.647+0000] {processor.py:161} INFO - Started process (PID=1106) to work on /home/airflow/.local/lib/python3.12/site-packages/airflow/example_dags/tutorial_dag.py
[2024-05-20T08:39:31.649+0000] {processor.py:830} INFO - Processing file /home/airflow/.local/lib/python3.12/site-packages/airflow/example_dags/tutorial_dag.py for tasks to queue
[2024-05-20T08:39:31.653+0000] {logging_mixin.py:188} INFO - [2024-05-20T08:39:31.652+0000] {dagbag.py:545} INFO - Filling up the DagBag from /home/airflow/.local/lib/python3.12/site-packages/airflow/example_dags/tutorial_dag.py
[2024-05-20T08:39:31.662+0000] {processor.py:840} INFO - DAG(s) 'tutorial_dag' retrieved from /home/airflow/.local/lib/python3.12/site-packages/airflow/example_dags/tutorial_dag.py
[2024-05-20T08:39:31.689+0000] {logging_mixin.py:188} INFO - [2024-05-20T08:39:31.688+0000] {dag.py:3096} INFO - Sync 1 DAGs
[2024-05-20T08:39:31.705+0000] {logging_mixin.py:188} INFO - [2024-05-20T08:39:31.704+0000] {dag.py:3954} INFO - Setting next_dagrun for tutorial_dag to None, run_after=None
[2024-05-20T08:39:31.740+0000] {processor.py:183} INFO - Processing /home/airflow/.local/lib/python3.12/site-packages/airflow/example_dags/tutorial_dag.py took 0.102 seconds
[2024-05-20T08:40:02.532+0000] {processor.py:161} INFO - Started process (PID=1167) to work on /home/airflow/.local/lib/python3.12/site-packages/airflow/example_dags/tutorial_dag.py
[2024-05-20T08:40:02.533+0000] {processor.py:830} INFO - Processing file /home/airflow/.local/lib/python3.12/site-packages/airflow/example_dags/tutorial_dag.py for tasks to queue
[2024-05-20T08:40:02.535+0000] {logging_mixin.py:188} INFO - [2024-05-20T08:40:02.535+0000] {dagbag.py:545} INFO - Filling up the DagBag from /home/airflow/.local/lib/python3.12/site-packages/airflow/example_dags/tutorial_dag.py
[2024-05-20T08:40:02.540+0000] {processor.py:840} INFO - DAG(s) 'tutorial_dag' retrieved from /home/airflow/.local/lib/python3.12/site-packages/airflow/example_dags/tutorial_dag.py
[2024-05-20T08:40:02.566+0000] {logging_mixin.py:188} INFO - [2024-05-20T08:40:02.566+0000] {dag.py:3096} INFO - Sync 1 DAGs
[2024-05-20T08:40:02.580+0000] {logging_mixin.py:188} INFO - [2024-05-20T08:40:02.580+0000] {dag.py:3954} INFO - Setting next_dagrun for tutorial_dag to None, run_after=None
[2024-05-20T08:40:02.606+0000] {processor.py:183} INFO - Processing /home/airflow/.local/lib/python3.12/site-packages/airflow/example_dags/tutorial_dag.py took 0.080 seconds
[2024-05-20T08:40:32.712+0000] {processor.py:161} INFO - Started process (PID=1233) to work on /home/airflow/.local/lib/python3.12/site-packages/airflow/example_dags/tutorial_dag.py
[2024-05-20T08:40:32.713+0000] {processor.py:830} INFO - Processing file /home/airflow/.local/lib/python3.12/site-packages/airflow/example_dags/tutorial_dag.py for tasks to queue
[2024-05-20T08:40:32.716+0000] {logging_mixin.py:188} INFO - [2024-05-20T08:40:32.715+0000] {dagbag.py:545} INFO - Filling up the DagBag from /home/airflow/.local/lib/python3.12/site-packages/airflow/example_dags/tutorial_dag.py
[2024-05-20T08:40:32.721+0000] {processor.py:840} INFO - DAG(s) 'tutorial_dag' retrieved from /home/airflow/.local/lib/python3.12/site-packages/airflow/example_dags/tutorial_dag.py
[2024-05-20T08:40:32.743+0000] {logging_mixin.py:188} INFO - [2024-05-20T08:40:32.743+0000] {dag.py:3096} INFO - Sync 1 DAGs
[2024-05-20T08:40:32.758+0000] {logging_mixin.py:188} INFO - [2024-05-20T08:40:32.758+0000] {dag.py:3954} INFO - Setting next_dagrun for tutorial_dag to None, run_after=None
[2024-05-20T08:40:32.789+0000] {processor.py:183} INFO - Processing /home/airflow/.local/lib/python3.12/site-packages/airflow/example_dags/tutorial_dag.py took 0.083 seconds
[2024-05-20T08:41:03.116+0000] {processor.py:161} INFO - Started process (PID=1296) to work on /home/airflow/.local/lib/python3.12/site-packages/airflow/example_dags/tutorial_dag.py
[2024-05-20T08:41:03.117+0000] {processor.py:830} INFO - Processing file /home/airflow/.local/lib/python3.12/site-packages/airflow/example_dags/tutorial_dag.py for tasks to queue
[2024-05-20T08:41:03.119+0000] {logging_mixin.py:188} INFO - [2024-05-20T08:41:03.119+0000] {dagbag.py:545} INFO - Filling up the DagBag from /home/airflow/.local/lib/python3.12/site-packages/airflow/example_dags/tutorial_dag.py
[2024-05-20T08:41:03.125+0000] {processor.py:840} INFO - DAG(s) 'tutorial_dag' retrieved from /home/airflow/.local/lib/python3.12/site-packages/airflow/example_dags/tutorial_dag.py
[2024-05-20T08:41:03.148+0000] {logging_mixin.py:188} INFO - [2024-05-20T08:41:03.148+0000] {dag.py:3096} INFO - Sync 1 DAGs
[2024-05-20T08:41:03.161+0000] {logging_mixin.py:188} INFO - [2024-05-20T08:41:03.161+0000] {dag.py:3954} INFO - Setting next_dagrun for tutorial_dag to None, run_after=None
[2024-05-20T08:41:03.193+0000] {processor.py:183} INFO - Processing /home/airflow/.local/lib/python3.12/site-packages/airflow/example_dags/tutorial_dag.py took 0.083 seconds
[2024-05-20T08:41:33.490+0000] {processor.py:161} INFO - Started process (PID=1359) to work on /home/airflow/.local/lib/python3.12/site-packages/airflow/example_dags/tutorial_dag.py
[2024-05-20T08:41:33.491+0000] {processor.py:830} INFO - Processing file /home/airflow/.local/lib/python3.12/site-packages/airflow/example_dags/tutorial_dag.py for tasks to queue
[2024-05-20T08:41:33.492+0000] {logging_mixin.py:188} INFO - [2024-05-20T08:41:33.492+0000] {dagbag.py:545} INFO - Filling up the DagBag from /home/airflow/.local/lib/python3.12/site-packages/airflow/example_dags/tutorial_dag.py
[2024-05-20T08:41:33.498+0000] {processor.py:840} INFO - DAG(s) 'tutorial_dag' retrieved from /home/airflow/.local/lib/python3.12/site-packages/airflow/example_dags/tutorial_dag.py
[2024-05-20T08:41:33.521+0000] {logging_mixin.py:188} INFO - [2024-05-20T08:41:33.521+0000] {dag.py:3096} INFO - Sync 1 DAGs
[2024-05-20T08:41:33.537+0000] {logging_mixin.py:188} INFO - [2024-05-20T08:41:33.537+0000] {dag.py:3954} INFO - Setting next_dagrun for tutorial_dag to None, run_after=None
[2024-05-20T08:41:33.566+0000] {processor.py:183} INFO - Processing /home/airflow/.local/lib/python3.12/site-packages/airflow/example_dags/tutorial_dag.py took 0.082 seconds
[2024-05-20T08:42:04.398+0000] {processor.py:161} INFO - Started process (PID=1421) to work on /home/airflow/.local/lib/python3.12/site-packages/airflow/example_dags/tutorial_dag.py
[2024-05-20T08:42:04.400+0000] {processor.py:830} INFO - Processing file /home/airflow/.local/lib/python3.12/site-packages/airflow/example_dags/tutorial_dag.py for tasks to queue
[2024-05-20T08:42:04.401+0000] {logging_mixin.py:188} INFO - [2024-05-20T08:42:04.401+0000] {dagbag.py:545} INFO - Filling up the DagBag from /home/airflow/.local/lib/python3.12/site-packages/airflow/example_dags/tutorial_dag.py
[2024-05-20T08:42:04.407+0000] {processor.py:840} INFO - DAG(s) 'tutorial_dag' retrieved from /home/airflow/.local/lib/python3.12/site-packages/airflow/example_dags/tutorial_dag.py
[2024-05-20T08:42:04.435+0000] {logging_mixin.py:188} INFO - [2024-05-20T08:42:04.434+0000] {dag.py:3096} INFO - Sync 1 DAGs
[2024-05-20T08:42:04.448+0000] {logging_mixin.py:188} INFO - [2024-05-20T08:42:04.448+0000] {dag.py:3954} INFO - Setting next_dagrun for tutorial_dag to None, run_after=None
[2024-05-20T08:42:04.472+0000] {processor.py:183} INFO - Processing /home/airflow/.local/lib/python3.12/site-packages/airflow/example_dags/tutorial_dag.py took 0.082 seconds
[2024-05-20T08:42:34.588+0000] {processor.py:161} INFO - Started process (PID=1482) to work on /home/airflow/.local/lib/python3.12/site-packages/airflow/example_dags/tutorial_dag.py
[2024-05-20T08:42:34.589+0000] {processor.py:830} INFO - Processing file /home/airflow/.local/lib/python3.12/site-packages/airflow/example_dags/tutorial_dag.py for tasks to queue
[2024-05-20T08:42:34.590+0000] {logging_mixin.py:188} INFO - [2024-05-20T08:42:34.590+0000] {dagbag.py:545} INFO - Filling up the DagBag from /home/airflow/.local/lib/python3.12/site-packages/airflow/example_dags/tutorial_dag.py
[2024-05-20T08:42:34.595+0000] {processor.py:840} INFO - DAG(s) 'tutorial_dag' retrieved from /home/airflow/.local/lib/python3.12/site-packages/airflow/example_dags/tutorial_dag.py
[2024-05-20T08:42:34.619+0000] {logging_mixin.py:188} INFO - [2024-05-20T08:42:34.619+0000] {dag.py:3096} INFO - Sync 1 DAGs
[2024-05-20T08:42:34.634+0000] {logging_mixin.py:188} INFO - [2024-05-20T08:42:34.634+0000] {dag.py:3954} INFO - Setting next_dagrun for tutorial_dag to None, run_after=None
[2024-05-20T08:42:34.662+0000] {processor.py:183} INFO - Processing /home/airflow/.local/lib/python3.12/site-packages/airflow/example_dags/tutorial_dag.py took 0.079 seconds
[2024-05-20T08:43:04.861+0000] {processor.py:161} INFO - Started process (PID=1543) to work on /home/airflow/.local/lib/python3.12/site-packages/airflow/example_dags/tutorial_dag.py
[2024-05-20T08:43:04.863+0000] {processor.py:830} INFO - Processing file /home/airflow/.local/lib/python3.12/site-packages/airflow/example_dags/tutorial_dag.py for tasks to queue
[2024-05-20T08:43:04.864+0000] {logging_mixin.py:188} INFO - [2024-05-20T08:43:04.864+0000] {dagbag.py:545} INFO - Filling up the DagBag from /home/airflow/.local/lib/python3.12/site-packages/airflow/example_dags/tutorial_dag.py
[2024-05-20T08:43:04.874+0000] {processor.py:840} INFO - DAG(s) 'tutorial_dag' retrieved from /home/airflow/.local/lib/python3.12/site-packages/airflow/example_dags/tutorial_dag.py
[2024-05-20T08:43:04.905+0000] {logging_mixin.py:188} INFO - [2024-05-20T08:43:04.905+0000] {dag.py:3096} INFO - Sync 1 DAGs
[2024-05-20T08:43:04.923+0000] {logging_mixin.py:188} INFO - [2024-05-20T08:43:04.922+0000] {dag.py:3954} INFO - Setting next_dagrun for tutorial_dag to None, run_after=None
[2024-05-20T08:43:04.951+0000] {processor.py:183} INFO - Processing /home/airflow/.local/lib/python3.12/site-packages/airflow/example_dags/tutorial_dag.py took 0.100 seconds
[2024-05-20T08:43:35.043+0000] {processor.py:161} INFO - Started process (PID=1603) to work on /home/airflow/.local/lib/python3.12/site-packages/airflow/example_dags/tutorial_dag.py
[2024-05-20T08:43:35.044+0000] {processor.py:830} INFO - Processing file /home/airflow/.local/lib/python3.12/site-packages/airflow/example_dags/tutorial_dag.py for tasks to queue
[2024-05-20T08:43:35.045+0000] {logging_mixin.py:188} INFO - [2024-05-20T08:43:35.044+0000] {dagbag.py:545} INFO - Filling up the DagBag from /home/airflow/.local/lib/python3.12/site-packages/airflow/example_dags/tutorial_dag.py
[2024-05-20T08:43:35.051+0000] {processor.py:840} INFO - DAG(s) 'tutorial_dag' retrieved from /home/airflow/.local/lib/python3.12/site-packages/airflow/example_dags/tutorial_dag.py
[2024-05-20T08:43:35.076+0000] {logging_mixin.py:188} INFO - [2024-05-20T08:43:35.075+0000] {dag.py:3096} INFO - Sync 1 DAGs
[2024-05-20T08:43:35.091+0000] {logging_mixin.py:188} INFO - [2024-05-20T08:43:35.091+0000] {dag.py:3954} INFO - Setting next_dagrun for tutorial_dag to None, run_after=None
[2024-05-20T08:43:35.116+0000] {processor.py:183} INFO - Processing /home/airflow/.local/lib/python3.12/site-packages/airflow/example_dags/tutorial_dag.py took 0.080 seconds
[2024-05-20T08:44:05.941+0000] {processor.py:161} INFO - Started process (PID=1664) to work on /home/airflow/.local/lib/python3.12/site-packages/airflow/example_dags/tutorial_dag.py
[2024-05-20T08:44:05.942+0000] {processor.py:830} INFO - Processing file /home/airflow/.local/lib/python3.12/site-packages/airflow/example_dags/tutorial_dag.py for tasks to queue
[2024-05-20T08:44:05.944+0000] {logging_mixin.py:188} INFO - [2024-05-20T08:44:05.943+0000] {dagbag.py:545} INFO - Filling up the DagBag from /home/airflow/.local/lib/python3.12/site-packages/airflow/example_dags/tutorial_dag.py
[2024-05-20T08:44:05.949+0000] {processor.py:840} INFO - DAG(s) 'tutorial_dag' retrieved from /home/airflow/.local/lib/python3.12/site-packages/airflow/example_dags/tutorial_dag.py
[2024-05-20T08:44:05.973+0000] {logging_mixin.py:188} INFO - [2024-05-20T08:44:05.973+0000] {dag.py:3096} INFO - Sync 1 DAGs
[2024-05-20T08:44:05.987+0000] {logging_mixin.py:188} INFO - [2024-05-20T08:44:05.987+0000] {dag.py:3954} INFO - Setting next_dagrun for tutorial_dag to None, run_after=None
[2024-05-20T08:44:06.014+0000] {processor.py:183} INFO - Processing /home/airflow/.local/lib/python3.12/site-packages/airflow/example_dags/tutorial_dag.py took 0.083 seconds
[2024-05-20T08:44:36.557+0000] {processor.py:161} INFO - Started process (PID=1725) to work on /home/airflow/.local/lib/python3.12/site-packages/airflow/example_dags/tutorial_dag.py
[2024-05-20T08:44:36.558+0000] {processor.py:830} INFO - Processing file /home/airflow/.local/lib/python3.12/site-packages/airflow/example_dags/tutorial_dag.py for tasks to queue
[2024-05-20T08:44:36.560+0000] {logging_mixin.py:188} INFO - [2024-05-20T08:44:36.559+0000] {dagbag.py:545} INFO - Filling up the DagBag from /home/airflow/.local/lib/python3.12/site-packages/airflow/example_dags/tutorial_dag.py
[2024-05-20T08:44:36.565+0000] {processor.py:840} INFO - DAG(s) 'tutorial_dag' retrieved from /home/airflow/.local/lib/python3.12/site-packages/airflow/example_dags/tutorial_dag.py
[2024-05-20T08:44:36.587+0000] {logging_mixin.py:188} INFO - [2024-05-20T08:44:36.587+0000] {dag.py:3096} INFO - Sync 1 DAGs
[2024-05-20T08:44:36.599+0000] {logging_mixin.py:188} INFO - [2024-05-20T08:44:36.599+0000] {dag.py:3954} INFO - Setting next_dagrun for tutorial_dag to None, run_after=None
[2024-05-20T08:44:36.626+0000] {processor.py:183} INFO - Processing /home/airflow/.local/lib/python3.12/site-packages/airflow/example_dags/tutorial_dag.py took 0.074 seconds
[2024-05-20T08:45:06.754+0000] {processor.py:161} INFO - Started process (PID=1786) to work on /home/airflow/.local/lib/python3.12/site-packages/airflow/example_dags/tutorial_dag.py
[2024-05-20T08:45:06.755+0000] {processor.py:830} INFO - Processing file /home/airflow/.local/lib/python3.12/site-packages/airflow/example_dags/tutorial_dag.py for tasks to queue
[2024-05-20T08:45:06.757+0000] {logging_mixin.py:188} INFO - [2024-05-20T08:45:06.756+0000] {dagbag.py:545} INFO - Filling up the DagBag from /home/airflow/.local/lib/python3.12/site-packages/airflow/example_dags/tutorial_dag.py
[2024-05-20T08:45:06.764+0000] {processor.py:840} INFO - DAG(s) 'tutorial_dag' retrieved from /home/airflow/.local/lib/python3.12/site-packages/airflow/example_dags/tutorial_dag.py
[2024-05-20T08:45:06.786+0000] {logging_mixin.py:188} INFO - [2024-05-20T08:45:06.786+0000] {dag.py:3096} INFO - Sync 1 DAGs
[2024-05-20T08:45:06.800+0000] {logging_mixin.py:188} INFO - [2024-05-20T08:45:06.800+0000] {dag.py:3954} INFO - Setting next_dagrun for tutorial_dag to None, run_after=None
[2024-05-20T08:45:06.829+0000] {processor.py:183} INFO - Processing /home/airflow/.local/lib/python3.12/site-packages/airflow/example_dags/tutorial_dag.py took 0.082 seconds
[2024-05-20T08:45:37.268+0000] {processor.py:161} INFO - Started process (PID=1849) to work on /home/airflow/.local/lib/python3.12/site-packages/airflow/example_dags/tutorial_dag.py
[2024-05-20T08:45:37.269+0000] {processor.py:830} INFO - Processing file /home/airflow/.local/lib/python3.12/site-packages/airflow/example_dags/tutorial_dag.py for tasks to queue
[2024-05-20T08:45:37.270+0000] {logging_mixin.py:188} INFO - [2024-05-20T08:45:37.270+0000] {dagbag.py:545} INFO - Filling up the DagBag from /home/airflow/.local/lib/python3.12/site-packages/airflow/example_dags/tutorial_dag.py
[2024-05-20T08:45:37.275+0000] {processor.py:840} INFO - DAG(s) 'tutorial_dag' retrieved from /home/airflow/.local/lib/python3.12/site-packages/airflow/example_dags/tutorial_dag.py
[2024-05-20T08:45:37.295+0000] {logging_mixin.py:188} INFO - [2024-05-20T08:45:37.295+0000] {dag.py:3096} INFO - Sync 1 DAGs
[2024-05-20T08:45:37.307+0000] {logging_mixin.py:188} INFO - [2024-05-20T08:45:37.307+0000] {dag.py:3954} INFO - Setting next_dagrun for tutorial_dag to None, run_after=None
[2024-05-20T08:45:37.331+0000] {processor.py:183} INFO - Processing /home/airflow/.local/lib/python3.12/site-packages/airflow/example_dags/tutorial_dag.py took 0.069 seconds
[2024-05-20T08:46:08.162+0000] {processor.py:161} INFO - Started process (PID=1916) to work on /home/airflow/.local/lib/python3.12/site-packages/airflow/example_dags/tutorial_dag.py
[2024-05-20T08:46:08.163+0000] {processor.py:830} INFO - Processing file /home/airflow/.local/lib/python3.12/site-packages/airflow/example_dags/tutorial_dag.py for tasks to queue
[2024-05-20T08:46:08.165+0000] {logging_mixin.py:188} INFO - [2024-05-20T08:46:08.165+0000] {dagbag.py:545} INFO - Filling up the DagBag from /home/airflow/.local/lib/python3.12/site-packages/airflow/example_dags/tutorial_dag.py
[2024-05-20T08:46:08.173+0000] {processor.py:840} INFO - DAG(s) 'tutorial_dag' retrieved from /home/airflow/.local/lib/python3.12/site-packages/airflow/example_dags/tutorial_dag.py
[2024-05-20T08:46:08.201+0000] {logging_mixin.py:188} INFO - [2024-05-20T08:46:08.201+0000] {dag.py:3096} INFO - Sync 1 DAGs
[2024-05-20T08:46:08.222+0000] {logging_mixin.py:188} INFO - [2024-05-20T08:46:08.222+0000] {dag.py:3954} INFO - Setting next_dagrun for tutorial_dag to None, run_after=None
[2024-05-20T08:46:08.250+0000] {processor.py:183} INFO - Processing /home/airflow/.local/lib/python3.12/site-packages/airflow/example_dags/tutorial_dag.py took 0.095 seconds
[2024-05-20T08:46:38.589+0000] {processor.py:161} INFO - Started process (PID=1978) to work on /home/airflow/.local/lib/python3.12/site-packages/airflow/example_dags/tutorial_dag.py
[2024-05-20T08:46:38.591+0000] {processor.py:830} INFO - Processing file /home/airflow/.local/lib/python3.12/site-packages/airflow/example_dags/tutorial_dag.py for tasks to queue
[2024-05-20T08:46:38.592+0000] {logging_mixin.py:188} INFO - [2024-05-20T08:46:38.592+0000] {dagbag.py:545} INFO - Filling up the DagBag from /home/airflow/.local/lib/python3.12/site-packages/airflow/example_dags/tutorial_dag.py
[2024-05-20T08:46:38.599+0000] {processor.py:840} INFO - DAG(s) 'tutorial_dag' retrieved from /home/airflow/.local/lib/python3.12/site-packages/airflow/example_dags/tutorial_dag.py
[2024-05-20T08:46:38.622+0000] {logging_mixin.py:188} INFO - [2024-05-20T08:46:38.622+0000] {dag.py:3096} INFO - Sync 1 DAGs
[2024-05-20T08:46:38.636+0000] {logging_mixin.py:188} INFO - [2024-05-20T08:46:38.636+0000] {dag.py:3954} INFO - Setting next_dagrun for tutorial_dag to None, run_after=None
[2024-05-20T08:46:38.658+0000] {processor.py:183} INFO - Processing /home/airflow/.local/lib/python3.12/site-packages/airflow/example_dags/tutorial_dag.py took 0.076 seconds
[2024-05-20T08:47:10.039+0000] {processor.py:161} INFO - Started process (PID=2039) to work on /home/airflow/.local/lib/python3.12/site-packages/airflow/example_dags/tutorial_dag.py
[2024-05-20T08:47:10.041+0000] {processor.py:830} INFO - Processing file /home/airflow/.local/lib/python3.12/site-packages/airflow/example_dags/tutorial_dag.py for tasks to queue
[2024-05-20T08:47:10.043+0000] {logging_mixin.py:188} INFO - [2024-05-20T08:47:10.043+0000] {dagbag.py:545} INFO - Filling up the DagBag from /home/airflow/.local/lib/python3.12/site-packages/airflow/example_dags/tutorial_dag.py
[2024-05-20T08:47:10.054+0000] {processor.py:840} INFO - DAG(s) 'tutorial_dag' retrieved from /home/airflow/.local/lib/python3.12/site-packages/airflow/example_dags/tutorial_dag.py
[2024-05-20T08:47:10.106+0000] {logging_mixin.py:188} INFO - [2024-05-20T08:47:10.105+0000] {dag.py:3096} INFO - Sync 1 DAGs
[2024-05-20T08:47:10.146+0000] {logging_mixin.py:188} INFO - [2024-05-20T08:47:10.146+0000] {dag.py:3954} INFO - Setting next_dagrun for tutorial_dag to None, run_after=None
[2024-05-20T08:47:10.189+0000] {processor.py:183} INFO - Processing /home/airflow/.local/lib/python3.12/site-packages/airflow/example_dags/tutorial_dag.py took 0.162 seconds
[2024-05-20T08:47:41.382+0000] {processor.py:161} INFO - Started process (PID=2100) to work on /home/airflow/.local/lib/python3.12/site-packages/airflow/example_dags/tutorial_dag.py
[2024-05-20T08:47:41.383+0000] {processor.py:830} INFO - Processing file /home/airflow/.local/lib/python3.12/site-packages/airflow/example_dags/tutorial_dag.py for tasks to queue
[2024-05-20T08:47:41.384+0000] {logging_mixin.py:188} INFO - [2024-05-20T08:47:41.384+0000] {dagbag.py:545} INFO - Filling up the DagBag from /home/airflow/.local/lib/python3.12/site-packages/airflow/example_dags/tutorial_dag.py
[2024-05-20T08:47:41.390+0000] {processor.py:840} INFO - DAG(s) 'tutorial_dag' retrieved from /home/airflow/.local/lib/python3.12/site-packages/airflow/example_dags/tutorial_dag.py
[2024-05-20T08:47:41.411+0000] {logging_mixin.py:188} INFO - [2024-05-20T08:47:41.410+0000] {dag.py:3096} INFO - Sync 1 DAGs
[2024-05-20T08:47:41.423+0000] {logging_mixin.py:188} INFO - [2024-05-20T08:47:41.423+0000] {dag.py:3954} INFO - Setting next_dagrun for tutorial_dag to None, run_after=None
[2024-05-20T08:47:41.464+0000] {processor.py:183} INFO - Processing /home/airflow/.local/lib/python3.12/site-packages/airflow/example_dags/tutorial_dag.py took 0.087 seconds
[2024-05-20T08:48:11.672+0000] {processor.py:161} INFO - Started process (PID=2161) to work on /home/airflow/.local/lib/python3.12/site-packages/airflow/example_dags/tutorial_dag.py
[2024-05-20T08:48:11.674+0000] {processor.py:830} INFO - Processing file /home/airflow/.local/lib/python3.12/site-packages/airflow/example_dags/tutorial_dag.py for tasks to queue
[2024-05-20T08:48:11.676+0000] {logging_mixin.py:188} INFO - [2024-05-20T08:48:11.675+0000] {dagbag.py:545} INFO - Filling up the DagBag from /home/airflow/.local/lib/python3.12/site-packages/airflow/example_dags/tutorial_dag.py
[2024-05-20T08:48:11.686+0000] {processor.py:840} INFO - DAG(s) 'tutorial_dag' retrieved from /home/airflow/.local/lib/python3.12/site-packages/airflow/example_dags/tutorial_dag.py
[2024-05-20T08:48:11.731+0000] {logging_mixin.py:188} INFO - [2024-05-20T08:48:11.730+0000] {dag.py:3096} INFO - Sync 1 DAGs
[2024-05-20T08:48:11.766+0000] {logging_mixin.py:188} INFO - [2024-05-20T08:48:11.766+0000] {dag.py:3954} INFO - Setting next_dagrun for tutorial_dag to None, run_after=None
[2024-05-20T08:48:11.837+0000] {processor.py:183} INFO - Processing /home/airflow/.local/lib/python3.12/site-packages/airflow/example_dags/tutorial_dag.py took 0.176 seconds
[2024-05-20T08:48:42.610+0000] {processor.py:161} INFO - Started process (PID=2222) to work on /home/airflow/.local/lib/python3.12/site-packages/airflow/example_dags/tutorial_dag.py
[2024-05-20T08:48:42.612+0000] {processor.py:830} INFO - Processing file /home/airflow/.local/lib/python3.12/site-packages/airflow/example_dags/tutorial_dag.py for tasks to queue
[2024-05-20T08:48:42.614+0000] {logging_mixin.py:188} INFO - [2024-05-20T08:48:42.613+0000] {dagbag.py:545} INFO - Filling up the DagBag from /home/airflow/.local/lib/python3.12/site-packages/airflow/example_dags/tutorial_dag.py
[2024-05-20T08:48:42.622+0000] {processor.py:840} INFO - DAG(s) 'tutorial_dag' retrieved from /home/airflow/.local/lib/python3.12/site-packages/airflow/example_dags/tutorial_dag.py
[2024-05-20T08:48:42.657+0000] {logging_mixin.py:188} INFO - [2024-05-20T08:48:42.657+0000] {dag.py:3096} INFO - Sync 1 DAGs
[2024-05-20T08:48:42.675+0000] {logging_mixin.py:188} INFO - [2024-05-20T08:48:42.675+0000] {dag.py:3954} INFO - Setting next_dagrun for tutorial_dag to None, run_after=None
[2024-05-20T08:48:43.569+0000] {processor.py:183} INFO - Processing /home/airflow/.local/lib/python3.12/site-packages/airflow/example_dags/tutorial_dag.py took 0.968 seconds
[2024-05-20T08:49:14.092+0000] {processor.py:161} INFO - Started process (PID=2283) to work on /home/airflow/.local/lib/python3.12/site-packages/airflow/example_dags/tutorial_dag.py
[2024-05-20T08:49:14.093+0000] {processor.py:830} INFO - Processing file /home/airflow/.local/lib/python3.12/site-packages/airflow/example_dags/tutorial_dag.py for tasks to queue
[2024-05-20T08:49:14.094+0000] {logging_mixin.py:188} INFO - [2024-05-20T08:49:14.094+0000] {dagbag.py:545} INFO - Filling up the DagBag from /home/airflow/.local/lib/python3.12/site-packages/airflow/example_dags/tutorial_dag.py
[2024-05-20T08:49:14.098+0000] {processor.py:840} INFO - DAG(s) 'tutorial_dag' retrieved from /home/airflow/.local/lib/python3.12/site-packages/airflow/example_dags/tutorial_dag.py
[2024-05-20T08:49:14.118+0000] {logging_mixin.py:188} INFO - [2024-05-20T08:49:14.117+0000] {dag.py:3096} INFO - Sync 1 DAGs
[2024-05-20T08:49:14.129+0000] {logging_mixin.py:188} INFO - [2024-05-20T08:49:14.129+0000] {dag.py:3954} INFO - Setting next_dagrun for tutorial_dag to None, run_after=None
[2024-05-20T08:49:14.151+0000] {processor.py:183} INFO - Processing /home/airflow/.local/lib/python3.12/site-packages/airflow/example_dags/tutorial_dag.py took 0.064 seconds
[2024-05-20T08:49:44.677+0000] {processor.py:161} INFO - Started process (PID=2344) to work on /home/airflow/.local/lib/python3.12/site-packages/airflow/example_dags/tutorial_dag.py
[2024-05-20T08:49:44.679+0000] {processor.py:830} INFO - Processing file /home/airflow/.local/lib/python3.12/site-packages/airflow/example_dags/tutorial_dag.py for tasks to queue
[2024-05-20T08:49:44.680+0000] {logging_mixin.py:188} INFO - [2024-05-20T08:49:44.680+0000] {dagbag.py:545} INFO - Filling up the DagBag from /home/airflow/.local/lib/python3.12/site-packages/airflow/example_dags/tutorial_dag.py
[2024-05-20T08:49:44.687+0000] {processor.py:840} INFO - DAG(s) 'tutorial_dag' retrieved from /home/airflow/.local/lib/python3.12/site-packages/airflow/example_dags/tutorial_dag.py
[2024-05-20T08:49:44.715+0000] {logging_mixin.py:188} INFO - [2024-05-20T08:49:44.714+0000] {dag.py:3096} INFO - Sync 1 DAGs
[2024-05-20T08:49:44.741+0000] {logging_mixin.py:188} INFO - [2024-05-20T08:49:44.741+0000] {dag.py:3954} INFO - Setting next_dagrun for tutorial_dag to None, run_after=None
[2024-05-20T08:49:44.770+0000] {processor.py:183} INFO - Processing /home/airflow/.local/lib/python3.12/site-packages/airflow/example_dags/tutorial_dag.py took 0.100 seconds
[2024-05-20T08:50:14.859+0000] {processor.py:161} INFO - Started process (PID=2406) to work on /home/airflow/.local/lib/python3.12/site-packages/airflow/example_dags/tutorial_dag.py
[2024-05-20T08:50:14.861+0000] {processor.py:830} INFO - Processing file /home/airflow/.local/lib/python3.12/site-packages/airflow/example_dags/tutorial_dag.py for tasks to queue
[2024-05-20T08:50:14.862+0000] {logging_mixin.py:188} INFO - [2024-05-20T08:50:14.862+0000] {dagbag.py:545} INFO - Filling up the DagBag from /home/airflow/.local/lib/python3.12/site-packages/airflow/example_dags/tutorial_dag.py
[2024-05-20T08:50:14.872+0000] {processor.py:840} INFO - DAG(s) 'tutorial_dag' retrieved from /home/airflow/.local/lib/python3.12/site-packages/airflow/example_dags/tutorial_dag.py
[2024-05-20T08:50:14.897+0000] {logging_mixin.py:188} INFO - [2024-05-20T08:50:14.896+0000] {dag.py:3096} INFO - Sync 1 DAGs
[2024-05-20T08:50:14.913+0000] {logging_mixin.py:188} INFO - [2024-05-20T08:50:14.912+0000] {dag.py:3954} INFO - Setting next_dagrun for tutorial_dag to None, run_after=None
[2024-05-20T08:50:14.940+0000] {processor.py:183} INFO - Processing /home/airflow/.local/lib/python3.12/site-packages/airflow/example_dags/tutorial_dag.py took 0.089 seconds
[2024-05-20T08:50:45.365+0000] {processor.py:161} INFO - Started process (PID=2468) to work on /home/airflow/.local/lib/python3.12/site-packages/airflow/example_dags/tutorial_dag.py
[2024-05-20T08:50:45.367+0000] {processor.py:830} INFO - Processing file /home/airflow/.local/lib/python3.12/site-packages/airflow/example_dags/tutorial_dag.py for tasks to queue
[2024-05-20T08:50:45.368+0000] {logging_mixin.py:188} INFO - [2024-05-20T08:50:45.368+0000] {dagbag.py:545} INFO - Filling up the DagBag from /home/airflow/.local/lib/python3.12/site-packages/airflow/example_dags/tutorial_dag.py
[2024-05-20T08:50:45.375+0000] {processor.py:840} INFO - DAG(s) 'tutorial_dag' retrieved from /home/airflow/.local/lib/python3.12/site-packages/airflow/example_dags/tutorial_dag.py
[2024-05-20T08:50:45.400+0000] {logging_mixin.py:188} INFO - [2024-05-20T08:50:45.400+0000] {dag.py:3096} INFO - Sync 1 DAGs
[2024-05-20T08:50:45.417+0000] {logging_mixin.py:188} INFO - [2024-05-20T08:50:45.416+0000] {dag.py:3954} INFO - Setting next_dagrun for tutorial_dag to None, run_after=None
[2024-05-20T08:50:45.447+0000] {processor.py:183} INFO - Processing /home/airflow/.local/lib/python3.12/site-packages/airflow/example_dags/tutorial_dag.py took 0.089 seconds
[2024-05-20T08:51:15.696+0000] {processor.py:161} INFO - Started process (PID=2530) to work on /home/airflow/.local/lib/python3.12/site-packages/airflow/example_dags/tutorial_dag.py
[2024-05-20T08:51:15.697+0000] {processor.py:830} INFO - Processing file /home/airflow/.local/lib/python3.12/site-packages/airflow/example_dags/tutorial_dag.py for tasks to queue
[2024-05-20T08:51:15.698+0000] {logging_mixin.py:188} INFO - [2024-05-20T08:51:15.697+0000] {dagbag.py:545} INFO - Filling up the DagBag from /home/airflow/.local/lib/python3.12/site-packages/airflow/example_dags/tutorial_dag.py
[2024-05-20T08:51:15.703+0000] {processor.py:840} INFO - DAG(s) 'tutorial_dag' retrieved from /home/airflow/.local/lib/python3.12/site-packages/airflow/example_dags/tutorial_dag.py
[2024-05-20T08:51:15.725+0000] {logging_mixin.py:188} INFO - [2024-05-20T08:51:15.725+0000] {dag.py:3096} INFO - Sync 1 DAGs
[2024-05-20T08:51:15.737+0000] {logging_mixin.py:188} INFO - [2024-05-20T08:51:15.737+0000] {dag.py:3954} INFO - Setting next_dagrun for tutorial_dag to None, run_after=None
[2024-05-20T08:51:15.765+0000] {processor.py:183} INFO - Processing /home/airflow/.local/lib/python3.12/site-packages/airflow/example_dags/tutorial_dag.py took 0.074 seconds
[2024-05-20T08:51:46.630+0000] {processor.py:161} INFO - Started process (PID=2592) to work on /home/airflow/.local/lib/python3.12/site-packages/airflow/example_dags/tutorial_dag.py
[2024-05-20T08:51:46.631+0000] {processor.py:830} INFO - Processing file /home/airflow/.local/lib/python3.12/site-packages/airflow/example_dags/tutorial_dag.py for tasks to queue
[2024-05-20T08:51:46.632+0000] {logging_mixin.py:188} INFO - [2024-05-20T08:51:46.632+0000] {dagbag.py:545} INFO - Filling up the DagBag from /home/airflow/.local/lib/python3.12/site-packages/airflow/example_dags/tutorial_dag.py
[2024-05-20T08:51:46.639+0000] {processor.py:840} INFO - DAG(s) 'tutorial_dag' retrieved from /home/airflow/.local/lib/python3.12/site-packages/airflow/example_dags/tutorial_dag.py
[2024-05-20T08:51:46.661+0000] {logging_mixin.py:188} INFO - [2024-05-20T08:51:46.660+0000] {dag.py:3096} INFO - Sync 1 DAGs
[2024-05-20T08:51:46.679+0000] {logging_mixin.py:188} INFO - [2024-05-20T08:51:46.679+0000] {dag.py:3954} INFO - Setting next_dagrun for tutorial_dag to None, run_after=None
[2024-05-20T08:51:46.706+0000] {processor.py:183} INFO - Processing /home/airflow/.local/lib/python3.12/site-packages/airflow/example_dags/tutorial_dag.py took 0.085 seconds
[2024-05-20T08:52:16.953+0000] {processor.py:161} INFO - Started process (PID=2654) to work on /home/airflow/.local/lib/python3.12/site-packages/airflow/example_dags/tutorial_dag.py
[2024-05-20T08:52:16.954+0000] {processor.py:830} INFO - Processing file /home/airflow/.local/lib/python3.12/site-packages/airflow/example_dags/tutorial_dag.py for tasks to queue
[2024-05-20T08:52:16.955+0000] {logging_mixin.py:188} INFO - [2024-05-20T08:52:16.954+0000] {dagbag.py:545} INFO - Filling up the DagBag from /home/airflow/.local/lib/python3.12/site-packages/airflow/example_dags/tutorial_dag.py
[2024-05-20T08:52:16.960+0000] {processor.py:840} INFO - DAG(s) 'tutorial_dag' retrieved from /home/airflow/.local/lib/python3.12/site-packages/airflow/example_dags/tutorial_dag.py
[2024-05-20T08:52:16.981+0000] {logging_mixin.py:188} INFO - [2024-05-20T08:52:16.981+0000] {dag.py:3096} INFO - Sync 1 DAGs
[2024-05-20T08:52:16.995+0000] {logging_mixin.py:188} INFO - [2024-05-20T08:52:16.995+0000] {dag.py:3954} INFO - Setting next_dagrun for tutorial_dag to None, run_after=None
[2024-05-20T08:52:17.018+0000] {processor.py:183} INFO - Processing /home/airflow/.local/lib/python3.12/site-packages/airflow/example_dags/tutorial_dag.py took 0.070 seconds
[2024-05-20T08:52:47.118+0000] {processor.py:161} INFO - Started process (PID=2716) to work on /home/airflow/.local/lib/python3.12/site-packages/airflow/example_dags/tutorial_dag.py
[2024-05-20T08:52:47.119+0000] {processor.py:830} INFO - Processing file /home/airflow/.local/lib/python3.12/site-packages/airflow/example_dags/tutorial_dag.py for tasks to queue
[2024-05-20T08:52:47.120+0000] {logging_mixin.py:188} INFO - [2024-05-20T08:52:47.120+0000] {dagbag.py:545} INFO - Filling up the DagBag from /home/airflow/.local/lib/python3.12/site-packages/airflow/example_dags/tutorial_dag.py
[2024-05-20T08:52:47.128+0000] {processor.py:840} INFO - DAG(s) 'tutorial_dag' retrieved from /home/airflow/.local/lib/python3.12/site-packages/airflow/example_dags/tutorial_dag.py
[2024-05-20T08:52:47.154+0000] {logging_mixin.py:188} INFO - [2024-05-20T08:52:47.154+0000] {dag.py:3096} INFO - Sync 1 DAGs
[2024-05-20T08:52:47.168+0000] {logging_mixin.py:188} INFO - [2024-05-20T08:52:47.168+0000] {dag.py:3954} INFO - Setting next_dagrun for tutorial_dag to None, run_after=None
[2024-05-20T08:52:47.193+0000] {processor.py:183} INFO - Processing /home/airflow/.local/lib/python3.12/site-packages/airflow/example_dags/tutorial_dag.py took 0.082 seconds
[2024-05-20T08:53:17.526+0000] {processor.py:161} INFO - Started process (PID=2780) to work on /home/airflow/.local/lib/python3.12/site-packages/airflow/example_dags/tutorial_dag.py
[2024-05-20T08:53:17.528+0000] {processor.py:830} INFO - Processing file /home/airflow/.local/lib/python3.12/site-packages/airflow/example_dags/tutorial_dag.py for tasks to queue
[2024-05-20T08:53:17.529+0000] {logging_mixin.py:188} INFO - [2024-05-20T08:53:17.528+0000] {dagbag.py:545} INFO - Filling up the DagBag from /home/airflow/.local/lib/python3.12/site-packages/airflow/example_dags/tutorial_dag.py
[2024-05-20T08:53:17.534+0000] {processor.py:840} INFO - DAG(s) 'tutorial_dag' retrieved from /home/airflow/.local/lib/python3.12/site-packages/airflow/example_dags/tutorial_dag.py
[2024-05-20T08:53:17.554+0000] {logging_mixin.py:188} INFO - [2024-05-20T08:53:17.554+0000] {dag.py:3096} INFO - Sync 1 DAGs
[2024-05-20T08:53:17.566+0000] {logging_mixin.py:188} INFO - [2024-05-20T08:53:17.566+0000] {dag.py:3954} INFO - Setting next_dagrun for tutorial_dag to None, run_after=None
[2024-05-20T08:53:17.593+0000] {processor.py:183} INFO - Processing /home/airflow/.local/lib/python3.12/site-packages/airflow/example_dags/tutorial_dag.py took 0.073 seconds
[2024-05-20T08:53:47.792+0000] {processor.py:161} INFO - Started process (PID=2844) to work on /home/airflow/.local/lib/python3.12/site-packages/airflow/example_dags/tutorial_dag.py
[2024-05-20T08:53:47.793+0000] {processor.py:830} INFO - Processing file /home/airflow/.local/lib/python3.12/site-packages/airflow/example_dags/tutorial_dag.py for tasks to queue
[2024-05-20T08:53:47.794+0000] {logging_mixin.py:188} INFO - [2024-05-20T08:53:47.794+0000] {dagbag.py:545} INFO - Filling up the DagBag from /home/airflow/.local/lib/python3.12/site-packages/airflow/example_dags/tutorial_dag.py
[2024-05-20T08:53:47.799+0000] {processor.py:840} INFO - DAG(s) 'tutorial_dag' retrieved from /home/airflow/.local/lib/python3.12/site-packages/airflow/example_dags/tutorial_dag.py
[2024-05-20T08:53:47.819+0000] {logging_mixin.py:188} INFO - [2024-05-20T08:53:47.818+0000] {dag.py:3096} INFO - Sync 1 DAGs
[2024-05-20T08:53:47.831+0000] {logging_mixin.py:188} INFO - [2024-05-20T08:53:47.830+0000] {dag.py:3954} INFO - Setting next_dagrun for tutorial_dag to None, run_after=None
[2024-05-20T08:53:47.857+0000] {processor.py:183} INFO - Processing /home/airflow/.local/lib/python3.12/site-packages/airflow/example_dags/tutorial_dag.py took 0.071 seconds
[2024-05-20T08:54:18.595+0000] {processor.py:161} INFO - Started process (PID=2906) to work on /home/airflow/.local/lib/python3.12/site-packages/airflow/example_dags/tutorial_dag.py
[2024-05-20T08:54:18.596+0000] {processor.py:830} INFO - Processing file /home/airflow/.local/lib/python3.12/site-packages/airflow/example_dags/tutorial_dag.py for tasks to queue
[2024-05-20T08:54:18.597+0000] {logging_mixin.py:188} INFO - [2024-05-20T08:54:18.597+0000] {dagbag.py:545} INFO - Filling up the DagBag from /home/airflow/.local/lib/python3.12/site-packages/airflow/example_dags/tutorial_dag.py
[2024-05-20T08:54:18.602+0000] {processor.py:840} INFO - DAG(s) 'tutorial_dag' retrieved from /home/airflow/.local/lib/python3.12/site-packages/airflow/example_dags/tutorial_dag.py
[2024-05-20T08:54:18.623+0000] {logging_mixin.py:188} INFO - [2024-05-20T08:54:18.622+0000] {dag.py:3096} INFO - Sync 1 DAGs
[2024-05-20T08:54:18.635+0000] {logging_mixin.py:188} INFO - [2024-05-20T08:54:18.635+0000] {dag.py:3954} INFO - Setting next_dagrun for tutorial_dag to None, run_after=None
[2024-05-20T08:54:18.659+0000] {processor.py:183} INFO - Processing /home/airflow/.local/lib/python3.12/site-packages/airflow/example_dags/tutorial_dag.py took 0.070 seconds
[2024-05-20T08:54:49.385+0000] {processor.py:161} INFO - Started process (PID=2972) to work on /home/airflow/.local/lib/python3.12/site-packages/airflow/example_dags/tutorial_dag.py
[2024-05-20T08:54:49.387+0000] {processor.py:830} INFO - Processing file /home/airflow/.local/lib/python3.12/site-packages/airflow/example_dags/tutorial_dag.py for tasks to queue
[2024-05-20T08:54:49.389+0000] {logging_mixin.py:188} INFO - [2024-05-20T08:54:49.388+0000] {dagbag.py:545} INFO - Filling up the DagBag from /home/airflow/.local/lib/python3.12/site-packages/airflow/example_dags/tutorial_dag.py
[2024-05-20T08:54:49.396+0000] {processor.py:840} INFO - DAG(s) 'tutorial_dag' retrieved from /home/airflow/.local/lib/python3.12/site-packages/airflow/example_dags/tutorial_dag.py
[2024-05-20T08:54:49.429+0000] {logging_mixin.py:188} INFO - [2024-05-20T08:54:49.428+0000] {dag.py:3096} INFO - Sync 1 DAGs
[2024-05-20T08:54:49.451+0000] {logging_mixin.py:188} INFO - [2024-05-20T08:54:49.449+0000] {dag.py:3954} INFO - Setting next_dagrun for tutorial_dag to None, run_after=None
[2024-05-20T08:54:49.489+0000] {processor.py:183} INFO - Processing /home/airflow/.local/lib/python3.12/site-packages/airflow/example_dags/tutorial_dag.py took 0.111 seconds
[2024-05-20T08:55:19.603+0000] {processor.py:161} INFO - Started process (PID=3034) to work on /home/airflow/.local/lib/python3.12/site-packages/airflow/example_dags/tutorial_dag.py
[2024-05-20T08:55:19.604+0000] {processor.py:830} INFO - Processing file /home/airflow/.local/lib/python3.12/site-packages/airflow/example_dags/tutorial_dag.py for tasks to queue
[2024-05-20T08:55:19.605+0000] {logging_mixin.py:188} INFO - [2024-05-20T08:55:19.604+0000] {dagbag.py:545} INFO - Filling up the DagBag from /home/airflow/.local/lib/python3.12/site-packages/airflow/example_dags/tutorial_dag.py
[2024-05-20T08:55:19.609+0000] {processor.py:840} INFO - DAG(s) 'tutorial_dag' retrieved from /home/airflow/.local/lib/python3.12/site-packages/airflow/example_dags/tutorial_dag.py
[2024-05-20T08:55:19.632+0000] {logging_mixin.py:188} INFO - [2024-05-20T08:55:19.631+0000] {dag.py:3096} INFO - Sync 1 DAGs
[2024-05-20T08:55:19.644+0000] {logging_mixin.py:188} INFO - [2024-05-20T08:55:19.643+0000] {dag.py:3954} INFO - Setting next_dagrun for tutorial_dag to None, run_after=None
[2024-05-20T08:55:19.667+0000] {processor.py:183} INFO - Processing /home/airflow/.local/lib/python3.12/site-packages/airflow/example_dags/tutorial_dag.py took 0.072 seconds
[2024-05-20T08:55:50.471+0000] {processor.py:161} INFO - Started process (PID=3096) to work on /home/airflow/.local/lib/python3.12/site-packages/airflow/example_dags/tutorial_dag.py
[2024-05-20T08:55:50.472+0000] {processor.py:830} INFO - Processing file /home/airflow/.local/lib/python3.12/site-packages/airflow/example_dags/tutorial_dag.py for tasks to queue
[2024-05-20T08:55:50.474+0000] {logging_mixin.py:188} INFO - [2024-05-20T08:55:50.473+0000] {dagbag.py:545} INFO - Filling up the DagBag from /home/airflow/.local/lib/python3.12/site-packages/airflow/example_dags/tutorial_dag.py
[2024-05-20T08:55:50.483+0000] {processor.py:840} INFO - DAG(s) 'tutorial_dag' retrieved from /home/airflow/.local/lib/python3.12/site-packages/airflow/example_dags/tutorial_dag.py
[2024-05-20T08:55:50.511+0000] {logging_mixin.py:188} INFO - [2024-05-20T08:55:50.510+0000] {dag.py:3096} INFO - Sync 1 DAGs
[2024-05-20T08:55:50.527+0000] {logging_mixin.py:188} INFO - [2024-05-20T08:55:50.527+0000] {dag.py:3954} INFO - Setting next_dagrun for tutorial_dag to None, run_after=None
[2024-05-20T08:55:50.562+0000] {processor.py:183} INFO - Processing /home/airflow/.local/lib/python3.12/site-packages/airflow/example_dags/tutorial_dag.py took 0.098 seconds
[2024-05-20T08:56:21.271+0000] {processor.py:161} INFO - Started process (PID=3158) to work on /home/airflow/.local/lib/python3.12/site-packages/airflow/example_dags/tutorial_dag.py
[2024-05-20T08:56:21.272+0000] {processor.py:830} INFO - Processing file /home/airflow/.local/lib/python3.12/site-packages/airflow/example_dags/tutorial_dag.py for tasks to queue
[2024-05-20T08:56:21.274+0000] {logging_mixin.py:188} INFO - [2024-05-20T08:56:21.273+0000] {dagbag.py:545} INFO - Filling up the DagBag from /home/airflow/.local/lib/python3.12/site-packages/airflow/example_dags/tutorial_dag.py
[2024-05-20T08:56:21.282+0000] {processor.py:840} INFO - DAG(s) 'tutorial_dag' retrieved from /home/airflow/.local/lib/python3.12/site-packages/airflow/example_dags/tutorial_dag.py
[2024-05-20T08:56:21.309+0000] {logging_mixin.py:188} INFO - [2024-05-20T08:56:21.308+0000] {dag.py:3096} INFO - Sync 1 DAGs
[2024-05-20T08:56:21.324+0000] {logging_mixin.py:188} INFO - [2024-05-20T08:56:21.324+0000] {dag.py:3954} INFO - Setting next_dagrun for tutorial_dag to None, run_after=None
[2024-05-20T08:56:21.355+0000] {processor.py:183} INFO - Processing /home/airflow/.local/lib/python3.12/site-packages/airflow/example_dags/tutorial_dag.py took 0.092 seconds
[2024-05-20T08:56:52.030+0000] {processor.py:161} INFO - Started process (PID=3226) to work on /home/airflow/.local/lib/python3.12/site-packages/airflow/example_dags/tutorial_dag.py
[2024-05-20T08:56:52.031+0000] {processor.py:830} INFO - Processing file /home/airflow/.local/lib/python3.12/site-packages/airflow/example_dags/tutorial_dag.py for tasks to queue
[2024-05-20T08:56:52.032+0000] {logging_mixin.py:188} INFO - [2024-05-20T08:56:52.032+0000] {dagbag.py:545} INFO - Filling up the DagBag from /home/airflow/.local/lib/python3.12/site-packages/airflow/example_dags/tutorial_dag.py
[2024-05-20T08:56:52.037+0000] {processor.py:840} INFO - DAG(s) 'tutorial_dag' retrieved from /home/airflow/.local/lib/python3.12/site-packages/airflow/example_dags/tutorial_dag.py
[2024-05-20T08:56:52.058+0000] {logging_mixin.py:188} INFO - [2024-05-20T08:56:52.058+0000] {dag.py:3096} INFO - Sync 1 DAGs
[2024-05-20T08:56:52.071+0000] {logging_mixin.py:188} INFO - [2024-05-20T08:56:52.071+0000] {dag.py:3954} INFO - Setting next_dagrun for tutorial_dag to None, run_after=None
[2024-05-20T08:56:52.099+0000] {processor.py:183} INFO - Processing /home/airflow/.local/lib/python3.12/site-packages/airflow/example_dags/tutorial_dag.py took 0.076 seconds
[2024-05-20T08:57:22.726+0000] {processor.py:161} INFO - Started process (PID=3288) to work on /home/airflow/.local/lib/python3.12/site-packages/airflow/example_dags/tutorial_dag.py
[2024-05-20T08:57:22.727+0000] {processor.py:830} INFO - Processing file /home/airflow/.local/lib/python3.12/site-packages/airflow/example_dags/tutorial_dag.py for tasks to queue
[2024-05-20T08:57:22.728+0000] {logging_mixin.py:188} INFO - [2024-05-20T08:57:22.728+0000] {dagbag.py:545} INFO - Filling up the DagBag from /home/airflow/.local/lib/python3.12/site-packages/airflow/example_dags/tutorial_dag.py
[2024-05-20T08:57:22.733+0000] {processor.py:840} INFO - DAG(s) 'tutorial_dag' retrieved from /home/airflow/.local/lib/python3.12/site-packages/airflow/example_dags/tutorial_dag.py
[2024-05-20T08:57:22.757+0000] {logging_mixin.py:188} INFO - [2024-05-20T08:57:22.757+0000] {dag.py:3096} INFO - Sync 1 DAGs
[2024-05-20T08:57:22.770+0000] {logging_mixin.py:188} INFO - [2024-05-20T08:57:22.770+0000] {dag.py:3954} INFO - Setting next_dagrun for tutorial_dag to None, run_after=None
[2024-05-20T08:57:22.799+0000] {processor.py:183} INFO - Processing /home/airflow/.local/lib/python3.12/site-packages/airflow/example_dags/tutorial_dag.py took 0.080 seconds
[2024-05-20T08:57:53.598+0000] {processor.py:161} INFO - Started process (PID=3350) to work on /home/airflow/.local/lib/python3.12/site-packages/airflow/example_dags/tutorial_dag.py
[2024-05-20T08:57:53.600+0000] {processor.py:830} INFO - Processing file /home/airflow/.local/lib/python3.12/site-packages/airflow/example_dags/tutorial_dag.py for tasks to queue
[2024-05-20T08:57:53.601+0000] {logging_mixin.py:188} INFO - [2024-05-20T08:57:53.600+0000] {dagbag.py:545} INFO - Filling up the DagBag from /home/airflow/.local/lib/python3.12/site-packages/airflow/example_dags/tutorial_dag.py
[2024-05-20T08:57:53.608+0000] {processor.py:840} INFO - DAG(s) 'tutorial_dag' retrieved from /home/airflow/.local/lib/python3.12/site-packages/airflow/example_dags/tutorial_dag.py
[2024-05-20T08:57:53.637+0000] {logging_mixin.py:188} INFO - [2024-05-20T08:57:53.637+0000] {dag.py:3096} INFO - Sync 1 DAGs
[2024-05-20T08:57:53.664+0000] {logging_mixin.py:188} INFO - [2024-05-20T08:57:53.664+0000] {dag.py:3954} INFO - Setting next_dagrun for tutorial_dag to None, run_after=None
[2024-05-20T08:57:53.701+0000] {processor.py:183} INFO - Processing /home/airflow/.local/lib/python3.12/site-packages/airflow/example_dags/tutorial_dag.py took 0.112 seconds
[2024-05-20T08:58:24.634+0000] {processor.py:161} INFO - Started process (PID=3411) to work on /home/airflow/.local/lib/python3.12/site-packages/airflow/example_dags/tutorial_dag.py
[2024-05-20T08:58:24.636+0000] {processor.py:830} INFO - Processing file /home/airflow/.local/lib/python3.12/site-packages/airflow/example_dags/tutorial_dag.py for tasks to queue
[2024-05-20T08:58:24.636+0000] {logging_mixin.py:188} INFO - [2024-05-20T08:58:24.636+0000] {dagbag.py:545} INFO - Filling up the DagBag from /home/airflow/.local/lib/python3.12/site-packages/airflow/example_dags/tutorial_dag.py
[2024-05-20T08:58:24.643+0000] {processor.py:840} INFO - DAG(s) 'tutorial_dag' retrieved from /home/airflow/.local/lib/python3.12/site-packages/airflow/example_dags/tutorial_dag.py
[2024-05-20T08:58:24.664+0000] {logging_mixin.py:188} INFO - [2024-05-20T08:58:24.664+0000] {dag.py:3096} INFO - Sync 1 DAGs
[2024-05-20T08:58:24.677+0000] {logging_mixin.py:188} INFO - [2024-05-20T08:58:24.677+0000] {dag.py:3954} INFO - Setting next_dagrun for tutorial_dag to None, run_after=None
[2024-05-20T08:58:24.698+0000] {processor.py:183} INFO - Processing /home/airflow/.local/lib/python3.12/site-packages/airflow/example_dags/tutorial_dag.py took 0.072 seconds
[2024-05-20T08:58:54.861+0000] {processor.py:161} INFO - Started process (PID=3472) to work on /home/airflow/.local/lib/python3.12/site-packages/airflow/example_dags/tutorial_dag.py
[2024-05-20T08:58:54.862+0000] {processor.py:830} INFO - Processing file /home/airflow/.local/lib/python3.12/site-packages/airflow/example_dags/tutorial_dag.py for tasks to queue
[2024-05-20T08:58:54.864+0000] {logging_mixin.py:188} INFO - [2024-05-20T08:58:54.863+0000] {dagbag.py:545} INFO - Filling up the DagBag from /home/airflow/.local/lib/python3.12/site-packages/airflow/example_dags/tutorial_dag.py
[2024-05-20T08:58:54.873+0000] {processor.py:840} INFO - DAG(s) 'tutorial_dag' retrieved from /home/airflow/.local/lib/python3.12/site-packages/airflow/example_dags/tutorial_dag.py
[2024-05-20T08:58:54.906+0000] {logging_mixin.py:188} INFO - [2024-05-20T08:58:54.905+0000] {dag.py:3096} INFO - Sync 1 DAGs
[2024-05-20T08:58:54.925+0000] {logging_mixin.py:188} INFO - [2024-05-20T08:58:54.924+0000] {dag.py:3954} INFO - Setting next_dagrun for tutorial_dag to None, run_after=None
[2024-05-20T08:58:54.959+0000] {processor.py:183} INFO - Processing /home/airflow/.local/lib/python3.12/site-packages/airflow/example_dags/tutorial_dag.py took 0.106 seconds
[2024-05-20T08:59:25.182+0000] {processor.py:161} INFO - Started process (PID=3533) to work on /home/airflow/.local/lib/python3.12/site-packages/airflow/example_dags/tutorial_dag.py
[2024-05-20T08:59:25.184+0000] {processor.py:830} INFO - Processing file /home/airflow/.local/lib/python3.12/site-packages/airflow/example_dags/tutorial_dag.py for tasks to queue
[2024-05-20T08:59:25.185+0000] {logging_mixin.py:188} INFO - [2024-05-20T08:59:25.185+0000] {dagbag.py:545} INFO - Filling up the DagBag from /home/airflow/.local/lib/python3.12/site-packages/airflow/example_dags/tutorial_dag.py
[2024-05-20T08:59:25.191+0000] {processor.py:840} INFO - DAG(s) 'tutorial_dag' retrieved from /home/airflow/.local/lib/python3.12/site-packages/airflow/example_dags/tutorial_dag.py
[2024-05-20T08:59:25.212+0000] {logging_mixin.py:188} INFO - [2024-05-20T08:59:25.211+0000] {dag.py:3096} INFO - Sync 1 DAGs
[2024-05-20T08:59:25.227+0000] {logging_mixin.py:188} INFO - [2024-05-20T08:59:25.226+0000] {dag.py:3954} INFO - Setting next_dagrun for tutorial_dag to None, run_after=None
[2024-05-20T08:59:25.249+0000] {processor.py:183} INFO - Processing /home/airflow/.local/lib/python3.12/site-packages/airflow/example_dags/tutorial_dag.py took 0.073 seconds
[2024-05-20T08:59:55.932+0000] {processor.py:161} INFO - Started process (PID=3594) to work on /home/airflow/.local/lib/python3.12/site-packages/airflow/example_dags/tutorial_dag.py
[2024-05-20T08:59:55.936+0000] {processor.py:830} INFO - Processing file /home/airflow/.local/lib/python3.12/site-packages/airflow/example_dags/tutorial_dag.py for tasks to queue
[2024-05-20T08:59:55.937+0000] {logging_mixin.py:188} INFO - [2024-05-20T08:59:55.937+0000] {dagbag.py:545} INFO - Filling up the DagBag from /home/airflow/.local/lib/python3.12/site-packages/airflow/example_dags/tutorial_dag.py
[2024-05-20T08:59:55.945+0000] {processor.py:840} INFO - DAG(s) 'tutorial_dag' retrieved from /home/airflow/.local/lib/python3.12/site-packages/airflow/example_dags/tutorial_dag.py
[2024-05-20T08:59:55.973+0000] {logging_mixin.py:188} INFO - [2024-05-20T08:59:55.973+0000] {dag.py:3096} INFO - Sync 1 DAGs
[2024-05-20T08:59:55.990+0000] {logging_mixin.py:188} INFO - [2024-05-20T08:59:55.989+0000] {dag.py:3954} INFO - Setting next_dagrun for tutorial_dag to None, run_after=None
[2024-05-20T08:59:56.016+0000] {processor.py:183} INFO - Processing /home/airflow/.local/lib/python3.12/site-packages/airflow/example_dags/tutorial_dag.py took 0.091 seconds
[2024-05-20T09:00:26.959+0000] {processor.py:161} INFO - Started process (PID=3656) to work on /home/airflow/.local/lib/python3.12/site-packages/airflow/example_dags/tutorial_dag.py
[2024-05-20T09:00:26.960+0000] {processor.py:830} INFO - Processing file /home/airflow/.local/lib/python3.12/site-packages/airflow/example_dags/tutorial_dag.py for tasks to queue
[2024-05-20T09:00:26.961+0000] {logging_mixin.py:188} INFO - [2024-05-20T09:00:26.960+0000] {dagbag.py:545} INFO - Filling up the DagBag from /home/airflow/.local/lib/python3.12/site-packages/airflow/example_dags/tutorial_dag.py
[2024-05-20T09:00:26.966+0000] {processor.py:840} INFO - DAG(s) 'tutorial_dag' retrieved from /home/airflow/.local/lib/python3.12/site-packages/airflow/example_dags/tutorial_dag.py
[2024-05-20T09:00:26.987+0000] {logging_mixin.py:188} INFO - [2024-05-20T09:00:26.987+0000] {dag.py:3096} INFO - Sync 1 DAGs
[2024-05-20T09:00:26.999+0000] {logging_mixin.py:188} INFO - [2024-05-20T09:00:26.998+0000] {dag.py:3954} INFO - Setting next_dagrun for tutorial_dag to None, run_after=None
[2024-05-20T09:00:27.021+0000] {processor.py:183} INFO - Processing /home/airflow/.local/lib/python3.12/site-packages/airflow/example_dags/tutorial_dag.py took 0.068 seconds
[2024-05-20T09:00:57.661+0000] {processor.py:161} INFO - Started process (PID=3718) to work on /home/airflow/.local/lib/python3.12/site-packages/airflow/example_dags/tutorial_dag.py
[2024-05-20T09:00:57.662+0000] {processor.py:830} INFO - Processing file /home/airflow/.local/lib/python3.12/site-packages/airflow/example_dags/tutorial_dag.py for tasks to queue
[2024-05-20T09:00:57.663+0000] {logging_mixin.py:188} INFO - [2024-05-20T09:00:57.663+0000] {dagbag.py:545} INFO - Filling up the DagBag from /home/airflow/.local/lib/python3.12/site-packages/airflow/example_dags/tutorial_dag.py
[2024-05-20T09:00:57.669+0000] {processor.py:840} INFO - DAG(s) 'tutorial_dag' retrieved from /home/airflow/.local/lib/python3.12/site-packages/airflow/example_dags/tutorial_dag.py
[2024-05-20T09:00:57.690+0000] {logging_mixin.py:188} INFO - [2024-05-20T09:00:57.690+0000] {dag.py:3096} INFO - Sync 1 DAGs
[2024-05-20T09:00:57.703+0000] {logging_mixin.py:188} INFO - [2024-05-20T09:00:57.703+0000] {dag.py:3954} INFO - Setting next_dagrun for tutorial_dag to None, run_after=None
[2024-05-20T09:00:57.751+0000] {processor.py:183} INFO - Processing /home/airflow/.local/lib/python3.12/site-packages/airflow/example_dags/tutorial_dag.py took 0.096 seconds
[2024-05-20T09:01:27.840+0000] {processor.py:161} INFO - Started process (PID=3780) to work on /home/airflow/.local/lib/python3.12/site-packages/airflow/example_dags/tutorial_dag.py
[2024-05-20T09:01:27.841+0000] {processor.py:830} INFO - Processing file /home/airflow/.local/lib/python3.12/site-packages/airflow/example_dags/tutorial_dag.py for tasks to queue
[2024-05-20T09:01:27.842+0000] {logging_mixin.py:188} INFO - [2024-05-20T09:01:27.842+0000] {dagbag.py:545} INFO - Filling up the DagBag from /home/airflow/.local/lib/python3.12/site-packages/airflow/example_dags/tutorial_dag.py
[2024-05-20T09:01:27.849+0000] {processor.py:840} INFO - DAG(s) 'tutorial_dag' retrieved from /home/airflow/.local/lib/python3.12/site-packages/airflow/example_dags/tutorial_dag.py
[2024-05-20T09:01:27.881+0000] {logging_mixin.py:188} INFO - [2024-05-20T09:01:27.880+0000] {dag.py:3096} INFO - Sync 1 DAGs
[2024-05-20T09:01:27.897+0000] {logging_mixin.py:188} INFO - [2024-05-20T09:01:27.897+0000] {dag.py:3954} INFO - Setting next_dagrun for tutorial_dag to None, run_after=None
[2024-05-20T09:01:27.922+0000] {processor.py:183} INFO - Processing /home/airflow/.local/lib/python3.12/site-packages/airflow/example_dags/tutorial_dag.py took 0.090 seconds
[2024-05-20T09:01:59.597+0000] {processor.py:161} INFO - Started process (PID=3837) to work on /home/airflow/.local/lib/python3.12/site-packages/airflow/example_dags/tutorial_dag.py
[2024-05-20T09:01:59.599+0000] {processor.py:830} INFO - Processing file /home/airflow/.local/lib/python3.12/site-packages/airflow/example_dags/tutorial_dag.py for tasks to queue
[2024-05-20T09:01:59.602+0000] {logging_mixin.py:188} INFO - [2024-05-20T09:01:59.601+0000] {dagbag.py:545} INFO - Filling up the DagBag from /home/airflow/.local/lib/python3.12/site-packages/airflow/example_dags/tutorial_dag.py
[2024-05-20T09:01:59.615+0000] {processor.py:840} INFO - DAG(s) 'tutorial_dag' retrieved from /home/airflow/.local/lib/python3.12/site-packages/airflow/example_dags/tutorial_dag.py
[2024-05-20T09:01:59.654+0000] {logging_mixin.py:188} INFO - [2024-05-20T09:01:59.654+0000] {dag.py:3096} INFO - Sync 1 DAGs
[2024-05-20T09:01:59.696+0000] {logging_mixin.py:188} INFO - [2024-05-20T09:01:59.696+0000] {dag.py:3954} INFO - Setting next_dagrun for tutorial_dag to None, run_after=None
[2024-05-20T09:01:59.749+0000] {processor.py:183} INFO - Processing /home/airflow/.local/lib/python3.12/site-packages/airflow/example_dags/tutorial_dag.py took 0.162 seconds
[2024-05-20T09:02:30.007+0000] {processor.py:161} INFO - Started process (PID=3899) to work on /home/airflow/.local/lib/python3.12/site-packages/airflow/example_dags/tutorial_dag.py
[2024-05-20T09:02:30.009+0000] {processor.py:830} INFO - Processing file /home/airflow/.local/lib/python3.12/site-packages/airflow/example_dags/tutorial_dag.py for tasks to queue
[2024-05-20T09:02:30.011+0000] {logging_mixin.py:188} INFO - [2024-05-20T09:02:30.010+0000] {dagbag.py:545} INFO - Filling up the DagBag from /home/airflow/.local/lib/python3.12/site-packages/airflow/example_dags/tutorial_dag.py
[2024-05-20T09:02:30.017+0000] {processor.py:840} INFO - DAG(s) 'tutorial_dag' retrieved from /home/airflow/.local/lib/python3.12/site-packages/airflow/example_dags/tutorial_dag.py
[2024-05-20T09:02:30.045+0000] {logging_mixin.py:188} INFO - [2024-05-20T09:02:30.045+0000] {dag.py:3096} INFO - Sync 1 DAGs
[2024-05-20T09:02:30.062+0000] {logging_mixin.py:188} INFO - [2024-05-20T09:02:30.062+0000] {dag.py:3954} INFO - Setting next_dagrun for tutorial_dag to None, run_after=None
[2024-05-20T09:02:30.094+0000] {processor.py:183} INFO - Processing /home/airflow/.local/lib/python3.12/site-packages/airflow/example_dags/tutorial_dag.py took 0.094 seconds
[2024-05-20T09:03:00.219+0000] {processor.py:161} INFO - Started process (PID=3961) to work on /home/airflow/.local/lib/python3.12/site-packages/airflow/example_dags/tutorial_dag.py
[2024-05-20T09:03:00.221+0000] {processor.py:830} INFO - Processing file /home/airflow/.local/lib/python3.12/site-packages/airflow/example_dags/tutorial_dag.py for tasks to queue
[2024-05-20T09:03:00.224+0000] {logging_mixin.py:188} INFO - [2024-05-20T09:03:00.223+0000] {dagbag.py:545} INFO - Filling up the DagBag from /home/airflow/.local/lib/python3.12/site-packages/airflow/example_dags/tutorial_dag.py
[2024-05-20T09:03:00.233+0000] {processor.py:840} INFO - DAG(s) 'tutorial_dag' retrieved from /home/airflow/.local/lib/python3.12/site-packages/airflow/example_dags/tutorial_dag.py
[2024-05-20T09:03:00.261+0000] {logging_mixin.py:188} INFO - [2024-05-20T09:03:00.260+0000] {dag.py:3096} INFO - Sync 1 DAGs
[2024-05-20T09:03:00.281+0000] {logging_mixin.py:188} INFO - [2024-05-20T09:03:00.280+0000] {dag.py:3954} INFO - Setting next_dagrun for tutorial_dag to None, run_after=None
[2024-05-20T09:03:00.309+0000] {processor.py:183} INFO - Processing /home/airflow/.local/lib/python3.12/site-packages/airflow/example_dags/tutorial_dag.py took 0.102 seconds
[2024-05-20T09:03:30.619+0000] {processor.py:161} INFO - Started process (PID=4023) to work on /home/airflow/.local/lib/python3.12/site-packages/airflow/example_dags/tutorial_dag.py
[2024-05-20T09:03:30.621+0000] {processor.py:830} INFO - Processing file /home/airflow/.local/lib/python3.12/site-packages/airflow/example_dags/tutorial_dag.py for tasks to queue
[2024-05-20T09:03:30.622+0000] {logging_mixin.py:188} INFO - [2024-05-20T09:03:30.622+0000] {dagbag.py:545} INFO - Filling up the DagBag from /home/airflow/.local/lib/python3.12/site-packages/airflow/example_dags/tutorial_dag.py
[2024-05-20T09:03:30.629+0000] {processor.py:840} INFO - DAG(s) 'tutorial_dag' retrieved from /home/airflow/.local/lib/python3.12/site-packages/airflow/example_dags/tutorial_dag.py
[2024-05-20T09:03:30.655+0000] {logging_mixin.py:188} INFO - [2024-05-20T09:03:30.654+0000] {dag.py:3096} INFO - Sync 1 DAGs
[2024-05-20T09:03:30.670+0000] {logging_mixin.py:188} INFO - [2024-05-20T09:03:30.670+0000] {dag.py:3954} INFO - Setting next_dagrun for tutorial_dag to None, run_after=None
[2024-05-20T09:03:30.705+0000] {processor.py:183} INFO - Processing /home/airflow/.local/lib/python3.12/site-packages/airflow/example_dags/tutorial_dag.py took 0.093 seconds
[2024-05-20T09:04:00.936+0000] {processor.py:161} INFO - Started process (PID=4085) to work on /home/airflow/.local/lib/python3.12/site-packages/airflow/example_dags/tutorial_dag.py
[2024-05-20T09:04:00.937+0000] {processor.py:830} INFO - Processing file /home/airflow/.local/lib/python3.12/site-packages/airflow/example_dags/tutorial_dag.py for tasks to queue
[2024-05-20T09:04:00.939+0000] {logging_mixin.py:188} INFO - [2024-05-20T09:04:00.938+0000] {dagbag.py:545} INFO - Filling up the DagBag from /home/airflow/.local/lib/python3.12/site-packages/airflow/example_dags/tutorial_dag.py
[2024-05-20T09:04:00.945+0000] {processor.py:840} INFO - DAG(s) 'tutorial_dag' retrieved from /home/airflow/.local/lib/python3.12/site-packages/airflow/example_dags/tutorial_dag.py
[2024-05-20T09:04:00.973+0000] {logging_mixin.py:188} INFO - [2024-05-20T09:04:00.973+0000] {dag.py:3096} INFO - Sync 1 DAGs
[2024-05-20T09:04:00.994+0000] {logging_mixin.py:188} INFO - [2024-05-20T09:04:00.993+0000] {dag.py:3954} INFO - Setting next_dagrun for tutorial_dag to None, run_after=None
[2024-05-20T09:04:01.024+0000] {processor.py:183} INFO - Processing /home/airflow/.local/lib/python3.12/site-packages/airflow/example_dags/tutorial_dag.py took 0.104 seconds
[2024-05-20T09:04:31.151+0000] {processor.py:161} INFO - Started process (PID=4147) to work on /home/airflow/.local/lib/python3.12/site-packages/airflow/example_dags/tutorial_dag.py
[2024-05-20T09:04:31.152+0000] {processor.py:830} INFO - Processing file /home/airflow/.local/lib/python3.12/site-packages/airflow/example_dags/tutorial_dag.py for tasks to queue
[2024-05-20T09:04:31.153+0000] {logging_mixin.py:188} INFO - [2024-05-20T09:04:31.153+0000] {dagbag.py:545} INFO - Filling up the DagBag from /home/airflow/.local/lib/python3.12/site-packages/airflow/example_dags/tutorial_dag.py
[2024-05-20T09:04:31.159+0000] {processor.py:840} INFO - DAG(s) 'tutorial_dag' retrieved from /home/airflow/.local/lib/python3.12/site-packages/airflow/example_dags/tutorial_dag.py
[2024-05-20T09:04:31.186+0000] {logging_mixin.py:188} INFO - [2024-05-20T09:04:31.185+0000] {dag.py:3096} INFO - Sync 1 DAGs
[2024-05-20T09:04:31.200+0000] {logging_mixin.py:188} INFO - [2024-05-20T09:04:31.199+0000] {dag.py:3954} INFO - Setting next_dagrun for tutorial_dag to None, run_after=None
[2024-05-20T09:04:31.230+0000] {processor.py:183} INFO - Processing /home/airflow/.local/lib/python3.12/site-packages/airflow/example_dags/tutorial_dag.py took 0.087 seconds
[2024-05-20T09:05:01.616+0000] {processor.py:161} INFO - Started process (PID=4209) to work on /home/airflow/.local/lib/python3.12/site-packages/airflow/example_dags/tutorial_dag.py
[2024-05-20T09:05:01.618+0000] {processor.py:830} INFO - Processing file /home/airflow/.local/lib/python3.12/site-packages/airflow/example_dags/tutorial_dag.py for tasks to queue
[2024-05-20T09:05:01.619+0000] {logging_mixin.py:188} INFO - [2024-05-20T09:05:01.619+0000] {dagbag.py:545} INFO - Filling up the DagBag from /home/airflow/.local/lib/python3.12/site-packages/airflow/example_dags/tutorial_dag.py
[2024-05-20T09:05:01.626+0000] {processor.py:840} INFO - DAG(s) 'tutorial_dag' retrieved from /home/airflow/.local/lib/python3.12/site-packages/airflow/example_dags/tutorial_dag.py
[2024-05-20T09:05:01.651+0000] {logging_mixin.py:188} INFO - [2024-05-20T09:05:01.650+0000] {dag.py:3096} INFO - Sync 1 DAGs
[2024-05-20T09:05:01.666+0000] {logging_mixin.py:188} INFO - [2024-05-20T09:05:01.665+0000] {dag.py:3954} INFO - Setting next_dagrun for tutorial_dag to None, run_after=None
[2024-05-20T09:05:01.700+0000] {processor.py:183} INFO - Processing /home/airflow/.local/lib/python3.12/site-packages/airflow/example_dags/tutorial_dag.py took 0.091 seconds
[2024-05-20T09:05:31.875+0000] {processor.py:161} INFO - Started process (PID=4271) to work on /home/airflow/.local/lib/python3.12/site-packages/airflow/example_dags/tutorial_dag.py
[2024-05-20T09:05:31.877+0000] {processor.py:830} INFO - Processing file /home/airflow/.local/lib/python3.12/site-packages/airflow/example_dags/tutorial_dag.py for tasks to queue
[2024-05-20T09:05:31.878+0000] {logging_mixin.py:188} INFO - [2024-05-20T09:05:31.878+0000] {dagbag.py:545} INFO - Filling up the DagBag from /home/airflow/.local/lib/python3.12/site-packages/airflow/example_dags/tutorial_dag.py
[2024-05-20T09:05:31.885+0000] {processor.py:840} INFO - DAG(s) 'tutorial_dag' retrieved from /home/airflow/.local/lib/python3.12/site-packages/airflow/example_dags/tutorial_dag.py
[2024-05-20T09:05:31.912+0000] {logging_mixin.py:188} INFO - [2024-05-20T09:05:31.912+0000] {dag.py:3096} INFO - Sync 1 DAGs
[2024-05-20T09:05:31.927+0000] {logging_mixin.py:188} INFO - [2024-05-20T09:05:31.926+0000] {dag.py:3954} INFO - Setting next_dagrun for tutorial_dag to None, run_after=None
[2024-05-20T09:05:31.957+0000] {processor.py:183} INFO - Processing /home/airflow/.local/lib/python3.12/site-packages/airflow/example_dags/tutorial_dag.py took 0.090 seconds
[2024-05-20T09:11:52.547+0000] {processor.py:161} INFO - Started process (PID=4300) to work on /home/airflow/.local/lib/python3.12/site-packages/airflow/example_dags/tutorial_dag.py
[2024-05-20T09:11:52.549+0000] {processor.py:830} INFO - Processing file /home/airflow/.local/lib/python3.12/site-packages/airflow/example_dags/tutorial_dag.py for tasks to queue
[2024-05-20T09:11:52.558+0000] {logging_mixin.py:188} INFO - [2024-05-20T09:11:52.557+0000] {dagbag.py:545} INFO - Filling up the DagBag from /home/airflow/.local/lib/python3.12/site-packages/airflow/example_dags/tutorial_dag.py
[2024-05-20T09:11:52.569+0000] {processor.py:840} INFO - DAG(s) 'tutorial_dag' retrieved from /home/airflow/.local/lib/python3.12/site-packages/airflow/example_dags/tutorial_dag.py
[2024-05-20T09:11:52.623+0000] {logging_mixin.py:188} INFO - [2024-05-20T09:11:52.623+0000] {dag.py:3096} INFO - Sync 1 DAGs
[2024-05-20T09:11:52.659+0000] {logging_mixin.py:188} INFO - [2024-05-20T09:11:52.659+0000] {dag.py:3954} INFO - Setting next_dagrun for tutorial_dag to None, run_after=None
[2024-05-20T09:11:52.697+0000] {processor.py:183} INFO - Processing /home/airflow/.local/lib/python3.12/site-packages/airflow/example_dags/tutorial_dag.py took 0.171 seconds
