[2024-05-14T05:32:17.740+0000] {local_task_job_runner.py:120} INFO - ::group::Pre task execution logs
[2024-05-14T05:32:17.896+0000] {taskinstance.py:2076} INFO - Dependencies all met for dep_context=non-requeueable deps ti=<TaskInstance: tugas_workflow_v1.task_6 scheduled__2024-01-26T00:00:00+00:00 [queued]>
[2024-05-14T05:32:17.935+0000] {taskinstance.py:2076} INFO - Dependencies all met for dep_context=requeueable deps ti=<TaskInstance: tugas_workflow_v1.task_6 scheduled__2024-01-26T00:00:00+00:00 [queued]>
[2024-05-14T05:32:17.945+0000] {taskinstance.py:2306} INFO - Starting attempt 1 of 6
[2024-05-14T05:32:18.038+0000] {taskinstance.py:2330} INFO - Executing <Task(BashOperator): task_6> on 2024-01-26 00:00:00+00:00
[2024-05-14T05:32:18.104+0000] {warnings.py:110} WARNING - /home/***/.local/lib/python3.12/site-packages/***/task/task_runner/standard_task_runner.py:61: DeprecationWarning: This process (pid=4952) is multi-threaded, use of fork() may lead to deadlocks in the child.
  pid = os.fork()

[2024-05-14T05:32:18.116+0000] {standard_task_runner.py:63} INFO - Started process 4989 to run task
[2024-05-14T05:32:18.104+0000] {standard_task_runner.py:90} INFO - Running: ['***', 'tasks', 'run', 'tugas_workflow_v1', 'task_6', 'scheduled__2024-01-26T00:00:00+00:00', '--job-id', '976', '--raw', '--subdir', 'DAGS_FOLDER/__pycache__/prioritas_1.py', '--cfg-path', '/tmp/tmp3fz8ugdz']
[2024-05-14T05:32:18.193+0000] {standard_task_runner.py:91} INFO - Job 976: Subtask task_6
[2024-05-14T05:32:18.427+0000] {task_command.py:426} INFO - Running <TaskInstance: tugas_workflow_v1.task_6 scheduled__2024-01-26T00:00:00+00:00 [running]> on host 0391a550332e
[2024-05-14T05:32:18.919+0000] {taskinstance.py:2648} INFO - Exporting env vars: AIRFLOW_CTX_DAG_OWNER='sinta' AIRFLOW_CTX_DAG_ID='tugas_workflow_v1' AIRFLOW_CTX_TASK_ID='task_6' AIRFLOW_CTX_EXECUTION_DATE='2024-01-26T00:00:00+00:00' AIRFLOW_CTX_TRY_NUMBER='1' AIRFLOW_CTX_DAG_RUN_ID='scheduled__2024-01-26T00:00:00+00:00'
[2024-05-14T05:32:18.935+0000] {taskinstance.py:430} INFO - ::endgroup::
[2024-05-14T05:32:18.944+0000] {subprocess.py:63} INFO - Tmp dir root location: /tmp
[2024-05-14T05:32:18.948+0000] {subprocess.py:75} INFO - Running command: ['/usr/bin/bash', '-c', 'echo "done!"']
[2024-05-14T05:32:19.075+0000] {subprocess.py:86} INFO - Output:
[2024-05-14T05:32:19.091+0000] {subprocess.py:93} INFO - done!
[2024-05-14T05:32:19.095+0000] {subprocess.py:97} INFO - Command exited with return code 0
[2024-05-14T05:32:19.098+0000] {taskinstance.py:441} INFO - ::group::Post task execution logs
[2024-05-14T05:32:19.311+0000] {taskinstance.py:1206} INFO - Marking task as SUCCESS. dag_id=tugas_workflow_v1, task_id=task_6, run_id=scheduled__2024-01-26T00:00:00+00:00, execution_date=20240126T000000, start_date=20240514T053217, end_date=20240514T053219
[2024-05-14T05:32:19.402+0000] {local_task_job_runner.py:240} INFO - Task exited with return code 0
[2024-05-14T05:32:19.455+0000] {local_task_job_runner.py:222} INFO - ::endgroup::
