[2024-05-14T05:33:55.992+0000] {local_task_job_runner.py:120} INFO - ::group::Pre task execution logs
[2024-05-14T05:33:56.148+0000] {taskinstance.py:2076} INFO - Dependencies all met for dep_context=non-requeueable deps ti=<TaskInstance: tugas_workflow_v1.task_4 scheduled__2024-02-24T00:00:00+00:00 [queued]>
[2024-05-14T05:33:56.192+0000] {taskinstance.py:2076} INFO - Dependencies all met for dep_context=requeueable deps ti=<TaskInstance: tugas_workflow_v1.task_4 scheduled__2024-02-24T00:00:00+00:00 [queued]>
[2024-05-14T05:33:56.196+0000] {taskinstance.py:2306} INFO - Starting attempt 1 of 6
[2024-05-14T05:33:56.248+0000] {taskinstance.py:2330} INFO - Executing <Task(BashOperator): task_4> on 2024-02-24 00:00:00+00:00
[2024-05-14T05:33:56.287+0000] {warnings.py:110} WARNING - /home/***/.local/lib/python3.12/site-packages/***/task/task_runner/standard_task_runner.py:61: DeprecationWarning: This process (pid=5645) is multi-threaded, use of fork() may lead to deadlocks in the child.
  pid = os.fork()

[2024-05-14T05:33:56.302+0000] {standard_task_runner.py:63} INFO - Started process 5687 to run task
[2024-05-14T05:33:56.288+0000] {standard_task_runner.py:90} INFO - Running: ['***', 'tasks', 'run', 'tugas_workflow_v1', 'task_4', 'scheduled__2024-02-24T00:00:00+00:00', '--job-id', '1137', '--raw', '--subdir', 'DAGS_FOLDER/__pycache__/prioritas_1.py', '--cfg-path', '/tmp/tmp__t4cgq9']
[2024-05-14T05:33:56.319+0000] {standard_task_runner.py:91} INFO - Job 1137: Subtask task_4
[2024-05-14T05:33:56.626+0000] {task_command.py:426} INFO - Running <TaskInstance: tugas_workflow_v1.task_4 scheduled__2024-02-24T00:00:00+00:00 [running]> on host 0391a550332e
[2024-05-14T05:33:57.169+0000] {taskinstance.py:2648} INFO - Exporting env vars: AIRFLOW_CTX_DAG_OWNER='sinta' AIRFLOW_CTX_DAG_ID='tugas_workflow_v1' AIRFLOW_CTX_TASK_ID='task_4' AIRFLOW_CTX_EXECUTION_DATE='2024-02-24T00:00:00+00:00' AIRFLOW_CTX_TRY_NUMBER='1' AIRFLOW_CTX_DAG_RUN_ID='scheduled__2024-02-24T00:00:00+00:00'
[2024-05-14T05:33:57.174+0000] {taskinstance.py:430} INFO - ::endgroup::
[2024-05-14T05:33:57.179+0000] {subprocess.py:63} INFO - Tmp dir root location: /tmp
[2024-05-14T05:33:57.185+0000] {subprocess.py:75} INFO - Running command: ['/usr/bin/bash', '-c', 'mkdir -p about_us && touch about_us/about.txt']
[2024-05-14T05:33:57.232+0000] {subprocess.py:86} INFO - Output:
[2024-05-14T05:33:57.249+0000] {subprocess.py:97} INFO - Command exited with return code 0
[2024-05-14T05:33:57.250+0000] {taskinstance.py:441} INFO - ::group::Post task execution logs
[2024-05-14T05:33:57.360+0000] {taskinstance.py:1206} INFO - Marking task as SUCCESS. dag_id=tugas_workflow_v1, task_id=task_4, run_id=scheduled__2024-02-24T00:00:00+00:00, execution_date=20240224T000000, start_date=20240514T053356, end_date=20240514T053357
[2024-05-14T05:33:57.458+0000] {local_task_job_runner.py:240} INFO - Task exited with return code 0
[2024-05-14T05:33:57.484+0000] {local_task_job_runner.py:222} INFO - ::endgroup::
