[2024-05-14T06:16:03.686+0000] {local_task_job_runner.py:120} INFO - ::group::Pre task execution logs
[2024-05-14T06:16:04.324+0000] {taskinstance.py:2076} INFO - Dependencies all met for dep_context=non-requeueable deps ti=<TaskInstance: tugas_workflow_v1.task_4 scheduled__2024-04-21T00:00:00+00:00 [queued]>
[2024-05-14T06:16:04.438+0000] {taskinstance.py:2076} INFO - Dependencies all met for dep_context=requeueable deps ti=<TaskInstance: tugas_workflow_v1.task_4 scheduled__2024-04-21T00:00:00+00:00 [queued]>
[2024-05-14T06:16:04.460+0000] {taskinstance.py:2306} INFO - Starting attempt 1 of 6
[2024-05-14T06:16:04.672+0000] {taskinstance.py:2330} INFO - Executing <Task(BashOperator): task_4> on 2024-04-21 00:00:00+00:00
[2024-05-14T06:16:04.713+0000] {warnings.py:110} WARNING - /home/***/.local/lib/python3.12/site-packages/***/task/task_runner/standard_task_runner.py:61: DeprecationWarning: This process (pid=7111) is multi-threaded, use of fork() may lead to deadlocks in the child.
  pid = os.fork()

[2024-05-14T06:16:04.727+0000] {standard_task_runner.py:63} INFO - Started process 7145 to run task
[2024-05-14T06:16:04.728+0000] {standard_task_runner.py:90} INFO - Running: ['***', 'tasks', 'run', 'tugas_workflow_v1', 'task_4', 'scheduled__2024-04-21T00:00:00+00:00', '--job-id', '1454', '--raw', '--subdir', 'DAGS_FOLDER/__pycache__/prioritas_1.py', '--cfg-path', '/tmp/tmpbr_4elwi']
[2024-05-14T06:16:04.744+0000] {standard_task_runner.py:91} INFO - Job 1454: Subtask task_4
[2024-05-14T06:16:06.135+0000] {task_command.py:426} INFO - Running <TaskInstance: tugas_workflow_v1.task_4 scheduled__2024-04-21T00:00:00+00:00 [running]> on host 0391a550332e
[2024-05-14T06:16:07.501+0000] {taskinstance.py:2648} INFO - Exporting env vars: AIRFLOW_CTX_DAG_OWNER='sinta' AIRFLOW_CTX_DAG_ID='tugas_workflow_v1' AIRFLOW_CTX_TASK_ID='task_4' AIRFLOW_CTX_EXECUTION_DATE='2024-04-21T00:00:00+00:00' AIRFLOW_CTX_TRY_NUMBER='1' AIRFLOW_CTX_DAG_RUN_ID='scheduled__2024-04-21T00:00:00+00:00'
[2024-05-14T06:16:07.508+0000] {taskinstance.py:430} INFO - ::endgroup::
[2024-05-14T06:16:07.510+0000] {subprocess.py:63} INFO - Tmp dir root location: /tmp
[2024-05-14T06:16:07.512+0000] {subprocess.py:75} INFO - Running command: ['/usr/bin/bash', '-c', 'mkdir -p about_us && touch about_us/about.txt']
[2024-05-14T06:16:07.566+0000] {subprocess.py:86} INFO - Output:
[2024-05-14T06:16:07.601+0000] {subprocess.py:97} INFO - Command exited with return code 0
[2024-05-14T06:16:07.603+0000] {taskinstance.py:441} INFO - ::group::Post task execution logs
[2024-05-14T06:16:07.693+0000] {taskinstance.py:1206} INFO - Marking task as SUCCESS. dag_id=tugas_workflow_v1, task_id=task_4, run_id=scheduled__2024-04-21T00:00:00+00:00, execution_date=20240421T000000, start_date=20240514T061604, end_date=20240514T061607
[2024-05-14T06:16:07.828+0000] {local_task_job_runner.py:240} INFO - Task exited with return code 0
[2024-05-14T06:16:07.877+0000] {taskinstance.py:3498} INFO - 1 downstream tasks scheduled from follow-on schedule check
[2024-05-14T06:16:07.890+0000] {local_task_job_runner.py:222} INFO - ::endgroup::
