[2024-05-14T06:08:05.531+0000] {local_task_job_runner.py:120} INFO - ::group::Pre task execution logs
[2024-05-14T06:08:05.725+0000] {taskinstance.py:2076} INFO - Dependencies all met for dep_context=non-requeueable deps ti=<TaskInstance: tugas_workflow_v1.task_3 scheduled__2024-03-23T00:00:00+00:00 [queued]>
[2024-05-14T06:08:05.852+0000] {taskinstance.py:2076} INFO - Dependencies all met for dep_context=requeueable deps ti=<TaskInstance: tugas_workflow_v1.task_3 scheduled__2024-03-23T00:00:00+00:00 [queued]>
[2024-05-14T06:08:05.868+0000] {taskinstance.py:2306} INFO - Starting attempt 1 of 6
[2024-05-14T06:08:06.038+0000] {taskinstance.py:2330} INFO - Executing <Task(BashOperator): task_3> on 2024-03-23 00:00:00+00:00
[2024-05-14T06:08:06.104+0000] {warnings.py:110} WARNING - /home/***/.local/lib/python3.12/site-packages/***/task/task_runner/standard_task_runner.py:61: DeprecationWarning: This process (pid=6052) is multi-threaded, use of fork() may lead to deadlocks in the child.
  pid = os.fork()

[2024-05-14T06:08:06.110+0000] {standard_task_runner.py:63} INFO - Started process 6103 to run task
[2024-05-14T06:08:06.171+0000] {standard_task_runner.py:90} INFO - Running: ['***', 'tasks', 'run', 'tugas_workflow_v1', 'task_3', 'scheduled__2024-03-23T00:00:00+00:00', '--job-id', '1232', '--raw', '--subdir', 'DAGS_FOLDER/__pycache__/prioritas_1.py', '--cfg-path', '/tmp/tmpva3tx3xg']
[2024-05-14T06:08:06.198+0000] {standard_task_runner.py:91} INFO - Job 1232: Subtask task_3
[2024-05-14T06:08:06.563+0000] {task_command.py:426} INFO - Running <TaskInstance: tugas_workflow_v1.task_3 scheduled__2024-03-23T00:00:00+00:00 [running]> on host 0391a550332e
[2024-05-14T06:08:07.526+0000] {taskinstance.py:2648} INFO - Exporting env vars: AIRFLOW_CTX_DAG_OWNER='sinta' AIRFLOW_CTX_DAG_ID='tugas_workflow_v1' AIRFLOW_CTX_TASK_ID='task_3' AIRFLOW_CTX_EXECUTION_DATE='2024-03-23T00:00:00+00:00' AIRFLOW_CTX_TRY_NUMBER='1' AIRFLOW_CTX_DAG_RUN_ID='scheduled__2024-03-23T00:00:00+00:00'
[2024-05-14T06:08:07.573+0000] {taskinstance.py:430} INFO - ::endgroup::
[2024-05-14T06:08:07.587+0000] {subprocess.py:63} INFO - Tmp dir root location: /tmp
[2024-05-14T06:08:07.611+0000] {subprocess.py:75} INFO - Running command: ['/usr/bin/bash', '-c', 'mkdir -p our_works']
[2024-05-14T06:08:07.759+0000] {subprocess.py:86} INFO - Output:
[2024-05-14T06:08:07.785+0000] {subprocess.py:97} INFO - Command exited with return code 0
[2024-05-14T06:08:07.787+0000] {taskinstance.py:441} INFO - ::group::Post task execution logs
[2024-05-14T06:08:07.905+0000] {taskinstance.py:1206} INFO - Marking task as SUCCESS. dag_id=tugas_workflow_v1, task_id=task_3, run_id=scheduled__2024-03-23T00:00:00+00:00, execution_date=20240323T000000, start_date=20240514T060805, end_date=20240514T060807
[2024-05-14T06:08:08.619+0000] {local_task_job_runner.py:240} INFO - Task exited with return code 0
[2024-05-14T06:08:08.766+0000] {taskinstance.py:3498} INFO - 1 downstream tasks scheduled from follow-on schedule check
[2024-05-14T06:08:08.810+0000] {local_task_job_runner.py:222} INFO - ::endgroup::
