[2024-05-14T06:15:21.635+0000] {local_task_job_runner.py:120} INFO - ::group::Pre task execution logs
[2024-05-14T06:15:21.868+0000] {taskinstance.py:2076} INFO - Dependencies all met for dep_context=non-requeueable deps ti=<TaskInstance: tugas_workflow_v1.task_4 scheduled__2024-04-16T00:00:00+00:00 [queued]>
[2024-05-14T06:15:22.012+0000] {taskinstance.py:2076} INFO - Dependencies all met for dep_context=requeueable deps ti=<TaskInstance: tugas_workflow_v1.task_4 scheduled__2024-04-16T00:00:00+00:00 [queued]>
[2024-05-14T06:15:22.020+0000] {taskinstance.py:2306} INFO - Starting attempt 1 of 6
[2024-05-14T06:15:22.179+0000] {taskinstance.py:2330} INFO - Executing <Task(BashOperator): task_4> on 2024-04-16 00:00:00+00:00
[2024-05-14T06:15:22.211+0000] {warnings.py:110} WARNING - /home/***/.local/lib/python3.12/site-packages/***/task/task_runner/standard_task_runner.py:61: DeprecationWarning: This process (pid=7011) is multi-threaded, use of fork() may lead to deadlocks in the child.
  pid = os.fork()

[2024-05-14T06:15:22.214+0000] {standard_task_runner.py:63} INFO - Started process 7066 to run task
[2024-05-14T06:15:22.241+0000] {standard_task_runner.py:90} INFO - Running: ['***', 'tasks', 'run', 'tugas_workflow_v1', 'task_4', 'scheduled__2024-04-16T00:00:00+00:00', '--job-id', '1439', '--raw', '--subdir', 'DAGS_FOLDER/__pycache__/prioritas_1.py', '--cfg-path', '/tmp/tmpkudnuik3']
[2024-05-14T06:15:22.272+0000] {standard_task_runner.py:91} INFO - Job 1439: Subtask task_4
[2024-05-14T06:15:23.597+0000] {task_command.py:426} INFO - Running <TaskInstance: tugas_workflow_v1.task_4 scheduled__2024-04-16T00:00:00+00:00 [running]> on host 0391a550332e
[2024-05-14T06:15:28.572+0000] {taskinstance.py:2648} INFO - Exporting env vars: AIRFLOW_CTX_DAG_OWNER='sinta' AIRFLOW_CTX_DAG_ID='tugas_workflow_v1' AIRFLOW_CTX_TASK_ID='task_4' AIRFLOW_CTX_EXECUTION_DATE='2024-04-16T00:00:00+00:00' AIRFLOW_CTX_TRY_NUMBER='1' AIRFLOW_CTX_DAG_RUN_ID='scheduled__2024-04-16T00:00:00+00:00'
[2024-05-14T06:15:28.619+0000] {taskinstance.py:430} INFO - ::endgroup::
[2024-05-14T06:15:28.621+0000] {subprocess.py:63} INFO - Tmp dir root location: /tmp
[2024-05-14T06:15:28.657+0000] {subprocess.py:75} INFO - Running command: ['/usr/bin/bash', '-c', 'mkdir -p about_us && touch about_us/about.txt']
[2024-05-14T06:15:28.846+0000] {subprocess.py:86} INFO - Output:
[2024-05-14T06:15:28.896+0000] {subprocess.py:97} INFO - Command exited with return code 0
[2024-05-14T06:15:28.926+0000] {taskinstance.py:441} INFO - ::group::Post task execution logs
[2024-05-14T06:15:29.192+0000] {taskinstance.py:1206} INFO - Marking task as SUCCESS. dag_id=tugas_workflow_v1, task_id=task_4, run_id=scheduled__2024-04-16T00:00:00+00:00, execution_date=20240416T000000, start_date=20240514T061521, end_date=20240514T061529
[2024-05-14T06:15:29.665+0000] {local_task_job_runner.py:240} INFO - Task exited with return code 0
[2024-05-14T06:15:29.938+0000] {taskinstance.py:3498} INFO - 1 downstream tasks scheduled from follow-on schedule check
[2024-05-14T06:15:30.032+0000] {local_task_job_runner.py:222} INFO - ::endgroup::
