[2024-05-14T06:17:40.265+0000] {local_task_job_runner.py:120} INFO - ::group::Pre task execution logs
[2024-05-14T06:17:40.318+0000] {taskinstance.py:2076} INFO - Dependencies all met for dep_context=non-requeueable deps ti=<TaskInstance: tugas_workflow_v1.task_6 scheduled__2024-05-10T00:00:00+00:00 [queued]>
[2024-05-14T06:17:40.341+0000] {taskinstance.py:2076} INFO - Dependencies all met for dep_context=requeueable deps ti=<TaskInstance: tugas_workflow_v1.task_6 scheduled__2024-05-10T00:00:00+00:00 [queued]>
[2024-05-14T06:17:40.352+0000] {taskinstance.py:2306} INFO - Starting attempt 1 of 6
[2024-05-14T06:17:40.387+0000] {taskinstance.py:2330} INFO - Executing <Task(BashOperator): task_6> on 2024-05-10 00:00:00+00:00
[2024-05-14T06:17:40.411+0000] {warnings.py:110} WARNING - /home/***/.local/lib/python3.12/site-packages/***/task/task_runner/standard_task_runner.py:61: DeprecationWarning: This process (pid=7613) is multi-threaded, use of fork() may lead to deadlocks in the child.
  pid = os.fork()

[2024-05-14T06:17:40.414+0000] {standard_task_runner.py:63} INFO - Started process 7655 to run task
[2024-05-14T06:17:40.425+0000] {standard_task_runner.py:90} INFO - Running: ['***', 'tasks', 'run', 'tugas_workflow_v1', 'task_6', 'scheduled__2024-05-10T00:00:00+00:00', '--job-id', '1570', '--raw', '--subdir', 'DAGS_FOLDER/prioritas_1.py', '--cfg-path', '/tmp/tmptbuz__9a']
[2024-05-14T06:17:40.445+0000] {standard_task_runner.py:91} INFO - Job 1570: Subtask task_6
[2024-05-14T06:17:40.693+0000] {task_command.py:426} INFO - Running <TaskInstance: tugas_workflow_v1.task_6 scheduled__2024-05-10T00:00:00+00:00 [running]> on host 0391a550332e
[2024-05-14T06:17:41.049+0000] {taskinstance.py:2648} INFO - Exporting env vars: AIRFLOW_CTX_DAG_OWNER='sinta' AIRFLOW_CTX_DAG_ID='tugas_workflow_v1' AIRFLOW_CTX_TASK_ID='task_6' AIRFLOW_CTX_EXECUTION_DATE='2024-05-10T00:00:00+00:00' AIRFLOW_CTX_TRY_NUMBER='1' AIRFLOW_CTX_DAG_RUN_ID='scheduled__2024-05-10T00:00:00+00:00'
[2024-05-14T06:17:41.062+0000] {taskinstance.py:430} INFO - ::endgroup::
[2024-05-14T06:17:41.064+0000] {subprocess.py:63} INFO - Tmp dir root location: /tmp
[2024-05-14T06:17:41.065+0000] {subprocess.py:75} INFO - Running command: ['/usr/bin/bash', '-c', 'echo "done!"']
[2024-05-14T06:17:41.105+0000] {subprocess.py:86} INFO - Output:
[2024-05-14T06:17:41.113+0000] {subprocess.py:93} INFO - done!
[2024-05-14T06:17:41.115+0000] {subprocess.py:97} INFO - Command exited with return code 0
[2024-05-14T06:17:41.117+0000] {taskinstance.py:441} INFO - ::group::Post task execution logs
[2024-05-14T06:17:41.175+0000] {taskinstance.py:1206} INFO - Marking task as SUCCESS. dag_id=tugas_workflow_v1, task_id=task_6, run_id=scheduled__2024-05-10T00:00:00+00:00, execution_date=20240510T000000, start_date=20240514T061740, end_date=20240514T061741
[2024-05-14T06:17:41.222+0000] {local_task_job_runner.py:240} INFO - Task exited with return code 0
[2024-05-14T06:17:41.250+0000] {taskinstance.py:3498} INFO - 0 downstream tasks scheduled from follow-on schedule check
[2024-05-14T06:17:41.254+0000] {local_task_job_runner.py:222} INFO - ::endgroup::
