[2024-05-14T05:33:01.878+0000] {local_task_job_runner.py:120} INFO - ::group::Pre task execution logs
[2024-05-14T05:33:02.004+0000] {taskinstance.py:2076} INFO - Dependencies all met for dep_context=non-requeueable deps ti=<TaskInstance: tugas_workflow_v1.task_2 scheduled__2024-02-23T00:00:00+00:00 [queued]>
[2024-05-14T05:33:02.048+0000] {taskinstance.py:2076} INFO - Dependencies all met for dep_context=requeueable deps ti=<TaskInstance: tugas_workflow_v1.task_2 scheduled__2024-02-23T00:00:00+00:00 [queued]>
[2024-05-14T05:33:02.049+0000] {taskinstance.py:2306} INFO - Starting attempt 1 of 6
[2024-05-14T05:33:02.112+0000] {taskinstance.py:2330} INFO - Executing <Task(BashOperator): task_2> on 2024-02-23 00:00:00+00:00
[2024-05-14T05:33:02.152+0000] {warnings.py:110} WARNING - /home/***/.local/lib/python3.12/site-packages/***/task/task_runner/standard_task_runner.py:61: DeprecationWarning: This process (pid=5213) is multi-threaded, use of fork() may lead to deadlocks in the child.
  pid = os.fork()

[2024-05-14T05:33:02.172+0000] {standard_task_runner.py:63} INFO - Started process 5261 to run task
[2024-05-14T05:33:02.162+0000] {standard_task_runner.py:90} INFO - Running: ['***', 'tasks', 'run', 'tugas_workflow_v1', 'task_2', 'scheduled__2024-02-23T00:00:00+00:00', '--job-id', '1042', '--raw', '--subdir', 'DAGS_FOLDER/__pycache__/prioritas_1.py', '--cfg-path', '/tmp/tmpwg82ycm_']
[2024-05-14T05:33:02.177+0000] {standard_task_runner.py:91} INFO - Job 1042: Subtask task_2
[2024-05-14T05:33:02.350+0000] {task_command.py:426} INFO - Running <TaskInstance: tugas_workflow_v1.task_2 scheduled__2024-02-23T00:00:00+00:00 [running]> on host 0391a550332e
[2024-05-14T05:33:02.651+0000] {taskinstance.py:2648} INFO - Exporting env vars: AIRFLOW_CTX_DAG_OWNER='sinta' AIRFLOW_CTX_DAG_ID='tugas_workflow_v1' AIRFLOW_CTX_TASK_ID='task_2' AIRFLOW_CTX_EXECUTION_DATE='2024-02-23T00:00:00+00:00' AIRFLOW_CTX_TRY_NUMBER='1' AIRFLOW_CTX_DAG_RUN_ID='scheduled__2024-02-23T00:00:00+00:00'
[2024-05-14T05:33:02.655+0000] {taskinstance.py:430} INFO - ::endgroup::
[2024-05-14T05:33:02.658+0000] {subprocess.py:63} INFO - Tmp dir root location: /tmp
[2024-05-14T05:33:02.660+0000] {subprocess.py:75} INFO - Running command: ['/usr/bin/bash', '-c', 'mkdir -p about_us']
[2024-05-14T05:33:02.707+0000] {subprocess.py:86} INFO - Output:
[2024-05-14T05:33:02.718+0000] {subprocess.py:97} INFO - Command exited with return code 0
[2024-05-14T05:33:02.719+0000] {taskinstance.py:441} INFO - ::group::Post task execution logs
[2024-05-14T05:33:02.802+0000] {taskinstance.py:1206} INFO - Marking task as SUCCESS. dag_id=tugas_workflow_v1, task_id=task_2, run_id=scheduled__2024-02-23T00:00:00+00:00, execution_date=20240223T000000, start_date=20240514T053302, end_date=20240514T053302
[2024-05-14T05:33:02.922+0000] {local_task_job_runner.py:240} INFO - Task exited with return code 0
[2024-05-14T05:33:03.011+0000] {taskinstance.py:3498} INFO - 1 downstream tasks scheduled from follow-on schedule check
[2024-05-14T05:33:03.057+0000] {local_task_job_runner.py:222} INFO - ::endgroup::
