[2024-05-14T06:07:39.696+0000] {local_task_job_runner.py:120} INFO - ::group::Pre task execution logs
[2024-05-14T06:07:39.875+0000] {taskinstance.py:2076} INFO - Dependencies all met for dep_context=non-requeueable deps ti=<TaskInstance: tugas_workflow_v1.task_2 scheduled__2024-03-16T00:00:00+00:00 [queued]>
[2024-05-14T06:07:40.625+0000] {taskinstance.py:2076} INFO - Dependencies all met for dep_context=requeueable deps ti=<TaskInstance: tugas_workflow_v1.task_2 scheduled__2024-03-16T00:00:00+00:00 [queued]>
[2024-05-14T06:07:40.660+0000] {taskinstance.py:2306} INFO - Starting attempt 1 of 6
[2024-05-14T06:07:41.343+0000] {taskinstance.py:2330} INFO - Executing <Task(BashOperator): task_2> on 2024-03-16 00:00:00+00:00
[2024-05-14T06:07:41.519+0000] {warnings.py:110} WARNING - /home/***/.local/lib/python3.12/site-packages/***/task/task_runner/standard_task_runner.py:61: DeprecationWarning: This process (pid=6000) is multi-threaded, use of fork() may lead to deadlocks in the child.
  pid = os.fork()

[2024-05-14T06:07:41.586+0000] {standard_task_runner.py:63} INFO - Started process 6046 to run task
[2024-05-14T06:07:41.602+0000] {standard_task_runner.py:90} INFO - Running: ['***', 'tasks', 'run', 'tugas_workflow_v1', 'task_2', 'scheduled__2024-03-16T00:00:00+00:00', '--job-id', '1218', '--raw', '--subdir', 'DAGS_FOLDER/__pycache__/prioritas_1.py', '--cfg-path', '/tmp/tmp3lj9kiq4']
[2024-05-14T06:07:42.112+0000] {standard_task_runner.py:91} INFO - Job 1218: Subtask task_2
[2024-05-14T06:07:43.261+0000] {task_command.py:426} INFO - Running <TaskInstance: tugas_workflow_v1.task_2 scheduled__2024-03-16T00:00:00+00:00 [running]> on host 0391a550332e
[2024-05-14T06:07:44.544+0000] {taskinstance.py:2648} INFO - Exporting env vars: AIRFLOW_CTX_DAG_OWNER='sinta' AIRFLOW_CTX_DAG_ID='tugas_workflow_v1' AIRFLOW_CTX_TASK_ID='task_2' AIRFLOW_CTX_EXECUTION_DATE='2024-03-16T00:00:00+00:00' AIRFLOW_CTX_TRY_NUMBER='1' AIRFLOW_CTX_DAG_RUN_ID='scheduled__2024-03-16T00:00:00+00:00'
[2024-05-14T06:07:44.552+0000] {taskinstance.py:430} INFO - ::endgroup::
[2024-05-14T06:07:44.581+0000] {subprocess.py:63} INFO - Tmp dir root location: /tmp
[2024-05-14T06:07:44.585+0000] {subprocess.py:75} INFO - Running command: ['/usr/bin/bash', '-c', 'mkdir -p about_us']
[2024-05-14T06:07:44.969+0000] {subprocess.py:86} INFO - Output:
[2024-05-14T06:07:45.053+0000] {subprocess.py:97} INFO - Command exited with return code 0
[2024-05-14T06:07:45.070+0000] {taskinstance.py:441} INFO - ::group::Post task execution logs
[2024-05-14T06:07:45.563+0000] {taskinstance.py:1206} INFO - Marking task as SUCCESS. dag_id=tugas_workflow_v1, task_id=task_2, run_id=scheduled__2024-03-16T00:00:00+00:00, execution_date=20240316T000000, start_date=20240514T060739, end_date=20240514T060745
[2024-05-14T06:07:46.021+0000] {local_task_job_runner.py:240} INFO - Task exited with return code 0
[2024-05-14T06:07:46.200+0000] {local_task_job_runner.py:222} INFO - ::endgroup::
