[2024-05-14T05:31:18.670+0000] {local_task_job_runner.py:120} INFO - ::group::Pre task execution logs
[2024-05-14T05:31:18.722+0000] {taskinstance.py:2076} INFO - Dependencies all met for dep_context=non-requeueable deps ti=<TaskInstance: tugas_workflow_v1.task_6 scheduled__2024-01-11T00:00:00+00:00 [queued]>
[2024-05-14T05:31:18.741+0000] {taskinstance.py:2076} INFO - Dependencies all met for dep_context=requeueable deps ti=<TaskInstance: tugas_workflow_v1.task_6 scheduled__2024-01-11T00:00:00+00:00 [queued]>
[2024-05-14T05:31:18.743+0000] {taskinstance.py:2306} INFO - Starting attempt 1 of 6
[2024-05-14T05:31:18.783+0000] {taskinstance.py:2330} INFO - Executing <Task(BashOperator): task_6> on 2024-01-11 00:00:00+00:00
[2024-05-14T05:31:18.798+0000] {warnings.py:110} WARNING - /home/***/.local/lib/python3.12/site-packages/***/task/task_runner/standard_task_runner.py:61: DeprecationWarning: This process (pid=4589) is multi-threaded, use of fork() may lead to deadlocks in the child.
  pid = os.fork()

[2024-05-14T05:31:18.802+0000] {standard_task_runner.py:63} INFO - Started process 4616 to run task
[2024-05-14T05:31:18.807+0000] {standard_task_runner.py:90} INFO - Running: ['***', 'tasks', 'run', 'tugas_workflow_v1', 'task_6', 'scheduled__2024-01-11T00:00:00+00:00', '--job-id', '897', '--raw', '--subdir', 'DAGS_FOLDER/__pycache__/prioritas_1.py', '--cfg-path', '/tmp/tmpk6kx7p27']
[2024-05-14T05:31:18.813+0000] {standard_task_runner.py:91} INFO - Job 897: Subtask task_6
[2024-05-14T05:31:18.959+0000] {task_command.py:426} INFO - Running <TaskInstance: tugas_workflow_v1.task_6 scheduled__2024-01-11T00:00:00+00:00 [running]> on host 0391a550332e
[2024-05-14T05:31:19.187+0000] {taskinstance.py:2648} INFO - Exporting env vars: AIRFLOW_CTX_DAG_OWNER='sinta' AIRFLOW_CTX_DAG_ID='tugas_workflow_v1' AIRFLOW_CTX_TASK_ID='task_6' AIRFLOW_CTX_EXECUTION_DATE='2024-01-11T00:00:00+00:00' AIRFLOW_CTX_TRY_NUMBER='1' AIRFLOW_CTX_DAG_RUN_ID='scheduled__2024-01-11T00:00:00+00:00'
[2024-05-14T05:31:19.199+0000] {taskinstance.py:430} INFO - ::endgroup::
[2024-05-14T05:31:19.201+0000] {subprocess.py:63} INFO - Tmp dir root location: /tmp
[2024-05-14T05:31:19.203+0000] {subprocess.py:75} INFO - Running command: ['/usr/bin/bash', '-c', 'echo "done!"']
[2024-05-14T05:31:19.248+0000] {subprocess.py:86} INFO - Output:
[2024-05-14T05:31:19.251+0000] {subprocess.py:93} INFO - done!
[2024-05-14T05:31:19.252+0000] {subprocess.py:97} INFO - Command exited with return code 0
[2024-05-14T05:31:19.253+0000] {taskinstance.py:441} INFO - ::group::Post task execution logs
[2024-05-14T05:31:19.308+0000] {taskinstance.py:1206} INFO - Marking task as SUCCESS. dag_id=tugas_workflow_v1, task_id=task_6, run_id=scheduled__2024-01-11T00:00:00+00:00, execution_date=20240111T000000, start_date=20240514T053118, end_date=20240514T053119
[2024-05-14T05:31:19.388+0000] {local_task_job_runner.py:240} INFO - Task exited with return code 0
[2024-05-14T05:31:19.403+0000] {local_task_job_runner.py:222} INFO - ::endgroup::
