[2024-05-14T05:27:04.211+0000] {local_task_job_runner.py:120} INFO - ::group::Pre task execution logs
[2024-05-14T05:27:04.238+0000] {taskinstance.py:2076} INFO - Dependencies all met for dep_context=non-requeueable deps ti=<TaskInstance: tugas_workflow_v1.task_1 scheduled__2023-11-22T00:00:00+00:00 [queued]>
[2024-05-14T05:27:04.248+0000] {taskinstance.py:2076} INFO - Dependencies all met for dep_context=requeueable deps ti=<TaskInstance: tugas_workflow_v1.task_1 scheduled__2023-11-22T00:00:00+00:00 [queued]>
[2024-05-14T05:27:04.249+0000] {taskinstance.py:2306} INFO - Starting attempt 1 of 6
[2024-05-14T05:27:04.268+0000] {taskinstance.py:2330} INFO - Executing <Task(BashOperator): task_1> on 2023-11-22 00:00:00+00:00
[2024-05-14T05:27:04.278+0000] {warnings.py:110} WARNING - /home/***/.local/lib/python3.12/site-packages/***/task/task_runner/standard_task_runner.py:61: DeprecationWarning: This process (pid=2784) is multi-threaded, use of fork() may lead to deadlocks in the child.
  pid = os.fork()

[2024-05-14T05:27:04.280+0000] {standard_task_runner.py:63} INFO - Started process 2790 to run task
[2024-05-14T05:27:04.280+0000] {standard_task_runner.py:90} INFO - Running: ['***', 'tasks', 'run', 'tugas_workflow_v1', 'task_1', 'scheduled__2023-11-22T00:00:00+00:00', '--job-id', '489', '--raw', '--subdir', 'DAGS_FOLDER/__pycache__/prioritas_1.py', '--cfg-path', '/tmp/tmpk1jhbq7y']
[2024-05-14T05:27:04.282+0000] {standard_task_runner.py:91} INFO - Job 489: Subtask task_1
[2024-05-14T05:27:04.332+0000] {task_command.py:426} INFO - Running <TaskInstance: tugas_workflow_v1.task_1 scheduled__2023-11-22T00:00:00+00:00 [running]> on host 0391a550332e
[2024-05-14T05:27:04.428+0000] {taskinstance.py:2648} INFO - Exporting env vars: AIRFLOW_CTX_DAG_OWNER='sinta' AIRFLOW_CTX_DAG_ID='tugas_workflow_v1' AIRFLOW_CTX_TASK_ID='task_1' AIRFLOW_CTX_EXECUTION_DATE='2023-11-22T00:00:00+00:00' AIRFLOW_CTX_TRY_NUMBER='1' AIRFLOW_CTX_DAG_RUN_ID='scheduled__2023-11-22T00:00:00+00:00'
[2024-05-14T05:27:04.430+0000] {taskinstance.py:430} INFO - ::endgroup::
[2024-05-14T05:27:04.431+0000] {subprocess.py:63} INFO - Tmp dir root location: /tmp
[2024-05-14T05:27:04.433+0000] {subprocess.py:75} INFO - Running command: ['/usr/bin/bash', '-c', 'echo hello ***']
[2024-05-14T05:27:04.446+0000] {subprocess.py:86} INFO - Output:
[2024-05-14T05:27:04.448+0000] {subprocess.py:93} INFO - hello ***
[2024-05-14T05:27:04.448+0000] {subprocess.py:97} INFO - Command exited with return code 0
[2024-05-14T05:27:04.449+0000] {taskinstance.py:441} INFO - ::group::Post task execution logs
[2024-05-14T05:27:04.477+0000] {taskinstance.py:1206} INFO - Marking task as SUCCESS. dag_id=tugas_workflow_v1, task_id=task_1, run_id=scheduled__2023-11-22T00:00:00+00:00, execution_date=20231122T000000, start_date=20240514T052704, end_date=20240514T052704
[2024-05-14T05:27:04.535+0000] {local_task_job_runner.py:240} INFO - Task exited with return code 0
[2024-05-14T05:27:04.564+0000] {taskinstance.py:3498} INFO - 2 downstream tasks scheduled from follow-on schedule check
[2024-05-14T05:27:04.566+0000] {local_task_job_runner.py:222} INFO - ::endgroup::
