[2024-05-20T08:54:51.120+0000] {local_task_job_runner.py:120} INFO - ::group::Pre task execution logs
[2024-05-20T08:54:51.157+0000] {taskinstance.py:2076} INFO - Dependencies all met for dep_context=non-requeueable deps ti=<TaskInstance: ETL-CC2.run_data_ingestion scheduled__2024-05-19T00:00:00+00:00 [queued]>
[2024-05-20T08:54:51.171+0000] {taskinstance.py:2076} INFO - Dependencies all met for dep_context=requeueable deps ti=<TaskInstance: ETL-CC2.run_data_ingestion scheduled__2024-05-19T00:00:00+00:00 [queued]>
[2024-05-20T08:54:51.172+0000] {taskinstance.py:2306} INFO - Starting attempt 1 of 2
[2024-05-20T08:54:51.192+0000] {taskinstance.py:2330} INFO - Executing <Task(BashOperator): run_data_ingestion> on 2024-05-19 00:00:00+00:00
[2024-05-20T08:54:51.202+0000] {warnings.py:110} WARNING - /home/***/.local/lib/python3.12/site-packages/***/task/task_runner/standard_task_runner.py:61: DeprecationWarning: This process (pid=557) is multi-threaded, use of fork() may lead to deadlocks in the child.
  pid = os.fork()

[2024-05-20T08:54:51.203+0000] {standard_task_runner.py:63} INFO - Started process 569 to run task
[2024-05-20T08:54:51.203+0000] {standard_task_runner.py:90} INFO - Running: ['***', 'tasks', 'run', 'ETL-CC2', 'run_data_ingestion', 'scheduled__2024-05-19T00:00:00+00:00', '--job-id', '1632', '--raw', '--subdir', 'DAGS_FOLDER/__pycache__/ETL-CC2.py', '--cfg-path', '/tmp/tmpzt0bd05i']
[2024-05-20T08:54:51.207+0000] {standard_task_runner.py:91} INFO - Job 1632: Subtask run_data_ingestion
[2024-05-20T08:54:51.298+0000] {task_command.py:426} INFO - Running <TaskInstance: ETL-CC2.run_data_ingestion scheduled__2024-05-19T00:00:00+00:00 [running]> on host 0391a550332e
[2024-05-20T08:54:51.439+0000] {taskinstance.py:2648} INFO - Exporting env vars: AIRFLOW_CTX_DAG_OWNER='***' AIRFLOW_CTX_DAG_ID='ETL-CC2' AIRFLOW_CTX_TASK_ID='run_data_ingestion' AIRFLOW_CTX_EXECUTION_DATE='2024-05-19T00:00:00+00:00' AIRFLOW_CTX_TRY_NUMBER='1' AIRFLOW_CTX_DAG_RUN_ID='scheduled__2024-05-19T00:00:00+00:00'
[2024-05-20T08:54:51.441+0000] {taskinstance.py:430} INFO - ::endgroup::
[2024-05-20T08:54:51.443+0000] {subprocess.py:63} INFO - Tmp dir root location: /tmp
[2024-05-20T08:54:51.444+0000] {subprocess.py:75} INFO - Running command: ['/usr/bin/bash', '-c', 'jupyter nbconvert --execute /path/to/data_ingestion.ipynb']
[2024-05-20T08:54:51.460+0000] {subprocess.py:86} INFO - Output:
[2024-05-20T08:54:51.463+0000] {subprocess.py:93} INFO - /usr/bin/bash: line 1: jupyter: command not found
[2024-05-20T08:54:51.463+0000] {subprocess.py:97} INFO - Command exited with return code 127
[2024-05-20T08:54:51.465+0000] {taskinstance.py:441} INFO - ::group::Post task execution logs
[2024-05-20T08:54:51.478+0000] {taskinstance.py:2905} ERROR - Task failed with exception
Traceback (most recent call last):
  File "/home/airflow/.local/lib/python3.12/site-packages/airflow/models/taskinstance.py", line 465, in _execute_task
    result = _execute_callable(context=context, **execute_callable_kwargs)
             ^^^^^^^^^^^^^^^^^^^^^^^^^^^^^^^^^^^^^^^^^^^^^^^^^^^^^^^^^^^^^
  File "/home/airflow/.local/lib/python3.12/site-packages/airflow/models/taskinstance.py", line 432, in _execute_callable
    return execute_callable(context=context, **execute_callable_kwargs)
           ^^^^^^^^^^^^^^^^^^^^^^^^^^^^^^^^^^^^^^^^^^^^^^^^^^^^^^^^^^^^
  File "/home/airflow/.local/lib/python3.12/site-packages/airflow/models/baseoperator.py", line 400, in wrapper
    return func(self, *args, **kwargs)
           ^^^^^^^^^^^^^^^^^^^^^^^^^^^
  File "/home/airflow/.local/lib/python3.12/site-packages/airflow/operators/bash.py", line 243, in execute
    raise AirflowException(
airflow.exceptions.AirflowException: Bash command failed. The command returned a non-zero exit code 127.
[2024-05-20T08:54:51.486+0000] {taskinstance.py:1206} INFO - Marking task as UP_FOR_RETRY. dag_id=ETL-CC2, task_id=run_data_ingestion, run_id=scheduled__2024-05-19T00:00:00+00:00, execution_date=20240519T000000, start_date=20240520T085451, end_date=20240520T085451
[2024-05-20T08:54:51.504+0000] {standard_task_runner.py:110} ERROR - Failed to execute job 1632 for task run_data_ingestion (Bash command failed. The command returned a non-zero exit code 127.; 569)
[2024-05-20T08:54:51.539+0000] {local_task_job_runner.py:240} INFO - Task exited with return code 1
[2024-05-20T08:54:51.571+0000] {taskinstance.py:3498} INFO - 0 downstream tasks scheduled from follow-on schedule check
[2024-05-20T08:54:51.576+0000] {local_task_job_runner.py:222} INFO - ::endgroup::
