[2024-05-14T05:26:56.295+0000] {local_task_job_runner.py:120} INFO - ::group::Pre task execution logs
[2024-05-14T05:26:56.337+0000] {taskinstance.py:2076} INFO - Dependencies all met for dep_context=non-requeueable deps ti=<TaskInstance: tugas_workflow_v1.task_3 manual__2024-05-14T05:26:45.945358+00:00 [queued]>
[2024-05-14T05:26:56.348+0000] {taskinstance.py:2076} INFO - Dependencies all met for dep_context=requeueable deps ti=<TaskInstance: tugas_workflow_v1.task_3 manual__2024-05-14T05:26:45.945358+00:00 [queued]>
[2024-05-14T05:26:56.350+0000] {taskinstance.py:2306} INFO - Starting attempt 1 of 6
[2024-05-14T05:26:56.374+0000] {taskinstance.py:2330} INFO - Executing <Task(BashOperator): task_3> on 2024-05-14 05:26:45.945358+00:00
[2024-05-14T05:26:56.384+0000] {warnings.py:110} WARNING - /home/***/.local/lib/python3.12/site-packages/***/task/task_runner/standard_task_runner.py:61: DeprecationWarning: This process (pid=2736) is multi-threaded, use of fork() may lead to deadlocks in the child.
  pid = os.fork()

[2024-05-14T05:26:56.387+0000] {standard_task_runner.py:63} INFO - Started process 2743 to run task
[2024-05-14T05:26:56.387+0000] {standard_task_runner.py:90} INFO - Running: ['***', 'tasks', 'run', 'tugas_workflow_v1', 'task_3', 'manual__2024-05-14T05:26:45.945358+00:00', '--job-id', '479', '--raw', '--subdir', 'DAGS_FOLDER/__pycache__/prioritas_1.py', '--cfg-path', '/tmp/tmp19e0ysxd']
[2024-05-14T05:26:56.391+0000] {standard_task_runner.py:91} INFO - Job 479: Subtask task_3
[2024-05-14T05:26:56.464+0000] {task_command.py:426} INFO - Running <TaskInstance: tugas_workflow_v1.task_3 manual__2024-05-14T05:26:45.945358+00:00 [running]> on host 0391a550332e
[2024-05-14T05:26:56.647+0000] {taskinstance.py:2648} INFO - Exporting env vars: AIRFLOW_CTX_DAG_OWNER='sinta' AIRFLOW_CTX_DAG_ID='tugas_workflow_v1' AIRFLOW_CTX_TASK_ID='task_3' AIRFLOW_CTX_EXECUTION_DATE='2024-05-14T05:26:45.945358+00:00' AIRFLOW_CTX_TRY_NUMBER='1' AIRFLOW_CTX_DAG_RUN_ID='manual__2024-05-14T05:26:45.945358+00:00'
[2024-05-14T05:26:56.650+0000] {taskinstance.py:430} INFO - ::endgroup::
[2024-05-14T05:26:56.651+0000] {subprocess.py:63} INFO - Tmp dir root location: /tmp
[2024-05-14T05:26:56.653+0000] {subprocess.py:75} INFO - Running command: ['/usr/bin/bash', '-c', 'mkdir -p our_works']
[2024-05-14T05:26:56.671+0000] {subprocess.py:86} INFO - Output:
[2024-05-14T05:26:56.675+0000] {subprocess.py:97} INFO - Command exited with return code 0
[2024-05-14T05:26:56.677+0000] {taskinstance.py:441} INFO - ::group::Post task execution logs
[2024-05-14T05:26:56.714+0000] {taskinstance.py:1206} INFO - Marking task as SUCCESS. dag_id=tugas_workflow_v1, task_id=task_3, run_id=manual__2024-05-14T05:26:45.945358+00:00, execution_date=20240514T052645, start_date=20240514T052656, end_date=20240514T052656
[2024-05-14T05:26:56.764+0000] {local_task_job_runner.py:240} INFO - Task exited with return code 0
[2024-05-14T05:26:56.795+0000] {taskinstance.py:3498} INFO - 1 downstream tasks scheduled from follow-on schedule check
[2024-05-14T05:26:56.798+0000] {local_task_job_runner.py:222} INFO - ::endgroup::
