[2024-05-14T05:34:30.755+0000] {local_task_job_runner.py:120} INFO - ::group::Pre task execution logs
[2024-05-14T05:34:30.951+0000] {taskinstance.py:2076} INFO - Dependencies all met for dep_context=non-requeueable deps ti=<TaskInstance: tugas_workflow_v1.task_1 scheduled__2024-03-21T00:00:00+00:00 [queued]>
[2024-05-14T05:34:31.041+0000] {taskinstance.py:2076} INFO - Dependencies all met for dep_context=requeueable deps ti=<TaskInstance: tugas_workflow_v1.task_1 scheduled__2024-03-21T00:00:00+00:00 [queued]>
[2024-05-14T05:34:31.046+0000] {taskinstance.py:2306} INFO - Starting attempt 1 of 6
[2024-05-14T05:34:31.127+0000] {taskinstance.py:2330} INFO - Executing <Task(BashOperator): task_1> on 2024-03-21 00:00:00+00:00
[2024-05-14T05:34:31.143+0000] {warnings.py:110} WARNING - /home/***/.local/lib/python3.12/site-packages/***/task/task_runner/standard_task_runner.py:61: DeprecationWarning: This process (pid=5930) is multi-threaded, use of fork() may lead to deadlocks in the child.
  pid = os.fork()

[2024-05-14T05:34:31.149+0000] {standard_task_runner.py:63} INFO - Started process 5973 to run task
[2024-05-14T05:34:31.156+0000] {standard_task_runner.py:90} INFO - Running: ['***', 'tasks', 'run', 'tugas_workflow_v1', 'task_1', 'scheduled__2024-03-21T00:00:00+00:00', '--job-id', '1201', '--raw', '--subdir', 'DAGS_FOLDER/__pycache__/prioritas_1.py', '--cfg-path', '/tmp/tmppkjv6gt_']
[2024-05-14T05:34:31.161+0000] {standard_task_runner.py:91} INFO - Job 1201: Subtask task_1
[2024-05-14T05:34:31.401+0000] {task_command.py:426} INFO - Running <TaskInstance: tugas_workflow_v1.task_1 scheduled__2024-03-21T00:00:00+00:00 [running]> on host 0391a550332e
[2024-05-14T05:34:32.389+0000] {taskinstance.py:2648} INFO - Exporting env vars: AIRFLOW_CTX_DAG_OWNER='sinta' AIRFLOW_CTX_DAG_ID='tugas_workflow_v1' AIRFLOW_CTX_TASK_ID='task_1' AIRFLOW_CTX_EXECUTION_DATE='2024-03-21T00:00:00+00:00' AIRFLOW_CTX_TRY_NUMBER='1' AIRFLOW_CTX_DAG_RUN_ID='scheduled__2024-03-21T00:00:00+00:00'
[2024-05-14T05:34:32.392+0000] {taskinstance.py:430} INFO - ::endgroup::
[2024-05-14T05:34:32.395+0000] {subprocess.py:63} INFO - Tmp dir root location: /tmp
[2024-05-14T05:34:32.409+0000] {subprocess.py:75} INFO - Running command: ['/usr/bin/bash', '-c', 'echo hello ***']
[2024-05-14T05:34:32.679+0000] {subprocess.py:86} INFO - Output:
[2024-05-14T05:34:32.681+0000] {subprocess.py:93} INFO - hello ***
[2024-05-14T05:34:32.682+0000] {subprocess.py:97} INFO - Command exited with return code 0
[2024-05-14T05:34:32.685+0000] {taskinstance.py:441} INFO - ::group::Post task execution logs
[2024-05-14T05:34:32.868+0000] {taskinstance.py:1206} INFO - Marking task as SUCCESS. dag_id=tugas_workflow_v1, task_id=task_1, run_id=scheduled__2024-03-21T00:00:00+00:00, execution_date=20240321T000000, start_date=20240514T053430, end_date=20240514T053432
[2024-05-14T05:34:33.137+0000] {local_task_job_runner.py:240} INFO - Task exited with return code 0
[2024-05-14T05:34:33.364+0000] {taskinstance.py:3498} INFO - 2 downstream tasks scheduled from follow-on schedule check
[2024-05-14T05:34:33.378+0000] {local_task_job_runner.py:222} INFO - ::endgroup::
