[2024-05-14T05:28:52.246+0000] {local_task_job_runner.py:120} INFO - ::group::Pre task execution logs
[2024-05-14T05:28:52.417+0000] {taskinstance.py:2076} INFO - Dependencies all met for dep_context=non-requeueable deps ti=<TaskInstance: tugas_workflow_v1.task_4 scheduled__2023-12-17T00:00:00+00:00 [queued]>
[2024-05-14T05:28:52.466+0000] {taskinstance.py:2076} INFO - Dependencies all met for dep_context=requeueable deps ti=<TaskInstance: tugas_workflow_v1.task_4 scheduled__2023-12-17T00:00:00+00:00 [queued]>
[2024-05-14T05:28:52.469+0000] {taskinstance.py:2306} INFO - Starting attempt 1 of 6
[2024-05-14T05:28:52.532+0000] {taskinstance.py:2330} INFO - Executing <Task(BashOperator): task_4> on 2023-12-17 00:00:00+00:00
[2024-05-14T05:28:52.554+0000] {warnings.py:110} WARNING - /home/***/.local/lib/python3.12/site-packages/***/task/task_runner/standard_task_runner.py:61: DeprecationWarning: This process (pid=3614) is multi-threaded, use of fork() may lead to deadlocks in the child.
  pid = os.fork()

[2024-05-14T05:28:52.582+0000] {standard_task_runner.py:63} INFO - Started process 3669 to run task
[2024-05-14T05:28:52.568+0000] {standard_task_runner.py:90} INFO - Running: ['***', 'tasks', 'run', 'tugas_workflow_v1', 'task_4', 'scheduled__2023-12-17T00:00:00+00:00', '--job-id', '682', '--raw', '--subdir', 'DAGS_FOLDER/__pycache__/prioritas_1.py', '--cfg-path', '/tmp/tmpi_jt_s20']
[2024-05-14T05:28:52.585+0000] {standard_task_runner.py:91} INFO - Job 682: Subtask task_4
[2024-05-14T05:28:52.841+0000] {task_command.py:426} INFO - Running <TaskInstance: tugas_workflow_v1.task_4 scheduled__2023-12-17T00:00:00+00:00 [running]> on host 0391a550332e
[2024-05-14T05:28:53.497+0000] {taskinstance.py:2648} INFO - Exporting env vars: AIRFLOW_CTX_DAG_OWNER='sinta' AIRFLOW_CTX_DAG_ID='tugas_workflow_v1' AIRFLOW_CTX_TASK_ID='task_4' AIRFLOW_CTX_EXECUTION_DATE='2023-12-17T00:00:00+00:00' AIRFLOW_CTX_TRY_NUMBER='1' AIRFLOW_CTX_DAG_RUN_ID='scheduled__2023-12-17T00:00:00+00:00'
[2024-05-14T05:28:53.504+0000] {taskinstance.py:430} INFO - ::endgroup::
[2024-05-14T05:28:53.506+0000] {subprocess.py:63} INFO - Tmp dir root location: /tmp
[2024-05-14T05:28:53.507+0000] {subprocess.py:75} INFO - Running command: ['/usr/bin/bash', '-c', 'mkdir -p about_us && touch about_us/about.txt']
[2024-05-14T05:28:53.666+0000] {subprocess.py:86} INFO - Output:
[2024-05-14T05:28:53.706+0000] {subprocess.py:97} INFO - Command exited with return code 0
[2024-05-14T05:28:53.708+0000] {taskinstance.py:441} INFO - ::group::Post task execution logs
[2024-05-14T05:28:53.896+0000] {taskinstance.py:1206} INFO - Marking task as SUCCESS. dag_id=tugas_workflow_v1, task_id=task_4, run_id=scheduled__2023-12-17T00:00:00+00:00, execution_date=20231217T000000, start_date=20240514T052852, end_date=20240514T052853
[2024-05-14T05:28:54.041+0000] {local_task_job_runner.py:240} INFO - Task exited with return code 0
[2024-05-14T05:28:54.219+0000] {taskinstance.py:3498} INFO - 1 downstream tasks scheduled from follow-on schedule check
[2024-05-14T05:28:54.249+0000] {local_task_job_runner.py:222} INFO - ::endgroup::
