[2024-05-14T06:17:40.078+0000] {local_task_job_runner.py:120} INFO - ::group::Pre task execution logs
[2024-05-14T06:17:40.176+0000] {taskinstance.py:2076} INFO - Dependencies all met for dep_context=non-requeueable deps ti=<TaskInstance: tugas_workflow_v1.task_6 scheduled__2024-05-08T00:00:00+00:00 [queued]>
[2024-05-14T06:17:40.207+0000] {taskinstance.py:2076} INFO - Dependencies all met for dep_context=requeueable deps ti=<TaskInstance: tugas_workflow_v1.task_6 scheduled__2024-05-08T00:00:00+00:00 [queued]>
[2024-05-14T06:17:40.219+0000] {taskinstance.py:2306} INFO - Starting attempt 1 of 6
[2024-05-14T06:17:40.265+0000] {taskinstance.py:2330} INFO - Executing <Task(BashOperator): task_6> on 2024-05-08 00:00:00+00:00
[2024-05-14T06:17:40.281+0000] {warnings.py:110} WARNING - /home/***/.local/lib/python3.12/site-packages/***/task/task_runner/standard_task_runner.py:61: DeprecationWarning: This process (pid=7609) is multi-threaded, use of fork() may lead to deadlocks in the child.
  pid = os.fork()

[2024-05-14T06:17:40.285+0000] {standard_task_runner.py:63} INFO - Started process 7653 to run task
[2024-05-14T06:17:40.288+0000] {standard_task_runner.py:90} INFO - Running: ['***', 'tasks', 'run', 'tugas_workflow_v1', 'task_6', 'scheduled__2024-05-08T00:00:00+00:00', '--job-id', '1568', '--raw', '--subdir', 'DAGS_FOLDER/prioritas_1.py', '--cfg-path', '/tmp/tmpbt_3vih5']
[2024-05-14T06:17:40.309+0000] {standard_task_runner.py:91} INFO - Job 1568: Subtask task_6
[2024-05-14T06:17:40.428+0000] {task_command.py:426} INFO - Running <TaskInstance: tugas_workflow_v1.task_6 scheduled__2024-05-08T00:00:00+00:00 [running]> on host 0391a550332e
[2024-05-14T06:17:40.707+0000] {taskinstance.py:2648} INFO - Exporting env vars: AIRFLOW_CTX_DAG_OWNER='sinta' AIRFLOW_CTX_DAG_ID='tugas_workflow_v1' AIRFLOW_CTX_TASK_ID='task_6' AIRFLOW_CTX_EXECUTION_DATE='2024-05-08T00:00:00+00:00' AIRFLOW_CTX_TRY_NUMBER='1' AIRFLOW_CTX_DAG_RUN_ID='scheduled__2024-05-08T00:00:00+00:00'
[2024-05-14T06:17:40.711+0000] {taskinstance.py:430} INFO - ::endgroup::
[2024-05-14T06:17:40.713+0000] {subprocess.py:63} INFO - Tmp dir root location: /tmp
[2024-05-14T06:17:40.715+0000] {subprocess.py:75} INFO - Running command: ['/usr/bin/bash', '-c', 'echo "done!"']
[2024-05-14T06:17:40.759+0000] {subprocess.py:86} INFO - Output:
[2024-05-14T06:17:40.762+0000] {subprocess.py:93} INFO - done!
[2024-05-14T06:17:40.763+0000] {subprocess.py:97} INFO - Command exited with return code 0
[2024-05-14T06:17:40.764+0000] {taskinstance.py:441} INFO - ::group::Post task execution logs
[2024-05-14T06:17:40.844+0000] {taskinstance.py:1206} INFO - Marking task as SUCCESS. dag_id=tugas_workflow_v1, task_id=task_6, run_id=scheduled__2024-05-08T00:00:00+00:00, execution_date=20240508T000000, start_date=20240514T061740, end_date=20240514T061740
[2024-05-14T06:17:40.953+0000] {local_task_job_runner.py:240} INFO - Task exited with return code 0
[2024-05-14T06:17:40.979+0000] {local_task_job_runner.py:222} INFO - ::endgroup::
