[2024-05-14T05:32:31.535+0000] {local_task_job_runner.py:120} INFO - ::group::Pre task execution logs
[2024-05-14T05:32:31.709+0000] {taskinstance.py:2076} INFO - Dependencies all met for dep_context=non-requeueable deps ti=<TaskInstance: tugas_workflow_v1.task_1 scheduled__2024-02-14T00:00:00+00:00 [queued]>
[2024-05-14T05:32:31.741+0000] {taskinstance.py:2076} INFO - Dependencies all met for dep_context=requeueable deps ti=<TaskInstance: tugas_workflow_v1.task_1 scheduled__2024-02-14T00:00:00+00:00 [queued]>
[2024-05-14T05:32:31.756+0000] {taskinstance.py:2306} INFO - Starting attempt 1 of 6
[2024-05-14T05:32:31.838+0000] {taskinstance.py:2330} INFO - Executing <Task(BashOperator): task_1> on 2024-02-14 00:00:00+00:00
[2024-05-14T05:32:31.928+0000] {warnings.py:110} WARNING - /home/***/.local/lib/python3.12/site-packages/***/task/task_runner/standard_task_runner.py:61: DeprecationWarning: This process (pid=5050) is multi-threaded, use of fork() may lead to deadlocks in the child.
  pid = os.fork()

[2024-05-14T05:32:31.934+0000] {standard_task_runner.py:63} INFO - Started process 5085 to run task
[2024-05-14T05:32:31.916+0000] {standard_task_runner.py:90} INFO - Running: ['***', 'tasks', 'run', 'tugas_workflow_v1', 'task_1', 'scheduled__2024-02-14T00:00:00+00:00', '--job-id', '1001', '--raw', '--subdir', 'DAGS_FOLDER/__pycache__/prioritas_1.py', '--cfg-path', '/tmp/tmpgbrfrv8x']
[2024-05-14T05:32:31.989+0000] {standard_task_runner.py:91} INFO - Job 1001: Subtask task_1
[2024-05-14T05:32:32.302+0000] {task_command.py:426} INFO - Running <TaskInstance: tugas_workflow_v1.task_1 scheduled__2024-02-14T00:00:00+00:00 [running]> on host 0391a550332e
[2024-05-14T05:32:32.679+0000] {taskinstance.py:2648} INFO - Exporting env vars: AIRFLOW_CTX_DAG_OWNER='sinta' AIRFLOW_CTX_DAG_ID='tugas_workflow_v1' AIRFLOW_CTX_TASK_ID='task_1' AIRFLOW_CTX_EXECUTION_DATE='2024-02-14T00:00:00+00:00' AIRFLOW_CTX_TRY_NUMBER='1' AIRFLOW_CTX_DAG_RUN_ID='scheduled__2024-02-14T00:00:00+00:00'
[2024-05-14T05:32:32.720+0000] {taskinstance.py:430} INFO - ::endgroup::
[2024-05-14T05:32:32.724+0000] {subprocess.py:63} INFO - Tmp dir root location: /tmp
[2024-05-14T05:32:32.725+0000] {subprocess.py:75} INFO - Running command: ['/usr/bin/bash', '-c', 'echo hello ***']
[2024-05-14T05:32:32.792+0000] {subprocess.py:86} INFO - Output:
[2024-05-14T05:32:32.795+0000] {subprocess.py:93} INFO - hello ***
[2024-05-14T05:32:32.798+0000] {subprocess.py:97} INFO - Command exited with return code 0
[2024-05-14T05:32:32.809+0000] {taskinstance.py:441} INFO - ::group::Post task execution logs
[2024-05-14T05:32:32.872+0000] {taskinstance.py:1206} INFO - Marking task as SUCCESS. dag_id=tugas_workflow_v1, task_id=task_1, run_id=scheduled__2024-02-14T00:00:00+00:00, execution_date=20240214T000000, start_date=20240514T053231, end_date=20240514T053232
[2024-05-14T05:32:33.009+0000] {local_task_job_runner.py:240} INFO - Task exited with return code 0
[2024-05-14T05:32:33.040+0000] {local_task_job_runner.py:222} INFO - ::endgroup::
