[2024-05-14T06:08:16.223+0000] {local_task_job_runner.py:120} INFO - ::group::Pre task execution logs
[2024-05-14T06:08:16.837+0000] {taskinstance.py:2076} INFO - Dependencies all met for dep_context=non-requeueable deps ti=<TaskInstance: tugas_workflow_v1.task_2 scheduled__2024-03-24T00:00:00+00:00 [queued]>
[2024-05-14T06:08:16.932+0000] {taskinstance.py:2076} INFO - Dependencies all met for dep_context=requeueable deps ti=<TaskInstance: tugas_workflow_v1.task_2 scheduled__2024-03-24T00:00:00+00:00 [queued]>
[2024-05-14T06:08:16.947+0000] {taskinstance.py:2306} INFO - Starting attempt 1 of 6
[2024-05-14T06:08:17.039+0000] {taskinstance.py:2330} INFO - Executing <Task(BashOperator): task_2> on 2024-03-24 00:00:00+00:00
[2024-05-14T06:08:17.092+0000] {standard_task_runner.py:90} INFO - Running: ['***', 'tasks', 'run', 'tugas_workflow_v1', 'task_2', 'scheduled__2024-03-24T00:00:00+00:00', '--job-id', '1234', '--raw', '--subdir', 'DAGS_FOLDER/__pycache__/prioritas_1.py', '--cfg-path', '/tmp/tmpyj7npk0y']
[2024-05-14T06:08:17.109+0000] {standard_task_runner.py:91} INFO - Job 1234: Subtask task_2
[2024-05-14T06:08:17.103+0000] {warnings.py:110} WARNING - /home/***/.local/lib/python3.12/site-packages/***/task/task_runner/standard_task_runner.py:61: DeprecationWarning: This process (pid=6059) is multi-threaded, use of fork() may lead to deadlocks in the child.
  pid = os.fork()

[2024-05-14T06:08:17.120+0000] {standard_task_runner.py:63} INFO - Started process 6120 to run task
[2024-05-14T06:08:17.443+0000] {task_command.py:426} INFO - Running <TaskInstance: tugas_workflow_v1.task_2 scheduled__2024-03-24T00:00:00+00:00 [running]> on host 0391a550332e
[2024-05-14T06:08:18.108+0000] {taskinstance.py:2648} INFO - Exporting env vars: AIRFLOW_CTX_DAG_OWNER='sinta' AIRFLOW_CTX_DAG_ID='tugas_workflow_v1' AIRFLOW_CTX_TASK_ID='task_2' AIRFLOW_CTX_EXECUTION_DATE='2024-03-24T00:00:00+00:00' AIRFLOW_CTX_TRY_NUMBER='1' AIRFLOW_CTX_DAG_RUN_ID='scheduled__2024-03-24T00:00:00+00:00'
[2024-05-14T06:08:18.120+0000] {taskinstance.py:430} INFO - ::endgroup::
[2024-05-14T06:08:18.122+0000] {subprocess.py:63} INFO - Tmp dir root location: /tmp
[2024-05-14T06:08:18.124+0000] {subprocess.py:75} INFO - Running command: ['/usr/bin/bash', '-c', 'mkdir -p about_us']
[2024-05-14T06:08:18.397+0000] {subprocess.py:86} INFO - Output:
[2024-05-14T06:08:18.480+0000] {subprocess.py:97} INFO - Command exited with return code 0
[2024-05-14T06:08:18.482+0000] {taskinstance.py:441} INFO - ::group::Post task execution logs
[2024-05-14T06:08:18.651+0000] {taskinstance.py:1206} INFO - Marking task as SUCCESS. dag_id=tugas_workflow_v1, task_id=task_2, run_id=scheduled__2024-03-24T00:00:00+00:00, execution_date=20240324T000000, start_date=20240514T060816, end_date=20240514T060818
[2024-05-14T06:08:19.337+0000] {local_task_job_runner.py:240} INFO - Task exited with return code 0
[2024-05-14T06:08:19.697+0000] {taskinstance.py:3498} INFO - 1 downstream tasks scheduled from follow-on schedule check
[2024-05-14T06:08:19.719+0000] {local_task_job_runner.py:222} INFO - ::endgroup::
