[2024-05-14T06:09:40.932+0000] {local_task_job_runner.py:120} INFO - ::group::Pre task execution logs
[2024-05-14T06:09:43.882+0000] {taskinstance.py:2076} INFO - Dependencies all met for dep_context=non-requeueable deps ti=<TaskInstance: tugas_workflow_v1.task_6 scheduled__2024-03-16T00:00:00+00:00 [queued]>
[2024-05-14T06:09:44.258+0000] {taskinstance.py:2076} INFO - Dependencies all met for dep_context=requeueable deps ti=<TaskInstance: tugas_workflow_v1.task_6 scheduled__2024-03-16T00:00:00+00:00 [queued]>
[2024-05-14T06:09:44.272+0000] {taskinstance.py:2306} INFO - Starting attempt 1 of 6
[2024-05-14T06:09:45.311+0000] {taskinstance.py:2330} INFO - Executing <Task(BashOperator): task_6> on 2024-03-16 00:00:00+00:00
[2024-05-14T06:09:45.598+0000] {warnings.py:110} WARNING - /home/***/.local/lib/python3.12/site-packages/***/task/task_runner/standard_task_runner.py:61: DeprecationWarning: This process (pid=6259) is multi-threaded, use of fork() may lead to deadlocks in the child.
  pid = os.fork()

[2024-05-14T06:09:45.637+0000] {standard_task_runner.py:63} INFO - Started process 6318 to run task
[2024-05-14T06:09:45.659+0000] {standard_task_runner.py:90} INFO - Running: ['***', 'tasks', 'run', 'tugas_workflow_v1', 'task_6', 'scheduled__2024-03-16T00:00:00+00:00', '--job-id', '1275', '--raw', '--subdir', 'DAGS_FOLDER/__pycache__/prioritas_1.py', '--cfg-path', '/tmp/tmpl1v7whka']
[2024-05-14T06:09:45.728+0000] {standard_task_runner.py:91} INFO - Job 1275: Subtask task_6
[2024-05-14T06:09:46.230+0000] {task_command.py:426} INFO - Running <TaskInstance: tugas_workflow_v1.task_6 scheduled__2024-03-16T00:00:00+00:00 [running]> on host 0391a550332e
[2024-05-14T06:09:46.791+0000] {taskinstance.py:2648} INFO - Exporting env vars: AIRFLOW_CTX_DAG_OWNER='sinta' AIRFLOW_CTX_DAG_ID='tugas_workflow_v1' AIRFLOW_CTX_TASK_ID='task_6' AIRFLOW_CTX_EXECUTION_DATE='2024-03-16T00:00:00+00:00' AIRFLOW_CTX_TRY_NUMBER='1' AIRFLOW_CTX_DAG_RUN_ID='scheduled__2024-03-16T00:00:00+00:00'
[2024-05-14T06:09:46.818+0000] {taskinstance.py:430} INFO - ::endgroup::
[2024-05-14T06:09:46.821+0000] {subprocess.py:63} INFO - Tmp dir root location: /tmp
[2024-05-14T06:09:46.830+0000] {subprocess.py:75} INFO - Running command: ['/usr/bin/bash', '-c', 'echo "done!"']
[2024-05-14T06:09:46.867+0000] {subprocess.py:86} INFO - Output:
[2024-05-14T06:09:46.869+0000] {subprocess.py:93} INFO - done!
[2024-05-14T06:09:46.877+0000] {subprocess.py:97} INFO - Command exited with return code 0
[2024-05-14T06:09:46.882+0000] {taskinstance.py:441} INFO - ::group::Post task execution logs
[2024-05-14T06:09:47.005+0000] {taskinstance.py:1206} INFO - Marking task as SUCCESS. dag_id=tugas_workflow_v1, task_id=task_6, run_id=scheduled__2024-03-16T00:00:00+00:00, execution_date=20240316T000000, start_date=20240514T060943, end_date=20240514T060947
[2024-05-14T06:09:47.107+0000] {local_task_job_runner.py:240} INFO - Task exited with return code 0
[2024-05-14T06:09:47.215+0000] {taskinstance.py:3498} INFO - 0 downstream tasks scheduled from follow-on schedule check
[2024-05-14T06:09:47.226+0000] {local_task_job_runner.py:222} INFO - ::endgroup::
