[2024-05-14T06:17:09.051+0000] {local_task_job_runner.py:120} INFO - ::group::Pre task execution logs
[2024-05-14T06:17:09.160+0000] {taskinstance.py:2076} INFO - Dependencies all met for dep_context=non-requeueable deps ti=<TaskInstance: tugas_workflow_v1.task_4 scheduled__2024-04-30T00:00:00+00:00 [queued]>
[2024-05-14T06:17:09.186+0000] {taskinstance.py:2076} INFO - Dependencies all met for dep_context=requeueable deps ti=<TaskInstance: tugas_workflow_v1.task_4 scheduled__2024-04-30T00:00:00+00:00 [queued]>
[2024-05-14T06:17:09.187+0000] {taskinstance.py:2306} INFO - Starting attempt 1 of 6
[2024-05-14T06:17:09.419+0000] {taskinstance.py:2330} INFO - Executing <Task(BashOperator): task_4> on 2024-04-30 00:00:00+00:00
[2024-05-14T06:17:09.446+0000] {warnings.py:110} WARNING - /home/***/.local/lib/python3.12/site-packages/***/task/task_runner/standard_task_runner.py:61: DeprecationWarning: This process (pid=7420) is multi-threaded, use of fork() may lead to deadlocks in the child.
  pid = os.fork()

[2024-05-14T06:17:09.461+0000] {standard_task_runner.py:63} INFO - Started process 7451 to run task
[2024-05-14T06:17:09.467+0000] {standard_task_runner.py:90} INFO - Running: ['***', 'tasks', 'run', 'tugas_workflow_v1', 'task_4', 'scheduled__2024-04-30T00:00:00+00:00', '--job-id', '1524', '--raw', '--subdir', 'DAGS_FOLDER/prioritas_1.py', '--cfg-path', '/tmp/tmpnldmxh3y']
[2024-05-14T06:17:09.489+0000] {standard_task_runner.py:91} INFO - Job 1524: Subtask task_4
[2024-05-14T06:17:09.780+0000] {task_command.py:426} INFO - Running <TaskInstance: tugas_workflow_v1.task_4 scheduled__2024-04-30T00:00:00+00:00 [running]> on host 0391a550332e
[2024-05-14T06:17:10.321+0000] {taskinstance.py:2648} INFO - Exporting env vars: AIRFLOW_CTX_DAG_OWNER='sinta' AIRFLOW_CTX_DAG_ID='tugas_workflow_v1' AIRFLOW_CTX_TASK_ID='task_4' AIRFLOW_CTX_EXECUTION_DATE='2024-04-30T00:00:00+00:00' AIRFLOW_CTX_TRY_NUMBER='1' AIRFLOW_CTX_DAG_RUN_ID='scheduled__2024-04-30T00:00:00+00:00'
[2024-05-14T06:17:10.324+0000] {taskinstance.py:430} INFO - ::endgroup::
[2024-05-14T06:17:10.326+0000] {subprocess.py:63} INFO - Tmp dir root location: /tmp
[2024-05-14T06:17:10.329+0000] {subprocess.py:75} INFO - Running command: ['/usr/bin/bash', '-c', 'mkdir -p about_us && touch about_us/about.txt']
[2024-05-14T06:17:10.371+0000] {subprocess.py:86} INFO - Output:
[2024-05-14T06:17:10.468+0000] {subprocess.py:97} INFO - Command exited with return code 0
[2024-05-14T06:17:10.472+0000] {taskinstance.py:441} INFO - ::group::Post task execution logs
[2024-05-14T06:17:10.557+0000] {taskinstance.py:1206} INFO - Marking task as SUCCESS. dag_id=tugas_workflow_v1, task_id=task_4, run_id=scheduled__2024-04-30T00:00:00+00:00, execution_date=20240430T000000, start_date=20240514T061709, end_date=20240514T061710
[2024-05-14T06:17:10.629+0000] {local_task_job_runner.py:240} INFO - Task exited with return code 0
[2024-05-14T06:17:10.695+0000] {local_task_job_runner.py:222} INFO - ::endgroup::
