[2024-05-14T05:34:26.231+0000] {local_task_job_runner.py:120} INFO - ::group::Pre task execution logs
[2024-05-14T05:34:26.279+0000] {taskinstance.py:2076} INFO - Dependencies all met for dep_context=non-requeueable deps ti=<TaskInstance: tugas_workflow_v1.task_1 scheduled__2024-03-17T00:00:00+00:00 [queued]>
[2024-05-14T05:34:26.321+0000] {taskinstance.py:2076} INFO - Dependencies all met for dep_context=requeueable deps ti=<TaskInstance: tugas_workflow_v1.task_1 scheduled__2024-03-17T00:00:00+00:00 [queued]>
[2024-05-14T05:34:26.323+0000] {taskinstance.py:2306} INFO - Starting attempt 1 of 6
[2024-05-14T05:34:26.399+0000] {taskinstance.py:2330} INFO - Executing <Task(BashOperator): task_1> on 2024-03-17 00:00:00+00:00
[2024-05-14T05:34:26.431+0000] {warnings.py:110} WARNING - /home/***/.local/lib/python3.12/site-packages/***/task/task_runner/standard_task_runner.py:61: DeprecationWarning: This process (pid=5917) is multi-threaded, use of fork() may lead to deadlocks in the child.
  pid = os.fork()

[2024-05-14T05:34:26.459+0000] {standard_task_runner.py:63} INFO - Started process 5944 to run task
[2024-05-14T05:34:26.446+0000] {standard_task_runner.py:90} INFO - Running: ['***', 'tasks', 'run', 'tugas_workflow_v1', 'task_1', 'scheduled__2024-03-17T00:00:00+00:00', '--job-id', '1197', '--raw', '--subdir', 'DAGS_FOLDER/__pycache__/prioritas_1.py', '--cfg-path', '/tmp/tmpj76m5twz']
[2024-05-14T05:34:26.474+0000] {standard_task_runner.py:91} INFO - Job 1197: Subtask task_1
[2024-05-14T05:34:26.642+0000] {task_command.py:426} INFO - Running <TaskInstance: tugas_workflow_v1.task_1 scheduled__2024-03-17T00:00:00+00:00 [running]> on host 0391a550332e
[2024-05-14T05:34:27.037+0000] {taskinstance.py:2648} INFO - Exporting env vars: AIRFLOW_CTX_DAG_OWNER='sinta' AIRFLOW_CTX_DAG_ID='tugas_workflow_v1' AIRFLOW_CTX_TASK_ID='task_1' AIRFLOW_CTX_EXECUTION_DATE='2024-03-17T00:00:00+00:00' AIRFLOW_CTX_TRY_NUMBER='1' AIRFLOW_CTX_DAG_RUN_ID='scheduled__2024-03-17T00:00:00+00:00'
[2024-05-14T05:34:27.040+0000] {taskinstance.py:430} INFO - ::endgroup::
[2024-05-14T05:34:27.042+0000] {subprocess.py:63} INFO - Tmp dir root location: /tmp
[2024-05-14T05:34:27.043+0000] {subprocess.py:75} INFO - Running command: ['/usr/bin/bash', '-c', 'echo hello ***']
[2024-05-14T05:34:27.104+0000] {subprocess.py:86} INFO - Output:
[2024-05-14T05:34:27.113+0000] {subprocess.py:93} INFO - hello ***
[2024-05-14T05:34:27.115+0000] {subprocess.py:97} INFO - Command exited with return code 0
[2024-05-14T05:34:27.117+0000] {taskinstance.py:441} INFO - ::group::Post task execution logs
[2024-05-14T05:34:27.219+0000] {taskinstance.py:1206} INFO - Marking task as SUCCESS. dag_id=tugas_workflow_v1, task_id=task_1, run_id=scheduled__2024-03-17T00:00:00+00:00, execution_date=20240317T000000, start_date=20240514T053426, end_date=20240514T053427
[2024-05-14T05:34:27.418+0000] {local_task_job_runner.py:240} INFO - Task exited with return code 0
[2024-05-14T05:34:27.563+0000] {taskinstance.py:3498} INFO - 2 downstream tasks scheduled from follow-on schedule check
[2024-05-14T05:34:27.588+0000] {local_task_job_runner.py:222} INFO - ::endgroup::
