[2024-05-14T06:07:48.960+0000] {local_task_job_runner.py:120} INFO - ::group::Pre task execution logs
[2024-05-14T06:07:49.175+0000] {taskinstance.py:2076} INFO - Dependencies all met for dep_context=non-requeueable deps ti=<TaskInstance: tugas_workflow_v1.task_2 scheduled__2024-03-21T00:00:00+00:00 [queued]>
[2024-05-14T06:07:49.353+0000] {taskinstance.py:2076} INFO - Dependencies all met for dep_context=requeueable deps ti=<TaskInstance: tugas_workflow_v1.task_2 scheduled__2024-03-21T00:00:00+00:00 [queued]>
[2024-05-14T06:07:49.366+0000] {taskinstance.py:2306} INFO - Starting attempt 1 of 6
[2024-05-14T06:07:49.749+0000] {taskinstance.py:2330} INFO - Executing <Task(BashOperator): task_2> on 2024-03-21 00:00:00+00:00
[2024-05-14T06:07:49.844+0000] {standard_task_runner.py:90} INFO - Running: ['***', 'tasks', 'run', 'tugas_workflow_v1', 'task_2', 'scheduled__2024-03-21T00:00:00+00:00', '--job-id', '1224', '--raw', '--subdir', 'DAGS_FOLDER/__pycache__/prioritas_1.py', '--cfg-path', '/tmp/tmpbzn8kyu9']
[2024-05-14T06:07:49.867+0000] {standard_task_runner.py:91} INFO - Job 1224: Subtask task_2
[2024-05-14T06:07:49.839+0000] {warnings.py:110} WARNING - /home/***/.local/lib/python3.12/site-packages/***/task/task_runner/standard_task_runner.py:61: DeprecationWarning: This process (pid=6025) is multi-threaded, use of fork() may lead to deadlocks in the child.
  pid = os.fork()

[2024-05-14T06:07:49.899+0000] {standard_task_runner.py:63} INFO - Started process 6063 to run task
[2024-05-14T06:07:50.485+0000] {task_command.py:426} INFO - Running <TaskInstance: tugas_workflow_v1.task_2 scheduled__2024-03-21T00:00:00+00:00 [running]> on host 0391a550332e
[2024-05-14T06:07:52.453+0000] {taskinstance.py:2648} INFO - Exporting env vars: AIRFLOW_CTX_DAG_OWNER='sinta' AIRFLOW_CTX_DAG_ID='tugas_workflow_v1' AIRFLOW_CTX_TASK_ID='task_2' AIRFLOW_CTX_EXECUTION_DATE='2024-03-21T00:00:00+00:00' AIRFLOW_CTX_TRY_NUMBER='1' AIRFLOW_CTX_DAG_RUN_ID='scheduled__2024-03-21T00:00:00+00:00'
[2024-05-14T06:07:52.471+0000] {taskinstance.py:430} INFO - ::endgroup::
[2024-05-14T06:07:52.500+0000] {subprocess.py:63} INFO - Tmp dir root location: /tmp
[2024-05-14T06:07:52.586+0000] {subprocess.py:75} INFO - Running command: ['/usr/bin/bash', '-c', 'mkdir -p about_us']
[2024-05-14T06:07:52.783+0000] {subprocess.py:86} INFO - Output:
[2024-05-14T06:07:52.821+0000] {subprocess.py:97} INFO - Command exited with return code 0
[2024-05-14T06:07:52.878+0000] {taskinstance.py:441} INFO - ::group::Post task execution logs
[2024-05-14T06:07:53.384+0000] {taskinstance.py:1206} INFO - Marking task as SUCCESS. dag_id=tugas_workflow_v1, task_id=task_2, run_id=scheduled__2024-03-21T00:00:00+00:00, execution_date=20240321T000000, start_date=20240514T060749, end_date=20240514T060753
[2024-05-14T06:07:54.373+0000] {local_task_job_runner.py:240} INFO - Task exited with return code 0
[2024-05-14T06:07:54.891+0000] {local_task_job_runner.py:222} INFO - ::endgroup::
