[2024-05-14T05:34:20.812+0000] {local_task_job_runner.py:120} INFO - ::group::Pre task execution logs
[2024-05-14T05:34:20.833+0000] {taskinstance.py:2076} INFO - Dependencies all met for dep_context=non-requeueable deps ti=<TaskInstance: fetch_api_data_and_write_to_files.done_message manual__2024-05-14T05:34:04.711763+00:00 [queued]>
[2024-05-14T05:34:20.844+0000] {taskinstance.py:2076} INFO - Dependencies all met for dep_context=requeueable deps ti=<TaskInstance: fetch_api_data_and_write_to_files.done_message manual__2024-05-14T05:34:04.711763+00:00 [queued]>
[2024-05-14T05:34:20.845+0000] {taskinstance.py:2306} INFO - Starting attempt 1 of 6
[2024-05-14T05:34:20.861+0000] {taskinstance.py:2330} INFO - Executing <Task(BashOperator): done_message> on 2024-05-14 05:34:04.711763+00:00
[2024-05-14T05:34:20.869+0000] {warnings.py:110} WARNING - /home/***/.local/lib/python3.12/site-packages/***/task/task_runner/standard_task_runner.py:61: DeprecationWarning: This process (pid=5905) is multi-threaded, use of fork() may lead to deadlocks in the child.
  pid = os.fork()

[2024-05-14T05:34:20.871+0000] {standard_task_runner.py:63} INFO - Started process 5907 to run task
[2024-05-14T05:34:20.871+0000] {standard_task_runner.py:90} INFO - Running: ['***', 'tasks', 'run', 'fetch_api_data_and_write_to_files', 'done_message', 'manual__2024-05-14T05:34:04.711763+00:00', '--job-id', '1190', '--raw', '--subdir', 'DAGS_FOLDER/prioritas_2.py', '--cfg-path', '/tmp/tmpeqj95w_t']
[2024-05-14T05:34:20.874+0000] {standard_task_runner.py:91} INFO - Job 1190: Subtask done_message
[2024-05-14T05:34:20.919+0000] {task_command.py:426} INFO - Running <TaskInstance: fetch_api_data_and_write_to_files.done_message manual__2024-05-14T05:34:04.711763+00:00 [running]> on host 0391a550332e
[2024-05-14T05:34:21.018+0000] {taskinstance.py:2648} INFO - Exporting env vars: AIRFLOW_CTX_DAG_OWNER='sinta' AIRFLOW_CTX_DAG_ID='fetch_api_data_and_write_to_files' AIRFLOW_CTX_TASK_ID='done_message' AIRFLOW_CTX_EXECUTION_DATE='2024-05-14T05:34:04.711763+00:00' AIRFLOW_CTX_TRY_NUMBER='1' AIRFLOW_CTX_DAG_RUN_ID='manual__2024-05-14T05:34:04.711763+00:00'
[2024-05-14T05:34:21.020+0000] {taskinstance.py:430} INFO - ::endgroup::
[2024-05-14T05:34:21.021+0000] {subprocess.py:63} INFO - Tmp dir root location: /tmp
[2024-05-14T05:34:21.022+0000] {subprocess.py:75} INFO - Running command: ['/usr/bin/bash', '-c', 'echo "done!"']
[2024-05-14T05:34:21.036+0000] {subprocess.py:86} INFO - Output:
[2024-05-14T05:34:21.037+0000] {subprocess.py:93} INFO - done!
[2024-05-14T05:34:21.038+0000] {subprocess.py:97} INFO - Command exited with return code 0
[2024-05-14T05:34:21.039+0000] {taskinstance.py:441} INFO - ::group::Post task execution logs
[2024-05-14T05:34:21.063+0000] {taskinstance.py:1206} INFO - Marking task as SUCCESS. dag_id=fetch_api_data_and_write_to_files, task_id=done_message, run_id=manual__2024-05-14T05:34:04.711763+00:00, execution_date=20240514T053404, start_date=20240514T053420, end_date=20240514T053421
[2024-05-14T05:34:21.086+0000] {local_task_job_runner.py:240} INFO - Task exited with return code 0
[2024-05-14T05:34:21.102+0000] {taskinstance.py:3498} INFO - 0 downstream tasks scheduled from follow-on schedule check
[2024-05-14T05:34:21.105+0000] {local_task_job_runner.py:222} INFO - ::endgroup::
