[2024-05-14T05:31:11.826+0000] {local_task_job_runner.py:120} INFO - ::group::Pre task execution logs
[2024-05-14T05:31:11.894+0000] {taskinstance.py:2076} INFO - Dependencies all met for dep_context=non-requeueable deps ti=<TaskInstance: tugas_workflow_v1.task_6 scheduled__2024-01-10T00:00:00+00:00 [queued]>
[2024-05-14T05:31:11.934+0000] {taskinstance.py:2076} INFO - Dependencies all met for dep_context=requeueable deps ti=<TaskInstance: tugas_workflow_v1.task_6 scheduled__2024-01-10T00:00:00+00:00 [queued]>
[2024-05-14T05:31:11.953+0000] {taskinstance.py:2306} INFO - Starting attempt 1 of 6
[2024-05-14T05:31:12.159+0000] {taskinstance.py:2330} INFO - Executing <Task(BashOperator): task_6> on 2024-01-10 00:00:00+00:00
[2024-05-14T05:31:12.215+0000] {warnings.py:110} WARNING - /home/***/.local/lib/python3.12/site-packages/***/task/task_runner/standard_task_runner.py:61: DeprecationWarning: This process (pid=4510) is multi-threaded, use of fork() may lead to deadlocks in the child.
  pid = os.fork()

[2024-05-14T05:31:12.218+0000] {standard_task_runner.py:63} INFO - Started process 4553 to run task
[2024-05-14T05:31:12.245+0000] {standard_task_runner.py:90} INFO - Running: ['***', 'tasks', 'run', 'tugas_workflow_v1', 'task_6', 'scheduled__2024-01-10T00:00:00+00:00', '--job-id', '883', '--raw', '--subdir', 'DAGS_FOLDER/__pycache__/prioritas_1.py', '--cfg-path', '/tmp/tmp6e6mnqrw']
[2024-05-14T05:31:12.261+0000] {standard_task_runner.py:91} INFO - Job 883: Subtask task_6
[2024-05-14T05:31:12.533+0000] {task_command.py:426} INFO - Running <TaskInstance: tugas_workflow_v1.task_6 scheduled__2024-01-10T00:00:00+00:00 [running]> on host 0391a550332e
[2024-05-14T05:31:13.114+0000] {taskinstance.py:2648} INFO - Exporting env vars: AIRFLOW_CTX_DAG_OWNER='sinta' AIRFLOW_CTX_DAG_ID='tugas_workflow_v1' AIRFLOW_CTX_TASK_ID='task_6' AIRFLOW_CTX_EXECUTION_DATE='2024-01-10T00:00:00+00:00' AIRFLOW_CTX_TRY_NUMBER='1' AIRFLOW_CTX_DAG_RUN_ID='scheduled__2024-01-10T00:00:00+00:00'
[2024-05-14T05:31:13.133+0000] {taskinstance.py:430} INFO - ::endgroup::
[2024-05-14T05:31:13.146+0000] {subprocess.py:63} INFO - Tmp dir root location: /tmp
[2024-05-14T05:31:13.151+0000] {subprocess.py:75} INFO - Running command: ['/usr/bin/bash', '-c', 'echo "done!"']
[2024-05-14T05:31:13.276+0000] {subprocess.py:86} INFO - Output:
[2024-05-14T05:31:13.280+0000] {subprocess.py:93} INFO - done!
[2024-05-14T05:31:13.281+0000] {subprocess.py:97} INFO - Command exited with return code 0
[2024-05-14T05:31:13.282+0000] {taskinstance.py:441} INFO - ::group::Post task execution logs
[2024-05-14T05:31:13.414+0000] {taskinstance.py:1206} INFO - Marking task as SUCCESS. dag_id=tugas_workflow_v1, task_id=task_6, run_id=scheduled__2024-01-10T00:00:00+00:00, execution_date=20240110T000000, start_date=20240514T053111, end_date=20240514T053113
[2024-05-14T05:31:13.550+0000] {local_task_job_runner.py:240} INFO - Task exited with return code 0
[2024-05-14T05:31:13.590+0000] {taskinstance.py:3498} INFO - 0 downstream tasks scheduled from follow-on schedule check
[2024-05-14T05:31:13.611+0000] {local_task_job_runner.py:222} INFO - ::endgroup::
