[2024-05-14T05:29:18.268+0000] {local_task_job_runner.py:120} INFO - ::group::Pre task execution logs
[2024-05-14T05:29:18.437+0000] {taskinstance.py:2076} INFO - Dependencies all met for dep_context=non-requeueable deps ti=<TaskInstance: tugas_workflow_v1.task_1 scheduled__2023-12-29T00:00:00+00:00 [queued]>
[2024-05-14T05:29:18.513+0000] {taskinstance.py:2076} INFO - Dependencies all met for dep_context=requeueable deps ti=<TaskInstance: tugas_workflow_v1.task_1 scheduled__2023-12-29T00:00:00+00:00 [queued]>
[2024-05-14T05:29:18.516+0000] {taskinstance.py:2306} INFO - Starting attempt 1 of 6
[2024-05-14T05:29:18.614+0000] {taskinstance.py:2330} INFO - Executing <Task(BashOperator): task_1> on 2023-12-29 00:00:00+00:00
[2024-05-14T05:29:18.655+0000] {warnings.py:110} WARNING - /home/***/.local/lib/python3.12/site-packages/***/task/task_runner/standard_task_runner.py:61: DeprecationWarning: This process (pid=3771) is multi-threaded, use of fork() may lead to deadlocks in the child.
  pid = os.fork()

[2024-05-14T05:29:18.671+0000] {standard_task_runner.py:63} INFO - Started process 3815 to run task
[2024-05-14T05:29:18.667+0000] {standard_task_runner.py:90} INFO - Running: ['***', 'tasks', 'run', 'tugas_workflow_v1', 'task_1', 'scheduled__2023-12-29T00:00:00+00:00', '--job-id', '714', '--raw', '--subdir', 'DAGS_FOLDER/__pycache__/prioritas_1.py', '--cfg-path', '/tmp/tmp6rh1xnzc']
[2024-05-14T05:29:18.683+0000] {standard_task_runner.py:91} INFO - Job 714: Subtask task_1
[2024-05-14T05:29:18.918+0000] {task_command.py:426} INFO - Running <TaskInstance: tugas_workflow_v1.task_1 scheduled__2023-12-29T00:00:00+00:00 [running]> on host 0391a550332e
[2024-05-14T05:29:19.330+0000] {taskinstance.py:2648} INFO - Exporting env vars: AIRFLOW_CTX_DAG_OWNER='sinta' AIRFLOW_CTX_DAG_ID='tugas_workflow_v1' AIRFLOW_CTX_TASK_ID='task_1' AIRFLOW_CTX_EXECUTION_DATE='2023-12-29T00:00:00+00:00' AIRFLOW_CTX_TRY_NUMBER='1' AIRFLOW_CTX_DAG_RUN_ID='scheduled__2023-12-29T00:00:00+00:00'
[2024-05-14T05:29:19.339+0000] {taskinstance.py:430} INFO - ::endgroup::
[2024-05-14T05:29:19.342+0000] {subprocess.py:63} INFO - Tmp dir root location: /tmp
[2024-05-14T05:29:19.343+0000] {subprocess.py:75} INFO - Running command: ['/usr/bin/bash', '-c', 'echo hello ***']
[2024-05-14T05:29:19.409+0000] {subprocess.py:86} INFO - Output:
[2024-05-14T05:29:19.413+0000] {subprocess.py:93} INFO - hello ***
[2024-05-14T05:29:19.414+0000] {subprocess.py:97} INFO - Command exited with return code 0
[2024-05-14T05:29:19.415+0000] {taskinstance.py:441} INFO - ::group::Post task execution logs
[2024-05-14T05:29:19.548+0000] {taskinstance.py:1206} INFO - Marking task as SUCCESS. dag_id=tugas_workflow_v1, task_id=task_1, run_id=scheduled__2023-12-29T00:00:00+00:00, execution_date=20231229T000000, start_date=20240514T052918, end_date=20240514T052919
[2024-05-14T05:29:19.697+0000] {local_task_job_runner.py:240} INFO - Task exited with return code 0
[2024-05-14T05:29:19.726+0000] {local_task_job_runner.py:222} INFO - ::endgroup::
