[2024-05-20T08:31:17.478+0000] {local_task_job_runner.py:120} INFO - ::group::Pre task execution logs
[2024-05-20T08:31:18.044+0000] {taskinstance.py:2076} INFO - Dependencies all met for dep_context=non-requeueable deps ti=<TaskInstance: tugas_workflow_v1.task_3 scheduled__2024-05-16T00:00:00+00:00 [queued]>
[2024-05-20T08:31:18.183+0000] {taskinstance.py:2076} INFO - Dependencies all met for dep_context=requeueable deps ti=<TaskInstance: tugas_workflow_v1.task_3 scheduled__2024-05-16T00:00:00+00:00 [queued]>
[2024-05-20T08:31:18.189+0000] {taskinstance.py:2306} INFO - Starting attempt 1 of 6
[2024-05-20T08:31:19.204+0000] {taskinstance.py:2330} INFO - Executing <Task(BashOperator): task_3> on 2024-05-16 00:00:00+00:00
[2024-05-20T08:31:19.247+0000] {warnings.py:110} WARNING - /home/***/.local/lib/python3.12/site-packages/***/task/task_runner/standard_task_runner.py:61: DeprecationWarning: This process (pid=96) is multi-threaded, use of fork() may lead to deadlocks in the child.
  pid = os.fork()

[2024-05-20T08:31:19.340+0000] {standard_task_runner.py:63} INFO - Started process 126 to run task
[2024-05-20T08:31:19.981+0000] {standard_task_runner.py:90} INFO - Running: ['***', 'tasks', 'run', 'tugas_workflow_v1', 'task_3', 'scheduled__2024-05-16T00:00:00+00:00', '--job-id', '1590', '--raw', '--subdir', 'DAGS_FOLDER/prioritas_1.py', '--cfg-path', '/tmp/tmp1c5c4tmx']
[2024-05-20T08:31:20.003+0000] {standard_task_runner.py:91} INFO - Job 1590: Subtask task_3
[2024-05-20T08:31:22.272+0000] {task_command.py:426} INFO - Running <TaskInstance: tugas_workflow_v1.task_3 scheduled__2024-05-16T00:00:00+00:00 [running]> on host 0391a550332e
[2024-05-20T08:31:25.517+0000] {taskinstance.py:2648} INFO - Exporting env vars: AIRFLOW_CTX_DAG_OWNER='sinta' AIRFLOW_CTX_DAG_ID='tugas_workflow_v1' AIRFLOW_CTX_TASK_ID='task_3' AIRFLOW_CTX_EXECUTION_DATE='2024-05-16T00:00:00+00:00' AIRFLOW_CTX_TRY_NUMBER='1' AIRFLOW_CTX_DAG_RUN_ID='scheduled__2024-05-16T00:00:00+00:00'
[2024-05-20T08:31:25.639+0000] {taskinstance.py:430} INFO - ::endgroup::
[2024-05-20T08:31:25.895+0000] {subprocess.py:63} INFO - Tmp dir root location: /tmp
[2024-05-20T08:31:25.898+0000] {subprocess.py:75} INFO - Running command: ['/usr/bin/bash', '-c', 'mkdir -p our_works']
[2024-05-20T08:31:25.912+0000] {subprocess.py:86} INFO - Output:
[2024-05-20T08:31:28.533+0000] {subprocess.py:97} INFO - Command exited with return code 0
[2024-05-20T08:31:28.535+0000] {taskinstance.py:441} INFO - ::group::Post task execution logs
[2024-05-20T08:31:28.794+0000] {taskinstance.py:1206} INFO - Marking task as SUCCESS. dag_id=tugas_workflow_v1, task_id=task_3, run_id=scheduled__2024-05-16T00:00:00+00:00, execution_date=20240516T000000, start_date=20240520T083118, end_date=20240520T083128
[2024-05-20T08:31:29.127+0000] {local_task_job_runner.py:240} INFO - Task exited with return code 0
[2024-05-20T08:31:29.248+0000] {taskinstance.py:3498} INFO - 1 downstream tasks scheduled from follow-on schedule check
[2024-05-20T08:31:29.461+0000] {local_task_job_runner.py:222} INFO - ::endgroup::
