[2024-05-14T06:11:58.438+0000] {local_task_job_runner.py:120} INFO - ::group::Pre task execution logs
[2024-05-14T06:11:59.135+0000] {taskinstance.py:2076} INFO - Dependencies all met for dep_context=non-requeueable deps ti=<TaskInstance: tugas_workflow_v1.task_5 scheduled__2024-03-31T00:00:00+00:00 [queued]>
[2024-05-14T06:11:59.526+0000] {taskinstance.py:2076} INFO - Dependencies all met for dep_context=requeueable deps ti=<TaskInstance: tugas_workflow_v1.task_5 scheduled__2024-03-31T00:00:00+00:00 [queued]>
[2024-05-14T06:11:59.565+0000] {taskinstance.py:2306} INFO - Starting attempt 1 of 6
[2024-05-14T06:12:00.717+0000] {taskinstance.py:2330} INFO - Executing <Task(BashOperator): task_5> on 2024-03-31 00:00:00+00:00
[2024-05-14T06:12:00.998+0000] {warnings.py:110} WARNING - /home/***/.local/lib/python3.12/site-packages/***/task/task_runner/standard_task_runner.py:61: DeprecationWarning: This process (pid=6549) is multi-threaded, use of fork() may lead to deadlocks in the child.
  pid = os.fork()

[2024-05-14T06:12:01.145+0000] {standard_task_runner.py:63} INFO - Started process 6618 to run task
[2024-05-14T06:12:01.120+0000] {standard_task_runner.py:90} INFO - Running: ['***', 'tasks', 'run', 'tugas_workflow_v1', 'task_5', 'scheduled__2024-03-31T00:00:00+00:00', '--job-id', '1342', '--raw', '--subdir', 'DAGS_FOLDER/__pycache__/prioritas_1.py', '--cfg-path', '/tmp/tmp1wya4xi8']
[2024-05-14T06:12:01.299+0000] {standard_task_runner.py:91} INFO - Job 1342: Subtask task_5
[2024-05-14T06:12:01.900+0000] {task_command.py:426} INFO - Running <TaskInstance: tugas_workflow_v1.task_5 scheduled__2024-03-31T00:00:00+00:00 [running]> on host 0391a550332e
[2024-05-14T06:12:02.445+0000] {taskinstance.py:2648} INFO - Exporting env vars: AIRFLOW_CTX_DAG_OWNER='sinta' AIRFLOW_CTX_DAG_ID='tugas_workflow_v1' AIRFLOW_CTX_TASK_ID='task_5' AIRFLOW_CTX_EXECUTION_DATE='2024-03-31T00:00:00+00:00' AIRFLOW_CTX_TRY_NUMBER='1' AIRFLOW_CTX_DAG_RUN_ID='scheduled__2024-03-31T00:00:00+00:00'
[2024-05-14T06:12:02.453+0000] {taskinstance.py:430} INFO - ::endgroup::
[2024-05-14T06:12:02.456+0000] {subprocess.py:63} INFO - Tmp dir root location: /tmp
[2024-05-14T06:12:02.459+0000] {subprocess.py:75} INFO - Running command: ['/usr/bin/bash', '-c', 'mkdir -p our_works && touch our_works/works.txt']
[2024-05-14T06:12:02.531+0000] {subprocess.py:86} INFO - Output:
[2024-05-14T06:12:02.563+0000] {subprocess.py:97} INFO - Command exited with return code 0
[2024-05-14T06:12:02.576+0000] {taskinstance.py:441} INFO - ::group::Post task execution logs
[2024-05-14T06:12:02.830+0000] {taskinstance.py:1206} INFO - Marking task as SUCCESS. dag_id=tugas_workflow_v1, task_id=task_5, run_id=scheduled__2024-03-31T00:00:00+00:00, execution_date=20240331T000000, start_date=20240514T061159, end_date=20240514T061202
[2024-05-14T06:12:02.964+0000] {local_task_job_runner.py:240} INFO - Task exited with return code 0
[2024-05-14T06:12:03.076+0000] {taskinstance.py:3498} INFO - 0 downstream tasks scheduled from follow-on schedule check
[2024-05-14T06:12:03.116+0000] {local_task_job_runner.py:222} INFO - ::endgroup::
