[2024-05-20T08:30:47.716+0000] {local_task_job_runner.py:120} INFO - ::group::Pre task execution logs
[2024-05-20T08:30:47.838+0000] {taskinstance.py:2076} INFO - Dependencies all met for dep_context=non-requeueable deps ti=<TaskInstance: random_numbers_workflow.generate_random_numbers scheduled__2024-05-19T00:00:00+00:00 [queued]>
[2024-05-20T08:30:47.925+0000] {taskinstance.py:2076} INFO - Dependencies all met for dep_context=requeueable deps ti=<TaskInstance: random_numbers_workflow.generate_random_numbers scheduled__2024-05-19T00:00:00+00:00 [queued]>
[2024-05-20T08:30:47.962+0000] {taskinstance.py:2306} INFO - Starting attempt 1 of 6
[2024-05-20T08:30:48.109+0000] {taskinstance.py:2330} INFO - Executing <Task(PythonOperator): generate_random_numbers> on 2024-05-19 00:00:00+00:00
[2024-05-20T08:30:48.221+0000] {warnings.py:110} WARNING - /home/***/.local/lib/python3.12/site-packages/***/task/task_runner/standard_task_runner.py:61: DeprecationWarning: This process (pid=60) is multi-threaded, use of fork() may lead to deadlocks in the child.
  pid = os.fork()

[2024-05-20T08:30:48.224+0000] {standard_task_runner.py:90} INFO - Running: ['***', 'tasks', 'run', 'random_numbers_workflow', 'generate_random_numbers', 'scheduled__2024-05-19T00:00:00+00:00', '--job-id', '1584', '--raw', '--subdir', 'DAGS_FOLDER/prioritas_1(2).py', '--cfg-path', '/tmp/tmpgo0joc4b']
[2024-05-20T08:30:48.252+0000] {standard_task_runner.py:91} INFO - Job 1584: Subtask generate_random_numbers
[2024-05-20T08:30:48.251+0000] {standard_task_runner.py:63} INFO - Started process 80 to run task
[2024-05-20T08:30:48.794+0000] {task_command.py:426} INFO - Running <TaskInstance: random_numbers_workflow.generate_random_numbers scheduled__2024-05-19T00:00:00+00:00 [running]> on host 0391a550332e
[2024-05-20T08:30:51.778+0000] {taskinstance.py:2648} INFO - Exporting env vars: AIRFLOW_CTX_DAG_OWNER='sinta' AIRFLOW_CTX_DAG_ID='random_numbers_workflow' AIRFLOW_CTX_TASK_ID='generate_random_numbers' AIRFLOW_CTX_EXECUTION_DATE='2024-05-19T00:00:00+00:00' AIRFLOW_CTX_TRY_NUMBER='1' AIRFLOW_CTX_DAG_RUN_ID='scheduled__2024-05-19T00:00:00+00:00'
[2024-05-20T08:30:51.968+0000] {taskinstance.py:430} INFO - ::endgroup::
[2024-05-20T08:30:52.454+0000] {prioritas_1(2).py:17} INFO - Generated numbers: [32, 42, 8, 46, 30, 39, 6, 46, 26, 23, 29, 31, 26, 36, 13, 9, 5, 40, 47, 49, 30, 33, 26, 17, 9]
[2024-05-20T08:30:52.456+0000] {python.py:237} INFO - Done. Returned value was: None
[2024-05-20T08:30:52.460+0000] {taskinstance.py:441} INFO - ::group::Post task execution logs
[2024-05-20T08:30:53.118+0000] {taskinstance.py:1206} INFO - Marking task as SUCCESS. dag_id=random_numbers_workflow, task_id=generate_random_numbers, run_id=scheduled__2024-05-19T00:00:00+00:00, execution_date=20240519T000000, start_date=20240520T083047, end_date=20240520T083053
[2024-05-20T08:30:54.951+0000] {local_task_job_runner.py:240} INFO - Task exited with return code 0
[2024-05-20T08:30:55.118+0000] {taskinstance.py:3498} INFO - 1 downstream tasks scheduled from follow-on schedule check
[2024-05-20T08:30:55.321+0000] {local_task_job_runner.py:222} INFO - ::endgroup::
