[2024-05-14T06:13:07.581+0000] {local_task_job_runner.py:120} INFO - ::group::Pre task execution logs
[2024-05-14T06:13:07.671+0000] {taskinstance.py:2076} INFO - Dependencies all met for dep_context=non-requeueable deps ti=<TaskInstance: tugas_workflow_v1.task_6 scheduled__2024-04-10T00:00:00+00:00 [queued]>
[2024-05-14T06:13:07.704+0000] {taskinstance.py:2076} INFO - Dependencies all met for dep_context=requeueable deps ti=<TaskInstance: tugas_workflow_v1.task_6 scheduled__2024-04-10T00:00:00+00:00 [queued]>
[2024-05-14T06:13:07.707+0000] {taskinstance.py:2306} INFO - Starting attempt 1 of 6
[2024-05-14T06:13:09.245+0000] {taskinstance.py:2330} INFO - Executing <Task(BashOperator): task_6> on 2024-04-10 00:00:00+00:00
[2024-05-14T06:13:09.364+0000] {warnings.py:110} WARNING - /home/***/.local/lib/python3.12/site-packages/***/task/task_runner/standard_task_runner.py:61: DeprecationWarning: This process (pid=6749) is multi-threaded, use of fork() may lead to deadlocks in the child.
  pid = os.fork()

[2024-05-14T06:13:09.404+0000] {standard_task_runner.py:63} INFO - Started process 6782 to run task
[2024-05-14T06:13:09.387+0000] {standard_task_runner.py:90} INFO - Running: ['***', 'tasks', 'run', 'tugas_workflow_v1', 'task_6', 'scheduled__2024-04-10T00:00:00+00:00', '--job-id', '1379', '--raw', '--subdir', 'DAGS_FOLDER/__pycache__/prioritas_1.py', '--cfg-path', '/tmp/tmptb0z40jm']
[2024-05-14T06:13:09.454+0000] {standard_task_runner.py:91} INFO - Job 1379: Subtask task_6
[2024-05-14T06:13:10.415+0000] {task_command.py:426} INFO - Running <TaskInstance: tugas_workflow_v1.task_6 scheduled__2024-04-10T00:00:00+00:00 [running]> on host 0391a550332e
[2024-05-14T06:13:12.506+0000] {taskinstance.py:2648} INFO - Exporting env vars: AIRFLOW_CTX_DAG_OWNER='sinta' AIRFLOW_CTX_DAG_ID='tugas_workflow_v1' AIRFLOW_CTX_TASK_ID='task_6' AIRFLOW_CTX_EXECUTION_DATE='2024-04-10T00:00:00+00:00' AIRFLOW_CTX_TRY_NUMBER='1' AIRFLOW_CTX_DAG_RUN_ID='scheduled__2024-04-10T00:00:00+00:00'
[2024-05-14T06:13:12.572+0000] {taskinstance.py:430} INFO - ::endgroup::
[2024-05-14T06:13:12.591+0000] {subprocess.py:63} INFO - Tmp dir root location: /tmp
[2024-05-14T06:13:12.607+0000] {subprocess.py:75} INFO - Running command: ['/usr/bin/bash', '-c', 'echo "done!"']
[2024-05-14T06:13:12.752+0000] {subprocess.py:86} INFO - Output:
[2024-05-14T06:13:12.758+0000] {subprocess.py:93} INFO - done!
[2024-05-14T06:13:12.761+0000] {subprocess.py:97} INFO - Command exited with return code 0
[2024-05-14T06:13:12.763+0000] {taskinstance.py:441} INFO - ::group::Post task execution logs
[2024-05-14T06:13:12.885+0000] {taskinstance.py:1206} INFO - Marking task as SUCCESS. dag_id=tugas_workflow_v1, task_id=task_6, run_id=scheduled__2024-04-10T00:00:00+00:00, execution_date=20240410T000000, start_date=20240514T061307, end_date=20240514T061312
[2024-05-14T06:13:12.987+0000] {local_task_job_runner.py:240} INFO - Task exited with return code 0
[2024-05-14T06:13:13.033+0000] {taskinstance.py:3498} INFO - 0 downstream tasks scheduled from follow-on schedule check
[2024-05-14T06:13:13.049+0000] {local_task_job_runner.py:222} INFO - ::endgroup::
