[2024-05-14T05:32:42.295+0000] {local_task_job_runner.py:120} INFO - ::group::Pre task execution logs
[2024-05-14T05:32:42.524+0000] {taskinstance.py:2076} INFO - Dependencies all met for dep_context=non-requeueable deps ti=<TaskInstance: tugas_workflow_v1.task_3 scheduled__2024-02-12T00:00:00+00:00 [queued]>
[2024-05-14T05:32:42.562+0000] {taskinstance.py:2076} INFO - Dependencies all met for dep_context=requeueable deps ti=<TaskInstance: tugas_workflow_v1.task_3 scheduled__2024-02-12T00:00:00+00:00 [queued]>
[2024-05-14T05:32:42.570+0000] {taskinstance.py:2306} INFO - Starting attempt 1 of 6
[2024-05-14T05:32:42.681+0000] {taskinstance.py:2330} INFO - Executing <Task(BashOperator): task_3> on 2024-02-12 00:00:00+00:00
[2024-05-14T05:32:42.729+0000] {warnings.py:110} WARNING - /home/***/.local/lib/python3.12/site-packages/***/task/task_runner/standard_task_runner.py:61: DeprecationWarning: This process (pid=5097) is multi-threaded, use of fork() may lead to deadlocks in the child.
  pid = os.fork()

[2024-05-14T05:32:42.733+0000] {standard_task_runner.py:63} INFO - Started process 5140 to run task
[2024-05-14T05:32:42.777+0000] {standard_task_runner.py:90} INFO - Running: ['***', 'tasks', 'run', 'tugas_workflow_v1', 'task_3', 'scheduled__2024-02-12T00:00:00+00:00', '--job-id', '1015', '--raw', '--subdir', 'DAGS_FOLDER/__pycache__/prioritas_1.py', '--cfg-path', '/tmp/tmpr062udv4']
[2024-05-14T05:32:42.815+0000] {standard_task_runner.py:91} INFO - Job 1015: Subtask task_3
[2024-05-14T05:32:43.162+0000] {task_command.py:426} INFO - Running <TaskInstance: tugas_workflow_v1.task_3 scheduled__2024-02-12T00:00:00+00:00 [running]> on host 0391a550332e
[2024-05-14T05:32:44.077+0000] {taskinstance.py:2648} INFO - Exporting env vars: AIRFLOW_CTX_DAG_OWNER='sinta' AIRFLOW_CTX_DAG_ID='tugas_workflow_v1' AIRFLOW_CTX_TASK_ID='task_3' AIRFLOW_CTX_EXECUTION_DATE='2024-02-12T00:00:00+00:00' AIRFLOW_CTX_TRY_NUMBER='1' AIRFLOW_CTX_DAG_RUN_ID='scheduled__2024-02-12T00:00:00+00:00'
[2024-05-14T05:32:44.086+0000] {taskinstance.py:430} INFO - ::endgroup::
[2024-05-14T05:32:44.091+0000] {subprocess.py:63} INFO - Tmp dir root location: /tmp
[2024-05-14T05:32:44.103+0000] {subprocess.py:75} INFO - Running command: ['/usr/bin/bash', '-c', 'mkdir -p our_works']
[2024-05-14T05:32:44.179+0000] {subprocess.py:86} INFO - Output:
[2024-05-14T05:32:44.183+0000] {subprocess.py:97} INFO - Command exited with return code 0
[2024-05-14T05:32:44.187+0000] {taskinstance.py:441} INFO - ::group::Post task execution logs
[2024-05-14T05:32:44.328+0000] {taskinstance.py:1206} INFO - Marking task as SUCCESS. dag_id=tugas_workflow_v1, task_id=task_3, run_id=scheduled__2024-02-12T00:00:00+00:00, execution_date=20240212T000000, start_date=20240514T053242, end_date=20240514T053244
[2024-05-14T05:32:44.489+0000] {local_task_job_runner.py:240} INFO - Task exited with return code 0
[2024-05-14T05:32:44.572+0000] {local_task_job_runner.py:222} INFO - ::endgroup::
