[2024-05-14T05:28:13.271+0000] {local_task_job_runner.py:120} INFO - ::group::Pre task execution logs
[2024-05-14T05:28:13.366+0000] {taskinstance.py:2076} INFO - Dependencies all met for dep_context=non-requeueable deps ti=<TaskInstance: tugas_workflow_v1.task_1 scheduled__2023-12-15T00:00:00+00:00 [queued]>
[2024-05-14T05:28:13.389+0000] {taskinstance.py:2076} INFO - Dependencies all met for dep_context=requeueable deps ti=<TaskInstance: tugas_workflow_v1.task_1 scheduled__2023-12-15T00:00:00+00:00 [queued]>
[2024-05-14T05:28:13.394+0000] {taskinstance.py:2306} INFO - Starting attempt 1 of 6
[2024-05-14T05:28:13.464+0000] {taskinstance.py:2330} INFO - Executing <Task(BashOperator): task_1> on 2023-12-15 00:00:00+00:00
[2024-05-14T05:28:13.504+0000] {warnings.py:110} WARNING - /home/***/.local/lib/python3.12/site-packages/***/task/task_runner/standard_task_runner.py:61: DeprecationWarning: This process (pid=3342) is multi-threaded, use of fork() may lead to deadlocks in the child.
  pid = os.fork()

[2024-05-14T05:28:13.507+0000] {standard_task_runner.py:63} INFO - Started process 3389 to run task
[2024-05-14T05:28:13.519+0000] {standard_task_runner.py:90} INFO - Running: ['***', 'tasks', 'run', 'tugas_workflow_v1', 'task_1', 'scheduled__2023-12-15T00:00:00+00:00', '--job-id', '618', '--raw', '--subdir', 'DAGS_FOLDER/__pycache__/prioritas_1.py', '--cfg-path', '/tmp/tmph413btyx']
[2024-05-14T05:28:13.551+0000] {standard_task_runner.py:91} INFO - Job 618: Subtask task_1
[2024-05-14T05:28:13.701+0000] {task_command.py:426} INFO - Running <TaskInstance: tugas_workflow_v1.task_1 scheduled__2023-12-15T00:00:00+00:00 [running]> on host 0391a550332e
[2024-05-14T05:28:14.193+0000] {taskinstance.py:2648} INFO - Exporting env vars: AIRFLOW_CTX_DAG_OWNER='sinta' AIRFLOW_CTX_DAG_ID='tugas_workflow_v1' AIRFLOW_CTX_TASK_ID='task_1' AIRFLOW_CTX_EXECUTION_DATE='2023-12-15T00:00:00+00:00' AIRFLOW_CTX_TRY_NUMBER='1' AIRFLOW_CTX_DAG_RUN_ID='scheduled__2023-12-15T00:00:00+00:00'
[2024-05-14T05:28:14.198+0000] {taskinstance.py:430} INFO - ::endgroup::
[2024-05-14T05:28:14.200+0000] {subprocess.py:63} INFO - Tmp dir root location: /tmp
[2024-05-14T05:28:14.202+0000] {subprocess.py:75} INFO - Running command: ['/usr/bin/bash', '-c', 'echo hello ***']
[2024-05-14T05:28:14.242+0000] {subprocess.py:86} INFO - Output:
[2024-05-14T05:28:14.245+0000] {subprocess.py:93} INFO - hello ***
[2024-05-14T05:28:14.248+0000] {subprocess.py:97} INFO - Command exited with return code 0
[2024-05-14T05:28:14.253+0000] {taskinstance.py:441} INFO - ::group::Post task execution logs
[2024-05-14T05:28:14.341+0000] {taskinstance.py:1206} INFO - Marking task as SUCCESS. dag_id=tugas_workflow_v1, task_id=task_1, run_id=scheduled__2023-12-15T00:00:00+00:00, execution_date=20231215T000000, start_date=20240514T052813, end_date=20240514T052814
[2024-05-14T05:28:14.421+0000] {local_task_job_runner.py:240} INFO - Task exited with return code 0
[2024-05-14T05:28:14.453+0000] {local_task_job_runner.py:222} INFO - ::endgroup::
