[2024-05-20T08:31:51.435+0000] {local_task_job_runner.py:120} INFO - ::group::Pre task execution logs
[2024-05-20T08:31:51.479+0000] {taskinstance.py:2076} INFO - Dependencies all met for dep_context=non-requeueable deps ti=<TaskInstance: random_numbers_workflow.check_even_or_odd scheduled__2024-05-19T00:00:00+00:00 [queued]>
[2024-05-20T08:31:51.506+0000] {taskinstance.py:2076} INFO - Dependencies all met for dep_context=requeueable deps ti=<TaskInstance: random_numbers_workflow.check_even_or_odd scheduled__2024-05-19T00:00:00+00:00 [queued]>
[2024-05-20T08:31:51.511+0000] {taskinstance.py:2306} INFO - Starting attempt 1 of 6
[2024-05-20T08:31:51.609+0000] {taskinstance.py:2330} INFO - Executing <Task(PythonOperator): check_even_or_odd> on 2024-05-19 00:00:00+00:00
[2024-05-20T08:31:51.726+0000] {standard_task_runner.py:90} INFO - Running: ['***', 'tasks', 'run', 'random_numbers_workflow', 'check_even_or_odd', 'scheduled__2024-05-19T00:00:00+00:00', '--job-id', '1606', '--raw', '--subdir', 'DAGS_FOLDER/prioritas_1(2).py', '--cfg-path', '/tmp/tmpcazvkvlu']
[2024-05-20T08:31:51.703+0000] {warnings.py:110} WARNING - /home/***/.local/lib/python3.12/site-packages/***/task/task_runner/standard_task_runner.py:61: DeprecationWarning: This process (pid=158) is multi-threaded, use of fork() may lead to deadlocks in the child.
  pid = os.fork()

[2024-05-20T08:31:51.736+0000] {standard_task_runner.py:63} INFO - Started process 171 to run task
[2024-05-20T08:31:51.732+0000] {standard_task_runner.py:91} INFO - Job 1606: Subtask check_even_or_odd
[2024-05-20T08:31:52.098+0000] {task_command.py:426} INFO - Running <TaskInstance: random_numbers_workflow.check_even_or_odd scheduled__2024-05-19T00:00:00+00:00 [running]> on host 0391a550332e
[2024-05-20T08:31:52.782+0000] {taskinstance.py:2648} INFO - Exporting env vars: AIRFLOW_CTX_DAG_OWNER='sinta' AIRFLOW_CTX_DAG_ID='random_numbers_workflow' AIRFLOW_CTX_TASK_ID='check_even_or_odd' AIRFLOW_CTX_EXECUTION_DATE='2024-05-19T00:00:00+00:00' AIRFLOW_CTX_TRY_NUMBER='1' AIRFLOW_CTX_DAG_RUN_ID='scheduled__2024-05-19T00:00:00+00:00'
[2024-05-20T08:31:52.796+0000] {taskinstance.py:430} INFO - ::endgroup::
[2024-05-20T08:31:52.819+0000] {prioritas_1(2).py:28} INFO - Even Sum
[2024-05-20T08:31:52.820+0000] {python.py:237} INFO - Done. Returned value was: None
[2024-05-20T08:31:52.821+0000] {taskinstance.py:441} INFO - ::group::Post task execution logs
[2024-05-20T08:31:52.841+0000] {taskinstance.py:1206} INFO - Marking task as SUCCESS. dag_id=random_numbers_workflow, task_id=check_even_or_odd, run_id=scheduled__2024-05-19T00:00:00+00:00, execution_date=20240519T000000, start_date=20240520T083151, end_date=20240520T083152
[2024-05-20T08:31:52.934+0000] {local_task_job_runner.py:240} INFO - Task exited with return code 0
[2024-05-20T08:31:53.018+0000] {taskinstance.py:3498} INFO - 0 downstream tasks scheduled from follow-on schedule check
[2024-05-20T08:31:53.087+0000] {local_task_job_runner.py:222} INFO - ::endgroup::
