[2024-05-14T05:33:49.473+0000] {local_task_job_runner.py:120} INFO - ::group::Pre task execution logs
[2024-05-14T05:33:49.526+0000] {taskinstance.py:2076} INFO - Dependencies all met for dep_context=non-requeueable deps ti=<TaskInstance: tugas_workflow_v1.task_3 scheduled__2024-03-06T00:00:00+00:00 [queued]>
[2024-05-14T05:33:49.546+0000] {taskinstance.py:2076} INFO - Dependencies all met for dep_context=requeueable deps ti=<TaskInstance: tugas_workflow_v1.task_3 scheduled__2024-03-06T00:00:00+00:00 [queued]>
[2024-05-14T05:33:49.548+0000] {taskinstance.py:2306} INFO - Starting attempt 1 of 6
[2024-05-14T05:33:49.590+0000] {taskinstance.py:2330} INFO - Executing <Task(BashOperator): task_3> on 2024-03-06 00:00:00+00:00
[2024-05-14T05:33:49.605+0000] {warnings.py:110} WARNING - /home/***/.local/lib/python3.12/site-packages/***/task/task_runner/standard_task_runner.py:61: DeprecationWarning: This process (pid=5592) is multi-threaded, use of fork() may lead to deadlocks in the child.
  pid = os.fork()

[2024-05-14T05:33:49.607+0000] {standard_task_runner.py:63} INFO - Started process 5637 to run task
[2024-05-14T05:33:49.613+0000] {standard_task_runner.py:90} INFO - Running: ['***', 'tasks', 'run', 'tugas_workflow_v1', 'task_3', 'scheduled__2024-03-06T00:00:00+00:00', '--job-id', '1130', '--raw', '--subdir', 'DAGS_FOLDER/__pycache__/prioritas_1.py', '--cfg-path', '/tmp/tmpluaoaag2']
[2024-05-14T05:33:49.624+0000] {standard_task_runner.py:91} INFO - Job 1130: Subtask task_3
[2024-05-14T05:33:49.778+0000] {task_command.py:426} INFO - Running <TaskInstance: tugas_workflow_v1.task_3 scheduled__2024-03-06T00:00:00+00:00 [running]> on host 0391a550332e
[2024-05-14T05:33:50.434+0000] {taskinstance.py:2648} INFO - Exporting env vars: AIRFLOW_CTX_DAG_OWNER='sinta' AIRFLOW_CTX_DAG_ID='tugas_workflow_v1' AIRFLOW_CTX_TASK_ID='task_3' AIRFLOW_CTX_EXECUTION_DATE='2024-03-06T00:00:00+00:00' AIRFLOW_CTX_TRY_NUMBER='1' AIRFLOW_CTX_DAG_RUN_ID='scheduled__2024-03-06T00:00:00+00:00'
[2024-05-14T05:33:50.440+0000] {taskinstance.py:430} INFO - ::endgroup::
[2024-05-14T05:33:50.442+0000] {subprocess.py:63} INFO - Tmp dir root location: /tmp
[2024-05-14T05:33:50.444+0000] {subprocess.py:75} INFO - Running command: ['/usr/bin/bash', '-c', 'mkdir -p our_works']
[2024-05-14T05:33:50.546+0000] {subprocess.py:86} INFO - Output:
[2024-05-14T05:33:50.560+0000] {subprocess.py:97} INFO - Command exited with return code 0
[2024-05-14T05:33:50.561+0000] {taskinstance.py:441} INFO - ::group::Post task execution logs
[2024-05-14T05:33:50.653+0000] {taskinstance.py:1206} INFO - Marking task as SUCCESS. dag_id=tugas_workflow_v1, task_id=task_3, run_id=scheduled__2024-03-06T00:00:00+00:00, execution_date=20240306T000000, start_date=20240514T053349, end_date=20240514T053350
[2024-05-14T05:33:50.718+0000] {local_task_job_runner.py:240} INFO - Task exited with return code 0
[2024-05-14T05:33:50.762+0000] {local_task_job_runner.py:222} INFO - ::endgroup::
