[2024-05-14T04:53:17.577+0000] {local_task_job_runner.py:120} INFO - ::group::Pre task execution logs
[2024-05-14T04:53:17.596+0000] {taskinstance.py:2076} INFO - Dependencies all met for dep_context=non-requeueable deps ti=<TaskInstance: random_numbers_workflow.generate_random_numbers manual__2024-05-14T04:53:15.790199+00:00 [queued]>
[2024-05-14T04:53:17.605+0000] {taskinstance.py:2076} INFO - Dependencies all met for dep_context=requeueable deps ti=<TaskInstance: random_numbers_workflow.generate_random_numbers manual__2024-05-14T04:53:15.790199+00:00 [queued]>
[2024-05-14T04:53:17.607+0000] {taskinstance.py:2306} INFO - Starting attempt 1 of 6
[2024-05-14T04:53:17.620+0000] {taskinstance.py:2330} INFO - Executing <Task(PythonOperator): generate_random_numbers> on 2024-05-14 04:53:15.790199+00:00
[2024-05-14T04:53:17.627+0000] {warnings.py:110} WARNING - /home/***/.local/lib/python3.12/site-packages/***/task/task_runner/standard_task_runner.py:61: DeprecationWarning: This process (pid=432) is multi-threaded, use of fork() may lead to deadlocks in the child.
  pid = os.fork()

[2024-05-14T04:53:17.628+0000] {standard_task_runner.py:63} INFO - Started process 434 to run task
[2024-05-14T04:53:17.628+0000] {standard_task_runner.py:90} INFO - Running: ['***', 'tasks', 'run', 'random_numbers_workflow', 'generate_random_numbers', 'manual__2024-05-14T04:53:15.790199+00:00', '--job-id', '9', '--raw', '--subdir', 'DAGS_FOLDER/prioritas_2.py', '--cfg-path', '/tmp/tmp5yhxgajq']
[2024-05-14T04:53:17.631+0000] {standard_task_runner.py:91} INFO - Job 9: Subtask generate_random_numbers
[2024-05-14T04:53:17.681+0000] {task_command.py:426} INFO - Running <TaskInstance: random_numbers_workflow.generate_random_numbers manual__2024-05-14T04:53:15.790199+00:00 [running]> on host 0391a550332e
[2024-05-14T04:53:17.765+0000] {taskinstance.py:2648} INFO - Exporting env vars: AIRFLOW_CTX_DAG_OWNER='sinta' AIRFLOW_CTX_DAG_ID='random_numbers_workflow' AIRFLOW_CTX_TASK_ID='generate_random_numbers' AIRFLOW_CTX_EXECUTION_DATE='2024-05-14T04:53:15.790199+00:00' AIRFLOW_CTX_TRY_NUMBER='1' AIRFLOW_CTX_DAG_RUN_ID='manual__2024-05-14T04:53:15.790199+00:00'
[2024-05-14T04:53:17.767+0000] {taskinstance.py:430} INFO - ::endgroup::
[2024-05-14T04:53:17.782+0000] {prioritas_2.py:20} INFO - Generated numbers: [21, 14, 24, 2, 28, 29, 40, 22, 31, 24, 23, 17, 9, 43, 2, 13, 6, 19, 24, 20, 31, 16, 7, 12, 7]
[2024-05-14T04:53:17.783+0000] {python.py:237} INFO - Done. Returned value was: None
[2024-05-14T04:53:17.784+0000] {taskinstance.py:441} INFO - ::group::Post task execution logs
[2024-05-14T04:53:17.793+0000] {taskinstance.py:1206} INFO - Marking task as SUCCESS. dag_id=random_numbers_workflow, task_id=generate_random_numbers, run_id=manual__2024-05-14T04:53:15.790199+00:00, execution_date=20240514T045315, start_date=20240514T045317, end_date=20240514T045317
[2024-05-14T04:53:17.843+0000] {local_task_job_runner.py:240} INFO - Task exited with return code 0
[2024-05-14T04:53:17.867+0000] {taskinstance.py:3498} INFO - 1 downstream tasks scheduled from follow-on schedule check
[2024-05-14T04:53:17.871+0000] {local_task_job_runner.py:222} INFO - ::endgroup::
