[2024-05-14T05:16:31.011+0000] {local_task_job_runner.py:120} INFO - ::group::Pre task execution logs
[2024-05-14T05:16:31.083+0000] {taskinstance.py:2076} INFO - Dependencies all met for dep_context=non-requeueable deps ti=<TaskInstance: tugas_workflow_v1.task_2 scheduled__2023-11-08T00:00:00+00:00 [queued]>
[2024-05-14T05:16:31.102+0000] {taskinstance.py:2076} INFO - Dependencies all met for dep_context=requeueable deps ti=<TaskInstance: tugas_workflow_v1.task_2 scheduled__2023-11-08T00:00:00+00:00 [queued]>
[2024-05-14T05:16:31.105+0000] {taskinstance.py:2306} INFO - Starting attempt 1 of 6
[2024-05-14T05:16:31.168+0000] {taskinstance.py:2330} INFO - Executing <Task(BashOperator): task_2> on 2023-11-08 00:00:00+00:00
[2024-05-14T05:16:31.184+0000] {warnings.py:110} WARNING - /home/***/.local/lib/python3.12/site-packages/***/task/task_runner/standard_task_runner.py:61: DeprecationWarning: This process (pid=1724) is multi-threaded, use of fork() may lead to deadlocks in the child.
  pid = os.fork()

[2024-05-14T05:16:31.187+0000] {standard_task_runner.py:63} INFO - Started process 1755 to run task
[2024-05-14T05:16:31.191+0000] {standard_task_runner.py:90} INFO - Running: ['***', 'tasks', 'run', 'tugas_workflow_v1', 'task_2', 'scheduled__2023-11-08T00:00:00+00:00', '--job-id', '262', '--raw', '--subdir', 'DAGS_FOLDER/__pycache__/prioritas_1.py', '--cfg-path', '/tmp/tmpxvt3q4t7']
[2024-05-14T05:16:31.200+0000] {standard_task_runner.py:91} INFO - Job 262: Subtask task_2
[2024-05-14T05:16:31.406+0000] {task_command.py:426} INFO - Running <TaskInstance: tugas_workflow_v1.task_2 scheduled__2023-11-08T00:00:00+00:00 [running]> on host 0391a550332e
[2024-05-14T05:16:31.829+0000] {taskinstance.py:2648} INFO - Exporting env vars: AIRFLOW_CTX_DAG_OWNER='sinta' AIRFLOW_CTX_DAG_ID='tugas_workflow_v1' AIRFLOW_CTX_TASK_ID='task_2' AIRFLOW_CTX_EXECUTION_DATE='2023-11-08T00:00:00+00:00' AIRFLOW_CTX_TRY_NUMBER='1' AIRFLOW_CTX_DAG_RUN_ID='scheduled__2023-11-08T00:00:00+00:00'
[2024-05-14T05:16:31.835+0000] {taskinstance.py:430} INFO - ::endgroup::
[2024-05-14T05:16:31.852+0000] {subprocess.py:63} INFO - Tmp dir root location: /tmp
[2024-05-14T05:16:31.866+0000] {subprocess.py:75} INFO - Running command: ['/usr/bin/bash', '-c', 'mkdir -p about_us']
[2024-05-14T05:16:31.993+0000] {subprocess.py:86} INFO - Output:
[2024-05-14T05:16:32.029+0000] {subprocess.py:97} INFO - Command exited with return code 0
[2024-05-14T05:16:32.031+0000] {taskinstance.py:441} INFO - ::group::Post task execution logs
[2024-05-14T05:16:32.161+0000] {taskinstance.py:1206} INFO - Marking task as SUCCESS. dag_id=tugas_workflow_v1, task_id=task_2, run_id=scheduled__2023-11-08T00:00:00+00:00, execution_date=20231108T000000, start_date=20240514T051631, end_date=20240514T051632
[2024-05-14T05:16:32.315+0000] {local_task_job_runner.py:240} INFO - Task exited with return code 0
[2024-05-14T05:16:32.428+0000] {taskinstance.py:3498} INFO - 1 downstream tasks scheduled from follow-on schedule check
[2024-05-14T05:16:32.459+0000] {local_task_job_runner.py:222} INFO - ::endgroup::
