[2024-05-14T06:17:52.955+0000] {local_task_job_runner.py:120} INFO - ::group::Pre task execution logs
[2024-05-14T06:17:52.986+0000] {taskinstance.py:2076} INFO - Dependencies all met for dep_context=non-requeueable deps ti=<TaskInstance: tugas_workflow_v1.task_4 scheduled__2024-05-13T00:00:00+00:00 [queued]>
[2024-05-14T06:17:53.000+0000] {taskinstance.py:2076} INFO - Dependencies all met for dep_context=requeueable deps ti=<TaskInstance: tugas_workflow_v1.task_4 scheduled__2024-05-13T00:00:00+00:00 [queued]>
[2024-05-14T06:17:53.002+0000] {taskinstance.py:2306} INFO - Starting attempt 1 of 6
[2024-05-14T06:17:53.046+0000] {taskinstance.py:2330} INFO - Executing <Task(BashOperator): task_4> on 2024-05-13 00:00:00+00:00
[2024-05-14T06:17:53.060+0000] {warnings.py:110} WARNING - /home/***/.local/lib/python3.12/site-packages/***/task/task_runner/standard_task_runner.py:61: DeprecationWarning: This process (pid=7677) is multi-threaded, use of fork() may lead to deadlocks in the child.
  pid = os.fork()

[2024-05-14T06:17:53.062+0000] {standard_task_runner.py:63} INFO - Started process 7682 to run task
[2024-05-14T06:17:53.062+0000] {standard_task_runner.py:90} INFO - Running: ['***', 'tasks', 'run', 'tugas_workflow_v1', 'task_4', 'scheduled__2024-05-13T00:00:00+00:00', '--job-id', '1577', '--raw', '--subdir', 'DAGS_FOLDER/prioritas_1.py', '--cfg-path', '/tmp/tmpl1m3icwp']
[2024-05-14T06:17:53.067+0000] {standard_task_runner.py:91} INFO - Job 1577: Subtask task_4
[2024-05-14T06:17:53.136+0000] {task_command.py:426} INFO - Running <TaskInstance: tugas_workflow_v1.task_4 scheduled__2024-05-13T00:00:00+00:00 [running]> on host 0391a550332e
[2024-05-14T06:17:53.285+0000] {taskinstance.py:2648} INFO - Exporting env vars: AIRFLOW_CTX_DAG_OWNER='sinta' AIRFLOW_CTX_DAG_ID='tugas_workflow_v1' AIRFLOW_CTX_TASK_ID='task_4' AIRFLOW_CTX_EXECUTION_DATE='2024-05-13T00:00:00+00:00' AIRFLOW_CTX_TRY_NUMBER='1' AIRFLOW_CTX_DAG_RUN_ID='scheduled__2024-05-13T00:00:00+00:00'
[2024-05-14T06:17:53.287+0000] {taskinstance.py:430} INFO - ::endgroup::
[2024-05-14T06:17:53.289+0000] {subprocess.py:63} INFO - Tmp dir root location: /tmp
[2024-05-14T06:17:53.290+0000] {subprocess.py:75} INFO - Running command: ['/usr/bin/bash', '-c', 'mkdir -p about_us && touch about_us/about.txt']
[2024-05-14T06:17:53.308+0000] {subprocess.py:86} INFO - Output:
[2024-05-14T06:17:53.314+0000] {subprocess.py:97} INFO - Command exited with return code 0
[2024-05-14T06:17:53.315+0000] {taskinstance.py:441} INFO - ::group::Post task execution logs
[2024-05-14T06:17:53.344+0000] {taskinstance.py:1206} INFO - Marking task as SUCCESS. dag_id=tugas_workflow_v1, task_id=task_4, run_id=scheduled__2024-05-13T00:00:00+00:00, execution_date=20240513T000000, start_date=20240514T061752, end_date=20240514T061753
[2024-05-14T06:17:53.399+0000] {local_task_job_runner.py:240} INFO - Task exited with return code 0
[2024-05-14T06:17:53.422+0000] {taskinstance.py:3498} INFO - 0 downstream tasks scheduled from follow-on schedule check
[2024-05-14T06:17:53.426+0000] {local_task_job_runner.py:222} INFO - ::endgroup::
