[2024-05-14T05:17:02.684+0000] {local_task_job_runner.py:120} INFO - ::group::Pre task execution logs
[2024-05-14T05:17:02.801+0000] {taskinstance.py:2076} INFO - Dependencies all met for dep_context=non-requeueable deps ti=<TaskInstance: tugas_workflow_v1.task_2 scheduled__2023-11-17T00:00:00+00:00 [queued]>
[2024-05-14T05:17:02.833+0000] {taskinstance.py:2076} INFO - Dependencies all met for dep_context=requeueable deps ti=<TaskInstance: tugas_workflow_v1.task_2 scheduled__2023-11-17T00:00:00+00:00 [queued]>
[2024-05-14T05:17:02.852+0000] {taskinstance.py:2306} INFO - Starting attempt 1 of 6
[2024-05-14T05:17:02.905+0000] {taskinstance.py:2330} INFO - Executing <Task(BashOperator): task_2> on 2023-11-17 00:00:00+00:00
[2024-05-14T05:17:02.933+0000] {warnings.py:110} WARNING - /home/***/.local/lib/python3.12/site-packages/***/task/task_runner/standard_task_runner.py:61: DeprecationWarning: This process (pid=1912) is multi-threaded, use of fork() may lead to deadlocks in the child.
  pid = os.fork()

[2024-05-14T05:17:02.939+0000] {standard_task_runner.py:63} INFO - Started process 1954 to run task
[2024-05-14T05:17:02.930+0000] {standard_task_runner.py:90} INFO - Running: ['***', 'tasks', 'run', 'tugas_workflow_v1', 'task_2', 'scheduled__2023-11-17T00:00:00+00:00', '--job-id', '314', '--raw', '--subdir', 'DAGS_FOLDER/__pycache__/prioritas_1.py', '--cfg-path', '/tmp/tmpdh67keyk']
[2024-05-14T05:17:02.979+0000] {standard_task_runner.py:91} INFO - Job 314: Subtask task_2
[2024-05-14T05:17:03.184+0000] {task_command.py:426} INFO - Running <TaskInstance: tugas_workflow_v1.task_2 scheduled__2023-11-17T00:00:00+00:00 [running]> on host 0391a550332e
[2024-05-14T05:17:03.952+0000] {taskinstance.py:2648} INFO - Exporting env vars: AIRFLOW_CTX_DAG_OWNER='sinta' AIRFLOW_CTX_DAG_ID='tugas_workflow_v1' AIRFLOW_CTX_TASK_ID='task_2' AIRFLOW_CTX_EXECUTION_DATE='2023-11-17T00:00:00+00:00' AIRFLOW_CTX_TRY_NUMBER='1' AIRFLOW_CTX_DAG_RUN_ID='scheduled__2023-11-17T00:00:00+00:00'
[2024-05-14T05:17:03.955+0000] {taskinstance.py:430} INFO - ::endgroup::
[2024-05-14T05:17:03.956+0000] {subprocess.py:63} INFO - Tmp dir root location: /tmp
[2024-05-14T05:17:03.962+0000] {subprocess.py:75} INFO - Running command: ['/usr/bin/bash', '-c', 'mkdir -p about_us']
[2024-05-14T05:17:04.001+0000] {subprocess.py:86} INFO - Output:
[2024-05-14T05:17:04.008+0000] {subprocess.py:97} INFO - Command exited with return code 0
[2024-05-14T05:17:04.010+0000] {taskinstance.py:441} INFO - ::group::Post task execution logs
[2024-05-14T05:17:04.144+0000] {taskinstance.py:1206} INFO - Marking task as SUCCESS. dag_id=tugas_workflow_v1, task_id=task_2, run_id=scheduled__2023-11-17T00:00:00+00:00, execution_date=20231117T000000, start_date=20240514T051702, end_date=20240514T051704
[2024-05-14T05:17:04.293+0000] {local_task_job_runner.py:240} INFO - Task exited with return code 0
[2024-05-14T05:17:04.355+0000] {taskinstance.py:3498} INFO - 1 downstream tasks scheduled from follow-on schedule check
[2024-05-14T05:17:04.363+0000] {local_task_job_runner.py:222} INFO - ::endgroup::
