[2024-05-14T06:09:53.801+0000] {local_task_job_runner.py:120} INFO - ::group::Pre task execution logs
[2024-05-14T06:09:53.958+0000] {taskinstance.py:2076} INFO - Dependencies all met for dep_context=non-requeueable deps ti=<TaskInstance: tugas_workflow_v1.task_6 scheduled__2024-03-25T00:00:00+00:00 [queued]>
[2024-05-14T06:09:53.981+0000] {taskinstance.py:2076} INFO - Dependencies all met for dep_context=requeueable deps ti=<TaskInstance: tugas_workflow_v1.task_6 scheduled__2024-03-25T00:00:00+00:00 [queued]>
[2024-05-14T06:09:53.983+0000] {taskinstance.py:2306} INFO - Starting attempt 1 of 6
[2024-05-14T06:09:54.026+0000] {taskinstance.py:2330} INFO - Executing <Task(BashOperator): task_6> on 2024-03-25 00:00:00+00:00
[2024-05-14T06:09:54.049+0000] {warnings.py:110} WARNING - /home/***/.local/lib/python3.12/site-packages/***/task/task_runner/standard_task_runner.py:61: DeprecationWarning: This process (pid=6307) is multi-threaded, use of fork() may lead to deadlocks in the child.
  pid = os.fork()

[2024-05-14T06:09:54.059+0000] {standard_task_runner.py:63} INFO - Started process 6338 to run task
[2024-05-14T06:09:54.058+0000] {standard_task_runner.py:90} INFO - Running: ['***', 'tasks', 'run', 'tugas_workflow_v1', 'task_6', 'scheduled__2024-03-25T00:00:00+00:00', '--job-id', '1283', '--raw', '--subdir', 'DAGS_FOLDER/__pycache__/prioritas_1.py', '--cfg-path', '/tmp/tmpj6ysz1qs']
[2024-05-14T06:09:54.062+0000] {standard_task_runner.py:91} INFO - Job 1283: Subtask task_6
[2024-05-14T06:09:54.195+0000] {task_command.py:426} INFO - Running <TaskInstance: tugas_workflow_v1.task_6 scheduled__2024-03-25T00:00:00+00:00 [running]> on host 0391a550332e
[2024-05-14T06:09:54.384+0000] {taskinstance.py:2648} INFO - Exporting env vars: AIRFLOW_CTX_DAG_OWNER='sinta' AIRFLOW_CTX_DAG_ID='tugas_workflow_v1' AIRFLOW_CTX_TASK_ID='task_6' AIRFLOW_CTX_EXECUTION_DATE='2024-03-25T00:00:00+00:00' AIRFLOW_CTX_TRY_NUMBER='1' AIRFLOW_CTX_DAG_RUN_ID='scheduled__2024-03-25T00:00:00+00:00'
[2024-05-14T06:09:54.389+0000] {taskinstance.py:430} INFO - ::endgroup::
[2024-05-14T06:09:54.397+0000] {subprocess.py:63} INFO - Tmp dir root location: /tmp
[2024-05-14T06:09:54.399+0000] {subprocess.py:75} INFO - Running command: ['/usr/bin/bash', '-c', 'echo "done!"']
[2024-05-14T06:09:54.468+0000] {subprocess.py:86} INFO - Output:
[2024-05-14T06:09:54.480+0000] {subprocess.py:93} INFO - done!
[2024-05-14T06:09:54.482+0000] {subprocess.py:97} INFO - Command exited with return code 0
[2024-05-14T06:09:54.487+0000] {taskinstance.py:441} INFO - ::group::Post task execution logs
[2024-05-14T06:09:54.554+0000] {taskinstance.py:1206} INFO - Marking task as SUCCESS. dag_id=tugas_workflow_v1, task_id=task_6, run_id=scheduled__2024-03-25T00:00:00+00:00, execution_date=20240325T000000, start_date=20240514T060953, end_date=20240514T060954
[2024-05-14T06:09:54.622+0000] {local_task_job_runner.py:240} INFO - Task exited with return code 0
[2024-05-14T06:09:54.656+0000] {taskinstance.py:3498} INFO - 0 downstream tasks scheduled from follow-on schedule check
[2024-05-14T06:09:54.660+0000] {local_task_job_runner.py:222} INFO - ::endgroup::
