[2024-05-20T08:56:02.802+0000] {local_task_job_runner.py:120} INFO - ::group::Pre task execution logs
[2024-05-20T08:56:02.822+0000] {taskinstance.py:2076} INFO - Dependencies all met for dep_context=non-requeueable deps ti=<TaskInstance: ETL-CC2.run_data_ingestion manual__2024-05-20T08:56:01.083891+00:00 [queued]>
[2024-05-20T08:56:02.833+0000] {taskinstance.py:2076} INFO - Dependencies all met for dep_context=requeueable deps ti=<TaskInstance: ETL-CC2.run_data_ingestion manual__2024-05-20T08:56:01.083891+00:00 [queued]>
[2024-05-20T08:56:02.834+0000] {taskinstance.py:2306} INFO - Starting attempt 1 of 2
[2024-05-20T08:56:02.849+0000] {taskinstance.py:2330} INFO - Executing <Task(BashOperator): run_data_ingestion> on 2024-05-20 08:56:01.083891+00:00
[2024-05-20T08:56:02.855+0000] {warnings.py:110} WARNING - /home/***/.local/lib/python3.12/site-packages/***/task/task_runner/standard_task_runner.py:61: DeprecationWarning: This process (pid=585) is multi-threaded, use of fork() may lead to deadlocks in the child.
  pid = os.fork()

[2024-05-20T08:56:02.858+0000] {standard_task_runner.py:63} INFO - Started process 587 to run task
[2024-05-20T08:56:02.858+0000] {standard_task_runner.py:90} INFO - Running: ['***', 'tasks', 'run', 'ETL-CC2', 'run_data_ingestion', 'manual__2024-05-20T08:56:01.083891+00:00', '--job-id', '1633', '--raw', '--subdir', 'DAGS_FOLDER/__pycache__/ETL-CC2.py', '--cfg-path', '/tmp/tmpp4ez4yvi']
[2024-05-20T08:56:02.860+0000] {standard_task_runner.py:91} INFO - Job 1633: Subtask run_data_ingestion
[2024-05-20T08:56:02.908+0000] {task_command.py:426} INFO - Running <TaskInstance: ETL-CC2.run_data_ingestion manual__2024-05-20T08:56:01.083891+00:00 [running]> on host 0391a550332e
[2024-05-20T08:56:02.989+0000] {taskinstance.py:2648} INFO - Exporting env vars: AIRFLOW_CTX_DAG_OWNER='***' AIRFLOW_CTX_DAG_ID='ETL-CC2' AIRFLOW_CTX_TASK_ID='run_data_ingestion' AIRFLOW_CTX_EXECUTION_DATE='2024-05-20T08:56:01.083891+00:00' AIRFLOW_CTX_TRY_NUMBER='1' AIRFLOW_CTX_DAG_RUN_ID='manual__2024-05-20T08:56:01.083891+00:00'
[2024-05-20T08:56:02.991+0000] {taskinstance.py:430} INFO - ::endgroup::
[2024-05-20T08:56:02.992+0000] {subprocess.py:63} INFO - Tmp dir root location: /tmp
[2024-05-20T08:56:02.993+0000] {subprocess.py:75} INFO - Running command: ['/usr/bin/bash', '-c', 'jupyter nbconvert --execute /path/to/data_ingestion.ipynb']
[2024-05-20T08:56:03.008+0000] {subprocess.py:86} INFO - Output:
[2024-05-20T08:56:03.009+0000] {subprocess.py:93} INFO - /usr/bin/bash: line 1: jupyter: command not found
[2024-05-20T08:56:03.010+0000] {subprocess.py:97} INFO - Command exited with return code 127
[2024-05-20T08:56:03.011+0000] {taskinstance.py:441} INFO - ::group::Post task execution logs
[2024-05-20T08:56:03.022+0000] {taskinstance.py:2905} ERROR - Task failed with exception
Traceback (most recent call last):
  File "/home/airflow/.local/lib/python3.12/site-packages/airflow/models/taskinstance.py", line 465, in _execute_task
    result = _execute_callable(context=context, **execute_callable_kwargs)
             ^^^^^^^^^^^^^^^^^^^^^^^^^^^^^^^^^^^^^^^^^^^^^^^^^^^^^^^^^^^^^
  File "/home/airflow/.local/lib/python3.12/site-packages/airflow/models/taskinstance.py", line 432, in _execute_callable
    return execute_callable(context=context, **execute_callable_kwargs)
           ^^^^^^^^^^^^^^^^^^^^^^^^^^^^^^^^^^^^^^^^^^^^^^^^^^^^^^^^^^^^
  File "/home/airflow/.local/lib/python3.12/site-packages/airflow/models/baseoperator.py", line 400, in wrapper
    return func(self, *args, **kwargs)
           ^^^^^^^^^^^^^^^^^^^^^^^^^^^
  File "/home/airflow/.local/lib/python3.12/site-packages/airflow/operators/bash.py", line 243, in execute
    raise AirflowException(
airflow.exceptions.AirflowException: Bash command failed. The command returned a non-zero exit code 127.
[2024-05-20T08:56:03.027+0000] {taskinstance.py:1206} INFO - Marking task as UP_FOR_RETRY. dag_id=ETL-CC2, task_id=run_data_ingestion, run_id=manual__2024-05-20T08:56:01.083891+00:00, execution_date=20240520T085601, start_date=20240520T085602, end_date=20240520T085603
[2024-05-20T08:56:03.043+0000] {standard_task_runner.py:110} ERROR - Failed to execute job 1633 for task run_data_ingestion (Bash command failed. The command returned a non-zero exit code 127.; 587)
[2024-05-20T08:56:03.072+0000] {local_task_job_runner.py:240} INFO - Task exited with return code 1
[2024-05-20T08:56:03.098+0000] {taskinstance.py:3498} INFO - 0 downstream tasks scheduled from follow-on schedule check
[2024-05-20T08:56:03.101+0000] {local_task_job_runner.py:222} INFO - ::endgroup::
