[2024-05-14T05:33:56.273+0000] {local_task_job_runner.py:120} INFO - ::group::Pre task execution logs
[2024-05-14T05:33:56.386+0000] {taskinstance.py:2076} INFO - Dependencies all met for dep_context=non-requeueable deps ti=<TaskInstance: tugas_workflow_v1.task_3 scheduled__2024-03-09T00:00:00+00:00 [queued]>
[2024-05-14T05:33:56.431+0000] {taskinstance.py:2076} INFO - Dependencies all met for dep_context=requeueable deps ti=<TaskInstance: tugas_workflow_v1.task_3 scheduled__2024-03-09T00:00:00+00:00 [queued]>
[2024-05-14T05:33:56.433+0000] {taskinstance.py:2306} INFO - Starting attempt 1 of 6
[2024-05-14T05:33:56.495+0000] {taskinstance.py:2330} INFO - Executing <Task(BashOperator): task_3> on 2024-03-09 00:00:00+00:00
[2024-05-14T05:33:56.536+0000] {warnings.py:110} WARNING - /home/***/.local/lib/python3.12/site-packages/***/task/task_runner/standard_task_runner.py:61: DeprecationWarning: This process (pid=5640) is multi-threaded, use of fork() may lead to deadlocks in the child.
  pid = os.fork()

[2024-05-14T05:33:56.547+0000] {standard_task_runner.py:63} INFO - Started process 5692 to run task
[2024-05-14T05:33:56.554+0000] {standard_task_runner.py:90} INFO - Running: ['***', 'tasks', 'run', 'tugas_workflow_v1', 'task_3', 'scheduled__2024-03-09T00:00:00+00:00', '--job-id', '1140', '--raw', '--subdir', 'DAGS_FOLDER/__pycache__/prioritas_1.py', '--cfg-path', '/tmp/tmpgyftkg7g']
[2024-05-14T05:33:56.584+0000] {standard_task_runner.py:91} INFO - Job 1140: Subtask task_3
[2024-05-14T05:33:56.866+0000] {task_command.py:426} INFO - Running <TaskInstance: tugas_workflow_v1.task_3 scheduled__2024-03-09T00:00:00+00:00 [running]> on host 0391a550332e
[2024-05-14T05:33:57.288+0000] {taskinstance.py:2648} INFO - Exporting env vars: AIRFLOW_CTX_DAG_OWNER='sinta' AIRFLOW_CTX_DAG_ID='tugas_workflow_v1' AIRFLOW_CTX_TASK_ID='task_3' AIRFLOW_CTX_EXECUTION_DATE='2024-03-09T00:00:00+00:00' AIRFLOW_CTX_TRY_NUMBER='1' AIRFLOW_CTX_DAG_RUN_ID='scheduled__2024-03-09T00:00:00+00:00'
[2024-05-14T05:33:57.296+0000] {taskinstance.py:430} INFO - ::endgroup::
[2024-05-14T05:33:57.300+0000] {subprocess.py:63} INFO - Tmp dir root location: /tmp
[2024-05-14T05:33:57.306+0000] {subprocess.py:75} INFO - Running command: ['/usr/bin/bash', '-c', 'mkdir -p our_works']
[2024-05-14T05:33:57.364+0000] {subprocess.py:86} INFO - Output:
[2024-05-14T05:33:57.380+0000] {subprocess.py:97} INFO - Command exited with return code 0
[2024-05-14T05:33:57.382+0000] {taskinstance.py:441} INFO - ::group::Post task execution logs
[2024-05-14T05:33:57.501+0000] {taskinstance.py:1206} INFO - Marking task as SUCCESS. dag_id=tugas_workflow_v1, task_id=task_3, run_id=scheduled__2024-03-09T00:00:00+00:00, execution_date=20240309T000000, start_date=20240514T053356, end_date=20240514T053357
[2024-05-14T05:33:57.606+0000] {local_task_job_runner.py:240} INFO - Task exited with return code 0
[2024-05-14T05:33:57.686+0000] {taskinstance.py:3498} INFO - 1 downstream tasks scheduled from follow-on schedule check
[2024-05-14T05:33:57.751+0000] {local_task_job_runner.py:222} INFO - ::endgroup::
