[2024-05-14T06:10:22.817+0000] {local_task_job_runner.py:120} INFO - ::group::Pre task execution logs
[2024-05-14T06:10:23.121+0000] {taskinstance.py:2076} INFO - Dependencies all met for dep_context=non-requeueable deps ti=<TaskInstance: tugas_workflow_v1.task_1 scheduled__2024-04-01T00:00:00+00:00 [queued]>
[2024-05-14T06:10:23.204+0000] {taskinstance.py:2076} INFO - Dependencies all met for dep_context=requeueable deps ti=<TaskInstance: tugas_workflow_v1.task_1 scheduled__2024-04-01T00:00:00+00:00 [queued]>
[2024-05-14T06:10:23.212+0000] {taskinstance.py:2306} INFO - Starting attempt 1 of 6
[2024-05-14T06:10:23.486+0000] {taskinstance.py:2330} INFO - Executing <Task(BashOperator): task_1> on 2024-04-01 00:00:00+00:00
[2024-05-14T06:10:23.576+0000] {warnings.py:110} WARNING - /home/***/.local/lib/python3.12/site-packages/***/task/task_runner/standard_task_runner.py:61: DeprecationWarning: This process (pid=6355) is multi-threaded, use of fork() may lead to deadlocks in the child.
  pid = os.fork()

[2024-05-14T06:10:23.603+0000] {standard_task_runner.py:63} INFO - Started process 6390 to run task
[2024-05-14T06:10:23.558+0000] {standard_task_runner.py:90} INFO - Running: ['***', 'tasks', 'run', 'tugas_workflow_v1', 'task_1', 'scheduled__2024-04-01T00:00:00+00:00', '--job-id', '1291', '--raw', '--subdir', 'DAGS_FOLDER/__pycache__/prioritas_1.py', '--cfg-path', '/tmp/tmp8_b2yk0q']
[2024-05-14T06:10:23.622+0000] {standard_task_runner.py:91} INFO - Job 1291: Subtask task_1
[2024-05-14T06:10:23.842+0000] {task_command.py:426} INFO - Running <TaskInstance: tugas_workflow_v1.task_1 scheduled__2024-04-01T00:00:00+00:00 [running]> on host 0391a550332e
[2024-05-14T06:10:24.402+0000] {taskinstance.py:2648} INFO - Exporting env vars: AIRFLOW_CTX_DAG_OWNER='sinta' AIRFLOW_CTX_DAG_ID='tugas_workflow_v1' AIRFLOW_CTX_TASK_ID='task_1' AIRFLOW_CTX_EXECUTION_DATE='2024-04-01T00:00:00+00:00' AIRFLOW_CTX_TRY_NUMBER='1' AIRFLOW_CTX_DAG_RUN_ID='scheduled__2024-04-01T00:00:00+00:00'
[2024-05-14T06:10:24.413+0000] {taskinstance.py:430} INFO - ::endgroup::
[2024-05-14T06:10:24.417+0000] {subprocess.py:63} INFO - Tmp dir root location: /tmp
[2024-05-14T06:10:24.434+0000] {subprocess.py:75} INFO - Running command: ['/usr/bin/bash', '-c', 'echo hello ***']
[2024-05-14T06:10:24.488+0000] {subprocess.py:86} INFO - Output:
[2024-05-14T06:10:24.490+0000] {subprocess.py:93} INFO - hello ***
[2024-05-14T06:10:24.491+0000] {subprocess.py:97} INFO - Command exited with return code 0
[2024-05-14T06:10:24.492+0000] {taskinstance.py:441} INFO - ::group::Post task execution logs
[2024-05-14T06:10:24.646+0000] {taskinstance.py:1206} INFO - Marking task as SUCCESS. dag_id=tugas_workflow_v1, task_id=task_1, run_id=scheduled__2024-04-01T00:00:00+00:00, execution_date=20240401T000000, start_date=20240514T061023, end_date=20240514T061024
[2024-05-14T06:10:24.752+0000] {local_task_job_runner.py:240} INFO - Task exited with return code 0
[2024-05-14T06:10:24.852+0000] {taskinstance.py:3498} INFO - 2 downstream tasks scheduled from follow-on schedule check
[2024-05-14T06:10:24.904+0000] {local_task_job_runner.py:222} INFO - ::endgroup::
