[2024-05-14T06:14:43.629+0000] {local_task_job_runner.py:120} INFO - ::group::Pre task execution logs
[2024-05-14T06:14:43.831+0000] {taskinstance.py:2076} INFO - Dependencies all met for dep_context=non-requeueable deps ti=<TaskInstance: tugas_workflow_v1.task_3 scheduled__2024-04-23T00:00:00+00:00 [queued]>
[2024-05-14T06:14:43.880+0000] {taskinstance.py:2076} INFO - Dependencies all met for dep_context=requeueable deps ti=<TaskInstance: tugas_workflow_v1.task_3 scheduled__2024-04-23T00:00:00+00:00 [queued]>
[2024-05-14T06:14:43.881+0000] {taskinstance.py:2306} INFO - Starting attempt 1 of 6
[2024-05-14T06:14:44.255+0000] {taskinstance.py:2330} INFO - Executing <Task(BashOperator): task_3> on 2024-04-23 00:00:00+00:00
[2024-05-14T06:14:44.290+0000] {warnings.py:110} WARNING - /home/***/.local/lib/python3.12/site-packages/***/task/task_runner/standard_task_runner.py:61: DeprecationWarning: This process (pid=6932) is multi-threaded, use of fork() may lead to deadlocks in the child.
  pid = os.fork()

[2024-05-14T06:14:44.299+0000] {standard_task_runner.py:63} INFO - Started process 6981 to run task
[2024-05-14T06:14:44.321+0000] {standard_task_runner.py:90} INFO - Running: ['***', 'tasks', 'run', 'tugas_workflow_v1', 'task_3', 'scheduled__2024-04-23T00:00:00+00:00', '--job-id', '1420', '--raw', '--subdir', 'DAGS_FOLDER/__pycache__/prioritas_1.py', '--cfg-path', '/tmp/tmpf5s8boas']
[2024-05-14T06:14:44.350+0000] {standard_task_runner.py:91} INFO - Job 1420: Subtask task_3
[2024-05-14T06:14:44.808+0000] {task_command.py:426} INFO - Running <TaskInstance: tugas_workflow_v1.task_3 scheduled__2024-04-23T00:00:00+00:00 [running]> on host 0391a550332e
[2024-05-14T06:14:45.631+0000] {taskinstance.py:2648} INFO - Exporting env vars: AIRFLOW_CTX_DAG_OWNER='sinta' AIRFLOW_CTX_DAG_ID='tugas_workflow_v1' AIRFLOW_CTX_TASK_ID='task_3' AIRFLOW_CTX_EXECUTION_DATE='2024-04-23T00:00:00+00:00' AIRFLOW_CTX_TRY_NUMBER='1' AIRFLOW_CTX_DAG_RUN_ID='scheduled__2024-04-23T00:00:00+00:00'
[2024-05-14T06:14:45.647+0000] {taskinstance.py:430} INFO - ::endgroup::
[2024-05-14T06:14:45.662+0000] {subprocess.py:63} INFO - Tmp dir root location: /tmp
[2024-05-14T06:14:45.670+0000] {subprocess.py:75} INFO - Running command: ['/usr/bin/bash', '-c', 'mkdir -p our_works']
[2024-05-14T06:14:45.925+0000] {subprocess.py:86} INFO - Output:
[2024-05-14T06:14:45.944+0000] {subprocess.py:97} INFO - Command exited with return code 0
[2024-05-14T06:14:45.950+0000] {taskinstance.py:441} INFO - ::group::Post task execution logs
[2024-05-14T06:14:46.134+0000] {taskinstance.py:1206} INFO - Marking task as SUCCESS. dag_id=tugas_workflow_v1, task_id=task_3, run_id=scheduled__2024-04-23T00:00:00+00:00, execution_date=20240423T000000, start_date=20240514T061443, end_date=20240514T061446
[2024-05-14T06:14:46.363+0000] {local_task_job_runner.py:240} INFO - Task exited with return code 0
[2024-05-14T06:14:46.488+0000] {taskinstance.py:3498} INFO - 1 downstream tasks scheduled from follow-on schedule check
[2024-05-14T06:14:46.577+0000] {local_task_job_runner.py:222} INFO - ::endgroup::
