[2024-05-14T05:34:25.383+0000] {local_task_job_runner.py:120} INFO - ::group::Pre task execution logs
[2024-05-14T05:34:25.426+0000] {taskinstance.py:2076} INFO - Dependencies all met for dep_context=non-requeueable deps ti=<TaskInstance: tugas_workflow_v1.task_1 scheduled__2024-03-15T00:00:00+00:00 [queued]>
[2024-05-14T05:34:25.442+0000] {taskinstance.py:2076} INFO - Dependencies all met for dep_context=requeueable deps ti=<TaskInstance: tugas_workflow_v1.task_1 scheduled__2024-03-15T00:00:00+00:00 [queued]>
[2024-05-14T05:34:25.448+0000] {taskinstance.py:2306} INFO - Starting attempt 1 of 6
[2024-05-14T05:34:25.699+0000] {taskinstance.py:2330} INFO - Executing <Task(BashOperator): task_1> on 2024-03-15 00:00:00+00:00
[2024-05-14T05:34:25.709+0000] {warnings.py:110} WARNING - /home/***/.local/lib/python3.12/site-packages/***/task/task_runner/standard_task_runner.py:61: DeprecationWarning: This process (pid=5913) is multi-threaded, use of fork() may lead to deadlocks in the child.
  pid = os.fork()

[2024-05-14T05:34:25.714+0000] {standard_task_runner.py:63} INFO - Started process 5935 to run task
[2024-05-14T05:34:25.728+0000] {standard_task_runner.py:90} INFO - Running: ['***', 'tasks', 'run', 'tugas_workflow_v1', 'task_1', 'scheduled__2024-03-15T00:00:00+00:00', '--job-id', '1195', '--raw', '--subdir', 'DAGS_FOLDER/__pycache__/prioritas_1.py', '--cfg-path', '/tmp/tmpy_q7lqsf']
[2024-05-14T05:34:25.734+0000] {standard_task_runner.py:91} INFO - Job 1195: Subtask task_1
[2024-05-14T05:34:25.925+0000] {task_command.py:426} INFO - Running <TaskInstance: tugas_workflow_v1.task_1 scheduled__2024-03-15T00:00:00+00:00 [running]> on host 0391a550332e
[2024-05-14T05:34:26.476+0000] {taskinstance.py:2648} INFO - Exporting env vars: AIRFLOW_CTX_DAG_OWNER='sinta' AIRFLOW_CTX_DAG_ID='tugas_workflow_v1' AIRFLOW_CTX_TASK_ID='task_1' AIRFLOW_CTX_EXECUTION_DATE='2024-03-15T00:00:00+00:00' AIRFLOW_CTX_TRY_NUMBER='1' AIRFLOW_CTX_DAG_RUN_ID='scheduled__2024-03-15T00:00:00+00:00'
[2024-05-14T05:34:26.483+0000] {taskinstance.py:430} INFO - ::endgroup::
[2024-05-14T05:34:26.486+0000] {subprocess.py:63} INFO - Tmp dir root location: /tmp
[2024-05-14T05:34:26.493+0000] {subprocess.py:75} INFO - Running command: ['/usr/bin/bash', '-c', 'echo hello ***']
[2024-05-14T05:34:26.550+0000] {subprocess.py:86} INFO - Output:
[2024-05-14T05:34:26.554+0000] {subprocess.py:93} INFO - hello ***
[2024-05-14T05:34:26.560+0000] {subprocess.py:97} INFO - Command exited with return code 0
[2024-05-14T05:34:26.562+0000] {taskinstance.py:441} INFO - ::group::Post task execution logs
[2024-05-14T05:34:26.638+0000] {taskinstance.py:1206} INFO - Marking task as SUCCESS. dag_id=tugas_workflow_v1, task_id=task_1, run_id=scheduled__2024-03-15T00:00:00+00:00, execution_date=20240315T000000, start_date=20240514T053425, end_date=20240514T053426
[2024-05-14T05:34:26.729+0000] {local_task_job_runner.py:240} INFO - Task exited with return code 0
[2024-05-14T05:34:26.753+0000] {local_task_job_runner.py:222} INFO - ::endgroup::
