[2024-05-14T05:23:21.458+0000] {local_task_job_runner.py:120} INFO - ::group::Pre task execution logs
[2024-05-14T05:23:21.517+0000] {taskinstance.py:2076} INFO - Dependencies all met for dep_context=non-requeueable deps ti=<TaskInstance: tugas_workflow_v1.task_4 scheduled__2023-11-16T00:00:00+00:00 [queued]>
[2024-05-14T05:23:21.538+0000] {taskinstance.py:2076} INFO - Dependencies all met for dep_context=requeueable deps ti=<TaskInstance: tugas_workflow_v1.task_4 scheduled__2023-11-16T00:00:00+00:00 [queued]>
[2024-05-14T05:23:21.542+0000] {taskinstance.py:2306} INFO - Starting attempt 4 of 6
[2024-05-14T05:23:21.584+0000] {taskinstance.py:2330} INFO - Executing <Task(BashOperator): task_4> on 2023-11-16 00:00:00+00:00
[2024-05-14T05:23:21.599+0000] {warnings.py:110} WARNING - /home/***/.local/lib/python3.12/site-packages/***/task/task_runner/standard_task_runner.py:61: DeprecationWarning: This process (pid=2464) is multi-threaded, use of fork() may lead to deadlocks in the child.
  pid = os.fork()

[2024-05-14T05:23:21.602+0000] {standard_task_runner.py:63} INFO - Started process 2473 to run task
[2024-05-14T05:23:21.608+0000] {standard_task_runner.py:90} INFO - Running: ['***', 'tasks', 'run', 'tugas_workflow_v1', 'task_4', 'scheduled__2023-11-16T00:00:00+00:00', '--job-id', '426', '--raw', '--subdir', 'DAGS_FOLDER/__pycache__/prioritas_1.py', '--cfg-path', '/tmp/tmpm8zi7ww9']
[2024-05-14T05:23:21.613+0000] {standard_task_runner.py:91} INFO - Job 426: Subtask task_4
[2024-05-14T05:23:21.731+0000] {task_command.py:426} INFO - Running <TaskInstance: tugas_workflow_v1.task_4 scheduled__2023-11-16T00:00:00+00:00 [running]> on host 0391a550332e
[2024-05-14T05:23:21.968+0000] {taskinstance.py:2648} INFO - Exporting env vars: AIRFLOW_CTX_DAG_OWNER='sinta' AIRFLOW_CTX_DAG_ID='tugas_workflow_v1' AIRFLOW_CTX_TASK_ID='task_4' AIRFLOW_CTX_EXECUTION_DATE='2023-11-16T00:00:00+00:00' AIRFLOW_CTX_TRY_NUMBER='4' AIRFLOW_CTX_DAG_RUN_ID='scheduled__2023-11-16T00:00:00+00:00'
[2024-05-14T05:23:21.974+0000] {taskinstance.py:430} INFO - ::endgroup::
[2024-05-14T05:23:21.976+0000] {subprocess.py:63} INFO - Tmp dir root location: /tmp
[2024-05-14T05:23:21.982+0000] {subprocess.py:75} INFO - Running command: ['/usr/bin/bash', '-c', 'touch about_us/about.txt']
[2024-05-14T05:23:22.015+0000] {subprocess.py:86} INFO - Output:
[2024-05-14T05:23:22.017+0000] {subprocess.py:93} INFO - touch: cannot touch 'about_us/about.txt': No such file or directory
[2024-05-14T05:23:22.020+0000] {subprocess.py:97} INFO - Command exited with return code 1
[2024-05-14T05:23:22.021+0000] {taskinstance.py:441} INFO - ::group::Post task execution logs
[2024-05-14T05:23:22.042+0000] {taskinstance.py:2905} ERROR - Task failed with exception
Traceback (most recent call last):
  File "/home/airflow/.local/lib/python3.12/site-packages/airflow/models/taskinstance.py", line 465, in _execute_task
    result = _execute_callable(context=context, **execute_callable_kwargs)
             ^^^^^^^^^^^^^^^^^^^^^^^^^^^^^^^^^^^^^^^^^^^^^^^^^^^^^^^^^^^^^
  File "/home/airflow/.local/lib/python3.12/site-packages/airflow/models/taskinstance.py", line 432, in _execute_callable
    return execute_callable(context=context, **execute_callable_kwargs)
           ^^^^^^^^^^^^^^^^^^^^^^^^^^^^^^^^^^^^^^^^^^^^^^^^^^^^^^^^^^^^
  File "/home/airflow/.local/lib/python3.12/site-packages/airflow/models/baseoperator.py", line 400, in wrapper
    return func(self, *args, **kwargs)
           ^^^^^^^^^^^^^^^^^^^^^^^^^^^
  File "/home/airflow/.local/lib/python3.12/site-packages/airflow/operators/bash.py", line 243, in execute
    raise AirflowException(
airflow.exceptions.AirflowException: Bash command failed. The command returned a non-zero exit code 1.
[2024-05-14T05:23:22.065+0000] {taskinstance.py:1206} INFO - Marking task as UP_FOR_RETRY. dag_id=tugas_workflow_v1, task_id=task_4, run_id=scheduled__2023-11-16T00:00:00+00:00, execution_date=20231116T000000, start_date=20240514T052321, end_date=20240514T052322
[2024-05-14T05:23:22.107+0000] {standard_task_runner.py:110} ERROR - Failed to execute job 426 for task task_4 (Bash command failed. The command returned a non-zero exit code 1.; 2473)
[2024-05-14T05:23:22.140+0000] {local_task_job_runner.py:240} INFO - Task exited with return code 1
[2024-05-14T05:23:22.154+0000] {local_task_job_runner.py:222} INFO - ::endgroup::
