[2024-05-14T06:13:07.541+0000] {local_task_job_runner.py:120} INFO - ::group::Pre task execution logs
[2024-05-14T06:13:07.618+0000] {taskinstance.py:2076} INFO - Dependencies all met for dep_context=non-requeueable deps ti=<TaskInstance: random_numbers_workflow.calculate_sum manual__2024-05-14T06:12:07.217076+00:00 [queued]>
[2024-05-14T06:13:07.645+0000] {taskinstance.py:2076} INFO - Dependencies all met for dep_context=requeueable deps ti=<TaskInstance: random_numbers_workflow.calculate_sum manual__2024-05-14T06:12:07.217076+00:00 [queued]>
[2024-05-14T06:13:07.657+0000] {taskinstance.py:2306} INFO - Starting attempt 1 of 6
[2024-05-14T06:13:07.709+0000] {taskinstance.py:2330} INFO - Executing <Task(PythonOperator): calculate_sum> on 2024-05-14 06:12:07.217076+00:00
[2024-05-14T06:13:07.780+0000] {warnings.py:110} WARNING - /home/***/.local/lib/python3.12/site-packages/***/task/task_runner/standard_task_runner.py:61: DeprecationWarning: This process (pid=6752) is multi-threaded, use of fork() may lead to deadlocks in the child.
  pid = os.fork()

[2024-05-14T06:13:07.815+0000] {standard_task_runner.py:63} INFO - Started process 6781 to run task
[2024-05-14T06:13:07.812+0000] {standard_task_runner.py:90} INFO - Running: ['***', 'tasks', 'run', 'random_numbers_workflow', 'calculate_sum', 'manual__2024-05-14T06:12:07.217076+00:00', '--job-id', '1378', '--raw', '--subdir', 'DAGS_FOLDER/prioritas_1(2).py', '--cfg-path', '/tmp/tmpmup7y87g']
[2024-05-14T06:13:07.895+0000] {standard_task_runner.py:91} INFO - Job 1378: Subtask calculate_sum
[2024-05-14T06:13:10.126+0000] {task_command.py:426} INFO - Running <TaskInstance: random_numbers_workflow.calculate_sum manual__2024-05-14T06:12:07.217076+00:00 [running]> on host 0391a550332e
[2024-05-14T06:13:12.050+0000] {taskinstance.py:2648} INFO - Exporting env vars: AIRFLOW_CTX_DAG_OWNER='sinta' AIRFLOW_CTX_DAG_ID='random_numbers_workflow' AIRFLOW_CTX_TASK_ID='calculate_sum' AIRFLOW_CTX_EXECUTION_DATE='2024-05-14T06:12:07.217076+00:00' AIRFLOW_CTX_TRY_NUMBER='1' AIRFLOW_CTX_DAG_RUN_ID='manual__2024-05-14T06:12:07.217076+00:00'
[2024-05-14T06:13:12.137+0000] {taskinstance.py:430} INFO - ::endgroup::
[2024-05-14T06:13:12.640+0000] {prioritas_1(2).py:23} INFO - Sum of numbers: 633
[2024-05-14T06:13:12.660+0000] {python.py:237} INFO - Done. Returned value was: None
[2024-05-14T06:13:12.667+0000] {taskinstance.py:441} INFO - ::group::Post task execution logs
[2024-05-14T06:13:12.735+0000] {taskinstance.py:1206} INFO - Marking task as SUCCESS. dag_id=random_numbers_workflow, task_id=calculate_sum, run_id=manual__2024-05-14T06:12:07.217076+00:00, execution_date=20240514T061207, start_date=20240514T061307, end_date=20240514T061312
[2024-05-14T06:13:12.949+0000] {local_task_job_runner.py:240} INFO - Task exited with return code 0
[2024-05-14T06:13:13.017+0000] {taskinstance.py:3498} INFO - 1 downstream tasks scheduled from follow-on schedule check
[2024-05-14T06:13:13.023+0000] {local_task_job_runner.py:222} INFO - ::endgroup::
