[2024-05-14T05:10:06.794+0000] {processor.py:161} INFO - Started process (PID=5491) to work on /opt/airflow/dags/prioritas_1(2).py
[2024-05-14T05:10:06.795+0000] {processor.py:830} INFO - Processing file /opt/airflow/dags/prioritas_1(2).py for tasks to queue
[2024-05-14T05:10:06.796+0000] {logging_mixin.py:188} INFO - [2024-05-14T05:10:06.796+0000] {dagbag.py:545} INFO - Filling up the DagBag from /opt/airflow/dags/prioritas_1(2).py
[2024-05-14T05:10:06.840+0000] {processor.py:840} INFO - DAG(s) 'random_numbers_workflow' retrieved from /opt/airflow/dags/prioritas_1(2).py
[2024-05-14T05:10:06.974+0000] {logging_mixin.py:188} INFO - [2024-05-14T05:10:06.973+0000] {dag.py:3096} INFO - Sync 1 DAGs
[2024-05-14T05:10:07.001+0000] {logging_mixin.py:188} INFO - [2024-05-14T05:10:07.000+0000] {dag.py:3954} INFO - Setting next_dagrun for random_numbers_workflow to 2024-05-14 00:00:00+00:00, run_after=2024-05-15 00:00:00+00:00
[2024-05-14T05:10:07.029+0000] {processor.py:183} INFO - Processing /opt/airflow/dags/prioritas_1(2).py took 0.242 seconds
[2024-05-14T05:10:37.155+0000] {processor.py:161} INFO - Started process (PID=5574) to work on /opt/airflow/dags/prioritas_1(2).py
[2024-05-14T05:10:37.157+0000] {processor.py:830} INFO - Processing file /opt/airflow/dags/prioritas_1(2).py for tasks to queue
[2024-05-14T05:10:37.158+0000] {logging_mixin.py:188} INFO - [2024-05-14T05:10:37.157+0000] {dagbag.py:545} INFO - Filling up the DagBag from /opt/airflow/dags/prioritas_1(2).py
[2024-05-14T05:10:37.176+0000] {processor.py:840} INFO - DAG(s) 'random_numbers_workflow' retrieved from /opt/airflow/dags/prioritas_1(2).py
[2024-05-14T05:10:37.201+0000] {logging_mixin.py:188} INFO - [2024-05-14T05:10:37.201+0000] {dag.py:3096} INFO - Sync 1 DAGs
[2024-05-14T05:10:37.233+0000] {logging_mixin.py:188} INFO - [2024-05-14T05:10:37.232+0000] {dag.py:3954} INFO - Setting next_dagrun for random_numbers_workflow to 2024-05-14 00:00:00+00:00, run_after=2024-05-15 00:00:00+00:00
[2024-05-14T05:10:37.260+0000] {processor.py:183} INFO - Processing /opt/airflow/dags/prioritas_1(2).py took 0.114 seconds
[2024-05-14T05:11:00.665+0000] {processor.py:161} INFO - Started process (PID=5609) to work on /opt/airflow/dags/prioritas_1(2).py
[2024-05-14T05:11:00.667+0000] {processor.py:830} INFO - Processing file /opt/airflow/dags/prioritas_1(2).py for tasks to queue
[2024-05-14T05:11:00.668+0000] {logging_mixin.py:188} INFO - [2024-05-14T05:11:00.668+0000] {dagbag.py:545} INFO - Filling up the DagBag from /opt/airflow/dags/prioritas_1(2).py
[2024-05-14T05:11:00.703+0000] {processor.py:840} INFO - DAG(s) 'random_numbers_workflow' retrieved from /opt/airflow/dags/prioritas_1(2).py
[2024-05-14T05:11:00.722+0000] {logging_mixin.py:188} INFO - [2024-05-14T05:11:00.722+0000] {dag.py:3096} INFO - Sync 1 DAGs
[2024-05-14T05:11:00.744+0000] {logging_mixin.py:188} INFO - [2024-05-14T05:11:00.744+0000] {dag.py:3954} INFO - Setting next_dagrun for random_numbers_workflow to 2024-05-14 00:00:00+00:00, run_after=2024-05-15 00:00:00+00:00
[2024-05-14T05:11:00.773+0000] {processor.py:183} INFO - Processing /opt/airflow/dags/prioritas_1(2).py took 0.114 seconds
[2024-05-14T05:11:05.799+0000] {processor.py:161} INFO - Started process (PID=5626) to work on /opt/airflow/dags/prioritas_1(2).py
[2024-05-14T05:11:05.801+0000] {processor.py:830} INFO - Processing file /opt/airflow/dags/prioritas_1(2).py for tasks to queue
[2024-05-14T05:11:05.802+0000] {logging_mixin.py:188} INFO - [2024-05-14T05:11:05.802+0000] {dagbag.py:545} INFO - Filling up the DagBag from /opt/airflow/dags/prioritas_1(2).py
[2024-05-14T05:11:05.841+0000] {logging_mixin.py:188} INFO - [2024-05-14T05:11:05.840+0000] {dagbag.py:355} ERROR - Failed to import: /opt/airflow/dags/prioritas_1(2).py
Traceback (most recent call last):
  File "/home/airflow/.local/lib/python3.12/site-packages/airflow/models/dagbag.py", line 351, in parse
    loader.exec_module(new_module)
  File "<frozen importlib._bootstrap_external>", line 991, in exec_module
  File "<frozen importlib._bootstrap_external>", line 1129, in get_code
  File "<frozen importlib._bootstrap_external>", line 1059, in source_to_code
  File "<frozen importlib._bootstrap>", line 488, in _call_with_frames_removed
  File "/opt/airflow/dags/prioritas_1(2).py", line 1
    from datetime import , timedelta
                         ^
SyntaxError: invalid syntax
[2024-05-14T05:11:05.842+0000] {processor.py:842} WARNING - No viable dags retrieved from /opt/airflow/dags/prioritas_1(2).py
[2024-05-14T05:11:05.867+0000] {processor.py:183} INFO - Processing /opt/airflow/dags/prioritas_1(2).py took 0.075 seconds
[2024-05-14T05:11:08.569+0000] {processor.py:161} INFO - Started process (PID=5638) to work on /opt/airflow/dags/prioritas_1(2).py
[2024-05-14T05:11:08.570+0000] {processor.py:830} INFO - Processing file /opt/airflow/dags/prioritas_1(2).py for tasks to queue
[2024-05-14T05:11:08.571+0000] {logging_mixin.py:188} INFO - [2024-05-14T05:11:08.571+0000] {dagbag.py:545} INFO - Filling up the DagBag from /opt/airflow/dags/prioritas_1(2).py
[2024-05-14T05:11:08.608+0000] {processor.py:840} INFO - DAG(s) 'random_numbers_workflow' retrieved from /opt/airflow/dags/prioritas_1(2).py
[2024-05-14T05:11:08.631+0000] {logging_mixin.py:188} INFO - [2024-05-14T05:11:08.631+0000] {dag.py:3096} INFO - Sync 1 DAGs
[2024-05-14T05:11:08.659+0000] {logging_mixin.py:188} INFO - [2024-05-14T05:11:08.659+0000] {dag.py:3954} INFO - Setting next_dagrun for random_numbers_workflow to 2024-05-14 00:00:00+00:00, run_after=2024-05-15 00:00:00+00:00
[2024-05-14T05:11:08.697+0000] {processor.py:183} INFO - Processing /opt/airflow/dags/prioritas_1(2).py took 0.134 seconds
[2024-05-14T05:11:13.825+0000] {processor.py:161} INFO - Started process (PID=5641) to work on /opt/airflow/dags/prioritas_1(2).py
[2024-05-14T05:11:13.826+0000] {processor.py:830} INFO - Processing file /opt/airflow/dags/prioritas_1(2).py for tasks to queue
[2024-05-14T05:11:13.828+0000] {logging_mixin.py:188} INFO - [2024-05-14T05:11:13.827+0000] {dagbag.py:545} INFO - Filling up the DagBag from /opt/airflow/dags/prioritas_1(2).py
[2024-05-14T05:11:13.886+0000] {logging_mixin.py:188} INFO - [2024-05-14T05:11:13.875+0000] {dagbag.py:355} ERROR - Failed to import: /opt/airflow/dags/prioritas_1(2).py
Traceback (most recent call last):
  File "/home/airflow/.local/lib/python3.12/site-packages/airflow/models/dagbag.py", line 351, in parse
    loader.exec_module(new_module)
  File "<frozen importlib._bootstrap_external>", line 995, in exec_module
  File "<frozen importlib._bootstrap>", line 488, in _call_with_frames_removed
  File "/opt/airflow/dags/prioritas_1(2).py", line 11, in <module>
    "retry_delay": timedelta(minutes=2),
                   ^^^^^^^^^
NameError: name 'timedelta' is not defined
[2024-05-14T05:11:13.892+0000] {processor.py:842} WARNING - No viable dags retrieved from /opt/airflow/dags/prioritas_1(2).py
[2024-05-14T05:11:13.920+0000] {processor.py:183} INFO - Processing /opt/airflow/dags/prioritas_1(2).py took 0.101 seconds
[2024-05-14T05:11:16.895+0000] {processor.py:161} INFO - Started process (PID=5648) to work on /opt/airflow/dags/prioritas_1(2).py
[2024-05-14T05:11:16.896+0000] {processor.py:830} INFO - Processing file /opt/airflow/dags/prioritas_1(2).py for tasks to queue
[2024-05-14T05:11:16.898+0000] {logging_mixin.py:188} INFO - [2024-05-14T05:11:16.897+0000] {dagbag.py:545} INFO - Filling up the DagBag from /opt/airflow/dags/prioritas_1(2).py
[2024-05-14T05:11:16.940+0000] {logging_mixin.py:188} INFO - [2024-05-14T05:11:16.931+0000] {dagbag.py:355} ERROR - Failed to import: /opt/airflow/dags/prioritas_1(2).py
Traceback (most recent call last):
  File "/home/airflow/.local/lib/python3.12/site-packages/airflow/models/dagbag.py", line 351, in parse
    loader.exec_module(new_module)
  File "<frozen importlib._bootstrap_external>", line 995, in exec_module
  File "<frozen importlib._bootstrap>", line 488, in _call_with_frames_removed
  File "/opt/airflow/dags/prioritas_1(2).py", line 11, in <module>
    "retry_delay": timedelta(minutes=2),
                   ^^^^^^^^^
NameError: name 'timedelta' is not defined
[2024-05-14T05:11:16.946+0000] {processor.py:842} WARNING - No viable dags retrieved from /opt/airflow/dags/prioritas_1(2).py
[2024-05-14T05:11:16.971+0000] {processor.py:183} INFO - Processing /opt/airflow/dags/prioritas_1(2).py took 0.083 seconds
[2024-05-14T05:11:19.041+0000] {processor.py:161} INFO - Started process (PID=5649) to work on /opt/airflow/dags/prioritas_1(2).py
[2024-05-14T05:11:19.043+0000] {processor.py:830} INFO - Processing file /opt/airflow/dags/prioritas_1(2).py for tasks to queue
[2024-05-14T05:11:19.044+0000] {logging_mixin.py:188} INFO - [2024-05-14T05:11:19.044+0000] {dagbag.py:545} INFO - Filling up the DagBag from /opt/airflow/dags/prioritas_1(2).py
[2024-05-14T05:11:19.086+0000] {processor.py:840} INFO - DAG(s) 'random_numbers_workflow' retrieved from /opt/airflow/dags/prioritas_1(2).py
[2024-05-14T05:11:19.110+0000] {logging_mixin.py:188} INFO - [2024-05-14T05:11:19.109+0000] {dag.py:3096} INFO - Sync 1 DAGs
[2024-05-14T05:11:19.140+0000] {logging_mixin.py:188} INFO - [2024-05-14T05:11:19.140+0000] {dag.py:3954} INFO - Setting next_dagrun for random_numbers_workflow to 2024-05-14 00:00:00+00:00, run_after=2024-05-15 00:00:00+00:00
[2024-05-14T05:11:19.175+0000] {processor.py:183} INFO - Processing /opt/airflow/dags/prioritas_1(2).py took 0.143 seconds
[2024-05-14T05:11:49.294+0000] {processor.py:161} INFO - Started process (PID=5713) to work on /opt/airflow/dags/prioritas_1(2).py
[2024-05-14T05:11:49.295+0000] {processor.py:830} INFO - Processing file /opt/airflow/dags/prioritas_1(2).py for tasks to queue
[2024-05-14T05:11:49.296+0000] {logging_mixin.py:188} INFO - [2024-05-14T05:11:49.296+0000] {dagbag.py:545} INFO - Filling up the DagBag from /opt/airflow/dags/prioritas_1(2).py
[2024-05-14T05:11:49.319+0000] {processor.py:840} INFO - DAG(s) 'random_numbers_workflow' retrieved from /opt/airflow/dags/prioritas_1(2).py
[2024-05-14T05:11:49.344+0000] {logging_mixin.py:188} INFO - [2024-05-14T05:11:49.344+0000] {dag.py:3096} INFO - Sync 1 DAGs
[2024-05-14T05:11:49.371+0000] {logging_mixin.py:188} INFO - [2024-05-14T05:11:49.371+0000] {dag.py:3954} INFO - Setting next_dagrun for random_numbers_workflow to 2024-05-14 00:00:00+00:00, run_after=2024-05-15 00:00:00+00:00
[2024-05-14T05:11:49.402+0000] {processor.py:183} INFO - Processing /opt/airflow/dags/prioritas_1(2).py took 0.114 seconds
[2024-05-14T05:12:19.703+0000] {processor.py:161} INFO - Started process (PID=5804) to work on /opt/airflow/dags/prioritas_1(2).py
[2024-05-14T05:12:19.704+0000] {processor.py:830} INFO - Processing file /opt/airflow/dags/prioritas_1(2).py for tasks to queue
[2024-05-14T05:12:19.705+0000] {logging_mixin.py:188} INFO - [2024-05-14T05:12:19.705+0000] {dagbag.py:545} INFO - Filling up the DagBag from /opt/airflow/dags/prioritas_1(2).py
[2024-05-14T05:12:19.723+0000] {processor.py:840} INFO - DAG(s) 'random_numbers_workflow' retrieved from /opt/airflow/dags/prioritas_1(2).py
[2024-05-14T05:12:19.744+0000] {logging_mixin.py:188} INFO - [2024-05-14T05:12:19.743+0000] {dag.py:3096} INFO - Sync 1 DAGs
[2024-05-14T05:12:19.771+0000] {logging_mixin.py:188} INFO - [2024-05-14T05:12:19.771+0000] {dag.py:3954} INFO - Setting next_dagrun for random_numbers_workflow to 2024-05-14 00:00:00+00:00, run_after=2024-05-15 00:00:00+00:00
[2024-05-14T05:12:19.791+0000] {processor.py:183} INFO - Processing /opt/airflow/dags/prioritas_1(2).py took 0.096 seconds
[2024-05-14T05:12:50.071+0000] {processor.py:161} INFO - Started process (PID=5883) to work on /opt/airflow/dags/prioritas_1(2).py
[2024-05-14T05:12:50.072+0000] {processor.py:830} INFO - Processing file /opt/airflow/dags/prioritas_1(2).py for tasks to queue
[2024-05-14T05:12:50.073+0000] {logging_mixin.py:188} INFO - [2024-05-14T05:12:50.073+0000] {dagbag.py:545} INFO - Filling up the DagBag from /opt/airflow/dags/prioritas_1(2).py
[2024-05-14T05:12:50.093+0000] {processor.py:840} INFO - DAG(s) 'random_numbers_workflow' retrieved from /opt/airflow/dags/prioritas_1(2).py
[2024-05-14T05:12:50.119+0000] {logging_mixin.py:188} INFO - [2024-05-14T05:12:50.119+0000] {dag.py:3096} INFO - Sync 1 DAGs
[2024-05-14T05:12:50.146+0000] {logging_mixin.py:188} INFO - [2024-05-14T05:12:50.146+0000] {dag.py:3954} INFO - Setting next_dagrun for random_numbers_workflow to 2024-05-14 00:00:00+00:00, run_after=2024-05-15 00:00:00+00:00
[2024-05-14T05:12:50.173+0000] {processor.py:183} INFO - Processing /opt/airflow/dags/prioritas_1(2).py took 0.110 seconds
[2024-05-14T05:13:20.391+0000] {processor.py:161} INFO - Started process (PID=5944) to work on /opt/airflow/dags/prioritas_1(2).py
[2024-05-14T05:13:20.393+0000] {processor.py:830} INFO - Processing file /opt/airflow/dags/prioritas_1(2).py for tasks to queue
[2024-05-14T05:13:20.394+0000] {logging_mixin.py:188} INFO - [2024-05-14T05:13:20.394+0000] {dagbag.py:545} INFO - Filling up the DagBag from /opt/airflow/dags/prioritas_1(2).py
[2024-05-14T05:13:20.420+0000] {processor.py:840} INFO - DAG(s) 'random_numbers_workflow' retrieved from /opt/airflow/dags/prioritas_1(2).py
[2024-05-14T05:13:20.447+0000] {logging_mixin.py:188} INFO - [2024-05-14T05:13:20.446+0000] {dag.py:3096} INFO - Sync 1 DAGs
[2024-05-14T05:13:20.476+0000] {logging_mixin.py:188} INFO - [2024-05-14T05:13:20.476+0000] {dag.py:3954} INFO - Setting next_dagrun for random_numbers_workflow to 2024-05-14 00:00:00+00:00, run_after=2024-05-15 00:00:00+00:00
[2024-05-14T05:13:20.502+0000] {processor.py:183} INFO - Processing /opt/airflow/dags/prioritas_1(2).py took 0.117 seconds
[2024-05-14T05:13:50.598+0000] {processor.py:161} INFO - Started process (PID=6005) to work on /opt/airflow/dags/prioritas_1(2).py
[2024-05-14T05:13:50.600+0000] {processor.py:830} INFO - Processing file /opt/airflow/dags/prioritas_1(2).py for tasks to queue
[2024-05-14T05:13:50.601+0000] {logging_mixin.py:188} INFO - [2024-05-14T05:13:50.601+0000] {dagbag.py:545} INFO - Filling up the DagBag from /opt/airflow/dags/prioritas_1(2).py
[2024-05-14T05:13:50.635+0000] {processor.py:840} INFO - DAG(s) 'random_numbers_workflow' retrieved from /opt/airflow/dags/prioritas_1(2).py
[2024-05-14T05:13:50.660+0000] {logging_mixin.py:188} INFO - [2024-05-14T05:13:50.660+0000] {dag.py:3096} INFO - Sync 1 DAGs
[2024-05-14T05:13:50.683+0000] {logging_mixin.py:188} INFO - [2024-05-14T05:13:50.683+0000] {dag.py:3954} INFO - Setting next_dagrun for random_numbers_workflow to 2024-05-14 00:00:00+00:00, run_after=2024-05-15 00:00:00+00:00
[2024-05-14T05:13:50.707+0000] {processor.py:183} INFO - Processing /opt/airflow/dags/prioritas_1(2).py took 0.117 seconds
[2024-05-14T05:14:20.863+0000] {processor.py:161} INFO - Started process (PID=6090) to work on /opt/airflow/dags/prioritas_1(2).py
[2024-05-14T05:14:20.864+0000] {processor.py:830} INFO - Processing file /opt/airflow/dags/prioritas_1(2).py for tasks to queue
[2024-05-14T05:14:20.865+0000] {logging_mixin.py:188} INFO - [2024-05-14T05:14:20.865+0000] {dagbag.py:545} INFO - Filling up the DagBag from /opt/airflow/dags/prioritas_1(2).py
[2024-05-14T05:14:20.891+0000] {processor.py:840} INFO - DAG(s) 'random_numbers_workflow' retrieved from /opt/airflow/dags/prioritas_1(2).py
[2024-05-14T05:14:20.919+0000] {logging_mixin.py:188} INFO - [2024-05-14T05:14:20.919+0000] {dag.py:3096} INFO - Sync 1 DAGs
[2024-05-14T05:14:20.957+0000] {logging_mixin.py:188} INFO - [2024-05-14T05:14:20.956+0000] {dag.py:3954} INFO - Setting next_dagrun for random_numbers_workflow to 2024-05-14 00:00:00+00:00, run_after=2024-05-15 00:00:00+00:00
[2024-05-14T05:14:20.988+0000] {processor.py:183} INFO - Processing /opt/airflow/dags/prioritas_1(2).py took 0.135 seconds
[2024-05-14T05:14:51.134+0000] {processor.py:161} INFO - Started process (PID=6168) to work on /opt/airflow/dags/prioritas_1(2).py
[2024-05-14T05:14:51.135+0000] {processor.py:830} INFO - Processing file /opt/airflow/dags/prioritas_1(2).py for tasks to queue
[2024-05-14T05:14:51.136+0000] {logging_mixin.py:188} INFO - [2024-05-14T05:14:51.136+0000] {dagbag.py:545} INFO - Filling up the DagBag from /opt/airflow/dags/prioritas_1(2).py
[2024-05-14T05:14:51.155+0000] {processor.py:840} INFO - DAG(s) 'random_numbers_workflow' retrieved from /opt/airflow/dags/prioritas_1(2).py
[2024-05-14T05:14:51.178+0000] {logging_mixin.py:188} INFO - [2024-05-14T05:14:51.178+0000] {dag.py:3096} INFO - Sync 1 DAGs
[2024-05-14T05:14:51.207+0000] {logging_mixin.py:188} INFO - [2024-05-14T05:14:51.207+0000] {dag.py:3954} INFO - Setting next_dagrun for random_numbers_workflow to 2024-05-14 00:00:00+00:00, run_after=2024-05-15 00:00:00+00:00
[2024-05-14T05:14:51.257+0000] {processor.py:183} INFO - Processing /opt/airflow/dags/prioritas_1(2).py took 0.129 seconds
[2024-05-14T05:15:21.743+0000] {processor.py:161} INFO - Started process (PID=6229) to work on /opt/airflow/dags/prioritas_1(2).py
[2024-05-14T05:15:21.744+0000] {processor.py:830} INFO - Processing file /opt/airflow/dags/prioritas_1(2).py for tasks to queue
[2024-05-14T05:15:21.745+0000] {logging_mixin.py:188} INFO - [2024-05-14T05:15:21.745+0000] {dagbag.py:545} INFO - Filling up the DagBag from /opt/airflow/dags/prioritas_1(2).py
[2024-05-14T05:15:21.762+0000] {processor.py:840} INFO - DAG(s) 'random_numbers_workflow' retrieved from /opt/airflow/dags/prioritas_1(2).py
[2024-05-14T05:15:21.782+0000] {logging_mixin.py:188} INFO - [2024-05-14T05:15:21.782+0000] {dag.py:3096} INFO - Sync 1 DAGs
[2024-05-14T05:15:21.816+0000] {logging_mixin.py:188} INFO - [2024-05-14T05:15:21.815+0000] {dag.py:3954} INFO - Setting next_dagrun for random_numbers_workflow to 2024-05-14 00:00:00+00:00, run_after=2024-05-15 00:00:00+00:00
[2024-05-14T05:15:21.844+0000] {processor.py:183} INFO - Processing /opt/airflow/dags/prioritas_1(2).py took 0.108 seconds
[2024-05-14T05:15:51.951+0000] {processor.py:161} INFO - Started process (PID=6304) to work on /opt/airflow/dags/prioritas_1(2).py
[2024-05-14T05:15:51.953+0000] {processor.py:830} INFO - Processing file /opt/airflow/dags/prioritas_1(2).py for tasks to queue
[2024-05-14T05:15:51.954+0000] {logging_mixin.py:188} INFO - [2024-05-14T05:15:51.954+0000] {dagbag.py:545} INFO - Filling up the DagBag from /opt/airflow/dags/prioritas_1(2).py
[2024-05-14T05:15:51.988+0000] {processor.py:840} INFO - DAG(s) 'random_numbers_workflow' retrieved from /opt/airflow/dags/prioritas_1(2).py
[2024-05-14T05:15:52.012+0000] {logging_mixin.py:188} INFO - [2024-05-14T05:15:52.012+0000] {dag.py:3096} INFO - Sync 1 DAGs
[2024-05-14T05:15:52.040+0000] {logging_mixin.py:188} INFO - [2024-05-14T05:15:52.040+0000] {dag.py:3954} INFO - Setting next_dagrun for random_numbers_workflow to 2024-05-14 00:00:00+00:00, run_after=2024-05-15 00:00:00+00:00
[2024-05-14T05:15:52.067+0000] {processor.py:183} INFO - Processing /opt/airflow/dags/prioritas_1(2).py took 0.126 seconds
[2024-05-14T05:16:22.295+0000] {processor.py:161} INFO - Started process (PID=6388) to work on /opt/airflow/dags/prioritas_1(2).py
[2024-05-14T05:16:22.296+0000] {processor.py:830} INFO - Processing file /opt/airflow/dags/prioritas_1(2).py for tasks to queue
[2024-05-14T05:16:22.298+0000] {logging_mixin.py:188} INFO - [2024-05-14T05:16:22.297+0000] {dagbag.py:545} INFO - Filling up the DagBag from /opt/airflow/dags/prioritas_1(2).py
[2024-05-14T05:16:22.323+0000] {processor.py:840} INFO - DAG(s) 'random_numbers_workflow' retrieved from /opt/airflow/dags/prioritas_1(2).py
[2024-05-14T05:16:22.351+0000] {logging_mixin.py:188} INFO - [2024-05-14T05:16:22.350+0000] {dag.py:3096} INFO - Sync 1 DAGs
[2024-05-14T05:16:22.380+0000] {logging_mixin.py:188} INFO - [2024-05-14T05:16:22.380+0000] {dag.py:3954} INFO - Setting next_dagrun for random_numbers_workflow to 2024-05-14 00:00:00+00:00, run_after=2024-05-15 00:00:00+00:00
[2024-05-14T05:16:22.414+0000] {processor.py:183} INFO - Processing /opt/airflow/dags/prioritas_1(2).py took 0.125 seconds
[2024-05-14T05:16:52.985+0000] {processor.py:161} INFO - Started process (PID=6511) to work on /opt/airflow/dags/prioritas_1(2).py
[2024-05-14T05:16:52.987+0000] {processor.py:830} INFO - Processing file /opt/airflow/dags/prioritas_1(2).py for tasks to queue
[2024-05-14T05:16:52.991+0000] {logging_mixin.py:188} INFO - [2024-05-14T05:16:52.988+0000] {dagbag.py:545} INFO - Filling up the DagBag from /opt/airflow/dags/prioritas_1(2).py
[2024-05-14T05:16:53.052+0000] {processor.py:840} INFO - DAG(s) 'random_numbers_workflow' retrieved from /opt/airflow/dags/prioritas_1(2).py
[2024-05-14T05:16:53.133+0000] {logging_mixin.py:188} INFO - [2024-05-14T05:16:53.133+0000] {dag.py:3096} INFO - Sync 1 DAGs
[2024-05-14T05:16:53.212+0000] {logging_mixin.py:188} INFO - [2024-05-14T05:16:53.212+0000] {dag.py:3954} INFO - Setting next_dagrun for random_numbers_workflow to 2024-05-14 00:00:00+00:00, run_after=2024-05-15 00:00:00+00:00
[2024-05-14T05:16:53.327+0000] {processor.py:183} INFO - Processing /opt/airflow/dags/prioritas_1(2).py took 0.378 seconds
[2024-05-14T05:17:23.734+0000] {processor.py:161} INFO - Started process (PID=6616) to work on /opt/airflow/dags/prioritas_1(2).py
[2024-05-14T05:17:23.735+0000] {processor.py:830} INFO - Processing file /opt/airflow/dags/prioritas_1(2).py for tasks to queue
[2024-05-14T05:17:23.737+0000] {logging_mixin.py:188} INFO - [2024-05-14T05:17:23.736+0000] {dagbag.py:545} INFO - Filling up the DagBag from /opt/airflow/dags/prioritas_1(2).py
[2024-05-14T05:17:23.771+0000] {processor.py:840} INFO - DAG(s) 'random_numbers_workflow' retrieved from /opt/airflow/dags/prioritas_1(2).py
[2024-05-14T05:17:23.797+0000] {logging_mixin.py:188} INFO - [2024-05-14T05:17:23.796+0000] {dag.py:3096} INFO - Sync 1 DAGs
[2024-05-14T05:17:23.821+0000] {logging_mixin.py:188} INFO - [2024-05-14T05:17:23.821+0000] {dag.py:3954} INFO - Setting next_dagrun for random_numbers_workflow to 2024-05-14 00:00:00+00:00, run_after=2024-05-15 00:00:00+00:00
[2024-05-14T05:17:23.846+0000] {processor.py:183} INFO - Processing /opt/airflow/dags/prioritas_1(2).py took 0.120 seconds
[2024-05-14T05:17:54.336+0000] {processor.py:161} INFO - Started process (PID=6677) to work on /opt/airflow/dags/prioritas_1(2).py
[2024-05-14T05:17:54.337+0000] {processor.py:830} INFO - Processing file /opt/airflow/dags/prioritas_1(2).py for tasks to queue
[2024-05-14T05:17:54.339+0000] {logging_mixin.py:188} INFO - [2024-05-14T05:17:54.338+0000] {dagbag.py:545} INFO - Filling up the DagBag from /opt/airflow/dags/prioritas_1(2).py
[2024-05-14T05:17:54.362+0000] {processor.py:840} INFO - DAG(s) 'random_numbers_workflow' retrieved from /opt/airflow/dags/prioritas_1(2).py
[2024-05-14T05:17:54.397+0000] {logging_mixin.py:188} INFO - [2024-05-14T05:17:54.397+0000] {dag.py:3096} INFO - Sync 1 DAGs
[2024-05-14T05:17:54.450+0000] {logging_mixin.py:188} INFO - [2024-05-14T05:17:54.449+0000] {dag.py:3954} INFO - Setting next_dagrun for random_numbers_workflow to 2024-05-14 00:00:00+00:00, run_after=2024-05-15 00:00:00+00:00
[2024-05-14T05:17:54.489+0000] {processor.py:183} INFO - Processing /opt/airflow/dags/prioritas_1(2).py took 0.163 seconds
[2024-05-14T05:18:24.733+0000] {processor.py:161} INFO - Started process (PID=6742) to work on /opt/airflow/dags/prioritas_1(2).py
[2024-05-14T05:18:24.735+0000] {processor.py:830} INFO - Processing file /opt/airflow/dags/prioritas_1(2).py for tasks to queue
[2024-05-14T05:18:24.736+0000] {logging_mixin.py:188} INFO - [2024-05-14T05:18:24.736+0000] {dagbag.py:545} INFO - Filling up the DagBag from /opt/airflow/dags/prioritas_1(2).py
[2024-05-14T05:18:24.758+0000] {processor.py:840} INFO - DAG(s) 'random_numbers_workflow' retrieved from /opt/airflow/dags/prioritas_1(2).py
[2024-05-14T05:18:24.781+0000] {logging_mixin.py:188} INFO - [2024-05-14T05:18:24.780+0000] {dag.py:3096} INFO - Sync 1 DAGs
[2024-05-14T05:18:24.807+0000] {logging_mixin.py:188} INFO - [2024-05-14T05:18:24.807+0000] {dag.py:3954} INFO - Setting next_dagrun for random_numbers_workflow to 2024-05-14 00:00:00+00:00, run_after=2024-05-15 00:00:00+00:00
[2024-05-14T05:18:24.833+0000] {processor.py:183} INFO - Processing /opt/airflow/dags/prioritas_1(2).py took 0.108 seconds
[2024-05-14T05:18:55.255+0000] {processor.py:161} INFO - Started process (PID=6835) to work on /opt/airflow/dags/prioritas_1(2).py
[2024-05-14T05:18:55.256+0000] {processor.py:830} INFO - Processing file /opt/airflow/dags/prioritas_1(2).py for tasks to queue
[2024-05-14T05:18:55.258+0000] {logging_mixin.py:188} INFO - [2024-05-14T05:18:55.258+0000] {dagbag.py:545} INFO - Filling up the DagBag from /opt/airflow/dags/prioritas_1(2).py
[2024-05-14T05:18:55.284+0000] {processor.py:840} INFO - DAG(s) 'random_numbers_workflow' retrieved from /opt/airflow/dags/prioritas_1(2).py
[2024-05-14T05:18:55.304+0000] {logging_mixin.py:188} INFO - [2024-05-14T05:18:55.304+0000] {dag.py:3096} INFO - Sync 1 DAGs
[2024-05-14T05:18:55.329+0000] {logging_mixin.py:188} INFO - [2024-05-14T05:18:55.329+0000] {dag.py:3954} INFO - Setting next_dagrun for random_numbers_workflow to 2024-05-14 00:00:00+00:00, run_after=2024-05-15 00:00:00+00:00
[2024-05-14T05:18:55.358+0000] {processor.py:183} INFO - Processing /opt/airflow/dags/prioritas_1(2).py took 0.110 seconds
[2024-05-14T05:19:25.525+0000] {processor.py:161} INFO - Started process (PID=6922) to work on /opt/airflow/dags/prioritas_1(2).py
[2024-05-14T05:19:25.526+0000] {processor.py:830} INFO - Processing file /opt/airflow/dags/prioritas_1(2).py for tasks to queue
[2024-05-14T05:19:25.528+0000] {logging_mixin.py:188} INFO - [2024-05-14T05:19:25.527+0000] {dagbag.py:545} INFO - Filling up the DagBag from /opt/airflow/dags/prioritas_1(2).py
[2024-05-14T05:19:25.552+0000] {processor.py:840} INFO - DAG(s) 'random_numbers_workflow' retrieved from /opt/airflow/dags/prioritas_1(2).py
[2024-05-14T05:19:25.577+0000] {logging_mixin.py:188} INFO - [2024-05-14T05:19:25.576+0000] {dag.py:3096} INFO - Sync 1 DAGs
[2024-05-14T05:19:25.608+0000] {logging_mixin.py:188} INFO - [2024-05-14T05:19:25.607+0000] {dag.py:3954} INFO - Setting next_dagrun for random_numbers_workflow to 2024-05-14 00:00:00+00:00, run_after=2024-05-15 00:00:00+00:00
[2024-05-14T05:19:25.633+0000] {processor.py:183} INFO - Processing /opt/airflow/dags/prioritas_1(2).py took 0.114 seconds
[2024-05-14T05:19:56.160+0000] {processor.py:161} INFO - Started process (PID=6981) to work on /opt/airflow/dags/prioritas_1(2).py
[2024-05-14T05:19:56.161+0000] {processor.py:830} INFO - Processing file /opt/airflow/dags/prioritas_1(2).py for tasks to queue
[2024-05-14T05:19:56.162+0000] {logging_mixin.py:188} INFO - [2024-05-14T05:19:56.162+0000] {dagbag.py:545} INFO - Filling up the DagBag from /opt/airflow/dags/prioritas_1(2).py
[2024-05-14T05:19:56.183+0000] {processor.py:840} INFO - DAG(s) 'random_numbers_workflow' retrieved from /opt/airflow/dags/prioritas_1(2).py
[2024-05-14T05:19:56.209+0000] {logging_mixin.py:188} INFO - [2024-05-14T05:19:56.208+0000] {dag.py:3096} INFO - Sync 1 DAGs
[2024-05-14T05:19:56.428+0000] {logging_mixin.py:188} INFO - [2024-05-14T05:19:56.427+0000] {dag.py:3954} INFO - Setting next_dagrun for random_numbers_workflow to 2024-05-14 00:00:00+00:00, run_after=2024-05-15 00:00:00+00:00
[2024-05-14T05:19:56.491+0000] {processor.py:183} INFO - Processing /opt/airflow/dags/prioritas_1(2).py took 0.339 seconds
[2024-05-14T05:20:26.600+0000] {processor.py:161} INFO - Started process (PID=7046) to work on /opt/airflow/dags/prioritas_1(2).py
[2024-05-14T05:20:26.601+0000] {processor.py:830} INFO - Processing file /opt/airflow/dags/prioritas_1(2).py for tasks to queue
[2024-05-14T05:20:26.602+0000] {logging_mixin.py:188} INFO - [2024-05-14T05:20:26.602+0000] {dagbag.py:545} INFO - Filling up the DagBag from /opt/airflow/dags/prioritas_1(2).py
[2024-05-14T05:20:26.618+0000] {processor.py:840} INFO - DAG(s) 'random_numbers_workflow' retrieved from /opt/airflow/dags/prioritas_1(2).py
[2024-05-14T05:20:26.642+0000] {logging_mixin.py:188} INFO - [2024-05-14T05:20:26.642+0000] {dag.py:3096} INFO - Sync 1 DAGs
[2024-05-14T05:20:26.667+0000] {logging_mixin.py:188} INFO - [2024-05-14T05:20:26.667+0000] {dag.py:3954} INFO - Setting next_dagrun for random_numbers_workflow to 2024-05-14 00:00:00+00:00, run_after=2024-05-15 00:00:00+00:00
[2024-05-14T05:20:26.838+0000] {processor.py:183} INFO - Processing /opt/airflow/dags/prioritas_1(2).py took 0.244 seconds
[2024-05-14T05:20:57.150+0000] {processor.py:161} INFO - Started process (PID=7127) to work on /opt/airflow/dags/prioritas_1(2).py
[2024-05-14T05:20:57.151+0000] {processor.py:830} INFO - Processing file /opt/airflow/dags/prioritas_1(2).py for tasks to queue
[2024-05-14T05:20:57.153+0000] {logging_mixin.py:188} INFO - [2024-05-14T05:20:57.152+0000] {dagbag.py:545} INFO - Filling up the DagBag from /opt/airflow/dags/prioritas_1(2).py
[2024-05-14T05:20:57.175+0000] {processor.py:840} INFO - DAG(s) 'random_numbers_workflow' retrieved from /opt/airflow/dags/prioritas_1(2).py
[2024-05-14T05:20:57.196+0000] {logging_mixin.py:188} INFO - [2024-05-14T05:20:57.196+0000] {dag.py:3096} INFO - Sync 1 DAGs
[2024-05-14T05:20:57.222+0000] {logging_mixin.py:188} INFO - [2024-05-14T05:20:57.221+0000] {dag.py:3954} INFO - Setting next_dagrun for random_numbers_workflow to 2024-05-14 00:00:00+00:00, run_after=2024-05-15 00:00:00+00:00
[2024-05-14T05:20:57.249+0000] {processor.py:183} INFO - Processing /opt/airflow/dags/prioritas_1(2).py took 0.106 seconds
[2024-05-14T05:21:27.975+0000] {processor.py:161} INFO - Started process (PID=7212) to work on /opt/airflow/dags/prioritas_1(2).py
[2024-05-14T05:21:27.976+0000] {processor.py:830} INFO - Processing file /opt/airflow/dags/prioritas_1(2).py for tasks to queue
[2024-05-14T05:21:27.978+0000] {logging_mixin.py:188} INFO - [2024-05-14T05:21:27.978+0000] {dagbag.py:545} INFO - Filling up the DagBag from /opt/airflow/dags/prioritas_1(2).py
[2024-05-14T05:21:28.012+0000] {processor.py:840} INFO - DAG(s) 'random_numbers_workflow' retrieved from /opt/airflow/dags/prioritas_1(2).py
[2024-05-14T05:21:28.033+0000] {logging_mixin.py:188} INFO - [2024-05-14T05:21:28.033+0000] {dag.py:3096} INFO - Sync 1 DAGs
[2024-05-14T05:21:28.056+0000] {logging_mixin.py:188} INFO - [2024-05-14T05:21:28.056+0000] {dag.py:3954} INFO - Setting next_dagrun for random_numbers_workflow to 2024-05-14 00:00:00+00:00, run_after=2024-05-15 00:00:00+00:00
[2024-05-14T05:21:28.089+0000] {processor.py:183} INFO - Processing /opt/airflow/dags/prioritas_1(2).py took 0.123 seconds
[2024-05-14T05:21:58.357+0000] {processor.py:161} INFO - Started process (PID=7273) to work on /opt/airflow/dags/prioritas_1(2).py
[2024-05-14T05:21:58.359+0000] {processor.py:830} INFO - Processing file /opt/airflow/dags/prioritas_1(2).py for tasks to queue
[2024-05-14T05:21:58.362+0000] {logging_mixin.py:188} INFO - [2024-05-14T05:21:58.361+0000] {dagbag.py:545} INFO - Filling up the DagBag from /opt/airflow/dags/prioritas_1(2).py
[2024-05-14T05:21:58.393+0000] {processor.py:840} INFO - DAG(s) 'random_numbers_workflow' retrieved from /opt/airflow/dags/prioritas_1(2).py
[2024-05-14T05:21:58.424+0000] {logging_mixin.py:188} INFO - [2024-05-14T05:21:58.424+0000] {dag.py:3096} INFO - Sync 1 DAGs
[2024-05-14T05:21:58.456+0000] {logging_mixin.py:188} INFO - [2024-05-14T05:21:58.456+0000] {dag.py:3954} INFO - Setting next_dagrun for random_numbers_workflow to 2024-05-14 00:00:00+00:00, run_after=2024-05-15 00:00:00+00:00
[2024-05-14T05:21:58.483+0000] {processor.py:183} INFO - Processing /opt/airflow/dags/prioritas_1(2).py took 0.137 seconds
[2024-05-14T05:22:28.868+0000] {processor.py:161} INFO - Started process (PID=7338) to work on /opt/airflow/dags/prioritas_1(2).py
[2024-05-14T05:22:28.869+0000] {processor.py:830} INFO - Processing file /opt/airflow/dags/prioritas_1(2).py for tasks to queue
[2024-05-14T05:22:28.871+0000] {logging_mixin.py:188} INFO - [2024-05-14T05:22:28.870+0000] {dagbag.py:545} INFO - Filling up the DagBag from /opt/airflow/dags/prioritas_1(2).py
[2024-05-14T05:22:28.896+0000] {processor.py:840} INFO - DAG(s) 'random_numbers_workflow' retrieved from /opt/airflow/dags/prioritas_1(2).py
[2024-05-14T05:22:28.925+0000] {logging_mixin.py:188} INFO - [2024-05-14T05:22:28.925+0000] {dag.py:3096} INFO - Sync 1 DAGs
[2024-05-14T05:22:28.959+0000] {logging_mixin.py:188} INFO - [2024-05-14T05:22:28.959+0000] {dag.py:3954} INFO - Setting next_dagrun for random_numbers_workflow to 2024-05-14 00:00:00+00:00, run_after=2024-05-15 00:00:00+00:00
[2024-05-14T05:22:28.989+0000] {processor.py:183} INFO - Processing /opt/airflow/dags/prioritas_1(2).py took 0.129 seconds
[2024-05-14T05:23:00.412+0000] {processor.py:161} INFO - Started process (PID=7419) to work on /opt/airflow/dags/prioritas_1(2).py
[2024-05-14T05:23:00.416+0000] {processor.py:830} INFO - Processing file /opt/airflow/dags/prioritas_1(2).py for tasks to queue
[2024-05-14T05:23:00.431+0000] {logging_mixin.py:188} INFO - [2024-05-14T05:23:00.431+0000] {dagbag.py:545} INFO - Filling up the DagBag from /opt/airflow/dags/prioritas_1(2).py
[2024-05-14T05:23:00.588+0000] {processor.py:840} INFO - DAG(s) 'random_numbers_workflow' retrieved from /opt/airflow/dags/prioritas_1(2).py
[2024-05-14T05:23:00.753+0000] {logging_mixin.py:188} INFO - [2024-05-14T05:23:00.753+0000] {dag.py:3096} INFO - Sync 1 DAGs
[2024-05-14T05:23:00.892+0000] {logging_mixin.py:188} INFO - [2024-05-14T05:23:00.892+0000] {dag.py:3954} INFO - Setting next_dagrun for random_numbers_workflow to 2024-05-14 00:00:00+00:00, run_after=2024-05-15 00:00:00+00:00
[2024-05-14T05:23:01.061+0000] {processor.py:183} INFO - Processing /opt/airflow/dags/prioritas_1(2).py took 0.734 seconds
[2024-05-14T05:23:31.249+0000] {processor.py:161} INFO - Started process (PID=7503) to work on /opt/airflow/dags/prioritas_1(2).py
[2024-05-14T05:23:31.250+0000] {processor.py:830} INFO - Processing file /opt/airflow/dags/prioritas_1(2).py for tasks to queue
[2024-05-14T05:23:31.252+0000] {logging_mixin.py:188} INFO - [2024-05-14T05:23:31.251+0000] {dagbag.py:545} INFO - Filling up the DagBag from /opt/airflow/dags/prioritas_1(2).py
[2024-05-14T05:23:31.274+0000] {processor.py:840} INFO - DAG(s) 'random_numbers_workflow' retrieved from /opt/airflow/dags/prioritas_1(2).py
[2024-05-14T05:23:31.308+0000] {logging_mixin.py:188} INFO - [2024-05-14T05:23:31.307+0000] {dag.py:3096} INFO - Sync 1 DAGs
[2024-05-14T05:23:31.343+0000] {logging_mixin.py:188} INFO - [2024-05-14T05:23:31.342+0000] {dag.py:3954} INFO - Setting next_dagrun for random_numbers_workflow to 2024-05-14 00:00:00+00:00, run_after=2024-05-15 00:00:00+00:00
[2024-05-14T05:23:31.370+0000] {processor.py:183} INFO - Processing /opt/airflow/dags/prioritas_1(2).py took 0.130 seconds
[2024-05-14T05:24:01.907+0000] {processor.py:161} INFO - Started process (PID=7562) to work on /opt/airflow/dags/prioritas_1(2).py
[2024-05-14T05:24:01.908+0000] {processor.py:830} INFO - Processing file /opt/airflow/dags/prioritas_1(2).py for tasks to queue
[2024-05-14T05:24:01.910+0000] {logging_mixin.py:188} INFO - [2024-05-14T05:24:01.909+0000] {dagbag.py:545} INFO - Filling up the DagBag from /opt/airflow/dags/prioritas_1(2).py
[2024-05-14T05:24:01.934+0000] {processor.py:840} INFO - DAG(s) 'random_numbers_workflow' retrieved from /opt/airflow/dags/prioritas_1(2).py
[2024-05-14T05:24:01.968+0000] {logging_mixin.py:188} INFO - [2024-05-14T05:24:01.968+0000] {dag.py:3096} INFO - Sync 1 DAGs
[2024-05-14T05:24:02.009+0000] {logging_mixin.py:188} INFO - [2024-05-14T05:24:02.009+0000] {dag.py:3954} INFO - Setting next_dagrun for random_numbers_workflow to 2024-05-14 00:00:00+00:00, run_after=2024-05-15 00:00:00+00:00
[2024-05-14T05:24:02.039+0000] {processor.py:183} INFO - Processing /opt/airflow/dags/prioritas_1(2).py took 0.141 seconds
[2024-05-14T05:24:32.897+0000] {processor.py:161} INFO - Started process (PID=7627) to work on /opt/airflow/dags/prioritas_1(2).py
[2024-05-14T05:24:32.899+0000] {processor.py:830} INFO - Processing file /opt/airflow/dags/prioritas_1(2).py for tasks to queue
[2024-05-14T05:24:32.900+0000] {logging_mixin.py:188} INFO - [2024-05-14T05:24:32.900+0000] {dagbag.py:545} INFO - Filling up the DagBag from /opt/airflow/dags/prioritas_1(2).py
[2024-05-14T05:24:32.923+0000] {processor.py:840} INFO - DAG(s) 'random_numbers_workflow' retrieved from /opt/airflow/dags/prioritas_1(2).py
[2024-05-14T05:24:32.946+0000] {logging_mixin.py:188} INFO - [2024-05-14T05:24:32.946+0000] {dag.py:3096} INFO - Sync 1 DAGs
[2024-05-14T05:24:32.971+0000] {logging_mixin.py:188} INFO - [2024-05-14T05:24:32.970+0000] {dag.py:3954} INFO - Setting next_dagrun for random_numbers_workflow to 2024-05-14 00:00:00+00:00, run_after=2024-05-15 00:00:00+00:00
[2024-05-14T05:24:33.051+0000] {processor.py:183} INFO - Processing /opt/airflow/dags/prioritas_1(2).py took 0.161 seconds
[2024-05-14T05:25:03.581+0000] {processor.py:161} INFO - Started process (PID=7707) to work on /opt/airflow/dags/prioritas_1(2).py
[2024-05-14T05:25:03.585+0000] {processor.py:830} INFO - Processing file /opt/airflow/dags/prioritas_1(2).py for tasks to queue
[2024-05-14T05:25:03.609+0000] {logging_mixin.py:188} INFO - [2024-05-14T05:25:03.607+0000] {dagbag.py:545} INFO - Filling up the DagBag from /opt/airflow/dags/prioritas_1(2).py
[2024-05-14T05:25:03.704+0000] {processor.py:840} INFO - DAG(s) 'random_numbers_workflow' retrieved from /opt/airflow/dags/prioritas_1(2).py
[2024-05-14T05:25:03.767+0000] {logging_mixin.py:188} INFO - [2024-05-14T05:25:03.764+0000] {dag.py:3096} INFO - Sync 1 DAGs
[2024-05-14T05:25:03.827+0000] {logging_mixin.py:188} INFO - [2024-05-14T05:25:03.826+0000] {dag.py:3954} INFO - Setting next_dagrun for random_numbers_workflow to 2024-05-14 00:00:00+00:00, run_after=2024-05-15 00:00:00+00:00
[2024-05-14T05:25:03.879+0000] {processor.py:183} INFO - Processing /opt/airflow/dags/prioritas_1(2).py took 0.319 seconds
[2024-05-14T05:25:34.412+0000] {processor.py:161} INFO - Started process (PID=7789) to work on /opt/airflow/dags/prioritas_1(2).py
[2024-05-14T05:25:34.414+0000] {processor.py:830} INFO - Processing file /opt/airflow/dags/prioritas_1(2).py for tasks to queue
[2024-05-14T05:25:34.416+0000] {logging_mixin.py:188} INFO - [2024-05-14T05:25:34.415+0000] {dagbag.py:545} INFO - Filling up the DagBag from /opt/airflow/dags/prioritas_1(2).py
[2024-05-14T05:25:34.442+0000] {processor.py:840} INFO - DAG(s) 'random_numbers_workflow' retrieved from /opt/airflow/dags/prioritas_1(2).py
[2024-05-14T05:25:34.474+0000] {logging_mixin.py:188} INFO - [2024-05-14T05:25:34.473+0000] {dag.py:3096} INFO - Sync 1 DAGs
[2024-05-14T05:25:34.507+0000] {logging_mixin.py:188} INFO - [2024-05-14T05:25:34.507+0000] {dag.py:3954} INFO - Setting next_dagrun for random_numbers_workflow to 2024-05-14 00:00:00+00:00, run_after=2024-05-15 00:00:00+00:00
[2024-05-14T05:25:34.539+0000] {processor.py:183} INFO - Processing /opt/airflow/dags/prioritas_1(2).py took 0.138 seconds
[2024-05-14T05:26:04.707+0000] {processor.py:161} INFO - Started process (PID=7851) to work on /opt/airflow/dags/prioritas_1(2).py
[2024-05-14T05:26:04.708+0000] {processor.py:830} INFO - Processing file /opt/airflow/dags/prioritas_1(2).py for tasks to queue
[2024-05-14T05:26:04.709+0000] {logging_mixin.py:188} INFO - [2024-05-14T05:26:04.709+0000] {dagbag.py:545} INFO - Filling up the DagBag from /opt/airflow/dags/prioritas_1(2).py
[2024-05-14T05:26:04.725+0000] {processor.py:840} INFO - DAG(s) 'random_numbers_workflow' retrieved from /opt/airflow/dags/prioritas_1(2).py
[2024-05-14T05:26:04.744+0000] {logging_mixin.py:188} INFO - [2024-05-14T05:26:04.744+0000] {dag.py:3096} INFO - Sync 1 DAGs
[2024-05-14T05:26:04.769+0000] {logging_mixin.py:188} INFO - [2024-05-14T05:26:04.769+0000] {dag.py:3954} INFO - Setting next_dagrun for random_numbers_workflow to 2024-05-14 00:00:00+00:00, run_after=2024-05-15 00:00:00+00:00
[2024-05-14T05:26:04.794+0000] {processor.py:183} INFO - Processing /opt/airflow/dags/prioritas_1(2).py took 0.093 seconds
[2024-05-14T05:26:35.539+0000] {processor.py:161} INFO - Started process (PID=7911) to work on /opt/airflow/dags/prioritas_1(2).py
[2024-05-14T05:26:35.541+0000] {processor.py:830} INFO - Processing file /opt/airflow/dags/prioritas_1(2).py for tasks to queue
[2024-05-14T05:26:35.542+0000] {logging_mixin.py:188} INFO - [2024-05-14T05:26:35.541+0000] {dagbag.py:545} INFO - Filling up the DagBag from /opt/airflow/dags/prioritas_1(2).py
[2024-05-14T05:26:35.561+0000] {processor.py:840} INFO - DAG(s) 'random_numbers_workflow' retrieved from /opt/airflow/dags/prioritas_1(2).py
[2024-05-14T05:26:35.581+0000] {logging_mixin.py:188} INFO - [2024-05-14T05:26:35.581+0000] {dag.py:3096} INFO - Sync 1 DAGs
[2024-05-14T05:26:35.608+0000] {logging_mixin.py:188} INFO - [2024-05-14T05:26:35.608+0000] {dag.py:3954} INFO - Setting next_dagrun for random_numbers_workflow to 2024-05-14 00:00:00+00:00, run_after=2024-05-15 00:00:00+00:00
[2024-05-14T05:26:35.633+0000] {processor.py:183} INFO - Processing /opt/airflow/dags/prioritas_1(2).py took 0.100 seconds
[2024-05-14T05:27:05.984+0000] {processor.py:161} INFO - Started process (PID=8021) to work on /opt/airflow/dags/prioritas_1(2).py
[2024-05-14T05:27:05.986+0000] {processor.py:830} INFO - Processing file /opt/airflow/dags/prioritas_1(2).py for tasks to queue
[2024-05-14T05:27:05.988+0000] {logging_mixin.py:188} INFO - [2024-05-14T05:27:05.987+0000] {dagbag.py:545} INFO - Filling up the DagBag from /opt/airflow/dags/prioritas_1(2).py
[2024-05-14T05:27:06.049+0000] {processor.py:840} INFO - DAG(s) 'random_numbers_workflow' retrieved from /opt/airflow/dags/prioritas_1(2).py
[2024-05-14T05:27:06.109+0000] {logging_mixin.py:188} INFO - [2024-05-14T05:27:06.109+0000] {dag.py:3096} INFO - Sync 1 DAGs
[2024-05-14T05:27:06.187+0000] {logging_mixin.py:188} INFO - [2024-05-14T05:27:06.187+0000] {dag.py:3954} INFO - Setting next_dagrun for random_numbers_workflow to 2024-05-14 00:00:00+00:00, run_after=2024-05-15 00:00:00+00:00
[2024-05-14T05:27:06.271+0000] {processor.py:183} INFO - Processing /opt/airflow/dags/prioritas_1(2).py took 0.301 seconds
[2024-05-14T05:27:36.762+0000] {processor.py:161} INFO - Started process (PID=8158) to work on /opt/airflow/dags/prioritas_1(2).py
[2024-05-14T05:27:36.771+0000] {processor.py:830} INFO - Processing file /opt/airflow/dags/prioritas_1(2).py for tasks to queue
[2024-05-14T05:27:36.774+0000] {logging_mixin.py:188} INFO - [2024-05-14T05:27:36.774+0000] {dagbag.py:545} INFO - Filling up the DagBag from /opt/airflow/dags/prioritas_1(2).py
[2024-05-14T05:27:36.832+0000] {processor.py:840} INFO - DAG(s) 'random_numbers_workflow' retrieved from /opt/airflow/dags/prioritas_1(2).py
[2024-05-14T05:27:36.903+0000] {logging_mixin.py:188} INFO - [2024-05-14T05:27:36.902+0000] {dag.py:3096} INFO - Sync 1 DAGs
[2024-05-14T05:27:37.021+0000] {logging_mixin.py:188} INFO - [2024-05-14T05:27:37.020+0000] {dag.py:3954} INFO - Setting next_dagrun for random_numbers_workflow to 2024-05-14 00:00:00+00:00, run_after=2024-05-15 00:00:00+00:00
[2024-05-14T05:27:37.226+0000] {processor.py:183} INFO - Processing /opt/airflow/dags/prioritas_1(2).py took 0.480 seconds
[2024-05-14T05:28:07.320+0000] {processor.py:161} INFO - Started process (PID=8302) to work on /opt/airflow/dags/prioritas_1(2).py
[2024-05-14T05:28:07.323+0000] {processor.py:830} INFO - Processing file /opt/airflow/dags/prioritas_1(2).py for tasks to queue
[2024-05-14T05:28:07.328+0000] {logging_mixin.py:188} INFO - [2024-05-14T05:28:07.326+0000] {dagbag.py:545} INFO - Filling up the DagBag from /opt/airflow/dags/prioritas_1(2).py
[2024-05-14T05:28:07.363+0000] {processor.py:840} INFO - DAG(s) 'random_numbers_workflow' retrieved from /opt/airflow/dags/prioritas_1(2).py
[2024-05-14T05:28:07.405+0000] {logging_mixin.py:188} INFO - [2024-05-14T05:28:07.404+0000] {dag.py:3096} INFO - Sync 1 DAGs
[2024-05-14T05:28:07.454+0000] {logging_mixin.py:188} INFO - [2024-05-14T05:28:07.454+0000] {dag.py:3954} INFO - Setting next_dagrun for random_numbers_workflow to 2024-05-14 00:00:00+00:00, run_after=2024-05-15 00:00:00+00:00
[2024-05-14T05:28:07.491+0000] {processor.py:183} INFO - Processing /opt/airflow/dags/prioritas_1(2).py took 0.182 seconds
[2024-05-14T05:28:38.391+0000] {processor.py:161} INFO - Started process (PID=8452) to work on /opt/airflow/dags/prioritas_1(2).py
[2024-05-14T05:28:38.392+0000] {processor.py:830} INFO - Processing file /opt/airflow/dags/prioritas_1(2).py for tasks to queue
[2024-05-14T05:28:38.394+0000] {logging_mixin.py:188} INFO - [2024-05-14T05:28:38.393+0000] {dagbag.py:545} INFO - Filling up the DagBag from /opt/airflow/dags/prioritas_1(2).py
[2024-05-14T05:28:38.452+0000] {processor.py:840} INFO - DAG(s) 'random_numbers_workflow' retrieved from /opt/airflow/dags/prioritas_1(2).py
[2024-05-14T05:28:38.546+0000] {logging_mixin.py:188} INFO - [2024-05-14T05:28:38.543+0000] {dag.py:3096} INFO - Sync 1 DAGs
[2024-05-14T05:28:38.627+0000] {logging_mixin.py:188} INFO - [2024-05-14T05:28:38.626+0000] {dag.py:3954} INFO - Setting next_dagrun for random_numbers_workflow to 2024-05-14 00:00:00+00:00, run_after=2024-05-15 00:00:00+00:00
[2024-05-14T05:28:38.718+0000] {processor.py:183} INFO - Processing /opt/airflow/dags/prioritas_1(2).py took 0.354 seconds
[2024-05-14T05:29:09.389+0000] {processor.py:161} INFO - Started process (PID=8554) to work on /opt/airflow/dags/prioritas_1(2).py
[2024-05-14T05:29:09.390+0000] {processor.py:830} INFO - Processing file /opt/airflow/dags/prioritas_1(2).py for tasks to queue
[2024-05-14T05:29:09.392+0000] {logging_mixin.py:188} INFO - [2024-05-14T05:29:09.391+0000] {dagbag.py:545} INFO - Filling up the DagBag from /opt/airflow/dags/prioritas_1(2).py
[2024-05-14T05:29:09.413+0000] {processor.py:840} INFO - DAG(s) 'random_numbers_workflow' retrieved from /opt/airflow/dags/prioritas_1(2).py
[2024-05-14T05:29:09.443+0000] {logging_mixin.py:188} INFO - [2024-05-14T05:29:09.443+0000] {dag.py:3096} INFO - Sync 1 DAGs
[2024-05-14T05:29:09.478+0000] {logging_mixin.py:188} INFO - [2024-05-14T05:29:09.478+0000] {dag.py:3954} INFO - Setting next_dagrun for random_numbers_workflow to 2024-05-14 00:00:00+00:00, run_after=2024-05-15 00:00:00+00:00
[2024-05-14T05:29:09.506+0000] {processor.py:183} INFO - Processing /opt/airflow/dags/prioritas_1(2).py took 0.126 seconds
[2024-05-14T05:29:39.852+0000] {processor.py:161} INFO - Started process (PID=8681) to work on /opt/airflow/dags/prioritas_1(2).py
[2024-05-14T05:29:39.909+0000] {processor.py:830} INFO - Processing file /opt/airflow/dags/prioritas_1(2).py for tasks to queue
[2024-05-14T05:29:39.924+0000] {logging_mixin.py:188} INFO - [2024-05-14T05:29:39.923+0000] {dagbag.py:545} INFO - Filling up the DagBag from /opt/airflow/dags/prioritas_1(2).py
[2024-05-14T05:29:40.034+0000] {processor.py:840} INFO - DAG(s) 'random_numbers_workflow' retrieved from /opt/airflow/dags/prioritas_1(2).py
[2024-05-14T05:29:40.111+0000] {logging_mixin.py:188} INFO - [2024-05-14T05:29:40.109+0000] {dag.py:3096} INFO - Sync 1 DAGs
[2024-05-14T05:29:40.251+0000] {logging_mixin.py:188} INFO - [2024-05-14T05:29:40.251+0000] {dag.py:3954} INFO - Setting next_dagrun for random_numbers_workflow to 2024-05-14 00:00:00+00:00, run_after=2024-05-15 00:00:00+00:00
[2024-05-14T05:29:40.367+0000] {processor.py:183} INFO - Processing /opt/airflow/dags/prioritas_1(2).py took 0.554 seconds
[2024-05-14T05:30:10.721+0000] {processor.py:161} INFO - Started process (PID=8794) to work on /opt/airflow/dags/prioritas_1(2).py
[2024-05-14T05:30:10.725+0000] {processor.py:830} INFO - Processing file /opt/airflow/dags/prioritas_1(2).py for tasks to queue
[2024-05-14T05:30:10.728+0000] {logging_mixin.py:188} INFO - [2024-05-14T05:30:10.727+0000] {dagbag.py:545} INFO - Filling up the DagBag from /opt/airflow/dags/prioritas_1(2).py
[2024-05-14T05:30:10.778+0000] {processor.py:840} INFO - DAG(s) 'random_numbers_workflow' retrieved from /opt/airflow/dags/prioritas_1(2).py
[2024-05-14T05:30:10.823+0000] {logging_mixin.py:188} INFO - [2024-05-14T05:30:10.822+0000] {dag.py:3096} INFO - Sync 1 DAGs
[2024-05-14T05:30:10.871+0000] {logging_mixin.py:188} INFO - [2024-05-14T05:30:10.870+0000] {dag.py:3954} INFO - Setting next_dagrun for random_numbers_workflow to 2024-05-14 00:00:00+00:00, run_after=2024-05-15 00:00:00+00:00
[2024-05-14T05:30:10.913+0000] {processor.py:183} INFO - Processing /opt/airflow/dags/prioritas_1(2).py took 0.214 seconds
[2024-05-14T05:30:41.106+0000] {processor.py:161} INFO - Started process (PID=8893) to work on /opt/airflow/dags/prioritas_1(2).py
[2024-05-14T05:30:41.108+0000] {processor.py:830} INFO - Processing file /opt/airflow/dags/prioritas_1(2).py for tasks to queue
[2024-05-14T05:30:41.112+0000] {logging_mixin.py:188} INFO - [2024-05-14T05:30:41.111+0000] {dagbag.py:545} INFO - Filling up the DagBag from /opt/airflow/dags/prioritas_1(2).py
[2024-05-14T05:30:41.150+0000] {processor.py:840} INFO - DAG(s) 'random_numbers_workflow' retrieved from /opt/airflow/dags/prioritas_1(2).py
[2024-05-14T05:30:41.302+0000] {logging_mixin.py:188} INFO - [2024-05-14T05:30:41.300+0000] {dag.py:3096} INFO - Sync 1 DAGs
[2024-05-14T05:30:41.374+0000] {logging_mixin.py:188} INFO - [2024-05-14T05:30:41.374+0000] {dag.py:3954} INFO - Setting next_dagrun for random_numbers_workflow to 2024-05-14 00:00:00+00:00, run_after=2024-05-15 00:00:00+00:00
[2024-05-14T05:30:41.494+0000] {processor.py:183} INFO - Processing /opt/airflow/dags/prioritas_1(2).py took 0.397 seconds
[2024-05-14T05:31:11.955+0000] {processor.py:161} INFO - Started process (PID=9017) to work on /opt/airflow/dags/prioritas_1(2).py
[2024-05-14T05:31:11.961+0000] {processor.py:830} INFO - Processing file /opt/airflow/dags/prioritas_1(2).py for tasks to queue
[2024-05-14T05:31:11.965+0000] {logging_mixin.py:188} INFO - [2024-05-14T05:31:11.964+0000] {dagbag.py:545} INFO - Filling up the DagBag from /opt/airflow/dags/prioritas_1(2).py
[2024-05-14T05:31:12.045+0000] {processor.py:840} INFO - DAG(s) 'random_numbers_workflow' retrieved from /opt/airflow/dags/prioritas_1(2).py
[2024-05-14T05:31:12.130+0000] {logging_mixin.py:188} INFO - [2024-05-14T05:31:12.129+0000] {dag.py:3096} INFO - Sync 1 DAGs
[2024-05-14T05:31:12.237+0000] {logging_mixin.py:188} INFO - [2024-05-14T05:31:12.237+0000] {dag.py:3954} INFO - Setting next_dagrun for random_numbers_workflow to 2024-05-14 00:00:00+00:00, run_after=2024-05-15 00:00:00+00:00
[2024-05-14T05:31:12.306+0000] {processor.py:183} INFO - Processing /opt/airflow/dags/prioritas_1(2).py took 0.360 seconds
[2024-05-14T05:31:42.557+0000] {processor.py:161} INFO - Started process (PID=9109) to work on /opt/airflow/dags/prioritas_1(2).py
[2024-05-14T05:31:42.571+0000] {processor.py:830} INFO - Processing file /opt/airflow/dags/prioritas_1(2).py for tasks to queue
[2024-05-14T05:31:42.581+0000] {logging_mixin.py:188} INFO - [2024-05-14T05:31:42.580+0000] {dagbag.py:545} INFO - Filling up the DagBag from /opt/airflow/dags/prioritas_1(2).py
[2024-05-14T05:31:42.664+0000] {processor.py:840} INFO - DAG(s) 'random_numbers_workflow' retrieved from /opt/airflow/dags/prioritas_1(2).py
[2024-05-14T05:31:42.741+0000] {logging_mixin.py:188} INFO - [2024-05-14T05:31:42.740+0000] {dag.py:3096} INFO - Sync 1 DAGs
[2024-05-14T05:31:42.811+0000] {logging_mixin.py:188} INFO - [2024-05-14T05:31:42.810+0000] {dag.py:3954} INFO - Setting next_dagrun for random_numbers_workflow to 2024-05-14 00:00:00+00:00, run_after=2024-05-15 00:00:00+00:00
[2024-05-14T05:31:42.926+0000] {processor.py:183} INFO - Processing /opt/airflow/dags/prioritas_1(2).py took 0.381 seconds
[2024-05-14T05:32:13.102+0000] {processor.py:161} INFO - Started process (PID=9252) to work on /opt/airflow/dags/prioritas_1(2).py
[2024-05-14T05:32:13.109+0000] {processor.py:830} INFO - Processing file /opt/airflow/dags/prioritas_1(2).py for tasks to queue
[2024-05-14T05:32:13.112+0000] {logging_mixin.py:188} INFO - [2024-05-14T05:32:13.111+0000] {dagbag.py:545} INFO - Filling up the DagBag from /opt/airflow/dags/prioritas_1(2).py
[2024-05-14T05:32:13.147+0000] {processor.py:840} INFO - DAG(s) 'random_numbers_workflow' retrieved from /opt/airflow/dags/prioritas_1(2).py
[2024-05-14T05:32:13.219+0000] {logging_mixin.py:188} INFO - [2024-05-14T05:32:13.219+0000] {dag.py:3096} INFO - Sync 1 DAGs
[2024-05-14T05:32:13.291+0000] {logging_mixin.py:188} INFO - [2024-05-14T05:32:13.291+0000] {dag.py:3954} INFO - Setting next_dagrun for random_numbers_workflow to 2024-05-14 00:00:00+00:00, run_after=2024-05-15 00:00:00+00:00
[2024-05-14T05:32:13.351+0000] {processor.py:183} INFO - Processing /opt/airflow/dags/prioritas_1(2).py took 0.288 seconds
[2024-05-14T05:32:44.089+0000] {processor.py:161} INFO - Started process (PID=9348) to work on /opt/airflow/dags/prioritas_1(2).py
[2024-05-14T05:32:44.091+0000] {processor.py:830} INFO - Processing file /opt/airflow/dags/prioritas_1(2).py for tasks to queue
[2024-05-14T05:32:44.092+0000] {logging_mixin.py:188} INFO - [2024-05-14T05:32:44.092+0000] {dagbag.py:545} INFO - Filling up the DagBag from /opt/airflow/dags/prioritas_1(2).py
[2024-05-14T05:32:44.127+0000] {processor.py:840} INFO - DAG(s) 'random_numbers_workflow' retrieved from /opt/airflow/dags/prioritas_1(2).py
[2024-05-14T05:32:44.236+0000] {logging_mixin.py:188} INFO - [2024-05-14T05:32:44.236+0000] {dag.py:3096} INFO - Sync 1 DAGs
[2024-05-14T05:32:44.294+0000] {logging_mixin.py:188} INFO - [2024-05-14T05:32:44.294+0000] {dag.py:3954} INFO - Setting next_dagrun for random_numbers_workflow to 2024-05-14 00:00:00+00:00, run_after=2024-05-15 00:00:00+00:00
[2024-05-14T05:32:44.394+0000] {processor.py:183} INFO - Processing /opt/airflow/dags/prioritas_1(2).py took 0.329 seconds
[2024-05-14T05:33:14.889+0000] {processor.py:161} INFO - Started process (PID=9486) to work on /opt/airflow/dags/prioritas_1(2).py
[2024-05-14T05:33:14.891+0000] {processor.py:830} INFO - Processing file /opt/airflow/dags/prioritas_1(2).py for tasks to queue
[2024-05-14T05:33:14.894+0000] {logging_mixin.py:188} INFO - [2024-05-14T05:33:14.893+0000] {dagbag.py:545} INFO - Filling up the DagBag from /opt/airflow/dags/prioritas_1(2).py
[2024-05-14T05:33:14.938+0000] {processor.py:840} INFO - DAG(s) 'random_numbers_workflow' retrieved from /opt/airflow/dags/prioritas_1(2).py
[2024-05-14T05:33:14.976+0000] {logging_mixin.py:188} INFO - [2024-05-14T05:33:14.975+0000] {dag.py:3096} INFO - Sync 1 DAGs
[2024-05-14T05:33:15.028+0000] {logging_mixin.py:188} INFO - [2024-05-14T05:33:15.028+0000] {dag.py:3954} INFO - Setting next_dagrun for random_numbers_workflow to 2024-05-14 00:00:00+00:00, run_after=2024-05-15 00:00:00+00:00
[2024-05-14T05:33:15.122+0000] {processor.py:183} INFO - Processing /opt/airflow/dags/prioritas_1(2).py took 0.259 seconds
[2024-05-14T05:33:45.611+0000] {processor.py:161} INFO - Started process (PID=9586) to work on /opt/airflow/dags/prioritas_1(2).py
[2024-05-14T05:33:45.617+0000] {processor.py:830} INFO - Processing file /opt/airflow/dags/prioritas_1(2).py for tasks to queue
[2024-05-14T05:33:45.624+0000] {logging_mixin.py:188} INFO - [2024-05-14T05:33:45.623+0000] {dagbag.py:545} INFO - Filling up the DagBag from /opt/airflow/dags/prioritas_1(2).py
[2024-05-14T05:33:45.678+0000] {processor.py:840} INFO - DAG(s) 'random_numbers_workflow' retrieved from /opt/airflow/dags/prioritas_1(2).py
[2024-05-14T05:33:45.744+0000] {logging_mixin.py:188} INFO - [2024-05-14T05:33:45.744+0000] {dag.py:3096} INFO - Sync 1 DAGs
[2024-05-14T05:33:45.787+0000] {logging_mixin.py:188} INFO - [2024-05-14T05:33:45.787+0000] {dag.py:3954} INFO - Setting next_dagrun for random_numbers_workflow to 2024-05-14 00:00:00+00:00, run_after=2024-05-15 00:00:00+00:00
[2024-05-14T05:33:45.850+0000] {processor.py:183} INFO - Processing /opt/airflow/dags/prioritas_1(2).py took 0.252 seconds
[2024-05-14T05:34:16.416+0000] {processor.py:161} INFO - Started process (PID=9726) to work on /opt/airflow/dags/prioritas_1(2).py
[2024-05-14T05:34:16.430+0000] {processor.py:830} INFO - Processing file /opt/airflow/dags/prioritas_1(2).py for tasks to queue
[2024-05-14T05:34:16.433+0000] {logging_mixin.py:188} INFO - [2024-05-14T05:34:16.433+0000] {dagbag.py:545} INFO - Filling up the DagBag from /opt/airflow/dags/prioritas_1(2).py
[2024-05-14T05:34:16.471+0000] {processor.py:840} INFO - DAG(s) 'random_numbers_workflow' retrieved from /opt/airflow/dags/prioritas_1(2).py
[2024-05-14T05:34:16.517+0000] {logging_mixin.py:188} INFO - [2024-05-14T05:34:16.517+0000] {dag.py:3096} INFO - Sync 1 DAGs
[2024-05-14T05:34:16.565+0000] {logging_mixin.py:188} INFO - [2024-05-14T05:34:16.564+0000] {dag.py:3954} INFO - Setting next_dagrun for random_numbers_workflow to 2024-05-14 00:00:00+00:00, run_after=2024-05-15 00:00:00+00:00
[2024-05-14T05:34:16.652+0000] {processor.py:183} INFO - Processing /opt/airflow/dags/prioritas_1(2).py took 0.248 seconds
[2024-05-14T06:07:44.221+0000] {processor.py:161} INFO - Started process (PID=9839) to work on /opt/airflow/dags/prioritas_1(2).py
[2024-05-14T06:07:44.244+0000] {processor.py:830} INFO - Processing file /opt/airflow/dags/prioritas_1(2).py for tasks to queue
[2024-05-14T06:07:44.255+0000] {logging_mixin.py:188} INFO - [2024-05-14T06:07:44.254+0000] {dagbag.py:545} INFO - Filling up the DagBag from /opt/airflow/dags/prioritas_1(2).py
[2024-05-14T06:07:44.565+0000] {processor.py:840} INFO - DAG(s) 'random_numbers_workflow' retrieved from /opt/airflow/dags/prioritas_1(2).py
[2024-05-14T06:07:44.689+0000] {logging_mixin.py:188} INFO - [2024-05-14T06:07:44.688+0000] {dag.py:3096} INFO - Sync 1 DAGs
[2024-05-14T06:07:44.836+0000] {logging_mixin.py:188} INFO - [2024-05-14T06:07:44.835+0000] {dag.py:3954} INFO - Setting next_dagrun for random_numbers_workflow to 2024-05-14 00:00:00+00:00, run_after=2024-05-15 00:00:00+00:00
[2024-05-14T06:07:45.142+0000] {processor.py:183} INFO - Processing /opt/airflow/dags/prioritas_1(2).py took 0.961 seconds
[2024-05-14T06:08:19.418+0000] {processor.py:161} INFO - Started process (PID=9921) to work on /opt/airflow/dags/prioritas_1(2).py
[2024-05-14T06:08:19.424+0000] {processor.py:830} INFO - Processing file /opt/airflow/dags/prioritas_1(2).py for tasks to queue
[2024-05-14T06:08:19.427+0000] {logging_mixin.py:188} INFO - [2024-05-14T06:08:19.426+0000] {dagbag.py:545} INFO - Filling up the DagBag from /opt/airflow/dags/prioritas_1(2).py
[2024-05-14T06:08:19.503+0000] {processor.py:840} INFO - DAG(s) 'random_numbers_workflow' retrieved from /opt/airflow/dags/prioritas_1(2).py
[2024-05-14T06:08:19.578+0000] {logging_mixin.py:188} INFO - [2024-05-14T06:08:19.577+0000] {dag.py:3096} INFO - Sync 1 DAGs
[2024-05-14T06:08:19.675+0000] {logging_mixin.py:188} INFO - [2024-05-14T06:08:19.674+0000] {dag.py:3954} INFO - Setting next_dagrun for random_numbers_workflow to 2024-05-14 00:00:00+00:00, run_after=2024-05-15 00:00:00+00:00
[2024-05-14T06:08:19.798+0000] {processor.py:183} INFO - Processing /opt/airflow/dags/prioritas_1(2).py took 0.407 seconds
[2024-05-14T06:08:55.348+0000] {processor.py:161} INFO - Started process (PID=10002) to work on /opt/airflow/dags/prioritas_1(2).py
[2024-05-14T06:08:55.350+0000] {processor.py:830} INFO - Processing file /opt/airflow/dags/prioritas_1(2).py for tasks to queue
[2024-05-14T06:08:55.352+0000] {logging_mixin.py:188} INFO - [2024-05-14T06:08:55.352+0000] {dagbag.py:545} INFO - Filling up the DagBag from /opt/airflow/dags/prioritas_1(2).py
[2024-05-14T06:08:55.471+0000] {processor.py:840} INFO - DAG(s) 'random_numbers_workflow' retrieved from /opt/airflow/dags/prioritas_1(2).py
[2024-05-14T06:08:55.571+0000] {logging_mixin.py:188} INFO - [2024-05-14T06:08:55.570+0000] {dag.py:3096} INFO - Sync 1 DAGs
[2024-05-14T06:08:55.671+0000] {logging_mixin.py:188} INFO - [2024-05-14T06:08:55.669+0000] {dag.py:3954} INFO - Setting next_dagrun for random_numbers_workflow to 2024-05-14 00:00:00+00:00, run_after=2024-05-15 00:00:00+00:00
[2024-05-14T06:08:55.772+0000] {processor.py:183} INFO - Processing /opt/airflow/dags/prioritas_1(2).py took 0.451 seconds
[2024-05-14T06:09:29.694+0000] {processor.py:161} INFO - Started process (PID=10073) to work on /opt/airflow/dags/prioritas_1(2).py
[2024-05-14T06:09:29.705+0000] {processor.py:830} INFO - Processing file /opt/airflow/dags/prioritas_1(2).py for tasks to queue
[2024-05-14T06:09:29.708+0000] {logging_mixin.py:188} INFO - [2024-05-14T06:09:29.707+0000] {dagbag.py:545} INFO - Filling up the DagBag from /opt/airflow/dags/prioritas_1(2).py
[2024-05-14T06:09:29.749+0000] {processor.py:840} INFO - DAG(s) 'random_numbers_workflow' retrieved from /opt/airflow/dags/prioritas_1(2).py
[2024-05-14T06:09:29.815+0000] {logging_mixin.py:188} INFO - [2024-05-14T06:09:29.815+0000] {dag.py:3096} INFO - Sync 1 DAGs
[2024-05-14T06:09:29.901+0000] {logging_mixin.py:188} INFO - [2024-05-14T06:09:29.899+0000] {dag.py:3954} INFO - Setting next_dagrun for random_numbers_workflow to 2024-05-14 00:00:00+00:00, run_after=2024-05-15 00:00:00+00:00
[2024-05-14T06:09:29.967+0000] {processor.py:183} INFO - Processing /opt/airflow/dags/prioritas_1(2).py took 0.294 seconds
[2024-05-14T06:10:06.080+0000] {processor.py:161} INFO - Started process (PID=10142) to work on /opt/airflow/dags/prioritas_1(2).py
[2024-05-14T06:10:06.082+0000] {processor.py:830} INFO - Processing file /opt/airflow/dags/prioritas_1(2).py for tasks to queue
[2024-05-14T06:10:06.109+0000] {logging_mixin.py:188} INFO - [2024-05-14T06:10:06.108+0000] {dagbag.py:545} INFO - Filling up the DagBag from /opt/airflow/dags/prioritas_1(2).py
[2024-05-14T06:10:06.290+0000] {processor.py:840} INFO - DAG(s) 'random_numbers_workflow' retrieved from /opt/airflow/dags/prioritas_1(2).py
[2024-05-14T06:10:06.380+0000] {logging_mixin.py:188} INFO - [2024-05-14T06:10:06.378+0000] {dag.py:3096} INFO - Sync 1 DAGs
[2024-05-14T06:10:06.485+0000] {logging_mixin.py:188} INFO - [2024-05-14T06:10:06.485+0000] {dag.py:3954} INFO - Setting next_dagrun for random_numbers_workflow to 2024-05-14 00:00:00+00:00, run_after=2024-05-15 00:00:00+00:00
[2024-05-14T06:10:06.535+0000] {processor.py:183} INFO - Processing /opt/airflow/dags/prioritas_1(2).py took 0.525 seconds
[2024-05-14T06:10:40.759+0000] {processor.py:161} INFO - Started process (PID=10225) to work on /opt/airflow/dags/prioritas_1(2).py
[2024-05-14T06:10:40.766+0000] {processor.py:830} INFO - Processing file /opt/airflow/dags/prioritas_1(2).py for tasks to queue
[2024-05-14T06:10:40.773+0000] {logging_mixin.py:188} INFO - [2024-05-14T06:10:40.772+0000] {dagbag.py:545} INFO - Filling up the DagBag from /opt/airflow/dags/prioritas_1(2).py
[2024-05-14T06:10:40.839+0000] {processor.py:840} INFO - DAG(s) 'random_numbers_workflow' retrieved from /opt/airflow/dags/prioritas_1(2).py
[2024-05-14T06:10:40.991+0000] {logging_mixin.py:188} INFO - [2024-05-14T06:10:40.990+0000] {dag.py:3096} INFO - Sync 1 DAGs
[2024-05-14T06:10:41.095+0000] {logging_mixin.py:188} INFO - [2024-05-14T06:10:41.095+0000] {dag.py:3954} INFO - Setting next_dagrun for random_numbers_workflow to 2024-05-14 00:00:00+00:00, run_after=2024-05-15 00:00:00+00:00
[2024-05-14T06:10:41.293+0000] {processor.py:183} INFO - Processing /opt/airflow/dags/prioritas_1(2).py took 0.545 seconds
[2024-05-14T06:11:17.387+0000] {processor.py:161} INFO - Started process (PID=10307) to work on /opt/airflow/dags/prioritas_1(2).py
[2024-05-14T06:11:17.394+0000] {processor.py:830} INFO - Processing file /opt/airflow/dags/prioritas_1(2).py for tasks to queue
[2024-05-14T06:11:17.396+0000] {logging_mixin.py:188} INFO - [2024-05-14T06:11:17.395+0000] {dagbag.py:545} INFO - Filling up the DagBag from /opt/airflow/dags/prioritas_1(2).py
[2024-05-14T06:11:17.461+0000] {processor.py:840} INFO - DAG(s) 'random_numbers_workflow' retrieved from /opt/airflow/dags/prioritas_1(2).py
[2024-05-14T06:11:17.526+0000] {logging_mixin.py:188} INFO - [2024-05-14T06:11:17.526+0000] {dag.py:3096} INFO - Sync 1 DAGs
[2024-05-14T06:11:17.602+0000] {logging_mixin.py:188} INFO - [2024-05-14T06:11:17.601+0000] {dag.py:3954} INFO - Setting next_dagrun for random_numbers_workflow to 2024-05-14 00:00:00+00:00, run_after=2024-05-15 00:00:00+00:00
[2024-05-14T06:11:17.746+0000] {processor.py:183} INFO - Processing /opt/airflow/dags/prioritas_1(2).py took 0.384 seconds
[2024-05-14T06:11:54.130+0000] {processor.py:161} INFO - Started process (PID=10402) to work on /opt/airflow/dags/prioritas_1(2).py
[2024-05-14T06:11:54.138+0000] {processor.py:830} INFO - Processing file /opt/airflow/dags/prioritas_1(2).py for tasks to queue
[2024-05-14T06:11:54.154+0000] {logging_mixin.py:188} INFO - [2024-05-14T06:11:54.153+0000] {dagbag.py:545} INFO - Filling up the DagBag from /opt/airflow/dags/prioritas_1(2).py
[2024-05-14T06:11:54.227+0000] {processor.py:840} INFO - DAG(s) 'random_numbers_workflow' retrieved from /opt/airflow/dags/prioritas_1(2).py
[2024-05-14T06:11:54.336+0000] {logging_mixin.py:188} INFO - [2024-05-14T06:11:54.335+0000] {dag.py:3096} INFO - Sync 1 DAGs
[2024-05-14T06:11:54.476+0000] {logging_mixin.py:188} INFO - [2024-05-14T06:11:54.476+0000] {dag.py:3954} INFO - Setting next_dagrun for random_numbers_workflow to 2024-05-14 00:00:00+00:00, run_after=2024-05-15 00:00:00+00:00
[2024-05-14T06:11:54.560+0000] {processor.py:183} INFO - Processing /opt/airflow/dags/prioritas_1(2).py took 0.445 seconds
[2024-05-14T06:12:29.101+0000] {processor.py:161} INFO - Started process (PID=10492) to work on /opt/airflow/dags/prioritas_1(2).py
[2024-05-14T06:12:29.111+0000] {processor.py:830} INFO - Processing file /opt/airflow/dags/prioritas_1(2).py for tasks to queue
[2024-05-14T06:12:29.115+0000] {logging_mixin.py:188} INFO - [2024-05-14T06:12:29.113+0000] {dagbag.py:545} INFO - Filling up the DagBag from /opt/airflow/dags/prioritas_1(2).py
[2024-05-14T06:12:29.380+0000] {processor.py:840} INFO - DAG(s) 'random_numbers_workflow' retrieved from /opt/airflow/dags/prioritas_1(2).py
[2024-05-14T06:12:29.499+0000] {logging_mixin.py:188} INFO - [2024-05-14T06:12:29.498+0000] {dag.py:3096} INFO - Sync 1 DAGs
[2024-05-14T06:12:29.637+0000] {logging_mixin.py:188} INFO - [2024-05-14T06:12:29.637+0000] {dag.py:3954} INFO - Setting next_dagrun for random_numbers_workflow to 2024-05-14 00:00:00+00:00, run_after=2024-05-15 00:00:00+00:00
[2024-05-14T06:12:29.733+0000] {processor.py:183} INFO - Processing /opt/airflow/dags/prioritas_1(2).py took 0.658 seconds
[2024-05-14T06:13:10.504+0000] {processor.py:161} INFO - Started process (PID=10556) to work on /opt/airflow/dags/prioritas_1(2).py
[2024-05-14T06:13:10.516+0000] {processor.py:830} INFO - Processing file /opt/airflow/dags/prioritas_1(2).py for tasks to queue
[2024-05-14T06:13:10.524+0000] {logging_mixin.py:188} INFO - [2024-05-14T06:13:10.521+0000] {dagbag.py:545} INFO - Filling up the DagBag from /opt/airflow/dags/prioritas_1(2).py
[2024-05-14T06:13:10.823+0000] {processor.py:840} INFO - DAG(s) 'random_numbers_workflow' retrieved from /opt/airflow/dags/prioritas_1(2).py
[2024-05-14T06:13:11.236+0000] {logging_mixin.py:188} INFO - [2024-05-14T06:13:11.235+0000] {dag.py:3096} INFO - Sync 1 DAGs
[2024-05-14T06:13:11.812+0000] {logging_mixin.py:188} INFO - [2024-05-14T06:13:11.809+0000] {dag.py:3954} INFO - Setting next_dagrun for random_numbers_workflow to 2024-05-14 00:00:00+00:00, run_after=2024-05-15 00:00:00+00:00
[2024-05-14T06:13:12.313+0000] {processor.py:183} INFO - Processing /opt/airflow/dags/prioritas_1(2).py took 1.987 seconds
[2024-05-14T06:13:48.762+0000] {processor.py:161} INFO - Started process (PID=10636) to work on /opt/airflow/dags/prioritas_1(2).py
[2024-05-14T06:13:48.765+0000] {processor.py:830} INFO - Processing file /opt/airflow/dags/prioritas_1(2).py for tasks to queue
[2024-05-14T06:13:48.773+0000] {logging_mixin.py:188} INFO - [2024-05-14T06:13:48.773+0000] {dagbag.py:545} INFO - Filling up the DagBag from /opt/airflow/dags/prioritas_1(2).py
[2024-05-14T06:13:48.963+0000] {processor.py:840} INFO - DAG(s) 'random_numbers_workflow' retrieved from /opt/airflow/dags/prioritas_1(2).py
[2024-05-14T06:13:49.097+0000] {logging_mixin.py:188} INFO - [2024-05-14T06:13:49.096+0000] {dag.py:3096} INFO - Sync 1 DAGs
[2024-05-14T06:13:49.209+0000] {logging_mixin.py:188} INFO - [2024-05-14T06:13:49.208+0000] {dag.py:3954} INFO - Setting next_dagrun for random_numbers_workflow to 2024-05-14 00:00:00+00:00, run_after=2024-05-15 00:00:00+00:00
[2024-05-14T06:13:49.374+0000] {processor.py:183} INFO - Processing /opt/airflow/dags/prioritas_1(2).py took 0.639 seconds
[2024-05-14T06:14:21.012+0000] {processor.py:161} INFO - Started process (PID=10730) to work on /opt/airflow/dags/prioritas_1(2).py
[2024-05-14T06:14:21.023+0000] {processor.py:830} INFO - Processing file /opt/airflow/dags/prioritas_1(2).py for tasks to queue
[2024-05-14T06:14:21.035+0000] {logging_mixin.py:188} INFO - [2024-05-14T06:14:21.032+0000] {dagbag.py:545} INFO - Filling up the DagBag from /opt/airflow/dags/prioritas_1(2).py
[2024-05-14T06:14:21.528+0000] {processor.py:840} INFO - DAG(s) 'random_numbers_workflow' retrieved from /opt/airflow/dags/prioritas_1(2).py
[2024-05-14T06:14:22.005+0000] {logging_mixin.py:188} INFO - [2024-05-14T06:14:22.000+0000] {dag.py:3096} INFO - Sync 1 DAGs
[2024-05-14T06:14:22.546+0000] {logging_mixin.py:188} INFO - [2024-05-14T06:14:22.540+0000] {dag.py:3954} INFO - Setting next_dagrun for random_numbers_workflow to 2024-05-14 00:00:00+00:00, run_after=2024-05-15 00:00:00+00:00
[2024-05-14T06:14:23.110+0000] {processor.py:183} INFO - Processing /opt/airflow/dags/prioritas_1(2).py took 2.181 seconds
[2024-05-14T06:15:01.426+0000] {processor.py:161} INFO - Started process (PID=10820) to work on /opt/airflow/dags/prioritas_1(2).py
[2024-05-14T06:15:01.445+0000] {processor.py:830} INFO - Processing file /opt/airflow/dags/prioritas_1(2).py for tasks to queue
[2024-05-14T06:15:01.474+0000] {logging_mixin.py:188} INFO - [2024-05-14T06:15:01.447+0000] {dagbag.py:545} INFO - Filling up the DagBag from /opt/airflow/dags/prioritas_1(2).py
[2024-05-14T06:15:01.639+0000] {processor.py:840} INFO - DAG(s) 'random_numbers_workflow' retrieved from /opt/airflow/dags/prioritas_1(2).py
[2024-05-14T06:15:01.727+0000] {logging_mixin.py:188} INFO - [2024-05-14T06:15:01.726+0000] {dag.py:3096} INFO - Sync 1 DAGs
[2024-05-14T06:15:01.852+0000] {logging_mixin.py:188} INFO - [2024-05-14T06:15:01.851+0000] {dag.py:3954} INFO - Setting next_dagrun for random_numbers_workflow to 2024-05-14 00:00:00+00:00, run_after=2024-05-15 00:00:00+00:00
[2024-05-14T06:15:02.029+0000] {processor.py:183} INFO - Processing /opt/airflow/dags/prioritas_1(2).py took 0.653 seconds
[2024-05-14T06:15:40.599+0000] {processor.py:161} INFO - Started process (PID=10898) to work on /opt/airflow/dags/prioritas_1(2).py
[2024-05-14T06:15:40.606+0000] {processor.py:830} INFO - Processing file /opt/airflow/dags/prioritas_1(2).py for tasks to queue
[2024-05-14T06:15:40.612+0000] {logging_mixin.py:188} INFO - [2024-05-14T06:15:40.612+0000] {dagbag.py:545} INFO - Filling up the DagBag from /opt/airflow/dags/prioritas_1(2).py
[2024-05-14T06:15:40.727+0000] {processor.py:840} INFO - DAG(s) 'random_numbers_workflow' retrieved from /opt/airflow/dags/prioritas_1(2).py
[2024-05-14T06:15:41.081+0000] {logging_mixin.py:188} INFO - [2024-05-14T06:15:41.079+0000] {dag.py:3096} INFO - Sync 1 DAGs
[2024-05-14T06:15:42.104+0000] {logging_mixin.py:188} INFO - [2024-05-14T06:15:42.102+0000] {dag.py:3954} INFO - Setting next_dagrun for random_numbers_workflow to 2024-05-14 00:00:00+00:00, run_after=2024-05-15 00:00:00+00:00
[2024-05-14T06:15:43.053+0000] {processor.py:183} INFO - Processing /opt/airflow/dags/prioritas_1(2).py took 2.490 seconds
[2024-05-14T06:16:14.007+0000] {processor.py:161} INFO - Started process (PID=10972) to work on /opt/airflow/dags/prioritas_1(2).py
[2024-05-14T06:16:14.027+0000] {processor.py:830} INFO - Processing file /opt/airflow/dags/prioritas_1(2).py for tasks to queue
[2024-05-14T06:16:14.061+0000] {logging_mixin.py:188} INFO - [2024-05-14T06:16:14.048+0000] {dagbag.py:545} INFO - Filling up the DagBag from /opt/airflow/dags/prioritas_1(2).py
[2024-05-14T06:16:16.030+0000] {processor.py:840} INFO - DAG(s) 'random_numbers_workflow' retrieved from /opt/airflow/dags/prioritas_1(2).py
[2024-05-14T06:16:16.277+0000] {logging_mixin.py:188} INFO - [2024-05-14T06:16:16.276+0000] {dag.py:3096} INFO - Sync 1 DAGs
[2024-05-14T06:16:16.419+0000] {logging_mixin.py:188} INFO - [2024-05-14T06:16:16.419+0000] {dag.py:3954} INFO - Setting next_dagrun for random_numbers_workflow to 2024-05-14 00:00:00+00:00, run_after=2024-05-15 00:00:00+00:00
[2024-05-14T06:16:16.660+0000] {processor.py:183} INFO - Processing /opt/airflow/dags/prioritas_1(2).py took 2.664 seconds
[2024-05-14T06:16:47.141+0000] {processor.py:161} INFO - Started process (PID=11063) to work on /opt/airflow/dags/prioritas_1(2).py
[2024-05-14T06:16:47.143+0000] {processor.py:830} INFO - Processing file /opt/airflow/dags/prioritas_1(2).py for tasks to queue
[2024-05-14T06:16:47.145+0000] {logging_mixin.py:188} INFO - [2024-05-14T06:16:47.145+0000] {dagbag.py:545} INFO - Filling up the DagBag from /opt/airflow/dags/prioritas_1(2).py
[2024-05-14T06:16:47.201+0000] {processor.py:840} INFO - DAG(s) 'random_numbers_workflow' retrieved from /opt/airflow/dags/prioritas_1(2).py
[2024-05-14T06:16:47.307+0000] {logging_mixin.py:188} INFO - [2024-05-14T06:16:47.306+0000] {dag.py:3096} INFO - Sync 1 DAGs
[2024-05-14T06:16:47.394+0000] {logging_mixin.py:188} INFO - [2024-05-14T06:16:47.394+0000] {dag.py:3954} INFO - Setting next_dagrun for random_numbers_workflow to 2024-05-14 00:00:00+00:00, run_after=2024-05-15 00:00:00+00:00
[2024-05-14T06:16:47.544+0000] {processor.py:183} INFO - Processing /opt/airflow/dags/prioritas_1(2).py took 0.414 seconds
[2024-05-14T06:17:17.703+0000] {processor.py:161} INFO - Started process (PID=11198) to work on /opt/airflow/dags/prioritas_1(2).py
[2024-05-14T06:17:17.705+0000] {processor.py:830} INFO - Processing file /opt/airflow/dags/prioritas_1(2).py for tasks to queue
[2024-05-14T06:17:17.707+0000] {logging_mixin.py:188} INFO - [2024-05-14T06:17:17.707+0000] {dagbag.py:545} INFO - Filling up the DagBag from /opt/airflow/dags/prioritas_1(2).py
[2024-05-14T06:17:17.754+0000] {processor.py:840} INFO - DAG(s) 'random_numbers_workflow' retrieved from /opt/airflow/dags/prioritas_1(2).py
[2024-05-14T06:17:17.820+0000] {logging_mixin.py:188} INFO - [2024-05-14T06:17:17.819+0000] {dag.py:3096} INFO - Sync 1 DAGs
[2024-05-14T06:17:17.892+0000] {logging_mixin.py:188} INFO - [2024-05-14T06:17:17.891+0000] {dag.py:3954} INFO - Setting next_dagrun for random_numbers_workflow to 2024-05-14 00:00:00+00:00, run_after=2024-05-15 00:00:00+00:00
[2024-05-14T06:17:18.206+0000] {processor.py:183} INFO - Processing /opt/airflow/dags/prioritas_1(2).py took 0.526 seconds
[2024-05-14T06:17:48.392+0000] {processor.py:161} INFO - Started process (PID=11286) to work on /opt/airflow/dags/prioritas_1(2).py
[2024-05-14T06:17:48.393+0000] {processor.py:830} INFO - Processing file /opt/airflow/dags/prioritas_1(2).py for tasks to queue
[2024-05-14T06:17:48.395+0000] {logging_mixin.py:188} INFO - [2024-05-14T06:17:48.395+0000] {dagbag.py:545} INFO - Filling up the DagBag from /opt/airflow/dags/prioritas_1(2).py
[2024-05-14T06:17:48.426+0000] {processor.py:840} INFO - DAG(s) 'random_numbers_workflow' retrieved from /opt/airflow/dags/prioritas_1(2).py
[2024-05-14T06:17:48.459+0000] {logging_mixin.py:188} INFO - [2024-05-14T06:17:48.459+0000] {dag.py:3096} INFO - Sync 1 DAGs
[2024-05-14T06:17:48.504+0000] {logging_mixin.py:188} INFO - [2024-05-14T06:17:48.503+0000] {dag.py:3954} INFO - Setting next_dagrun for random_numbers_workflow to 2024-05-14 00:00:00+00:00, run_after=2024-05-15 00:00:00+00:00
[2024-05-14T06:17:48.532+0000] {processor.py:183} INFO - Processing /opt/airflow/dags/prioritas_1(2).py took 0.150 seconds
