[2024-05-14T05:31:33.815+0000] {local_task_job_runner.py:120} INFO - ::group::Pre task execution logs
[2024-05-14T05:31:33.996+0000] {taskinstance.py:2076} INFO - Dependencies all met for dep_context=non-requeueable deps ti=<TaskInstance: tugas_workflow_v1.task_1 scheduled__2024-01-29T00:00:00+00:00 [queued]>
[2024-05-14T05:31:34.043+0000] {taskinstance.py:2076} INFO - Dependencies all met for dep_context=requeueable deps ti=<TaskInstance: tugas_workflow_v1.task_1 scheduled__2024-01-29T00:00:00+00:00 [queued]>
[2024-05-14T05:31:34.045+0000] {taskinstance.py:2306} INFO - Starting attempt 1 of 6
[2024-05-14T05:31:34.107+0000] {taskinstance.py:2330} INFO - Executing <Task(BashOperator): task_1> on 2024-01-29 00:00:00+00:00
[2024-05-14T05:31:34.148+0000] {warnings.py:110} WARNING - /home/***/.local/lib/python3.12/site-packages/***/task/task_runner/standard_task_runner.py:61: DeprecationWarning: This process (pid=4627) is multi-threaded, use of fork() may lead to deadlocks in the child.
  pid = os.fork()

[2024-05-14T05:31:34.181+0000] {standard_task_runner.py:63} INFO - Started process 4661 to run task
[2024-05-14T05:31:34.188+0000] {standard_task_runner.py:90} INFO - Running: ['***', 'tasks', 'run', 'tugas_workflow_v1', 'task_1', 'scheduled__2024-01-29T00:00:00+00:00', '--job-id', '905', '--raw', '--subdir', 'DAGS_FOLDER/__pycache__/prioritas_1.py', '--cfg-path', '/tmp/tmpbdebnrkz']
[2024-05-14T05:31:34.205+0000] {standard_task_runner.py:91} INFO - Job 905: Subtask task_1
[2024-05-14T05:31:34.594+0000] {task_command.py:426} INFO - Running <TaskInstance: tugas_workflow_v1.task_1 scheduled__2024-01-29T00:00:00+00:00 [running]> on host 0391a550332e
[2024-05-14T05:31:35.334+0000] {taskinstance.py:2648} INFO - Exporting env vars: AIRFLOW_CTX_DAG_OWNER='sinta' AIRFLOW_CTX_DAG_ID='tugas_workflow_v1' AIRFLOW_CTX_TASK_ID='task_1' AIRFLOW_CTX_EXECUTION_DATE='2024-01-29T00:00:00+00:00' AIRFLOW_CTX_TRY_NUMBER='1' AIRFLOW_CTX_DAG_RUN_ID='scheduled__2024-01-29T00:00:00+00:00'
[2024-05-14T05:31:35.374+0000] {taskinstance.py:430} INFO - ::endgroup::
[2024-05-14T05:31:35.379+0000] {subprocess.py:63} INFO - Tmp dir root location: /tmp
[2024-05-14T05:31:35.387+0000] {subprocess.py:75} INFO - Running command: ['/usr/bin/bash', '-c', 'echo hello ***']
[2024-05-14T05:31:35.615+0000] {subprocess.py:86} INFO - Output:
[2024-05-14T05:31:35.642+0000] {subprocess.py:93} INFO - hello ***
[2024-05-14T05:31:35.643+0000] {subprocess.py:97} INFO - Command exited with return code 0
[2024-05-14T05:31:35.645+0000] {taskinstance.py:441} INFO - ::group::Post task execution logs
[2024-05-14T05:31:35.748+0000] {taskinstance.py:1206} INFO - Marking task as SUCCESS. dag_id=tugas_workflow_v1, task_id=task_1, run_id=scheduled__2024-01-29T00:00:00+00:00, execution_date=20240129T000000, start_date=20240514T053134, end_date=20240514T053135
[2024-05-14T05:31:35.873+0000] {local_task_job_runner.py:240} INFO - Task exited with return code 0
[2024-05-14T05:31:35.943+0000] {taskinstance.py:3498} INFO - 2 downstream tasks scheduled from follow-on schedule check
[2024-05-14T05:31:35.961+0000] {local_task_job_runner.py:222} INFO - ::endgroup::
