[2024-05-14T05:06:11.373+0000] {local_task_job_runner.py:120} INFO - ::group::Pre task execution logs
[2024-05-14T05:06:11.414+0000] {taskinstance.py:2076} INFO - Dependencies all met for dep_context=non-requeueable deps ti=<TaskInstance: tugas_workflow_v1.task_4 manual__2024-05-14T05:05:01.599354+00:00 [queued]>
[2024-05-14T05:06:11.432+0000] {taskinstance.py:2076} INFO - Dependencies all met for dep_context=requeueable deps ti=<TaskInstance: tugas_workflow_v1.task_4 manual__2024-05-14T05:05:01.599354+00:00 [queued]>
[2024-05-14T05:06:11.434+0000] {taskinstance.py:2306} INFO - Starting attempt 1 of 6
[2024-05-14T05:06:11.461+0000] {taskinstance.py:2330} INFO - Executing <Task(BashOperator): task_4> on 2024-05-14 05:05:01.599354+00:00
[2024-05-14T05:06:11.477+0000] {warnings.py:110} WARNING - /home/***/.local/lib/python3.12/site-packages/***/task/task_runner/standard_task_runner.py:61: DeprecationWarning: This process (pid=894) is multi-threaded, use of fork() may lead to deadlocks in the child.
  pid = os.fork()

[2024-05-14T05:06:11.479+0000] {standard_task_runner.py:63} INFO - Started process 916 to run task
[2024-05-14T05:06:11.480+0000] {standard_task_runner.py:90} INFO - Running: ['***', 'tasks', 'run', 'tugas_workflow_v1', 'task_4', 'manual__2024-05-14T05:05:01.599354+00:00', '--job-id', '86', '--raw', '--subdir', 'DAGS_FOLDER/__pycache__/prioritas_1.py', '--cfg-path', '/tmp/tmp3owbah3o']
[2024-05-14T05:06:11.486+0000] {standard_task_runner.py:91} INFO - Job 86: Subtask task_4
[2024-05-14T05:06:11.573+0000] {task_command.py:426} INFO - Running <TaskInstance: tugas_workflow_v1.task_4 manual__2024-05-14T05:05:01.599354+00:00 [running]> on host 0391a550332e
[2024-05-14T05:06:11.723+0000] {taskinstance.py:2648} INFO - Exporting env vars: AIRFLOW_CTX_DAG_OWNER='sinta' AIRFLOW_CTX_DAG_ID='tugas_workflow_v1' AIRFLOW_CTX_TASK_ID='task_4' AIRFLOW_CTX_EXECUTION_DATE='2024-05-14T05:05:01.599354+00:00' AIRFLOW_CTX_TRY_NUMBER='1' AIRFLOW_CTX_DAG_RUN_ID='manual__2024-05-14T05:05:01.599354+00:00'
[2024-05-14T05:06:11.725+0000] {taskinstance.py:430} INFO - ::endgroup::
[2024-05-14T05:06:11.726+0000] {subprocess.py:63} INFO - Tmp dir root location: /tmp
[2024-05-14T05:06:11.727+0000] {subprocess.py:75} INFO - Running command: ['/usr/bin/bash', '-c', 'touch about_us/about.txt']
[2024-05-14T05:06:11.749+0000] {subprocess.py:86} INFO - Output:
[2024-05-14T05:06:11.753+0000] {subprocess.py:93} INFO - touch: cannot touch 'about_us/about.txt': No such file or directory
[2024-05-14T05:06:11.754+0000] {subprocess.py:97} INFO - Command exited with return code 1
[2024-05-14T05:06:11.755+0000] {taskinstance.py:441} INFO - ::group::Post task execution logs
[2024-05-14T05:06:11.773+0000] {taskinstance.py:2905} ERROR - Task failed with exception
Traceback (most recent call last):
  File "/home/airflow/.local/lib/python3.12/site-packages/airflow/models/taskinstance.py", line 465, in _execute_task
    result = _execute_callable(context=context, **execute_callable_kwargs)
             ^^^^^^^^^^^^^^^^^^^^^^^^^^^^^^^^^^^^^^^^^^^^^^^^^^^^^^^^^^^^^
  File "/home/airflow/.local/lib/python3.12/site-packages/airflow/models/taskinstance.py", line 432, in _execute_callable
    return execute_callable(context=context, **execute_callable_kwargs)
           ^^^^^^^^^^^^^^^^^^^^^^^^^^^^^^^^^^^^^^^^^^^^^^^^^^^^^^^^^^^^
  File "/home/airflow/.local/lib/python3.12/site-packages/airflow/models/baseoperator.py", line 400, in wrapper
    return func(self, *args, **kwargs)
           ^^^^^^^^^^^^^^^^^^^^^^^^^^^
  File "/home/airflow/.local/lib/python3.12/site-packages/airflow/operators/bash.py", line 243, in execute
    raise AirflowException(
airflow.exceptions.AirflowException: Bash command failed. The command returned a non-zero exit code 1.
[2024-05-14T05:06:11.778+0000] {taskinstance.py:1206} INFO - Marking task as UP_FOR_RETRY. dag_id=tugas_workflow_v1, task_id=task_4, run_id=manual__2024-05-14T05:05:01.599354+00:00, execution_date=20240514T050501, start_date=20240514T050611, end_date=20240514T050611
[2024-05-14T05:06:11.800+0000] {standard_task_runner.py:110} ERROR - Failed to execute job 86 for task task_4 (Bash command failed. The command returned a non-zero exit code 1.; 916)
[2024-05-14T05:06:11.899+0000] {local_task_job_runner.py:240} INFO - Task exited with return code 1
[2024-05-14T05:06:11.934+0000] {taskinstance.py:3498} INFO - 0 downstream tasks scheduled from follow-on schedule check
[2024-05-14T05:06:11.937+0000] {local_task_job_runner.py:222} INFO - ::endgroup::
