[2024-05-14T05:29:19.732+0000] {local_task_job_runner.py:120} INFO - ::group::Pre task execution logs
[2024-05-14T05:29:19.847+0000] {taskinstance.py:2076} INFO - Dependencies all met for dep_context=non-requeueable deps ti=<TaskInstance: tugas_workflow_v1.task_1 scheduled__2023-12-30T00:00:00+00:00 [queued]>
[2024-05-14T05:29:19.876+0000] {taskinstance.py:2076} INFO - Dependencies all met for dep_context=requeueable deps ti=<TaskInstance: tugas_workflow_v1.task_1 scheduled__2023-12-30T00:00:00+00:00 [queued]>
[2024-05-14T05:29:19.878+0000] {taskinstance.py:2306} INFO - Starting attempt 1 of 6
[2024-05-14T05:29:20.322+0000] {taskinstance.py:2330} INFO - Executing <Task(BashOperator): task_1> on 2023-12-30 00:00:00+00:00
[2024-05-14T05:29:20.339+0000] {warnings.py:110} WARNING - /home/***/.local/lib/python3.12/site-packages/***/task/task_runner/standard_task_runner.py:61: DeprecationWarning: This process (pid=3775) is multi-threaded, use of fork() may lead to deadlocks in the child.
  pid = os.fork()

[2024-05-14T05:29:20.352+0000] {standard_task_runner.py:63} INFO - Started process 3821 to run task
[2024-05-14T05:29:20.360+0000] {standard_task_runner.py:90} INFO - Running: ['***', 'tasks', 'run', 'tugas_workflow_v1', 'task_1', 'scheduled__2023-12-30T00:00:00+00:00', '--job-id', '716', '--raw', '--subdir', 'DAGS_FOLDER/__pycache__/prioritas_1.py', '--cfg-path', '/tmp/tmpzq1z1vv0']
[2024-05-14T05:29:20.411+0000] {standard_task_runner.py:91} INFO - Job 716: Subtask task_1
[2024-05-14T05:29:20.572+0000] {task_command.py:426} INFO - Running <TaskInstance: tugas_workflow_v1.task_1 scheduled__2023-12-30T00:00:00+00:00 [running]> on host 0391a550332e
[2024-05-14T05:29:20.937+0000] {taskinstance.py:2648} INFO - Exporting env vars: AIRFLOW_CTX_DAG_OWNER='sinta' AIRFLOW_CTX_DAG_ID='tugas_workflow_v1' AIRFLOW_CTX_TASK_ID='task_1' AIRFLOW_CTX_EXECUTION_DATE='2023-12-30T00:00:00+00:00' AIRFLOW_CTX_TRY_NUMBER='1' AIRFLOW_CTX_DAG_RUN_ID='scheduled__2023-12-30T00:00:00+00:00'
[2024-05-14T05:29:20.943+0000] {taskinstance.py:430} INFO - ::endgroup::
[2024-05-14T05:29:20.946+0000] {subprocess.py:63} INFO - Tmp dir root location: /tmp
[2024-05-14T05:29:20.950+0000] {subprocess.py:75} INFO - Running command: ['/usr/bin/bash', '-c', 'echo hello ***']
[2024-05-14T05:29:21.105+0000] {subprocess.py:86} INFO - Output:
[2024-05-14T05:29:21.142+0000] {subprocess.py:93} INFO - hello ***
[2024-05-14T05:29:21.146+0000] {subprocess.py:97} INFO - Command exited with return code 0
[2024-05-14T05:29:21.147+0000] {taskinstance.py:441} INFO - ::group::Post task execution logs
[2024-05-14T05:29:21.312+0000] {taskinstance.py:1206} INFO - Marking task as SUCCESS. dag_id=tugas_workflow_v1, task_id=task_1, run_id=scheduled__2023-12-30T00:00:00+00:00, execution_date=20231230T000000, start_date=20240514T052919, end_date=20240514T052921
[2024-05-14T05:29:21.518+0000] {local_task_job_runner.py:240} INFO - Task exited with return code 0
[2024-05-14T05:29:21.627+0000] {taskinstance.py:3498} INFO - 2 downstream tasks scheduled from follow-on schedule check
[2024-05-14T05:29:21.654+0000] {local_task_job_runner.py:222} INFO - ::endgroup::
