[2024-05-14T05:28:21.818+0000] {local_task_job_runner.py:120} INFO - ::group::Pre task execution logs
[2024-05-14T05:28:21.889+0000] {taskinstance.py:2076} INFO - Dependencies all met for dep_context=non-requeueable deps ti=<TaskInstance: tugas_workflow_v1.task_2 scheduled__2023-12-12T00:00:00+00:00 [queued]>
[2024-05-14T05:28:21.918+0000] {taskinstance.py:2076} INFO - Dependencies all met for dep_context=requeueable deps ti=<TaskInstance: tugas_workflow_v1.task_2 scheduled__2023-12-12T00:00:00+00:00 [queued]>
[2024-05-14T05:28:21.935+0000] {taskinstance.py:2306} INFO - Starting attempt 1 of 6
[2024-05-14T05:28:21.990+0000] {taskinstance.py:2330} INFO - Executing <Task(BashOperator): task_2> on 2023-12-12 00:00:00+00:00
[2024-05-14T05:28:22.023+0000] {warnings.py:110} WARNING - /home/***/.local/lib/python3.12/site-packages/***/task/task_runner/standard_task_runner.py:61: DeprecationWarning: This process (pid=3411) is multi-threaded, use of fork() may lead to deadlocks in the child.
  pid = os.fork()

[2024-05-14T05:28:22.049+0000] {standard_task_runner.py:90} INFO - Running: ['***', 'tasks', 'run', 'tugas_workflow_v1', 'task_2', 'scheduled__2023-12-12T00:00:00+00:00', '--job-id', '637', '--raw', '--subdir', 'DAGS_FOLDER/__pycache__/prioritas_1.py', '--cfg-path', '/tmp/tmp8aqobsf_']
[2024-05-14T05:28:22.066+0000] {standard_task_runner.py:91} INFO - Job 637: Subtask task_2
[2024-05-14T05:28:22.063+0000] {standard_task_runner.py:63} INFO - Started process 3460 to run task
[2024-05-14T05:28:22.211+0000] {task_command.py:426} INFO - Running <TaskInstance: tugas_workflow_v1.task_2 scheduled__2023-12-12T00:00:00+00:00 [running]> on host 0391a550332e
[2024-05-14T05:28:22.633+0000] {taskinstance.py:2648} INFO - Exporting env vars: AIRFLOW_CTX_DAG_OWNER='sinta' AIRFLOW_CTX_DAG_ID='tugas_workflow_v1' AIRFLOW_CTX_TASK_ID='task_2' AIRFLOW_CTX_EXECUTION_DATE='2023-12-12T00:00:00+00:00' AIRFLOW_CTX_TRY_NUMBER='1' AIRFLOW_CTX_DAG_RUN_ID='scheduled__2023-12-12T00:00:00+00:00'
[2024-05-14T05:28:22.636+0000] {taskinstance.py:430} INFO - ::endgroup::
[2024-05-14T05:28:22.638+0000] {subprocess.py:63} INFO - Tmp dir root location: /tmp
[2024-05-14T05:28:22.640+0000] {subprocess.py:75} INFO - Running command: ['/usr/bin/bash', '-c', 'mkdir -p about_us']
[2024-05-14T05:28:22.698+0000] {subprocess.py:86} INFO - Output:
[2024-05-14T05:28:22.708+0000] {subprocess.py:97} INFO - Command exited with return code 0
[2024-05-14T05:28:22.710+0000] {taskinstance.py:441} INFO - ::group::Post task execution logs
[2024-05-14T05:28:22.850+0000] {taskinstance.py:1206} INFO - Marking task as SUCCESS. dag_id=tugas_workflow_v1, task_id=task_2, run_id=scheduled__2023-12-12T00:00:00+00:00, execution_date=20231212T000000, start_date=20240514T052821, end_date=20240514T052822
[2024-05-14T05:28:22.919+0000] {local_task_job_runner.py:240} INFO - Task exited with return code 0
[2024-05-14T05:28:23.109+0000] {taskinstance.py:3498} INFO - 1 downstream tasks scheduled from follow-on schedule check
[2024-05-14T05:28:23.118+0000] {local_task_job_runner.py:222} INFO - ::endgroup::
