[2024-05-14T06:16:02.414+0000] {local_task_job_runner.py:120} INFO - ::group::Pre task execution logs
[2024-05-14T06:16:04.221+0000] {taskinstance.py:2076} INFO - Dependencies all met for dep_context=non-requeueable deps ti=<TaskInstance: tugas_workflow_v1.task_6 scheduled__2024-04-12T00:00:00+00:00 [queued]>
[2024-05-14T06:16:04.356+0000] {taskinstance.py:2076} INFO - Dependencies all met for dep_context=requeueable deps ti=<TaskInstance: tugas_workflow_v1.task_6 scheduled__2024-04-12T00:00:00+00:00 [queued]>
[2024-05-14T06:16:04.369+0000] {taskinstance.py:2306} INFO - Starting attempt 1 of 6
[2024-05-14T06:16:04.463+0000] {taskinstance.py:2330} INFO - Executing <Task(BashOperator): task_6> on 2024-04-12 00:00:00+00:00
[2024-05-14T06:16:04.519+0000] {warnings.py:110} WARNING - /home/***/.local/lib/python3.12/site-packages/***/task/task_runner/standard_task_runner.py:61: DeprecationWarning: This process (pid=7115) is multi-threaded, use of fork() may lead to deadlocks in the child.
  pid = os.fork()

[2024-05-14T06:16:04.529+0000] {standard_task_runner.py:63} INFO - Started process 7142 to run task
[2024-05-14T06:16:04.539+0000] {standard_task_runner.py:90} INFO - Running: ['***', 'tasks', 'run', 'tugas_workflow_v1', 'task_6', 'scheduled__2024-04-12T00:00:00+00:00', '--job-id', '1455', '--raw', '--subdir', 'DAGS_FOLDER/__pycache__/prioritas_1.py', '--cfg-path', '/tmp/tmpsycy11ay']
[2024-05-14T06:16:04.561+0000] {standard_task_runner.py:91} INFO - Job 1455: Subtask task_6
[2024-05-14T06:16:04.949+0000] {task_command.py:426} INFO - Running <TaskInstance: tugas_workflow_v1.task_6 scheduled__2024-04-12T00:00:00+00:00 [running]> on host 0391a550332e
[2024-05-14T06:16:07.240+0000] {taskinstance.py:2648} INFO - Exporting env vars: AIRFLOW_CTX_DAG_OWNER='sinta' AIRFLOW_CTX_DAG_ID='tugas_workflow_v1' AIRFLOW_CTX_TASK_ID='task_6' AIRFLOW_CTX_EXECUTION_DATE='2024-04-12T00:00:00+00:00' AIRFLOW_CTX_TRY_NUMBER='1' AIRFLOW_CTX_DAG_RUN_ID='scheduled__2024-04-12T00:00:00+00:00'
[2024-05-14T06:16:07.254+0000] {taskinstance.py:430} INFO - ::endgroup::
[2024-05-14T06:16:07.271+0000] {subprocess.py:63} INFO - Tmp dir root location: /tmp
[2024-05-14T06:16:07.273+0000] {subprocess.py:75} INFO - Running command: ['/usr/bin/bash', '-c', 'echo "done!"']
[2024-05-14T06:16:07.335+0000] {subprocess.py:86} INFO - Output:
[2024-05-14T06:16:07.337+0000] {subprocess.py:93} INFO - done!
[2024-05-14T06:16:07.341+0000] {subprocess.py:97} INFO - Command exited with return code 0
[2024-05-14T06:16:07.343+0000] {taskinstance.py:441} INFO - ::group::Post task execution logs
[2024-05-14T06:16:07.473+0000] {taskinstance.py:1206} INFO - Marking task as SUCCESS. dag_id=tugas_workflow_v1, task_id=task_6, run_id=scheduled__2024-04-12T00:00:00+00:00, execution_date=20240412T000000, start_date=20240514T061604, end_date=20240514T061607
[2024-05-14T06:16:07.543+0000] {local_task_job_runner.py:240} INFO - Task exited with return code 0
[2024-05-14T06:16:07.572+0000] {local_task_job_runner.py:222} INFO - ::endgroup::
