[2024-05-14T05:27:04.781+0000] {local_task_job_runner.py:120} INFO - ::group::Pre task execution logs
[2024-05-14T05:27:04.805+0000] {taskinstance.py:2076} INFO - Dependencies all met for dep_context=non-requeueable deps ti=<TaskInstance: tugas_workflow_v1.task_1 scheduled__2023-11-24T00:00:00+00:00 [queued]>
[2024-05-14T05:27:04.815+0000] {taskinstance.py:2076} INFO - Dependencies all met for dep_context=requeueable deps ti=<TaskInstance: tugas_workflow_v1.task_1 scheduled__2023-11-24T00:00:00+00:00 [queued]>
[2024-05-14T05:27:04.817+0000] {taskinstance.py:2306} INFO - Starting attempt 1 of 6
[2024-05-14T05:27:04.833+0000] {taskinstance.py:2330} INFO - Executing <Task(BashOperator): task_1> on 2023-11-24 00:00:00+00:00
[2024-05-14T05:27:04.842+0000] {warnings.py:110} WARNING - /home/***/.local/lib/python3.12/site-packages/***/task/task_runner/standard_task_runner.py:61: DeprecationWarning: This process (pid=2786) is multi-threaded, use of fork() may lead to deadlocks in the child.
  pid = os.fork()

[2024-05-14T05:27:04.844+0000] {standard_task_runner.py:63} INFO - Started process 2794 to run task
[2024-05-14T05:27:04.844+0000] {standard_task_runner.py:90} INFO - Running: ['***', 'tasks', 'run', 'tugas_workflow_v1', 'task_1', 'scheduled__2023-11-24T00:00:00+00:00', '--job-id', '491', '--raw', '--subdir', 'DAGS_FOLDER/__pycache__/prioritas_1.py', '--cfg-path', '/tmp/tmpefgabcdw']
[2024-05-14T05:27:04.847+0000] {standard_task_runner.py:91} INFO - Job 491: Subtask task_1
[2024-05-14T05:27:04.907+0000] {task_command.py:426} INFO - Running <TaskInstance: tugas_workflow_v1.task_1 scheduled__2023-11-24T00:00:00+00:00 [running]> on host 0391a550332e
[2024-05-14T05:27:05.046+0000] {taskinstance.py:2648} INFO - Exporting env vars: AIRFLOW_CTX_DAG_OWNER='sinta' AIRFLOW_CTX_DAG_ID='tugas_workflow_v1' AIRFLOW_CTX_TASK_ID='task_1' AIRFLOW_CTX_EXECUTION_DATE='2023-11-24T00:00:00+00:00' AIRFLOW_CTX_TRY_NUMBER='1' AIRFLOW_CTX_DAG_RUN_ID='scheduled__2023-11-24T00:00:00+00:00'
[2024-05-14T05:27:05.053+0000] {taskinstance.py:430} INFO - ::endgroup::
[2024-05-14T05:27:05.055+0000] {subprocess.py:63} INFO - Tmp dir root location: /tmp
[2024-05-14T05:27:05.056+0000] {subprocess.py:75} INFO - Running command: ['/usr/bin/bash', '-c', 'echo hello ***']
[2024-05-14T05:27:05.072+0000] {subprocess.py:86} INFO - Output:
[2024-05-14T05:27:05.074+0000] {subprocess.py:93} INFO - hello ***
[2024-05-14T05:27:05.075+0000] {subprocess.py:97} INFO - Command exited with return code 0
[2024-05-14T05:27:05.076+0000] {taskinstance.py:441} INFO - ::group::Post task execution logs
[2024-05-14T05:27:05.105+0000] {taskinstance.py:1206} INFO - Marking task as SUCCESS. dag_id=tugas_workflow_v1, task_id=task_1, run_id=scheduled__2023-11-24T00:00:00+00:00, execution_date=20231124T000000, start_date=20240514T052704, end_date=20240514T052705
[2024-05-14T05:27:05.139+0000] {local_task_job_runner.py:240} INFO - Task exited with return code 0
[2024-05-14T05:27:05.151+0000] {local_task_job_runner.py:222} INFO - ::endgroup::
