[2024-05-14T05:28:36.715+0000] {local_task_job_runner.py:120} INFO - ::group::Pre task execution logs
[2024-05-14T05:28:36.825+0000] {taskinstance.py:2076} INFO - Dependencies all met for dep_context=non-requeueable deps ti=<TaskInstance: tugas_workflow_v1.task_4 scheduled__2023-12-09T00:00:00+00:00 [queued]>
[2024-05-14T05:28:36.922+0000] {taskinstance.py:2076} INFO - Dependencies all met for dep_context=requeueable deps ti=<TaskInstance: tugas_workflow_v1.task_4 scheduled__2023-12-09T00:00:00+00:00 [queued]>
[2024-05-14T05:28:36.937+0000] {taskinstance.py:2306} INFO - Starting attempt 1 of 6
[2024-05-14T05:28:37.062+0000] {taskinstance.py:2330} INFO - Executing <Task(BashOperator): task_4> on 2023-12-09 00:00:00+00:00
[2024-05-14T05:28:37.091+0000] {warnings.py:110} WARNING - /home/***/.local/lib/python3.12/site-packages/***/task/task_runner/standard_task_runner.py:61: DeprecationWarning: This process (pid=3506) is multi-threaded, use of fork() may lead to deadlocks in the child.
  pid = os.fork()

[2024-05-14T05:28:37.176+0000] {standard_task_runner.py:63} INFO - Started process 3576 to run task
[2024-05-14T05:28:37.127+0000] {standard_task_runner.py:90} INFO - Running: ['***', 'tasks', 'run', 'tugas_workflow_v1', 'task_4', 'scheduled__2023-12-09T00:00:00+00:00', '--job-id', '663', '--raw', '--subdir', 'DAGS_FOLDER/__pycache__/prioritas_1.py', '--cfg-path', '/tmp/tmpjdxau70y']
[2024-05-14T05:28:37.184+0000] {standard_task_runner.py:91} INFO - Job 663: Subtask task_4
[2024-05-14T05:28:37.561+0000] {task_command.py:426} INFO - Running <TaskInstance: tugas_workflow_v1.task_4 scheduled__2023-12-09T00:00:00+00:00 [running]> on host 0391a550332e
[2024-05-14T05:28:38.152+0000] {taskinstance.py:2648} INFO - Exporting env vars: AIRFLOW_CTX_DAG_OWNER='sinta' AIRFLOW_CTX_DAG_ID='tugas_workflow_v1' AIRFLOW_CTX_TASK_ID='task_4' AIRFLOW_CTX_EXECUTION_DATE='2023-12-09T00:00:00+00:00' AIRFLOW_CTX_TRY_NUMBER='1' AIRFLOW_CTX_DAG_RUN_ID='scheduled__2023-12-09T00:00:00+00:00'
[2024-05-14T05:28:38.161+0000] {taskinstance.py:430} INFO - ::endgroup::
[2024-05-14T05:28:38.163+0000] {subprocess.py:63} INFO - Tmp dir root location: /tmp
[2024-05-14T05:28:38.165+0000] {subprocess.py:75} INFO - Running command: ['/usr/bin/bash', '-c', 'mkdir -p about_us && touch about_us/about.txt']
[2024-05-14T05:28:38.245+0000] {subprocess.py:86} INFO - Output:
[2024-05-14T05:28:38.312+0000] {subprocess.py:97} INFO - Command exited with return code 0
[2024-05-14T05:28:38.313+0000] {taskinstance.py:441} INFO - ::group::Post task execution logs
[2024-05-14T05:28:38.520+0000] {taskinstance.py:1206} INFO - Marking task as SUCCESS. dag_id=tugas_workflow_v1, task_id=task_4, run_id=scheduled__2023-12-09T00:00:00+00:00, execution_date=20231209T000000, start_date=20240514T052836, end_date=20240514T052838
[2024-05-14T05:28:38.726+0000] {local_task_job_runner.py:240} INFO - Task exited with return code 0
[2024-05-14T05:28:38.790+0000] {taskinstance.py:3498} INFO - 1 downstream tasks scheduled from follow-on schedule check
[2024-05-14T05:28:38.817+0000] {local_task_job_runner.py:222} INFO - ::endgroup::
