[2024-05-14T05:16:31.744+0000] {local_task_job_runner.py:120} INFO - ::group::Pre task execution logs
[2024-05-14T05:16:31.840+0000] {taskinstance.py:2076} INFO - Dependencies all met for dep_context=non-requeueable deps ti=<TaskInstance: tugas_workflow_v1.task_2 scheduled__2023-11-07T00:00:00+00:00 [queued]>
[2024-05-14T05:16:31.861+0000] {taskinstance.py:2076} INFO - Dependencies all met for dep_context=requeueable deps ti=<TaskInstance: tugas_workflow_v1.task_2 scheduled__2023-11-07T00:00:00+00:00 [queued]>
[2024-05-14T05:16:31.868+0000] {taskinstance.py:2306} INFO - Starting attempt 1 of 6
[2024-05-14T05:16:31.958+0000] {taskinstance.py:2330} INFO - Executing <Task(BashOperator): task_2> on 2023-11-07 00:00:00+00:00
[2024-05-14T05:16:31.978+0000] {warnings.py:110} WARNING - /home/***/.local/lib/python3.12/site-packages/***/task/task_runner/standard_task_runner.py:61: DeprecationWarning: This process (pid=1729) is multi-threaded, use of fork() may lead to deadlocks in the child.
  pid = os.fork()

[2024-05-14T05:16:31.995+0000] {standard_task_runner.py:90} INFO - Running: ['***', 'tasks', 'run', 'tugas_workflow_v1', 'task_2', 'scheduled__2023-11-07T00:00:00+00:00', '--job-id', '268', '--raw', '--subdir', 'DAGS_FOLDER/__pycache__/prioritas_1.py', '--cfg-path', '/tmp/tmp6_yfjgul']
[2024-05-14T05:16:32.028+0000] {standard_task_runner.py:63} INFO - Started process 1765 to run task
[2024-05-14T05:16:32.029+0000] {standard_task_runner.py:91} INFO - Job 268: Subtask task_2
[2024-05-14T05:16:32.380+0000] {task_command.py:426} INFO - Running <TaskInstance: tugas_workflow_v1.task_2 scheduled__2023-11-07T00:00:00+00:00 [running]> on host 0391a550332e
[2024-05-14T05:16:32.707+0000] {taskinstance.py:2648} INFO - Exporting env vars: AIRFLOW_CTX_DAG_OWNER='sinta' AIRFLOW_CTX_DAG_ID='tugas_workflow_v1' AIRFLOW_CTX_TASK_ID='task_2' AIRFLOW_CTX_EXECUTION_DATE='2023-11-07T00:00:00+00:00' AIRFLOW_CTX_TRY_NUMBER='1' AIRFLOW_CTX_DAG_RUN_ID='scheduled__2023-11-07T00:00:00+00:00'
[2024-05-14T05:16:32.712+0000] {taskinstance.py:430} INFO - ::endgroup::
[2024-05-14T05:16:32.713+0000] {subprocess.py:63} INFO - Tmp dir root location: /tmp
[2024-05-14T05:16:32.716+0000] {subprocess.py:75} INFO - Running command: ['/usr/bin/bash', '-c', 'mkdir -p about_us']
[2024-05-14T05:16:32.771+0000] {subprocess.py:86} INFO - Output:
[2024-05-14T05:16:32.779+0000] {subprocess.py:97} INFO - Command exited with return code 0
[2024-05-14T05:16:32.782+0000] {taskinstance.py:441} INFO - ::group::Post task execution logs
[2024-05-14T05:16:32.879+0000] {taskinstance.py:1206} INFO - Marking task as SUCCESS. dag_id=tugas_workflow_v1, task_id=task_2, run_id=scheduled__2023-11-07T00:00:00+00:00, execution_date=20231107T000000, start_date=20240514T051631, end_date=20240514T051632
[2024-05-14T05:16:33.208+0000] {local_task_job_runner.py:240} INFO - Task exited with return code 0
[2024-05-14T05:16:33.253+0000] {taskinstance.py:3498} INFO - 1 downstream tasks scheduled from follow-on schedule check
[2024-05-14T05:16:33.272+0000] {local_task_job_runner.py:222} INFO - ::endgroup::
